000 (6481247.000.000) 06/28 16:35:01 Job submitted from host: <188.185.121.235:9618?addrs=188.185.121.235-9618+[2001-1458-d00-49--100-36e]-9618&alias=bigbird22.cern.ch&noUDP&sock=schedd_24508_072a>
...
000 (6481249.000.000) 06/28 16:38:12 Job submitted from host: <188.185.121.235:9618?addrs=188.185.121.235-9618+[2001-1458-d00-49--100-36e]-9618&alias=bigbird22.cern.ch&noUDP&sock=schedd_24508_072a>
...
040 (6481249.000.000) 06/28 16:43:36 Started transferring input files
	Transferring to host: <128.142.161.91:9618?addrs=128.142.161.91-9618+[2001-1458-301-b8--100-19]-9618&alias=b9g03p3548.cern.ch&noUDP&sock=slot1_7_648707_8425_31103>
...
040 (6481249.000.000) 06/28 16:43:36 Finished transferring input files
...
040 (6481247.000.000) 06/28 16:43:36 Started transferring input files
	Transferring to host: <128.142.161.96:9618?addrs=128.142.161.96-9618+[2001-1458-301-b8--100-1e]-9618&alias=b9g03p4133.cern.ch&noUDP&sock=slot1_8_2849570_995e_2482>
...
040 (6481247.000.000) 06/28 16:43:36 Finished transferring input files
...
001 (6481249.000.000) 06/28 16:43:37 Job executing on host: <128.142.161.91:9618?addrs=128.142.161.91-9618+[2001-1458-301-b8--100-19]-9618&alias=b9g03p3548.cern.ch&noUDP&sock=startd_3148_d83a>
	SlotName: slot1_7@b9g03p3548.cern.ch
	CondorScratchDir = "/pool/condor/dir_1789597"
	Cpus = 4
	Disk = 3032805
	Memory = 8000
...
001 (6481247.000.000) 06/28 16:43:37 Job executing on host: <128.142.161.96:9618?addrs=128.142.161.96-9618+[2001-1458-301-b8--100-1e]-9618&alias=b9g03p4133.cern.ch&noUDP&sock=startd_6552_b49b>
	SlotName: slot1_8@b9g03p4133.cern.ch
	CondorScratchDir = "/pool/condor/dir_2385114"
	Cpus = 4
	Disk = 3045499
	Memory = 8000
...
006 (6481247.000.000) 06/28 16:43:38 Image size of job updated: 19876
	4  -  MemoryUsage of job (MB)
	3344  -  ResidentSetSize of job (KB)
...
040 (6481247.000.000) 06/28 16:43:38 Started transferring output files
...
040 (6481247.000.000) 06/28 16:43:38 Finished transferring output files
...
005 (6481247.000.000) 06/28 16:43:38 Job terminated.
	(1) Normal termination (return value 127)
		Usr 0 00:00:00, Sys 0 00:00:00  -  Run Remote Usage
		Usr 0 00:00:00, Sys 0 00:00:00  -  Run Local Usage
		Usr 0 00:00:00, Sys 0 00:00:00  -  Total Remote Usage
		Usr 0 00:00:00, Sys 0 00:00:00  -  Total Local Usage
	466  -  Run Bytes Sent By Job
	157  -  Run Bytes Received By Job
	466  -  Total Bytes Sent By Job
	157  -  Total Bytes Received By Job
	Partitionable Resources :    Usage  Request Allocated 
	   Cpus                 :        0        4         4 
	   Disk (KB)            :       24   700000   3045499 
	   Memory (MB)          :        4     8000      8000 

	Job terminated of its own accord at 2024-06-28T14:43:38Z with exit-code 127.
...
006 (6481249.000.000) 06/28 16:43:38 Image size of job updated: 20244
	4  -  MemoryUsage of job (MB)
	3916  -  ResidentSetSize of job (KB)
...
040 (6481249.000.000) 06/28 16:43:38 Started transferring output files
...
040 (6481249.000.000) 06/28 16:43:38 Finished transferring output files
...
005 (6481249.000.000) 06/28 16:43:38 Job terminated.
	(1) Normal termination (return value 127)
		Usr 0 00:00:00, Sys 0 00:00:00  -  Run Remote Usage
		Usr 0 00:00:00, Sys 0 00:00:00  -  Run Local Usage
		Usr 0 00:00:00, Sys 0 00:00:00  -  Total Remote Usage
		Usr 0 00:00:00, Sys 0 00:00:00  -  Total Local Usage
	466  -  Run Bytes Sent By Job
	157  -  Run Bytes Received By Job
	466  -  Total Bytes Sent By Job
	157  -  Total Bytes Received By Job
	Partitionable Resources :    Usage  Request Allocated 
	   Cpus                 :        0        4         4 
	   Disk (KB)            :       24   700000   3032805 
	   Memory (MB)          :        4     8000      8000 

	Job terminated of its own accord at 2024-06-28T14:43:38Z with exit-code 127.
...
000 (6481255.000.000) 06/28 16:48:48 Job submitted from host: <188.185.121.235:9618?addrs=188.185.121.235-9618+[2001-1458-d00-49--100-36e]-9618&alias=bigbird22.cern.ch&noUDP&sock=schedd_24508_072a>
...
