Defaulting to user installation because normal site-packages is not writeable
Requirement already satisfied: uproot in /raven/u/dvoss/.local/lib/python3.9/site-packages (5.3.10)
Requirement already satisfied: awkward>=2.4.6 in /raven/u/dvoss/.local/lib/python3.9/site-packages (from uproot) (2.6.6)
Requirement already satisfied: typing-extensions>=4.1.0 in /raven/u/dvoss/.local/lib/python3.9/site-packages (from uproot) (4.12.2)
Requirement already satisfied: numpy in /raven/u/dvoss/.local/lib/python3.9/site-packages (from uproot) (1.22.4)
Requirement already satisfied: cramjam>=2.5.0 in /raven/u/dvoss/.local/lib/python3.9/site-packages (from uproot) (2.8.3)
Requirement already satisfied: packaging in /raven/u/system/soft/SLE_15/packages/x86_64/anaconda/3/2021.11/lib/python3.9/site-packages (from uproot) (21.0)
Requirement already satisfied: fsspec in /raven/u/dvoss/.local/lib/python3.9/site-packages (from uproot) (2024.6.1)
Requirement already satisfied: importlib-metadata>=4.13.0 in /raven/u/dvoss/.local/lib/python3.9/site-packages (from awkward>=2.4.6->uproot) (8.0.0)
Requirement already satisfied: awkward-cpp==35 in /raven/u/dvoss/.local/lib/python3.9/site-packages (from awkward>=2.4.6->uproot) (35)
Requirement already satisfied: zipp>=0.5 in /raven/u/system/soft/SLE_15/packages/x86_64/anaconda/3/2021.11/lib/python3.9/site-packages (from importlib-metadata>=4.13.0->awkward>=2.4.6->uproot) (3.6.0)
Requirement already satisfied: pyparsing>=2.0.2 in /raven/u/system/soft/SLE_15/packages/x86_64/anaconda/3/2021.11/lib/python3.9/site-packages (from packaging->uproot) (3.0.4)
Defaulting to user installation because normal site-packages is not writeable
Collecting argparse
  Using cached argparse-1.4.0-py2.py3-none-any.whl (23 kB)
Installing collected packages: argparse
Successfully installed argparse-1.4.0
Defaulting to user installation because normal site-packages is not writeable
Requirement already satisfied: pyslha in /raven/u/dvoss/.local/lib/python3.9/site-packages (3.2.6)
Requirement already satisfied: tex2pix>=0.1.5 in /raven/u/dvoss/.local/lib/python3.9/site-packages (from pyslha) (0.3.1)
Defaulting to user installation because normal site-packages is not writeable
Requirement already satisfied: structlog in /raven/u/dvoss/.local/lib/python3.9/site-packages (24.4.0)
Defaulting to user installation because normal site-packages is not writeable
Requirement already satisfied: imageio[ffmpeg] in /raven/u/system/soft/SLE_15/packages/x86_64/anaconda/3/2021.11/lib/python3.9/site-packages (2.9.0)
Requirement already satisfied: Pillow in /raven/u/system/soft/SLE_15/packages/x86_64/anaconda/3/2021.11/lib/python3.9/site-packages (8.4.0)
Requirement already satisfied: numpy in /raven/u/dvoss/.local/lib/python3.9/site-packages (from imageio[ffmpeg]) (1.22.4)
Requirement already satisfied: imageio-ffmpeg in /raven/u/dvoss/.local/lib/python3.9/site-packages (from imageio[ffmpeg]) (0.5.1)
Requirement already satisfied: setuptools in /raven/u/system/soft/SLE_15/packages/x86_64/anaconda/3/2021.11/lib/python3.9/site-packages (from imageio-ffmpeg->imageio[ffmpeg]) (58.0.4)
Defaulting to user installation because normal site-packages is not writeable
Requirement already satisfied: seaborn in /raven/u/system/soft/SLE_15/packages/x86_64/anaconda/3/2021.11/lib/python3.9/site-packages (0.11.2)
Requirement already satisfied: matplotlib>=2.2 in /raven/u/system/soft/SLE_15/packages/x86_64/anaconda/3/2021.11/lib/python3.9/site-packages (from seaborn) (3.4.3)
Requirement already satisfied: numpy>=1.15 in /raven/u/dvoss/.local/lib/python3.9/site-packages (from seaborn) (1.22.4)
Requirement already satisfied: pandas>=0.23 in /raven/u/system/soft/SLE_15/packages/x86_64/anaconda/3/2021.11/lib/python3.9/site-packages (from seaborn) (1.3.4)
Requirement already satisfied: scipy>=1.0 in /raven/u/system/soft/SLE_15/packages/x86_64/anaconda/3/2021.11/lib/python3.9/site-packages (from seaborn) (1.7.1)
Requirement already satisfied: pyparsing>=2.2.1 in /raven/u/system/soft/SLE_15/packages/x86_64/anaconda/3/2021.11/lib/python3.9/site-packages (from matplotlib>=2.2->seaborn) (3.0.4)
Requirement already satisfied: cycler>=0.10 in /raven/u/system/soft/SLE_15/packages/x86_64/anaconda/3/2021.11/lib/python3.9/site-packages (from matplotlib>=2.2->seaborn) (0.10.0)
Requirement already satisfied: pillow>=6.2.0 in /raven/u/system/soft/SLE_15/packages/x86_64/anaconda/3/2021.11/lib/python3.9/site-packages (from matplotlib>=2.2->seaborn) (8.4.0)
Requirement already satisfied: python-dateutil>=2.7 in /raven/u/system/soft/SLE_15/packages/x86_64/anaconda/3/2021.11/lib/python3.9/site-packages (from matplotlib>=2.2->seaborn) (2.8.2)
Requirement already satisfied: kiwisolver>=1.0.1 in /raven/u/system/soft/SLE_15/packages/x86_64/anaconda/3/2021.11/lib/python3.9/site-packages (from matplotlib>=2.2->seaborn) (1.3.1)
Requirement already satisfied: six in /raven/u/system/soft/SLE_15/packages/x86_64/anaconda/3/2021.11/lib/python3.9/site-packages (from cycler>=0.10->matplotlib>=2.2->seaborn) (1.16.0)
Requirement already satisfied: pytz>=2017.3 in /raven/u/system/soft/SLE_15/packages/x86_64/anaconda/3/2021.11/lib/python3.9/site-packages (from pandas>=0.23->seaborn) (2021.3)
Starting iteration 1
Initial Training points:  tensor([[0.9647, 0.7351],
        [0.1019, 0.9111],
        [0.8717, 0.9066],
        [0.0468, 0.9251],
        [0.4701, 0.5872],
        [0.1279, 0.6364],
        [0.5889, 0.9969],
        [0.1019, 0.5436],
        [0.4153, 0.7228],
        [0.4101, 0.6910],
        [0.7802, 0.6621],
        [0.9893, 0.7288],
        [0.9535, 0.8856],
        [0.4562, 0.6940],
        [0.4799, 0.9554],
        [0.6996, 0.7180],
        [0.0599, 0.6189],
        [0.9855, 0.5652],
        [0.8374, 0.5176],
        [0.6308, 0.9227],
        [0.5831, 0.8001],
        [0.3115, 0.8512],
        [0.2337, 0.5724],
        [0.4235, 0.6310],
        [0.2466, 0.8977],
        [0.9229, 0.8878],
        [0.4679, 0.6797],
        [0.3347, 0.9350],
        [0.3835, 0.8552],
        [0.8467, 0.8634],
        [0.7416, 0.8137],
        [0.7647, 0.8564],
        [0.9797, 0.9393],
        [0.5672, 0.9260],
        [0.5847, 0.9007],
        [0.0139, 0.6003],
        [0.3193, 0.8959],
        [0.2754, 0.8516],
        [0.5327, 0.8367],
        [0.9344, 0.5971],
        [0.7339, 0.5261],
        [0.4396, 0.9178],
        [0.9239, 0.7690],
        [0.8498, 0.7095],
        [0.9250, 0.5892],
        [0.5891, 0.9316],
        [0.3271, 0.5052],
        [0.3176, 0.8305],
        [0.0651, 0.9412],
        [0.9548, 0.6900]], device='cuda:0') torch.Size([50, 2])
These training_points are used in the GP tensor([[0.9647, 0.7351],
        [0.1019, 0.9111],
        [0.8717, 0.9066],
        [0.0468, 0.9251],
        [0.4701, 0.5872],
        [0.1279, 0.6364],
        [0.5889, 0.9969],
        [0.1019, 0.5436],
        [0.4153, 0.7228],
        [0.4101, 0.6910],
        [0.7802, 0.6621],
        [0.9893, 0.7288],
        [0.9535, 0.8856],
        [0.4562, 0.6940],
        [0.4799, 0.9554],
        [0.6996, 0.7180],
        [0.0599, 0.6189],
        [0.9855, 0.5652],
        [0.8374, 0.5176],
        [0.6308, 0.9227],
        [0.5831, 0.8001],
        [0.3115, 0.8512],
        [0.2337, 0.5724],
        [0.4235, 0.6310],
        [0.2466, 0.8977],
        [0.9229, 0.8878],
        [0.4679, 0.6797],
        [0.3347, 0.9350],
        [0.3835, 0.8552],
        [0.8467, 0.8634],
        [0.7416, 0.8137],
        [0.7647, 0.8564],
        [0.9797, 0.9393],
        [0.5672, 0.9260],
        [0.5847, 0.9007],
        [0.0139, 0.6003],
        [0.3193, 0.8959],
        [0.2754, 0.8516],
        [0.5327, 0.8367],
        [0.9344, 0.5971],
        [0.7339, 0.5261],
        [0.4396, 0.9178],
        [0.9239, 0.7690],
        [0.8498, 0.7095],
        [0.9250, 0.5892],
        [0.5891, 0.9316],
        [0.3271, 0.5052],
        [0.3176, 0.8305],
        [0.0651, 0.9412],
        [0.9548, 0.6900]], device='cuda:0')
Iteration 0: x_train shape: torch.Size([50, 2]), y_train shape: torch.Size([50])
Output mean shape: torch.Size([50])
Iter 1 / 1000 - Loss (Train): 1525.454 - Loss (Val): 12.235
Iteration 1: x_train shape: torch.Size([50, 2]), y_train shape: torch.Size([50])
Output mean shape: torch.Size([50])
Iteration 2: x_train shape: torch.Size([50, 2]), y_train shape: torch.Size([50])
Output mean shape: torch.Size([50])
Iteration 3: x_train shape: torch.Size([50, 2]), y_train shape: torch.Size([50])
Output mean shape: torch.Size([50])
Iteration 4: x_train shape: torch.Size([50, 2]), y_train shape: torch.Size([50])
Output mean shape: torch.Size([50])
Iteration 5: x_train shape: torch.Size([50, 2]), y_train shape: torch.Size([50])
Output mean shape: torch.Size([50])
Iteration 6: x_train shape: torch.Size([50, 2]), y_train shape: torch.Size([50])
Output mean shape: torch.Size([50])
Iteration 7: x_train shape: torch.Size([50, 2]), y_train shape: torch.Size([50])
Output mean shape: torch.Size([50])
Iteration 8: x_train shape: torch.Size([50, 2]), y_train shape: torch.Size([50])
Output mean shape: torch.Size([50])
Iteration 9: x_train shape: torch.Size([50, 2]), y_train shape: torch.Size([50])
Output mean shape: torch.Size([50])
Iteration 10: x_train shape: torch.Size([50, 2]), y_train shape: torch.Size([50])
Output mean shape: torch.Size([50])
Iteration 11: x_train shape: torch.Size([50, 2]), y_train shape: torch.Size([50])
Output mean shape: torch.Size([50])
Iteration 12: x_train shape: torch.Size([50, 2]), y_train shape: torch.Size([50])
Output mean shape: torch.Size([50])
Iteration 13: x_train shape: torch.Size([50, 2]), y_train shape: torch.Size([50])
Output mean shape: torch.Size([50])
Iteration 14: x_train shape: torch.Size([50, 2]), y_train shape: torch.Size([50])
Output mean shape: torch.Size([50])
Iteration 15: x_train shape: torch.Size([50, 2]), y_train shape: torch.Size([50])
Output mean shape: torch.Size([50])
Iteration 16: x_train shape: torch.Size([50, 2]), y_train shape: torch.Size([50])
Output mean shape: torch.Size([50])
Iteration 17: x_train shape: torch.Size([50, 2]), y_train shape: torch.Size([50])
Output mean shape: torch.Size([50])
Iteration 18: x_train shape: torch.Size([50, 2]), y_train shape: torch.Size([50])
Output mean shape: torch.Size([50])
Iteration 19: x_train shape: torch.Size([50, 2]), y_train shape: torch.Size([50])
Output mean shape: torch.Size([50])
Iteration 20: x_train shape: torch.Size([50, 2]), y_train shape: torch.Size([50])
Output mean shape: torch.Size([50])
Iteration 21: x_train shape: torch.Size([50, 2]), y_train shape: torch.Size([50])
Output mean shape: torch.Size([50])
Iteration 22: x_train shape: torch.Size([50, 2]), y_train shape: torch.Size([50])
Output mean shape: torch.Size([50])
Iteration 23: x_train shape: torch.Size([50, 2]), y_train shape: torch.Size([50])
Output mean shape: torch.Size([50])
Iteration 24: x_train shape: torch.Size([50, 2]), y_train shape: torch.Size([50])
Output mean shape: torch.Size([50])
Iteration 25: x_train shape: torch.Size([50, 2]), y_train shape: torch.Size([50])
Output mean shape: torch.Size([50])
Iteration 26: x_train shape: torch.Size([50, 2]), y_train shape: torch.Size([50])
Output mean shape: torch.Size([50])
Iteration 27: x_train shape: torch.Size([50, 2]), y_train shape: torch.Size([50])
Output mean shape: torch.Size([50])
Iteration 28: x_train shape: torch.Size([50, 2]), y_train shape: torch.Size([50])
Output mean shape: torch.Size([50])
Iteration 29: x_train shape: torch.Size([50, 2]), y_train shape: torch.Size([50])
Output mean shape: torch.Size([50])
Iteration 30: x_train shape: torch.Size([50, 2]), y_train shape: torch.Size([50])
Output mean shape: torch.Size([50])
Iteration 31: x_train shape: torch.Size([50, 2]), y_train shape: torch.Size([50])
Output mean shape: torch.Size([50])
Iteration 32: x_train shape: torch.Size([50, 2]), y_train shape: torch.Size([50])
Output mean shape: torch.Size([50])
Iteration 33: x_train shape: torch.Size([50, 2]), y_train shape: torch.Size([50])
Output mean shape: torch.Size([50])
Iteration 34: x_train shape: torch.Size([50, 2]), y_train shape: torch.Size([50])
Output mean shape: torch.Size([50])
Iteration 35: x_train shape: torch.Size([50, 2]), y_train shape: torch.Size([50])
Output mean shape: torch.Size([50])
Iteration 36: x_train shape: torch.Size([50, 2]), y_train shape: torch.Size([50])
Output mean shape: torch.Size([50])
Iteration 37: x_train shape: torch.Size([50, 2]), y_train shape: torch.Size([50])
Output mean shape: torch.Size([50])
Iteration 38: x_train shape: torch.Size([50, 2]), y_train shape: torch.Size([50])
Output mean shape: torch.Size([50])
Iteration 39: x_train shape: torch.Size([50, 2]), y_train shape: torch.Size([50])
Output mean shape: torch.Size([50])
Iteration 40: x_train shape: torch.Size([50, 2]), y_train shape: torch.Size([50])
Output mean shape: torch.Size([50])
Iteration 41: x_train shape: torch.Size([50, 2]), y_train shape: torch.Size([50])
Output mean shape: torch.Size([50])
Iteration 42: x_train shape: torch.Size([50, 2]), y_train shape: torch.Size([50])
Output mean shape: torch.Size([50])
Iteration 43: x_train shape: torch.Size([50, 2]), y_train shape: torch.Size([50])
Output mean shape: torch.Size([50])
Iteration 44: x_train shape: torch.Size([50, 2]), y_train shape: torch.Size([50])
Output mean shape: torch.Size([50])
Iteration 45: x_train shape: torch.Size([50, 2]), y_train shape: torch.Size([50])
Output mean shape: torch.Size([50])
Iteration 46: x_train shape: torch.Size([50, 2]), y_train shape: torch.Size([50])
Output mean shape: torch.Size([50])
Iteration 47: x_train shape: torch.Size([50, 2]), y_train shape: torch.Size([50])
Output mean shape: torch.Size([50])
Iteration 48: x_train shape: torch.Size([50, 2]), y_train shape: torch.Size([50])
Output mean shape: torch.Size([50])
Iteration 49: x_train shape: torch.Size([50, 2]), y_train shape: torch.Size([50])
Output mean shape: torch.Size([50])
Iteration 50: x_train shape: torch.Size([50, 2]), y_train shape: torch.Size([50])
Output mean shape: torch.Size([50])
Iteration 51: x_train shape: torch.Size([50, 2]), y_train shape: torch.Size([50])
Output mean shape: torch.Size([50])
Iteration 52: x_train shape: torch.Size([50, 2]), y_train shape: torch.Size([50])
Output mean shape: torch.Size([50])
Iteration 53: x_train shape: torch.Size([50, 2]), y_train shape: torch.Size([50])
Output mean shape: torch.Size([50])
Iteration 54: x_train shape: torch.Size([50, 2]), y_train shape: torch.Size([50])
Output mean shape: torch.Size([50])
Iteration 55: x_train shape: torch.Size([50, 2]), y_train shape: torch.Size([50])
Output mean shape: torch.Size([50])
Iteration 56: x_train shape: torch.Size([50, 2]), y_train shape: torch.Size([50])
Output mean shape: torch.Size([50])
Iteration 57: x_train shape: torch.Size([50, 2]), y_train shape: torch.Size([50])
Output mean shape: torch.Size([50])
Iteration 58: x_train shape: torch.Size([50, 2]), y_train shape: torch.Size([50])
Output mean shape: torch.Size([50])
Iteration 59: x_train shape: torch.Size([50, 2]), y_train shape: torch.Size([50])
Output mean shape: torch.Size([50])
Iteration 60: x_train shape: torch.Size([50, 2]), y_train shape: torch.Size([50])
Output mean shape: torch.Size([50])
Iteration 61: x_train shape: torch.Size([50, 2]), y_train shape: torch.Size([50])
Output mean shape: torch.Size([50])
Iteration 62: x_train shape: torch.Size([50, 2]), y_train shape: torch.Size([50])
Output mean shape: torch.Size([50])
Iteration 63: x_train shape: torch.Size([50, 2]), y_train shape: torch.Size([50])
Output mean shape: torch.Size([50])
Iteration 64: x_train shape: torch.Size([50, 2]), y_train shape: torch.Size([50])
Output mean shape: torch.Size([50])
Iteration 65: x_train shape: torch.Size([50, 2]), y_train shape: torch.Size([50])
Output mean shape: torch.Size([50])
Iteration 66: x_train shape: torch.Size([50, 2]), y_train shape: torch.Size([50])
Output mean shape: torch.Size([50])
Iteration 67: x_train shape: torch.Size([50, 2]), y_train shape: torch.Size([50])
Output mean shape: torch.Size([50])
Iteration 68: x_train shape: torch.Size([50, 2]), y_train shape: torch.Size([50])
Output mean shape: torch.Size([50])
Iteration 69: x_train shape: torch.Size([50, 2]), y_train shape: torch.Size([50])
Output mean shape: torch.Size([50])
Iteration 70: x_train shape: torch.Size([50, 2]), y_train shape: torch.Size([50])
Output mean shape: torch.Size([50])
Iteration 71: x_train shape: torch.Size([50, 2]), y_train shape: torch.Size([50])
Output mean shape: torch.Size([50])
Iteration 72: x_train shape: torch.Size([50, 2]), y_train shape: torch.Size([50])
Output mean shape: torch.Size([50])
Iteration 73: x_train shape: torch.Size([50, 2]), y_train shape: torch.Size([50])
Output mean shape: torch.Size([50])
Iteration 74: x_train shape: torch.Size([50, 2]), y_train shape: torch.Size([50])
Output mean shape: torch.Size([50])
Iteration 75: x_train shape: torch.Size([50, 2]), y_train shape: torch.Size([50])
Output mean shape: torch.Size([50])
Iteration 76: x_train shape: torch.Size([50, 2]), y_train shape: torch.Size([50])
Output mean shape: torch.Size([50])
Iteration 77: x_train shape: torch.Size([50, 2]), y_train shape: torch.Size([50])
Output mean shape: torch.Size([50])
Iteration 78: x_train shape: torch.Size([50, 2]), y_train shape: torch.Size([50])
Output mean shape: torch.Size([50])
Iteration 79: x_train shape: torch.Size([50, 2]), y_train shape: torch.Size([50])
Output mean shape: torch.Size([50])
Iteration 80: x_train shape: torch.Size([50, 2]), y_train shape: torch.Size([50])
Output mean shape: torch.Size([50])
Iteration 81: x_train shape: torch.Size([50, 2]), y_train shape: torch.Size([50])
Output mean shape: torch.Size([50])
Iteration 82: x_train shape: torch.Size([50, 2]), y_train shape: torch.Size([50])
Output mean shape: torch.Size([50])
Iteration 83: x_train shape: torch.Size([50, 2]), y_train shape: torch.Size([50])
Output mean shape: torch.Size([50])
Iteration 84: x_train shape: torch.Size([50, 2]), y_train shape: torch.Size([50])
Output mean shape: torch.Size([50])
Iteration 85: x_train shape: torch.Size([50, 2]), y_train shape: torch.Size([50])
Output mean shape: torch.Size([50])
Iteration 86: x_train shape: torch.Size([50, 2]), y_train shape: torch.Size([50])
Output mean shape: torch.Size([50])
Iteration 87: x_train shape: torch.Size([50, 2]), y_train shape: torch.Size([50])
Output mean shape: torch.Size([50])
Iteration 88: x_train shape: torch.Size([50, 2]), y_train shape: torch.Size([50])
Output mean shape: torch.Size([50])
Iteration 89: x_train shape: torch.Size([50, 2]), y_train shape: torch.Size([50])
Output mean shape: torch.Size([50])
Iteration 90: x_train shape: torch.Size([50, 2]), y_train shape: torch.Size([50])
Output mean shape: torch.Size([50])
Iteration 91: x_train shape: torch.Size([50, 2]), y_train shape: torch.Size([50])
Output mean shape: torch.Size([50])
Iteration 92: x_train shape: torch.Size([50, 2]), y_train shape: torch.Size([50])
Output mean shape: torch.Size([50])
Iteration 93: x_train shape: torch.Size([50, 2]), y_train shape: torch.Size([50])
Output mean shape: torch.Size([50])
Iteration 94: x_train shape: torch.Size([50, 2]), y_train shape: torch.Size([50])
Output mean shape: torch.Size([50])
Iteration 95: x_train shape: torch.Size([50, 2]), y_train shape: torch.Size([50])
Output mean shape: torch.Size([50])
Iteration 96: x_train shape: torch.Size([50, 2]), y_train shape: torch.Size([50])
Output mean shape: torch.Size([50])
Iteration 97: x_train shape: torch.Size([50, 2]), y_train shape: torch.Size([50])
Output mean shape: torch.Size([50])
Iteration 98: x_train shape: torch.Size([50, 2]), y_train shape: torch.Size([50])
Output mean shape: torch.Size([50])
Iteration 99: x_train shape: torch.Size([50, 2]), y_train shape: torch.Size([50])
Output mean shape: torch.Size([50])
Iteration 100: x_train shape: torch.Size([50, 2]), y_train shape: torch.Size([50])
Output mean shape: torch.Size([50])
Iter 101 / 1000 - Loss (Train): 140.297 - Loss (Val): 2.542
Iteration 101: x_train shape: torch.Size([50, 2]), y_train shape: torch.Size([50])
Output mean shape: torch.Size([50])
Iteration 102: x_train shape: torch.Size([50, 2]), y_train shape: torch.Size([50])
Output mean shape: torch.Size([50])
Iteration 103: x_train shape: torch.Size([50, 2]), y_train shape: torch.Size([50])
Output mean shape: torch.Size([50])
Iteration 104: x_train shape: torch.Size([50, 2]), y_train shape: torch.Size([50])
Output mean shape: torch.Size([50])
Iteration 105: x_train shape: torch.Size([50, 2]), y_train shape: torch.Size([50])
Output mean shape: torch.Size([50])
Iteration 106: x_train shape: torch.Size([50, 2]), y_train shape: torch.Size([50])
Output mean shape: torch.Size([50])
Iteration 107: x_train shape: torch.Size([50, 2]), y_train shape: torch.Size([50])
Output mean shape: torch.Size([50])
Iteration 108: x_train shape: torch.Size([50, 2]), y_train shape: torch.Size([50])
Output mean shape: torch.Size([50])
Iteration 109: x_train shape: torch.Size([50, 2]), y_train shape: torch.Size([50])
Output mean shape: torch.Size([50])
Iteration 110: x_train shape: torch.Size([50, 2]), y_train shape: torch.Size([50])
Output mean shape: torch.Size([50])
Iteration 111: x_train shape: torch.Size([50, 2]), y_train shape: torch.Size([50])
Output mean shape: torch.Size([50])
Iteration 112: x_train shape: torch.Size([50, 2]), y_train shape: torch.Size([50])
Output mean shape: torch.Size([50])
Iteration 113: x_train shape: torch.Size([50, 2]), y_train shape: torch.Size([50])
Output mean shape: torch.Size([50])
Iteration 114: x_train shape: torch.Size([50, 2]), y_train shape: torch.Size([50])
Output mean shape: torch.Size([50])
Iteration 115: x_train shape: torch.Size([50, 2]), y_train shape: torch.Size([50])
Output mean shape: torch.Size([50])
Iteration 116: x_train shape: torch.Size([50, 2]), y_train shape: torch.Size([50])
Output mean shape: torch.Size([50])
Iteration 117: x_train shape: torch.Size([50, 2]), y_train shape: torch.Size([50])
Output mean shape: torch.Size([50])
Iteration 118: x_train shape: torch.Size([50, 2]), y_train shape: torch.Size([50])
Output mean shape: torch.Size([50])
Iteration 119: x_train shape: torch.Size([50, 2]), y_train shape: torch.Size([50])
Output mean shape: torch.Size([50])
Iteration 120: x_train shape: torch.Size([50, 2]), y_train shape: torch.Size([50])
Output mean shape: torch.Size([50])
Iteration 121: x_train shape: torch.Size([50, 2]), y_train shape: torch.Size([50])
Output mean shape: torch.Size([50])
Iteration 122: x_train shape: torch.Size([50, 2]), y_train shape: torch.Size([50])
Output mean shape: torch.Size([50])
Iteration 123: x_train shape: torch.Size([50, 2]), y_train shape: torch.Size([50])
Output mean shape: torch.Size([50])
Iteration 124: x_train shape: torch.Size([50, 2]), y_train shape: torch.Size([50])
Output mean shape: torch.Size([50])
Iteration 125: x_train shape: torch.Size([50, 2]), y_train shape: torch.Size([50])
Output mean shape: torch.Size([50])
Iteration 126: x_train shape: torch.Size([50, 2]), y_train shape: torch.Size([50])
Output mean shape: torch.Size([50])
Iteration 127: x_train shape: torch.Size([50, 2]), y_train shape: torch.Size([50])
Output mean shape: torch.Size([50])
Iteration 128: x_train shape: torch.Size([50, 2]), y_train shape: torch.Size([50])
Output mean shape: torch.Size([50])
Iteration 129: x_train shape: torch.Size([50, 2]), y_train shape: torch.Size([50])
Output mean shape: torch.Size([50])
Iteration 130: x_train shape: torch.Size([50, 2]), y_train shape: torch.Size([50])
Output mean shape: torch.Size([50])
Iteration 131: x_train shape: torch.Size([50, 2]), y_train shape: torch.Size([50])
Output mean shape: torch.Size([50])
Iteration 132: x_train shape: torch.Size([50, 2]), y_train shape: torch.Size([50])
Output mean shape: torch.Size([50])
Iteration 133: x_train shape: torch.Size([50, 2]), y_train shape: torch.Size([50])
Output mean shape: torch.Size([50])
Iteration 134: x_train shape: torch.Size([50, 2]), y_train shape: torch.Size([50])
Output mean shape: torch.Size([50])
Iteration 135: x_train shape: torch.Size([50, 2]), y_train shape: torch.Size([50])
Output mean shape: torch.Size([50])
Iteration 136: x_train shape: torch.Size([50, 2]), y_train shape: torch.Size([50])
Output mean shape: torch.Size([50])
Iteration 137: x_train shape: torch.Size([50, 2]), y_train shape: torch.Size([50])
Output mean shape: torch.Size([50])
Iteration 138: x_train shape: torch.Size([50, 2]), y_train shape: torch.Size([50])
Output mean shape: torch.Size([50])
Iteration 139: x_train shape: torch.Size([50, 2]), y_train shape: torch.Size([50])
Output mean shape: torch.Size([50])
Iteration 140: x_train shape: torch.Size([50, 2]), y_train shape: torch.Size([50])
Output mean shape: torch.Size([50])
Iteration 141: x_train shape: torch.Size([50, 2]), y_train shape: torch.Size([50])
Output mean shape: torch.Size([50])
Iteration 142: x_train shape: torch.Size([50, 2]), y_train shape: torch.Size([50])
Output mean shape: torch.Size([50])
Iteration 143: x_train shape: torch.Size([50, 2]), y_train shape: torch.Size([50])
Output mean shape: torch.Size([50])
Iteration 144: x_train shape: torch.Size([50, 2]), y_train shape: torch.Size([50])
Output mean shape: torch.Size([50])
Iteration 145: x_train shape: torch.Size([50, 2]), y_train shape: torch.Size([50])
Output mean shape: torch.Size([50])
Iteration 146: x_train shape: torch.Size([50, 2]), y_train shape: torch.Size([50])
Output mean shape: torch.Size([50])
Iteration 147: x_train shape: torch.Size([50, 2]), y_train shape: torch.Size([50])
Output mean shape: torch.Size([50])
Iteration 148: x_train shape: torch.Size([50, 2]), y_train shape: torch.Size([50])
Output mean shape: torch.Size([50])
Iteration 149: x_train shape: torch.Size([50, 2]), y_train shape: torch.Size([50])
Output mean shape: torch.Size([50])
Iteration 150: x_train shape: torch.Size([50, 2]), y_train shape: torch.Size([50])
Output mean shape: torch.Size([50])
Iteration 151: x_train shape: torch.Size([50, 2]), y_train shape: torch.Size([50])
Output mean shape: torch.Size([50])
Iteration 152: x_train shape: torch.Size([50, 2]), y_train shape: torch.Size([50])
Output mean shape: torch.Size([50])
Iteration 153: x_train shape: torch.Size([50, 2]), y_train shape: torch.Size([50])
Output mean shape: torch.Size([50])
Iteration 154: x_train shape: torch.Size([50, 2]), y_train shape: torch.Size([50])
Output mean shape: torch.Size([50])
Iteration 155: x_train shape: torch.Size([50, 2]), y_train shape: torch.Size([50])
Output mean shape: torch.Size([50])
Iteration 156: x_train shape: torch.Size([50, 2]), y_train shape: torch.Size([50])
Output mean shape: torch.Size([50])
Iteration 157: x_train shape: torch.Size([50, 2]), y_train shape: torch.Size([50])
Output mean shape: torch.Size([50])
Iteration 158: x_train shape: torch.Size([50, 2]), y_train shape: torch.Size([50])
Output mean shape: torch.Size([50])
Iteration 159: x_train shape: torch.Size([50, 2]), y_train shape: torch.Size([50])
Output mean shape: torch.Size([50])
Iteration 160: x_train shape: torch.Size([50, 2]), y_train shape: torch.Size([50])
Output mean shape: torch.Size([50])
Iteration 161: x_train shape: torch.Size([50, 2]), y_train shape: torch.Size([50])
Output mean shape: torch.Size([50])
Iteration 162: x_train shape: torch.Size([50, 2]), y_train shape: torch.Size([50])
Output mean shape: torch.Size([50])
Iteration 163: x_train shape: torch.Size([50, 2]), y_train shape: torch.Size([50])
Output mean shape: torch.Size([50])
Iteration 164: x_train shape: torch.Size([50, 2]), y_train shape: torch.Size([50])
Output mean shape: torch.Size([50])
Iteration 165: x_train shape: torch.Size([50, 2]), y_train shape: torch.Size([50])
Output mean shape: torch.Size([50])
Iteration 166: x_train shape: torch.Size([50, 2]), y_train shape: torch.Size([50])
Output mean shape: torch.Size([50])
Iteration 167: x_train shape: torch.Size([50, 2]), y_train shape: torch.Size([50])
Output mean shape: torch.Size([50])
Iteration 168: x_train shape: torch.Size([50, 2]), y_train shape: torch.Size([50])
Output mean shape: torch.Size([50])
Iteration 169: x_train shape: torch.Size([50, 2]), y_train shape: torch.Size([50])
Output mean shape: torch.Size([50])
Iteration 170: x_train shape: torch.Size([50, 2]), y_train shape: torch.Size([50])
Output mean shape: torch.Size([50])
Iteration 171: x_train shape: torch.Size([50, 2]), y_train shape: torch.Size([50])
Output mean shape: torch.Size([50])
Iteration 172: x_train shape: torch.Size([50, 2]), y_train shape: torch.Size([50])
Output mean shape: torch.Size([50])
Iteration 173: x_train shape: torch.Size([50, 2]), y_train shape: torch.Size([50])
Output mean shape: torch.Size([50])
Iteration 174: x_train shape: torch.Size([50, 2]), y_train shape: torch.Size([50])
Output mean shape: torch.Size([50])
Iteration 175: x_train shape: torch.Size([50, 2]), y_train shape: torch.Size([50])
Output mean shape: torch.Size([50])
Iteration 176: x_train shape: torch.Size([50, 2]), y_train shape: torch.Size([50])
Output mean shape: torch.Size([50])
Iteration 177: x_train shape: torch.Size([50, 2]), y_train shape: torch.Size([50])
Output mean shape: torch.Size([50])
Iteration 178: x_train shape: torch.Size([50, 2]), y_train shape: torch.Size([50])
Output mean shape: torch.Size([50])
Iteration 179: x_train shape: torch.Size([50, 2]), y_train shape: torch.Size([50])
Output mean shape: torch.Size([50])
Iteration 180: x_train shape: torch.Size([50, 2]), y_train shape: torch.Size([50])
Output mean shape: torch.Size([50])
Iteration 181: x_train shape: torch.Size([50, 2]), y_train shape: torch.Size([50])
Output mean shape: torch.Size([50])
Iteration 182: x_train shape: torch.Size([50, 2]), y_train shape: torch.Size([50])
Output mean shape: torch.Size([50])
Iteration 183: x_train shape: torch.Size([50, 2]), y_train shape: torch.Size([50])
Output mean shape: torch.Size([50])
Iteration 184: x_train shape: torch.Size([50, 2]), y_train shape: torch.Size([50])
Output mean shape: torch.Size([50])
Iteration 185: x_train shape: torch.Size([50, 2]), y_train shape: torch.Size([50])
Output mean shape: torch.Size([50])
Iteration 186: x_train shape: torch.Size([50, 2]), y_train shape: torch.Size([50])
Output mean shape: torch.Size([50])
Iteration 187: x_train shape: torch.Size([50, 2]), y_train shape: torch.Size([50])
Output mean shape: torch.Size([50])
Iteration 188: x_train shape: torch.Size([50, 2]), y_train shape: torch.Size([50])
Output mean shape: torch.Size([50])
Iteration 189: x_train shape: torch.Size([50, 2]), y_train shape: torch.Size([50])
Output mean shape: torch.Size([50])
Iteration 190: x_train shape: torch.Size([50, 2]), y_train shape: torch.Size([50])
Output mean shape: torch.Size([50])
Iteration 191: x_train shape: torch.Size([50, 2]), y_train shape: torch.Size([50])
Output mean shape: torch.Size([50])
Iteration 192: x_train shape: torch.Size([50, 2]), y_train shape: torch.Size([50])
Output mean shape: torch.Size([50])
Iteration 193: x_train shape: torch.Size([50, 2]), y_train shape: torch.Size([50])
Output mean shape: torch.Size([50])
Iteration 194: x_train shape: torch.Size([50, 2]), y_train shape: torch.Size([50])
Output mean shape: torch.Size([50])
Iteration 195: x_train shape: torch.Size([50, 2]), y_train shape: torch.Size([50])
Output mean shape: torch.Size([50])
Iteration 196: x_train shape: torch.Size([50, 2]), y_train shape: torch.Size([50])
Output mean shape: torch.Size([50])
Iteration 197: x_train shape: torch.Size([50, 2]), y_train shape: torch.Size([50])
Output mean shape: torch.Size([50])
Iteration 198: x_train shape: torch.Size([50, 2]), y_train shape: torch.Size([50])
Output mean shape: torch.Size([50])
Iteration 199: x_train shape: torch.Size([50, 2]), y_train shape: torch.Size([50])
Output mean shape: torch.Size([50])
Iteration 200: x_train shape: torch.Size([50, 2]), y_train shape: torch.Size([50])
Output mean shape: torch.Size([50])
Iter 201 / 1000 - Loss (Train): 21.587 - Loss (Val): 1.958
Iteration 201: x_train shape: torch.Size([50, 2]), y_train shape: torch.Size([50])
Output mean shape: torch.Size([50])
Iteration 202: x_train shape: torch.Size([50, 2]), y_train shape: torch.Size([50])
Output mean shape: torch.Size([50])
Iteration 203: x_train shape: torch.Size([50, 2]), y_train shape: torch.Size([50])
Output mean shape: torch.Size([50])
Iteration 204: x_train shape: torch.Size([50, 2]), y_train shape: torch.Size([50])
Output mean shape: torch.Size([50])
Iteration 205: x_train shape: torch.Size([50, 2]), y_train shape: torch.Size([50])
Output mean shape: torch.Size([50])
Iteration 206: x_train shape: torch.Size([50, 2]), y_train shape: torch.Size([50])
Output mean shape: torch.Size([50])
Iteration 207: x_train shape: torch.Size([50, 2]), y_train shape: torch.Size([50])
Output mean shape: torch.Size([50])
Iteration 208: x_train shape: torch.Size([50, 2]), y_train shape: torch.Size([50])
Output mean shape: torch.Size([50])
Iteration 209: x_train shape: torch.Size([50, 2]), y_train shape: torch.Size([50])
Output mean shape: torch.Size([50])
Iteration 210: x_train shape: torch.Size([50, 2]), y_train shape: torch.Size([50])
Output mean shape: torch.Size([50])
Iteration 211: x_train shape: torch.Size([50, 2]), y_train shape: torch.Size([50])
Output mean shape: torch.Size([50])
Iteration 212: x_train shape: torch.Size([50, 2]), y_train shape: torch.Size([50])
Output mean shape: torch.Size([50])
Iteration 213: x_train shape: torch.Size([50, 2]), y_train shape: torch.Size([50])
Output mean shape: torch.Size([50])
Iteration 214: x_train shape: torch.Size([50, 2]), y_train shape: torch.Size([50])
Output mean shape: torch.Size([50])
Iteration 215: x_train shape: torch.Size([50, 2]), y_train shape: torch.Size([50])
Output mean shape: torch.Size([50])
Iteration 216: x_train shape: torch.Size([50, 2]), y_train shape: torch.Size([50])
Output mean shape: torch.Size([50])
Iteration 217: x_train shape: torch.Size([50, 2]), y_train shape: torch.Size([50])
Output mean shape: torch.Size([50])
Iteration 218: x_train shape: torch.Size([50, 2]), y_train shape: torch.Size([50])
Output mean shape: torch.Size([50])
Iteration 219: x_train shape: torch.Size([50, 2]), y_train shape: torch.Size([50])
Output mean shape: torch.Size([50])
Iteration 220: x_train shape: torch.Size([50, 2]), y_train shape: torch.Size([50])
Output mean shape: torch.Size([50])
Iteration 221: x_train shape: torch.Size([50, 2]), y_train shape: torch.Size([50])
Output mean shape: torch.Size([50])
Iteration 222: x_train shape: torch.Size([50, 2]), y_train shape: torch.Size([50])
Output mean shape: torch.Size([50])
Iteration 223: x_train shape: torch.Size([50, 2]), y_train shape: torch.Size([50])
Output mean shape: torch.Size([50])
Iteration 224: x_train shape: torch.Size([50, 2]), y_train shape: torch.Size([50])
Output mean shape: torch.Size([50])
Iteration 225: x_train shape: torch.Size([50, 2]), y_train shape: torch.Size([50])
Output mean shape: torch.Size([50])
Iteration 226: x_train shape: torch.Size([50, 2]), y_train shape: torch.Size([50])
Output mean shape: torch.Size([50])
Iteration 227: x_train shape: torch.Size([50, 2]), y_train shape: torch.Size([50])
Output mean shape: torch.Size([50])
Iteration 228: x_train shape: torch.Size([50, 2]), y_train shape: torch.Size([50])
Output mean shape: torch.Size([50])
Iteration 229: x_train shape: torch.Size([50, 2]), y_train shape: torch.Size([50])
Output mean shape: torch.Size([50])
Iteration 230: x_train shape: torch.Size([50, 2]), y_train shape: torch.Size([50])
Output mean shape: torch.Size([50])
Iteration 231: x_train shape: torch.Size([50, 2]), y_train shape: torch.Size([50])
Output mean shape: torch.Size([50])
Iteration 232: x_train shape: torch.Size([50, 2]), y_train shape: torch.Size([50])
Output mean shape: torch.Size([50])
Iteration 233: x_train shape: torch.Size([50, 2]), y_train shape: torch.Size([50])
Output mean shape: torch.Size([50])
Iteration 234: x_train shape: torch.Size([50, 2]), y_train shape: torch.Size([50])
Output mean shape: torch.Size([50])
Iteration 235: x_train shape: torch.Size([50, 2]), y_train shape: torch.Size([50])
Output mean shape: torch.Size([50])
Iteration 236: x_train shape: torch.Size([50, 2]), y_train shape: torch.Size([50])
Output mean shape: torch.Size([50])
Iteration 237: x_train shape: torch.Size([50, 2]), y_train shape: torch.Size([50])
Output mean shape: torch.Size([50])
Iteration 238: x_train shape: torch.Size([50, 2]), y_train shape: torch.Size([50])
Output mean shape: torch.Size([50])
Iteration 239: x_train shape: torch.Size([50, 2]), y_train shape: torch.Size([50])
Output mean shape: torch.Size([50])
Iteration 240: x_train shape: torch.Size([50, 2]), y_train shape: torch.Size([50])
Output mean shape: torch.Size([50])
Iteration 241: x_train shape: torch.Size([50, 2]), y_train shape: torch.Size([50])
Output mean shape: torch.Size([50])
Iteration 242: x_train shape: torch.Size([50, 2]), y_train shape: torch.Size([50])
Output mean shape: torch.Size([50])
Iteration 243: x_train shape: torch.Size([50, 2]), y_train shape: torch.Size([50])
Output mean shape: torch.Size([50])
Iteration 244: x_train shape: torch.Size([50, 2]), y_train shape: torch.Size([50])
Output mean shape: torch.Size([50])
Iteration 245: x_train shape: torch.Size([50, 2]), y_train shape: torch.Size([50])
Output mean shape: torch.Size([50])
Iteration 246: x_train shape: torch.Size([50, 2]), y_train shape: torch.Size([50])
Output mean shape: torch.Size([50])
Iteration 247: x_train shape: torch.Size([50, 2]), y_train shape: torch.Size([50])
Output mean shape: torch.Size([50])
Iteration 248: x_train shape: torch.Size([50, 2]), y_train shape: torch.Size([50])
Output mean shape: torch.Size([50])
Iteration 249: x_train shape: torch.Size([50, 2]), y_train shape: torch.Size([50])
Output mean shape: torch.Size([50])
Iteration 250: x_train shape: torch.Size([50, 2]), y_train shape: torch.Size([50])
Output mean shape: torch.Size([50])
Iteration 251: x_train shape: torch.Size([50, 2]), y_train shape: torch.Size([50])
Output mean shape: torch.Size([50])
Iteration 252: x_train shape: torch.Size([50, 2]), y_train shape: torch.Size([50])
Output mean shape: torch.Size([50])
Iteration 253: x_train shape: torch.Size([50, 2]), y_train shape: torch.Size([50])
Output mean shape: torch.Size([50])
Iteration 254: x_train shape: torch.Size([50, 2]), y_train shape: torch.Size([50])
Output mean shape: torch.Size([50])
Iteration 255: x_train shape: torch.Size([50, 2]), y_train shape: torch.Size([50])
Output mean shape: torch.Size([50])
Iteration 256: x_train shape: torch.Size([50, 2]), y_train shape: torch.Size([50])
Output mean shape: torch.Size([50])
Iteration 257: x_train shape: torch.Size([50, 2]), y_train shape: torch.Size([50])
Output mean shape: torch.Size([50])
Iteration 258: x_train shape: torch.Size([50, 2]), y_train shape: torch.Size([50])
Output mean shape: torch.Size([50])
Iteration 259: x_train shape: torch.Size([50, 2]), y_train shape: torch.Size([50])
Output mean shape: torch.Size([50])
Iteration 260: x_train shape: torch.Size([50, 2]), y_train shape: torch.Size([50])
Output mean shape: torch.Size([50])
Iteration 261: x_train shape: torch.Size([50, 2]), y_train shape: torch.Size([50])
Output mean shape: torch.Size([50])
Iteration 262: x_train shape: torch.Size([50, 2]), y_train shape: torch.Size([50])
Output mean shape: torch.Size([50])
Iteration 263: x_train shape: torch.Size([50, 2]), y_train shape: torch.Size([50])
Output mean shape: torch.Size([50])
Iteration 264: x_train shape: torch.Size([50, 2]), y_train shape: torch.Size([50])
Output mean shape: torch.Size([50])
Iteration 265: x_train shape: torch.Size([50, 2]), y_train shape: torch.Size([50])
Output mean shape: torch.Size([50])
Iteration 266: x_train shape: torch.Size([50, 2]), y_train shape: torch.Size([50])
Output mean shape: torch.Size([50])
Iteration 267: x_train shape: torch.Size([50, 2]), y_train shape: torch.Size([50])
Output mean shape: torch.Size([50])
Iteration 268: x_train shape: torch.Size([50, 2]), y_train shape: torch.Size([50])
Output mean shape: torch.Size([50])
Iteration 269: x_train shape: torch.Size([50, 2]), y_train shape: torch.Size([50])
Output mean shape: torch.Size([50])
Iteration 270: x_train shape: torch.Size([50, 2]), y_train shape: torch.Size([50])
Output mean shape: torch.Size([50])
Iteration 271: x_train shape: torch.Size([50, 2]), y_train shape: torch.Size([50])
Output mean shape: torch.Size([50])
Iteration 272: x_train shape: torch.Size([50, 2]), y_train shape: torch.Size([50])
Output mean shape: torch.Size([50])
Iteration 273: x_train shape: torch.Size([50, 2]), y_train shape: torch.Size([50])
Output mean shape: torch.Size([50])
Iteration 274: x_train shape: torch.Size([50, 2]), y_train shape: torch.Size([50])
Output mean shape: torch.Size([50])
Iteration 275: x_train shape: torch.Size([50, 2]), y_train shape: torch.Size([50])
Output mean shape: torch.Size([50])
Iteration 276: x_train shape: torch.Size([50, 2]), y_train shape: torch.Size([50])
Output mean shape: torch.Size([50])
Iteration 277: x_train shape: torch.Size([50, 2]), y_train shape: torch.Size([50])
Output mean shape: torch.Size([50])
Iteration 278: x_train shape: torch.Size([50, 2]), y_train shape: torch.Size([50])
Output mean shape: torch.Size([50])
Iteration 279: x_train shape: torch.Size([50, 2]), y_train shape: torch.Size([50])
Output mean shape: torch.Size([50])
Iteration 280: x_train shape: torch.Size([50, 2]), y_train shape: torch.Size([50])
Output mean shape: torch.Size([50])
Iteration 281: x_train shape: torch.Size([50, 2]), y_train shape: torch.Size([50])
Output mean shape: torch.Size([50])
Iteration 282: x_train shape: torch.Size([50, 2]), y_train shape: torch.Size([50])
Output mean shape: torch.Size([50])
Iteration 283: x_train shape: torch.Size([50, 2]), y_train shape: torch.Size([50])
Output mean shape: torch.Size([50])
Iteration 284: x_train shape: torch.Size([50, 2]), y_train shape: torch.Size([50])
Output mean shape: torch.Size([50])
Iteration 285: x_train shape: torch.Size([50, 2]), y_train shape: torch.Size([50])
Output mean shape: torch.Size([50])
Iteration 286: x_train shape: torch.Size([50, 2]), y_train shape: torch.Size([50])
Output mean shape: torch.Size([50])
Iteration 287: x_train shape: torch.Size([50, 2]), y_train shape: torch.Size([50])
Output mean shape: torch.Size([50])
Iteration 288: x_train shape: torch.Size([50, 2]), y_train shape: torch.Size([50])
Output mean shape: torch.Size([50])
Iteration 289: x_train shape: torch.Size([50, 2]), y_train shape: torch.Size([50])
Output mean shape: torch.Size([50])
Iteration 290: x_train shape: torch.Size([50, 2]), y_train shape: torch.Size([50])
Output mean shape: torch.Size([50])
Iteration 291: x_train shape: torch.Size([50, 2]), y_train shape: torch.Size([50])
Output mean shape: torch.Size([50])
Iteration 292: x_train shape: torch.Size([50, 2]), y_train shape: torch.Size([50])
Output mean shape: torch.Size([50])
Iteration 293: x_train shape: torch.Size([50, 2]), y_train shape: torch.Size([50])
Output mean shape: torch.Size([50])
Iteration 294: x_train shape: torch.Size([50, 2]), y_train shape: torch.Size([50])
Output mean shape: torch.Size([50])
Iteration 295: x_train shape: torch.Size([50, 2]), y_train shape: torch.Size([50])
Output mean shape: torch.Size([50])
Iteration 296: x_train shape: torch.Size([50, 2]), y_train shape: torch.Size([50])
Output mean shape: torch.Size([50])
Iteration 297: x_train shape: torch.Size([50, 2]), y_train shape: torch.Size([50])
Output mean shape: torch.Size([50])
Iteration 298: x_train shape: torch.Size([50, 2]), y_train shape: torch.Size([50])
Output mean shape: torch.Size([50])
Iteration 299: x_train shape: torch.Size([50, 2]), y_train shape: torch.Size([50])
Output mean shape: torch.Size([50])
Iteration 300: x_train shape: torch.Size([50, 2]), y_train shape: torch.Size([50])
Output mean shape: torch.Size([50])
Iter 301 / 1000 - Loss (Train): 6.308 - Loss (Val): 2.047
Iteration 301: x_train shape: torch.Size([50, 2]), y_train shape: torch.Size([50])
Output mean shape: torch.Size([50])
Iteration 302: x_train shape: torch.Size([50, 2]), y_train shape: torch.Size([50])
Output mean shape: torch.Size([50])
Iteration 303: x_train shape: torch.Size([50, 2]), y_train shape: torch.Size([50])
Output mean shape: torch.Size([50])
Iteration 304: x_train shape: torch.Size([50, 2]), y_train shape: torch.Size([50])
Output mean shape: torch.Size([50])
Iteration 305: x_train shape: torch.Size([50, 2]), y_train shape: torch.Size([50])
Output mean shape: torch.Size([50])
Iteration 306: x_train shape: torch.Size([50, 2]), y_train shape: torch.Size([50])
Output mean shape: torch.Size([50])
Iteration 307: x_train shape: torch.Size([50, 2]), y_train shape: torch.Size([50])
Output mean shape: torch.Size([50])
Iteration 308: x_train shape: torch.Size([50, 2]), y_train shape: torch.Size([50])
Output mean shape: torch.Size([50])
Iteration 309: x_train shape: torch.Size([50, 2]), y_train shape: torch.Size([50])
Output mean shape: torch.Size([50])
Iteration 310: x_train shape: torch.Size([50, 2]), y_train shape: torch.Size([50])
Output mean shape: torch.Size([50])
Iteration 311: x_train shape: torch.Size([50, 2]), y_train shape: torch.Size([50])
Output mean shape: torch.Size([50])
Iteration 312: x_train shape: torch.Size([50, 2]), y_train shape: torch.Size([50])
Output mean shape: torch.Size([50])
Iteration 313: x_train shape: torch.Size([50, 2]), y_train shape: torch.Size([50])
Output mean shape: torch.Size([50])
Iteration 314: x_train shape: torch.Size([50, 2]), y_train shape: torch.Size([50])
Output mean shape: torch.Size([50])
Iteration 315: x_train shape: torch.Size([50, 2]), y_train shape: torch.Size([50])
Output mean shape: torch.Size([50])
Iteration 316: x_train shape: torch.Size([50, 2]), y_train shape: torch.Size([50])
Output mean shape: torch.Size([50])
Iteration 317: x_train shape: torch.Size([50, 2]), y_train shape: torch.Size([50])
Output mean shape: torch.Size([50])
Iteration 318: x_train shape: torch.Size([50, 2]), y_train shape: torch.Size([50])
Output mean shape: torch.Size([50])
Iteration 319: x_train shape: torch.Size([50, 2]), y_train shape: torch.Size([50])
Output mean shape: torch.Size([50])
Iteration 320: x_train shape: torch.Size([50, 2]), y_train shape: torch.Size([50])
Output mean shape: torch.Size([50])
Iteration 321: x_train shape: torch.Size([50, 2]), y_train shape: torch.Size([50])
Output mean shape: torch.Size([50])
Iteration 322: x_train shape: torch.Size([50, 2]), y_train shape: torch.Size([50])
Output mean shape: torch.Size([50])
Iteration 323: x_train shape: torch.Size([50, 2]), y_train shape: torch.Size([50])
Output mean shape: torch.Size([50])
Iteration 324: x_train shape: torch.Size([50, 2]), y_train shape: torch.Size([50])
Output mean shape: torch.Size([50])
Iteration 325: x_train shape: torch.Size([50, 2]), y_train shape: torch.Size([50])
Output mean shape: torch.Size([50])
Iteration 326: x_train shape: torch.Size([50, 2]), y_train shape: torch.Size([50])
Output mean shape: torch.Size([50])
Iteration 327: x_train shape: torch.Size([50, 2]), y_train shape: torch.Size([50])
Output mean shape: torch.Size([50])
Iteration 328: x_train shape: torch.Size([50, 2]), y_train shape: torch.Size([50])
Output mean shape: torch.Size([50])
Iteration 329: x_train shape: torch.Size([50, 2]), y_train shape: torch.Size([50])
Output mean shape: torch.Size([50])
Iteration 330: x_train shape: torch.Size([50, 2]), y_train shape: torch.Size([50])
Output mean shape: torch.Size([50])
Iteration 331: x_train shape: torch.Size([50, 2]), y_train shape: torch.Size([50])
Output mean shape: torch.Size([50])
Iteration 332: x_train shape: torch.Size([50, 2]), y_train shape: torch.Size([50])
Output mean shape: torch.Size([50])
Iteration 333: x_train shape: torch.Size([50, 2]), y_train shape: torch.Size([50])
Output mean shape: torch.Size([50])
Iteration 334: x_train shape: torch.Size([50, 2]), y_train shape: torch.Size([50])
Output mean shape: torch.Size([50])
Iteration 335: x_train shape: torch.Size([50, 2]), y_train shape: torch.Size([50])
Output mean shape: torch.Size([50])
Iteration 336: x_train shape: torch.Size([50, 2]), y_train shape: torch.Size([50])
Output mean shape: torch.Size([50])
Iteration 337: x_train shape: torch.Size([50, 2]), y_train shape: torch.Size([50])
Output mean shape: torch.Size([50])
Iteration 338: x_train shape: torch.Size([50, 2]), y_train shape: torch.Size([50])
Output mean shape: torch.Size([50])
Iteration 339: x_train shape: torch.Size([50, 2]), y_train shape: torch.Size([50])
Output mean shape: torch.Size([50])
Iteration 340: x_train shape: torch.Size([50, 2]), y_train shape: torch.Size([50])
Output mean shape: torch.Size([50])
Iteration 341: x_train shape: torch.Size([50, 2]), y_train shape: torch.Size([50])
Output mean shape: torch.Size([50])
Iteration 342: x_train shape: torch.Size([50, 2]), y_train shape: torch.Size([50])
Output mean shape: torch.Size([50])
Iteration 343: x_train shape: torch.Size([50, 2]), y_train shape: torch.Size([50])
Output mean shape: torch.Size([50])
Iteration 344: x_train shape: torch.Size([50, 2]), y_train shape: torch.Size([50])
Output mean shape: torch.Size([50])
Iteration 345: x_train shape: torch.Size([50, 2]), y_train shape: torch.Size([50])
Output mean shape: torch.Size([50])
Iteration 346: x_train shape: torch.Size([50, 2]), y_train shape: torch.Size([50])
Output mean shape: torch.Size([50])
Iteration 347: x_train shape: torch.Size([50, 2]), y_train shape: torch.Size([50])
Output mean shape: torch.Size([50])
Iteration 348: x_train shape: torch.Size([50, 2]), y_train shape: torch.Size([50])
Output mean shape: torch.Size([50])
Iteration 349: x_train shape: torch.Size([50, 2]), y_train shape: torch.Size([50])
Output mean shape: torch.Size([50])
Iteration 350: x_train shape: torch.Size([50, 2]), y_train shape: torch.Size([50])
Output mean shape: torch.Size([50])
Iteration 351: x_train shape: torch.Size([50, 2]), y_train shape: torch.Size([50])
Output mean shape: torch.Size([50])
Iteration 352: x_train shape: torch.Size([50, 2]), y_train shape: torch.Size([50])
Output mean shape: torch.Size([50])
Iteration 353: x_train shape: torch.Size([50, 2]), y_train shape: torch.Size([50])
Output mean shape: torch.Size([50])
Iteration 354: x_train shape: torch.Size([50, 2]), y_train shape: torch.Size([50])
Output mean shape: torch.Size([50])
Iteration 355: x_train shape: torch.Size([50, 2]), y_train shape: torch.Size([50])
Output mean shape: torch.Size([50])
Iteration 356: x_train shape: torch.Size([50, 2]), y_train shape: torch.Size([50])
Output mean shape: torch.Size([50])
Iteration 357: x_train shape: torch.Size([50, 2]), y_train shape: torch.Size([50])
Output mean shape: torch.Size([50])
Iteration 358: x_train shape: torch.Size([50, 2]), y_train shape: torch.Size([50])
Output mean shape: torch.Size([50])
Iteration 359: x_train shape: torch.Size([50, 2]), y_train shape: torch.Size([50])
Output mean shape: torch.Size([50])
Iteration 360: x_train shape: torch.Size([50, 2]), y_train shape: torch.Size([50])
Output mean shape: torch.Size([50])
Iteration 361: x_train shape: torch.Size([50, 2]), y_train shape: torch.Size([50])
Output mean shape: torch.Size([50])
Iteration 362: x_train shape: torch.Size([50, 2]), y_train shape: torch.Size([50])
Output mean shape: torch.Size([50])
Iteration 363: x_train shape: torch.Size([50, 2]), y_train shape: torch.Size([50])
Output mean shape: torch.Size([50])
Iteration 364: x_train shape: torch.Size([50, 2]), y_train shape: torch.Size([50])
Output mean shape: torch.Size([50])
Iteration 365: x_train shape: torch.Size([50, 2]), y_train shape: torch.Size([50])
Output mean shape: torch.Size([50])
Iteration 366: x_train shape: torch.Size([50, 2]), y_train shape: torch.Size([50])
Output mean shape: torch.Size([50])
Iteration 367: x_train shape: torch.Size([50, 2]), y_train shape: torch.Size([50])
Output mean shape: torch.Size([50])
Iteration 368: x_train shape: torch.Size([50, 2]), y_train shape: torch.Size([50])
Output mean shape: torch.Size([50])
Iteration 369: x_train shape: torch.Size([50, 2]), y_train shape: torch.Size([50])
Output mean shape: torch.Size([50])
Iteration 370: x_train shape: torch.Size([50, 2]), y_train shape: torch.Size([50])
Output mean shape: torch.Size([50])
Iteration 371: x_train shape: torch.Size([50, 2]), y_train shape: torch.Size([50])
Output mean shape: torch.Size([50])
Iteration 372: x_train shape: torch.Size([50, 2]), y_train shape: torch.Size([50])
Output mean shape: torch.Size([50])
Iteration 373: x_train shape: torch.Size([50, 2]), y_train shape: torch.Size([50])
Output mean shape: torch.Size([50])
Iteration 374: x_train shape: torch.Size([50, 2]), y_train shape: torch.Size([50])
Output mean shape: torch.Size([50])
Iteration 375: x_train shape: torch.Size([50, 2]), y_train shape: torch.Size([50])
Output mean shape: torch.Size([50])
Iteration 376: x_train shape: torch.Size([50, 2]), y_train shape: torch.Size([50])
Output mean shape: torch.Size([50])
Iteration 377: x_train shape: torch.Size([50, 2]), y_train shape: torch.Size([50])
Output mean shape: torch.Size([50])
Iteration 378: x_train shape: torch.Size([50, 2]), y_train shape: torch.Size([50])
Output mean shape: torch.Size([50])
Iteration 379: x_train shape: torch.Size([50, 2]), y_train shape: torch.Size([50])
Output mean shape: torch.Size([50])
Iteration 380: x_train shape: torch.Size([50, 2]), y_train shape: torch.Size([50])
Output mean shape: torch.Size([50])
Iteration 381: x_train shape: torch.Size([50, 2]), y_train shape: torch.Size([50])
Output mean shape: torch.Size([50])
Iteration 382: x_train shape: torch.Size([50, 2]), y_train shape: torch.Size([50])
Output mean shape: torch.Size([50])
Iteration 383: x_train shape: torch.Size([50, 2]), y_train shape: torch.Size([50])
Output mean shape: torch.Size([50])
Iteration 384: x_train shape: torch.Size([50, 2]), y_train shape: torch.Size([50])
Output mean shape: torch.Size([50])
Iteration 385: x_train shape: torch.Size([50, 2]), y_train shape: torch.Size([50])
Output mean shape: torch.Size([50])
Iteration 386: x_train shape: torch.Size([50, 2]), y_train shape: torch.Size([50])
Output mean shape: torch.Size([50])
Iteration 387: x_train shape: torch.Size([50, 2]), y_train shape: torch.Size([50])
                                  
================================= 
Global information about the job: 
================================= 
  
Job owner: dvoss(54815)
Job name:  test
Node list: ravg1061
Job start: Fri Sep 27 12:35:24 CEST 2024
Job end:   Fri Sep 27 12:41:24 CEST 2024
Work dir:  /raven/u/dvoss/al_pmssmwithgp/model
Command:   /raven/u/dvoss/al_pmssmwithgp/model/slurm/single_job.sbatch
  
  
  
==========================================================================================
Information on jobsteps (Note: MaxRSS/AveRSS is the maximum/average over all 
tasks of the per-task memory high-water marks; cf. "man sacct"): 
==========================================================================================
  
JobID            JobName NNodes NTasks  NCPUS       MaxRSS       AveRSS    Elapsed ExitCode
------------- ---------- ------ ------ ------ ------------ ------------ ---------- --------
13026646            test      1             4                             00:06:00      0:0
13026646.0        job.sh      1      1      4     2441.58M     2441.58M   00:05:40     0:15
  
Maximum memory per node: 2.560187 GB (defined as MaxRSS*Ntasks/NNodes)
CPU utilization: 36.5 %
  
