                                  
================================= 
Global information about the job: 
================================= 
  
Job owner: dvoss(54815)
Job name:  test
Node list: ravg1181
Job start: Tue Jul 16 11:52:25 CEST 2024
Job end:   Tue Jul 16 11:52:37 CEST 2024
Work dir:  /raven/u/dvoss/al_pmssmwithgp
Command:   /raven/u/dvoss/al_pmssmwithgp/model/slurm/single_job.sbatch
  
  
  
==========================================================================================
Information on jobsteps (Note: MaxRSS/AveRSS is the maximum/average over all 
tasks of the per-task memory high-water marks; cf. "man sacct"): 
==========================================================================================
  
JobID            JobName NNodes NTasks  NCPUS       MaxRSS       AveRSS    Elapsed ExitCode
------------- ---------- ------ ------ ------ ------------ ------------ ---------- --------
12003288            test      1             4                             00:00:12      1:0
12003288.0        job.sh      1      1      4        1.19M        1.19M   00:00:04      1:0
  
Maximum memory per node: 0.001323 GB (defined as MaxRSS*Ntasks/NNodes)
CPU utilization: 0.0 %
  
