Defaulting to user installation because normal site-packages is not writeable
Requirement already satisfied: uproot in /raven/u/dvoss/.local/lib/python3.9/site-packages (5.3.10)
Requirement already satisfied: awkward>=2.4.6 in /raven/u/dvoss/.local/lib/python3.9/site-packages (from uproot) (2.6.6)
Requirement already satisfied: packaging in /raven/u/system/soft/SLE_15/packages/x86_64/anaconda/3/2021.11/lib/python3.9/site-packages (from uproot) (21.0)
Requirement already satisfied: numpy in /raven/u/system/soft/SLE_15/packages/x86_64/anaconda/3/2021.11/lib/python3.9/site-packages (from uproot) (1.20.3)
Requirement already satisfied: typing-extensions>=4.1.0 in /raven/u/dvoss/.local/lib/python3.9/site-packages (from uproot) (4.12.2)
Requirement already satisfied: fsspec in /raven/u/dvoss/.local/lib/python3.9/site-packages (from uproot) (2024.6.1)
Requirement already satisfied: cramjam>=2.5.0 in /raven/u/dvoss/.local/lib/python3.9/site-packages (from uproot) (2.8.3)
Requirement already satisfied: awkward-cpp==35 in /raven/u/dvoss/.local/lib/python3.9/site-packages (from awkward>=2.4.6->uproot) (35)
Requirement already satisfied: importlib-metadata>=4.13.0 in /raven/u/dvoss/.local/lib/python3.9/site-packages (from awkward>=2.4.6->uproot) (8.0.0)
Requirement already satisfied: zipp>=0.5 in /raven/u/system/soft/SLE_15/packages/x86_64/anaconda/3/2021.11/lib/python3.9/site-packages (from importlib-metadata>=4.13.0->awkward>=2.4.6->uproot) (3.6.0)
Requirement already satisfied: pyparsing>=2.0.2 in /raven/u/system/soft/SLE_15/packages/x86_64/anaconda/3/2021.11/lib/python3.9/site-packages (from packaging->uproot) (3.0.4)
Defaulting to user installation because normal site-packages is not writeable
Collecting argparse
  Using cached argparse-1.4.0-py2.py3-none-any.whl (23 kB)
Installing collected packages: argparse
Successfully installed argparse-1.4.0
Defaulting to user installation because normal site-packages is not writeable
Requirement already satisfied: pyslha in /raven/u/dvoss/.local/lib/python3.9/site-packages (3.2.6)
Requirement already satisfied: tex2pix>=0.1.5 in /raven/u/dvoss/.local/lib/python3.9/site-packages (from pyslha) (0.3.1)
Defaulting to user installation because normal site-packages is not writeable
Requirement already satisfied: structlog in /raven/u/dvoss/.local/lib/python3.9/site-packages (24.4.0)
Starting iteration 1
Initial Training points:  tensor([0.5119, 0.8528, 0.5812, 0.1617], device='cuda:0') torch.Size([4])
These training_points are used in the GP tensor([0.5119, 0.8528, 0.5812, 0.1617], device='cuda:0')
points: {0, 26, 61}
new xs normalized:  tensor([0.0000, 0.0260, 0.0611], device='cuda:0')
Corresponding xs: tensor([-2000.0000, -1895.8959, -1755.7557], device='cuda:0')
No root_file_path provided; skipping ROOT file data plotting.
Plot saved to /raven/u/dvoss/al_pmssmwithgp/model/plots/Iter1/gp_plot.png
YAML file has been created: /u/dvoss/al_pmssmwithgp/Run3ModelGen/source/Run3ModelGen/data/new_config.yaml
Note: detected 144 virtual cores but NumExpr set to maximum of 64, check "NUMEXPR_MAX_THREADS" environment variable.
Note: NumExpr detected 144 cores but "NUMEXPR_MAX_THREADS" not set, so enforcing safe limit of 8.
NumExpr defaulting to 8 threads.

  ___              ____ __  __          _       _   ___            
 | _ \ _  _  _ _  |__ /|  \/  | ___  __| | ___ | | / __| ___  _ _  
 |   /| || || ' \  |_ \| |\/| |/ _ \/ _` |/ -_)| || (_ |/ -_)| ' \ 
 |_|_\ \_,_||_||_||___/|_|  |_|\___/\__,_|\___||_| \___|\___||_||_|
                                                                   

2024-08-13 13:57:31 [info     ] Initialised ModelGenerator with: [Run3ModelGen.modelgen]
2024-08-13 13:57:31 [info     ] 	config_file = /u/dvoss/al_pmssmwithgp/Run3ModelGen/source/Run3ModelGen/data/new_config.yaml [Run3ModelGen.modelgen]
2024-08-13 13:57:31 [info     ] 	scan_dir = /u/dvoss/al_pmssmwithgp/Run3ModelGen/source/Run3ModelGen/scans/scan_1 [Run3ModelGen.modelgen]
2024-08-13 13:57:31 [info     ] 	rawfilen = /u/dvoss/al_pmssmwithgp/Run3ModelGen/source/Run3ModelGen/data/raw.slha [Run3ModelGen.modelgen]
2024-08-13 13:57:31 [info     ] 	seed = 123                    [Run3ModelGen.modelgen]
2024-08-13 13:57:31 [info     ] 	points = {}                   [Run3ModelGen.modelgen]
2024-08-13 13:57:31 [info     ] 	prior = fixed                 [Run3ModelGen.modelgen]
2024-08-13 13:57:31 [info     ] 	num_models = 3                [Run3ModelGen.modelgen]
2024-08-13 13:57:31 [info     ] 	isGMSB = False                [Run3ModelGen.modelgen]
2024-08-13 13:57:31 [info     ] 	parameters =                  [Run3ModelGen.modelgen]
2024-08-13 13:57:31 [info     ] 		tanb: [60, 60, 60]           [Run3ModelGen.modelgen]
2024-08-13 13:57:31 [info     ] 		M_1: [-2000.0, -1895.9, -1755.76] [Run3ModelGen.modelgen]
2024-08-13 13:57:31 [info     ] 		M_2: [2000, 2000, 2000]      [Run3ModelGen.modelgen]
2024-08-13 13:57:31 [info     ] 		M_3: [4000, 4000, 4000]      [Run3ModelGen.modelgen]
2024-08-13 13:57:31 [info     ] 		AT: [4000, 4000, 4000]       [Run3ModelGen.modelgen]
2024-08-13 13:57:31 [info     ] 		Ab: [2000, 2000, 2000]       [Run3ModelGen.modelgen]
2024-08-13 13:57:31 [info     ] 		Atau: [2000, 2000, 2000]     [Run3ModelGen.modelgen]
2024-08-13 13:57:31 [info     ] 		mu: [2000, 2000, 2000]       [Run3ModelGen.modelgen]
2024-08-13 13:57:31 [info     ] 		mA: [2000, 2000, 2000]       [Run3ModelGen.modelgen]
2024-08-13 13:57:31 [info     ] 		meL: [2000, 2000, 2000]      [Run3ModelGen.modelgen]
2024-08-13 13:57:31 [info     ] 		mtauL: [2000, 2000, 2000]    [Run3ModelGen.modelgen]
2024-08-13 13:57:31 [info     ] 		meR: [2000, 2000, 2000]      [Run3ModelGen.modelgen]
2024-08-13 13:57:31 [info     ] 		mtauR: [2000, 2000, 2000]    [Run3ModelGen.modelgen]
2024-08-13 13:57:31 [info     ] 		mqL1: [4000, 4000, 4000]     [Run3ModelGen.modelgen]
2024-08-13 13:57:31 [info     ] 		mqL3: [4000, 4000, 4000]     [Run3ModelGen.modelgen]
2024-08-13 13:57:31 [info     ] 		muR: [4000, 4000, 4000]      [Run3ModelGen.modelgen]
2024-08-13 13:57:31 [info     ] 		mtR: [4000, 4000, 4000]      [Run3ModelGen.modelgen]
2024-08-13 13:57:31 [info     ] 		mdR: [4000, 4000, 4000]      [Run3ModelGen.modelgen]
2024-08-13 13:57:31 [info     ] 		mbR: [4000, 4000, 4000]      [Run3ModelGen.modelgen]
2024-08-13 13:57:31 [info     ] 	steps =                       [Run3ModelGen.modelgen]
2024-08-13 13:57:31 [info     ] 		{'name': 'prep_input', 'output_dir': 'input', 'prefix': 'IN'} [Run3ModelGen.modelgen]
2024-08-13 13:57:31 [info     ] 		{'name': 'SPheno', 'input_dir': 'input', 'output_dir': 'SPheno', 'log_dir': 'SPheno_log', 'prefix': 'SP'} [Run3ModelGen.modelgen]
2024-08-13 13:57:31 [info     ] 		{'name': 'softsusy', 'input_dir': 'input', 'output_dir': 'softsusy', 'prefix': 'SS'} [Run3ModelGen.modelgen]
2024-08-13 13:57:31 [info     ] 		{'name': 'micromegas', 'input_dir': 'SPheno', 'output_dir': 'micromegas', 'prefix': 'MO'} [Run3ModelGen.modelgen]
2024-08-13 13:57:31 [info     ] 		{'name': 'superiso', 'input_dir': 'SPheno', 'output_dir': 'superiso', 'prefix': 'SI'} [Run3ModelGen.modelgen]
2024-08-13 13:57:31 [info     ] 		{'name': 'gm2calc', 'input_dir': 'SPheno', 'output_dir': 'gm2calc', 'prefix': 'GM2'} [Run3ModelGen.modelgen]
2024-08-13 13:57:31 [info     ] 		{'name': 'evade', 'input_dir': 'SPheno', 'output_dir': 'evade', 'prefix': 'EV'} [Run3ModelGen.modelgen]
2024-08-13 13:57:31 [info     ] Starting Model Generation...   [Run3ModelGen.modelgen]
2024-08-13 13:57:31 [info     ] Setting up output directories for scan [Run3ModelGen.modelgen]
2024-08-13 13:57:31 [info     ] Generating Model: 0.slha (1/3) [Run3ModelGen.modelgen]
2024-08-13 13:57:31 [info     ] 	running step: prep_input      [Run3ModelGen.modelgen]
2024-08-13 13:57:31 [info     ] 	running step: SPheno          [Run3ModelGen.modelgen]
2024-08-13 13:57:32 [info     ] 	running step: softsusy        [Run3ModelGen.modelgen]
2024-08-13 13:57:32 [info     ] 	running step: micromegas      [Run3ModelGen.modelgen]
2024-08-13 13:57:38 [info     ] 	running step: superiso        [Run3ModelGen.modelgen]
2024-08-13 13:57:38 [info     ] 	running step: gm2calc         [Run3ModelGen.modelgen]
2024-08-13 13:57:39 [info     ] 	running step: evade           [Run3ModelGen.modelgen]
2024-08-13 13:57:39 [info     ] Generating Model: 1.slha (2/3) [Run3ModelGen.modelgen]
2024-08-13 13:57:39 [info     ] 	running step: prep_input      [Run3ModelGen.modelgen]
2024-08-13 13:57:39 [info     ] 	running step: SPheno          [Run3ModelGen.modelgen]
2024-08-13 13:57:39 [info     ] 	running step: softsusy        [Run3ModelGen.modelgen]
2024-08-13 13:57:39 [info     ] 	running step: micromegas      [Run3ModelGen.modelgen]
2024-08-13 13:57:40 [info     ] 	running step: superiso        [Run3ModelGen.modelgen]
2024-08-13 13:57:41 [info     ] 	running step: gm2calc         [Run3ModelGen.modelgen]
2024-08-13 13:57:41 [info     ] 	running step: evade           [Run3ModelGen.modelgen]
2024-08-13 13:57:41 [info     ] Generating Model: 2.slha (3/3) [Run3ModelGen.modelgen]
2024-08-13 13:57:41 [info     ] 	running step: prep_input      [Run3ModelGen.modelgen]
2024-08-13 13:57:41 [info     ] 	running step: SPheno          [Run3ModelGen.modelgen]
2024-08-13 13:57:41 [info     ] 	running step: softsusy        [Run3ModelGen.modelgen]
2024-08-13 13:57:41 [info     ] 	running step: micromegas      [Run3ModelGen.modelgen]
2024-08-13 13:57:42 [info     ] 	running step: superiso        [Run3ModelGen.modelgen]
2024-08-13 13:57:42 [info     ] 	running step: gm2calc         [Run3ModelGen.modelgen]
2024-08-13 13:57:42 [info     ] 	running step: evade           [Run3ModelGen.modelgen]
2024-08-13 13:57:42 [info     ] Finished generating models! Stats for successful generations (successful/attempted): [Run3ModelGen.modelgen]
2024-08-13 13:57:42 [info     ] 	prep_input: 3/3.              [Run3ModelGen.modelgen]
2024-08-13 13:57:42 [info     ] 	SPheno: 3/3.                  [Run3ModelGen.modelgen]
2024-08-13 13:57:42 [info     ] 	softsusy: 3/3.                [Run3ModelGen.modelgen]
2024-08-13 13:57:42 [info     ] 	micromegas: 3/3.              [Run3ModelGen.modelgen]
2024-08-13 13:57:42 [info     ] 	superiso: 3/3.                [Run3ModelGen.modelgen]
2024-08-13 13:57:42 [info     ] 	gm2calc: 3/3.                 [Run3ModelGen.modelgen]
2024-08-13 13:57:42 [info     ] 	evade: 0/3.                   [Run3ModelGen.modelgen]
2024-08-13 13:57:42 [info     ] Will make NTuple for: /u/dvoss/al_pmssmwithgp/Run3ModelGen/source/Run3ModelGen/scans/scan_1, with 3 models [Run3ModelGen.ntupling]
2024-08-13 13:57:42 [info     ] 	Filling values for model: 0   [Run3ModelGen.ntupling]
2024-08-13 13:57:42 [info     ] Saving NTuple in /u/dvoss/al_pmssmwithgp/Run3ModelGen/source/Run3ModelGen/scans/scan_1/ntuple.0.0.root ... [Run3ModelGen.ntupling]
Completed iteration 1
Starting iteration 2
Initial Training points:  tensor([0.5119, 0.8528, 0.5812, 0.1617], device='cuda:0') torch.Size([4])
Training points after adding:  tensor([0.5119, 0.8528, 0.5812, 0.1617, 0.0000, 0.0260, 0.0611],
       device='cuda:0') torch.Size([7])
These training_points are used in the GP tensor([0.5119, 0.8528, 0.5812, 0.1617, 0.0000, 0.0260, 0.0611],
       device='cuda:0')
points: {0, 1, 807}
new xs normalized:  tensor([0.0000, 0.0010, 0.8078], device='cuda:0')
Corresponding xs: tensor([-2000.0000, -1995.9960,  1231.2312], device='cuda:0')
Plot saved to /raven/u/dvoss/al_pmssmwithgp/model/plots/Iter2/gp_plot.png
YAML file has been created: /u/dvoss/al_pmssmwithgp/Run3ModelGen/source/Run3ModelGen/data/new_config.yaml
Note: detected 144 virtual cores but NumExpr set to maximum of 64, check "NUMEXPR_MAX_THREADS" environment variable.
Note: NumExpr detected 144 cores but "NUMEXPR_MAX_THREADS" not set, so enforcing safe limit of 8.
NumExpr defaulting to 8 threads.

  ___              ____ __  __          _       _   ___            
 | _ \ _  _  _ _  |__ /|  \/  | ___  __| | ___ | | / __| ___  _ _  
 |   /| || || ' \  |_ \| |\/| |/ _ \/ _` |/ -_)| || (_ |/ -_)| ' \ 
 |_|_\ \_,_||_||_||___/|_|  |_|\___/\__,_|\___||_| \___|\___||_||_|
                                                                   

2024-08-13 13:58:27 [info     ] Initialised ModelGenerator with: [Run3ModelGen.modelgen]
2024-08-13 13:58:27 [info     ] 	config_file = /u/dvoss/al_pmssmwithgp/Run3ModelGen/source/Run3ModelGen/data/new_config.yaml [Run3ModelGen.modelgen]
2024-08-13 13:58:27 [info     ] 	scan_dir = /u/dvoss/al_pmssmwithgp/Run3ModelGen/source/Run3ModelGen/scans/scan_2 [Run3ModelGen.modelgen]
2024-08-13 13:58:27 [info     ] 	rawfilen = /u/dvoss/al_pmssmwithgp/Run3ModelGen/source/Run3ModelGen/data/raw.slha [Run3ModelGen.modelgen]
2024-08-13 13:58:27 [info     ] 	seed = 123                    [Run3ModelGen.modelgen]
2024-08-13 13:58:27 [info     ] 	points = {}                   [Run3ModelGen.modelgen]
2024-08-13 13:58:27 [info     ] 	prior = fixed                 [Run3ModelGen.modelgen]
2024-08-13 13:58:27 [info     ] 	num_models = 3                [Run3ModelGen.modelgen]
2024-08-13 13:58:27 [info     ] 	isGMSB = False                [Run3ModelGen.modelgen]
2024-08-13 13:58:27 [info     ] 	parameters =                  [Run3ModelGen.modelgen]
2024-08-13 13:58:27 [info     ] 		tanb: [60, 60, 60]           [Run3ModelGen.modelgen]
2024-08-13 13:58:27 [info     ] 		M_1: [-2000.0, -1996.0, 1231.23] [Run3ModelGen.modelgen]
2024-08-13 13:58:27 [info     ] 		M_2: [2000, 2000, 2000]      [Run3ModelGen.modelgen]
2024-08-13 13:58:27 [info     ] 		M_3: [4000, 4000, 4000]      [Run3ModelGen.modelgen]
2024-08-13 13:58:27 [info     ] 		AT: [4000, 4000, 4000]       [Run3ModelGen.modelgen]
2024-08-13 13:58:27 [info     ] 		Ab: [2000, 2000, 2000]       [Run3ModelGen.modelgen]
2024-08-13 13:58:27 [info     ] 		Atau: [2000, 2000, 2000]     [Run3ModelGen.modelgen]
2024-08-13 13:58:27 [info     ] 		mu: [2000, 2000, 2000]       [Run3ModelGen.modelgen]
2024-08-13 13:58:27 [info     ] 		mA: [2000, 2000, 2000]       [Run3ModelGen.modelgen]
2024-08-13 13:58:27 [info     ] 		meL: [2000, 2000, 2000]      [Run3ModelGen.modelgen]
2024-08-13 13:58:27 [info     ] 		mtauL: [2000, 2000, 2000]    [Run3ModelGen.modelgen]
2024-08-13 13:58:27 [info     ] 		meR: [2000, 2000, 2000]      [Run3ModelGen.modelgen]
2024-08-13 13:58:27 [info     ] 		mtauR: [2000, 2000, 2000]    [Run3ModelGen.modelgen]
2024-08-13 13:58:27 [info     ] 		mqL1: [4000, 4000, 4000]     [Run3ModelGen.modelgen]
2024-08-13 13:58:27 [info     ] 		mqL3: [4000, 4000, 4000]     [Run3ModelGen.modelgen]
2024-08-13 13:58:27 [info     ] 		muR: [4000, 4000, 4000]      [Run3ModelGen.modelgen]
2024-08-13 13:58:27 [info     ] 		mtR: [4000, 4000, 4000]      [Run3ModelGen.modelgen]
2024-08-13 13:58:27 [info     ] 		mdR: [4000, 4000, 4000]      [Run3ModelGen.modelgen]
2024-08-13 13:58:27 [info     ] 		mbR: [4000, 4000, 4000]      [Run3ModelGen.modelgen]
2024-08-13 13:58:27 [info     ] 	steps =                       [Run3ModelGen.modelgen]
2024-08-13 13:58:27 [info     ] 		{'name': 'prep_input', 'output_dir': 'input', 'prefix': 'IN'} [Run3ModelGen.modelgen]
2024-08-13 13:58:27 [info     ] 		{'name': 'SPheno', 'input_dir': 'input', 'output_dir': 'SPheno', 'log_dir': 'SPheno_log', 'prefix': 'SP'} [Run3ModelGen.modelgen]
2024-08-13 13:58:27 [info     ] 		{'name': 'softsusy', 'input_dir': 'input', 'output_dir': 'softsusy', 'prefix': 'SS'} [Run3ModelGen.modelgen]
2024-08-13 13:58:27 [info     ] 		{'name': 'micromegas', 'input_dir': 'SPheno', 'output_dir': 'micromegas', 'prefix': 'MO'} [Run3ModelGen.modelgen]
2024-08-13 13:58:27 [info     ] 		{'name': 'superiso', 'input_dir': 'SPheno', 'output_dir': 'superiso', 'prefix': 'SI'} [Run3ModelGen.modelgen]
2024-08-13 13:58:27 [info     ] 		{'name': 'gm2calc', 'input_dir': 'SPheno', 'output_dir': 'gm2calc', 'prefix': 'GM2'} [Run3ModelGen.modelgen]
2024-08-13 13:58:27 [info     ] 		{'name': 'evade', 'input_dir': 'SPheno', 'output_dir': 'evade', 'prefix': 'EV'} [Run3ModelGen.modelgen]
2024-08-13 13:58:27 [info     ] Starting Model Generation...   [Run3ModelGen.modelgen]
2024-08-13 13:58:27 [info     ] Setting up output directories for scan [Run3ModelGen.modelgen]
2024-08-13 13:58:27 [info     ] Generating Model: 0.slha (1/3) [Run3ModelGen.modelgen]
2024-08-13 13:58:27 [info     ] 	running step: prep_input      [Run3ModelGen.modelgen]
2024-08-13 13:58:27 [info     ] 	running step: SPheno          [Run3ModelGen.modelgen]
2024-08-13 13:58:28 [info     ] 	running step: softsusy        [Run3ModelGen.modelgen]
2024-08-13 13:58:28 [info     ] 	running step: micromegas      [Run3ModelGen.modelgen]
2024-08-13 13:58:29 [info     ] 	running step: superiso        [Run3ModelGen.modelgen]
2024-08-13 13:58:29 [info     ] 	running step: gm2calc         [Run3ModelGen.modelgen]
2024-08-13 13:58:29 [info     ] 	running step: evade           [Run3ModelGen.modelgen]
2024-08-13 13:58:29 [info     ] Generating Model: 1.slha (2/3) [Run3ModelGen.modelgen]
2024-08-13 13:58:29 [info     ] 	running step: prep_input      [Run3ModelGen.modelgen]
2024-08-13 13:58:29 [info     ] 	running step: SPheno          [Run3ModelGen.modelgen]
2024-08-13 13:58:29 [info     ] 	running step: softsusy        [Run3ModelGen.modelgen]
2024-08-13 13:58:29 [info     ] 	running step: micromegas      [Run3ModelGen.modelgen]
2024-08-13 13:58:31 [info     ] 	running step: superiso        [Run3ModelGen.modelgen]
2024-08-13 13:58:31 [info     ] 	running step: gm2calc         [Run3ModelGen.modelgen]
2024-08-13 13:58:31 [info     ] 	running step: evade           [Run3ModelGen.modelgen]
2024-08-13 13:58:31 [info     ] Generating Model: 2.slha (3/3) [Run3ModelGen.modelgen]
2024-08-13 13:58:31 [info     ] 	running step: prep_input      [Run3ModelGen.modelgen]
2024-08-13 13:58:31 [info     ] 	running step: SPheno          [Run3ModelGen.modelgen]
2024-08-13 13:58:31 [info     ] 	running step: softsusy        [Run3ModelGen.modelgen]
2024-08-13 13:58:31 [info     ] 	running step: micromegas      [Run3ModelGen.modelgen]
2024-08-13 13:58:31 [info     ] 	running step: superiso        [Run3ModelGen.modelgen]
2024-08-13 13:58:32 [info     ] 	running step: gm2calc         [Run3ModelGen.modelgen]
2024-08-13 13:58:32 [info     ] 	running step: evade           [Run3ModelGen.modelgen]
2024-08-13 13:58:32 [info     ] Finished generating models! Stats for successful generations (successful/attempted): [Run3ModelGen.modelgen]
2024-08-13 13:58:32 [info     ] 	prep_input: 3/3.              [Run3ModelGen.modelgen]
2024-08-13 13:58:32 [info     ] 	SPheno: 3/3.                  [Run3ModelGen.modelgen]
2024-08-13 13:58:32 [info     ] 	softsusy: 3/3.                [Run3ModelGen.modelgen]
2024-08-13 13:58:32 [info     ] 	micromegas: 3/3.              [Run3ModelGen.modelgen]
2024-08-13 13:58:32 [info     ] 	superiso: 3/3.                [Run3ModelGen.modelgen]
2024-08-13 13:58:32 [info     ] 	gm2calc: 3/3.                 [Run3ModelGen.modelgen]
2024-08-13 13:58:32 [info     ] 	evade: 0/3.                   [Run3ModelGen.modelgen]
2024-08-13 13:58:32 [info     ] Will make NTuple for: /u/dvoss/al_pmssmwithgp/Run3ModelGen/source/Run3ModelGen/scans/scan_2, with 3 models [Run3ModelGen.ntupling]
2024-08-13 13:58:32 [info     ] 	Filling values for model: 0   [Run3ModelGen.ntupling]
2024-08-13 13:58:32 [info     ] Saving NTuple in /u/dvoss/al_pmssmwithgp/Run3ModelGen/source/Run3ModelGen/scans/scan_2/ntuple.0.0.root ... [Run3ModelGen.ntupling]
Completed iteration 2
Starting iteration 3
Initial Training points:  tensor([0.5119, 0.8528, 0.5812, 0.1617], device='cuda:0') torch.Size([4])
Training points after adding:  tensor([0.5119, 0.8528, 0.5812, 0.1617, 0.0000, 0.0260, 0.0611, 0.0000, 0.0010,
        0.8078], device='cuda:0') torch.Size([10])
These training_points are used in the GP tensor([0.5119, 0.8528, 0.5812, 0.1617, 0.0000, 0.0260, 0.0611, 0.0000, 0.0010,
        0.8078], device='cuda:0')
points: {472, 335, 287}
new xs normalized:  tensor([0.4725, 0.3353, 0.2873], device='cuda:0')
Corresponding xs: tensor([-110.1101, -658.6587, -850.8510], device='cuda:0')
Plot saved to /raven/u/dvoss/al_pmssmwithgp/model/plots/Iter3/gp_plot.png
YAML file has been created: /u/dvoss/al_pmssmwithgp/Run3ModelGen/source/Run3ModelGen/data/new_config.yaml
Note: detected 144 virtual cores but NumExpr set to maximum of 64, check "NUMEXPR_MAX_THREADS" environment variable.
Note: NumExpr detected 144 cores but "NUMEXPR_MAX_THREADS" not set, so enforcing safe limit of 8.
NumExpr defaulting to 8 threads.

  ___              ____ __  __          _       _   ___            
 | _ \ _  _  _ _  |__ /|  \/  | ___  __| | ___ | | / __| ___  _ _  
 |   /| || || ' \  |_ \| |\/| |/ _ \/ _` |/ -_)| || (_ |/ -_)| ' \ 
 |_|_\ \_,_||_||_||___/|_|  |_|\___/\__,_|\___||_| \___|\___||_||_|
                                                                   

2024-08-13 13:59:15 [info     ] Initialised ModelGenerator with: [Run3ModelGen.modelgen]
2024-08-13 13:59:15 [info     ] 	config_file = /u/dvoss/al_pmssmwithgp/Run3ModelGen/source/Run3ModelGen/data/new_config.yaml [Run3ModelGen.modelgen]
2024-08-13 13:59:15 [info     ] 	scan_dir = /u/dvoss/al_pmssmwithgp/Run3ModelGen/source/Run3ModelGen/scans/scan_3 [Run3ModelGen.modelgen]
2024-08-13 13:59:15 [info     ] 	rawfilen = /u/dvoss/al_pmssmwithgp/Run3ModelGen/source/Run3ModelGen/data/raw.slha [Run3ModelGen.modelgen]
2024-08-13 13:59:15 [info     ] 	seed = 123                    [Run3ModelGen.modelgen]
2024-08-13 13:59:15 [info     ] 	points = {}                   [Run3ModelGen.modelgen]
2024-08-13 13:59:15 [info     ] 	prior = fixed                 [Run3ModelGen.modelgen]
2024-08-13 13:59:15 [info     ] 	num_models = 3                [Run3ModelGen.modelgen]
2024-08-13 13:59:15 [info     ] 	isGMSB = False                [Run3ModelGen.modelgen]
2024-08-13 13:59:15 [info     ] 	parameters =                  [Run3ModelGen.modelgen]
2024-08-13 13:59:15 [info     ] 		tanb: [60, 60, 60]           [Run3ModelGen.modelgen]
2024-08-13 13:59:15 [info     ] 		M_1: [-110.11, -658.66, -850.85] [Run3ModelGen.modelgen]
2024-08-13 13:59:15 [info     ] 		M_2: [2000, 2000, 2000]      [Run3ModelGen.modelgen]
2024-08-13 13:59:15 [info     ] 		M_3: [4000, 4000, 4000]      [Run3ModelGen.modelgen]
2024-08-13 13:59:15 [info     ] 		AT: [4000, 4000, 4000]       [Run3ModelGen.modelgen]
2024-08-13 13:59:15 [info     ] 		Ab: [2000, 2000, 2000]       [Run3ModelGen.modelgen]
2024-08-13 13:59:15 [info     ] 		Atau: [2000, 2000, 2000]     [Run3ModelGen.modelgen]
2024-08-13 13:59:15 [info     ] 		mu: [2000, 2000, 2000]       [Run3ModelGen.modelgen]
2024-08-13 13:59:15 [info     ] 		mA: [2000, 2000, 2000]       [Run3ModelGen.modelgen]
2024-08-13 13:59:15 [info     ] 		meL: [2000, 2000, 2000]      [Run3ModelGen.modelgen]
2024-08-13 13:59:15 [info     ] 		mtauL: [2000, 2000, 2000]    [Run3ModelGen.modelgen]
2024-08-13 13:59:15 [info     ] 		meR: [2000, 2000, 2000]      [Run3ModelGen.modelgen]
2024-08-13 13:59:15 [info     ] 		mtauR: [2000, 2000, 2000]    [Run3ModelGen.modelgen]
2024-08-13 13:59:15 [info     ] 		mqL1: [4000, 4000, 4000]     [Run3ModelGen.modelgen]
2024-08-13 13:59:15 [info     ] 		mqL3: [4000, 4000, 4000]     [Run3ModelGen.modelgen]
2024-08-13 13:59:15 [info     ] 		muR: [4000, 4000, 4000]      [Run3ModelGen.modelgen]
2024-08-13 13:59:15 [info     ] 		mtR: [4000, 4000, 4000]      [Run3ModelGen.modelgen]
2024-08-13 13:59:15 [info     ] 		mdR: [4000, 4000, 4000]      [Run3ModelGen.modelgen]
2024-08-13 13:59:15 [info     ] 		mbR: [4000, 4000, 4000]      [Run3ModelGen.modelgen]
2024-08-13 13:59:15 [info     ] 	steps =                       [Run3ModelGen.modelgen]
2024-08-13 13:59:15 [info     ] 		{'name': 'prep_input', 'output_dir': 'input', 'prefix': 'IN'} [Run3ModelGen.modelgen]
2024-08-13 13:59:15 [info     ] 		{'name': 'SPheno', 'input_dir': 'input', 'output_dir': 'SPheno', 'log_dir': 'SPheno_log', 'prefix': 'SP'} [Run3ModelGen.modelgen]
2024-08-13 13:59:15 [info     ] 		{'name': 'softsusy', 'input_dir': 'input', 'output_dir': 'softsusy', 'prefix': 'SS'} [Run3ModelGen.modelgen]
2024-08-13 13:59:15 [info     ] 		{'name': 'micromegas', 'input_dir': 'SPheno', 'output_dir': 'micromegas', 'prefix': 'MO'} [Run3ModelGen.modelgen]
2024-08-13 13:59:15 [info     ] 		{'name': 'superiso', 'input_dir': 'SPheno', 'output_dir': 'superiso', 'prefix': 'SI'} [Run3ModelGen.modelgen]
2024-08-13 13:59:15 [info     ] 		{'name': 'gm2calc', 'input_dir': 'SPheno', 'output_dir': 'gm2calc', 'prefix': 'GM2'} [Run3ModelGen.modelgen]
2024-08-13 13:59:15 [info     ] 		{'name': 'evade', 'input_dir': 'SPheno', 'output_dir': 'evade', 'prefix': 'EV'} [Run3ModelGen.modelgen]
2024-08-13 13:59:15 [info     ] Starting Model Generation...   [Run3ModelGen.modelgen]
2024-08-13 13:59:15 [info     ] Setting up output directories for scan [Run3ModelGen.modelgen]
2024-08-13 13:59:15 [info     ] Generating Model: 0.slha (1/3) [Run3ModelGen.modelgen]
2024-08-13 13:59:15 [info     ] 	running step: prep_input      [Run3ModelGen.modelgen]
2024-08-13 13:59:15 [info     ] 	running step: SPheno          [Run3ModelGen.modelgen]
2024-08-13 13:59:15 [info     ] 	running step: softsusy        [Run3ModelGen.modelgen]
2024-08-13 13:59:15 [info     ] 	running step: micromegas      [Run3ModelGen.modelgen]
2024-08-13 13:59:15 [info     ] 	running step: superiso        [Run3ModelGen.modelgen]
2024-08-13 13:59:15 [info     ] 	running step: gm2calc         [Run3ModelGen.modelgen]
2024-08-13 13:59:15 [info     ] 	running step: evade           [Run3ModelGen.modelgen]
2024-08-13 13:59:15 [info     ] Generating Model: 1.slha (2/3) [Run3ModelGen.modelgen]
2024-08-13 13:59:15 [info     ] 	running step: prep_input      [Run3ModelGen.modelgen]
2024-08-13 13:59:15 [info     ] 	running step: SPheno          [Run3ModelGen.modelgen]
2024-08-13 13:59:16 [info     ] 	running step: softsusy        [Run3ModelGen.modelgen]
2024-08-13 13:59:16 [info     ] 	running step: micromegas      [Run3ModelGen.modelgen]
2024-08-13 13:59:16 [info     ] 	running step: superiso        [Run3ModelGen.modelgen]
2024-08-13 13:59:16 [info     ] 	running step: gm2calc         [Run3ModelGen.modelgen]
2024-08-13 13:59:16 [info     ] 	running step: evade           [Run3ModelGen.modelgen]
2024-08-13 13:59:16 [info     ] Generating Model: 2.slha (3/3) [Run3ModelGen.modelgen]
2024-08-13 13:59:16 [info     ] 	running step: prep_input      [Run3ModelGen.modelgen]
2024-08-13 13:59:16 [info     ] 	running step: SPheno          [Run3ModelGen.modelgen]
2024-08-13 13:59:16 [info     ] 	running step: softsusy        [Run3ModelGen.modelgen]
2024-08-13 13:59:16 [info     ] 	running step: micromegas      [Run3ModelGen.modelgen]
2024-08-13 13:59:17 [info     ] 	running step: superiso        [Run3ModelGen.modelgen]
2024-08-13 13:59:17 [info     ] 	running step: gm2calc         [Run3ModelGen.modelgen]
2024-08-13 13:59:17 [info     ] 	running step: evade           [Run3ModelGen.modelgen]
2024-08-13 13:59:17 [info     ] Finished generating models! Stats for successful generations (successful/attempted): [Run3ModelGen.modelgen]
2024-08-13 13:59:17 [info     ] 	prep_input: 3/3.              [Run3ModelGen.modelgen]
2024-08-13 13:59:17 [info     ] 	SPheno: 3/3.                  [Run3ModelGen.modelgen]
2024-08-13 13:59:17 [info     ] 	softsusy: 3/3.                [Run3ModelGen.modelgen]
2024-08-13 13:59:17 [info     ] 	micromegas: 3/3.              [Run3ModelGen.modelgen]
2024-08-13 13:59:17 [info     ] 	superiso: 3/3.                [Run3ModelGen.modelgen]
2024-08-13 13:59:17 [info     ] 	gm2calc: 3/3.                 [Run3ModelGen.modelgen]
2024-08-13 13:59:17 [info     ] 	evade: 0/3.                   [Run3ModelGen.modelgen]
2024-08-13 13:59:17 [info     ] Will make NTuple for: /u/dvoss/al_pmssmwithgp/Run3ModelGen/source/Run3ModelGen/scans/scan_3, with 3 models [Run3ModelGen.ntupling]
2024-08-13 13:59:17 [info     ] 	Filling values for model: 0   [Run3ModelGen.ntupling]
2024-08-13 13:59:17 [info     ] Saving NTuple in /u/dvoss/al_pmssmwithgp/Run3ModelGen/source/Run3ModelGen/scans/scan_3/ntuple.0.0.root ... [Run3ModelGen.ntupling]
Completed iteration 3
Starting iteration 4
Initial Training points:  tensor([0.5119, 0.8528, 0.5812, 0.1617], device='cuda:0') torch.Size([4])
Training points after adding:  tensor([0.5119, 0.8528, 0.5812, 0.1617, 0.0000, 0.0260, 0.0611, 0.0000, 0.0010,
        0.8078, 0.4725, 0.3353, 0.2873], device='cuda:0') torch.Size([13])
These training_points are used in the GP tensor([0.5119, 0.8528, 0.5812, 0.1617, 0.0000, 0.0260, 0.0611, 0.0000, 0.0010,
        0.8078, 0.4725, 0.3353, 0.2873], device='cuda:0')
points: {0, 177, 117}
new xs normalized:  tensor([0.0000, 0.1772, 0.1171], device='cuda:0')
Corresponding xs: tensor([-2000.0000, -1291.2913, -1531.5315], device='cuda:0')
Plot saved to /raven/u/dvoss/al_pmssmwithgp/model/plots/Iter4/gp_plot.png
YAML file has been created: /u/dvoss/al_pmssmwithgp/Run3ModelGen/source/Run3ModelGen/data/new_config.yaml
Note: detected 144 virtual cores but NumExpr set to maximum of 64, check "NUMEXPR_MAX_THREADS" environment variable.
Note: NumExpr detected 144 cores but "NUMEXPR_MAX_THREADS" not set, so enforcing safe limit of 8.
NumExpr defaulting to 8 threads.

  ___              ____ __  __          _       _   ___            
 | _ \ _  _  _ _  |__ /|  \/  | ___  __| | ___ | | / __| ___  _ _  
 |   /| || || ' \  |_ \| |\/| |/ _ \/ _` |/ -_)| || (_ |/ -_)| ' \ 
 |_|_\ \_,_||_||_||___/|_|  |_|\___/\__,_|\___||_| \___|\___||_||_|
                                                                   

2024-08-13 14:00:00 [info     ] Initialised ModelGenerator with: [Run3ModelGen.modelgen]
2024-08-13 14:00:00 [info     ] 	config_file = /u/dvoss/al_pmssmwithgp/Run3ModelGen/source/Run3ModelGen/data/new_config.yaml [Run3ModelGen.modelgen]
2024-08-13 14:00:00 [info     ] 	scan_dir = /u/dvoss/al_pmssmwithgp/Run3ModelGen/source/Run3ModelGen/scans/scan_4 [Run3ModelGen.modelgen]
2024-08-13 14:00:00 [info     ] 	rawfilen = /u/dvoss/al_pmssmwithgp/Run3ModelGen/source/Run3ModelGen/data/raw.slha [Run3ModelGen.modelgen]
2024-08-13 14:00:00 [info     ] 	seed = 123                    [Run3ModelGen.modelgen]
2024-08-13 14:00:00 [info     ] 	points = {}                   [Run3ModelGen.modelgen]
2024-08-13 14:00:00 [info     ] 	prior = fixed                 [Run3ModelGen.modelgen]
2024-08-13 14:00:00 [info     ] 	num_models = 3                [Run3ModelGen.modelgen]
2024-08-13 14:00:00 [info     ] 	isGMSB = False                [Run3ModelGen.modelgen]
2024-08-13 14:00:00 [info     ] 	parameters =                  [Run3ModelGen.modelgen]
2024-08-13 14:00:00 [info     ] 		tanb: [60, 60, 60]           [Run3ModelGen.modelgen]
2024-08-13 14:00:00 [info     ] 		M_1: [-2000.0, -1291.29, -1531.53] [Run3ModelGen.modelgen]
2024-08-13 14:00:00 [info     ] 		M_2: [2000, 2000, 2000]      [Run3ModelGen.modelgen]
2024-08-13 14:00:00 [info     ] 		M_3: [4000, 4000, 4000]      [Run3ModelGen.modelgen]
2024-08-13 14:00:00 [info     ] 		AT: [4000, 4000, 4000]       [Run3ModelGen.modelgen]
2024-08-13 14:00:00 [info     ] 		Ab: [2000, 2000, 2000]       [Run3ModelGen.modelgen]
2024-08-13 14:00:00 [info     ] 		Atau: [2000, 2000, 2000]     [Run3ModelGen.modelgen]
2024-08-13 14:00:00 [info     ] 		mu: [2000, 2000, 2000]       [Run3ModelGen.modelgen]
2024-08-13 14:00:00 [info     ] 		mA: [2000, 2000, 2000]       [Run3ModelGen.modelgen]
2024-08-13 14:00:00 [info     ] 		meL: [2000, 2000, 2000]      [Run3ModelGen.modelgen]
2024-08-13 14:00:00 [info     ] 		mtauL: [2000, 2000, 2000]    [Run3ModelGen.modelgen]
2024-08-13 14:00:00 [info     ] 		meR: [2000, 2000, 2000]      [Run3ModelGen.modelgen]
2024-08-13 14:00:00 [info     ] 		mtauR: [2000, 2000, 2000]    [Run3ModelGen.modelgen]
2024-08-13 14:00:00 [info     ] 		mqL1: [4000, 4000, 4000]     [Run3ModelGen.modelgen]
2024-08-13 14:00:00 [info     ] 		mqL3: [4000, 4000, 4000]     [Run3ModelGen.modelgen]
2024-08-13 14:00:00 [info     ] 		muR: [4000, 4000, 4000]      [Run3ModelGen.modelgen]
2024-08-13 14:00:00 [info     ] 		mtR: [4000, 4000, 4000]      [Run3ModelGen.modelgen]
2024-08-13 14:00:00 [info     ] 		mdR: [4000, 4000, 4000]      [Run3ModelGen.modelgen]
2024-08-13 14:00:00 [info     ] 		mbR: [4000, 4000, 4000]      [Run3ModelGen.modelgen]
2024-08-13 14:00:00 [info     ] 	steps =                       [Run3ModelGen.modelgen]
2024-08-13 14:00:00 [info     ] 		{'name': 'prep_input', 'output_dir': 'input', 'prefix': 'IN'} [Run3ModelGen.modelgen]
2024-08-13 14:00:00 [info     ] 		{'name': 'SPheno', 'input_dir': 'input', 'output_dir': 'SPheno', 'log_dir': 'SPheno_log', 'prefix': 'SP'} [Run3ModelGen.modelgen]
2024-08-13 14:00:00 [info     ] 		{'name': 'softsusy', 'input_dir': 'input', 'output_dir': 'softsusy', 'prefix': 'SS'} [Run3ModelGen.modelgen]
2024-08-13 14:00:00 [info     ] 		{'name': 'micromegas', 'input_dir': 'SPheno', 'output_dir': 'micromegas', 'prefix': 'MO'} [Run3ModelGen.modelgen]
2024-08-13 14:00:00 [info     ] 		{'name': 'superiso', 'input_dir': 'SPheno', 'output_dir': 'superiso', 'prefix': 'SI'} [Run3ModelGen.modelgen]
2024-08-13 14:00:00 [info     ] 		{'name': 'gm2calc', 'input_dir': 'SPheno', 'output_dir': 'gm2calc', 'prefix': 'GM2'} [Run3ModelGen.modelgen]
2024-08-13 14:00:00 [info     ] 		{'name': 'evade', 'input_dir': 'SPheno', 'output_dir': 'evade', 'prefix': 'EV'} [Run3ModelGen.modelgen]
2024-08-13 14:00:00 [info     ] Starting Model Generation...   [Run3ModelGen.modelgen]
2024-08-13 14:00:00 [info     ] Setting up output directories for scan [Run3ModelGen.modelgen]
2024-08-13 14:00:00 [info     ] Generating Model: 0.slha (1/3) [Run3ModelGen.modelgen]
2024-08-13 14:00:00 [info     ] 	running step: prep_input      [Run3ModelGen.modelgen]
2024-08-13 14:00:00 [info     ] 	running step: SPheno          [Run3ModelGen.modelgen]
2024-08-13 14:00:00 [info     ] 	running step: softsusy        [Run3ModelGen.modelgen]
2024-08-13 14:00:00 [info     ] 	running step: micromegas      [Run3ModelGen.modelgen]
2024-08-13 14:00:02 [info     ] 	running step: superiso        [Run3ModelGen.modelgen]
2024-08-13 14:00:02 [info     ] 	running step: gm2calc         [Run3ModelGen.modelgen]
2024-08-13 14:00:02 [info     ] 	running step: evade           [Run3ModelGen.modelgen]
2024-08-13 14:00:02 [info     ] Generating Model: 1.slha (2/3) [Run3ModelGen.modelgen]
2024-08-13 14:00:02 [info     ] 	running step: prep_input      [Run3ModelGen.modelgen]
2024-08-13 14:00:02 [info     ] 	running step: SPheno          [Run3ModelGen.modelgen]
2024-08-13 14:00:02 [info     ] 	running step: softsusy        [Run3ModelGen.modelgen]
2024-08-13 14:00:02 [info     ] 	running step: micromegas      [Run3ModelGen.modelgen]
2024-08-13 14:00:03 [info     ] 	running step: superiso        [Run3ModelGen.modelgen]
2024-08-13 14:00:03 [info     ] 	running step: gm2calc         [Run3ModelGen.modelgen]
2024-08-13 14:00:03 [info     ] 	running step: evade           [Run3ModelGen.modelgen]
2024-08-13 14:00:03 [info     ] Generating Model: 2.slha (3/3) [Run3ModelGen.modelgen]
2024-08-13 14:00:03 [info     ] 	running step: prep_input      [Run3ModelGen.modelgen]
2024-08-13 14:00:03 [info     ] 	running step: SPheno          [Run3ModelGen.modelgen]
2024-08-13 14:00:03 [info     ] 	running step: softsusy        [Run3ModelGen.modelgen]
2024-08-13 14:00:03 [info     ] 	running step: micromegas      [Run3ModelGen.modelgen]
2024-08-13 14:00:04 [info     ] 	running step: superiso        [Run3ModelGen.modelgen]
2024-08-13 14:00:04 [info     ] 	running step: gm2calc         [Run3ModelGen.modelgen]
2024-08-13 14:00:04 [info     ] 	running step: evade           [Run3ModelGen.modelgen]
2024-08-13 14:00:04 [info     ] Finished generating models! Stats for successful generations (successful/attempted): [Run3ModelGen.modelgen]
2024-08-13 14:00:04 [info     ] 	prep_input: 3/3.              [Run3ModelGen.modelgen]
2024-08-13 14:00:04 [info     ] 	SPheno: 3/3.                  [Run3ModelGen.modelgen]
2024-08-13 14:00:04 [info     ] 	softsusy: 3/3.                [Run3ModelGen.modelgen]
2024-08-13 14:00:04 [info     ] 	micromegas: 3/3.              [Run3ModelGen.modelgen]
2024-08-13 14:00:04 [info     ] 	superiso: 3/3.                [Run3ModelGen.modelgen]
2024-08-13 14:00:04 [info     ] 	gm2calc: 3/3.                 [Run3ModelGen.modelgen]
2024-08-13 14:00:04 [info     ] 	evade: 0/3.                   [Run3ModelGen.modelgen]
2024-08-13 14:00:04 [info     ] Will make NTuple for: /u/dvoss/al_pmssmwithgp/Run3ModelGen/source/Run3ModelGen/scans/scan_4, with 3 models [Run3ModelGen.ntupling]
2024-08-13 14:00:04 [info     ] 	Filling values for model: 0   [Run3ModelGen.ntupling]
2024-08-13 14:00:04 [info     ] Saving NTuple in /u/dvoss/al_pmssmwithgp/Run3ModelGen/source/Run3ModelGen/scans/scan_4/ntuple.0.0.root ... [Run3ModelGen.ntupling]
Completed iteration 4
Starting iteration 5
Initial Training points:  tensor([0.5119, 0.8528, 0.5812, 0.1617], device='cuda:0') torch.Size([4])
Training points after adding:  tensor([0.5119, 0.8528, 0.5812, 0.1617, 0.0000, 0.0260, 0.0611, 0.0000, 0.0010,
        0.8078, 0.4725, 0.3353, 0.2873, 0.0000, 0.1772, 0.1171],
       device='cuda:0') torch.Size([16])
These training_points are used in the GP tensor([0.5119, 0.8528, 0.5812, 0.1617, 0.0000, 0.0260, 0.0611, 0.0000, 0.0010,
        0.8078, 0.4725, 0.3353, 0.2873, 0.0000, 0.1772, 0.1171],
       device='cuda:0')
points: {0}
new xs normalized:  tensor([0.], device='cuda:0')
Corresponding xs: tensor([-2000.], device='cuda:0')
Plot saved to /raven/u/dvoss/al_pmssmwithgp/model/plots/Iter5/gp_plot.png
YAML file has been created: /u/dvoss/al_pmssmwithgp/Run3ModelGen/source/Run3ModelGen/data/new_config.yaml
Note: detected 144 virtual cores but NumExpr set to maximum of 64, check "NUMEXPR_MAX_THREADS" environment variable.
Note: NumExpr detected 144 cores but "NUMEXPR_MAX_THREADS" not set, so enforcing safe limit of 8.
NumExpr defaulting to 8 threads.

  ___              ____ __  __          _       _   ___            
 | _ \ _  _  _ _  |__ /|  \/  | ___  __| | ___ | | / __| ___  _ _  
 |   /| || || ' \  |_ \| |\/| |/ _ \/ _` |/ -_)| || (_ |/ -_)| ' \ 
 |_|_\ \_,_||_||_||___/|_|  |_|\___/\__,_|\___||_| \___|\___||_||_|
                                                                   

2024-08-13 14:00:48 [info     ] Initialised ModelGenerator with: [Run3ModelGen.modelgen]
2024-08-13 14:00:48 [info     ] 	config_file = /u/dvoss/al_pmssmwithgp/Run3ModelGen/source/Run3ModelGen/data/new_config.yaml [Run3ModelGen.modelgen]
2024-08-13 14:00:48 [info     ] 	scan_dir = /u/dvoss/al_pmssmwithgp/Run3ModelGen/source/Run3ModelGen/scans/scan_5 [Run3ModelGen.modelgen]
2024-08-13 14:00:48 [info     ] 	rawfilen = /u/dvoss/al_pmssmwithgp/Run3ModelGen/source/Run3ModelGen/data/raw.slha [Run3ModelGen.modelgen]
2024-08-13 14:00:48 [info     ] 	seed = 123                    [Run3ModelGen.modelgen]
2024-08-13 14:00:48 [info     ] 	points = {}                   [Run3ModelGen.modelgen]
2024-08-13 14:00:48 [info     ] 	prior = fixed                 [Run3ModelGen.modelgen]
2024-08-13 14:00:48 [info     ] 	num_models = 1                [Run3ModelGen.modelgen]
2024-08-13 14:00:48 [info     ] 	isGMSB = False                [Run3ModelGen.modelgen]
2024-08-13 14:00:48 [info     ] 	parameters =                  [Run3ModelGen.modelgen]
2024-08-13 14:00:48 [info     ] 		tanb: [60]                   [Run3ModelGen.modelgen]
2024-08-13 14:00:48 [info     ] 		M_1: [-2000.0]               [Run3ModelGen.modelgen]
2024-08-13 14:00:48 [info     ] 		M_2: [2000]                  [Run3ModelGen.modelgen]
2024-08-13 14:00:48 [info     ] 		M_3: [4000]                  [Run3ModelGen.modelgen]
2024-08-13 14:00:48 [info     ] 		AT: [4000]                   [Run3ModelGen.modelgen]
2024-08-13 14:00:48 [info     ] 		Ab: [2000]                   [Run3ModelGen.modelgen]
2024-08-13 14:00:48 [info     ] 		Atau: [2000]                 [Run3ModelGen.modelgen]
2024-08-13 14:00:48 [info     ] 		mu: [2000]                   [Run3ModelGen.modelgen]
2024-08-13 14:00:48 [info     ] 		mA: [2000]                   [Run3ModelGen.modelgen]
2024-08-13 14:00:48 [info     ] 		meL: [2000]                  [Run3ModelGen.modelgen]
2024-08-13 14:00:48 [info     ] 		mtauL: [2000]                [Run3ModelGen.modelgen]
2024-08-13 14:00:48 [info     ] 		meR: [2000]                  [Run3ModelGen.modelgen]
2024-08-13 14:00:48 [info     ] 		mtauR: [2000]                [Run3ModelGen.modelgen]
2024-08-13 14:00:48 [info     ] 		mqL1: [4000]                 [Run3ModelGen.modelgen]
2024-08-13 14:00:48 [info     ] 		mqL3: [4000]                 [Run3ModelGen.modelgen]
2024-08-13 14:00:48 [info     ] 		muR: [4000]                  [Run3ModelGen.modelgen]
2024-08-13 14:00:48 [info     ] 		mtR: [4000]                  [Run3ModelGen.modelgen]
2024-08-13 14:00:48 [info     ] 		mdR: [4000]                  [Run3ModelGen.modelgen]
2024-08-13 14:00:48 [info     ] 		mbR: [4000]                  [Run3ModelGen.modelgen]
2024-08-13 14:00:48 [info     ] 	steps =                       [Run3ModelGen.modelgen]
2024-08-13 14:00:48 [info     ] 		{'name': 'prep_input', 'output_dir': 'input', 'prefix': 'IN'} [Run3ModelGen.modelgen]
2024-08-13 14:00:48 [info     ] 		{'name': 'SPheno', 'input_dir': 'input', 'output_dir': 'SPheno', 'log_dir': 'SPheno_log', 'prefix': 'SP'} [Run3ModelGen.modelgen]
2024-08-13 14:00:48 [info     ] 		{'name': 'softsusy', 'input_dir': 'input', 'output_dir': 'softsusy', 'prefix': 'SS'} [Run3ModelGen.modelgen]
2024-08-13 14:00:48 [info     ] 		{'name': 'micromegas', 'input_dir': 'SPheno', 'output_dir': 'micromegas', 'prefix': 'MO'} [Run3ModelGen.modelgen]
2024-08-13 14:00:48 [info     ] 		{'name': 'superiso', 'input_dir': 'SPheno', 'output_dir': 'superiso', 'prefix': 'SI'} [Run3ModelGen.modelgen]
2024-08-13 14:00:48 [info     ] 		{'name': 'gm2calc', 'input_dir': 'SPheno', 'output_dir': 'gm2calc', 'prefix': 'GM2'} [Run3ModelGen.modelgen]
2024-08-13 14:00:48 [info     ] 		{'name': 'evade', 'input_dir': 'SPheno', 'output_dir': 'evade', 'prefix': 'EV'} [Run3ModelGen.modelgen]
2024-08-13 14:00:48 [info     ] Starting Model Generation...   [Run3ModelGen.modelgen]
2024-08-13 14:00:48 [info     ] Setting up output directories for scan [Run3ModelGen.modelgen]
2024-08-13 14:00:48 [info     ] Generating Model: 0.slha (1/1) [Run3ModelGen.modelgen]
2024-08-13 14:00:48 [info     ] 	running step: prep_input      [Run3ModelGen.modelgen]
2024-08-13 14:00:48 [info     ] 	running step: SPheno          [Run3ModelGen.modelgen]
2024-08-13 14:00:48 [info     ] 	running step: softsusy        [Run3ModelGen.modelgen]
2024-08-13 14:00:48 [info     ] 	running step: micromegas      [Run3ModelGen.modelgen]
2024-08-13 14:00:50 [info     ] 	running step: superiso        [Run3ModelGen.modelgen]
2024-08-13 14:00:50 [info     ] 	running step: gm2calc         [Run3ModelGen.modelgen]
2024-08-13 14:00:50 [info     ] 	running step: evade           [Run3ModelGen.modelgen]
2024-08-13 14:00:50 [info     ] Finished generating models! Stats for successful generations (successful/attempted): [Run3ModelGen.modelgen]
2024-08-13 14:00:50 [info     ] 	prep_input: 1/1.              [Run3ModelGen.modelgen]
2024-08-13 14:00:50 [info     ] 	SPheno: 1/1.                  [Run3ModelGen.modelgen]
2024-08-13 14:00:50 [info     ] 	softsusy: 1/1.                [Run3ModelGen.modelgen]
2024-08-13 14:00:50 [info     ] 	micromegas: 1/1.              [Run3ModelGen.modelgen]
2024-08-13 14:00:50 [info     ] 	superiso: 1/1.                [Run3ModelGen.modelgen]
2024-08-13 14:00:50 [info     ] 	gm2calc: 1/1.                 [Run3ModelGen.modelgen]
2024-08-13 14:00:50 [info     ] 	evade: 0/1.                   [Run3ModelGen.modelgen]
2024-08-13 14:00:50 [info     ] Will make NTuple for: /u/dvoss/al_pmssmwithgp/Run3ModelGen/source/Run3ModelGen/scans/scan_5, with 1 models [Run3ModelGen.ntupling]
2024-08-13 14:00:50 [info     ] 	Filling values for model: 0   [Run3ModelGen.ntupling]
2024-08-13 14:00:50 [info     ] Saving NTuple in /u/dvoss/al_pmssmwithgp/Run3ModelGen/source/Run3ModelGen/scans/scan_5/ntuple.0.0.root ... [Run3ModelGen.ntupling]
Completed iteration 5
Starting iteration 6
Initial Training points:  tensor([0.5119, 0.8528, 0.5812, 0.1617], device='cuda:0') torch.Size([4])
Training points after adding:  tensor([0.5119, 0.8528, 0.5812, 0.1617, 0.0000, 0.0260, 0.0611, 0.0000, 0.0010,
        0.8078, 0.4725, 0.3353, 0.2873, 0.0000, 0.1772, 0.1171, 0.0000],
       device='cuda:0') torch.Size([17])
These training_points are used in the GP tensor([0.5119, 0.8528, 0.5812, 0.1617, 0.0000, 0.0260, 0.0611, 0.0000, 0.0010,
        0.8078, 0.4725, 0.3353, 0.2873, 0.0000, 0.1772, 0.1171, 0.0000],
       device='cuda:0')
points: {0}
new xs normalized:  tensor([0.], device='cuda:0')
Corresponding xs: tensor([-2000.], device='cuda:0')
Plot saved to /raven/u/dvoss/al_pmssmwithgp/model/plots/Iter6/gp_plot.png
YAML file has been created: /u/dvoss/al_pmssmwithgp/Run3ModelGen/source/Run3ModelGen/data/new_config.yaml
Note: detected 144 virtual cores but NumExpr set to maximum of 64, check "NUMEXPR_MAX_THREADS" environment variable.
Note: NumExpr detected 144 cores but "NUMEXPR_MAX_THREADS" not set, so enforcing safe limit of 8.
NumExpr defaulting to 8 threads.

  ___              ____ __  __          _       _   ___            
 | _ \ _  _  _ _  |__ /|  \/  | ___  __| | ___ | | / __| ___  _ _  
 |   /| || || ' \  |_ \| |\/| |/ _ \/ _` |/ -_)| || (_ |/ -_)| ' \ 
 |_|_\ \_,_||_||_||___/|_|  |_|\___/\__,_|\___||_| \___|\___||_||_|
                                                                   

2024-08-13 14:01:33 [info     ] Initialised ModelGenerator with: [Run3ModelGen.modelgen]
2024-08-13 14:01:33 [info     ] 	config_file = /u/dvoss/al_pmssmwithgp/Run3ModelGen/source/Run3ModelGen/data/new_config.yaml [Run3ModelGen.modelgen]
2024-08-13 14:01:33 [info     ] 	scan_dir = /u/dvoss/al_pmssmwithgp/Run3ModelGen/source/Run3ModelGen/scans/scan_6 [Run3ModelGen.modelgen]
2024-08-13 14:01:33 [info     ] 	rawfilen = /u/dvoss/al_pmssmwithgp/Run3ModelGen/source/Run3ModelGen/data/raw.slha [Run3ModelGen.modelgen]
2024-08-13 14:01:33 [info     ] 	seed = 123                    [Run3ModelGen.modelgen]
2024-08-13 14:01:33 [info     ] 	points = {}                   [Run3ModelGen.modelgen]
2024-08-13 14:01:33 [info     ] 	prior = fixed                 [Run3ModelGen.modelgen]
2024-08-13 14:01:33 [info     ] 	num_models = 1                [Run3ModelGen.modelgen]
2024-08-13 14:01:33 [info     ] 	isGMSB = False                [Run3ModelGen.modelgen]
2024-08-13 14:01:33 [info     ] 	parameters =                  [Run3ModelGen.modelgen]
2024-08-13 14:01:33 [info     ] 		tanb: [60]                   [Run3ModelGen.modelgen]
2024-08-13 14:01:33 [info     ] 		M_1: [-2000.0]               [Run3ModelGen.modelgen]
2024-08-13 14:01:33 [info     ] 		M_2: [2000]                  [Run3ModelGen.modelgen]
2024-08-13 14:01:33 [info     ] 		M_3: [4000]                  [Run3ModelGen.modelgen]
2024-08-13 14:01:33 [info     ] 		AT: [4000]                   [Run3ModelGen.modelgen]
2024-08-13 14:01:33 [info     ] 		Ab: [2000]                   [Run3ModelGen.modelgen]
2024-08-13 14:01:33 [info     ] 		Atau: [2000]                 [Run3ModelGen.modelgen]
2024-08-13 14:01:33 [info     ] 		mu: [2000]                   [Run3ModelGen.modelgen]
2024-08-13 14:01:33 [info     ] 		mA: [2000]                   [Run3ModelGen.modelgen]
2024-08-13 14:01:33 [info     ] 		meL: [2000]                  [Run3ModelGen.modelgen]
2024-08-13 14:01:33 [info     ] 		mtauL: [2000]                [Run3ModelGen.modelgen]
2024-08-13 14:01:33 [info     ] 		meR: [2000]                  [Run3ModelGen.modelgen]
2024-08-13 14:01:33 [info     ] 		mtauR: [2000]                [Run3ModelGen.modelgen]
2024-08-13 14:01:33 [info     ] 		mqL1: [4000]                 [Run3ModelGen.modelgen]
2024-08-13 14:01:33 [info     ] 		mqL3: [4000]                 [Run3ModelGen.modelgen]
2024-08-13 14:01:33 [info     ] 		muR: [4000]                  [Run3ModelGen.modelgen]
2024-08-13 14:01:33 [info     ] 		mtR: [4000]                  [Run3ModelGen.modelgen]
2024-08-13 14:01:33 [info     ] 		mdR: [4000]                  [Run3ModelGen.modelgen]
2024-08-13 14:01:33 [info     ] 		mbR: [4000]                  [Run3ModelGen.modelgen]
2024-08-13 14:01:33 [info     ] 	steps =                       [Run3ModelGen.modelgen]
2024-08-13 14:01:33 [info     ] 		{'name': 'prep_input', 'output_dir': 'input', 'prefix': 'IN'} [Run3ModelGen.modelgen]
2024-08-13 14:01:33 [info     ] 		{'name': 'SPheno', 'input_dir': 'input', 'output_dir': 'SPheno', 'log_dir': 'SPheno_log', 'prefix': 'SP'} [Run3ModelGen.modelgen]
2024-08-13 14:01:33 [info     ] 		{'name': 'softsusy', 'input_dir': 'input', 'output_dir': 'softsusy', 'prefix': 'SS'} [Run3ModelGen.modelgen]
2024-08-13 14:01:33 [info     ] 		{'name': 'micromegas', 'input_dir': 'SPheno', 'output_dir': 'micromegas', 'prefix': 'MO'} [Run3ModelGen.modelgen]
2024-08-13 14:01:33 [info     ] 		{'name': 'superiso', 'input_dir': 'SPheno', 'output_dir': 'superiso', 'prefix': 'SI'} [Run3ModelGen.modelgen]
2024-08-13 14:01:33 [info     ] 		{'name': 'gm2calc', 'input_dir': 'SPheno', 'output_dir': 'gm2calc', 'prefix': 'GM2'} [Run3ModelGen.modelgen]
2024-08-13 14:01:33 [info     ] 		{'name': 'evade', 'input_dir': 'SPheno', 'output_dir': 'evade', 'prefix': 'EV'} [Run3ModelGen.modelgen]
2024-08-13 14:01:33 [info     ] Starting Model Generation...   [Run3ModelGen.modelgen]
2024-08-13 14:01:33 [info     ] Setting up output directories for scan [Run3ModelGen.modelgen]
2024-08-13 14:01:34 [info     ] Generating Model: 0.slha (1/1) [Run3ModelGen.modelgen]
2024-08-13 14:01:34 [info     ] 	running step: prep_input      [Run3ModelGen.modelgen]
2024-08-13 14:01:34 [info     ] 	running step: SPheno          [Run3ModelGen.modelgen]
2024-08-13 14:01:34 [info     ] 	running step: softsusy        [Run3ModelGen.modelgen]
2024-08-13 14:01:34 [info     ] 	running step: micromegas      [Run3ModelGen.modelgen]
2024-08-13 14:01:35 [info     ] 	running step: superiso        [Run3ModelGen.modelgen]
2024-08-13 14:01:35 [info     ] 	running step: gm2calc         [Run3ModelGen.modelgen]
2024-08-13 14:01:35 [info     ] 	running step: evade           [Run3ModelGen.modelgen]
2024-08-13 14:01:35 [info     ] Finished generating models! Stats for successful generations (successful/attempted): [Run3ModelGen.modelgen]
2024-08-13 14:01:35 [info     ] 	prep_input: 1/1.              [Run3ModelGen.modelgen]
2024-08-13 14:01:35 [info     ] 	SPheno: 1/1.                  [Run3ModelGen.modelgen]
2024-08-13 14:01:35 [info     ] 	softsusy: 1/1.                [Run3ModelGen.modelgen]
2024-08-13 14:01:35 [info     ] 	micromegas: 1/1.              [Run3ModelGen.modelgen]
2024-08-13 14:01:35 [info     ] 	superiso: 1/1.                [Run3ModelGen.modelgen]
2024-08-13 14:01:35 [info     ] 	gm2calc: 1/1.                 [Run3ModelGen.modelgen]
2024-08-13 14:01:35 [info     ] 	evade: 0/1.                   [Run3ModelGen.modelgen]
2024-08-13 14:01:35 [info     ] Will make NTuple for: /u/dvoss/al_pmssmwithgp/Run3ModelGen/source/Run3ModelGen/scans/scan_6, with 1 models [Run3ModelGen.ntupling]
2024-08-13 14:01:35 [info     ] 	Filling values for model: 0   [Run3ModelGen.ntupling]
2024-08-13 14:01:35 [info     ] Saving NTuple in /u/dvoss/al_pmssmwithgp/Run3ModelGen/source/Run3ModelGen/scans/scan_6/ntuple.0.0.root ... [Run3ModelGen.ntupling]
Completed iteration 6
Starting iteration 7
Initial Training points:  tensor([0.5119, 0.8528, 0.5812, 0.1617], device='cuda:0') torch.Size([4])
Training points after adding:  tensor([0.5119, 0.8528, 0.5812, 0.1617, 0.0000, 0.0260, 0.0611, 0.0000, 0.0010,
        0.8078, 0.4725, 0.3353, 0.2873, 0.0000, 0.1772, 0.1171, 0.0000, 0.0000],
       device='cuda:0') torch.Size([18])
These training_points are used in the GP tensor([0.5119, 0.8528, 0.5812, 0.1617, 0.0000, 0.0260, 0.0611, 0.0000, 0.0010,
        0.8078, 0.4725, 0.3353, 0.2873, 0.0000, 0.1772, 0.1171, 0.0000, 0.0000],
       device='cuda:0')
points: {0}
new xs normalized:  tensor([0.], device='cuda:0')
Corresponding xs: tensor([-2000.], device='cuda:0')
Plot saved to /raven/u/dvoss/al_pmssmwithgp/model/plots/Iter7/gp_plot.png
YAML file has been created: /u/dvoss/al_pmssmwithgp/Run3ModelGen/source/Run3ModelGen/data/new_config.yaml
Note: detected 144 virtual cores but NumExpr set to maximum of 64, check "NUMEXPR_MAX_THREADS" environment variable.
Note: NumExpr detected 144 cores but "NUMEXPR_MAX_THREADS" not set, so enforcing safe limit of 8.
NumExpr defaulting to 8 threads.

  ___              ____ __  __          _       _   ___            
 | _ \ _  _  _ _  |__ /|  \/  | ___  __| | ___ | | / __| ___  _ _  
 |   /| || || ' \  |_ \| |\/| |/ _ \/ _` |/ -_)| || (_ |/ -_)| ' \ 
 |_|_\ \_,_||_||_||___/|_|  |_|\___/\__,_|\___||_| \___|\___||_||_|
                                                                   

2024-08-13 14:02:19 [info     ] Initialised ModelGenerator with: [Run3ModelGen.modelgen]
2024-08-13 14:02:19 [info     ] 	config_file = /u/dvoss/al_pmssmwithgp/Run3ModelGen/source/Run3ModelGen/data/new_config.yaml [Run3ModelGen.modelgen]
2024-08-13 14:02:19 [info     ] 	scan_dir = /u/dvoss/al_pmssmwithgp/Run3ModelGen/source/Run3ModelGen/scans/scan_7 [Run3ModelGen.modelgen]
2024-08-13 14:02:19 [info     ] 	rawfilen = /u/dvoss/al_pmssmwithgp/Run3ModelGen/source/Run3ModelGen/data/raw.slha [Run3ModelGen.modelgen]
2024-08-13 14:02:19 [info     ] 	seed = 123                    [Run3ModelGen.modelgen]
2024-08-13 14:02:19 [info     ] 	points = {}                   [Run3ModelGen.modelgen]
2024-08-13 14:02:19 [info     ] 	prior = fixed                 [Run3ModelGen.modelgen]
2024-08-13 14:02:19 [info     ] 	num_models = 1                [Run3ModelGen.modelgen]
2024-08-13 14:02:19 [info     ] 	isGMSB = False                [Run3ModelGen.modelgen]
2024-08-13 14:02:19 [info     ] 	parameters =                  [Run3ModelGen.modelgen]
2024-08-13 14:02:19 [info     ] 		tanb: [60]                   [Run3ModelGen.modelgen]
2024-08-13 14:02:19 [info     ] 		M_1: [-2000.0]               [Run3ModelGen.modelgen]
2024-08-13 14:02:19 [info     ] 		M_2: [2000]                  [Run3ModelGen.modelgen]
2024-08-13 14:02:19 [info     ] 		M_3: [4000]                  [Run3ModelGen.modelgen]
2024-08-13 14:02:19 [info     ] 		AT: [4000]                   [Run3ModelGen.modelgen]
2024-08-13 14:02:19 [info     ] 		Ab: [2000]                   [Run3ModelGen.modelgen]
2024-08-13 14:02:19 [info     ] 		Atau: [2000]                 [Run3ModelGen.modelgen]
2024-08-13 14:02:19 [info     ] 		mu: [2000]                   [Run3ModelGen.modelgen]
2024-08-13 14:02:19 [info     ] 		mA: [2000]                   [Run3ModelGen.modelgen]
2024-08-13 14:02:19 [info     ] 		meL: [2000]                  [Run3ModelGen.modelgen]
2024-08-13 14:02:19 [info     ] 		mtauL: [2000]                [Run3ModelGen.modelgen]
2024-08-13 14:02:19 [info     ] 		meR: [2000]                  [Run3ModelGen.modelgen]
2024-08-13 14:02:19 [info     ] 		mtauR: [2000]                [Run3ModelGen.modelgen]
2024-08-13 14:02:19 [info     ] 		mqL1: [4000]                 [Run3ModelGen.modelgen]
2024-08-13 14:02:19 [info     ] 		mqL3: [4000]                 [Run3ModelGen.modelgen]
2024-08-13 14:02:19 [info     ] 		muR: [4000]                  [Run3ModelGen.modelgen]
2024-08-13 14:02:19 [info     ] 		mtR: [4000]                  [Run3ModelGen.modelgen]
2024-08-13 14:02:19 [info     ] 		mdR: [4000]                  [Run3ModelGen.modelgen]
2024-08-13 14:02:19 [info     ] 		mbR: [4000]                  [Run3ModelGen.modelgen]
2024-08-13 14:02:19 [info     ] 	steps =                       [Run3ModelGen.modelgen]
2024-08-13 14:02:19 [info     ] 		{'name': 'prep_input', 'output_dir': 'input', 'prefix': 'IN'} [Run3ModelGen.modelgen]
2024-08-13 14:02:19 [info     ] 		{'name': 'SPheno', 'input_dir': 'input', 'output_dir': 'SPheno', 'log_dir': 'SPheno_log', 'prefix': 'SP'} [Run3ModelGen.modelgen]
2024-08-13 14:02:19 [info     ] 		{'name': 'softsusy', 'input_dir': 'input', 'output_dir': 'softsusy', 'prefix': 'SS'} [Run3ModelGen.modelgen]
2024-08-13 14:02:19 [info     ] 		{'name': 'micromegas', 'input_dir': 'SPheno', 'output_dir': 'micromegas', 'prefix': 'MO'} [Run3ModelGen.modelgen]
2024-08-13 14:02:19 [info     ] 		{'name': 'superiso', 'input_dir': 'SPheno', 'output_dir': 'superiso', 'prefix': 'SI'} [Run3ModelGen.modelgen]
2024-08-13 14:02:19 [info     ] 		{'name': 'gm2calc', 'input_dir': 'SPheno', 'output_dir': 'gm2calc', 'prefix': 'GM2'} [Run3ModelGen.modelgen]
2024-08-13 14:02:19 [info     ] 		{'name': 'evade', 'input_dir': 'SPheno', 'output_dir': 'evade', 'prefix': 'EV'} [Run3ModelGen.modelgen]
2024-08-13 14:02:19 [info     ] Starting Model Generation...   [Run3ModelGen.modelgen]
2024-08-13 14:02:19 [info     ] Setting up output directories for scan [Run3ModelGen.modelgen]
2024-08-13 14:02:19 [info     ] Generating Model: 0.slha (1/1) [Run3ModelGen.modelgen]
2024-08-13 14:02:19 [info     ] 	running step: prep_input      [Run3ModelGen.modelgen]
2024-08-13 14:02:19 [info     ] 	running step: SPheno          [Run3ModelGen.modelgen]
2024-08-13 14:02:19 [info     ] 	running step: softsusy        [Run3ModelGen.modelgen]
2024-08-13 14:02:19 [info     ] 	running step: micromegas      [Run3ModelGen.modelgen]
2024-08-13 14:02:20 [info     ] 	running step: superiso        [Run3ModelGen.modelgen]
2024-08-13 14:02:21 [info     ] 	running step: gm2calc         [Run3ModelGen.modelgen]
2024-08-13 14:02:21 [info     ] 	running step: evade           [Run3ModelGen.modelgen]
2024-08-13 14:02:21 [info     ] Finished generating models! Stats for successful generations (successful/attempted): [Run3ModelGen.modelgen]
2024-08-13 14:02:21 [info     ] 	prep_input: 1/1.              [Run3ModelGen.modelgen]
2024-08-13 14:02:21 [info     ] 	SPheno: 1/1.                  [Run3ModelGen.modelgen]
2024-08-13 14:02:21 [info     ] 	softsusy: 1/1.                [Run3ModelGen.modelgen]
2024-08-13 14:02:21 [info     ] 	micromegas: 1/1.              [Run3ModelGen.modelgen]
2024-08-13 14:02:21 [info     ] 	superiso: 1/1.                [Run3ModelGen.modelgen]
2024-08-13 14:02:21 [info     ] 	gm2calc: 1/1.                 [Run3ModelGen.modelgen]
2024-08-13 14:02:21 [info     ] 	evade: 0/1.                   [Run3ModelGen.modelgen]
2024-08-13 14:02:21 [info     ] Will make NTuple for: /u/dvoss/al_pmssmwithgp/Run3ModelGen/source/Run3ModelGen/scans/scan_7, with 1 models [Run3ModelGen.ntupling]
2024-08-13 14:02:21 [info     ] 	Filling values for model: 0   [Run3ModelGen.ntupling]
2024-08-13 14:02:21 [info     ] Saving NTuple in /u/dvoss/al_pmssmwithgp/Run3ModelGen/source/Run3ModelGen/scans/scan_7/ntuple.0.0.root ... [Run3ModelGen.ntupling]
Completed iteration 7
Starting iteration 8
Initial Training points:  tensor([0.5119, 0.8528, 0.5812, 0.1617], device='cuda:0') torch.Size([4])
Training points after adding:  tensor([0.5119, 0.8528, 0.5812, 0.1617, 0.0000, 0.0260, 0.0611, 0.0000, 0.0010,
        0.8078, 0.4725, 0.3353, 0.2873, 0.0000, 0.1772, 0.1171, 0.0000, 0.0000,
        0.0000], device='cuda:0') torch.Size([19])
These training_points are used in the GP tensor([0.5119, 0.8528, 0.5812, 0.1617, 0.0000, 0.0260, 0.0611, 0.0000, 0.0010,
        0.8078, 0.4725, 0.3353, 0.2873, 0.0000, 0.1772, 0.1171, 0.0000, 0.0000,
        0.0000], device='cuda:0')
points: {0}
new xs normalized:  tensor([0.], device='cuda:0')
Corresponding xs: tensor([-2000.], device='cuda:0')
Plot saved to /raven/u/dvoss/al_pmssmwithgp/model/plots/Iter8/gp_plot.png
YAML file has been created: /u/dvoss/al_pmssmwithgp/Run3ModelGen/source/Run3ModelGen/data/new_config.yaml
Note: detected 144 virtual cores but NumExpr set to maximum of 64, check "NUMEXPR_MAX_THREADS" environment variable.
Note: NumExpr detected 144 cores but "NUMEXPR_MAX_THREADS" not set, so enforcing safe limit of 8.
NumExpr defaulting to 8 threads.

  ___              ____ __  __          _       _   ___            
 | _ \ _  _  _ _  |__ /|  \/  | ___  __| | ___ | | / __| ___  _ _  
 |   /| || || ' \  |_ \| |\/| |/ _ \/ _` |/ -_)| || (_ |/ -_)| ' \ 
 |_|_\ \_,_||_||_||___/|_|  |_|\___/\__,_|\___||_| \___|\___||_||_|
                                                                   

2024-08-13 14:03:03 [info     ] Initialised ModelGenerator with: [Run3ModelGen.modelgen]
2024-08-13 14:03:03 [info     ] 	config_file = /u/dvoss/al_pmssmwithgp/Run3ModelGen/source/Run3ModelGen/data/new_config.yaml [Run3ModelGen.modelgen]
2024-08-13 14:03:03 [info     ] 	scan_dir = /u/dvoss/al_pmssmwithgp/Run3ModelGen/source/Run3ModelGen/scans/scan_8 [Run3ModelGen.modelgen]
2024-08-13 14:03:03 [info     ] 	rawfilen = /u/dvoss/al_pmssmwithgp/Run3ModelGen/source/Run3ModelGen/data/raw.slha [Run3ModelGen.modelgen]
2024-08-13 14:03:03 [info     ] 	seed = 123                    [Run3ModelGen.modelgen]
2024-08-13 14:03:03 [info     ] 	points = {}                   [Run3ModelGen.modelgen]
2024-08-13 14:03:03 [info     ] 	prior = fixed                 [Run3ModelGen.modelgen]
2024-08-13 14:03:03 [info     ] 	num_models = 1                [Run3ModelGen.modelgen]
2024-08-13 14:03:03 [info     ] 	isGMSB = False                [Run3ModelGen.modelgen]
2024-08-13 14:03:03 [info     ] 	parameters =                  [Run3ModelGen.modelgen]
2024-08-13 14:03:03 [info     ] 		tanb: [60]                   [Run3ModelGen.modelgen]
2024-08-13 14:03:03 [info     ] 		M_1: [-2000.0]               [Run3ModelGen.modelgen]
2024-08-13 14:03:03 [info     ] 		M_2: [2000]                  [Run3ModelGen.modelgen]
2024-08-13 14:03:03 [info     ] 		M_3: [4000]                  [Run3ModelGen.modelgen]
2024-08-13 14:03:03 [info     ] 		AT: [4000]                   [Run3ModelGen.modelgen]
2024-08-13 14:03:03 [info     ] 		Ab: [2000]                   [Run3ModelGen.modelgen]
2024-08-13 14:03:03 [info     ] 		Atau: [2000]                 [Run3ModelGen.modelgen]
2024-08-13 14:03:03 [info     ] 		mu: [2000]                   [Run3ModelGen.modelgen]
2024-08-13 14:03:03 [info     ] 		mA: [2000]                   [Run3ModelGen.modelgen]
2024-08-13 14:03:03 [info     ] 		meL: [2000]                  [Run3ModelGen.modelgen]
2024-08-13 14:03:03 [info     ] 		mtauL: [2000]                [Run3ModelGen.modelgen]
2024-08-13 14:03:03 [info     ] 		meR: [2000]                  [Run3ModelGen.modelgen]
2024-08-13 14:03:03 [info     ] 		mtauR: [2000]                [Run3ModelGen.modelgen]
2024-08-13 14:03:03 [info     ] 		mqL1: [4000]                 [Run3ModelGen.modelgen]
2024-08-13 14:03:03 [info     ] 		mqL3: [4000]                 [Run3ModelGen.modelgen]
2024-08-13 14:03:03 [info     ] 		muR: [4000]                  [Run3ModelGen.modelgen]
2024-08-13 14:03:03 [info     ] 		mtR: [4000]                  [Run3ModelGen.modelgen]
2024-08-13 14:03:03 [info     ] 		mdR: [4000]                  [Run3ModelGen.modelgen]
2024-08-13 14:03:03 [info     ] 		mbR: [4000]                  [Run3ModelGen.modelgen]
2024-08-13 14:03:03 [info     ] 	steps =                       [Run3ModelGen.modelgen]
2024-08-13 14:03:03 [info     ] 		{'name': 'prep_input', 'output_dir': 'input', 'prefix': 'IN'} [Run3ModelGen.modelgen]
2024-08-13 14:03:03 [info     ] 		{'name': 'SPheno', 'input_dir': 'input', 'output_dir': 'SPheno', 'log_dir': 'SPheno_log', 'prefix': 'SP'} [Run3ModelGen.modelgen]
2024-08-13 14:03:03 [info     ] 		{'name': 'softsusy', 'input_dir': 'input', 'output_dir': 'softsusy', 'prefix': 'SS'} [Run3ModelGen.modelgen]
2024-08-13 14:03:03 [info     ] 		{'name': 'micromegas', 'input_dir': 'SPheno', 'output_dir': 'micromegas', 'prefix': 'MO'} [Run3ModelGen.modelgen]
2024-08-13 14:03:03 [info     ] 		{'name': 'superiso', 'input_dir': 'SPheno', 'output_dir': 'superiso', 'prefix': 'SI'} [Run3ModelGen.modelgen]
2024-08-13 14:03:03 [info     ] 		{'name': 'gm2calc', 'input_dir': 'SPheno', 'output_dir': 'gm2calc', 'prefix': 'GM2'} [Run3ModelGen.modelgen]
2024-08-13 14:03:03 [info     ] 		{'name': 'evade', 'input_dir': 'SPheno', 'output_dir': 'evade', 'prefix': 'EV'} [Run3ModelGen.modelgen]
2024-08-13 14:03:03 [info     ] Starting Model Generation...   [Run3ModelGen.modelgen]
2024-08-13 14:03:03 [info     ] Setting up output directories for scan [Run3ModelGen.modelgen]
2024-08-13 14:03:04 [info     ] Generating Model: 0.slha (1/1) [Run3ModelGen.modelgen]
2024-08-13 14:03:04 [info     ] 	running step: prep_input      [Run3ModelGen.modelgen]
2024-08-13 14:03:04 [info     ] 	running step: SPheno          [Run3ModelGen.modelgen]
2024-08-13 14:03:04 [info     ] 	running step: softsusy        [Run3ModelGen.modelgen]
2024-08-13 14:03:04 [info     ] 	running step: micromegas      [Run3ModelGen.modelgen]
2024-08-13 14:03:06 [info     ] 	running step: superiso        [Run3ModelGen.modelgen]
2024-08-13 14:03:06 [info     ] 	running step: gm2calc         [Run3ModelGen.modelgen]
2024-08-13 14:03:06 [info     ] 	running step: evade           [Run3ModelGen.modelgen]
2024-08-13 14:03:06 [info     ] Finished generating models! Stats for successful generations (successful/attempted): [Run3ModelGen.modelgen]
2024-08-13 14:03:06 [info     ] 	prep_input: 1/1.              [Run3ModelGen.modelgen]
2024-08-13 14:03:06 [info     ] 	SPheno: 1/1.                  [Run3ModelGen.modelgen]
2024-08-13 14:03:06 [info     ] 	softsusy: 1/1.                [Run3ModelGen.modelgen]
2024-08-13 14:03:06 [info     ] 	micromegas: 1/1.              [Run3ModelGen.modelgen]
2024-08-13 14:03:06 [info     ] 	superiso: 1/1.                [Run3ModelGen.modelgen]
2024-08-13 14:03:06 [info     ] 	gm2calc: 1/1.                 [Run3ModelGen.modelgen]
2024-08-13 14:03:06 [info     ] 	evade: 0/1.                   [Run3ModelGen.modelgen]
2024-08-13 14:03:06 [info     ] Will make NTuple for: /u/dvoss/al_pmssmwithgp/Run3ModelGen/source/Run3ModelGen/scans/scan_8, with 1 models [Run3ModelGen.ntupling]
2024-08-13 14:03:06 [info     ] 	Filling values for model: 0   [Run3ModelGen.ntupling]
2024-08-13 14:03:06 [info     ] Saving NTuple in /u/dvoss/al_pmssmwithgp/Run3ModelGen/source/Run3ModelGen/scans/scan_8/ntuple.0.0.root ... [Run3ModelGen.ntupling]
Completed iteration 8
Starting iteration 9
Initial Training points:  tensor([0.5119, 0.8528, 0.5812, 0.1617], device='cuda:0') torch.Size([4])
Training points after adding:  tensor([0.5119, 0.8528, 0.5812, 0.1617, 0.0000, 0.0260, 0.0611, 0.0000, 0.0010,
        0.8078, 0.4725, 0.3353, 0.2873, 0.0000, 0.1772, 0.1171, 0.0000, 0.0000,
        0.0000, 0.0000], device='cuda:0') torch.Size([20])
These training_points are used in the GP tensor([0.5119, 0.8528, 0.5812, 0.1617, 0.0000, 0.0260, 0.0611, 0.0000, 0.0010,
        0.8078, 0.4725, 0.3353, 0.2873, 0.0000, 0.1772, 0.1171, 0.0000, 0.0000,
        0.0000, 0.0000], device='cuda:0')
points: {0}
new xs normalized:  tensor([0.], device='cuda:0')
Corresponding xs: tensor([-2000.], device='cuda:0')
Plot saved to /raven/u/dvoss/al_pmssmwithgp/model/plots/Iter9/gp_plot.png
YAML file has been created: /u/dvoss/al_pmssmwithgp/Run3ModelGen/source/Run3ModelGen/data/new_config.yaml
Note: detected 144 virtual cores but NumExpr set to maximum of 64, check "NUMEXPR_MAX_THREADS" environment variable.
Note: NumExpr detected 144 cores but "NUMEXPR_MAX_THREADS" not set, so enforcing safe limit of 8.
NumExpr defaulting to 8 threads.

  ___              ____ __  __          _       _   ___            
 | _ \ _  _  _ _  |__ /|  \/  | ___  __| | ___ | | / __| ___  _ _  
 |   /| || || ' \  |_ \| |\/| |/ _ \/ _` |/ -_)| || (_ |/ -_)| ' \ 
 |_|_\ \_,_||_||_||___/|_|  |_|\___/\__,_|\___||_| \___|\___||_||_|
                                                                   

2024-08-13 14:03:49 [info     ] Initialised ModelGenerator with: [Run3ModelGen.modelgen]
2024-08-13 14:03:49 [info     ] 	config_file = /u/dvoss/al_pmssmwithgp/Run3ModelGen/source/Run3ModelGen/data/new_config.yaml [Run3ModelGen.modelgen]
2024-08-13 14:03:49 [info     ] 	scan_dir = /u/dvoss/al_pmssmwithgp/Run3ModelGen/source/Run3ModelGen/scans/scan_9 [Run3ModelGen.modelgen]
2024-08-13 14:03:49 [info     ] 	rawfilen = /u/dvoss/al_pmssmwithgp/Run3ModelGen/source/Run3ModelGen/data/raw.slha [Run3ModelGen.modelgen]
2024-08-13 14:03:49 [info     ] 	seed = 123                    [Run3ModelGen.modelgen]
2024-08-13 14:03:49 [info     ] 	points = {}                   [Run3ModelGen.modelgen]
2024-08-13 14:03:49 [info     ] 	prior = fixed                 [Run3ModelGen.modelgen]
2024-08-13 14:03:49 [info     ] 	num_models = 1                [Run3ModelGen.modelgen]
2024-08-13 14:03:49 [info     ] 	isGMSB = False                [Run3ModelGen.modelgen]
2024-08-13 14:03:49 [info     ] 	parameters =                  [Run3ModelGen.modelgen]
2024-08-13 14:03:49 [info     ] 		tanb: [60]                   [Run3ModelGen.modelgen]
2024-08-13 14:03:49 [info     ] 		M_1: [-2000.0]               [Run3ModelGen.modelgen]
2024-08-13 14:03:49 [info     ] 		M_2: [2000]                  [Run3ModelGen.modelgen]
2024-08-13 14:03:49 [info     ] 		M_3: [4000]                  [Run3ModelGen.modelgen]
2024-08-13 14:03:49 [info     ] 		AT: [4000]                   [Run3ModelGen.modelgen]
2024-08-13 14:03:49 [info     ] 		Ab: [2000]                   [Run3ModelGen.modelgen]
2024-08-13 14:03:49 [info     ] 		Atau: [2000]                 [Run3ModelGen.modelgen]
2024-08-13 14:03:49 [info     ] 		mu: [2000]                   [Run3ModelGen.modelgen]
2024-08-13 14:03:49 [info     ] 		mA: [2000]                   [Run3ModelGen.modelgen]
2024-08-13 14:03:49 [info     ] 		meL: [2000]                  [Run3ModelGen.modelgen]
2024-08-13 14:03:49 [info     ] 		mtauL: [2000]                [Run3ModelGen.modelgen]
2024-08-13 14:03:49 [info     ] 		meR: [2000]                  [Run3ModelGen.modelgen]
2024-08-13 14:03:49 [info     ] 		mtauR: [2000]                [Run3ModelGen.modelgen]
2024-08-13 14:03:49 [info     ] 		mqL1: [4000]                 [Run3ModelGen.modelgen]
2024-08-13 14:03:49 [info     ] 		mqL3: [4000]                 [Run3ModelGen.modelgen]
2024-08-13 14:03:49 [info     ] 		muR: [4000]                  [Run3ModelGen.modelgen]
2024-08-13 14:03:49 [info     ] 		mtR: [4000]                  [Run3ModelGen.modelgen]
2024-08-13 14:03:49 [info     ] 		mdR: [4000]                  [Run3ModelGen.modelgen]
2024-08-13 14:03:49 [info     ] 		mbR: [4000]                  [Run3ModelGen.modelgen]
2024-08-13 14:03:49 [info     ] 	steps =                       [Run3ModelGen.modelgen]
2024-08-13 14:03:49 [info     ] 		{'name': 'prep_input', 'output_dir': 'input', 'prefix': 'IN'} [Run3ModelGen.modelgen]
2024-08-13 14:03:49 [info     ] 		{'name': 'SPheno', 'input_dir': 'input', 'output_dir': 'SPheno', 'log_dir': 'SPheno_log', 'prefix': 'SP'} [Run3ModelGen.modelgen]
2024-08-13 14:03:49 [info     ] 		{'name': 'softsusy', 'input_dir': 'input', 'output_dir': 'softsusy', 'prefix': 'SS'} [Run3ModelGen.modelgen]
2024-08-13 14:03:49 [info     ] 		{'name': 'micromegas', 'input_dir': 'SPheno', 'output_dir': 'micromegas', 'prefix': 'MO'} [Run3ModelGen.modelgen]
2024-08-13 14:03:49 [info     ] 		{'name': 'superiso', 'input_dir': 'SPheno', 'output_dir': 'superiso', 'prefix': 'SI'} [Run3ModelGen.modelgen]
2024-08-13 14:03:49 [info     ] 		{'name': 'gm2calc', 'input_dir': 'SPheno', 'output_dir': 'gm2calc', 'prefix': 'GM2'} [Run3ModelGen.modelgen]
2024-08-13 14:03:49 [info     ] 		{'name': 'evade', 'input_dir': 'SPheno', 'output_dir': 'evade', 'prefix': 'EV'} [Run3ModelGen.modelgen]
2024-08-13 14:03:49 [info     ] Starting Model Generation...   [Run3ModelGen.modelgen]
2024-08-13 14:03:49 [info     ] Setting up output directories for scan [Run3ModelGen.modelgen]
2024-08-13 14:03:49 [info     ] Generating Model: 0.slha (1/1) [Run3ModelGen.modelgen]
2024-08-13 14:03:49 [info     ] 	running step: prep_input      [Run3ModelGen.modelgen]
2024-08-13 14:03:49 [info     ] 	running step: SPheno          [Run3ModelGen.modelgen]
2024-08-13 14:03:49 [info     ] 	running step: softsusy        [Run3ModelGen.modelgen]
2024-08-13 14:03:49 [info     ] 	running step: micromegas      [Run3ModelGen.modelgen]
2024-08-13 14:03:51 [info     ] 	running step: superiso        [Run3ModelGen.modelgen]
2024-08-13 14:03:51 [info     ] 	running step: gm2calc         [Run3ModelGen.modelgen]
2024-08-13 14:03:51 [info     ] 	running step: evade           [Run3ModelGen.modelgen]
2024-08-13 14:03:51 [info     ] Finished generating models! Stats for successful generations (successful/attempted): [Run3ModelGen.modelgen]
2024-08-13 14:03:51 [info     ] 	prep_input: 1/1.              [Run3ModelGen.modelgen]
2024-08-13 14:03:51 [info     ] 	SPheno: 1/1.                  [Run3ModelGen.modelgen]
2024-08-13 14:03:51 [info     ] 	softsusy: 1/1.                [Run3ModelGen.modelgen]
2024-08-13 14:03:51 [info     ] 	micromegas: 1/1.              [Run3ModelGen.modelgen]
2024-08-13 14:03:51 [info     ] 	superiso: 1/1.                [Run3ModelGen.modelgen]
2024-08-13 14:03:51 [info     ] 	gm2calc: 1/1.                 [Run3ModelGen.modelgen]
2024-08-13 14:03:51 [info     ] 	evade: 0/1.                   [Run3ModelGen.modelgen]
2024-08-13 14:03:51 [info     ] Will make NTuple for: /u/dvoss/al_pmssmwithgp/Run3ModelGen/source/Run3ModelGen/scans/scan_9, with 1 models [Run3ModelGen.ntupling]
2024-08-13 14:03:51 [info     ] 	Filling values for model: 0   [Run3ModelGen.ntupling]
2024-08-13 14:03:51 [info     ] Saving NTuple in /u/dvoss/al_pmssmwithgp/Run3ModelGen/source/Run3ModelGen/scans/scan_9/ntuple.0.0.root ... [Run3ModelGen.ntupling]
Completed iteration 9
Starting iteration 10
Initial Training points:  tensor([0.5119, 0.8528, 0.5812, 0.1617], device='cuda:0') torch.Size([4])
Training points after adding:  tensor([0.5119, 0.8528, 0.5812, 0.1617, 0.0000, 0.0260, 0.0611, 0.0000, 0.0010,
        0.8078, 0.4725, 0.3353, 0.2873, 0.0000, 0.1772, 0.1171, 0.0000, 0.0000,
        0.0000, 0.0000, 0.0000], device='cuda:0') torch.Size([21])
These training_points are used in the GP tensor([0.5119, 0.8528, 0.5812, 0.1617, 0.0000, 0.0260, 0.0611, 0.0000, 0.0010,
        0.8078, 0.4725, 0.3353, 0.2873, 0.0000, 0.1772, 0.1171, 0.0000, 0.0000,
        0.0000, 0.0000, 0.0000], device='cuda:0')
points: {969, 907, 110}
new xs normalized:  tensor([0.9700, 0.9079, 0.1101], device='cuda:0')
Corresponding xs: tensor([ 1879.8799,  1631.6316, -1559.5596], device='cuda:0')
Plot saved to /raven/u/dvoss/al_pmssmwithgp/model/plots/Iter10/gp_plot.png
YAML file has been created: /u/dvoss/al_pmssmwithgp/Run3ModelGen/source/Run3ModelGen/data/new_config.yaml
Note: detected 144 virtual cores but NumExpr set to maximum of 64, check "NUMEXPR_MAX_THREADS" environment variable.
Note: NumExpr detected 144 cores but "NUMEXPR_MAX_THREADS" not set, so enforcing safe limit of 8.
NumExpr defaulting to 8 threads.

  ___              ____ __  __          _       _   ___            
 | _ \ _  _  _ _  |__ /|  \/  | ___  __| | ___ | | / __| ___  _ _  
 |   /| || || ' \  |_ \| |\/| |/ _ \/ _` |/ -_)| || (_ |/ -_)| ' \ 
 |_|_\ \_,_||_||_||___/|_|  |_|\___/\__,_|\___||_| \___|\___||_||_|
                                                                   

2024-08-13 14:04:34 [info     ] Initialised ModelGenerator with: [Run3ModelGen.modelgen]
2024-08-13 14:04:34 [info     ] 	config_file = /u/dvoss/al_pmssmwithgp/Run3ModelGen/source/Run3ModelGen/data/new_config.yaml [Run3ModelGen.modelgen]
2024-08-13 14:04:34 [info     ] 	scan_dir = /u/dvoss/al_pmssmwithgp/Run3ModelGen/source/Run3ModelGen/scans/scan_10 [Run3ModelGen.modelgen]
2024-08-13 14:04:34 [info     ] 	rawfilen = /u/dvoss/al_pmssmwithgp/Run3ModelGen/source/Run3ModelGen/data/raw.slha [Run3ModelGen.modelgen]
2024-08-13 14:04:34 [info     ] 	seed = 123                    [Run3ModelGen.modelgen]
2024-08-13 14:04:34 [info     ] 	points = {}                   [Run3ModelGen.modelgen]
2024-08-13 14:04:34 [info     ] 	prior = fixed                 [Run3ModelGen.modelgen]
2024-08-13 14:04:34 [info     ] 	num_models = 3                [Run3ModelGen.modelgen]
2024-08-13 14:04:34 [info     ] 	isGMSB = False                [Run3ModelGen.modelgen]
2024-08-13 14:04:34 [info     ] 	parameters =                  [Run3ModelGen.modelgen]
2024-08-13 14:04:34 [info     ] 		tanb: [60, 60, 60]           [Run3ModelGen.modelgen]
2024-08-13 14:04:34 [info     ] 		M_1: [1879.88, 1631.63, -1559.56] [Run3ModelGen.modelgen]
2024-08-13 14:04:34 [info     ] 		M_2: [2000, 2000, 2000]      [Run3ModelGen.modelgen]
2024-08-13 14:04:34 [info     ] 		M_3: [4000, 4000, 4000]      [Run3ModelGen.modelgen]
2024-08-13 14:04:34 [info     ] 		AT: [4000, 4000, 4000]       [Run3ModelGen.modelgen]
2024-08-13 14:04:34 [info     ] 		Ab: [2000, 2000, 2000]       [Run3ModelGen.modelgen]
2024-08-13 14:04:34 [info     ] 		Atau: [2000, 2000, 2000]     [Run3ModelGen.modelgen]
2024-08-13 14:04:34 [info     ] 		mu: [2000, 2000, 2000]       [Run3ModelGen.modelgen]
2024-08-13 14:04:34 [info     ] 		mA: [2000, 2000, 2000]       [Run3ModelGen.modelgen]
2024-08-13 14:04:34 [info     ] 		meL: [2000, 2000, 2000]      [Run3ModelGen.modelgen]
2024-08-13 14:04:34 [info     ] 		mtauL: [2000, 2000, 2000]    [Run3ModelGen.modelgen]
2024-08-13 14:04:34 [info     ] 		meR: [2000, 2000, 2000]      [Run3ModelGen.modelgen]
2024-08-13 14:04:34 [info     ] 		mtauR: [2000, 2000, 2000]    [Run3ModelGen.modelgen]
2024-08-13 14:04:34 [info     ] 		mqL1: [4000, 4000, 4000]     [Run3ModelGen.modelgen]
2024-08-13 14:04:34 [info     ] 		mqL3: [4000, 4000, 4000]     [Run3ModelGen.modelgen]
2024-08-13 14:04:34 [info     ] 		muR: [4000, 4000, 4000]      [Run3ModelGen.modelgen]
2024-08-13 14:04:34 [info     ] 		mtR: [4000, 4000, 4000]      [Run3ModelGen.modelgen]
2024-08-13 14:04:34 [info     ] 		mdR: [4000, 4000, 4000]      [Run3ModelGen.modelgen]
2024-08-13 14:04:34 [info     ] 		mbR: [4000, 4000, 4000]      [Run3ModelGen.modelgen]
2024-08-13 14:04:34 [info     ] 	steps =                       [Run3ModelGen.modelgen]
2024-08-13 14:04:34 [info     ] 		{'name': 'prep_input', 'output_dir': 'input', 'prefix': 'IN'} [Run3ModelGen.modelgen]
2024-08-13 14:04:34 [info     ] 		{'name': 'SPheno', 'input_dir': 'input', 'output_dir': 'SPheno', 'log_dir': 'SPheno_log', 'prefix': 'SP'} [Run3ModelGen.modelgen]
2024-08-13 14:04:34 [info     ] 		{'name': 'softsusy', 'input_dir': 'input', 'output_dir': 'softsusy', 'prefix': 'SS'} [Run3ModelGen.modelgen]
2024-08-13 14:04:34 [info     ] 		{'name': 'micromegas', 'input_dir': 'SPheno', 'output_dir': 'micromegas', 'prefix': 'MO'} [Run3ModelGen.modelgen]
2024-08-13 14:04:34 [info     ] 		{'name': 'superiso', 'input_dir': 'SPheno', 'output_dir': 'superiso', 'prefix': 'SI'} [Run3ModelGen.modelgen]
2024-08-13 14:04:34 [info     ] 		{'name': 'gm2calc', 'input_dir': 'SPheno', 'output_dir': 'gm2calc', 'prefix': 'GM2'} [Run3ModelGen.modelgen]
2024-08-13 14:04:34 [info     ] 		{'name': 'evade', 'input_dir': 'SPheno', 'output_dir': 'evade', 'prefix': 'EV'} [Run3ModelGen.modelgen]
2024-08-13 14:04:34 [info     ] Starting Model Generation...   [Run3ModelGen.modelgen]
2024-08-13 14:04:34 [info     ] Setting up output directories for scan [Run3ModelGen.modelgen]
2024-08-13 14:04:34 [info     ] Generating Model: 0.slha (1/3) [Run3ModelGen.modelgen]
2024-08-13 14:04:34 [info     ] 	running step: prep_input      [Run3ModelGen.modelgen]
2024-08-13 14:04:34 [info     ] 	running step: SPheno          [Run3ModelGen.modelgen]
2024-08-13 14:04:34 [info     ] 	running step: softsusy        [Run3ModelGen.modelgen]
2024-08-13 14:04:34 [info     ] 	running step: micromegas      [Run3ModelGen.modelgen]
2024-08-13 14:04:35 [info     ] 	running step: superiso        [Run3ModelGen.modelgen]
2024-08-13 14:04:36 [info     ] 	running step: gm2calc         [Run3ModelGen.modelgen]
2024-08-13 14:04:36 [info     ] 	running step: evade           [Run3ModelGen.modelgen]
2024-08-13 14:04:36 [info     ] Generating Model: 1.slha (2/3) [Run3ModelGen.modelgen]
2024-08-13 14:04:36 [info     ] 	running step: prep_input      [Run3ModelGen.modelgen]
2024-08-13 14:04:36 [info     ] 	running step: SPheno          [Run3ModelGen.modelgen]
2024-08-13 14:04:36 [info     ] 	running step: softsusy        [Run3ModelGen.modelgen]
2024-08-13 14:04:36 [info     ] 	running step: micromegas      [Run3ModelGen.modelgen]
2024-08-13 14:04:37 [info     ] 	running step: superiso        [Run3ModelGen.modelgen]
2024-08-13 14:04:37 [info     ] 	running step: gm2calc         [Run3ModelGen.modelgen]
2024-08-13 14:04:37 [info     ] 	running step: evade           [Run3ModelGen.modelgen]
2024-08-13 14:04:37 [info     ] Generating Model: 2.slha (3/3) [Run3ModelGen.modelgen]
2024-08-13 14:04:37 [info     ] 	running step: prep_input      [Run3ModelGen.modelgen]
2024-08-13 14:04:37 [info     ] 	running step: SPheno          [Run3ModelGen.modelgen]
2024-08-13 14:04:37 [info     ] 	running step: softsusy        [Run3ModelGen.modelgen]
2024-08-13 14:04:37 [info     ] 	running step: micromegas      [Run3ModelGen.modelgen]
2024-08-13 14:04:38 [info     ] 	running step: superiso        [Run3ModelGen.modelgen]
2024-08-13 14:04:38 [info     ] 	running step: gm2calc         [Run3ModelGen.modelgen]
2024-08-13 14:04:38 [info     ] 	running step: evade           [Run3ModelGen.modelgen]
2024-08-13 14:04:38 [info     ] Finished generating models! Stats for successful generations (successful/attempted): [Run3ModelGen.modelgen]
2024-08-13 14:04:38 [info     ] 	prep_input: 3/3.              [Run3ModelGen.modelgen]
2024-08-13 14:04:38 [info     ] 	SPheno: 3/3.                  [Run3ModelGen.modelgen]
2024-08-13 14:04:38 [info     ] 	softsusy: 3/3.                [Run3ModelGen.modelgen]
2024-08-13 14:04:38 [info     ] 	micromegas: 3/3.              [Run3ModelGen.modelgen]
2024-08-13 14:04:38 [info     ] 	superiso: 3/3.                [Run3ModelGen.modelgen]
2024-08-13 14:04:38 [info     ] 	gm2calc: 3/3.                 [Run3ModelGen.modelgen]
2024-08-13 14:04:38 [info     ] 	evade: 0/3.                   [Run3ModelGen.modelgen]
2024-08-13 14:04:38 [info     ] Will make NTuple for: /u/dvoss/al_pmssmwithgp/Run3ModelGen/source/Run3ModelGen/scans/scan_10, with 3 models [Run3ModelGen.ntupling]
2024-08-13 14:04:38 [info     ] 	Filling values for model: 0   [Run3ModelGen.ntupling]
2024-08-13 14:04:38 [info     ] Saving NTuple in /u/dvoss/al_pmssmwithgp/Run3ModelGen/source/Run3ModelGen/scans/scan_10/ntuple.0.0.root ... [Run3ModelGen.ntupling]
Completed iteration 10
All iterations completed.
                                  
================================= 
Global information about the job: 
================================= 
  
Job owner: dvoss(54815)
Job name:  test
Node list: ravg1175
Job start: Tue Aug 13 13:56:19 CEST 2024
Job end:   Tue Aug 13 14:04:44 CEST 2024
Work dir:  /raven/u/dvoss/al_pmssmwithgp/model
Command:   /raven/u/dvoss/al_pmssmwithgp/model/slurm/single_job.sbatch
  
  
  
==========================================================================================
Information on jobsteps (Note: MaxRSS/AveRSS is the maximum/average over all 
tasks of the per-task memory high-water marks; cf. "man sacct"): 
==========================================================================================
  
JobID            JobName NNodes NTasks  NCPUS       MaxRSS       AveRSS    Elapsed ExitCode
------------- ---------- ------ ------ ------ ------------ ------------ ---------- --------
12333314            test      1             4                             00:08:25      0:0
12333314.0        job.sh      1      1      4     2383.19M     2383.19M   00:08:05      0:0
  
Maximum memory per node: 2.498956 GB (defined as MaxRSS*Ntasks/NNodes)
CPU utilization: 21.0 %
  
