Defaulting to user installation because normal site-packages is not writeable
Requirement already satisfied: uproot in /raven/u/dvoss/.local/lib/python3.9/site-packages (5.3.10)
Requirement already satisfied: numpy in /raven/u/system/soft/SLE_15/packages/x86_64/anaconda/3/2021.11/lib/python3.9/site-packages (from uproot) (1.20.3)
Requirement already satisfied: packaging in /raven/u/system/soft/SLE_15/packages/x86_64/anaconda/3/2021.11/lib/python3.9/site-packages (from uproot) (21.0)
Requirement already satisfied: cramjam>=2.5.0 in /raven/u/dvoss/.local/lib/python3.9/site-packages (from uproot) (2.8.3)
Requirement already satisfied: typing-extensions>=4.1.0 in /raven/u/dvoss/.local/lib/python3.9/site-packages (from uproot) (4.12.2)
Requirement already satisfied: awkward>=2.4.6 in /raven/u/dvoss/.local/lib/python3.9/site-packages (from uproot) (2.6.6)
Requirement already satisfied: fsspec in /raven/u/dvoss/.local/lib/python3.9/site-packages (from uproot) (2024.6.1)
Requirement already satisfied: awkward-cpp==35 in /raven/u/dvoss/.local/lib/python3.9/site-packages (from awkward>=2.4.6->uproot) (35)
Requirement already satisfied: importlib-metadata>=4.13.0 in /raven/u/dvoss/.local/lib/python3.9/site-packages (from awkward>=2.4.6->uproot) (8.0.0)
Requirement already satisfied: zipp>=0.5 in /raven/u/system/soft/SLE_15/packages/x86_64/anaconda/3/2021.11/lib/python3.9/site-packages (from importlib-metadata>=4.13.0->awkward>=2.4.6->uproot) (3.6.0)
Requirement already satisfied: pyparsing>=2.0.2 in /raven/u/system/soft/SLE_15/packages/x86_64/anaconda/3/2021.11/lib/python3.9/site-packages (from packaging->uproot) (3.0.4)
Defaulting to user installation because normal site-packages is not writeable
Collecting argparse
  Using cached argparse-1.4.0-py2.py3-none-any.whl (23 kB)
Installing collected packages: argparse
Successfully installed argparse-1.4.0
Defaulting to user installation because normal site-packages is not writeable
Requirement already satisfied: pyslha in /raven/u/dvoss/.local/lib/python3.9/site-packages (3.2.6)
Requirement already satisfied: tex2pix>=0.1.5 in /raven/u/dvoss/.local/lib/python3.9/site-packages (from pyslha) (0.3.1)
Defaulting to user installation because normal site-packages is not writeable
Requirement already satisfied: structlog in /raven/u/dvoss/.local/lib/python3.9/site-packages (24.4.0)
Starting iteration 1
Initial Training points:  tensor([0.5119, 0.8528, 0.5812, 0.1617], device='cuda:0') torch.Size([4])
These training_points are used in the GP tensor([0.5119, 0.8528, 0.5812, 0.1617], device='cuda:0')
points: {0, 800, 252}
new xs normalized:  tensor([0.0000, 0.8008, 0.2523], device='cuda:0')
Corresponding xs: tensor([-2000.0000,  1203.2031,  -990.9910], device='cuda:0')
Plot saved to /raven/u/dvoss/al_pmssmwithgp/model/plots/Iter1/gp_plot.png
YAML file has been created: /u/dvoss/al_pmssmwithgp/Run3ModelGen/source/Run3ModelGen/data/new_config.yaml
Note: detected 144 virtual cores but NumExpr set to maximum of 64, check "NUMEXPR_MAX_THREADS" environment variable.
Note: NumExpr detected 144 cores but "NUMEXPR_MAX_THREADS" not set, so enforcing safe limit of 8.
NumExpr defaulting to 8 threads.

  ___              ____ __  __          _       _   ___            
 | _ \ _  _  _ _  |__ /|  \/  | ___  __| | ___ | | / __| ___  _ _  
 |   /| || || ' \  |_ \| |\/| |/ _ \/ _` |/ -_)| || (_ |/ -_)| ' \ 
 |_|_\ \_,_||_||_||___/|_|  |_|\___/\__,_|\___||_| \___|\___||_||_|
                                                                   

2024-08-09 14:08:50 [info     ] Initialised ModelGenerator with: [Run3ModelGen.modelgen]
2024-08-09 14:08:50 [info     ] 	config_file = /u/dvoss/al_pmssmwithgp/Run3ModelGen/source/Run3ModelGen/data/new_config.yaml [Run3ModelGen.modelgen]
2024-08-09 14:08:50 [info     ] 	scan_dir = /u/dvoss/al_pmssmwithgp/Run3ModelGen/source/Run3ModelGen/scans/scan_1 [Run3ModelGen.modelgen]
2024-08-09 14:08:50 [info     ] 	rawfilen = /u/dvoss/al_pmssmwithgp/Run3ModelGen/source/Run3ModelGen/data/raw.slha [Run3ModelGen.modelgen]
2024-08-09 14:08:50 [info     ] 	seed = 123                    [Run3ModelGen.modelgen]
2024-08-09 14:08:50 [info     ] 	points = {}                   [Run3ModelGen.modelgen]
2024-08-09 14:08:50 [info     ] 	prior = fixed                 [Run3ModelGen.modelgen]
2024-08-09 14:08:50 [info     ] 	num_models = 3                [Run3ModelGen.modelgen]
2024-08-09 14:08:50 [info     ] 	isGMSB = False                [Run3ModelGen.modelgen]
2024-08-09 14:08:50 [info     ] 	parameters =                  [Run3ModelGen.modelgen]
2024-08-09 14:08:50 [info     ] 		tanb: [60, 60, 60]           [Run3ModelGen.modelgen]
2024-08-09 14:08:50 [info     ] 		M_1: [-2000.0, 1203.2, -990.99] [Run3ModelGen.modelgen]
2024-08-09 14:08:50 [info     ] 		M_2: [2000, 2000, 2000]      [Run3ModelGen.modelgen]
2024-08-09 14:08:50 [info     ] 		M_3: [4000, 4000, 4000]      [Run3ModelGen.modelgen]
2024-08-09 14:08:50 [info     ] 		AT: [4000, 4000, 4000]       [Run3ModelGen.modelgen]
2024-08-09 14:08:50 [info     ] 		Ab: [2000, 2000, 2000]       [Run3ModelGen.modelgen]
2024-08-09 14:08:50 [info     ] 		Atau: [2000, 2000, 2000]     [Run3ModelGen.modelgen]
2024-08-09 14:08:50 [info     ] 		mu: [2000, 2000, 2000]       [Run3ModelGen.modelgen]
2024-08-09 14:08:50 [info     ] 		mA: [2000, 2000, 2000]       [Run3ModelGen.modelgen]
2024-08-09 14:08:50 [info     ] 		meL: [2000, 2000, 2000]      [Run3ModelGen.modelgen]
2024-08-09 14:08:50 [info     ] 		mtauL: [2000, 2000, 2000]    [Run3ModelGen.modelgen]
2024-08-09 14:08:50 [info     ] 		meR: [2000, 2000, 2000]      [Run3ModelGen.modelgen]
2024-08-09 14:08:50 [info     ] 		mtauR: [2000, 2000, 2000]    [Run3ModelGen.modelgen]
2024-08-09 14:08:50 [info     ] 		mqL1: [4000, 4000, 4000]     [Run3ModelGen.modelgen]
2024-08-09 14:08:50 [info     ] 		mqL3: [4000, 4000, 4000]     [Run3ModelGen.modelgen]
2024-08-09 14:08:50 [info     ] 		muR: [4000, 4000, 4000]      [Run3ModelGen.modelgen]
2024-08-09 14:08:50 [info     ] 		mtR: [4000, 4000, 4000]      [Run3ModelGen.modelgen]
2024-08-09 14:08:50 [info     ] 		mdR: [4000, 4000, 4000]      [Run3ModelGen.modelgen]
2024-08-09 14:08:50 [info     ] 		mbR: [4000, 4000, 4000]      [Run3ModelGen.modelgen]
2024-08-09 14:08:50 [info     ] 	steps =                       [Run3ModelGen.modelgen]
2024-08-09 14:08:50 [info     ] 		{'name': 'prep_input', 'output_dir': 'input', 'prefix': 'IN'} [Run3ModelGen.modelgen]
2024-08-09 14:08:50 [info     ] 		{'name': 'SPheno', 'input_dir': 'input', 'output_dir': 'SPheno', 'log_dir': 'SPheno_log', 'prefix': 'SP'} [Run3ModelGen.modelgen]
2024-08-09 14:08:50 [info     ] 		{'name': 'softsusy', 'input_dir': 'input', 'output_dir': 'softsusy', 'prefix': 'SS'} [Run3ModelGen.modelgen]
2024-08-09 14:08:50 [info     ] 		{'name': 'micromegas', 'input_dir': 'SPheno', 'output_dir': 'micromegas', 'prefix': 'MO'} [Run3ModelGen.modelgen]
2024-08-09 14:08:50 [info     ] 		{'name': 'superiso', 'input_dir': 'SPheno', 'output_dir': 'superiso', 'prefix': 'SI'} [Run3ModelGen.modelgen]
2024-08-09 14:08:50 [info     ] 		{'name': 'gm2calc', 'input_dir': 'SPheno', 'output_dir': 'gm2calc', 'prefix': 'GM2'} [Run3ModelGen.modelgen]
2024-08-09 14:08:50 [info     ] 		{'name': 'evade', 'input_dir': 'SPheno', 'output_dir': 'evade', 'prefix': 'EV'} [Run3ModelGen.modelgen]
2024-08-09 14:08:50 [info     ] Starting Model Generation...   [Run3ModelGen.modelgen]
2024-08-09 14:08:50 [info     ] Setting up output directories for scan [Run3ModelGen.modelgen]
2024-08-09 14:08:50 [info     ] Generating Model: 0.slha (1/3) [Run3ModelGen.modelgen]
2024-08-09 14:08:50 [info     ] 	running step: prep_input      [Run3ModelGen.modelgen]
2024-08-09 14:08:50 [info     ] 	running step: SPheno          [Run3ModelGen.modelgen]
2024-08-09 14:08:51 [info     ] 	running step: softsusy        [Run3ModelGen.modelgen]
2024-08-09 14:08:51 [info     ] 	running step: micromegas      [Run3ModelGen.modelgen]
2024-08-09 14:08:56 [info     ] 	running step: superiso        [Run3ModelGen.modelgen]
2024-08-09 14:08:57 [info     ] 	running step: gm2calc         [Run3ModelGen.modelgen]
2024-08-09 14:08:57 [info     ] 	running step: evade           [Run3ModelGen.modelgen]
2024-08-09 14:08:57 [info     ] Generating Model: 1.slha (2/3) [Run3ModelGen.modelgen]
2024-08-09 14:08:57 [info     ] 	running step: prep_input      [Run3ModelGen.modelgen]
2024-08-09 14:08:57 [info     ] 	running step: SPheno          [Run3ModelGen.modelgen]
2024-08-09 14:08:57 [info     ] 	running step: softsusy        [Run3ModelGen.modelgen]
2024-08-09 14:08:57 [info     ] 	running step: micromegas      [Run3ModelGen.modelgen]
2024-08-09 14:08:57 [info     ] 	running step: superiso        [Run3ModelGen.modelgen]
2024-08-09 14:08:58 [info     ] 	running step: gm2calc         [Run3ModelGen.modelgen]
2024-08-09 14:08:58 [info     ] 	running step: evade           [Run3ModelGen.modelgen]
2024-08-09 14:08:58 [info     ] Generating Model: 2.slha (3/3) [Run3ModelGen.modelgen]
2024-08-09 14:08:58 [info     ] 	running step: prep_input      [Run3ModelGen.modelgen]
2024-08-09 14:08:58 [info     ] 	running step: SPheno          [Run3ModelGen.modelgen]
2024-08-09 14:08:58 [info     ] 	running step: softsusy        [Run3ModelGen.modelgen]
2024-08-09 14:08:58 [info     ] 	running step: micromegas      [Run3ModelGen.modelgen]
2024-08-09 14:08:58 [info     ] 	running step: superiso        [Run3ModelGen.modelgen]
2024-08-09 14:08:58 [info     ] 	running step: gm2calc         [Run3ModelGen.modelgen]
2024-08-09 14:08:58 [info     ] 	running step: evade           [Run3ModelGen.modelgen]
2024-08-09 14:08:58 [info     ] Finished generating models! Stats for successful generations (successful/attempted): [Run3ModelGen.modelgen]
2024-08-09 14:08:58 [info     ] 	prep_input: 3/3.              [Run3ModelGen.modelgen]
2024-08-09 14:08:58 [info     ] 	SPheno: 3/3.                  [Run3ModelGen.modelgen]
2024-08-09 14:08:58 [info     ] 	softsusy: 3/3.                [Run3ModelGen.modelgen]
2024-08-09 14:08:58 [info     ] 	micromegas: 3/3.              [Run3ModelGen.modelgen]
2024-08-09 14:08:58 [info     ] 	superiso: 3/3.                [Run3ModelGen.modelgen]
2024-08-09 14:08:58 [info     ] 	gm2calc: 3/3.                 [Run3ModelGen.modelgen]
2024-08-09 14:08:58 [info     ] 	evade: 0/3.                   [Run3ModelGen.modelgen]
2024-08-09 14:08:58 [info     ] Will make NTuple for: /u/dvoss/al_pmssmwithgp/Run3ModelGen/source/Run3ModelGen/scans/scan_1, with 3 models [Run3ModelGen.ntupling]
2024-08-09 14:08:58 [info     ] 	Filling values for model: 0   [Run3ModelGen.ntupling]
2024-08-09 14:08:58 [info     ] Saving NTuple in /u/dvoss/al_pmssmwithgp/Run3ModelGen/source/Run3ModelGen/scans/scan_1/ntuple.0.0.root ... [Run3ModelGen.ntupling]
Completed iteration 1
Starting iteration 2
Initial Training points:  tensor([0.5119, 0.8528, 0.5812, 0.1617], device='cuda:0') torch.Size([4])
Training points after adding:  tensor([0.5119, 0.8528, 0.5812, 0.1617, 0.1638, 0.5464, 0.8017],
       device='cuda:0') torch.Size([7])
These training_points are used in the GP tensor([0.5119, 0.8528, 0.5812, 0.1617, 0.1638, 0.5464, 0.8017],
       device='cuda:0')
points: {0, 32, 733}
new xs normalized:  tensor([0.0000, 0.0320, 0.7337], device='cuda:0')
Corresponding xs: tensor([-2000.0000, -1871.8718,   934.9348], device='cuda:0')
Plot saved to /raven/u/dvoss/al_pmssmwithgp/model/plots/Iter2/gp_plot.png
YAML file has been created: /u/dvoss/al_pmssmwithgp/Run3ModelGen/source/Run3ModelGen/data/new_config.yaml
Note: detected 144 virtual cores but NumExpr set to maximum of 64, check "NUMEXPR_MAX_THREADS" environment variable.
Note: NumExpr detected 144 cores but "NUMEXPR_MAX_THREADS" not set, so enforcing safe limit of 8.
NumExpr defaulting to 8 threads.

  ___              ____ __  __          _       _   ___            
 | _ \ _  _  _ _  |__ /|  \/  | ___  __| | ___ | | / __| ___  _ _  
 |   /| || || ' \  |_ \| |\/| |/ _ \/ _` |/ -_)| || (_ |/ -_)| ' \ 
 |_|_\ \_,_||_||_||___/|_|  |_|\___/\__,_|\___||_| \___|\___||_||_|
                                                                   

2024-08-09 14:09:38 [info     ] Initialised ModelGenerator with: [Run3ModelGen.modelgen]
2024-08-09 14:09:38 [info     ] 	config_file = /u/dvoss/al_pmssmwithgp/Run3ModelGen/source/Run3ModelGen/data/new_config.yaml [Run3ModelGen.modelgen]
2024-08-09 14:09:38 [info     ] 	scan_dir = /u/dvoss/al_pmssmwithgp/Run3ModelGen/source/Run3ModelGen/scans/scan_2 [Run3ModelGen.modelgen]
2024-08-09 14:09:38 [info     ] 	rawfilen = /u/dvoss/al_pmssmwithgp/Run3ModelGen/source/Run3ModelGen/data/raw.slha [Run3ModelGen.modelgen]
2024-08-09 14:09:38 [info     ] 	seed = 123                    [Run3ModelGen.modelgen]
2024-08-09 14:09:38 [info     ] 	points = {}                   [Run3ModelGen.modelgen]
2024-08-09 14:09:38 [info     ] 	prior = fixed                 [Run3ModelGen.modelgen]
2024-08-09 14:09:38 [info     ] 	num_models = 3                [Run3ModelGen.modelgen]
2024-08-09 14:09:38 [info     ] 	isGMSB = False                [Run3ModelGen.modelgen]
2024-08-09 14:09:38 [info     ] 	parameters =                  [Run3ModelGen.modelgen]
2024-08-09 14:09:38 [info     ] 		tanb: [60, 60, 60]           [Run3ModelGen.modelgen]
2024-08-09 14:09:38 [info     ] 		M_1: [-2000.0, -1871.87, 934.93] [Run3ModelGen.modelgen]
2024-08-09 14:09:38 [info     ] 		M_2: [2000, 2000, 2000]      [Run3ModelGen.modelgen]
2024-08-09 14:09:38 [info     ] 		M_3: [4000, 4000, 4000]      [Run3ModelGen.modelgen]
2024-08-09 14:09:38 [info     ] 		AT: [4000, 4000, 4000]       [Run3ModelGen.modelgen]
2024-08-09 14:09:38 [info     ] 		Ab: [2000, 2000, 2000]       [Run3ModelGen.modelgen]
2024-08-09 14:09:38 [info     ] 		Atau: [2000, 2000, 2000]     [Run3ModelGen.modelgen]
2024-08-09 14:09:38 [info     ] 		mu: [2000, 2000, 2000]       [Run3ModelGen.modelgen]
2024-08-09 14:09:38 [info     ] 		mA: [2000, 2000, 2000]       [Run3ModelGen.modelgen]
2024-08-09 14:09:38 [info     ] 		meL: [2000, 2000, 2000]      [Run3ModelGen.modelgen]
2024-08-09 14:09:38 [info     ] 		mtauL: [2000, 2000, 2000]    [Run3ModelGen.modelgen]
2024-08-09 14:09:38 [info     ] 		meR: [2000, 2000, 2000]      [Run3ModelGen.modelgen]
2024-08-09 14:09:38 [info     ] 		mtauR: [2000, 2000, 2000]    [Run3ModelGen.modelgen]
2024-08-09 14:09:38 [info     ] 		mqL1: [4000, 4000, 4000]     [Run3ModelGen.modelgen]
2024-08-09 14:09:38 [info     ] 		mqL3: [4000, 4000, 4000]     [Run3ModelGen.modelgen]
2024-08-09 14:09:38 [info     ] 		muR: [4000, 4000, 4000]      [Run3ModelGen.modelgen]
2024-08-09 14:09:38 [info     ] 		mtR: [4000, 4000, 4000]      [Run3ModelGen.modelgen]
2024-08-09 14:09:38 [info     ] 		mdR: [4000, 4000, 4000]      [Run3ModelGen.modelgen]
2024-08-09 14:09:38 [info     ] 		mbR: [4000, 4000, 4000]      [Run3ModelGen.modelgen]
2024-08-09 14:09:38 [info     ] 	steps =                       [Run3ModelGen.modelgen]
2024-08-09 14:09:38 [info     ] 		{'name': 'prep_input', 'output_dir': 'input', 'prefix': 'IN'} [Run3ModelGen.modelgen]
2024-08-09 14:09:38 [info     ] 		{'name': 'SPheno', 'input_dir': 'input', 'output_dir': 'SPheno', 'log_dir': 'SPheno_log', 'prefix': 'SP'} [Run3ModelGen.modelgen]
2024-08-09 14:09:38 [info     ] 		{'name': 'softsusy', 'input_dir': 'input', 'output_dir': 'softsusy', 'prefix': 'SS'} [Run3ModelGen.modelgen]
2024-08-09 14:09:38 [info     ] 		{'name': 'micromegas', 'input_dir': 'SPheno', 'output_dir': 'micromegas', 'prefix': 'MO'} [Run3ModelGen.modelgen]
2024-08-09 14:09:38 [info     ] 		{'name': 'superiso', 'input_dir': 'SPheno', 'output_dir': 'superiso', 'prefix': 'SI'} [Run3ModelGen.modelgen]
2024-08-09 14:09:38 [info     ] 		{'name': 'gm2calc', 'input_dir': 'SPheno', 'output_dir': 'gm2calc', 'prefix': 'GM2'} [Run3ModelGen.modelgen]
2024-08-09 14:09:38 [info     ] 		{'name': 'evade', 'input_dir': 'SPheno', 'output_dir': 'evade', 'prefix': 'EV'} [Run3ModelGen.modelgen]
2024-08-09 14:09:38 [info     ] Starting Model Generation...   [Run3ModelGen.modelgen]
2024-08-09 14:09:38 [info     ] Setting up output directories for scan [Run3ModelGen.modelgen]
2024-08-09 14:09:38 [info     ] Generating Model: 0.slha (1/3) [Run3ModelGen.modelgen]
2024-08-09 14:09:38 [info     ] 	running step: prep_input      [Run3ModelGen.modelgen]
2024-08-09 14:09:38 [info     ] 	running step: SPheno          [Run3ModelGen.modelgen]
2024-08-09 14:09:39 [info     ] 	running step: softsusy        [Run3ModelGen.modelgen]
2024-08-09 14:09:39 [info     ] 	running step: micromegas      [Run3ModelGen.modelgen]
2024-08-09 14:09:40 [info     ] 	running step: superiso        [Run3ModelGen.modelgen]
2024-08-09 14:09:40 [info     ] 	running step: gm2calc         [Run3ModelGen.modelgen]
2024-08-09 14:09:40 [info     ] 	running step: evade           [Run3ModelGen.modelgen]
2024-08-09 14:09:40 [info     ] Generating Model: 1.slha (2/3) [Run3ModelGen.modelgen]
2024-08-09 14:09:40 [info     ] 	running step: prep_input      [Run3ModelGen.modelgen]
2024-08-09 14:09:40 [info     ] 	running step: SPheno          [Run3ModelGen.modelgen]
2024-08-09 14:09:40 [info     ] 	running step: softsusy        [Run3ModelGen.modelgen]
2024-08-09 14:09:40 [info     ] 	running step: micromegas      [Run3ModelGen.modelgen]
2024-08-09 14:09:42 [info     ] 	running step: superiso        [Run3ModelGen.modelgen]
2024-08-09 14:09:42 [info     ] 	running step: gm2calc         [Run3ModelGen.modelgen]
2024-08-09 14:09:42 [info     ] 	running step: evade           [Run3ModelGen.modelgen]
2024-08-09 14:09:42 [info     ] Generating Model: 2.slha (3/3) [Run3ModelGen.modelgen]
2024-08-09 14:09:42 [info     ] 	running step: prep_input      [Run3ModelGen.modelgen]
2024-08-09 14:09:42 [info     ] 	running step: SPheno          [Run3ModelGen.modelgen]
2024-08-09 14:09:42 [info     ] 	running step: softsusy        [Run3ModelGen.modelgen]
2024-08-09 14:09:42 [info     ] 	running step: micromegas      [Run3ModelGen.modelgen]
2024-08-09 14:09:42 [info     ] 	running step: superiso        [Run3ModelGen.modelgen]
2024-08-09 14:09:43 [info     ] 	running step: gm2calc         [Run3ModelGen.modelgen]
2024-08-09 14:09:43 [info     ] 	running step: evade           [Run3ModelGen.modelgen]
2024-08-09 14:09:43 [info     ] Finished generating models! Stats for successful generations (successful/attempted): [Run3ModelGen.modelgen]
2024-08-09 14:09:43 [info     ] 	prep_input: 3/3.              [Run3ModelGen.modelgen]
2024-08-09 14:09:43 [info     ] 	SPheno: 3/3.                  [Run3ModelGen.modelgen]
2024-08-09 14:09:43 [info     ] 	softsusy: 3/3.                [Run3ModelGen.modelgen]
2024-08-09 14:09:43 [info     ] 	micromegas: 3/3.              [Run3ModelGen.modelgen]
2024-08-09 14:09:43 [info     ] 	superiso: 3/3.                [Run3ModelGen.modelgen]
2024-08-09 14:09:43 [info     ] 	gm2calc: 3/3.                 [Run3ModelGen.modelgen]
2024-08-09 14:09:43 [info     ] 	evade: 0/3.                   [Run3ModelGen.modelgen]
2024-08-09 14:09:43 [info     ] Will make NTuple for: /u/dvoss/al_pmssmwithgp/Run3ModelGen/source/Run3ModelGen/scans/scan_2, with 3 models [Run3ModelGen.ntupling]
2024-08-09 14:09:43 [info     ] 	Filling values for model: 0   [Run3ModelGen.ntupling]
2024-08-09 14:09:43 [info     ] Saving NTuple in /u/dvoss/al_pmssmwithgp/Run3ModelGen/source/Run3ModelGen/scans/scan_2/ntuple.0.0.root ... [Run3ModelGen.ntupling]
Completed iteration 2
Starting iteration 3
Initial Training points:  tensor([0.5119, 0.8528, 0.5812, 0.1617], device='cuda:0') torch.Size([4])
Training points after adding:  tensor([0.5119, 0.8528, 0.5812, 0.1617, 0.1638, 0.5464, 0.8017, 0.1638, 0.6232,
        0.2088], device='cuda:0') torch.Size([10])
These training_points are used in the GP tensor([0.5119, 0.8528, 0.5812, 0.1617, 0.1638, 0.5464, 0.8017, 0.1638, 0.6232,
        0.2088], device='cuda:0')
points: {0, 764, 23}
new xs normalized:  tensor([0.0000, 0.7648, 0.0230], device='cuda:0')
Corresponding xs: tensor([-2000.0000,  1059.0591, -1907.9080], device='cuda:0')
Plot saved to /raven/u/dvoss/al_pmssmwithgp/model/plots/Iter3/gp_plot.png
YAML file has been created: /u/dvoss/al_pmssmwithgp/Run3ModelGen/source/Run3ModelGen/data/new_config.yaml
Note: detected 144 virtual cores but NumExpr set to maximum of 64, check "NUMEXPR_MAX_THREADS" environment variable.
Note: NumExpr detected 144 cores but "NUMEXPR_MAX_THREADS" not set, so enforcing safe limit of 8.
NumExpr defaulting to 8 threads.

  ___              ____ __  __          _       _   ___            
 | _ \ _  _  _ _  |__ /|  \/  | ___  __| | ___ | | / __| ___  _ _  
 |   /| || || ' \  |_ \| |\/| |/ _ \/ _` |/ -_)| || (_ |/ -_)| ' \ 
 |_|_\ \_,_||_||_||___/|_|  |_|\___/\__,_|\___||_| \___|\___||_||_|
                                                                   

2024-08-09 14:10:21 [info     ] Initialised ModelGenerator with: [Run3ModelGen.modelgen]
2024-08-09 14:10:21 [info     ] 	config_file = /u/dvoss/al_pmssmwithgp/Run3ModelGen/source/Run3ModelGen/data/new_config.yaml [Run3ModelGen.modelgen]
2024-08-09 14:10:21 [info     ] 	scan_dir = /u/dvoss/al_pmssmwithgp/Run3ModelGen/source/Run3ModelGen/scans/scan_3 [Run3ModelGen.modelgen]
2024-08-09 14:10:21 [info     ] 	rawfilen = /u/dvoss/al_pmssmwithgp/Run3ModelGen/source/Run3ModelGen/data/raw.slha [Run3ModelGen.modelgen]
2024-08-09 14:10:21 [info     ] 	seed = 123                    [Run3ModelGen.modelgen]
2024-08-09 14:10:21 [info     ] 	points = {}                   [Run3ModelGen.modelgen]
2024-08-09 14:10:21 [info     ] 	prior = fixed                 [Run3ModelGen.modelgen]
2024-08-09 14:10:21 [info     ] 	num_models = 3                [Run3ModelGen.modelgen]
2024-08-09 14:10:21 [info     ] 	isGMSB = False                [Run3ModelGen.modelgen]
2024-08-09 14:10:21 [info     ] 	parameters =                  [Run3ModelGen.modelgen]
2024-08-09 14:10:21 [info     ] 		tanb: [60, 60, 60]           [Run3ModelGen.modelgen]
2024-08-09 14:10:21 [info     ] 		M_1: [-2000.0, 1059.06, -1907.91] [Run3ModelGen.modelgen]
2024-08-09 14:10:21 [info     ] 		M_2: [2000, 2000, 2000]      [Run3ModelGen.modelgen]
2024-08-09 14:10:21 [info     ] 		M_3: [4000, 4000, 4000]      [Run3ModelGen.modelgen]
2024-08-09 14:10:21 [info     ] 		AT: [4000, 4000, 4000]       [Run3ModelGen.modelgen]
2024-08-09 14:10:21 [info     ] 		Ab: [2000, 2000, 2000]       [Run3ModelGen.modelgen]
2024-08-09 14:10:21 [info     ] 		Atau: [2000, 2000, 2000]     [Run3ModelGen.modelgen]
2024-08-09 14:10:21 [info     ] 		mu: [2000, 2000, 2000]       [Run3ModelGen.modelgen]
2024-08-09 14:10:21 [info     ] 		mA: [2000, 2000, 2000]       [Run3ModelGen.modelgen]
2024-08-09 14:10:21 [info     ] 		meL: [2000, 2000, 2000]      [Run3ModelGen.modelgen]
2024-08-09 14:10:21 [info     ] 		mtauL: [2000, 2000, 2000]    [Run3ModelGen.modelgen]
2024-08-09 14:10:21 [info     ] 		meR: [2000, 2000, 2000]      [Run3ModelGen.modelgen]
2024-08-09 14:10:21 [info     ] 		mtauR: [2000, 2000, 2000]    [Run3ModelGen.modelgen]
2024-08-09 14:10:21 [info     ] 		mqL1: [4000, 4000, 4000]     [Run3ModelGen.modelgen]
2024-08-09 14:10:21 [info     ] 		mqL3: [4000, 4000, 4000]     [Run3ModelGen.modelgen]
2024-08-09 14:10:21 [info     ] 		muR: [4000, 4000, 4000]      [Run3ModelGen.modelgen]
2024-08-09 14:10:21 [info     ] 		mtR: [4000, 4000, 4000]      [Run3ModelGen.modelgen]
2024-08-09 14:10:21 [info     ] 		mdR: [4000, 4000, 4000]      [Run3ModelGen.modelgen]
2024-08-09 14:10:21 [info     ] 		mbR: [4000, 4000, 4000]      [Run3ModelGen.modelgen]
2024-08-09 14:10:21 [info     ] 	steps =                       [Run3ModelGen.modelgen]
2024-08-09 14:10:21 [info     ] 		{'name': 'prep_input', 'output_dir': 'input', 'prefix': 'IN'} [Run3ModelGen.modelgen]
2024-08-09 14:10:21 [info     ] 		{'name': 'SPheno', 'input_dir': 'input', 'output_dir': 'SPheno', 'log_dir': 'SPheno_log', 'prefix': 'SP'} [Run3ModelGen.modelgen]
2024-08-09 14:10:21 [info     ] 		{'name': 'softsusy', 'input_dir': 'input', 'output_dir': 'softsusy', 'prefix': 'SS'} [Run3ModelGen.modelgen]
2024-08-09 14:10:21 [info     ] 		{'name': 'micromegas', 'input_dir': 'SPheno', 'output_dir': 'micromegas', 'prefix': 'MO'} [Run3ModelGen.modelgen]
2024-08-09 14:10:21 [info     ] 		{'name': 'superiso', 'input_dir': 'SPheno', 'output_dir': 'superiso', 'prefix': 'SI'} [Run3ModelGen.modelgen]
2024-08-09 14:10:21 [info     ] 		{'name': 'gm2calc', 'input_dir': 'SPheno', 'output_dir': 'gm2calc', 'prefix': 'GM2'} [Run3ModelGen.modelgen]
2024-08-09 14:10:21 [info     ] 		{'name': 'evade', 'input_dir': 'SPheno', 'output_dir': 'evade', 'prefix': 'EV'} [Run3ModelGen.modelgen]
2024-08-09 14:10:21 [info     ] Starting Model Generation...   [Run3ModelGen.modelgen]
2024-08-09 14:10:21 [info     ] Setting up output directories for scan [Run3ModelGen.modelgen]
2024-08-09 14:10:22 [info     ] Generating Model: 0.slha (1/3) [Run3ModelGen.modelgen]
2024-08-09 14:10:22 [info     ] 	running step: prep_input      [Run3ModelGen.modelgen]
2024-08-09 14:10:22 [info     ] 	running step: SPheno          [Run3ModelGen.modelgen]
2024-08-09 14:10:22 [info     ] 	running step: softsusy        [Run3ModelGen.modelgen]
2024-08-09 14:10:22 [info     ] 	running step: micromegas      [Run3ModelGen.modelgen]
2024-08-09 14:10:23 [info     ] 	running step: superiso        [Run3ModelGen.modelgen]
2024-08-09 14:10:23 [info     ] 	running step: gm2calc         [Run3ModelGen.modelgen]
2024-08-09 14:10:23 [info     ] 	running step: evade           [Run3ModelGen.modelgen]
2024-08-09 14:10:23 [info     ] Generating Model: 1.slha (2/3) [Run3ModelGen.modelgen]
2024-08-09 14:10:23 [info     ] 	running step: prep_input      [Run3ModelGen.modelgen]
2024-08-09 14:10:23 [info     ] 	running step: SPheno          [Run3ModelGen.modelgen]
2024-08-09 14:10:23 [info     ] 	running step: softsusy        [Run3ModelGen.modelgen]
2024-08-09 14:10:24 [info     ] 	running step: micromegas      [Run3ModelGen.modelgen]
2024-08-09 14:10:24 [info     ] 	running step: superiso        [Run3ModelGen.modelgen]
2024-08-09 14:10:24 [info     ] 	running step: gm2calc         [Run3ModelGen.modelgen]
2024-08-09 14:10:24 [info     ] 	running step: evade           [Run3ModelGen.modelgen]
2024-08-09 14:10:24 [info     ] Generating Model: 2.slha (3/3) [Run3ModelGen.modelgen]
2024-08-09 14:10:24 [info     ] 	running step: prep_input      [Run3ModelGen.modelgen]
2024-08-09 14:10:24 [info     ] 	running step: SPheno          [Run3ModelGen.modelgen]
2024-08-09 14:10:24 [info     ] 	running step: softsusy        [Run3ModelGen.modelgen]
2024-08-09 14:10:24 [info     ] 	running step: micromegas      [Run3ModelGen.modelgen]
2024-08-09 14:10:26 [info     ] 	running step: superiso        [Run3ModelGen.modelgen]
2024-08-09 14:10:26 [info     ] 	running step: gm2calc         [Run3ModelGen.modelgen]
2024-08-09 14:10:26 [info     ] 	running step: evade           [Run3ModelGen.modelgen]
2024-08-09 14:10:26 [info     ] Finished generating models! Stats for successful generations (successful/attempted): [Run3ModelGen.modelgen]
2024-08-09 14:10:26 [info     ] 	prep_input: 3/3.              [Run3ModelGen.modelgen]
2024-08-09 14:10:26 [info     ] 	SPheno: 3/3.                  [Run3ModelGen.modelgen]
2024-08-09 14:10:26 [info     ] 	softsusy: 3/3.                [Run3ModelGen.modelgen]
2024-08-09 14:10:26 [info     ] 	micromegas: 3/3.              [Run3ModelGen.modelgen]
2024-08-09 14:10:26 [info     ] 	superiso: 3/3.                [Run3ModelGen.modelgen]
2024-08-09 14:10:26 [info     ] 	gm2calc: 3/3.                 [Run3ModelGen.modelgen]
2024-08-09 14:10:26 [info     ] 	evade: 0/3.                   [Run3ModelGen.modelgen]
2024-08-09 14:10:26 [info     ] Will make NTuple for: /u/dvoss/al_pmssmwithgp/Run3ModelGen/source/Run3ModelGen/scans/scan_3, with 3 models [Run3ModelGen.ntupling]
2024-08-09 14:10:26 [info     ] 	Filling values for model: 0   [Run3ModelGen.ntupling]
2024-08-09 14:10:26 [info     ] Saving NTuple in /u/dvoss/al_pmssmwithgp/Run3ModelGen/source/Run3ModelGen/scans/scan_3/ntuple.0.0.root ... [Run3ModelGen.ntupling]
Completed iteration 3
Starting iteration 4
Initial Training points:  tensor([0.5119, 0.8528, 0.5812, 0.1617], device='cuda:0') torch.Size([4])
Training points after adding:  tensor([0.5119, 0.8528, 0.5812, 0.1617, 0.1638, 0.5464, 0.8017, 0.1638, 0.6232,
        0.2088, 0.1693, 0.2413, 0.1638], device='cuda:0') torch.Size([13])
These training_points are used in the GP tensor([0.5119, 0.8528, 0.5812, 0.1617, 0.1638, 0.5464, 0.8017, 0.1638, 0.6232,
        0.2088, 0.1693, 0.2413, 0.1638], device='cuda:0')
points: {0}
new xs normalized:  tensor([0.], device='cuda:0')
Corresponding xs: tensor([-2000.], device='cuda:0')
Plot saved to /raven/u/dvoss/al_pmssmwithgp/model/plots/Iter4/gp_plot.png
YAML file has been created: /u/dvoss/al_pmssmwithgp/Run3ModelGen/source/Run3ModelGen/data/new_config.yaml
Note: detected 144 virtual cores but NumExpr set to maximum of 64, check "NUMEXPR_MAX_THREADS" environment variable.
Note: NumExpr detected 144 cores but "NUMEXPR_MAX_THREADS" not set, so enforcing safe limit of 8.
NumExpr defaulting to 8 threads.

  ___              ____ __  __          _       _   ___            
 | _ \ _  _  _ _  |__ /|  \/  | ___  __| | ___ | | / __| ___  _ _  
 |   /| || || ' \  |_ \| |\/| |/ _ \/ _` |/ -_)| || (_ |/ -_)| ' \ 
 |_|_\ \_,_||_||_||___/|_|  |_|\___/\__,_|\___||_| \___|\___||_||_|
                                                                   

2024-08-09 14:11:05 [info     ] Initialised ModelGenerator with: [Run3ModelGen.modelgen]
2024-08-09 14:11:05 [info     ] 	config_file = /u/dvoss/al_pmssmwithgp/Run3ModelGen/source/Run3ModelGen/data/new_config.yaml [Run3ModelGen.modelgen]
2024-08-09 14:11:05 [info     ] 	scan_dir = /u/dvoss/al_pmssmwithgp/Run3ModelGen/source/Run3ModelGen/scans/scan_4 [Run3ModelGen.modelgen]
2024-08-09 14:11:05 [info     ] 	rawfilen = /u/dvoss/al_pmssmwithgp/Run3ModelGen/source/Run3ModelGen/data/raw.slha [Run3ModelGen.modelgen]
2024-08-09 14:11:05 [info     ] 	seed = 123                    [Run3ModelGen.modelgen]
2024-08-09 14:11:05 [info     ] 	points = {}                   [Run3ModelGen.modelgen]
2024-08-09 14:11:05 [info     ] 	prior = fixed                 [Run3ModelGen.modelgen]
2024-08-09 14:11:05 [info     ] 	num_models = 1                [Run3ModelGen.modelgen]
2024-08-09 14:11:05 [info     ] 	isGMSB = False                [Run3ModelGen.modelgen]
2024-08-09 14:11:05 [info     ] 	parameters =                  [Run3ModelGen.modelgen]
2024-08-09 14:11:05 [info     ] 		tanb: [60]                   [Run3ModelGen.modelgen]
2024-08-09 14:11:05 [info     ] 		M_1: [-2000.0]               [Run3ModelGen.modelgen]
2024-08-09 14:11:05 [info     ] 		M_2: [2000]                  [Run3ModelGen.modelgen]
2024-08-09 14:11:05 [info     ] 		M_3: [4000]                  [Run3ModelGen.modelgen]
2024-08-09 14:11:05 [info     ] 		AT: [4000]                   [Run3ModelGen.modelgen]
2024-08-09 14:11:05 [info     ] 		Ab: [2000]                   [Run3ModelGen.modelgen]
2024-08-09 14:11:05 [info     ] 		Atau: [2000]                 [Run3ModelGen.modelgen]
2024-08-09 14:11:05 [info     ] 		mu: [2000]                   [Run3ModelGen.modelgen]
2024-08-09 14:11:05 [info     ] 		mA: [2000]                   [Run3ModelGen.modelgen]
2024-08-09 14:11:05 [info     ] 		meL: [2000]                  [Run3ModelGen.modelgen]
2024-08-09 14:11:05 [info     ] 		mtauL: [2000]                [Run3ModelGen.modelgen]
2024-08-09 14:11:05 [info     ] 		meR: [2000]                  [Run3ModelGen.modelgen]
2024-08-09 14:11:05 [info     ] 		mtauR: [2000]                [Run3ModelGen.modelgen]
2024-08-09 14:11:05 [info     ] 		mqL1: [4000]                 [Run3ModelGen.modelgen]
2024-08-09 14:11:05 [info     ] 		mqL3: [4000]                 [Run3ModelGen.modelgen]
2024-08-09 14:11:05 [info     ] 		muR: [4000]                  [Run3ModelGen.modelgen]
2024-08-09 14:11:05 [info     ] 		mtR: [4000]                  [Run3ModelGen.modelgen]
2024-08-09 14:11:05 [info     ] 		mdR: [4000]                  [Run3ModelGen.modelgen]
2024-08-09 14:11:05 [info     ] 		mbR: [4000]                  [Run3ModelGen.modelgen]
2024-08-09 14:11:05 [info     ] 	steps =                       [Run3ModelGen.modelgen]
2024-08-09 14:11:05 [info     ] 		{'name': 'prep_input', 'output_dir': 'input', 'prefix': 'IN'} [Run3ModelGen.modelgen]
2024-08-09 14:11:05 [info     ] 		{'name': 'SPheno', 'input_dir': 'input', 'output_dir': 'SPheno', 'log_dir': 'SPheno_log', 'prefix': 'SP'} [Run3ModelGen.modelgen]
2024-08-09 14:11:05 [info     ] 		{'name': 'softsusy', 'input_dir': 'input', 'output_dir': 'softsusy', 'prefix': 'SS'} [Run3ModelGen.modelgen]
2024-08-09 14:11:05 [info     ] 		{'name': 'micromegas', 'input_dir': 'SPheno', 'output_dir': 'micromegas', 'prefix': 'MO'} [Run3ModelGen.modelgen]
2024-08-09 14:11:05 [info     ] 		{'name': 'superiso', 'input_dir': 'SPheno', 'output_dir': 'superiso', 'prefix': 'SI'} [Run3ModelGen.modelgen]
2024-08-09 14:11:05 [info     ] 		{'name': 'gm2calc', 'input_dir': 'SPheno', 'output_dir': 'gm2calc', 'prefix': 'GM2'} [Run3ModelGen.modelgen]
2024-08-09 14:11:05 [info     ] 		{'name': 'evade', 'input_dir': 'SPheno', 'output_dir': 'evade', 'prefix': 'EV'} [Run3ModelGen.modelgen]
2024-08-09 14:11:05 [info     ] Starting Model Generation...   [Run3ModelGen.modelgen]
2024-08-09 14:11:05 [info     ] Setting up output directories for scan [Run3ModelGen.modelgen]
2024-08-09 14:11:05 [info     ] Generating Model: 0.slha (1/1) [Run3ModelGen.modelgen]
2024-08-09 14:11:05 [info     ] 	running step: prep_input      [Run3ModelGen.modelgen]
2024-08-09 14:11:05 [info     ] 	running step: SPheno          [Run3ModelGen.modelgen]
2024-08-09 14:11:05 [info     ] 	running step: softsusy        [Run3ModelGen.modelgen]
2024-08-09 14:11:05 [info     ] 	running step: micromegas      [Run3ModelGen.modelgen]
2024-08-09 14:11:06 [info     ] 	running step: superiso        [Run3ModelGen.modelgen]
2024-08-09 14:11:07 [info     ] 	running step: gm2calc         [Run3ModelGen.modelgen]
2024-08-09 14:11:07 [info     ] 	running step: evade           [Run3ModelGen.modelgen]
2024-08-09 14:11:07 [info     ] Finished generating models! Stats for successful generations (successful/attempted): [Run3ModelGen.modelgen]
2024-08-09 14:11:07 [info     ] 	prep_input: 1/1.              [Run3ModelGen.modelgen]
2024-08-09 14:11:07 [info     ] 	SPheno: 1/1.                  [Run3ModelGen.modelgen]
2024-08-09 14:11:07 [info     ] 	softsusy: 1/1.                [Run3ModelGen.modelgen]
2024-08-09 14:11:07 [info     ] 	micromegas: 1/1.              [Run3ModelGen.modelgen]
2024-08-09 14:11:07 [info     ] 	superiso: 1/1.                [Run3ModelGen.modelgen]
2024-08-09 14:11:07 [info     ] 	gm2calc: 1/1.                 [Run3ModelGen.modelgen]
2024-08-09 14:11:07 [info     ] 	evade: 0/1.                   [Run3ModelGen.modelgen]
2024-08-09 14:11:07 [info     ] Will make NTuple for: /u/dvoss/al_pmssmwithgp/Run3ModelGen/source/Run3ModelGen/scans/scan_4, with 1 models [Run3ModelGen.ntupling]
2024-08-09 14:11:07 [info     ] 	Filling values for model: 0   [Run3ModelGen.ntupling]
2024-08-09 14:11:07 [info     ] Saving NTuple in /u/dvoss/al_pmssmwithgp/Run3ModelGen/source/Run3ModelGen/scans/scan_4/ntuple.0.0.root ... [Run3ModelGen.ntupling]
Completed iteration 4
Starting iteration 5
Initial Training points:  tensor([0.5119, 0.8528, 0.5812, 0.1617], device='cuda:0') torch.Size([4])
Training points after adding:  tensor([0.5119, 0.8528, 0.5812, 0.1617, 0.1638, 0.5464, 0.8017, 0.1638, 0.6232,
        0.2088, 0.1693, 0.2413, 0.1638, 0.1638, 0.3582, 0.2766],
       device='cuda:0') torch.Size([16])
These training_points are used in the GP tensor([0.5119, 0.8528, 0.5812, 0.1617, 0.1638, 0.5464, 0.8017, 0.1638, 0.6232,
        0.2088, 0.1693, 0.2413, 0.1638, 0.1638, 0.3582, 0.2766],
       device='cuda:0')
points: {0}
new xs normalized:  tensor([0.], device='cuda:0')
Corresponding xs: tensor([-2000.], device='cuda:0')
Plot saved to /raven/u/dvoss/al_pmssmwithgp/model/plots/Iter5/gp_plot.png
YAML file has been created: /u/dvoss/al_pmssmwithgp/Run3ModelGen/source/Run3ModelGen/data/new_config.yaml
Note: detected 144 virtual cores but NumExpr set to maximum of 64, check "NUMEXPR_MAX_THREADS" environment variable.
Note: NumExpr detected 144 cores but "NUMEXPR_MAX_THREADS" not set, so enforcing safe limit of 8.
NumExpr defaulting to 8 threads.

  ___              ____ __  __          _       _   ___            
 | _ \ _  _  _ _  |__ /|  \/  | ___  __| | ___ | | / __| ___  _ _  
 |   /| || || ' \  |_ \| |\/| |/ _ \/ _` |/ -_)| || (_ |/ -_)| ' \ 
 |_|_\ \_,_||_||_||___/|_|  |_|\___/\__,_|\___||_| \___|\___||_||_|
                                                                   

2024-08-09 14:11:45 [info     ] Initialised ModelGenerator with: [Run3ModelGen.modelgen]
2024-08-09 14:11:45 [info     ] 	config_file = /u/dvoss/al_pmssmwithgp/Run3ModelGen/source/Run3ModelGen/data/new_config.yaml [Run3ModelGen.modelgen]
2024-08-09 14:11:45 [info     ] 	scan_dir = /u/dvoss/al_pmssmwithgp/Run3ModelGen/source/Run3ModelGen/scans/scan_5 [Run3ModelGen.modelgen]
2024-08-09 14:11:45 [info     ] 	rawfilen = /u/dvoss/al_pmssmwithgp/Run3ModelGen/source/Run3ModelGen/data/raw.slha [Run3ModelGen.modelgen]
2024-08-09 14:11:45 [info     ] 	seed = 123                    [Run3ModelGen.modelgen]
2024-08-09 14:11:45 [info     ] 	points = {}                   [Run3ModelGen.modelgen]
2024-08-09 14:11:45 [info     ] 	prior = fixed                 [Run3ModelGen.modelgen]
2024-08-09 14:11:45 [info     ] 	num_models = 1                [Run3ModelGen.modelgen]
2024-08-09 14:11:45 [info     ] 	isGMSB = False                [Run3ModelGen.modelgen]
2024-08-09 14:11:45 [info     ] 	parameters =                  [Run3ModelGen.modelgen]
2024-08-09 14:11:45 [info     ] 		tanb: [60]                   [Run3ModelGen.modelgen]
2024-08-09 14:11:45 [info     ] 		M_1: [-2000.0]               [Run3ModelGen.modelgen]
2024-08-09 14:11:45 [info     ] 		M_2: [2000]                  [Run3ModelGen.modelgen]
2024-08-09 14:11:45 [info     ] 		M_3: [4000]                  [Run3ModelGen.modelgen]
2024-08-09 14:11:45 [info     ] 		AT: [4000]                   [Run3ModelGen.modelgen]
2024-08-09 14:11:45 [info     ] 		Ab: [2000]                   [Run3ModelGen.modelgen]
2024-08-09 14:11:45 [info     ] 		Atau: [2000]                 [Run3ModelGen.modelgen]
2024-08-09 14:11:45 [info     ] 		mu: [2000]                   [Run3ModelGen.modelgen]
2024-08-09 14:11:45 [info     ] 		mA: [2000]                   [Run3ModelGen.modelgen]
2024-08-09 14:11:45 [info     ] 		meL: [2000]                  [Run3ModelGen.modelgen]
2024-08-09 14:11:45 [info     ] 		mtauL: [2000]                [Run3ModelGen.modelgen]
2024-08-09 14:11:45 [info     ] 		meR: [2000]                  [Run3ModelGen.modelgen]
2024-08-09 14:11:45 [info     ] 		mtauR: [2000]                [Run3ModelGen.modelgen]
2024-08-09 14:11:45 [info     ] 		mqL1: [4000]                 [Run3ModelGen.modelgen]
2024-08-09 14:11:45 [info     ] 		mqL3: [4000]                 [Run3ModelGen.modelgen]
2024-08-09 14:11:45 [info     ] 		muR: [4000]                  [Run3ModelGen.modelgen]
2024-08-09 14:11:45 [info     ] 		mtR: [4000]                  [Run3ModelGen.modelgen]
2024-08-09 14:11:45 [info     ] 		mdR: [4000]                  [Run3ModelGen.modelgen]
2024-08-09 14:11:45 [info     ] 		mbR: [4000]                  [Run3ModelGen.modelgen]
2024-08-09 14:11:45 [info     ] 	steps =                       [Run3ModelGen.modelgen]
2024-08-09 14:11:45 [info     ] 		{'name': 'prep_input', 'output_dir': 'input', 'prefix': 'IN'} [Run3ModelGen.modelgen]
2024-08-09 14:11:45 [info     ] 		{'name': 'SPheno', 'input_dir': 'input', 'output_dir': 'SPheno', 'log_dir': 'SPheno_log', 'prefix': 'SP'} [Run3ModelGen.modelgen]
2024-08-09 14:11:45 [info     ] 		{'name': 'softsusy', 'input_dir': 'input', 'output_dir': 'softsusy', 'prefix': 'SS'} [Run3ModelGen.modelgen]
2024-08-09 14:11:45 [info     ] 		{'name': 'micromegas', 'input_dir': 'SPheno', 'output_dir': 'micromegas', 'prefix': 'MO'} [Run3ModelGen.modelgen]
2024-08-09 14:11:45 [info     ] 		{'name': 'superiso', 'input_dir': 'SPheno', 'output_dir': 'superiso', 'prefix': 'SI'} [Run3ModelGen.modelgen]
2024-08-09 14:11:45 [info     ] 		{'name': 'gm2calc', 'input_dir': 'SPheno', 'output_dir': 'gm2calc', 'prefix': 'GM2'} [Run3ModelGen.modelgen]
2024-08-09 14:11:45 [info     ] 		{'name': 'evade', 'input_dir': 'SPheno', 'output_dir': 'evade', 'prefix': 'EV'} [Run3ModelGen.modelgen]
2024-08-09 14:11:45 [info     ] Starting Model Generation...   [Run3ModelGen.modelgen]
2024-08-09 14:11:45 [info     ] Setting up output directories for scan [Run3ModelGen.modelgen]
2024-08-09 14:11:45 [info     ] Generating Model: 0.slha (1/1) [Run3ModelGen.modelgen]
2024-08-09 14:11:45 [info     ] 	running step: prep_input      [Run3ModelGen.modelgen]
2024-08-09 14:11:45 [info     ] 	running step: SPheno          [Run3ModelGen.modelgen]
2024-08-09 14:11:46 [info     ] 	running step: softsusy        [Run3ModelGen.modelgen]
2024-08-09 14:11:46 [info     ] 	running step: micromegas      [Run3ModelGen.modelgen]
2024-08-09 14:11:47 [info     ] 	running step: superiso        [Run3ModelGen.modelgen]
2024-08-09 14:11:47 [info     ] 	running step: gm2calc         [Run3ModelGen.modelgen]
2024-08-09 14:11:47 [info     ] 	running step: evade           [Run3ModelGen.modelgen]
2024-08-09 14:11:47 [info     ] Finished generating models! Stats for successful generations (successful/attempted): [Run3ModelGen.modelgen]
2024-08-09 14:11:47 [info     ] 	prep_input: 1/1.              [Run3ModelGen.modelgen]
2024-08-09 14:11:47 [info     ] 	SPheno: 1/1.                  [Run3ModelGen.modelgen]
2024-08-09 14:11:47 [info     ] 	softsusy: 1/1.                [Run3ModelGen.modelgen]
2024-08-09 14:11:47 [info     ] 	micromegas: 1/1.              [Run3ModelGen.modelgen]
2024-08-09 14:11:47 [info     ] 	superiso: 1/1.                [Run3ModelGen.modelgen]
2024-08-09 14:11:47 [info     ] 	gm2calc: 1/1.                 [Run3ModelGen.modelgen]
2024-08-09 14:11:47 [info     ] 	evade: 0/1.                   [Run3ModelGen.modelgen]
2024-08-09 14:11:47 [info     ] Will make NTuple for: /u/dvoss/al_pmssmwithgp/Run3ModelGen/source/Run3ModelGen/scans/scan_5, with 1 models [Run3ModelGen.ntupling]
2024-08-09 14:11:47 [info     ] 	Filling values for model: 0   [Run3ModelGen.ntupling]
2024-08-09 14:11:47 [info     ] Saving NTuple in /u/dvoss/al_pmssmwithgp/Run3ModelGen/source/Run3ModelGen/scans/scan_5/ntuple.0.0.root ... [Run3ModelGen.ntupling]
Completed iteration 5
Starting iteration 6
Initial Training points:  tensor([0.5119, 0.8528, 0.5812, 0.1617], device='cuda:0') torch.Size([4])
Training points after adding:  tensor([0.5119, 0.8528, 0.5812, 0.1617, 0.1638, 0.5464, 0.8017, 0.1638, 0.6232,
        0.2088, 0.1693, 0.2413, 0.1638, 0.1638, 0.3582, 0.2766, 0.3001, 0.2191,
        0.1638], device='cuda:0') torch.Size([19])
These training_points are used in the GP tensor([0.5119, 0.8528, 0.5812, 0.1617, 0.1638, 0.5464, 0.8017, 0.1638, 0.6232,
        0.2088, 0.1693, 0.2413, 0.1638, 0.1638, 0.3582, 0.2766, 0.3001, 0.2191,
        0.1638], device='cuda:0')
points: {0}
new xs normalized:  tensor([0.], device='cuda:0')
Corresponding xs: tensor([-2000.], device='cuda:0')
Plot saved to /raven/u/dvoss/al_pmssmwithgp/model/plots/Iter6/gp_plot.png
YAML file has been created: /u/dvoss/al_pmssmwithgp/Run3ModelGen/source/Run3ModelGen/data/new_config.yaml
Note: detected 144 virtual cores but NumExpr set to maximum of 64, check "NUMEXPR_MAX_THREADS" environment variable.
Note: NumExpr detected 144 cores but "NUMEXPR_MAX_THREADS" not set, so enforcing safe limit of 8.
NumExpr defaulting to 8 threads.

  ___              ____ __  __          _       _   ___            
 | _ \ _  _  _ _  |__ /|  \/  | ___  __| | ___ | | / __| ___  _ _  
 |   /| || || ' \  |_ \| |\/| |/ _ \/ _` |/ -_)| || (_ |/ -_)| ' \ 
 |_|_\ \_,_||_||_||___/|_|  |_|\___/\__,_|\___||_| \___|\___||_||_|
                                                                   

2024-08-09 14:12:26 [info     ] Initialised ModelGenerator with: [Run3ModelGen.modelgen]
2024-08-09 14:12:26 [info     ] 	config_file = /u/dvoss/al_pmssmwithgp/Run3ModelGen/source/Run3ModelGen/data/new_config.yaml [Run3ModelGen.modelgen]
2024-08-09 14:12:26 [info     ] 	scan_dir = /u/dvoss/al_pmssmwithgp/Run3ModelGen/source/Run3ModelGen/scans/scan_6 [Run3ModelGen.modelgen]
2024-08-09 14:12:26 [info     ] 	rawfilen = /u/dvoss/al_pmssmwithgp/Run3ModelGen/source/Run3ModelGen/data/raw.slha [Run3ModelGen.modelgen]
2024-08-09 14:12:26 [info     ] 	seed = 123                    [Run3ModelGen.modelgen]
2024-08-09 14:12:26 [info     ] 	points = {}                   [Run3ModelGen.modelgen]
2024-08-09 14:12:26 [info     ] 	prior = fixed                 [Run3ModelGen.modelgen]
2024-08-09 14:12:26 [info     ] 	num_models = 1                [Run3ModelGen.modelgen]
2024-08-09 14:12:26 [info     ] 	isGMSB = False                [Run3ModelGen.modelgen]
2024-08-09 14:12:26 [info     ] 	parameters =                  [Run3ModelGen.modelgen]
2024-08-09 14:12:26 [info     ] 		tanb: [60]                   [Run3ModelGen.modelgen]
2024-08-09 14:12:26 [info     ] 		M_1: [-2000.0]               [Run3ModelGen.modelgen]
2024-08-09 14:12:26 [info     ] 		M_2: [2000]                  [Run3ModelGen.modelgen]
2024-08-09 14:12:26 [info     ] 		M_3: [4000]                  [Run3ModelGen.modelgen]
2024-08-09 14:12:26 [info     ] 		AT: [4000]                   [Run3ModelGen.modelgen]
2024-08-09 14:12:26 [info     ] 		Ab: [2000]                   [Run3ModelGen.modelgen]
2024-08-09 14:12:26 [info     ] 		Atau: [2000]                 [Run3ModelGen.modelgen]
2024-08-09 14:12:26 [info     ] 		mu: [2000]                   [Run3ModelGen.modelgen]
2024-08-09 14:12:26 [info     ] 		mA: [2000]                   [Run3ModelGen.modelgen]
2024-08-09 14:12:26 [info     ] 		meL: [2000]                  [Run3ModelGen.modelgen]
2024-08-09 14:12:26 [info     ] 		mtauL: [2000]                [Run3ModelGen.modelgen]
2024-08-09 14:12:26 [info     ] 		meR: [2000]                  [Run3ModelGen.modelgen]
2024-08-09 14:12:26 [info     ] 		mtauR: [2000]                [Run3ModelGen.modelgen]
2024-08-09 14:12:26 [info     ] 		mqL1: [4000]                 [Run3ModelGen.modelgen]
2024-08-09 14:12:26 [info     ] 		mqL3: [4000]                 [Run3ModelGen.modelgen]
2024-08-09 14:12:26 [info     ] 		muR: [4000]                  [Run3ModelGen.modelgen]
2024-08-09 14:12:26 [info     ] 		mtR: [4000]                  [Run3ModelGen.modelgen]
2024-08-09 14:12:26 [info     ] 		mdR: [4000]                  [Run3ModelGen.modelgen]
2024-08-09 14:12:26 [info     ] 		mbR: [4000]                  [Run3ModelGen.modelgen]
2024-08-09 14:12:26 [info     ] 	steps =                       [Run3ModelGen.modelgen]
2024-08-09 14:12:26 [info     ] 		{'name': 'prep_input', 'output_dir': 'input', 'prefix': 'IN'} [Run3ModelGen.modelgen]
2024-08-09 14:12:26 [info     ] 		{'name': 'SPheno', 'input_dir': 'input', 'output_dir': 'SPheno', 'log_dir': 'SPheno_log', 'prefix': 'SP'} [Run3ModelGen.modelgen]
2024-08-09 14:12:26 [info     ] 		{'name': 'softsusy', 'input_dir': 'input', 'output_dir': 'softsusy', 'prefix': 'SS'} [Run3ModelGen.modelgen]
2024-08-09 14:12:26 [info     ] 		{'name': 'micromegas', 'input_dir': 'SPheno', 'output_dir': 'micromegas', 'prefix': 'MO'} [Run3ModelGen.modelgen]
2024-08-09 14:12:26 [info     ] 		{'name': 'superiso', 'input_dir': 'SPheno', 'output_dir': 'superiso', 'prefix': 'SI'} [Run3ModelGen.modelgen]
2024-08-09 14:12:26 [info     ] 		{'name': 'gm2calc', 'input_dir': 'SPheno', 'output_dir': 'gm2calc', 'prefix': 'GM2'} [Run3ModelGen.modelgen]
2024-08-09 14:12:26 [info     ] 		{'name': 'evade', 'input_dir': 'SPheno', 'output_dir': 'evade', 'prefix': 'EV'} [Run3ModelGen.modelgen]
2024-08-09 14:12:26 [info     ] Starting Model Generation...   [Run3ModelGen.modelgen]
2024-08-09 14:12:26 [info     ] Setting up output directories for scan [Run3ModelGen.modelgen]
2024-08-09 14:12:26 [info     ] Generating Model: 0.slha (1/1) [Run3ModelGen.modelgen]
2024-08-09 14:12:26 [info     ] 	running step: prep_input      [Run3ModelGen.modelgen]
2024-08-09 14:12:26 [info     ] 	running step: SPheno          [Run3ModelGen.modelgen]
2024-08-09 14:12:26 [info     ] 	running step: softsusy        [Run3ModelGen.modelgen]
2024-08-09 14:12:26 [info     ] 	running step: micromegas      [Run3ModelGen.modelgen]
2024-08-09 14:12:28 [info     ] 	running step: superiso        [Run3ModelGen.modelgen]
2024-08-09 14:12:28 [info     ] 	running step: gm2calc         [Run3ModelGen.modelgen]
2024-08-09 14:12:28 [info     ] 	running step: evade           [Run3ModelGen.modelgen]
2024-08-09 14:12:28 [info     ] Finished generating models! Stats for successful generations (successful/attempted): [Run3ModelGen.modelgen]
2024-08-09 14:12:28 [info     ] 	prep_input: 1/1.              [Run3ModelGen.modelgen]
2024-08-09 14:12:28 [info     ] 	SPheno: 1/1.                  [Run3ModelGen.modelgen]
2024-08-09 14:12:28 [info     ] 	softsusy: 1/1.                [Run3ModelGen.modelgen]
2024-08-09 14:12:28 [info     ] 	micromegas: 1/1.              [Run3ModelGen.modelgen]
2024-08-09 14:12:28 [info     ] 	superiso: 1/1.                [Run3ModelGen.modelgen]
2024-08-09 14:12:28 [info     ] 	gm2calc: 1/1.                 [Run3ModelGen.modelgen]
2024-08-09 14:12:28 [info     ] 	evade: 0/1.                   [Run3ModelGen.modelgen]
2024-08-09 14:12:28 [info     ] Will make NTuple for: /u/dvoss/al_pmssmwithgp/Run3ModelGen/source/Run3ModelGen/scans/scan_6, with 1 models [Run3ModelGen.ntupling]
2024-08-09 14:12:28 [info     ] 	Filling values for model: 0   [Run3ModelGen.ntupling]
2024-08-09 14:12:28 [info     ] Saving NTuple in /u/dvoss/al_pmssmwithgp/Run3ModelGen/source/Run3ModelGen/scans/scan_6/ntuple.0.0.root ... [Run3ModelGen.ntupling]
Completed iteration 6
Starting iteration 7
Initial Training points:  tensor([0.5119, 0.8528, 0.5812, 0.1617], device='cuda:0') torch.Size([4])
Training points after adding:  tensor([0.5119, 0.8528, 0.5812, 0.1617, 0.1638, 0.5464, 0.8017, 0.1638, 0.6232,
        0.2088, 0.1693, 0.2413, 0.1638, 0.1638, 0.3582, 0.2766, 0.3001, 0.2191,
        0.1638, 0.3001, 0.1638, 0.5858], device='cuda:0') torch.Size([22])
These training_points are used in the GP tensor([0.5119, 0.8528, 0.5812, 0.1617, 0.1638, 0.5464, 0.8017, 0.1638, 0.6232,
        0.2088, 0.1693, 0.2413, 0.1638, 0.1638, 0.3582, 0.2766, 0.3001, 0.2191,
        0.1638, 0.3001, 0.1638, 0.5858], device='cuda:0')
points: {0, 91, 182}
new xs normalized:  tensor([0.0000, 0.0911, 0.1822], device='cuda:0')
Corresponding xs: tensor([-2000.0000, -1635.6356, -1271.2712], device='cuda:0')
Plot saved to /raven/u/dvoss/al_pmssmwithgp/model/plots/Iter7/gp_plot.png
YAML file has been created: /u/dvoss/al_pmssmwithgp/Run3ModelGen/source/Run3ModelGen/data/new_config.yaml
Note: detected 144 virtual cores but NumExpr set to maximum of 64, check "NUMEXPR_MAX_THREADS" environment variable.
Note: NumExpr detected 144 cores but "NUMEXPR_MAX_THREADS" not set, so enforcing safe limit of 8.
NumExpr defaulting to 8 threads.

  ___              ____ __  __          _       _   ___            
 | _ \ _  _  _ _  |__ /|  \/  | ___  __| | ___ | | / __| ___  _ _  
 |   /| || || ' \  |_ \| |\/| |/ _ \/ _` |/ -_)| || (_ |/ -_)| ' \ 
 |_|_\ \_,_||_||_||___/|_|  |_|\___/\__,_|\___||_| \___|\___||_||_|
                                                                   

2024-08-09 14:13:07 [info     ] Initialised ModelGenerator with: [Run3ModelGen.modelgen]
2024-08-09 14:13:07 [info     ] 	config_file = /u/dvoss/al_pmssmwithgp/Run3ModelGen/source/Run3ModelGen/data/new_config.yaml [Run3ModelGen.modelgen]
2024-08-09 14:13:07 [info     ] 	scan_dir = /u/dvoss/al_pmssmwithgp/Run3ModelGen/source/Run3ModelGen/scans/scan_7 [Run3ModelGen.modelgen]
2024-08-09 14:13:07 [info     ] 	rawfilen = /u/dvoss/al_pmssmwithgp/Run3ModelGen/source/Run3ModelGen/data/raw.slha [Run3ModelGen.modelgen]
2024-08-09 14:13:07 [info     ] 	seed = 123                    [Run3ModelGen.modelgen]
2024-08-09 14:13:07 [info     ] 	points = {}                   [Run3ModelGen.modelgen]
2024-08-09 14:13:07 [info     ] 	prior = fixed                 [Run3ModelGen.modelgen]
2024-08-09 14:13:07 [info     ] 	num_models = 3                [Run3ModelGen.modelgen]
2024-08-09 14:13:07 [info     ] 	isGMSB = False                [Run3ModelGen.modelgen]
2024-08-09 14:13:07 [info     ] 	parameters =                  [Run3ModelGen.modelgen]
2024-08-09 14:13:07 [info     ] 		tanb: [60, 60, 60]           [Run3ModelGen.modelgen]
2024-08-09 14:13:07 [info     ] 		M_1: [-2000.0, -1635.64, -1271.27] [Run3ModelGen.modelgen]
2024-08-09 14:13:07 [info     ] 		M_2: [2000, 2000, 2000]      [Run3ModelGen.modelgen]
2024-08-09 14:13:07 [info     ] 		M_3: [4000, 4000, 4000]      [Run3ModelGen.modelgen]
2024-08-09 14:13:07 [info     ] 		AT: [4000, 4000, 4000]       [Run3ModelGen.modelgen]
2024-08-09 14:13:07 [info     ] 		Ab: [2000, 2000, 2000]       [Run3ModelGen.modelgen]
2024-08-09 14:13:07 [info     ] 		Atau: [2000, 2000, 2000]     [Run3ModelGen.modelgen]
2024-08-09 14:13:07 [info     ] 		mu: [2000, 2000, 2000]       [Run3ModelGen.modelgen]
2024-08-09 14:13:07 [info     ] 		mA: [2000, 2000, 2000]       [Run3ModelGen.modelgen]
2024-08-09 14:13:07 [info     ] 		meL: [2000, 2000, 2000]      [Run3ModelGen.modelgen]
2024-08-09 14:13:07 [info     ] 		mtauL: [2000, 2000, 2000]    [Run3ModelGen.modelgen]
2024-08-09 14:13:07 [info     ] 		meR: [2000, 2000, 2000]      [Run3ModelGen.modelgen]
2024-08-09 14:13:07 [info     ] 		mtauR: [2000, 2000, 2000]    [Run3ModelGen.modelgen]
2024-08-09 14:13:07 [info     ] 		mqL1: [4000, 4000, 4000]     [Run3ModelGen.modelgen]
2024-08-09 14:13:07 [info     ] 		mqL3: [4000, 4000, 4000]     [Run3ModelGen.modelgen]
2024-08-09 14:13:07 [info     ] 		muR: [4000, 4000, 4000]      [Run3ModelGen.modelgen]
2024-08-09 14:13:07 [info     ] 		mtR: [4000, 4000, 4000]      [Run3ModelGen.modelgen]
2024-08-09 14:13:07 [info     ] 		mdR: [4000, 4000, 4000]      [Run3ModelGen.modelgen]
2024-08-09 14:13:07 [info     ] 		mbR: [4000, 4000, 4000]      [Run3ModelGen.modelgen]
2024-08-09 14:13:07 [info     ] 	steps =                       [Run3ModelGen.modelgen]
2024-08-09 14:13:07 [info     ] 		{'name': 'prep_input', 'output_dir': 'input', 'prefix': 'IN'} [Run3ModelGen.modelgen]
2024-08-09 14:13:07 [info     ] 		{'name': 'SPheno', 'input_dir': 'input', 'output_dir': 'SPheno', 'log_dir': 'SPheno_log', 'prefix': 'SP'} [Run3ModelGen.modelgen]
2024-08-09 14:13:07 [info     ] 		{'name': 'softsusy', 'input_dir': 'input', 'output_dir': 'softsusy', 'prefix': 'SS'} [Run3ModelGen.modelgen]
2024-08-09 14:13:07 [info     ] 		{'name': 'micromegas', 'input_dir': 'SPheno', 'output_dir': 'micromegas', 'prefix': 'MO'} [Run3ModelGen.modelgen]
2024-08-09 14:13:07 [info     ] 		{'name': 'superiso', 'input_dir': 'SPheno', 'output_dir': 'superiso', 'prefix': 'SI'} [Run3ModelGen.modelgen]
2024-08-09 14:13:07 [info     ] 		{'name': 'gm2calc', 'input_dir': 'SPheno', 'output_dir': 'gm2calc', 'prefix': 'GM2'} [Run3ModelGen.modelgen]
2024-08-09 14:13:07 [info     ] 		{'name': 'evade', 'input_dir': 'SPheno', 'output_dir': 'evade', 'prefix': 'EV'} [Run3ModelGen.modelgen]
2024-08-09 14:13:07 [info     ] Starting Model Generation...   [Run3ModelGen.modelgen]
2024-08-09 14:13:07 [info     ] Setting up output directories for scan [Run3ModelGen.modelgen]
2024-08-09 14:13:07 [info     ] Generating Model: 0.slha (1/3) [Run3ModelGen.modelgen]
2024-08-09 14:13:07 [info     ] 	running step: prep_input      [Run3ModelGen.modelgen]
2024-08-09 14:13:07 [info     ] 	running step: SPheno          [Run3ModelGen.modelgen]
2024-08-09 14:13:07 [info     ] 	running step: softsusy        [Run3ModelGen.modelgen]
2024-08-09 14:13:07 [info     ] 	running step: micromegas      [Run3ModelGen.modelgen]
2024-08-09 14:13:08 [info     ] 	running step: superiso        [Run3ModelGen.modelgen]
2024-08-09 14:13:08 [info     ] 	running step: gm2calc         [Run3ModelGen.modelgen]
2024-08-09 14:13:08 [info     ] 	running step: evade           [Run3ModelGen.modelgen]
2024-08-09 14:13:08 [info     ] Generating Model: 1.slha (2/3) [Run3ModelGen.modelgen]
2024-08-09 14:13:08 [info     ] 	running step: prep_input      [Run3ModelGen.modelgen]
2024-08-09 14:13:08 [info     ] 	running step: SPheno          [Run3ModelGen.modelgen]
2024-08-09 14:13:09 [info     ] 	running step: softsusy        [Run3ModelGen.modelgen]
2024-08-09 14:13:09 [info     ] 	running step: micromegas      [Run3ModelGen.modelgen]
2024-08-09 14:13:09 [info     ] 	running step: superiso        [Run3ModelGen.modelgen]
2024-08-09 14:13:10 [info     ] 	running step: gm2calc         [Run3ModelGen.modelgen]
2024-08-09 14:13:10 [info     ] 	running step: evade           [Run3ModelGen.modelgen]
2024-08-09 14:13:10 [info     ] Generating Model: 2.slha (3/3) [Run3ModelGen.modelgen]
2024-08-09 14:13:10 [info     ] 	running step: prep_input      [Run3ModelGen.modelgen]
2024-08-09 14:13:10 [info     ] 	running step: SPheno          [Run3ModelGen.modelgen]
2024-08-09 14:13:10 [info     ] 	running step: softsusy        [Run3ModelGen.modelgen]
2024-08-09 14:13:10 [info     ] 	running step: micromegas      [Run3ModelGen.modelgen]
2024-08-09 14:13:10 [info     ] 	running step: superiso        [Run3ModelGen.modelgen]
2024-08-09 14:13:10 [info     ] 	running step: gm2calc         [Run3ModelGen.modelgen]
2024-08-09 14:13:10 [info     ] 	running step: evade           [Run3ModelGen.modelgen]
2024-08-09 14:13:10 [info     ] Finished generating models! Stats for successful generations (successful/attempted): [Run3ModelGen.modelgen]
2024-08-09 14:13:10 [info     ] 	prep_input: 3/3.              [Run3ModelGen.modelgen]
2024-08-09 14:13:10 [info     ] 	SPheno: 3/3.                  [Run3ModelGen.modelgen]
2024-08-09 14:13:10 [info     ] 	softsusy: 3/3.                [Run3ModelGen.modelgen]
2024-08-09 14:13:10 [info     ] 	micromegas: 3/3.              [Run3ModelGen.modelgen]
2024-08-09 14:13:10 [info     ] 	superiso: 3/3.                [Run3ModelGen.modelgen]
2024-08-09 14:13:10 [info     ] 	gm2calc: 3/3.                 [Run3ModelGen.modelgen]
2024-08-09 14:13:10 [info     ] 	evade: 0/3.                   [Run3ModelGen.modelgen]
2024-08-09 14:13:10 [info     ] Will make NTuple for: /u/dvoss/al_pmssmwithgp/Run3ModelGen/source/Run3ModelGen/scans/scan_7, with 3 models [Run3ModelGen.ntupling]
2024-08-09 14:13:10 [info     ] 	Filling values for model: 0   [Run3ModelGen.ntupling]
2024-08-09 14:13:10 [info     ] Saving NTuple in /u/dvoss/al_pmssmwithgp/Run3ModelGen/source/Run3ModelGen/scans/scan_7/ntuple.0.0.root ... [Run3ModelGen.ntupling]
Completed iteration 7
Starting iteration 8
Initial Training points:  tensor([0.5119, 0.8528, 0.5812, 0.1617], device='cuda:0') torch.Size([4])
Training points after adding:  tensor([0.5119, 0.8528, 0.5812, 0.1617, 0.1638, 0.5464, 0.8017, 0.1638, 0.6232,
        0.2088, 0.1693, 0.2413, 0.1638, 0.1638, 0.3582, 0.2766, 0.3001, 0.2191,
        0.1638, 0.3001, 0.1638, 0.5858, 0.3955, 0.1638, 0.1998],
       device='cuda:0') torch.Size([25])
These training_points are used in the GP tensor([0.5119, 0.8528, 0.5812, 0.1617, 0.1638, 0.5464, 0.8017, 0.1638, 0.6232,
        0.2088, 0.1693, 0.2413, 0.1638, 0.1638, 0.3582, 0.2766, 0.3001, 0.2191,
        0.1638, 0.3001, 0.1638, 0.5858, 0.3955, 0.1638, 0.1998],
       device='cuda:0')
points: {0, 240, 307}
new xs normalized:  tensor([0.0000, 0.2402, 0.3073], device='cuda:0')
Corresponding xs: tensor([-2000.0000, -1039.0391,  -770.7708], device='cuda:0')
Plot saved to /raven/u/dvoss/al_pmssmwithgp/model/plots/Iter8/gp_plot.png
YAML file has been created: /u/dvoss/al_pmssmwithgp/Run3ModelGen/source/Run3ModelGen/data/new_config.yaml
Note: detected 144 virtual cores but NumExpr set to maximum of 64, check "NUMEXPR_MAX_THREADS" environment variable.
Note: NumExpr detected 144 cores but "NUMEXPR_MAX_THREADS" not set, so enforcing safe limit of 8.
NumExpr defaulting to 8 threads.

  ___              ____ __  __          _       _   ___            
 | _ \ _  _  _ _  |__ /|  \/  | ___  __| | ___ | | / __| ___  _ _  
 |   /| || || ' \  |_ \| |\/| |/ _ \/ _` |/ -_)| || (_ |/ -_)| ' \ 
 |_|_\ \_,_||_||_||___/|_|  |_|\___/\__,_|\___||_| \___|\___||_||_|
                                                                   

2024-08-09 14:13:49 [info     ] Initialised ModelGenerator with: [Run3ModelGen.modelgen]
2024-08-09 14:13:49 [info     ] 	config_file = /u/dvoss/al_pmssmwithgp/Run3ModelGen/source/Run3ModelGen/data/new_config.yaml [Run3ModelGen.modelgen]
2024-08-09 14:13:49 [info     ] 	scan_dir = /u/dvoss/al_pmssmwithgp/Run3ModelGen/source/Run3ModelGen/scans/scan_8 [Run3ModelGen.modelgen]
2024-08-09 14:13:49 [info     ] 	rawfilen = /u/dvoss/al_pmssmwithgp/Run3ModelGen/source/Run3ModelGen/data/raw.slha [Run3ModelGen.modelgen]
2024-08-09 14:13:49 [info     ] 	seed = 123                    [Run3ModelGen.modelgen]
2024-08-09 14:13:49 [info     ] 	points = {}                   [Run3ModelGen.modelgen]
2024-08-09 14:13:49 [info     ] 	prior = fixed                 [Run3ModelGen.modelgen]
2024-08-09 14:13:49 [info     ] 	num_models = 3                [Run3ModelGen.modelgen]
2024-08-09 14:13:49 [info     ] 	isGMSB = False                [Run3ModelGen.modelgen]
2024-08-09 14:13:49 [info     ] 	parameters =                  [Run3ModelGen.modelgen]
2024-08-09 14:13:49 [info     ] 		tanb: [60, 60, 60]           [Run3ModelGen.modelgen]
2024-08-09 14:13:49 [info     ] 		M_1: [-2000.0, -1039.04, -770.77] [Run3ModelGen.modelgen]
2024-08-09 14:13:49 [info     ] 		M_2: [2000, 2000, 2000]      [Run3ModelGen.modelgen]
2024-08-09 14:13:49 [info     ] 		M_3: [4000, 4000, 4000]      [Run3ModelGen.modelgen]
2024-08-09 14:13:49 [info     ] 		AT: [4000, 4000, 4000]       [Run3ModelGen.modelgen]
2024-08-09 14:13:49 [info     ] 		Ab: [2000, 2000, 2000]       [Run3ModelGen.modelgen]
2024-08-09 14:13:49 [info     ] 		Atau: [2000, 2000, 2000]     [Run3ModelGen.modelgen]
2024-08-09 14:13:49 [info     ] 		mu: [2000, 2000, 2000]       [Run3ModelGen.modelgen]
2024-08-09 14:13:49 [info     ] 		mA: [2000, 2000, 2000]       [Run3ModelGen.modelgen]
2024-08-09 14:13:49 [info     ] 		meL: [2000, 2000, 2000]      [Run3ModelGen.modelgen]
2024-08-09 14:13:49 [info     ] 		mtauL: [2000, 2000, 2000]    [Run3ModelGen.modelgen]
2024-08-09 14:13:49 [info     ] 		meR: [2000, 2000, 2000]      [Run3ModelGen.modelgen]
2024-08-09 14:13:49 [info     ] 		mtauR: [2000, 2000, 2000]    [Run3ModelGen.modelgen]
2024-08-09 14:13:49 [info     ] 		mqL1: [4000, 4000, 4000]     [Run3ModelGen.modelgen]
2024-08-09 14:13:49 [info     ] 		mqL3: [4000, 4000, 4000]     [Run3ModelGen.modelgen]
2024-08-09 14:13:49 [info     ] 		muR: [4000, 4000, 4000]      [Run3ModelGen.modelgen]
2024-08-09 14:13:49 [info     ] 		mtR: [4000, 4000, 4000]      [Run3ModelGen.modelgen]
2024-08-09 14:13:49 [info     ] 		mdR: [4000, 4000, 4000]      [Run3ModelGen.modelgen]
2024-08-09 14:13:49 [info     ] 		mbR: [4000, 4000, 4000]      [Run3ModelGen.modelgen]
2024-08-09 14:13:49 [info     ] 	steps =                       [Run3ModelGen.modelgen]
2024-08-09 14:13:49 [info     ] 		{'name': 'prep_input', 'output_dir': 'input', 'prefix': 'IN'} [Run3ModelGen.modelgen]
2024-08-09 14:13:49 [info     ] 		{'name': 'SPheno', 'input_dir': 'input', 'output_dir': 'SPheno', 'log_dir': 'SPheno_log', 'prefix': 'SP'} [Run3ModelGen.modelgen]
2024-08-09 14:13:49 [info     ] 		{'name': 'softsusy', 'input_dir': 'input', 'output_dir': 'softsusy', 'prefix': 'SS'} [Run3ModelGen.modelgen]
2024-08-09 14:13:49 [info     ] 		{'name': 'micromegas', 'input_dir': 'SPheno', 'output_dir': 'micromegas', 'prefix': 'MO'} [Run3ModelGen.modelgen]
2024-08-09 14:13:49 [info     ] 		{'name': 'superiso', 'input_dir': 'SPheno', 'output_dir': 'superiso', 'prefix': 'SI'} [Run3ModelGen.modelgen]
2024-08-09 14:13:49 [info     ] 		{'name': 'gm2calc', 'input_dir': 'SPheno', 'output_dir': 'gm2calc', 'prefix': 'GM2'} [Run3ModelGen.modelgen]
2024-08-09 14:13:49 [info     ] 		{'name': 'evade', 'input_dir': 'SPheno', 'output_dir': 'evade', 'prefix': 'EV'} [Run3ModelGen.modelgen]
2024-08-09 14:13:49 [info     ] Starting Model Generation...   [Run3ModelGen.modelgen]
2024-08-09 14:13:49 [info     ] Setting up output directories for scan [Run3ModelGen.modelgen]
2024-08-09 14:13:49 [info     ] Generating Model: 0.slha (1/3) [Run3ModelGen.modelgen]
2024-08-09 14:13:49 [info     ] 	running step: prep_input      [Run3ModelGen.modelgen]
2024-08-09 14:13:49 [info     ] 	running step: SPheno          [Run3ModelGen.modelgen]
2024-08-09 14:13:49 [info     ] 	running step: softsusy        [Run3ModelGen.modelgen]
2024-08-09 14:13:49 [info     ] 	running step: micromegas      [Run3ModelGen.modelgen]
2024-08-09 14:13:51 [info     ] 	running step: superiso        [Run3ModelGen.modelgen]
2024-08-09 14:13:51 [info     ] 	running step: gm2calc         [Run3ModelGen.modelgen]
2024-08-09 14:13:51 [info     ] 	running step: evade           [Run3ModelGen.modelgen]
2024-08-09 14:13:51 [info     ] Generating Model: 1.slha (2/3) [Run3ModelGen.modelgen]
2024-08-09 14:13:51 [info     ] 	running step: prep_input      [Run3ModelGen.modelgen]
2024-08-09 14:13:51 [info     ] 	running step: SPheno          [Run3ModelGen.modelgen]
2024-08-09 14:13:51 [info     ] 	running step: softsusy        [Run3ModelGen.modelgen]
2024-08-09 14:13:51 [info     ] 	running step: micromegas      [Run3ModelGen.modelgen]
2024-08-09 14:13:51 [info     ] 	running step: superiso        [Run3ModelGen.modelgen]
2024-08-09 14:13:52 [info     ] 	running step: gm2calc         [Run3ModelGen.modelgen]
2024-08-09 14:13:52 [info     ] 	running step: evade           [Run3ModelGen.modelgen]
2024-08-09 14:13:52 [info     ] Generating Model: 2.slha (3/3) [Run3ModelGen.modelgen]
2024-08-09 14:13:52 [info     ] 	running step: prep_input      [Run3ModelGen.modelgen]
2024-08-09 14:13:52 [info     ] 	running step: SPheno          [Run3ModelGen.modelgen]
2024-08-09 14:13:52 [info     ] 	running step: softsusy        [Run3ModelGen.modelgen]
2024-08-09 14:13:52 [info     ] 	running step: micromegas      [Run3ModelGen.modelgen]
2024-08-09 14:13:52 [info     ] 	running step: superiso        [Run3ModelGen.modelgen]
2024-08-09 14:13:52 [info     ] 	running step: gm2calc         [Run3ModelGen.modelgen]
2024-08-09 14:13:52 [info     ] 	running step: evade           [Run3ModelGen.modelgen]
2024-08-09 14:13:52 [info     ] Finished generating models! Stats for successful generations (successful/attempted): [Run3ModelGen.modelgen]
2024-08-09 14:13:52 [info     ] 	prep_input: 3/3.              [Run3ModelGen.modelgen]
2024-08-09 14:13:52 [info     ] 	SPheno: 3/3.                  [Run3ModelGen.modelgen]
2024-08-09 14:13:52 [info     ] 	softsusy: 3/3.                [Run3ModelGen.modelgen]
2024-08-09 14:13:52 [info     ] 	micromegas: 3/3.              [Run3ModelGen.modelgen]
2024-08-09 14:13:52 [info     ] 	superiso: 3/3.                [Run3ModelGen.modelgen]
2024-08-09 14:13:52 [info     ] 	gm2calc: 3/3.                 [Run3ModelGen.modelgen]
2024-08-09 14:13:52 [info     ] 	evade: 0/3.                   [Run3ModelGen.modelgen]
2024-08-09 14:13:52 [info     ] Will make NTuple for: /u/dvoss/al_pmssmwithgp/Run3ModelGen/source/Run3ModelGen/scans/scan_8, with 3 models [Run3ModelGen.ntupling]
2024-08-09 14:13:52 [info     ] 	Filling values for model: 0   [Run3ModelGen.ntupling]
2024-08-09 14:13:52 [info     ] Saving NTuple in /u/dvoss/al_pmssmwithgp/Run3ModelGen/source/Run3ModelGen/scans/scan_8/ntuple.0.0.root ... [Run3ModelGen.ntupling]
Completed iteration 8
Starting iteration 9
Initial Training points:  tensor([0.5119, 0.8528, 0.5812, 0.1617], device='cuda:0') torch.Size([4])
Training points after adding:  tensor([0.5119, 0.8528, 0.5812, 0.1617, 0.1638, 0.5464, 0.8017, 0.1638, 0.6232,
        0.2088, 0.1693, 0.2413, 0.1638, 0.1638, 0.3582, 0.2766, 0.3001, 0.2191,
        0.1638, 0.3001, 0.1638, 0.5858, 0.3955, 0.1638, 0.1998, 0.4398, 0.1638,
        0.2752], device='cuda:0') torch.Size([28])
These training_points are used in the GP tensor([0.5119, 0.8528, 0.5812, 0.1617, 0.1638, 0.5464, 0.8017, 0.1638, 0.6232,
        0.2088, 0.1693, 0.2413, 0.1638, 0.1638, 0.3582, 0.2766, 0.3001, 0.2191,
        0.1638, 0.3001, 0.1638, 0.5858, 0.3955, 0.1638, 0.1998, 0.4398, 0.1638,
        0.2752], device='cuda:0')
points: {0, 109, 903}
new xs normalized:  tensor([0.0000, 0.1091, 0.9039], device='cuda:0')
Corresponding xs: tensor([-2000.0000, -1563.5636,  1615.6157], device='cuda:0')
Plot saved to /raven/u/dvoss/al_pmssmwithgp/model/plots/Iter9/gp_plot.png
YAML file has been created: /u/dvoss/al_pmssmwithgp/Run3ModelGen/source/Run3ModelGen/data/new_config.yaml
Note: detected 144 virtual cores but NumExpr set to maximum of 64, check "NUMEXPR_MAX_THREADS" environment variable.
Note: NumExpr detected 144 cores but "NUMEXPR_MAX_THREADS" not set, so enforcing safe limit of 8.
NumExpr defaulting to 8 threads.

  ___              ____ __  __          _       _   ___            
 | _ \ _  _  _ _  |__ /|  \/  | ___  __| | ___ | | / __| ___  _ _  
 |   /| || || ' \  |_ \| |\/| |/ _ \/ _` |/ -_)| || (_ |/ -_)| ' \ 
 |_|_\ \_,_||_||_||___/|_|  |_|\___/\__,_|\___||_| \___|\___||_||_|
                                                                   

2024-08-09 14:14:31 [info     ] Initialised ModelGenerator with: [Run3ModelGen.modelgen]
2024-08-09 14:14:31 [info     ] 	config_file = /u/dvoss/al_pmssmwithgp/Run3ModelGen/source/Run3ModelGen/data/new_config.yaml [Run3ModelGen.modelgen]
2024-08-09 14:14:31 [info     ] 	scan_dir = /u/dvoss/al_pmssmwithgp/Run3ModelGen/source/Run3ModelGen/scans/scan_9 [Run3ModelGen.modelgen]
2024-08-09 14:14:31 [info     ] 	rawfilen = /u/dvoss/al_pmssmwithgp/Run3ModelGen/source/Run3ModelGen/data/raw.slha [Run3ModelGen.modelgen]
2024-08-09 14:14:31 [info     ] 	seed = 123                    [Run3ModelGen.modelgen]
2024-08-09 14:14:31 [info     ] 	points = {}                   [Run3ModelGen.modelgen]
2024-08-09 14:14:31 [info     ] 	prior = fixed                 [Run3ModelGen.modelgen]
2024-08-09 14:14:31 [info     ] 	num_models = 3                [Run3ModelGen.modelgen]
2024-08-09 14:14:31 [info     ] 	isGMSB = False                [Run3ModelGen.modelgen]
2024-08-09 14:14:31 [info     ] 	parameters =                  [Run3ModelGen.modelgen]
2024-08-09 14:14:31 [info     ] 		tanb: [60, 60, 60]           [Run3ModelGen.modelgen]
2024-08-09 14:14:31 [info     ] 		M_1: [-2000.0, -1563.56, 1615.62] [Run3ModelGen.modelgen]
2024-08-09 14:14:31 [info     ] 		M_2: [2000, 2000, 2000]      [Run3ModelGen.modelgen]
2024-08-09 14:14:31 [info     ] 		M_3: [4000, 4000, 4000]      [Run3ModelGen.modelgen]
2024-08-09 14:14:31 [info     ] 		AT: [4000, 4000, 4000]       [Run3ModelGen.modelgen]
2024-08-09 14:14:31 [info     ] 		Ab: [2000, 2000, 2000]       [Run3ModelGen.modelgen]
2024-08-09 14:14:31 [info     ] 		Atau: [2000, 2000, 2000]     [Run3ModelGen.modelgen]
2024-08-09 14:14:31 [info     ] 		mu: [2000, 2000, 2000]       [Run3ModelGen.modelgen]
2024-08-09 14:14:31 [info     ] 		mA: [2000, 2000, 2000]       [Run3ModelGen.modelgen]
2024-08-09 14:14:31 [info     ] 		meL: [2000, 2000, 2000]      [Run3ModelGen.modelgen]
2024-08-09 14:14:31 [info     ] 		mtauL: [2000, 2000, 2000]    [Run3ModelGen.modelgen]
2024-08-09 14:14:31 [info     ] 		meR: [2000, 2000, 2000]      [Run3ModelGen.modelgen]
2024-08-09 14:14:31 [info     ] 		mtauR: [2000, 2000, 2000]    [Run3ModelGen.modelgen]
2024-08-09 14:14:31 [info     ] 		mqL1: [4000, 4000, 4000]     [Run3ModelGen.modelgen]
2024-08-09 14:14:31 [info     ] 		mqL3: [4000, 4000, 4000]     [Run3ModelGen.modelgen]
2024-08-09 14:14:31 [info     ] 		muR: [4000, 4000, 4000]      [Run3ModelGen.modelgen]
2024-08-09 14:14:31 [info     ] 		mtR: [4000, 4000, 4000]      [Run3ModelGen.modelgen]
2024-08-09 14:14:31 [info     ] 		mdR: [4000, 4000, 4000]      [Run3ModelGen.modelgen]
2024-08-09 14:14:31 [info     ] 		mbR: [4000, 4000, 4000]      [Run3ModelGen.modelgen]
2024-08-09 14:14:31 [info     ] 	steps =                       [Run3ModelGen.modelgen]
2024-08-09 14:14:31 [info     ] 		{'name': 'prep_input', 'output_dir': 'input', 'prefix': 'IN'} [Run3ModelGen.modelgen]
2024-08-09 14:14:31 [info     ] 		{'name': 'SPheno', 'input_dir': 'input', 'output_dir': 'SPheno', 'log_dir': 'SPheno_log', 'prefix': 'SP'} [Run3ModelGen.modelgen]
2024-08-09 14:14:31 [info     ] 		{'name': 'softsusy', 'input_dir': 'input', 'output_dir': 'softsusy', 'prefix': 'SS'} [Run3ModelGen.modelgen]
2024-08-09 14:14:31 [info     ] 		{'name': 'micromegas', 'input_dir': 'SPheno', 'output_dir': 'micromegas', 'prefix': 'MO'} [Run3ModelGen.modelgen]
2024-08-09 14:14:31 [info     ] 		{'name': 'superiso', 'input_dir': 'SPheno', 'output_dir': 'superiso', 'prefix': 'SI'} [Run3ModelGen.modelgen]
2024-08-09 14:14:31 [info     ] 		{'name': 'gm2calc', 'input_dir': 'SPheno', 'output_dir': 'gm2calc', 'prefix': 'GM2'} [Run3ModelGen.modelgen]
2024-08-09 14:14:31 [info     ] 		{'name': 'evade', 'input_dir': 'SPheno', 'output_dir': 'evade', 'prefix': 'EV'} [Run3ModelGen.modelgen]
2024-08-09 14:14:31 [info     ] Starting Model Generation...   [Run3ModelGen.modelgen]
2024-08-09 14:14:31 [info     ] Setting up output directories for scan [Run3ModelGen.modelgen]
2024-08-09 14:14:31 [info     ] Generating Model: 0.slha (1/3) [Run3ModelGen.modelgen]
2024-08-09 14:14:31 [info     ] 	running step: prep_input      [Run3ModelGen.modelgen]
2024-08-09 14:14:31 [info     ] 	running step: SPheno          [Run3ModelGen.modelgen]
2024-08-09 14:14:31 [info     ] 	running step: softsusy        [Run3ModelGen.modelgen]
2024-08-09 14:14:31 [info     ] 	running step: micromegas      [Run3ModelGen.modelgen]
2024-08-09 14:14:33 [info     ] 	running step: superiso        [Run3ModelGen.modelgen]
2024-08-09 14:14:33 [info     ] 	running step: gm2calc         [Run3ModelGen.modelgen]
2024-08-09 14:14:33 [info     ] 	running step: evade           [Run3ModelGen.modelgen]
2024-08-09 14:14:33 [info     ] Generating Model: 1.slha (2/3) [Run3ModelGen.modelgen]
2024-08-09 14:14:33 [info     ] 	running step: prep_input      [Run3ModelGen.modelgen]
2024-08-09 14:14:33 [info     ] 	running step: SPheno          [Run3ModelGen.modelgen]
2024-08-09 14:14:33 [info     ] 	running step: softsusy        [Run3ModelGen.modelgen]
2024-08-09 14:14:33 [info     ] 	running step: micromegas      [Run3ModelGen.modelgen]
2024-08-09 14:14:34 [info     ] 	running step: superiso        [Run3ModelGen.modelgen]
2024-08-09 14:14:34 [info     ] 	running step: gm2calc         [Run3ModelGen.modelgen]
2024-08-09 14:14:34 [info     ] 	running step: evade           [Run3ModelGen.modelgen]
2024-08-09 14:14:34 [info     ] Generating Model: 2.slha (3/3) [Run3ModelGen.modelgen]
2024-08-09 14:14:34 [info     ] 	running step: prep_input      [Run3ModelGen.modelgen]
2024-08-09 14:14:34 [info     ] 	running step: SPheno          [Run3ModelGen.modelgen]
2024-08-09 14:14:34 [info     ] 	running step: softsusy        [Run3ModelGen.modelgen]
2024-08-09 14:14:34 [info     ] 	running step: micromegas      [Run3ModelGen.modelgen]
2024-08-09 14:14:35 [info     ] 	running step: superiso        [Run3ModelGen.modelgen]
2024-08-09 14:14:35 [info     ] 	running step: gm2calc         [Run3ModelGen.modelgen]
2024-08-09 14:14:35 [info     ] 	running step: evade           [Run3ModelGen.modelgen]
2024-08-09 14:14:35 [info     ] Finished generating models! Stats for successful generations (successful/attempted): [Run3ModelGen.modelgen]
2024-08-09 14:14:35 [info     ] 	prep_input: 3/3.              [Run3ModelGen.modelgen]
2024-08-09 14:14:35 [info     ] 	SPheno: 3/3.                  [Run3ModelGen.modelgen]
2024-08-09 14:14:35 [info     ] 	softsusy: 3/3.                [Run3ModelGen.modelgen]
2024-08-09 14:14:35 [info     ] 	micromegas: 3/3.              [Run3ModelGen.modelgen]
2024-08-09 14:14:35 [info     ] 	superiso: 3/3.                [Run3ModelGen.modelgen]
2024-08-09 14:14:35 [info     ] 	gm2calc: 3/3.                 [Run3ModelGen.modelgen]
2024-08-09 14:14:35 [info     ] 	evade: 0/3.                   [Run3ModelGen.modelgen]
2024-08-09 14:14:35 [info     ] Will make NTuple for: /u/dvoss/al_pmssmwithgp/Run3ModelGen/source/Run3ModelGen/scans/scan_9, with 3 models [Run3ModelGen.ntupling]
2024-08-09 14:14:35 [info     ] 	Filling values for model: 0   [Run3ModelGen.ntupling]
2024-08-09 14:14:35 [info     ] Saving NTuple in /u/dvoss/al_pmssmwithgp/Run3ModelGen/source/Run3ModelGen/scans/scan_9/ntuple.0.0.root ... [Run3ModelGen.ntupling]
Completed iteration 9
Starting iteration 10
Initial Training points:  tensor([0.5119, 0.8528, 0.5812, 0.1617], device='cuda:0') torch.Size([4])
Training points after adding:  tensor([0.5119, 0.8528, 0.5812, 0.1617, 0.1638, 0.5464, 0.8017, 0.1638, 0.6232,
        0.2088, 0.1693, 0.2413, 0.1638, 0.1638, 0.3582, 0.2766, 0.3001, 0.2191,
        0.1638, 0.3001, 0.1638, 0.5858, 0.3955, 0.1638, 0.1998, 0.4398, 0.1638,
        0.2752, 0.2454, 0.1638, 0.8515], device='cuda:0') torch.Size([31])
These training_points are used in the GP tensor([0.5119, 0.8528, 0.5812, 0.1617, 0.1638, 0.5464, 0.8017, 0.1638, 0.6232,
        0.2088, 0.1693, 0.2413, 0.1638, 0.1638, 0.3582, 0.2766, 0.3001, 0.2191,
        0.1638, 0.3001, 0.1638, 0.5858, 0.3955, 0.1638, 0.1998, 0.4398, 0.1638,
        0.2752, 0.2454, 0.1638, 0.8515], device='cuda:0')
points: {0, 804, 325}
new xs normalized:  tensor([0.0000, 0.8048, 0.3253], device='cuda:0')
Corresponding xs: tensor([-2000.0000,  1219.2192,  -698.6987], device='cuda:0')
Plot saved to /raven/u/dvoss/al_pmssmwithgp/model/plots/Iter10/gp_plot.png
YAML file has been created: /u/dvoss/al_pmssmwithgp/Run3ModelGen/source/Run3ModelGen/data/new_config.yaml
Note: detected 144 virtual cores but NumExpr set to maximum of 64, check "NUMEXPR_MAX_THREADS" environment variable.
Note: NumExpr detected 144 cores but "NUMEXPR_MAX_THREADS" not set, so enforcing safe limit of 8.
NumExpr defaulting to 8 threads.

  ___              ____ __  __          _       _   ___            
 | _ \ _  _  _ _  |__ /|  \/  | ___  __| | ___ | | / __| ___  _ _  
 |   /| || || ' \  |_ \| |\/| |/ _ \/ _` |/ -_)| || (_ |/ -_)| ' \ 
 |_|_\ \_,_||_||_||___/|_|  |_|\___/\__,_|\___||_| \___|\___||_||_|
                                                                   

2024-08-09 14:15:14 [info     ] Initialised ModelGenerator with: [Run3ModelGen.modelgen]
2024-08-09 14:15:14 [info     ] 	config_file = /u/dvoss/al_pmssmwithgp/Run3ModelGen/source/Run3ModelGen/data/new_config.yaml [Run3ModelGen.modelgen]
2024-08-09 14:15:14 [info     ] 	scan_dir = /u/dvoss/al_pmssmwithgp/Run3ModelGen/source/Run3ModelGen/scans/scan_10 [Run3ModelGen.modelgen]
2024-08-09 14:15:14 [info     ] 	rawfilen = /u/dvoss/al_pmssmwithgp/Run3ModelGen/source/Run3ModelGen/data/raw.slha [Run3ModelGen.modelgen]
2024-08-09 14:15:14 [info     ] 	seed = 123                    [Run3ModelGen.modelgen]
2024-08-09 14:15:14 [info     ] 	points = {}                   [Run3ModelGen.modelgen]
2024-08-09 14:15:14 [info     ] 	prior = fixed                 [Run3ModelGen.modelgen]
2024-08-09 14:15:14 [info     ] 	num_models = 3                [Run3ModelGen.modelgen]
2024-08-09 14:15:14 [info     ] 	isGMSB = False                [Run3ModelGen.modelgen]
2024-08-09 14:15:14 [info     ] 	parameters =                  [Run3ModelGen.modelgen]
2024-08-09 14:15:14 [info     ] 		tanb: [60, 60, 60]           [Run3ModelGen.modelgen]
2024-08-09 14:15:14 [info     ] 		M_1: [-2000.0, 1219.22, -698.7] [Run3ModelGen.modelgen]
2024-08-09 14:15:14 [info     ] 		M_2: [2000, 2000, 2000]      [Run3ModelGen.modelgen]
2024-08-09 14:15:14 [info     ] 		M_3: [4000, 4000, 4000]      [Run3ModelGen.modelgen]
2024-08-09 14:15:14 [info     ] 		AT: [4000, 4000, 4000]       [Run3ModelGen.modelgen]
2024-08-09 14:15:14 [info     ] 		Ab: [2000, 2000, 2000]       [Run3ModelGen.modelgen]
2024-08-09 14:15:14 [info     ] 		Atau: [2000, 2000, 2000]     [Run3ModelGen.modelgen]
2024-08-09 14:15:14 [info     ] 		mu: [2000, 2000, 2000]       [Run3ModelGen.modelgen]
2024-08-09 14:15:14 [info     ] 		mA: [2000, 2000, 2000]       [Run3ModelGen.modelgen]
2024-08-09 14:15:14 [info     ] 		meL: [2000, 2000, 2000]      [Run3ModelGen.modelgen]
2024-08-09 14:15:14 [info     ] 		mtauL: [2000, 2000, 2000]    [Run3ModelGen.modelgen]
2024-08-09 14:15:14 [info     ] 		meR: [2000, 2000, 2000]      [Run3ModelGen.modelgen]
2024-08-09 14:15:14 [info     ] 		mtauR: [2000, 2000, 2000]    [Run3ModelGen.modelgen]
2024-08-09 14:15:14 [info     ] 		mqL1: [4000, 4000, 4000]     [Run3ModelGen.modelgen]
2024-08-09 14:15:14 [info     ] 		mqL3: [4000, 4000, 4000]     [Run3ModelGen.modelgen]
2024-08-09 14:15:14 [info     ] 		muR: [4000, 4000, 4000]      [Run3ModelGen.modelgen]
2024-08-09 14:15:14 [info     ] 		mtR: [4000, 4000, 4000]      [Run3ModelGen.modelgen]
2024-08-09 14:15:14 [info     ] 		mdR: [4000, 4000, 4000]      [Run3ModelGen.modelgen]
2024-08-09 14:15:14 [info     ] 		mbR: [4000, 4000, 4000]      [Run3ModelGen.modelgen]
2024-08-09 14:15:14 [info     ] 	steps =                       [Run3ModelGen.modelgen]
2024-08-09 14:15:14 [info     ] 		{'name': 'prep_input', 'output_dir': 'input', 'prefix': 'IN'} [Run3ModelGen.modelgen]
2024-08-09 14:15:14 [info     ] 		{'name': 'SPheno', 'input_dir': 'input', 'output_dir': 'SPheno', 'log_dir': 'SPheno_log', 'prefix': 'SP'} [Run3ModelGen.modelgen]
2024-08-09 14:15:14 [info     ] 		{'name': 'softsusy', 'input_dir': 'input', 'output_dir': 'softsusy', 'prefix': 'SS'} [Run3ModelGen.modelgen]
2024-08-09 14:15:14 [info     ] 		{'name': 'micromegas', 'input_dir': 'SPheno', 'output_dir': 'micromegas', 'prefix': 'MO'} [Run3ModelGen.modelgen]
2024-08-09 14:15:14 [info     ] 		{'name': 'superiso', 'input_dir': 'SPheno', 'output_dir': 'superiso', 'prefix': 'SI'} [Run3ModelGen.modelgen]
2024-08-09 14:15:14 [info     ] 		{'name': 'gm2calc', 'input_dir': 'SPheno', 'output_dir': 'gm2calc', 'prefix': 'GM2'} [Run3ModelGen.modelgen]
2024-08-09 14:15:14 [info     ] 		{'name': 'evade', 'input_dir': 'SPheno', 'output_dir': 'evade', 'prefix': 'EV'} [Run3ModelGen.modelgen]
2024-08-09 14:15:14 [info     ] Starting Model Generation...   [Run3ModelGen.modelgen]
2024-08-09 14:15:14 [info     ] Setting up output directories for scan [Run3ModelGen.modelgen]
2024-08-09 14:15:14 [info     ] Generating Model: 0.slha (1/3) [Run3ModelGen.modelgen]
2024-08-09 14:15:14 [info     ] 	running step: prep_input      [Run3ModelGen.modelgen]
2024-08-09 14:15:14 [info     ] 	running step: SPheno          [Run3ModelGen.modelgen]
2024-08-09 14:15:15 [info     ] 	running step: softsusy        [Run3ModelGen.modelgen]
2024-08-09 14:15:15 [info     ] 	running step: micromegas      [Run3ModelGen.modelgen]
2024-08-09 14:15:16 [info     ] 	running step: superiso        [Run3ModelGen.modelgen]
2024-08-09 14:15:16 [info     ] 	running step: gm2calc         [Run3ModelGen.modelgen]
2024-08-09 14:15:16 [info     ] 	running step: evade           [Run3ModelGen.modelgen]
2024-08-09 14:15:16 [info     ] Generating Model: 1.slha (2/3) [Run3ModelGen.modelgen]
2024-08-09 14:15:16 [info     ] 	running step: prep_input      [Run3ModelGen.modelgen]
2024-08-09 14:15:16 [info     ] 	running step: SPheno          [Run3ModelGen.modelgen]
2024-08-09 14:15:16 [info     ] 	running step: softsusy        [Run3ModelGen.modelgen]
2024-08-09 14:15:16 [info     ] 	running step: micromegas      [Run3ModelGen.modelgen]
2024-08-09 14:15:17 [info     ] 	running step: superiso        [Run3ModelGen.modelgen]
2024-08-09 14:15:17 [info     ] 	running step: gm2calc         [Run3ModelGen.modelgen]
2024-08-09 14:15:17 [info     ] 	running step: evade           [Run3ModelGen.modelgen]
2024-08-09 14:15:17 [info     ] Generating Model: 2.slha (3/3) [Run3ModelGen.modelgen]
2024-08-09 14:15:17 [info     ] 	running step: prep_input      [Run3ModelGen.modelgen]
2024-08-09 14:15:17 [info     ] 	running step: SPheno          [Run3ModelGen.modelgen]
2024-08-09 14:15:17 [info     ] 	running step: softsusy        [Run3ModelGen.modelgen]
2024-08-09 14:15:17 [info     ] 	running step: micromegas      [Run3ModelGen.modelgen]
2024-08-09 14:15:17 [info     ] 	running step: superiso        [Run3ModelGen.modelgen]
2024-08-09 14:15:17 [info     ] 	running step: gm2calc         [Run3ModelGen.modelgen]
2024-08-09 14:15:17 [info     ] 	running step: evade           [Run3ModelGen.modelgen]
2024-08-09 14:15:18 [info     ] Finished generating models! Stats for successful generations (successful/attempted): [Run3ModelGen.modelgen]
2024-08-09 14:15:18 [info     ] 	prep_input: 3/3.              [Run3ModelGen.modelgen]
2024-08-09 14:15:18 [info     ] 	SPheno: 3/3.                  [Run3ModelGen.modelgen]
2024-08-09 14:15:18 [info     ] 	softsusy: 3/3.                [Run3ModelGen.modelgen]
2024-08-09 14:15:18 [info     ] 	micromegas: 3/3.              [Run3ModelGen.modelgen]
2024-08-09 14:15:18 [info     ] 	superiso: 3/3.                [Run3ModelGen.modelgen]
2024-08-09 14:15:18 [info     ] 	gm2calc: 3/3.                 [Run3ModelGen.modelgen]
2024-08-09 14:15:18 [info     ] 	evade: 0/3.                   [Run3ModelGen.modelgen]
2024-08-09 14:15:18 [info     ] Will make NTuple for: /u/dvoss/al_pmssmwithgp/Run3ModelGen/source/Run3ModelGen/scans/scan_10, with 3 models [Run3ModelGen.ntupling]
2024-08-09 14:15:18 [info     ] 	Filling values for model: 0   [Run3ModelGen.ntupling]
2024-08-09 14:15:18 [info     ] Saving NTuple in /u/dvoss/al_pmssmwithgp/Run3ModelGen/source/Run3ModelGen/scans/scan_10/ntuple.0.0.root ... [Run3ModelGen.ntupling]
Completed iteration 10
All iterations completed.
                                  
================================= 
Global information about the job: 
================================= 
  
Job owner: dvoss(54815)
Job name:  test
Node list: ravg1168
Job start: Fri Aug  9 14:07:21 CEST 2024
Job end:   Fri Aug  9 14:15:23 CEST 2024
Work dir:  /raven/u/dvoss/al_pmssmwithgp/model
Command:   /raven/u/dvoss/al_pmssmwithgp/model/slurm/single_job.sbatch
  
  
  
==========================================================================================
Information on jobsteps (Note: MaxRSS/AveRSS is the maximum/average over all 
tasks of the per-task memory high-water marks; cf. "man sacct"): 
==========================================================================================
  
JobID            JobName NNodes NTasks  NCPUS       MaxRSS       AveRSS    Elapsed ExitCode
------------- ---------- ------ ------ ------ ------------ ------------ ---------- --------
12297703            test      1             4                             00:08:02      0:0
12297703.0        job.sh      1      1      4     2388.79M     2388.79M   00:07:41      0:0
  
Maximum memory per node: 2.504827 GB (defined as MaxRSS*Ntasks/NNodes)
CPU utilization: 19.9 %
  
