Defaulting to user installation because normal site-packages is not writeable
Requirement already satisfied: uproot in /raven/u/dvoss/.local/lib/python3.9/site-packages (5.3.10)
Requirement already satisfied: fsspec in /raven/u/dvoss/.local/lib/python3.9/site-packages (from uproot) (2024.6.1)
Requirement already satisfied: awkward>=2.4.6 in /raven/u/dvoss/.local/lib/python3.9/site-packages (from uproot) (2.6.6)
Requirement already satisfied: cramjam>=2.5.0 in /raven/u/dvoss/.local/lib/python3.9/site-packages (from uproot) (2.8.3)
Requirement already satisfied: typing-extensions>=4.1.0 in /raven/u/dvoss/.local/lib/python3.9/site-packages (from uproot) (4.12.2)
Requirement already satisfied: numpy in /raven/u/system/soft/SLE_15/packages/x86_64/anaconda/3/2021.11/lib/python3.9/site-packages (from uproot) (1.20.3)
Requirement already satisfied: packaging in /raven/u/system/soft/SLE_15/packages/x86_64/anaconda/3/2021.11/lib/python3.9/site-packages (from uproot) (21.0)
Requirement already satisfied: importlib-metadata>=4.13.0 in /raven/u/dvoss/.local/lib/python3.9/site-packages (from awkward>=2.4.6->uproot) (8.0.0)
Requirement already satisfied: awkward-cpp==35 in /raven/u/dvoss/.local/lib/python3.9/site-packages (from awkward>=2.4.6->uproot) (35)
Requirement already satisfied: zipp>=0.5 in /raven/u/system/soft/SLE_15/packages/x86_64/anaconda/3/2021.11/lib/python3.9/site-packages (from importlib-metadata>=4.13.0->awkward>=2.4.6->uproot) (3.6.0)
Requirement already satisfied: pyparsing>=2.0.2 in /raven/u/system/soft/SLE_15/packages/x86_64/anaconda/3/2021.11/lib/python3.9/site-packages (from packaging->uproot) (3.0.4)
Defaulting to user installation because normal site-packages is not writeable
Collecting argparse
  Using cached argparse-1.4.0-py2.py3-none-any.whl (23 kB)
Installing collected packages: argparse
Successfully installed argparse-1.4.0
Defaulting to user installation because normal site-packages is not writeable
Requirement already satisfied: pyslha in /raven/u/dvoss/.local/lib/python3.9/site-packages (3.2.6)
Requirement already satisfied: tex2pix>=0.1.5 in /raven/u/dvoss/.local/lib/python3.9/site-packages (from pyslha) (0.3.1)
Defaulting to user installation because normal site-packages is not writeable
Requirement already satisfied: structlog in /raven/u/dvoss/.local/lib/python3.9/site-packages (24.4.0)
Starting iteration 1
Initial Training points:  tensor([0.5119, 0.8528, 0.5812, 0.1617], device='cuda:0') torch.Size([4])
These training_points are used in the GP tensor([0.5119, 0.8528, 0.5812, 0.1617], device='cuda:0')
Selected points (indices): {0, 52, 653}
Selected new x values (normalized): tensor([0.1001, 0.1522, 0.7538], device='cuda:0')
Corresponding new x values (unnormalized): tensor([-1599.5996, -1391.3914,  1015.0151], device='cuda:0')
No root_file_path provided; skipping ROOT file data plotting.
Plot saved to /raven/u/dvoss/al_pmssmwithgp/model/plots/Iter1/gp_plot.png
YAML file has been created: /u/dvoss/al_pmssmwithgp/Run3ModelGen/source/Run3ModelGen/data/new_config.yaml
Note: detected 144 virtual cores but NumExpr set to maximum of 64, check "NUMEXPR_MAX_THREADS" environment variable.
Note: NumExpr detected 144 cores but "NUMEXPR_MAX_THREADS" not set, so enforcing safe limit of 8.
NumExpr defaulting to 8 threads.

  ___              ____ __  __          _       _   ___            
 | _ \ _  _  _ _  |__ /|  \/  | ___  __| | ___ | | / __| ___  _ _  
 |   /| || || ' \  |_ \| |\/| |/ _ \/ _` |/ -_)| || (_ |/ -_)| ' \ 
 |_|_\ \_,_||_||_||___/|_|  |_|\___/\__,_|\___||_| \___|\___||_||_|
                                                                   

2024-08-13 14:17:48 [info     ] Initialised ModelGenerator with: [Run3ModelGen.modelgen]
2024-08-13 14:17:48 [info     ] 	config_file = /u/dvoss/al_pmssmwithgp/Run3ModelGen/source/Run3ModelGen/data/new_config.yaml [Run3ModelGen.modelgen]
2024-08-13 14:17:48 [info     ] 	scan_dir = /u/dvoss/al_pmssmwithgp/Run3ModelGen/source/Run3ModelGen/scans/scan_1 [Run3ModelGen.modelgen]
2024-08-13 14:17:48 [info     ] 	rawfilen = /u/dvoss/al_pmssmwithgp/Run3ModelGen/source/Run3ModelGen/data/raw.slha [Run3ModelGen.modelgen]
2024-08-13 14:17:48 [info     ] 	seed = 123                    [Run3ModelGen.modelgen]
2024-08-13 14:17:48 [info     ] 	points = {}                   [Run3ModelGen.modelgen]
2024-08-13 14:17:48 [info     ] 	prior = fixed                 [Run3ModelGen.modelgen]
2024-08-13 14:17:48 [info     ] 	num_models = 3                [Run3ModelGen.modelgen]
2024-08-13 14:17:48 [info     ] 	isGMSB = False                [Run3ModelGen.modelgen]
2024-08-13 14:17:48 [info     ] 	parameters =                  [Run3ModelGen.modelgen]
2024-08-13 14:17:48 [info     ] 		tanb: [60, 60, 60]           [Run3ModelGen.modelgen]
2024-08-13 14:17:48 [info     ] 		M_1: [-1599.6, -1391.39, 1015.02] [Run3ModelGen.modelgen]
2024-08-13 14:17:48 [info     ] 		M_2: [2000, 2000, 2000]      [Run3ModelGen.modelgen]
2024-08-13 14:17:48 [info     ] 		M_3: [4000, 4000, 4000]      [Run3ModelGen.modelgen]
2024-08-13 14:17:48 [info     ] 		AT: [4000, 4000, 4000]       [Run3ModelGen.modelgen]
2024-08-13 14:17:48 [info     ] 		Ab: [2000, 2000, 2000]       [Run3ModelGen.modelgen]
2024-08-13 14:17:48 [info     ] 		Atau: [2000, 2000, 2000]     [Run3ModelGen.modelgen]
2024-08-13 14:17:48 [info     ] 		mu: [2000, 2000, 2000]       [Run3ModelGen.modelgen]
2024-08-13 14:17:48 [info     ] 		mA: [2000, 2000, 2000]       [Run3ModelGen.modelgen]
2024-08-13 14:17:48 [info     ] 		meL: [2000, 2000, 2000]      [Run3ModelGen.modelgen]
2024-08-13 14:17:48 [info     ] 		mtauL: [2000, 2000, 2000]    [Run3ModelGen.modelgen]
2024-08-13 14:17:48 [info     ] 		meR: [2000, 2000, 2000]      [Run3ModelGen.modelgen]
2024-08-13 14:17:48 [info     ] 		mtauR: [2000, 2000, 2000]    [Run3ModelGen.modelgen]
2024-08-13 14:17:48 [info     ] 		mqL1: [4000, 4000, 4000]     [Run3ModelGen.modelgen]
2024-08-13 14:17:48 [info     ] 		mqL3: [4000, 4000, 4000]     [Run3ModelGen.modelgen]
2024-08-13 14:17:48 [info     ] 		muR: [4000, 4000, 4000]      [Run3ModelGen.modelgen]
2024-08-13 14:17:48 [info     ] 		mtR: [4000, 4000, 4000]      [Run3ModelGen.modelgen]
2024-08-13 14:17:48 [info     ] 		mdR: [4000, 4000, 4000]      [Run3ModelGen.modelgen]
2024-08-13 14:17:48 [info     ] 		mbR: [4000, 4000, 4000]      [Run3ModelGen.modelgen]
2024-08-13 14:17:48 [info     ] 	steps =                       [Run3ModelGen.modelgen]
2024-08-13 14:17:48 [info     ] 		{'name': 'prep_input', 'output_dir': 'input', 'prefix': 'IN'} [Run3ModelGen.modelgen]
2024-08-13 14:17:48 [info     ] 		{'name': 'SPheno', 'input_dir': 'input', 'output_dir': 'SPheno', 'log_dir': 'SPheno_log', 'prefix': 'SP'} [Run3ModelGen.modelgen]
2024-08-13 14:17:48 [info     ] 		{'name': 'softsusy', 'input_dir': 'input', 'output_dir': 'softsusy', 'prefix': 'SS'} [Run3ModelGen.modelgen]
2024-08-13 14:17:48 [info     ] 		{'name': 'micromegas', 'input_dir': 'SPheno', 'output_dir': 'micromegas', 'prefix': 'MO'} [Run3ModelGen.modelgen]
2024-08-13 14:17:48 [info     ] 		{'name': 'superiso', 'input_dir': 'SPheno', 'output_dir': 'superiso', 'prefix': 'SI'} [Run3ModelGen.modelgen]
2024-08-13 14:17:48 [info     ] 		{'name': 'gm2calc', 'input_dir': 'SPheno', 'output_dir': 'gm2calc', 'prefix': 'GM2'} [Run3ModelGen.modelgen]
2024-08-13 14:17:48 [info     ] 		{'name': 'evade', 'input_dir': 'SPheno', 'output_dir': 'evade', 'prefix': 'EV'} [Run3ModelGen.modelgen]
2024-08-13 14:17:48 [info     ] Starting Model Generation...   [Run3ModelGen.modelgen]
2024-08-13 14:17:48 [info     ] Setting up output directories for scan [Run3ModelGen.modelgen]
2024-08-13 14:17:48 [info     ] Generating Model: 0.slha (1/3) [Run3ModelGen.modelgen]
2024-08-13 14:17:48 [info     ] 	running step: prep_input      [Run3ModelGen.modelgen]
2024-08-13 14:17:48 [info     ] 	running step: SPheno          [Run3ModelGen.modelgen]
2024-08-13 14:17:49 [info     ] 	running step: softsusy        [Run3ModelGen.modelgen]
2024-08-13 14:17:49 [info     ] 	running step: micromegas      [Run3ModelGen.modelgen]
2024-08-13 14:17:54 [info     ] 	running step: superiso        [Run3ModelGen.modelgen]
2024-08-13 14:17:55 [info     ] 	running step: gm2calc         [Run3ModelGen.modelgen]
2024-08-13 14:17:55 [info     ] 	running step: evade           [Run3ModelGen.modelgen]
2024-08-13 14:17:55 [info     ] Generating Model: 1.slha (2/3) [Run3ModelGen.modelgen]
2024-08-13 14:17:55 [info     ] 	running step: prep_input      [Run3ModelGen.modelgen]
2024-08-13 14:17:55 [info     ] 	running step: SPheno          [Run3ModelGen.modelgen]
2024-08-13 14:17:55 [info     ] 	running step: softsusy        [Run3ModelGen.modelgen]
2024-08-13 14:17:55 [info     ] 	running step: micromegas      [Run3ModelGen.modelgen]
2024-08-13 14:17:55 [info     ] 	running step: superiso        [Run3ModelGen.modelgen]
2024-08-13 14:17:55 [info     ] 	running step: gm2calc         [Run3ModelGen.modelgen]
2024-08-13 14:17:56 [info     ] 	running step: evade           [Run3ModelGen.modelgen]
2024-08-13 14:17:56 [info     ] Generating Model: 2.slha (3/3) [Run3ModelGen.modelgen]
2024-08-13 14:17:56 [info     ] 	running step: prep_input      [Run3ModelGen.modelgen]
2024-08-13 14:17:56 [info     ] 	running step: SPheno          [Run3ModelGen.modelgen]
2024-08-13 14:17:56 [info     ] 	running step: softsusy        [Run3ModelGen.modelgen]
2024-08-13 14:17:56 [info     ] 	running step: micromegas      [Run3ModelGen.modelgen]
2024-08-13 14:17:56 [info     ] 	running step: superiso        [Run3ModelGen.modelgen]
2024-08-13 14:17:56 [info     ] 	running step: gm2calc         [Run3ModelGen.modelgen]
2024-08-13 14:17:56 [info     ] 	running step: evade           [Run3ModelGen.modelgen]
2024-08-13 14:17:56 [info     ] Finished generating models! Stats for successful generations (successful/attempted): [Run3ModelGen.modelgen]
2024-08-13 14:17:56 [info     ] 	prep_input: 3/3.              [Run3ModelGen.modelgen]
2024-08-13 14:17:56 [info     ] 	SPheno: 3/3.                  [Run3ModelGen.modelgen]
2024-08-13 14:17:56 [info     ] 	softsusy: 3/3.                [Run3ModelGen.modelgen]
2024-08-13 14:17:56 [info     ] 	micromegas: 3/3.              [Run3ModelGen.modelgen]
2024-08-13 14:17:56 [info     ] 	superiso: 3/3.                [Run3ModelGen.modelgen]
2024-08-13 14:17:56 [info     ] 	gm2calc: 3/3.                 [Run3ModelGen.modelgen]
2024-08-13 14:17:56 [info     ] 	evade: 0/3.                   [Run3ModelGen.modelgen]
2024-08-13 14:17:56 [info     ] Will make NTuple for: /u/dvoss/al_pmssmwithgp/Run3ModelGen/source/Run3ModelGen/scans/scan_1, with 3 models [Run3ModelGen.ntupling]
2024-08-13 14:17:56 [info     ] 	Filling values for model: 0   [Run3ModelGen.ntupling]
2024-08-13 14:17:56 [info     ] Saving NTuple in /u/dvoss/al_pmssmwithgp/Run3ModelGen/source/Run3ModelGen/scans/scan_1/ntuple.0.0.root ... [Run3ModelGen.ntupling]
Completed iteration 1
Starting iteration 2
Initial Training points:  tensor([0.5119, 0.8528, 0.5812, 0.1617], device='cuda:0') torch.Size([4])
Training points after adding:  tensor([0.5119, 0.8528, 0.5812, 0.1617, 0.1001, 0.1522, 0.7538],
       device='cuda:0') torch.Size([7])
These training_points are used in the GP tensor([0.5119, 0.8528, 0.5812, 0.1617, 0.1001, 0.1522, 0.7538],
       device='cuda:0')
Selected points (indices): {656, 719, 183}
Selected new x values (normalized): tensor([0.7568, 0.8198, 0.2833], device='cuda:0')
Corresponding new x values (unnormalized): tensor([1027.0271, 1279.2793, -866.8669], device='cuda:0')
Plot saved to /raven/u/dvoss/al_pmssmwithgp/model/plots/Iter2/gp_plot.png
YAML file has been created: /u/dvoss/al_pmssmwithgp/Run3ModelGen/source/Run3ModelGen/data/new_config.yaml
Note: detected 144 virtual cores but NumExpr set to maximum of 64, check "NUMEXPR_MAX_THREADS" environment variable.
Note: NumExpr detected 144 cores but "NUMEXPR_MAX_THREADS" not set, so enforcing safe limit of 8.
NumExpr defaulting to 8 threads.

  ___              ____ __  __          _       _   ___            
 | _ \ _  _  _ _  |__ /|  \/  | ___  __| | ___ | | / __| ___  _ _  
 |   /| || || ' \  |_ \| |\/| |/ _ \/ _` |/ -_)| || (_ |/ -_)| ' \ 
 |_|_\ \_,_||_||_||___/|_|  |_|\___/\__,_|\___||_| \___|\___||_||_|
                                                                   

2024-08-13 14:18:37 [info     ] Initialised ModelGenerator with: [Run3ModelGen.modelgen]
2024-08-13 14:18:37 [info     ] 	config_file = /u/dvoss/al_pmssmwithgp/Run3ModelGen/source/Run3ModelGen/data/new_config.yaml [Run3ModelGen.modelgen]
2024-08-13 14:18:37 [info     ] 	scan_dir = /u/dvoss/al_pmssmwithgp/Run3ModelGen/source/Run3ModelGen/scans/scan_2 [Run3ModelGen.modelgen]
2024-08-13 14:18:37 [info     ] 	rawfilen = /u/dvoss/al_pmssmwithgp/Run3ModelGen/source/Run3ModelGen/data/raw.slha [Run3ModelGen.modelgen]
2024-08-13 14:18:37 [info     ] 	seed = 123                    [Run3ModelGen.modelgen]
2024-08-13 14:18:37 [info     ] 	points = {}                   [Run3ModelGen.modelgen]
2024-08-13 14:18:37 [info     ] 	prior = fixed                 [Run3ModelGen.modelgen]
2024-08-13 14:18:37 [info     ] 	num_models = 3                [Run3ModelGen.modelgen]
2024-08-13 14:18:37 [info     ] 	isGMSB = False                [Run3ModelGen.modelgen]
2024-08-13 14:18:37 [info     ] 	parameters =                  [Run3ModelGen.modelgen]
2024-08-13 14:18:37 [info     ] 		tanb: [60, 60, 60]           [Run3ModelGen.modelgen]
2024-08-13 14:18:37 [info     ] 		M_1: [1027.03, 1279.28, -866.87] [Run3ModelGen.modelgen]
2024-08-13 14:18:37 [info     ] 		M_2: [2000, 2000, 2000]      [Run3ModelGen.modelgen]
2024-08-13 14:18:37 [info     ] 		M_3: [4000, 4000, 4000]      [Run3ModelGen.modelgen]
2024-08-13 14:18:37 [info     ] 		AT: [4000, 4000, 4000]       [Run3ModelGen.modelgen]
2024-08-13 14:18:37 [info     ] 		Ab: [2000, 2000, 2000]       [Run3ModelGen.modelgen]
2024-08-13 14:18:37 [info     ] 		Atau: [2000, 2000, 2000]     [Run3ModelGen.modelgen]
2024-08-13 14:18:37 [info     ] 		mu: [2000, 2000, 2000]       [Run3ModelGen.modelgen]
2024-08-13 14:18:37 [info     ] 		mA: [2000, 2000, 2000]       [Run3ModelGen.modelgen]
2024-08-13 14:18:37 [info     ] 		meL: [2000, 2000, 2000]      [Run3ModelGen.modelgen]
2024-08-13 14:18:37 [info     ] 		mtauL: [2000, 2000, 2000]    [Run3ModelGen.modelgen]
2024-08-13 14:18:37 [info     ] 		meR: [2000, 2000, 2000]      [Run3ModelGen.modelgen]
2024-08-13 14:18:37 [info     ] 		mtauR: [2000, 2000, 2000]    [Run3ModelGen.modelgen]
2024-08-13 14:18:37 [info     ] 		mqL1: [4000, 4000, 4000]     [Run3ModelGen.modelgen]
2024-08-13 14:18:37 [info     ] 		mqL3: [4000, 4000, 4000]     [Run3ModelGen.modelgen]
2024-08-13 14:18:37 [info     ] 		muR: [4000, 4000, 4000]      [Run3ModelGen.modelgen]
2024-08-13 14:18:37 [info     ] 		mtR: [4000, 4000, 4000]      [Run3ModelGen.modelgen]
2024-08-13 14:18:37 [info     ] 		mdR: [4000, 4000, 4000]      [Run3ModelGen.modelgen]
2024-08-13 14:18:37 [info     ] 		mbR: [4000, 4000, 4000]      [Run3ModelGen.modelgen]
2024-08-13 14:18:37 [info     ] 	steps =                       [Run3ModelGen.modelgen]
2024-08-13 14:18:37 [info     ] 		{'name': 'prep_input', 'output_dir': 'input', 'prefix': 'IN'} [Run3ModelGen.modelgen]
2024-08-13 14:18:37 [info     ] 		{'name': 'SPheno', 'input_dir': 'input', 'output_dir': 'SPheno', 'log_dir': 'SPheno_log', 'prefix': 'SP'} [Run3ModelGen.modelgen]
2024-08-13 14:18:37 [info     ] 		{'name': 'softsusy', 'input_dir': 'input', 'output_dir': 'softsusy', 'prefix': 'SS'} [Run3ModelGen.modelgen]
2024-08-13 14:18:37 [info     ] 		{'name': 'micromegas', 'input_dir': 'SPheno', 'output_dir': 'micromegas', 'prefix': 'MO'} [Run3ModelGen.modelgen]
2024-08-13 14:18:37 [info     ] 		{'name': 'superiso', 'input_dir': 'SPheno', 'output_dir': 'superiso', 'prefix': 'SI'} [Run3ModelGen.modelgen]
2024-08-13 14:18:37 [info     ] 		{'name': 'gm2calc', 'input_dir': 'SPheno', 'output_dir': 'gm2calc', 'prefix': 'GM2'} [Run3ModelGen.modelgen]
2024-08-13 14:18:37 [info     ] 		{'name': 'evade', 'input_dir': 'SPheno', 'output_dir': 'evade', 'prefix': 'EV'} [Run3ModelGen.modelgen]
2024-08-13 14:18:37 [info     ] Starting Model Generation...   [Run3ModelGen.modelgen]
2024-08-13 14:18:37 [info     ] Setting up output directories for scan [Run3ModelGen.modelgen]
2024-08-13 14:18:37 [info     ] Generating Model: 0.slha (1/3) [Run3ModelGen.modelgen]
2024-08-13 14:18:37 [info     ] 	running step: prep_input      [Run3ModelGen.modelgen]
2024-08-13 14:18:37 [info     ] 	running step: SPheno          [Run3ModelGen.modelgen]
2024-08-13 14:18:37 [info     ] 	running step: softsusy        [Run3ModelGen.modelgen]
2024-08-13 14:18:37 [info     ] 	running step: micromegas      [Run3ModelGen.modelgen]
2024-08-13 14:18:37 [info     ] 	running step: superiso        [Run3ModelGen.modelgen]
2024-08-13 14:18:38 [info     ] 	running step: gm2calc         [Run3ModelGen.modelgen]
2024-08-13 14:18:38 [info     ] 	running step: evade           [Run3ModelGen.modelgen]
2024-08-13 14:18:38 [info     ] Generating Model: 1.slha (2/3) [Run3ModelGen.modelgen]
2024-08-13 14:18:38 [info     ] 	running step: prep_input      [Run3ModelGen.modelgen]
2024-08-13 14:18:38 [info     ] 	running step: SPheno          [Run3ModelGen.modelgen]
2024-08-13 14:18:38 [info     ] 	running step: softsusy        [Run3ModelGen.modelgen]
2024-08-13 14:18:38 [info     ] 	running step: micromegas      [Run3ModelGen.modelgen]
2024-08-13 14:18:38 [info     ] 	running step: superiso        [Run3ModelGen.modelgen]
2024-08-13 14:18:38 [info     ] 	running step: gm2calc         [Run3ModelGen.modelgen]
2024-08-13 14:18:38 [info     ] 	running step: evade           [Run3ModelGen.modelgen]
2024-08-13 14:18:38 [info     ] Generating Model: 2.slha (3/3) [Run3ModelGen.modelgen]
2024-08-13 14:18:38 [info     ] 	running step: prep_input      [Run3ModelGen.modelgen]
2024-08-13 14:18:38 [info     ] 	running step: SPheno          [Run3ModelGen.modelgen]
2024-08-13 14:18:39 [info     ] 	running step: softsusy        [Run3ModelGen.modelgen]
2024-08-13 14:18:39 [info     ] 	running step: micromegas      [Run3ModelGen.modelgen]
2024-08-13 14:18:39 [info     ] 	running step: superiso        [Run3ModelGen.modelgen]
2024-08-13 14:18:39 [info     ] 	running step: gm2calc         [Run3ModelGen.modelgen]
2024-08-13 14:18:39 [info     ] 	running step: evade           [Run3ModelGen.modelgen]
2024-08-13 14:18:39 [info     ] Finished generating models! Stats for successful generations (successful/attempted): [Run3ModelGen.modelgen]
2024-08-13 14:18:39 [info     ] 	prep_input: 3/3.              [Run3ModelGen.modelgen]
2024-08-13 14:18:39 [info     ] 	SPheno: 3/3.                  [Run3ModelGen.modelgen]
2024-08-13 14:18:39 [info     ] 	softsusy: 3/3.                [Run3ModelGen.modelgen]
2024-08-13 14:18:39 [info     ] 	micromegas: 3/3.              [Run3ModelGen.modelgen]
2024-08-13 14:18:39 [info     ] 	superiso: 3/3.                [Run3ModelGen.modelgen]
2024-08-13 14:18:39 [info     ] 	gm2calc: 3/3.                 [Run3ModelGen.modelgen]
2024-08-13 14:18:39 [info     ] 	evade: 0/3.                   [Run3ModelGen.modelgen]
2024-08-13 14:18:39 [info     ] Will make NTuple for: /u/dvoss/al_pmssmwithgp/Run3ModelGen/source/Run3ModelGen/scans/scan_2, with 3 models [Run3ModelGen.ntupling]
2024-08-13 14:18:39 [info     ] 	Filling values for model: 0   [Run3ModelGen.ntupling]
2024-08-13 14:18:39 [info     ] Saving NTuple in /u/dvoss/al_pmssmwithgp/Run3ModelGen/source/Run3ModelGen/scans/scan_2/ntuple.0.0.root ... [Run3ModelGen.ntupling]
Completed iteration 2
Starting iteration 3
Initial Training points:  tensor([0.5119, 0.8528, 0.5812, 0.1617], device='cuda:0') torch.Size([4])
Training points after adding:  tensor([0.5119, 0.8528, 0.5812, 0.1617, 0.1001, 0.1522, 0.7538, 0.7568, 0.8198,
        0.2833], device='cuda:0') torch.Size([10])
These training_points are used in the GP tensor([0.5119, 0.8528, 0.5812, 0.1617, 0.1001, 0.1522, 0.7538, 0.7568, 0.8198,
        0.2833], device='cuda:0')
Selected points (indices): {618, 638, 639}
Selected new x values (normalized): tensor([0.7187, 0.7387, 0.7397], device='cuda:0')
Corresponding new x values (unnormalized): tensor([874.8748, 954.9548, 958.9590], device='cuda:0')
Plot saved to /raven/u/dvoss/al_pmssmwithgp/model/plots/Iter3/gp_plot.png
YAML file has been created: /u/dvoss/al_pmssmwithgp/Run3ModelGen/source/Run3ModelGen/data/new_config.yaml
Note: detected 144 virtual cores but NumExpr set to maximum of 64, check "NUMEXPR_MAX_THREADS" environment variable.
Note: NumExpr detected 144 cores but "NUMEXPR_MAX_THREADS" not set, so enforcing safe limit of 8.
NumExpr defaulting to 8 threads.

  ___              ____ __  __          _       _   ___            
 | _ \ _  _  _ _  |__ /|  \/  | ___  __| | ___ | | / __| ___  _ _  
 |   /| || || ' \  |_ \| |\/| |/ _ \/ _` |/ -_)| || (_ |/ -_)| ' \ 
 |_|_\ \_,_||_||_||___/|_|  |_|\___/\__,_|\___||_| \___|\___||_||_|
                                                                   

2024-08-13 14:19:18 [info     ] Initialised ModelGenerator with: [Run3ModelGen.modelgen]
2024-08-13 14:19:18 [info     ] 	config_file = /u/dvoss/al_pmssmwithgp/Run3ModelGen/source/Run3ModelGen/data/new_config.yaml [Run3ModelGen.modelgen]
2024-08-13 14:19:18 [info     ] 	scan_dir = /u/dvoss/al_pmssmwithgp/Run3ModelGen/source/Run3ModelGen/scans/scan_3 [Run3ModelGen.modelgen]
2024-08-13 14:19:18 [info     ] 	rawfilen = /u/dvoss/al_pmssmwithgp/Run3ModelGen/source/Run3ModelGen/data/raw.slha [Run3ModelGen.modelgen]
2024-08-13 14:19:18 [info     ] 	seed = 123                    [Run3ModelGen.modelgen]
2024-08-13 14:19:18 [info     ] 	points = {}                   [Run3ModelGen.modelgen]
2024-08-13 14:19:18 [info     ] 	prior = fixed                 [Run3ModelGen.modelgen]
2024-08-13 14:19:18 [info     ] 	num_models = 3                [Run3ModelGen.modelgen]
2024-08-13 14:19:18 [info     ] 	isGMSB = False                [Run3ModelGen.modelgen]
2024-08-13 14:19:18 [info     ] 	parameters =                  [Run3ModelGen.modelgen]
2024-08-13 14:19:18 [info     ] 		tanb: [60, 60, 60]           [Run3ModelGen.modelgen]
2024-08-13 14:19:18 [info     ] 		M_1: [874.87, 954.95, 958.96] [Run3ModelGen.modelgen]
2024-08-13 14:19:18 [info     ] 		M_2: [2000, 2000, 2000]      [Run3ModelGen.modelgen]
2024-08-13 14:19:18 [info     ] 		M_3: [4000, 4000, 4000]      [Run3ModelGen.modelgen]
2024-08-13 14:19:18 [info     ] 		AT: [4000, 4000, 4000]       [Run3ModelGen.modelgen]
2024-08-13 14:19:18 [info     ] 		Ab: [2000, 2000, 2000]       [Run3ModelGen.modelgen]
2024-08-13 14:19:18 [info     ] 		Atau: [2000, 2000, 2000]     [Run3ModelGen.modelgen]
2024-08-13 14:19:18 [info     ] 		mu: [2000, 2000, 2000]       [Run3ModelGen.modelgen]
2024-08-13 14:19:18 [info     ] 		mA: [2000, 2000, 2000]       [Run3ModelGen.modelgen]
2024-08-13 14:19:18 [info     ] 		meL: [2000, 2000, 2000]      [Run3ModelGen.modelgen]
2024-08-13 14:19:18 [info     ] 		mtauL: [2000, 2000, 2000]    [Run3ModelGen.modelgen]
2024-08-13 14:19:18 [info     ] 		meR: [2000, 2000, 2000]      [Run3ModelGen.modelgen]
2024-08-13 14:19:18 [info     ] 		mtauR: [2000, 2000, 2000]    [Run3ModelGen.modelgen]
2024-08-13 14:19:18 [info     ] 		mqL1: [4000, 4000, 4000]     [Run3ModelGen.modelgen]
2024-08-13 14:19:18 [info     ] 		mqL3: [4000, 4000, 4000]     [Run3ModelGen.modelgen]
2024-08-13 14:19:18 [info     ] 		muR: [4000, 4000, 4000]      [Run3ModelGen.modelgen]
2024-08-13 14:19:18 [info     ] 		mtR: [4000, 4000, 4000]      [Run3ModelGen.modelgen]
2024-08-13 14:19:18 [info     ] 		mdR: [4000, 4000, 4000]      [Run3ModelGen.modelgen]
2024-08-13 14:19:18 [info     ] 		mbR: [4000, 4000, 4000]      [Run3ModelGen.modelgen]
2024-08-13 14:19:18 [info     ] 	steps =                       [Run3ModelGen.modelgen]
2024-08-13 14:19:18 [info     ] 		{'name': 'prep_input', 'output_dir': 'input', 'prefix': 'IN'} [Run3ModelGen.modelgen]
2024-08-13 14:19:18 [info     ] 		{'name': 'SPheno', 'input_dir': 'input', 'output_dir': 'SPheno', 'log_dir': 'SPheno_log', 'prefix': 'SP'} [Run3ModelGen.modelgen]
2024-08-13 14:19:18 [info     ] 		{'name': 'softsusy', 'input_dir': 'input', 'output_dir': 'softsusy', 'prefix': 'SS'} [Run3ModelGen.modelgen]
2024-08-13 14:19:18 [info     ] 		{'name': 'micromegas', 'input_dir': 'SPheno', 'output_dir': 'micromegas', 'prefix': 'MO'} [Run3ModelGen.modelgen]
2024-08-13 14:19:18 [info     ] 		{'name': 'superiso', 'input_dir': 'SPheno', 'output_dir': 'superiso', 'prefix': 'SI'} [Run3ModelGen.modelgen]
2024-08-13 14:19:18 [info     ] 		{'name': 'gm2calc', 'input_dir': 'SPheno', 'output_dir': 'gm2calc', 'prefix': 'GM2'} [Run3ModelGen.modelgen]
2024-08-13 14:19:18 [info     ] 		{'name': 'evade', 'input_dir': 'SPheno', 'output_dir': 'evade', 'prefix': 'EV'} [Run3ModelGen.modelgen]
2024-08-13 14:19:18 [info     ] Starting Model Generation...   [Run3ModelGen.modelgen]
2024-08-13 14:19:18 [info     ] Setting up output directories for scan [Run3ModelGen.modelgen]
2024-08-13 14:19:18 [info     ] Generating Model: 0.slha (1/3) [Run3ModelGen.modelgen]
2024-08-13 14:19:18 [info     ] 	running step: prep_input      [Run3ModelGen.modelgen]
2024-08-13 14:19:18 [info     ] 	running step: SPheno          [Run3ModelGen.modelgen]
2024-08-13 14:19:18 [info     ] 	running step: softsusy        [Run3ModelGen.modelgen]
2024-08-13 14:19:18 [info     ] 	running step: micromegas      [Run3ModelGen.modelgen]
2024-08-13 14:19:18 [info     ] 	running step: superiso        [Run3ModelGen.modelgen]
2024-08-13 14:19:19 [info     ] 	running step: gm2calc         [Run3ModelGen.modelgen]
2024-08-13 14:19:19 [info     ] 	running step: evade           [Run3ModelGen.modelgen]
2024-08-13 14:19:19 [info     ] Generating Model: 1.slha (2/3) [Run3ModelGen.modelgen]
2024-08-13 14:19:19 [info     ] 	running step: prep_input      [Run3ModelGen.modelgen]
2024-08-13 14:19:19 [info     ] 	running step: SPheno          [Run3ModelGen.modelgen]
2024-08-13 14:19:19 [info     ] 	running step: softsusy        [Run3ModelGen.modelgen]
2024-08-13 14:19:19 [info     ] 	running step: micromegas      [Run3ModelGen.modelgen]
2024-08-13 14:19:19 [info     ] 	running step: superiso        [Run3ModelGen.modelgen]
2024-08-13 14:19:19 [info     ] 	running step: gm2calc         [Run3ModelGen.modelgen]
2024-08-13 14:19:19 [info     ] 	running step: evade           [Run3ModelGen.modelgen]
2024-08-13 14:19:19 [info     ] Generating Model: 2.slha (3/3) [Run3ModelGen.modelgen]
2024-08-13 14:19:19 [info     ] 	running step: prep_input      [Run3ModelGen.modelgen]
2024-08-13 14:19:19 [info     ] 	running step: SPheno          [Run3ModelGen.modelgen]
2024-08-13 14:19:20 [info     ] 	running step: softsusy        [Run3ModelGen.modelgen]
2024-08-13 14:19:20 [info     ] 	running step: micromegas      [Run3ModelGen.modelgen]
2024-08-13 14:19:20 [info     ] 	running step: superiso        [Run3ModelGen.modelgen]
2024-08-13 14:19:20 [info     ] 	running step: gm2calc         [Run3ModelGen.modelgen]
2024-08-13 14:19:20 [info     ] 	running step: evade           [Run3ModelGen.modelgen]
2024-08-13 14:19:20 [info     ] Finished generating models! Stats for successful generations (successful/attempted): [Run3ModelGen.modelgen]
2024-08-13 14:19:20 [info     ] 	prep_input: 3/3.              [Run3ModelGen.modelgen]
2024-08-13 14:19:20 [info     ] 	SPheno: 3/3.                  [Run3ModelGen.modelgen]
2024-08-13 14:19:20 [info     ] 	softsusy: 3/3.                [Run3ModelGen.modelgen]
2024-08-13 14:19:20 [info     ] 	micromegas: 3/3.              [Run3ModelGen.modelgen]
2024-08-13 14:19:20 [info     ] 	superiso: 3/3.                [Run3ModelGen.modelgen]
2024-08-13 14:19:20 [info     ] 	gm2calc: 3/3.                 [Run3ModelGen.modelgen]
2024-08-13 14:19:20 [info     ] 	evade: 0/3.                   [Run3ModelGen.modelgen]
2024-08-13 14:19:20 [info     ] Will make NTuple for: /u/dvoss/al_pmssmwithgp/Run3ModelGen/source/Run3ModelGen/scans/scan_3, with 3 models [Run3ModelGen.ntupling]
2024-08-13 14:19:20 [info     ] 	Filling values for model: 0   [Run3ModelGen.ntupling]
2024-08-13 14:19:20 [info     ] Saving NTuple in /u/dvoss/al_pmssmwithgp/Run3ModelGen/source/Run3ModelGen/scans/scan_3/ntuple.0.0.root ... [Run3ModelGen.ntupling]
Completed iteration 3
Starting iteration 4
Initial Training points:  tensor([0.5119, 0.8528, 0.5812, 0.1617], device='cuda:0') torch.Size([4])
Training points after adding:  tensor([0.5119, 0.8528, 0.5812, 0.1617, 0.1001, 0.1522, 0.7538, 0.7568, 0.8198,
        0.2833, 0.7187, 0.7387, 0.7397], device='cuda:0') torch.Size([13])
These training_points are used in the GP tensor([0.5119, 0.8528, 0.5812, 0.1617, 0.1001, 0.1522, 0.7538, 0.7568, 0.8198,
        0.2833, 0.7187, 0.7387, 0.7397], device='cuda:0')
Selected points (indices): {488, 608, 670}
Selected new x values (normalized): tensor([0.5886, 0.7087, 0.7708], device='cuda:0')
Corresponding new x values (unnormalized): tensor([ 354.3545,  834.8347, 1083.0833], device='cuda:0')
Plot saved to /raven/u/dvoss/al_pmssmwithgp/model/plots/Iter4/gp_plot.png
YAML file has been created: /u/dvoss/al_pmssmwithgp/Run3ModelGen/source/Run3ModelGen/data/new_config.yaml
Note: detected 144 virtual cores but NumExpr set to maximum of 64, check "NUMEXPR_MAX_THREADS" environment variable.
Note: NumExpr detected 144 cores but "NUMEXPR_MAX_THREADS" not set, so enforcing safe limit of 8.
NumExpr defaulting to 8 threads.

  ___              ____ __  __          _       _   ___            
 | _ \ _  _  _ _  |__ /|  \/  | ___  __| | ___ | | / __| ___  _ _  
 |   /| || || ' \  |_ \| |\/| |/ _ \/ _` |/ -_)| || (_ |/ -_)| ' \ 
 |_|_\ \_,_||_||_||___/|_|  |_|\___/\__,_|\___||_| \___|\___||_||_|
                                                                   

2024-08-13 14:19:59 [info     ] Initialised ModelGenerator with: [Run3ModelGen.modelgen]
2024-08-13 14:19:59 [info     ] 	config_file = /u/dvoss/al_pmssmwithgp/Run3ModelGen/source/Run3ModelGen/data/new_config.yaml [Run3ModelGen.modelgen]
2024-08-13 14:19:59 [info     ] 	scan_dir = /u/dvoss/al_pmssmwithgp/Run3ModelGen/source/Run3ModelGen/scans/scan_4 [Run3ModelGen.modelgen]
2024-08-13 14:19:59 [info     ] 	rawfilen = /u/dvoss/al_pmssmwithgp/Run3ModelGen/source/Run3ModelGen/data/raw.slha [Run3ModelGen.modelgen]
2024-08-13 14:19:59 [info     ] 	seed = 123                    [Run3ModelGen.modelgen]
2024-08-13 14:19:59 [info     ] 	points = {}                   [Run3ModelGen.modelgen]
2024-08-13 14:19:59 [info     ] 	prior = fixed                 [Run3ModelGen.modelgen]
2024-08-13 14:19:59 [info     ] 	num_models = 3                [Run3ModelGen.modelgen]
2024-08-13 14:19:59 [info     ] 	isGMSB = False                [Run3ModelGen.modelgen]
2024-08-13 14:19:59 [info     ] 	parameters =                  [Run3ModelGen.modelgen]
2024-08-13 14:19:59 [info     ] 		tanb: [60, 60, 60]           [Run3ModelGen.modelgen]
2024-08-13 14:19:59 [info     ] 		M_1: [354.35, 834.83, 1083.08] [Run3ModelGen.modelgen]
2024-08-13 14:19:59 [info     ] 		M_2: [2000, 2000, 2000]      [Run3ModelGen.modelgen]
2024-08-13 14:19:59 [info     ] 		M_3: [4000, 4000, 4000]      [Run3ModelGen.modelgen]
2024-08-13 14:19:59 [info     ] 		AT: [4000, 4000, 4000]       [Run3ModelGen.modelgen]
2024-08-13 14:19:59 [info     ] 		Ab: [2000, 2000, 2000]       [Run3ModelGen.modelgen]
2024-08-13 14:19:59 [info     ] 		Atau: [2000, 2000, 2000]     [Run3ModelGen.modelgen]
2024-08-13 14:19:59 [info     ] 		mu: [2000, 2000, 2000]       [Run3ModelGen.modelgen]
2024-08-13 14:19:59 [info     ] 		mA: [2000, 2000, 2000]       [Run3ModelGen.modelgen]
2024-08-13 14:19:59 [info     ] 		meL: [2000, 2000, 2000]      [Run3ModelGen.modelgen]
2024-08-13 14:19:59 [info     ] 		mtauL: [2000, 2000, 2000]    [Run3ModelGen.modelgen]
2024-08-13 14:19:59 [info     ] 		meR: [2000, 2000, 2000]      [Run3ModelGen.modelgen]
2024-08-13 14:19:59 [info     ] 		mtauR: [2000, 2000, 2000]    [Run3ModelGen.modelgen]
2024-08-13 14:19:59 [info     ] 		mqL1: [4000, 4000, 4000]     [Run3ModelGen.modelgen]
2024-08-13 14:19:59 [info     ] 		mqL3: [4000, 4000, 4000]     [Run3ModelGen.modelgen]
2024-08-13 14:19:59 [info     ] 		muR: [4000, 4000, 4000]      [Run3ModelGen.modelgen]
2024-08-13 14:19:59 [info     ] 		mtR: [4000, 4000, 4000]      [Run3ModelGen.modelgen]
2024-08-13 14:19:59 [info     ] 		mdR: [4000, 4000, 4000]      [Run3ModelGen.modelgen]
2024-08-13 14:19:59 [info     ] 		mbR: [4000, 4000, 4000]      [Run3ModelGen.modelgen]
2024-08-13 14:19:59 [info     ] 	steps =                       [Run3ModelGen.modelgen]
2024-08-13 14:19:59 [info     ] 		{'name': 'prep_input', 'output_dir': 'input', 'prefix': 'IN'} [Run3ModelGen.modelgen]
2024-08-13 14:19:59 [info     ] 		{'name': 'SPheno', 'input_dir': 'input', 'output_dir': 'SPheno', 'log_dir': 'SPheno_log', 'prefix': 'SP'} [Run3ModelGen.modelgen]
2024-08-13 14:19:59 [info     ] 		{'name': 'softsusy', 'input_dir': 'input', 'output_dir': 'softsusy', 'prefix': 'SS'} [Run3ModelGen.modelgen]
2024-08-13 14:19:59 [info     ] 		{'name': 'micromegas', 'input_dir': 'SPheno', 'output_dir': 'micromegas', 'prefix': 'MO'} [Run3ModelGen.modelgen]
2024-08-13 14:19:59 [info     ] 		{'name': 'superiso', 'input_dir': 'SPheno', 'output_dir': 'superiso', 'prefix': 'SI'} [Run3ModelGen.modelgen]
2024-08-13 14:19:59 [info     ] 		{'name': 'gm2calc', 'input_dir': 'SPheno', 'output_dir': 'gm2calc', 'prefix': 'GM2'} [Run3ModelGen.modelgen]
2024-08-13 14:19:59 [info     ] 		{'name': 'evade', 'input_dir': 'SPheno', 'output_dir': 'evade', 'prefix': 'EV'} [Run3ModelGen.modelgen]
2024-08-13 14:19:59 [info     ] Starting Model Generation...   [Run3ModelGen.modelgen]
2024-08-13 14:19:59 [info     ] Setting up output directories for scan [Run3ModelGen.modelgen]
2024-08-13 14:19:59 [info     ] Generating Model: 0.slha (1/3) [Run3ModelGen.modelgen]
2024-08-13 14:19:59 [info     ] 	running step: prep_input      [Run3ModelGen.modelgen]
2024-08-13 14:19:59 [info     ] 	running step: SPheno          [Run3ModelGen.modelgen]
2024-08-13 14:19:59 [info     ] 	running step: softsusy        [Run3ModelGen.modelgen]
2024-08-13 14:19:59 [info     ] 	running step: micromegas      [Run3ModelGen.modelgen]
2024-08-13 14:19:59 [info     ] 	running step: superiso        [Run3ModelGen.modelgen]
2024-08-13 14:19:59 [info     ] 	running step: gm2calc         [Run3ModelGen.modelgen]
2024-08-13 14:19:59 [info     ] 	running step: evade           [Run3ModelGen.modelgen]
2024-08-13 14:19:59 [info     ] Generating Model: 1.slha (2/3) [Run3ModelGen.modelgen]
2024-08-13 14:19:59 [info     ] 	running step: prep_input      [Run3ModelGen.modelgen]
2024-08-13 14:19:59 [info     ] 	running step: SPheno          [Run3ModelGen.modelgen]
2024-08-13 14:20:00 [info     ] 	running step: softsusy        [Run3ModelGen.modelgen]
2024-08-13 14:20:00 [info     ] 	running step: micromegas      [Run3ModelGen.modelgen]
2024-08-13 14:20:00 [info     ] 	running step: superiso        [Run3ModelGen.modelgen]
2024-08-13 14:20:00 [info     ] 	running step: gm2calc         [Run3ModelGen.modelgen]
2024-08-13 14:20:00 [info     ] 	running step: evade           [Run3ModelGen.modelgen]
2024-08-13 14:20:00 [info     ] Generating Model: 2.slha (3/3) [Run3ModelGen.modelgen]
2024-08-13 14:20:00 [info     ] 	running step: prep_input      [Run3ModelGen.modelgen]
2024-08-13 14:20:00 [info     ] 	running step: SPheno          [Run3ModelGen.modelgen]
2024-08-13 14:20:00 [info     ] 	running step: softsusy        [Run3ModelGen.modelgen]
2024-08-13 14:20:00 [info     ] 	running step: micromegas      [Run3ModelGen.modelgen]
2024-08-13 14:20:01 [info     ] 	running step: superiso        [Run3ModelGen.modelgen]
2024-08-13 14:20:01 [info     ] 	running step: gm2calc         [Run3ModelGen.modelgen]
2024-08-13 14:20:01 [info     ] 	running step: evade           [Run3ModelGen.modelgen]
2024-08-13 14:20:01 [info     ] Finished generating models! Stats for successful generations (successful/attempted): [Run3ModelGen.modelgen]
2024-08-13 14:20:01 [info     ] 	prep_input: 3/3.              [Run3ModelGen.modelgen]
2024-08-13 14:20:01 [info     ] 	SPheno: 3/3.                  [Run3ModelGen.modelgen]
2024-08-13 14:20:01 [info     ] 	softsusy: 3/3.                [Run3ModelGen.modelgen]
2024-08-13 14:20:01 [info     ] 	micromegas: 3/3.              [Run3ModelGen.modelgen]
2024-08-13 14:20:01 [info     ] 	superiso: 3/3.                [Run3ModelGen.modelgen]
2024-08-13 14:20:01 [info     ] 	gm2calc: 3/3.                 [Run3ModelGen.modelgen]
2024-08-13 14:20:01 [info     ] 	evade: 0/3.                   [Run3ModelGen.modelgen]
2024-08-13 14:20:01 [info     ] Will make NTuple for: /u/dvoss/al_pmssmwithgp/Run3ModelGen/source/Run3ModelGen/scans/scan_4, with 3 models [Run3ModelGen.ntupling]
2024-08-13 14:20:01 [info     ] 	Filling values for model: 0   [Run3ModelGen.ntupling]
2024-08-13 14:20:01 [info     ] Saving NTuple in /u/dvoss/al_pmssmwithgp/Run3ModelGen/source/Run3ModelGen/scans/scan_4/ntuple.0.0.root ... [Run3ModelGen.ntupling]
Completed iteration 4
Starting iteration 5
Initial Training points:  tensor([0.5119, 0.8528, 0.5812, 0.1617], device='cuda:0') torch.Size([4])
Training points after adding:  tensor([0.5119, 0.8528, 0.5812, 0.1617, 0.1001, 0.1522, 0.7538, 0.7568, 0.8198,
        0.2833, 0.7187, 0.7387, 0.7397, 0.5886, 0.7087, 0.7708],
       device='cuda:0') torch.Size([16])
These training_points are used in the GP tensor([0.5119, 0.8528, 0.5812, 0.1617, 0.1001, 0.1522, 0.7538, 0.7568, 0.8198,
        0.2833, 0.7187, 0.7387, 0.7397, 0.5886, 0.7087, 0.7708],
       device='cuda:0')
Selected points (indices): {680, 675, 735}
Selected new x values (normalized): tensor([0.7808, 0.7758, 0.8358], device='cuda:0')
Corresponding new x values (unnormalized): tensor([1123.1230, 1103.1033, 1343.3433], device='cuda:0')
Plot saved to /raven/u/dvoss/al_pmssmwithgp/model/plots/Iter5/gp_plot.png
YAML file has been created: /u/dvoss/al_pmssmwithgp/Run3ModelGen/source/Run3ModelGen/data/new_config.yaml
Note: detected 144 virtual cores but NumExpr set to maximum of 64, check "NUMEXPR_MAX_THREADS" environment variable.
Note: NumExpr detected 144 cores but "NUMEXPR_MAX_THREADS" not set, so enforcing safe limit of 8.
NumExpr defaulting to 8 threads.

  ___              ____ __  __          _       _   ___            
 | _ \ _  _  _ _  |__ /|  \/  | ___  __| | ___ | | / __| ___  _ _  
 |   /| || || ' \  |_ \| |\/| |/ _ \/ _` |/ -_)| || (_ |/ -_)| ' \ 
 |_|_\ \_,_||_||_||___/|_|  |_|\___/\__,_|\___||_| \___|\___||_||_|
                                                                   

2024-08-13 14:20:40 [info     ] Initialised ModelGenerator with: [Run3ModelGen.modelgen]
2024-08-13 14:20:40 [info     ] 	config_file = /u/dvoss/al_pmssmwithgp/Run3ModelGen/source/Run3ModelGen/data/new_config.yaml [Run3ModelGen.modelgen]
2024-08-13 14:20:40 [info     ] 	scan_dir = /u/dvoss/al_pmssmwithgp/Run3ModelGen/source/Run3ModelGen/scans/scan_5 [Run3ModelGen.modelgen]
2024-08-13 14:20:40 [info     ] 	rawfilen = /u/dvoss/al_pmssmwithgp/Run3ModelGen/source/Run3ModelGen/data/raw.slha [Run3ModelGen.modelgen]
2024-08-13 14:20:40 [info     ] 	seed = 123                    [Run3ModelGen.modelgen]
2024-08-13 14:20:40 [info     ] 	points = {}                   [Run3ModelGen.modelgen]
2024-08-13 14:20:40 [info     ] 	prior = fixed                 [Run3ModelGen.modelgen]
2024-08-13 14:20:40 [info     ] 	num_models = 3                [Run3ModelGen.modelgen]
2024-08-13 14:20:40 [info     ] 	isGMSB = False                [Run3ModelGen.modelgen]
2024-08-13 14:20:40 [info     ] 	parameters =                  [Run3ModelGen.modelgen]
2024-08-13 14:20:40 [info     ] 		tanb: [60, 60, 60]           [Run3ModelGen.modelgen]
2024-08-13 14:20:40 [info     ] 		M_1: [1123.12, 1103.1, 1343.34] [Run3ModelGen.modelgen]
2024-08-13 14:20:40 [info     ] 		M_2: [2000, 2000, 2000]      [Run3ModelGen.modelgen]
2024-08-13 14:20:40 [info     ] 		M_3: [4000, 4000, 4000]      [Run3ModelGen.modelgen]
2024-08-13 14:20:40 [info     ] 		AT: [4000, 4000, 4000]       [Run3ModelGen.modelgen]
2024-08-13 14:20:40 [info     ] 		Ab: [2000, 2000, 2000]       [Run3ModelGen.modelgen]
2024-08-13 14:20:40 [info     ] 		Atau: [2000, 2000, 2000]     [Run3ModelGen.modelgen]
2024-08-13 14:20:40 [info     ] 		mu: [2000, 2000, 2000]       [Run3ModelGen.modelgen]
2024-08-13 14:20:40 [info     ] 		mA: [2000, 2000, 2000]       [Run3ModelGen.modelgen]
2024-08-13 14:20:40 [info     ] 		meL: [2000, 2000, 2000]      [Run3ModelGen.modelgen]
2024-08-13 14:20:40 [info     ] 		mtauL: [2000, 2000, 2000]    [Run3ModelGen.modelgen]
2024-08-13 14:20:40 [info     ] 		meR: [2000, 2000, 2000]      [Run3ModelGen.modelgen]
2024-08-13 14:20:40 [info     ] 		mtauR: [2000, 2000, 2000]    [Run3ModelGen.modelgen]
2024-08-13 14:20:40 [info     ] 		mqL1: [4000, 4000, 4000]     [Run3ModelGen.modelgen]
2024-08-13 14:20:40 [info     ] 		mqL3: [4000, 4000, 4000]     [Run3ModelGen.modelgen]
2024-08-13 14:20:40 [info     ] 		muR: [4000, 4000, 4000]      [Run3ModelGen.modelgen]
2024-08-13 14:20:40 [info     ] 		mtR: [4000, 4000, 4000]      [Run3ModelGen.modelgen]
2024-08-13 14:20:40 [info     ] 		mdR: [4000, 4000, 4000]      [Run3ModelGen.modelgen]
2024-08-13 14:20:40 [info     ] 		mbR: [4000, 4000, 4000]      [Run3ModelGen.modelgen]
2024-08-13 14:20:40 [info     ] 	steps =                       [Run3ModelGen.modelgen]
2024-08-13 14:20:40 [info     ] 		{'name': 'prep_input', 'output_dir': 'input', 'prefix': 'IN'} [Run3ModelGen.modelgen]
2024-08-13 14:20:40 [info     ] 		{'name': 'SPheno', 'input_dir': 'input', 'output_dir': 'SPheno', 'log_dir': 'SPheno_log', 'prefix': 'SP'} [Run3ModelGen.modelgen]
2024-08-13 14:20:40 [info     ] 		{'name': 'softsusy', 'input_dir': 'input', 'output_dir': 'softsusy', 'prefix': 'SS'} [Run3ModelGen.modelgen]
2024-08-13 14:20:40 [info     ] 		{'name': 'micromegas', 'input_dir': 'SPheno', 'output_dir': 'micromegas', 'prefix': 'MO'} [Run3ModelGen.modelgen]
2024-08-13 14:20:40 [info     ] 		{'name': 'superiso', 'input_dir': 'SPheno', 'output_dir': 'superiso', 'prefix': 'SI'} [Run3ModelGen.modelgen]
2024-08-13 14:20:40 [info     ] 		{'name': 'gm2calc', 'input_dir': 'SPheno', 'output_dir': 'gm2calc', 'prefix': 'GM2'} [Run3ModelGen.modelgen]
2024-08-13 14:20:40 [info     ] 		{'name': 'evade', 'input_dir': 'SPheno', 'output_dir': 'evade', 'prefix': 'EV'} [Run3ModelGen.modelgen]
2024-08-13 14:20:40 [info     ] Starting Model Generation...   [Run3ModelGen.modelgen]
2024-08-13 14:20:40 [info     ] Setting up output directories for scan [Run3ModelGen.modelgen]
2024-08-13 14:20:40 [info     ] Generating Model: 0.slha (1/3) [Run3ModelGen.modelgen]
2024-08-13 14:20:40 [info     ] 	running step: prep_input      [Run3ModelGen.modelgen]
2024-08-13 14:20:40 [info     ] 	running step: SPheno          [Run3ModelGen.modelgen]
2024-08-13 14:20:40 [info     ] 	running step: softsusy        [Run3ModelGen.modelgen]
2024-08-13 14:20:40 [info     ] 	running step: micromegas      [Run3ModelGen.modelgen]
2024-08-13 14:20:40 [info     ] 	running step: superiso        [Run3ModelGen.modelgen]
2024-08-13 14:20:40 [info     ] 	running step: gm2calc         [Run3ModelGen.modelgen]
2024-08-13 14:20:40 [info     ] 	running step: evade           [Run3ModelGen.modelgen]
2024-08-13 14:20:40 [info     ] Generating Model: 1.slha (2/3) [Run3ModelGen.modelgen]
2024-08-13 14:20:40 [info     ] 	running step: prep_input      [Run3ModelGen.modelgen]
2024-08-13 14:20:40 [info     ] 	running step: SPheno          [Run3ModelGen.modelgen]
2024-08-13 14:20:41 [info     ] 	running step: softsusy        [Run3ModelGen.modelgen]
2024-08-13 14:20:41 [info     ] 	running step: micromegas      [Run3ModelGen.modelgen]
2024-08-13 14:20:41 [info     ] 	running step: superiso        [Run3ModelGen.modelgen]
2024-08-13 14:20:41 [info     ] 	running step: gm2calc         [Run3ModelGen.modelgen]
2024-08-13 14:20:41 [info     ] 	running step: evade           [Run3ModelGen.modelgen]
2024-08-13 14:20:41 [info     ] Generating Model: 2.slha (3/3) [Run3ModelGen.modelgen]
2024-08-13 14:20:41 [info     ] 	running step: prep_input      [Run3ModelGen.modelgen]
2024-08-13 14:20:41 [info     ] 	running step: SPheno          [Run3ModelGen.modelgen]
2024-08-13 14:20:41 [info     ] 	running step: softsusy        [Run3ModelGen.modelgen]
2024-08-13 14:20:41 [info     ] 	running step: micromegas      [Run3ModelGen.modelgen]
2024-08-13 14:20:42 [info     ] 	running step: superiso        [Run3ModelGen.modelgen]
2024-08-13 14:20:42 [info     ] 	running step: gm2calc         [Run3ModelGen.modelgen]
2024-08-13 14:20:42 [info     ] 	running step: evade           [Run3ModelGen.modelgen]
2024-08-13 14:20:42 [info     ] Finished generating models! Stats for successful generations (successful/attempted): [Run3ModelGen.modelgen]
2024-08-13 14:20:42 [info     ] 	prep_input: 3/3.              [Run3ModelGen.modelgen]
2024-08-13 14:20:42 [info     ] 	SPheno: 3/3.                  [Run3ModelGen.modelgen]
2024-08-13 14:20:42 [info     ] 	softsusy: 3/3.                [Run3ModelGen.modelgen]
2024-08-13 14:20:42 [info     ] 	micromegas: 3/3.              [Run3ModelGen.modelgen]
2024-08-13 14:20:42 [info     ] 	superiso: 3/3.                [Run3ModelGen.modelgen]
2024-08-13 14:20:42 [info     ] 	gm2calc: 3/3.                 [Run3ModelGen.modelgen]
2024-08-13 14:20:42 [info     ] 	evade: 0/3.                   [Run3ModelGen.modelgen]
2024-08-13 14:20:42 [info     ] Will make NTuple for: /u/dvoss/al_pmssmwithgp/Run3ModelGen/source/Run3ModelGen/scans/scan_5, with 3 models [Run3ModelGen.ntupling]
2024-08-13 14:20:42 [info     ] 	Filling values for model: 0   [Run3ModelGen.ntupling]
2024-08-13 14:20:42 [info     ] Saving NTuple in /u/dvoss/al_pmssmwithgp/Run3ModelGen/source/Run3ModelGen/scans/scan_5/ntuple.0.0.root ... [Run3ModelGen.ntupling]
Completed iteration 5
Starting iteration 6
Initial Training points:  tensor([0.5119, 0.8528, 0.5812, 0.1617], device='cuda:0') torch.Size([4])
Training points after adding:  tensor([0.5119, 0.8528, 0.5812, 0.1617, 0.1001, 0.1522, 0.7538, 0.7568, 0.8198,
        0.2833, 0.7187, 0.7387, 0.7397, 0.5886, 0.7087, 0.7708, 0.7808, 0.7758,
        0.8358], device='cuda:0') torch.Size([19])
These training_points are used in the GP tensor([0.5119, 0.8528, 0.5812, 0.1617, 0.1001, 0.1522, 0.7538, 0.7568, 0.8198,
        0.2833, 0.7187, 0.7387, 0.7397, 0.5886, 0.7087, 0.7708, 0.7808, 0.7758,
        0.8358], device='cuda:0')
Selected points (indices): {99, 644, 109}
Selected new x values (normalized): tensor([0.1992, 0.7447, 0.2092], device='cuda:0')
Corresponding new x values (unnormalized): tensor([-1203.2031,   978.9788, -1163.1632], device='cuda:0')
Plot saved to /raven/u/dvoss/al_pmssmwithgp/model/plots/Iter6/gp_plot.png
YAML file has been created: /u/dvoss/al_pmssmwithgp/Run3ModelGen/source/Run3ModelGen/data/new_config.yaml
Note: detected 144 virtual cores but NumExpr set to maximum of 64, check "NUMEXPR_MAX_THREADS" environment variable.
Note: NumExpr detected 144 cores but "NUMEXPR_MAX_THREADS" not set, so enforcing safe limit of 8.
NumExpr defaulting to 8 threads.

  ___              ____ __  __          _       _   ___            
 | _ \ _  _  _ _  |__ /|  \/  | ___  __| | ___ | | / __| ___  _ _  
 |   /| || || ' \  |_ \| |\/| |/ _ \/ _` |/ -_)| || (_ |/ -_)| ' \ 
 |_|_\ \_,_||_||_||___/|_|  |_|\___/\__,_|\___||_| \___|\___||_||_|
                                                                   

2024-08-13 14:21:21 [info     ] Initialised ModelGenerator with: [Run3ModelGen.modelgen]
2024-08-13 14:21:21 [info     ] 	config_file = /u/dvoss/al_pmssmwithgp/Run3ModelGen/source/Run3ModelGen/data/new_config.yaml [Run3ModelGen.modelgen]
2024-08-13 14:21:21 [info     ] 	scan_dir = /u/dvoss/al_pmssmwithgp/Run3ModelGen/source/Run3ModelGen/scans/scan_6 [Run3ModelGen.modelgen]
2024-08-13 14:21:21 [info     ] 	rawfilen = /u/dvoss/al_pmssmwithgp/Run3ModelGen/source/Run3ModelGen/data/raw.slha [Run3ModelGen.modelgen]
2024-08-13 14:21:21 [info     ] 	seed = 123                    [Run3ModelGen.modelgen]
2024-08-13 14:21:21 [info     ] 	points = {}                   [Run3ModelGen.modelgen]
2024-08-13 14:21:21 [info     ] 	prior = fixed                 [Run3ModelGen.modelgen]
2024-08-13 14:21:21 [info     ] 	num_models = 3                [Run3ModelGen.modelgen]
2024-08-13 14:21:21 [info     ] 	isGMSB = False                [Run3ModelGen.modelgen]
2024-08-13 14:21:21 [info     ] 	parameters =                  [Run3ModelGen.modelgen]
2024-08-13 14:21:21 [info     ] 		tanb: [60, 60, 60]           [Run3ModelGen.modelgen]
2024-08-13 14:21:21 [info     ] 		M_1: [-1203.2, 978.98, -1163.16] [Run3ModelGen.modelgen]
2024-08-13 14:21:21 [info     ] 		M_2: [2000, 2000, 2000]      [Run3ModelGen.modelgen]
2024-08-13 14:21:21 [info     ] 		M_3: [4000, 4000, 4000]      [Run3ModelGen.modelgen]
2024-08-13 14:21:21 [info     ] 		AT: [4000, 4000, 4000]       [Run3ModelGen.modelgen]
2024-08-13 14:21:21 [info     ] 		Ab: [2000, 2000, 2000]       [Run3ModelGen.modelgen]
2024-08-13 14:21:21 [info     ] 		Atau: [2000, 2000, 2000]     [Run3ModelGen.modelgen]
2024-08-13 14:21:21 [info     ] 		mu: [2000, 2000, 2000]       [Run3ModelGen.modelgen]
2024-08-13 14:21:21 [info     ] 		mA: [2000, 2000, 2000]       [Run3ModelGen.modelgen]
2024-08-13 14:21:21 [info     ] 		meL: [2000, 2000, 2000]      [Run3ModelGen.modelgen]
2024-08-13 14:21:21 [info     ] 		mtauL: [2000, 2000, 2000]    [Run3ModelGen.modelgen]
2024-08-13 14:21:21 [info     ] 		meR: [2000, 2000, 2000]      [Run3ModelGen.modelgen]
2024-08-13 14:21:21 [info     ] 		mtauR: [2000, 2000, 2000]    [Run3ModelGen.modelgen]
2024-08-13 14:21:21 [info     ] 		mqL1: [4000, 4000, 4000]     [Run3ModelGen.modelgen]
2024-08-13 14:21:21 [info     ] 		mqL3: [4000, 4000, 4000]     [Run3ModelGen.modelgen]
2024-08-13 14:21:21 [info     ] 		muR: [4000, 4000, 4000]      [Run3ModelGen.modelgen]
2024-08-13 14:21:21 [info     ] 		mtR: [4000, 4000, 4000]      [Run3ModelGen.modelgen]
2024-08-13 14:21:21 [info     ] 		mdR: [4000, 4000, 4000]      [Run3ModelGen.modelgen]
2024-08-13 14:21:21 [info     ] 		mbR: [4000, 4000, 4000]      [Run3ModelGen.modelgen]
2024-08-13 14:21:21 [info     ] 	steps =                       [Run3ModelGen.modelgen]
2024-08-13 14:21:21 [info     ] 		{'name': 'prep_input', 'output_dir': 'input', 'prefix': 'IN'} [Run3ModelGen.modelgen]
2024-08-13 14:21:21 [info     ] 		{'name': 'SPheno', 'input_dir': 'input', 'output_dir': 'SPheno', 'log_dir': 'SPheno_log', 'prefix': 'SP'} [Run3ModelGen.modelgen]
2024-08-13 14:21:21 [info     ] 		{'name': 'softsusy', 'input_dir': 'input', 'output_dir': 'softsusy', 'prefix': 'SS'} [Run3ModelGen.modelgen]
2024-08-13 14:21:21 [info     ] 		{'name': 'micromegas', 'input_dir': 'SPheno', 'output_dir': 'micromegas', 'prefix': 'MO'} [Run3ModelGen.modelgen]
2024-08-13 14:21:21 [info     ] 		{'name': 'superiso', 'input_dir': 'SPheno', 'output_dir': 'superiso', 'prefix': 'SI'} [Run3ModelGen.modelgen]
2024-08-13 14:21:21 [info     ] 		{'name': 'gm2calc', 'input_dir': 'SPheno', 'output_dir': 'gm2calc', 'prefix': 'GM2'} [Run3ModelGen.modelgen]
2024-08-13 14:21:21 [info     ] 		{'name': 'evade', 'input_dir': 'SPheno', 'output_dir': 'evade', 'prefix': 'EV'} [Run3ModelGen.modelgen]
2024-08-13 14:21:21 [info     ] Starting Model Generation...   [Run3ModelGen.modelgen]
2024-08-13 14:21:21 [info     ] Setting up output directories for scan [Run3ModelGen.modelgen]
2024-08-13 14:21:21 [info     ] Generating Model: 0.slha (1/3) [Run3ModelGen.modelgen]
2024-08-13 14:21:21 [info     ] 	running step: prep_input      [Run3ModelGen.modelgen]
2024-08-13 14:21:21 [info     ] 	running step: SPheno          [Run3ModelGen.modelgen]
2024-08-13 14:21:21 [info     ] 	running step: softsusy        [Run3ModelGen.modelgen]
2024-08-13 14:21:22 [info     ] 	running step: micromegas      [Run3ModelGen.modelgen]
2024-08-13 14:21:22 [info     ] 	running step: superiso        [Run3ModelGen.modelgen]
2024-08-13 14:21:22 [info     ] 	running step: gm2calc         [Run3ModelGen.modelgen]
2024-08-13 14:21:22 [info     ] 	running step: evade           [Run3ModelGen.modelgen]
2024-08-13 14:21:22 [info     ] Generating Model: 1.slha (2/3) [Run3ModelGen.modelgen]
2024-08-13 14:21:22 [info     ] 	running step: prep_input      [Run3ModelGen.modelgen]
2024-08-13 14:21:22 [info     ] 	running step: SPheno          [Run3ModelGen.modelgen]
2024-08-13 14:21:22 [info     ] 	running step: softsusy        [Run3ModelGen.modelgen]
2024-08-13 14:21:22 [info     ] 	running step: micromegas      [Run3ModelGen.modelgen]
2024-08-13 14:21:23 [info     ] 	running step: superiso        [Run3ModelGen.modelgen]
2024-08-13 14:21:23 [info     ] 	running step: gm2calc         [Run3ModelGen.modelgen]
2024-08-13 14:21:23 [info     ] 	running step: evade           [Run3ModelGen.modelgen]
2024-08-13 14:21:23 [info     ] Generating Model: 2.slha (3/3) [Run3ModelGen.modelgen]
2024-08-13 14:21:23 [info     ] 	running step: prep_input      [Run3ModelGen.modelgen]
2024-08-13 14:21:23 [info     ] 	running step: SPheno          [Run3ModelGen.modelgen]
2024-08-13 14:21:23 [info     ] 	running step: softsusy        [Run3ModelGen.modelgen]
2024-08-13 14:21:23 [info     ] 	running step: micromegas      [Run3ModelGen.modelgen]
2024-08-13 14:21:23 [info     ] 	running step: superiso        [Run3ModelGen.modelgen]
2024-08-13 14:21:23 [info     ] 	running step: gm2calc         [Run3ModelGen.modelgen]
2024-08-13 14:21:23 [info     ] 	running step: evade           [Run3ModelGen.modelgen]
2024-08-13 14:21:24 [info     ] Finished generating models! Stats for successful generations (successful/attempted): [Run3ModelGen.modelgen]
2024-08-13 14:21:24 [info     ] 	prep_input: 3/3.              [Run3ModelGen.modelgen]
2024-08-13 14:21:24 [info     ] 	SPheno: 3/3.                  [Run3ModelGen.modelgen]
2024-08-13 14:21:24 [info     ] 	softsusy: 3/3.                [Run3ModelGen.modelgen]
2024-08-13 14:21:24 [info     ] 	micromegas: 3/3.              [Run3ModelGen.modelgen]
2024-08-13 14:21:24 [info     ] 	superiso: 3/3.                [Run3ModelGen.modelgen]
2024-08-13 14:21:24 [info     ] 	gm2calc: 3/3.                 [Run3ModelGen.modelgen]
2024-08-13 14:21:24 [info     ] 	evade: 0/3.                   [Run3ModelGen.modelgen]
2024-08-13 14:21:24 [info     ] Will make NTuple for: /u/dvoss/al_pmssmwithgp/Run3ModelGen/source/Run3ModelGen/scans/scan_6, with 3 models [Run3ModelGen.ntupling]
2024-08-13 14:21:24 [info     ] 	Filling values for model: 0   [Run3ModelGen.ntupling]
2024-08-13 14:21:24 [info     ] Saving NTuple in /u/dvoss/al_pmssmwithgp/Run3ModelGen/source/Run3ModelGen/scans/scan_6/ntuple.0.0.root ... [Run3ModelGen.ntupling]
Completed iteration 6
Starting iteration 7
Initial Training points:  tensor([0.5119, 0.8528, 0.5812, 0.1617], device='cuda:0') torch.Size([4])
Training points after adding:  tensor([0.5119, 0.8528, 0.5812, 0.1617, 0.1001, 0.1522, 0.7538, 0.7568, 0.8198,
        0.2833, 0.7187, 0.7387, 0.7397, 0.5886, 0.7087, 0.7708, 0.7808, 0.7758,
        0.8358, 0.1992, 0.7447, 0.2092], device='cuda:0') torch.Size([22])
These training_points are used in the GP tensor([0.5119, 0.8528, 0.5812, 0.1617, 0.1001, 0.1522, 0.7538, 0.7568, 0.8198,
        0.2833, 0.7187, 0.7387, 0.7397, 0.5886, 0.7087, 0.7708, 0.7808, 0.7758,
        0.8358, 0.1992, 0.7447, 0.2092], device='cuda:0')
Selected points (indices): {554, 244, 373}
Selected new x values (normalized): tensor([0.6547, 0.3443, 0.4735], device='cuda:0')
Corresponding new x values (unnormalized): tensor([ 618.6184, -622.6226, -106.1062], device='cuda:0')
Plot saved to /raven/u/dvoss/al_pmssmwithgp/model/plots/Iter7/gp_plot.png
YAML file has been created: /u/dvoss/al_pmssmwithgp/Run3ModelGen/source/Run3ModelGen/data/new_config.yaml
Note: detected 144 virtual cores but NumExpr set to maximum of 64, check "NUMEXPR_MAX_THREADS" environment variable.
Note: NumExpr detected 144 cores but "NUMEXPR_MAX_THREADS" not set, so enforcing safe limit of 8.
NumExpr defaulting to 8 threads.

  ___              ____ __  __          _       _   ___            
 | _ \ _  _  _ _  |__ /|  \/  | ___  __| | ___ | | / __| ___  _ _  
 |   /| || || ' \  |_ \| |\/| |/ _ \/ _` |/ -_)| || (_ |/ -_)| ' \ 
 |_|_\ \_,_||_||_||___/|_|  |_|\___/\__,_|\___||_| \___|\___||_||_|
                                                                   

2024-08-13 14:22:02 [info     ] Initialised ModelGenerator with: [Run3ModelGen.modelgen]
2024-08-13 14:22:02 [info     ] 	config_file = /u/dvoss/al_pmssmwithgp/Run3ModelGen/source/Run3ModelGen/data/new_config.yaml [Run3ModelGen.modelgen]
2024-08-13 14:22:02 [info     ] 	scan_dir = /u/dvoss/al_pmssmwithgp/Run3ModelGen/source/Run3ModelGen/scans/scan_7 [Run3ModelGen.modelgen]
2024-08-13 14:22:02 [info     ] 	rawfilen = /u/dvoss/al_pmssmwithgp/Run3ModelGen/source/Run3ModelGen/data/raw.slha [Run3ModelGen.modelgen]
2024-08-13 14:22:02 [info     ] 	seed = 123                    [Run3ModelGen.modelgen]
2024-08-13 14:22:02 [info     ] 	points = {}                   [Run3ModelGen.modelgen]
2024-08-13 14:22:02 [info     ] 	prior = fixed                 [Run3ModelGen.modelgen]
2024-08-13 14:22:02 [info     ] 	num_models = 3                [Run3ModelGen.modelgen]
2024-08-13 14:22:02 [info     ] 	isGMSB = False                [Run3ModelGen.modelgen]
2024-08-13 14:22:02 [info     ] 	parameters =                  [Run3ModelGen.modelgen]
2024-08-13 14:22:02 [info     ] 		tanb: [60, 60, 60]           [Run3ModelGen.modelgen]
2024-08-13 14:22:02 [info     ] 		M_1: [618.62, -622.62, -106.11] [Run3ModelGen.modelgen]
2024-08-13 14:22:02 [info     ] 		M_2: [2000, 2000, 2000]      [Run3ModelGen.modelgen]
2024-08-13 14:22:02 [info     ] 		M_3: [4000, 4000, 4000]      [Run3ModelGen.modelgen]
2024-08-13 14:22:02 [info     ] 		AT: [4000, 4000, 4000]       [Run3ModelGen.modelgen]
2024-08-13 14:22:02 [info     ] 		Ab: [2000, 2000, 2000]       [Run3ModelGen.modelgen]
2024-08-13 14:22:02 [info     ] 		Atau: [2000, 2000, 2000]     [Run3ModelGen.modelgen]
2024-08-13 14:22:02 [info     ] 		mu: [2000, 2000, 2000]       [Run3ModelGen.modelgen]
2024-08-13 14:22:02 [info     ] 		mA: [2000, 2000, 2000]       [Run3ModelGen.modelgen]
2024-08-13 14:22:02 [info     ] 		meL: [2000, 2000, 2000]      [Run3ModelGen.modelgen]
2024-08-13 14:22:02 [info     ] 		mtauL: [2000, 2000, 2000]    [Run3ModelGen.modelgen]
2024-08-13 14:22:02 [info     ] 		meR: [2000, 2000, 2000]      [Run3ModelGen.modelgen]
2024-08-13 14:22:02 [info     ] 		mtauR: [2000, 2000, 2000]    [Run3ModelGen.modelgen]
2024-08-13 14:22:02 [info     ] 		mqL1: [4000, 4000, 4000]     [Run3ModelGen.modelgen]
2024-08-13 14:22:02 [info     ] 		mqL3: [4000, 4000, 4000]     [Run3ModelGen.modelgen]
2024-08-13 14:22:02 [info     ] 		muR: [4000, 4000, 4000]      [Run3ModelGen.modelgen]
2024-08-13 14:22:02 [info     ] 		mtR: [4000, 4000, 4000]      [Run3ModelGen.modelgen]
2024-08-13 14:22:02 [info     ] 		mdR: [4000, 4000, 4000]      [Run3ModelGen.modelgen]
2024-08-13 14:22:02 [info     ] 		mbR: [4000, 4000, 4000]      [Run3ModelGen.modelgen]
2024-08-13 14:22:02 [info     ] 	steps =                       [Run3ModelGen.modelgen]
2024-08-13 14:22:02 [info     ] 		{'name': 'prep_input', 'output_dir': 'input', 'prefix': 'IN'} [Run3ModelGen.modelgen]
2024-08-13 14:22:02 [info     ] 		{'name': 'SPheno', 'input_dir': 'input', 'output_dir': 'SPheno', 'log_dir': 'SPheno_log', 'prefix': 'SP'} [Run3ModelGen.modelgen]
2024-08-13 14:22:02 [info     ] 		{'name': 'softsusy', 'input_dir': 'input', 'output_dir': 'softsusy', 'prefix': 'SS'} [Run3ModelGen.modelgen]
2024-08-13 14:22:02 [info     ] 		{'name': 'micromegas', 'input_dir': 'SPheno', 'output_dir': 'micromegas', 'prefix': 'MO'} [Run3ModelGen.modelgen]
2024-08-13 14:22:02 [info     ] 		{'name': 'superiso', 'input_dir': 'SPheno', 'output_dir': 'superiso', 'prefix': 'SI'} [Run3ModelGen.modelgen]
2024-08-13 14:22:02 [info     ] 		{'name': 'gm2calc', 'input_dir': 'SPheno', 'output_dir': 'gm2calc', 'prefix': 'GM2'} [Run3ModelGen.modelgen]
2024-08-13 14:22:02 [info     ] 		{'name': 'evade', 'input_dir': 'SPheno', 'output_dir': 'evade', 'prefix': 'EV'} [Run3ModelGen.modelgen]
2024-08-13 14:22:02 [info     ] Starting Model Generation...   [Run3ModelGen.modelgen]
2024-08-13 14:22:02 [info     ] Setting up output directories for scan [Run3ModelGen.modelgen]
2024-08-13 14:22:02 [info     ] Generating Model: 0.slha (1/3) [Run3ModelGen.modelgen]
2024-08-13 14:22:02 [info     ] 	running step: prep_input      [Run3ModelGen.modelgen]
2024-08-13 14:22:02 [info     ] 	running step: SPheno          [Run3ModelGen.modelgen]
2024-08-13 14:22:03 [info     ] 	running step: softsusy        [Run3ModelGen.modelgen]
2024-08-13 14:22:03 [info     ] 	running step: micromegas      [Run3ModelGen.modelgen]
2024-08-13 14:22:03 [info     ] 	running step: superiso        [Run3ModelGen.modelgen]
2024-08-13 14:22:03 [info     ] 	running step: gm2calc         [Run3ModelGen.modelgen]
2024-08-13 14:22:03 [info     ] 	running step: evade           [Run3ModelGen.modelgen]
2024-08-13 14:22:03 [info     ] Generating Model: 1.slha (2/3) [Run3ModelGen.modelgen]
2024-08-13 14:22:03 [info     ] 	running step: prep_input      [Run3ModelGen.modelgen]
2024-08-13 14:22:03 [info     ] 	running step: SPheno          [Run3ModelGen.modelgen]
2024-08-13 14:22:03 [info     ] 	running step: softsusy        [Run3ModelGen.modelgen]
2024-08-13 14:22:03 [info     ] 	running step: micromegas      [Run3ModelGen.modelgen]
2024-08-13 14:22:04 [info     ] 	running step: superiso        [Run3ModelGen.modelgen]
2024-08-13 14:22:04 [info     ] 	running step: gm2calc         [Run3ModelGen.modelgen]
2024-08-13 14:22:04 [info     ] 	running step: evade           [Run3ModelGen.modelgen]
2024-08-13 14:22:04 [info     ] Generating Model: 2.slha (3/3) [Run3ModelGen.modelgen]
2024-08-13 14:22:04 [info     ] 	running step: prep_input      [Run3ModelGen.modelgen]
2024-08-13 14:22:04 [info     ] 	running step: SPheno          [Run3ModelGen.modelgen]
2024-08-13 14:22:04 [info     ] 	running step: softsusy        [Run3ModelGen.modelgen]
2024-08-13 14:22:04 [info     ] 	running step: micromegas      [Run3ModelGen.modelgen]
2024-08-13 14:22:04 [info     ] 	running step: superiso        [Run3ModelGen.modelgen]
2024-08-13 14:22:04 [info     ] 	running step: gm2calc         [Run3ModelGen.modelgen]
2024-08-13 14:22:04 [info     ] 	running step: evade           [Run3ModelGen.modelgen]
2024-08-13 14:22:04 [info     ] Finished generating models! Stats for successful generations (successful/attempted): [Run3ModelGen.modelgen]
2024-08-13 14:22:04 [info     ] 	prep_input: 3/3.              [Run3ModelGen.modelgen]
2024-08-13 14:22:04 [info     ] 	SPheno: 3/3.                  [Run3ModelGen.modelgen]
2024-08-13 14:22:04 [info     ] 	softsusy: 3/3.                [Run3ModelGen.modelgen]
2024-08-13 14:22:04 [info     ] 	micromegas: 3/3.              [Run3ModelGen.modelgen]
2024-08-13 14:22:04 [info     ] 	superiso: 3/3.                [Run3ModelGen.modelgen]
2024-08-13 14:22:04 [info     ] 	gm2calc: 3/3.                 [Run3ModelGen.modelgen]
2024-08-13 14:22:04 [info     ] 	evade: 0/3.                   [Run3ModelGen.modelgen]
2024-08-13 14:22:04 [info     ] Will make NTuple for: /u/dvoss/al_pmssmwithgp/Run3ModelGen/source/Run3ModelGen/scans/scan_7, with 3 models [Run3ModelGen.ntupling]
2024-08-13 14:22:04 [info     ] 	Filling values for model: 0   [Run3ModelGen.ntupling]
2024-08-13 14:22:05 [info     ] Saving NTuple in /u/dvoss/al_pmssmwithgp/Run3ModelGen/source/Run3ModelGen/scans/scan_7/ntuple.0.0.root ... [Run3ModelGen.ntupling]
Completed iteration 7
Starting iteration 8
Initial Training points:  tensor([0.5119, 0.8528, 0.5812, 0.1617], device='cuda:0') torch.Size([4])
Training points after adding:  tensor([0.5119, 0.8528, 0.5812, 0.1617, 0.1001, 0.1522, 0.7538, 0.7568, 0.8198,
        0.2833, 0.7187, 0.7387, 0.7397, 0.5886, 0.7087, 0.7708, 0.7808, 0.7758,
        0.8358, 0.1992, 0.7447, 0.2092, 0.6547, 0.3443, 0.4735],
       device='cuda:0') torch.Size([25])
These training_points are used in the GP tensor([0.5119, 0.8528, 0.5812, 0.1617, 0.1001, 0.1522, 0.7538, 0.7568, 0.8198,
        0.2833, 0.7187, 0.7387, 0.7397, 0.5886, 0.7087, 0.7708, 0.7808, 0.7758,
        0.8358, 0.1992, 0.7447, 0.2092, 0.6547, 0.3443, 0.4735],
       device='cuda:0')
Selected points (indices): {647, 676, 655}
Selected new x values (normalized): tensor([0.7477, 0.7768, 0.7558], device='cuda:0')
Corresponding new x values (unnormalized): tensor([ 990.9910, 1107.1072, 1023.0232], device='cuda:0')
Plot saved to /raven/u/dvoss/al_pmssmwithgp/model/plots/Iter8/gp_plot.png
YAML file has been created: /u/dvoss/al_pmssmwithgp/Run3ModelGen/source/Run3ModelGen/data/new_config.yaml
Note: detected 144 virtual cores but NumExpr set to maximum of 64, check "NUMEXPR_MAX_THREADS" environment variable.
Note: NumExpr detected 144 cores but "NUMEXPR_MAX_THREADS" not set, so enforcing safe limit of 8.
NumExpr defaulting to 8 threads.

  ___              ____ __  __          _       _   ___            
 | _ \ _  _  _ _  |__ /|  \/  | ___  __| | ___ | | / __| ___  _ _  
 |   /| || || ' \  |_ \| |\/| |/ _ \/ _` |/ -_)| || (_ |/ -_)| ' \ 
 |_|_\ \_,_||_||_||___/|_|  |_|\___/\__,_|\___||_| \___|\___||_||_|
                                                                   

2024-08-13 14:22:43 [info     ] Initialised ModelGenerator with: [Run3ModelGen.modelgen]
2024-08-13 14:22:43 [info     ] 	config_file = /u/dvoss/al_pmssmwithgp/Run3ModelGen/source/Run3ModelGen/data/new_config.yaml [Run3ModelGen.modelgen]
2024-08-13 14:22:43 [info     ] 	scan_dir = /u/dvoss/al_pmssmwithgp/Run3ModelGen/source/Run3ModelGen/scans/scan_8 [Run3ModelGen.modelgen]
2024-08-13 14:22:43 [info     ] 	rawfilen = /u/dvoss/al_pmssmwithgp/Run3ModelGen/source/Run3ModelGen/data/raw.slha [Run3ModelGen.modelgen]
2024-08-13 14:22:43 [info     ] 	seed = 123                    [Run3ModelGen.modelgen]
2024-08-13 14:22:43 [info     ] 	points = {}                   [Run3ModelGen.modelgen]
2024-08-13 14:22:43 [info     ] 	prior = fixed                 [Run3ModelGen.modelgen]
2024-08-13 14:22:43 [info     ] 	num_models = 3                [Run3ModelGen.modelgen]
2024-08-13 14:22:43 [info     ] 	isGMSB = False                [Run3ModelGen.modelgen]
2024-08-13 14:22:43 [info     ] 	parameters =                  [Run3ModelGen.modelgen]
2024-08-13 14:22:43 [info     ] 		tanb: [60, 60, 60]           [Run3ModelGen.modelgen]
2024-08-13 14:22:43 [info     ] 		M_1: [990.99, 1107.11, 1023.02] [Run3ModelGen.modelgen]
2024-08-13 14:22:43 [info     ] 		M_2: [2000, 2000, 2000]      [Run3ModelGen.modelgen]
2024-08-13 14:22:43 [info     ] 		M_3: [4000, 4000, 4000]      [Run3ModelGen.modelgen]
2024-08-13 14:22:43 [info     ] 		AT: [4000, 4000, 4000]       [Run3ModelGen.modelgen]
2024-08-13 14:22:43 [info     ] 		Ab: [2000, 2000, 2000]       [Run3ModelGen.modelgen]
2024-08-13 14:22:43 [info     ] 		Atau: [2000, 2000, 2000]     [Run3ModelGen.modelgen]
2024-08-13 14:22:43 [info     ] 		mu: [2000, 2000, 2000]       [Run3ModelGen.modelgen]
2024-08-13 14:22:43 [info     ] 		mA: [2000, 2000, 2000]       [Run3ModelGen.modelgen]
2024-08-13 14:22:43 [info     ] 		meL: [2000, 2000, 2000]      [Run3ModelGen.modelgen]
2024-08-13 14:22:43 [info     ] 		mtauL: [2000, 2000, 2000]    [Run3ModelGen.modelgen]
2024-08-13 14:22:43 [info     ] 		meR: [2000, 2000, 2000]      [Run3ModelGen.modelgen]
2024-08-13 14:22:43 [info     ] 		mtauR: [2000, 2000, 2000]    [Run3ModelGen.modelgen]
2024-08-13 14:22:43 [info     ] 		mqL1: [4000, 4000, 4000]     [Run3ModelGen.modelgen]
2024-08-13 14:22:43 [info     ] 		mqL3: [4000, 4000, 4000]     [Run3ModelGen.modelgen]
2024-08-13 14:22:43 [info     ] 		muR: [4000, 4000, 4000]      [Run3ModelGen.modelgen]
2024-08-13 14:22:43 [info     ] 		mtR: [4000, 4000, 4000]      [Run3ModelGen.modelgen]
2024-08-13 14:22:43 [info     ] 		mdR: [4000, 4000, 4000]      [Run3ModelGen.modelgen]
2024-08-13 14:22:43 [info     ] 		mbR: [4000, 4000, 4000]      [Run3ModelGen.modelgen]
2024-08-13 14:22:43 [info     ] 	steps =                       [Run3ModelGen.modelgen]
2024-08-13 14:22:43 [info     ] 		{'name': 'prep_input', 'output_dir': 'input', 'prefix': 'IN'} [Run3ModelGen.modelgen]
2024-08-13 14:22:43 [info     ] 		{'name': 'SPheno', 'input_dir': 'input', 'output_dir': 'SPheno', 'log_dir': 'SPheno_log', 'prefix': 'SP'} [Run3ModelGen.modelgen]
2024-08-13 14:22:43 [info     ] 		{'name': 'softsusy', 'input_dir': 'input', 'output_dir': 'softsusy', 'prefix': 'SS'} [Run3ModelGen.modelgen]
2024-08-13 14:22:43 [info     ] 		{'name': 'micromegas', 'input_dir': 'SPheno', 'output_dir': 'micromegas', 'prefix': 'MO'} [Run3ModelGen.modelgen]
2024-08-13 14:22:43 [info     ] 		{'name': 'superiso', 'input_dir': 'SPheno', 'output_dir': 'superiso', 'prefix': 'SI'} [Run3ModelGen.modelgen]
2024-08-13 14:22:43 [info     ] 		{'name': 'gm2calc', 'input_dir': 'SPheno', 'output_dir': 'gm2calc', 'prefix': 'GM2'} [Run3ModelGen.modelgen]
2024-08-13 14:22:43 [info     ] 		{'name': 'evade', 'input_dir': 'SPheno', 'output_dir': 'evade', 'prefix': 'EV'} [Run3ModelGen.modelgen]
2024-08-13 14:22:43 [info     ] Starting Model Generation...   [Run3ModelGen.modelgen]
2024-08-13 14:22:43 [info     ] Setting up output directories for scan [Run3ModelGen.modelgen]
2024-08-13 14:22:43 [info     ] Generating Model: 0.slha (1/3) [Run3ModelGen.modelgen]
2024-08-13 14:22:43 [info     ] 	running step: prep_input      [Run3ModelGen.modelgen]
2024-08-13 14:22:43 [info     ] 	running step: SPheno          [Run3ModelGen.modelgen]
2024-08-13 14:22:44 [info     ] 	running step: softsusy        [Run3ModelGen.modelgen]
2024-08-13 14:22:44 [info     ] 	running step: micromegas      [Run3ModelGen.modelgen]
2024-08-13 14:22:44 [info     ] 	running step: superiso        [Run3ModelGen.modelgen]
2024-08-13 14:22:44 [info     ] 	running step: gm2calc         [Run3ModelGen.modelgen]
2024-08-13 14:22:44 [info     ] 	running step: evade           [Run3ModelGen.modelgen]
2024-08-13 14:22:44 [info     ] Generating Model: 1.slha (2/3) [Run3ModelGen.modelgen]
2024-08-13 14:22:44 [info     ] 	running step: prep_input      [Run3ModelGen.modelgen]
2024-08-13 14:22:44 [info     ] 	running step: SPheno          [Run3ModelGen.modelgen]
2024-08-13 14:22:44 [info     ] 	running step: softsusy        [Run3ModelGen.modelgen]
2024-08-13 14:22:44 [info     ] 	running step: micromegas      [Run3ModelGen.modelgen]
2024-08-13 14:22:45 [info     ] 	running step: superiso        [Run3ModelGen.modelgen]
2024-08-13 14:22:45 [info     ] 	running step: gm2calc         [Run3ModelGen.modelgen]
2024-08-13 14:22:45 [info     ] 	running step: evade           [Run3ModelGen.modelgen]
2024-08-13 14:22:45 [info     ] Generating Model: 2.slha (3/3) [Run3ModelGen.modelgen]
2024-08-13 14:22:45 [info     ] 	running step: prep_input      [Run3ModelGen.modelgen]
2024-08-13 14:22:45 [info     ] 	running step: SPheno          [Run3ModelGen.modelgen]
2024-08-13 14:22:45 [info     ] 	running step: softsusy        [Run3ModelGen.modelgen]
2024-08-13 14:22:45 [info     ] 	running step: micromegas      [Run3ModelGen.modelgen]
2024-08-13 14:22:45 [info     ] 	running step: superiso        [Run3ModelGen.modelgen]
2024-08-13 14:22:46 [info     ] 	running step: gm2calc         [Run3ModelGen.modelgen]
2024-08-13 14:22:46 [info     ] 	running step: evade           [Run3ModelGen.modelgen]
2024-08-13 14:22:46 [info     ] Finished generating models! Stats for successful generations (successful/attempted): [Run3ModelGen.modelgen]
2024-08-13 14:22:46 [info     ] 	prep_input: 3/3.              [Run3ModelGen.modelgen]
2024-08-13 14:22:46 [info     ] 	SPheno: 3/3.                  [Run3ModelGen.modelgen]
2024-08-13 14:22:46 [info     ] 	softsusy: 3/3.                [Run3ModelGen.modelgen]
2024-08-13 14:22:46 [info     ] 	micromegas: 3/3.              [Run3ModelGen.modelgen]
2024-08-13 14:22:46 [info     ] 	superiso: 3/3.                [Run3ModelGen.modelgen]
2024-08-13 14:22:46 [info     ] 	gm2calc: 3/3.                 [Run3ModelGen.modelgen]
2024-08-13 14:22:46 [info     ] 	evade: 0/3.                   [Run3ModelGen.modelgen]
2024-08-13 14:22:46 [info     ] Will make NTuple for: /u/dvoss/al_pmssmwithgp/Run3ModelGen/source/Run3ModelGen/scans/scan_8, with 3 models [Run3ModelGen.ntupling]
2024-08-13 14:22:46 [info     ] 	Filling values for model: 0   [Run3ModelGen.ntupling]
2024-08-13 14:22:46 [info     ] Saving NTuple in /u/dvoss/al_pmssmwithgp/Run3ModelGen/source/Run3ModelGen/scans/scan_8/ntuple.0.0.root ... [Run3ModelGen.ntupling]
Completed iteration 8
Starting iteration 9
Initial Training points:  tensor([0.5119, 0.8528, 0.5812, 0.1617], device='cuda:0') torch.Size([4])
Training points after adding:  tensor([0.5119, 0.8528, 0.5812, 0.1617, 0.1001, 0.1522, 0.7538, 0.7568, 0.8198,
        0.2833, 0.7187, 0.7387, 0.7397, 0.5886, 0.7087, 0.7708, 0.7808, 0.7758,
        0.8358, 0.1992, 0.7447, 0.2092, 0.6547, 0.3443, 0.4735, 0.7477, 0.7768,
        0.7558], device='cuda:0') torch.Size([28])
These training_points are used in the GP tensor([0.5119, 0.8528, 0.5812, 0.1617, 0.1001, 0.1522, 0.7538, 0.7568, 0.8198,
        0.2833, 0.7187, 0.7387, 0.7397, 0.5886, 0.7087, 0.7708, 0.7808, 0.7758,
        0.8358, 0.1992, 0.7447, 0.2092, 0.6547, 0.3443, 0.4735, 0.7477, 0.7768,
        0.7558], device='cuda:0')
Selected points (indices): {16, 84, 302}
Selected new x values (normalized): tensor([0.1161, 0.1842, 0.4024], device='cuda:0')
Corresponding new x values (unnormalized): tensor([-1535.5355, -1263.2633,  -390.3904], device='cuda:0')
Plot saved to /raven/u/dvoss/al_pmssmwithgp/model/plots/Iter9/gp_plot.png
YAML file has been created: /u/dvoss/al_pmssmwithgp/Run3ModelGen/source/Run3ModelGen/data/new_config.yaml
Note: detected 144 virtual cores but NumExpr set to maximum of 64, check "NUMEXPR_MAX_THREADS" environment variable.
Note: NumExpr detected 144 cores but "NUMEXPR_MAX_THREADS" not set, so enforcing safe limit of 8.
NumExpr defaulting to 8 threads.

  ___              ____ __  __          _       _   ___            
 | _ \ _  _  _ _  |__ /|  \/  | ___  __| | ___ | | / __| ___  _ _  
 |   /| || || ' \  |_ \| |\/| |/ _ \/ _` |/ -_)| || (_ |/ -_)| ' \ 
 |_|_\ \_,_||_||_||___/|_|  |_|\___/\__,_|\___||_| \___|\___||_||_|
                                                                   

2024-08-13 14:23:25 [info     ] Initialised ModelGenerator with: [Run3ModelGen.modelgen]
2024-08-13 14:23:25 [info     ] 	config_file = /u/dvoss/al_pmssmwithgp/Run3ModelGen/source/Run3ModelGen/data/new_config.yaml [Run3ModelGen.modelgen]
2024-08-13 14:23:25 [info     ] 	scan_dir = /u/dvoss/al_pmssmwithgp/Run3ModelGen/source/Run3ModelGen/scans/scan_9 [Run3ModelGen.modelgen]
2024-08-13 14:23:25 [info     ] 	rawfilen = /u/dvoss/al_pmssmwithgp/Run3ModelGen/source/Run3ModelGen/data/raw.slha [Run3ModelGen.modelgen]
2024-08-13 14:23:25 [info     ] 	seed = 123                    [Run3ModelGen.modelgen]
2024-08-13 14:23:25 [info     ] 	points = {}                   [Run3ModelGen.modelgen]
2024-08-13 14:23:25 [info     ] 	prior = fixed                 [Run3ModelGen.modelgen]
2024-08-13 14:23:25 [info     ] 	num_models = 3                [Run3ModelGen.modelgen]
2024-08-13 14:23:25 [info     ] 	isGMSB = False                [Run3ModelGen.modelgen]
2024-08-13 14:23:25 [info     ] 	parameters =                  [Run3ModelGen.modelgen]
2024-08-13 14:23:25 [info     ] 		tanb: [60, 60, 60]           [Run3ModelGen.modelgen]
2024-08-13 14:23:25 [info     ] 		M_1: [-1535.54, -1263.26, -390.39] [Run3ModelGen.modelgen]
2024-08-13 14:23:25 [info     ] 		M_2: [2000, 2000, 2000]      [Run3ModelGen.modelgen]
2024-08-13 14:23:25 [info     ] 		M_3: [4000, 4000, 4000]      [Run3ModelGen.modelgen]
2024-08-13 14:23:25 [info     ] 		AT: [4000, 4000, 4000]       [Run3ModelGen.modelgen]
2024-08-13 14:23:25 [info     ] 		Ab: [2000, 2000, 2000]       [Run3ModelGen.modelgen]
2024-08-13 14:23:25 [info     ] 		Atau: [2000, 2000, 2000]     [Run3ModelGen.modelgen]
2024-08-13 14:23:25 [info     ] 		mu: [2000, 2000, 2000]       [Run3ModelGen.modelgen]
2024-08-13 14:23:25 [info     ] 		mA: [2000, 2000, 2000]       [Run3ModelGen.modelgen]
2024-08-13 14:23:25 [info     ] 		meL: [2000, 2000, 2000]      [Run3ModelGen.modelgen]
2024-08-13 14:23:25 [info     ] 		mtauL: [2000, 2000, 2000]    [Run3ModelGen.modelgen]
2024-08-13 14:23:25 [info     ] 		meR: [2000, 2000, 2000]      [Run3ModelGen.modelgen]
2024-08-13 14:23:25 [info     ] 		mtauR: [2000, 2000, 2000]    [Run3ModelGen.modelgen]
2024-08-13 14:23:25 [info     ] 		mqL1: [4000, 4000, 4000]     [Run3ModelGen.modelgen]
2024-08-13 14:23:25 [info     ] 		mqL3: [4000, 4000, 4000]     [Run3ModelGen.modelgen]
2024-08-13 14:23:25 [info     ] 		muR: [4000, 4000, 4000]      [Run3ModelGen.modelgen]
2024-08-13 14:23:25 [info     ] 		mtR: [4000, 4000, 4000]      [Run3ModelGen.modelgen]
2024-08-13 14:23:25 [info     ] 		mdR: [4000, 4000, 4000]      [Run3ModelGen.modelgen]
2024-08-13 14:23:25 [info     ] 		mbR: [4000, 4000, 4000]      [Run3ModelGen.modelgen]
2024-08-13 14:23:25 [info     ] 	steps =                       [Run3ModelGen.modelgen]
2024-08-13 14:23:25 [info     ] 		{'name': 'prep_input', 'output_dir': 'input', 'prefix': 'IN'} [Run3ModelGen.modelgen]
2024-08-13 14:23:25 [info     ] 		{'name': 'SPheno', 'input_dir': 'input', 'output_dir': 'SPheno', 'log_dir': 'SPheno_log', 'prefix': 'SP'} [Run3ModelGen.modelgen]
2024-08-13 14:23:25 [info     ] 		{'name': 'softsusy', 'input_dir': 'input', 'output_dir': 'softsusy', 'prefix': 'SS'} [Run3ModelGen.modelgen]
2024-08-13 14:23:25 [info     ] 		{'name': 'micromegas', 'input_dir': 'SPheno', 'output_dir': 'micromegas', 'prefix': 'MO'} [Run3ModelGen.modelgen]
2024-08-13 14:23:25 [info     ] 		{'name': 'superiso', 'input_dir': 'SPheno', 'output_dir': 'superiso', 'prefix': 'SI'} [Run3ModelGen.modelgen]
2024-08-13 14:23:25 [info     ] 		{'name': 'gm2calc', 'input_dir': 'SPheno', 'output_dir': 'gm2calc', 'prefix': 'GM2'} [Run3ModelGen.modelgen]
2024-08-13 14:23:25 [info     ] 		{'name': 'evade', 'input_dir': 'SPheno', 'output_dir': 'evade', 'prefix': 'EV'} [Run3ModelGen.modelgen]
2024-08-13 14:23:25 [info     ] Starting Model Generation...   [Run3ModelGen.modelgen]
2024-08-13 14:23:25 [info     ] Setting up output directories for scan [Run3ModelGen.modelgen]
2024-08-13 14:23:25 [info     ] Generating Model: 0.slha (1/3) [Run3ModelGen.modelgen]
2024-08-13 14:23:25 [info     ] 	running step: prep_input      [Run3ModelGen.modelgen]
2024-08-13 14:23:25 [info     ] 	running step: SPheno          [Run3ModelGen.modelgen]
2024-08-13 14:23:25 [info     ] 	running step: softsusy        [Run3ModelGen.modelgen]
2024-08-13 14:23:25 [info     ] 	running step: micromegas      [Run3ModelGen.modelgen]
2024-08-13 14:23:27 [info     ] 	running step: superiso        [Run3ModelGen.modelgen]
2024-08-13 14:23:27 [info     ] 	running step: gm2calc         [Run3ModelGen.modelgen]
2024-08-13 14:23:27 [info     ] 	running step: evade           [Run3ModelGen.modelgen]
2024-08-13 14:23:27 [info     ] Generating Model: 1.slha (2/3) [Run3ModelGen.modelgen]
2024-08-13 14:23:27 [info     ] 	running step: prep_input      [Run3ModelGen.modelgen]
2024-08-13 14:23:27 [info     ] 	running step: SPheno          [Run3ModelGen.modelgen]
2024-08-13 14:23:28 [info     ] 	running step: softsusy        [Run3ModelGen.modelgen]
2024-08-13 14:23:28 [info     ] 	running step: micromegas      [Run3ModelGen.modelgen]
2024-08-13 14:23:28 [info     ] 	running step: superiso        [Run3ModelGen.modelgen]
2024-08-13 14:23:28 [info     ] 	running step: gm2calc         [Run3ModelGen.modelgen]
2024-08-13 14:23:28 [info     ] 	running step: evade           [Run3ModelGen.modelgen]
2024-08-13 14:23:28 [info     ] Generating Model: 2.slha (3/3) [Run3ModelGen.modelgen]
2024-08-13 14:23:28 [info     ] 	running step: prep_input      [Run3ModelGen.modelgen]
2024-08-13 14:23:28 [info     ] 	running step: SPheno          [Run3ModelGen.modelgen]
2024-08-13 14:23:28 [info     ] 	running step: softsusy        [Run3ModelGen.modelgen]
2024-08-13 14:23:28 [info     ] 	running step: micromegas      [Run3ModelGen.modelgen]
2024-08-13 14:23:29 [info     ] 	running step: superiso        [Run3ModelGen.modelgen]
2024-08-13 14:23:29 [info     ] 	running step: gm2calc         [Run3ModelGen.modelgen]
2024-08-13 14:23:29 [info     ] 	running step: evade           [Run3ModelGen.modelgen]
2024-08-13 14:23:29 [info     ] Finished generating models! Stats for successful generations (successful/attempted): [Run3ModelGen.modelgen]
2024-08-13 14:23:29 [info     ] 	prep_input: 3/3.              [Run3ModelGen.modelgen]
2024-08-13 14:23:29 [info     ] 	SPheno: 3/3.                  [Run3ModelGen.modelgen]
2024-08-13 14:23:29 [info     ] 	softsusy: 3/3.                [Run3ModelGen.modelgen]
2024-08-13 14:23:29 [info     ] 	micromegas: 3/3.              [Run3ModelGen.modelgen]
2024-08-13 14:23:29 [info     ] 	superiso: 3/3.                [Run3ModelGen.modelgen]
2024-08-13 14:23:29 [info     ] 	gm2calc: 3/3.                 [Run3ModelGen.modelgen]
2024-08-13 14:23:29 [info     ] 	evade: 0/3.                   [Run3ModelGen.modelgen]
2024-08-13 14:23:29 [info     ] Will make NTuple for: /u/dvoss/al_pmssmwithgp/Run3ModelGen/source/Run3ModelGen/scans/scan_9, with 3 models [Run3ModelGen.ntupling]
2024-08-13 14:23:29 [info     ] 	Filling values for model: 0   [Run3ModelGen.ntupling]
2024-08-13 14:23:29 [info     ] Saving NTuple in /u/dvoss/al_pmssmwithgp/Run3ModelGen/source/Run3ModelGen/scans/scan_9/ntuple.0.0.root ... [Run3ModelGen.ntupling]
Completed iteration 9
Starting iteration 10
Initial Training points:  tensor([0.5119, 0.8528, 0.5812, 0.1617], device='cuda:0') torch.Size([4])
Training points after adding:  tensor([0.5119, 0.8528, 0.5812, 0.1617, 0.1001, 0.1522, 0.7538, 0.7568, 0.8198,
        0.2833, 0.7187, 0.7387, 0.7397, 0.5886, 0.7087, 0.7708, 0.7808, 0.7758,
        0.8358, 0.1992, 0.7447, 0.2092, 0.6547, 0.3443, 0.4735, 0.7477, 0.7768,
        0.7558, 0.1161, 0.1842, 0.4024], device='cuda:0') torch.Size([31])
These training_points are used in the GP tensor([0.5119, 0.8528, 0.5812, 0.1617, 0.1001, 0.1522, 0.7538, 0.7568, 0.8198,
        0.2833, 0.7187, 0.7387, 0.7397, 0.5886, 0.7087, 0.7708, 0.7808, 0.7758,
        0.8358, 0.1992, 0.7447, 0.2092, 0.6547, 0.3443, 0.4735, 0.7477, 0.7768,
        0.7558, 0.1161, 0.1842, 0.4024], device='cuda:0')
Selected points (indices): {555, 668, 191}
Selected new x values (normalized): tensor([0.6557, 0.7688, 0.2913], device='cuda:0')
Corresponding new x values (unnormalized): tensor([ 622.6226, 1075.0752, -834.8348], device='cuda:0')
Plot saved to /raven/u/dvoss/al_pmssmwithgp/model/plots/Iter10/gp_plot.png
YAML file has been created: /u/dvoss/al_pmssmwithgp/Run3ModelGen/source/Run3ModelGen/data/new_config.yaml
Note: detected 144 virtual cores but NumExpr set to maximum of 64, check "NUMEXPR_MAX_THREADS" environment variable.
Note: NumExpr detected 144 cores but "NUMEXPR_MAX_THREADS" not set, so enforcing safe limit of 8.
NumExpr defaulting to 8 threads.

  ___              ____ __  __          _       _   ___            
 | _ \ _  _  _ _  |__ /|  \/  | ___  __| | ___ | | / __| ___  _ _  
 |   /| || || ' \  |_ \| |\/| |/ _ \/ _` |/ -_)| || (_ |/ -_)| ' \ 
 |_|_\ \_,_||_||_||___/|_|  |_|\___/\__,_|\___||_| \___|\___||_||_|
                                                                   

2024-08-13 14:24:08 [info     ] Initialised ModelGenerator with: [Run3ModelGen.modelgen]
2024-08-13 14:24:08 [info     ] 	config_file = /u/dvoss/al_pmssmwithgp/Run3ModelGen/source/Run3ModelGen/data/new_config.yaml [Run3ModelGen.modelgen]
2024-08-13 14:24:08 [info     ] 	scan_dir = /u/dvoss/al_pmssmwithgp/Run3ModelGen/source/Run3ModelGen/scans/scan_10 [Run3ModelGen.modelgen]
2024-08-13 14:24:08 [info     ] 	rawfilen = /u/dvoss/al_pmssmwithgp/Run3ModelGen/source/Run3ModelGen/data/raw.slha [Run3ModelGen.modelgen]
2024-08-13 14:24:08 [info     ] 	seed = 123                    [Run3ModelGen.modelgen]
2024-08-13 14:24:08 [info     ] 	points = {}                   [Run3ModelGen.modelgen]
2024-08-13 14:24:08 [info     ] 	prior = fixed                 [Run3ModelGen.modelgen]
2024-08-13 14:24:08 [info     ] 	num_models = 3                [Run3ModelGen.modelgen]
2024-08-13 14:24:08 [info     ] 	isGMSB = False                [Run3ModelGen.modelgen]
2024-08-13 14:24:08 [info     ] 	parameters =                  [Run3ModelGen.modelgen]
2024-08-13 14:24:08 [info     ] 		tanb: [60, 60, 60]           [Run3ModelGen.modelgen]
2024-08-13 14:24:08 [info     ] 		M_1: [622.62, 1075.08, -834.83] [Run3ModelGen.modelgen]
2024-08-13 14:24:08 [info     ] 		M_2: [2000, 2000, 2000]      [Run3ModelGen.modelgen]
2024-08-13 14:24:08 [info     ] 		M_3: [4000, 4000, 4000]      [Run3ModelGen.modelgen]
2024-08-13 14:24:08 [info     ] 		AT: [4000, 4000, 4000]       [Run3ModelGen.modelgen]
2024-08-13 14:24:08 [info     ] 		Ab: [2000, 2000, 2000]       [Run3ModelGen.modelgen]
2024-08-13 14:24:08 [info     ] 		Atau: [2000, 2000, 2000]     [Run3ModelGen.modelgen]
2024-08-13 14:24:08 [info     ] 		mu: [2000, 2000, 2000]       [Run3ModelGen.modelgen]
2024-08-13 14:24:08 [info     ] 		mA: [2000, 2000, 2000]       [Run3ModelGen.modelgen]
2024-08-13 14:24:08 [info     ] 		meL: [2000, 2000, 2000]      [Run3ModelGen.modelgen]
2024-08-13 14:24:08 [info     ] 		mtauL: [2000, 2000, 2000]    [Run3ModelGen.modelgen]
2024-08-13 14:24:08 [info     ] 		meR: [2000, 2000, 2000]      [Run3ModelGen.modelgen]
2024-08-13 14:24:08 [info     ] 		mtauR: [2000, 2000, 2000]    [Run3ModelGen.modelgen]
2024-08-13 14:24:08 [info     ] 		mqL1: [4000, 4000, 4000]     [Run3ModelGen.modelgen]
2024-08-13 14:24:08 [info     ] 		mqL3: [4000, 4000, 4000]     [Run3ModelGen.modelgen]
2024-08-13 14:24:08 [info     ] 		muR: [4000, 4000, 4000]      [Run3ModelGen.modelgen]
2024-08-13 14:24:08 [info     ] 		mtR: [4000, 4000, 4000]      [Run3ModelGen.modelgen]
2024-08-13 14:24:08 [info     ] 		mdR: [4000, 4000, 4000]      [Run3ModelGen.modelgen]
2024-08-13 14:24:08 [info     ] 		mbR: [4000, 4000, 4000]      [Run3ModelGen.modelgen]
2024-08-13 14:24:08 [info     ] 	steps =                       [Run3ModelGen.modelgen]
2024-08-13 14:24:08 [info     ] 		{'name': 'prep_input', 'output_dir': 'input', 'prefix': 'IN'} [Run3ModelGen.modelgen]
2024-08-13 14:24:08 [info     ] 		{'name': 'SPheno', 'input_dir': 'input', 'output_dir': 'SPheno', 'log_dir': 'SPheno_log', 'prefix': 'SP'} [Run3ModelGen.modelgen]
2024-08-13 14:24:08 [info     ] 		{'name': 'softsusy', 'input_dir': 'input', 'output_dir': 'softsusy', 'prefix': 'SS'} [Run3ModelGen.modelgen]
2024-08-13 14:24:08 [info     ] 		{'name': 'micromegas', 'input_dir': 'SPheno', 'output_dir': 'micromegas', 'prefix': 'MO'} [Run3ModelGen.modelgen]
2024-08-13 14:24:08 [info     ] 		{'name': 'superiso', 'input_dir': 'SPheno', 'output_dir': 'superiso', 'prefix': 'SI'} [Run3ModelGen.modelgen]
2024-08-13 14:24:08 [info     ] 		{'name': 'gm2calc', 'input_dir': 'SPheno', 'output_dir': 'gm2calc', 'prefix': 'GM2'} [Run3ModelGen.modelgen]
2024-08-13 14:24:08 [info     ] 		{'name': 'evade', 'input_dir': 'SPheno', 'output_dir': 'evade', 'prefix': 'EV'} [Run3ModelGen.modelgen]
2024-08-13 14:24:08 [info     ] Starting Model Generation...   [Run3ModelGen.modelgen]
2024-08-13 14:24:08 [info     ] Setting up output directories for scan [Run3ModelGen.modelgen]
2024-08-13 14:24:08 [info     ] Generating Model: 0.slha (1/3) [Run3ModelGen.modelgen]
2024-08-13 14:24:08 [info     ] 	running step: prep_input      [Run3ModelGen.modelgen]
2024-08-13 14:24:08 [info     ] 	running step: SPheno          [Run3ModelGen.modelgen]
2024-08-13 14:24:08 [info     ] 	running step: softsusy        [Run3ModelGen.modelgen]
2024-08-13 14:24:08 [info     ] 	running step: micromegas      [Run3ModelGen.modelgen]
2024-08-13 14:24:08 [info     ] 	running step: superiso        [Run3ModelGen.modelgen]
2024-08-13 14:24:08 [info     ] 	running step: gm2calc         [Run3ModelGen.modelgen]
2024-08-13 14:24:08 [info     ] 	running step: evade           [Run3ModelGen.modelgen]
2024-08-13 14:24:08 [info     ] Generating Model: 1.slha (2/3) [Run3ModelGen.modelgen]
2024-08-13 14:24:08 [info     ] 	running step: prep_input      [Run3ModelGen.modelgen]
2024-08-13 14:24:08 [info     ] 	running step: SPheno          [Run3ModelGen.modelgen]
2024-08-13 14:24:09 [info     ] 	running step: softsusy        [Run3ModelGen.modelgen]
2024-08-13 14:24:09 [info     ] 	running step: micromegas      [Run3ModelGen.modelgen]
2024-08-13 14:24:09 [info     ] 	running step: superiso        [Run3ModelGen.modelgen]
2024-08-13 14:24:09 [info     ] 	running step: gm2calc         [Run3ModelGen.modelgen]
2024-08-13 14:24:09 [info     ] 	running step: evade           [Run3ModelGen.modelgen]
2024-08-13 14:24:09 [info     ] Generating Model: 2.slha (3/3) [Run3ModelGen.modelgen]
2024-08-13 14:24:09 [info     ] 	running step: prep_input      [Run3ModelGen.modelgen]
2024-08-13 14:24:09 [info     ] 	running step: SPheno          [Run3ModelGen.modelgen]
2024-08-13 14:24:09 [info     ] 	running step: softsusy        [Run3ModelGen.modelgen]
2024-08-13 14:24:09 [info     ] 	running step: micromegas      [Run3ModelGen.modelgen]
2024-08-13 14:24:10 [info     ] 	running step: superiso        [Run3ModelGen.modelgen]
2024-08-13 14:24:10 [info     ] 	running step: gm2calc         [Run3ModelGen.modelgen]
2024-08-13 14:24:10 [info     ] 	running step: evade           [Run3ModelGen.modelgen]
2024-08-13 14:24:10 [info     ] Finished generating models! Stats for successful generations (successful/attempted): [Run3ModelGen.modelgen]
2024-08-13 14:24:10 [info     ] 	prep_input: 3/3.              [Run3ModelGen.modelgen]
2024-08-13 14:24:10 [info     ] 	SPheno: 3/3.                  [Run3ModelGen.modelgen]
2024-08-13 14:24:10 [info     ] 	softsusy: 3/3.                [Run3ModelGen.modelgen]
2024-08-13 14:24:10 [info     ] 	micromegas: 3/3.              [Run3ModelGen.modelgen]
2024-08-13 14:24:10 [info     ] 	superiso: 3/3.                [Run3ModelGen.modelgen]
2024-08-13 14:24:10 [info     ] 	gm2calc: 3/3.                 [Run3ModelGen.modelgen]
2024-08-13 14:24:10 [info     ] 	evade: 0/3.                   [Run3ModelGen.modelgen]
2024-08-13 14:24:10 [info     ] Will make NTuple for: /u/dvoss/al_pmssmwithgp/Run3ModelGen/source/Run3ModelGen/scans/scan_10, with 3 models [Run3ModelGen.ntupling]
2024-08-13 14:24:10 [info     ] 	Filling values for model: 0   [Run3ModelGen.ntupling]
2024-08-13 14:24:10 [info     ] Saving NTuple in /u/dvoss/al_pmssmwithgp/Run3ModelGen/source/Run3ModelGen/scans/scan_10/ntuple.0.0.root ... [Run3ModelGen.ntupling]
Completed iteration 10
All iterations completed.
                                  
================================= 
Global information about the job: 
================================= 
  
Job owner: dvoss(54815)
Job name:  test
Node list: ravg1090
Job start: Tue Aug 13 14:16:25 CEST 2024
Job end:   Tue Aug 13 14:24:16 CEST 2024
Work dir:  /raven/u/dvoss/al_pmssmwithgp/model
Command:   /raven/u/dvoss/al_pmssmwithgp/model/slurm/single_job.sbatch
  
  
  
==========================================================================================
Information on jobsteps (Note: MaxRSS/AveRSS is the maximum/average over all 
tasks of the per-task memory high-water marks; cf. "man sacct"): 
==========================================================================================
  
JobID            JobName NNodes NTasks  NCPUS       MaxRSS       AveRSS    Elapsed ExitCode
------------- ---------- ------ ------ ------ ------------ ------------ ---------- --------
12333669            test      1             4                             00:07:51      0:0
12333669.0        job.sh      1      1      4     2382.25M     2382.25M   00:07:29      0:0
  
Maximum memory per node: 2.497974 GB (defined as MaxRSS*Ntasks/NNodes)
CPU utilization: 15.8 %
  
