Defaulting to user installation because normal site-packages is not writeable
Requirement already satisfied: uproot in /raven/u/dvoss/.local/lib/python3.9/site-packages (5.3.10)
Requirement already satisfied: numpy in /raven/u/dvoss/.local/lib/python3.9/site-packages (from uproot) (1.22.4)
Requirement already satisfied: typing-extensions>=4.1.0 in /raven/u/dvoss/.local/lib/python3.9/site-packages (from uproot) (4.12.2)
Requirement already satisfied: cramjam>=2.5.0 in /raven/u/dvoss/.local/lib/python3.9/site-packages (from uproot) (2.8.3)
Requirement already satisfied: fsspec in /raven/u/dvoss/.local/lib/python3.9/site-packages (from uproot) (2024.6.1)
Requirement already satisfied: awkward>=2.4.6 in /raven/u/dvoss/.local/lib/python3.9/site-packages (from uproot) (2.6.6)
Requirement already satisfied: packaging in /raven/u/system/soft/SLE_15/packages/x86_64/anaconda/3/2021.11/lib/python3.9/site-packages (from uproot) (21.0)
Requirement already satisfied: importlib-metadata>=4.13.0 in /raven/u/dvoss/.local/lib/python3.9/site-packages (from awkward>=2.4.6->uproot) (8.0.0)
Requirement already satisfied: awkward-cpp==35 in /raven/u/dvoss/.local/lib/python3.9/site-packages (from awkward>=2.4.6->uproot) (35)
Requirement already satisfied: zipp>=0.5 in /raven/u/system/soft/SLE_15/packages/x86_64/anaconda/3/2021.11/lib/python3.9/site-packages (from importlib-metadata>=4.13.0->awkward>=2.4.6->uproot) (3.6.0)
Requirement already satisfied: pyparsing>=2.0.2 in /raven/u/system/soft/SLE_15/packages/x86_64/anaconda/3/2021.11/lib/python3.9/site-packages (from packaging->uproot) (3.0.4)
Defaulting to user installation because normal site-packages is not writeable
Collecting argparse
  Using cached argparse-1.4.0-py2.py3-none-any.whl (23 kB)
Installing collected packages: argparse
Successfully installed argparse-1.4.0
Defaulting to user installation because normal site-packages is not writeable
Requirement already satisfied: pyslha in /raven/u/dvoss/.local/lib/python3.9/site-packages (3.2.6)
Requirement already satisfied: tex2pix>=0.1.5 in /raven/u/dvoss/.local/lib/python3.9/site-packages (from pyslha) (0.3.1)
Defaulting to user installation because normal site-packages is not writeable
Requirement already satisfied: structlog in /raven/u/dvoss/.local/lib/python3.9/site-packages (24.4.0)
Defaulting to user installation because normal site-packages is not writeable
Requirement already satisfied: imageio[ffmpeg] in /raven/u/system/soft/SLE_15/packages/x86_64/anaconda/3/2021.11/lib/python3.9/site-packages (2.9.0)
Requirement already satisfied: Pillow in /raven/u/system/soft/SLE_15/packages/x86_64/anaconda/3/2021.11/lib/python3.9/site-packages (8.4.0)
Requirement already satisfied: numpy in /raven/u/dvoss/.local/lib/python3.9/site-packages (from imageio[ffmpeg]) (1.22.4)
Requirement already satisfied: imageio-ffmpeg in /raven/u/dvoss/.local/lib/python3.9/site-packages (from imageio[ffmpeg]) (0.5.1)
Requirement already satisfied: setuptools in /raven/u/system/soft/SLE_15/packages/x86_64/anaconda/3/2021.11/lib/python3.9/site-packages (from imageio-ffmpeg->imageio[ffmpeg]) (58.0.4)
Defaulting to user installation because normal site-packages is not writeable
Requirement already satisfied: seaborn in /raven/u/system/soft/SLE_15/packages/x86_64/anaconda/3/2021.11/lib/python3.9/site-packages (0.11.2)
Requirement already satisfied: scipy>=1.0 in /raven/u/system/soft/SLE_15/packages/x86_64/anaconda/3/2021.11/lib/python3.9/site-packages (from seaborn) (1.7.1)
Requirement already satisfied: numpy>=1.15 in /raven/u/dvoss/.local/lib/python3.9/site-packages (from seaborn) (1.22.4)
Requirement already satisfied: matplotlib>=2.2 in /raven/u/system/soft/SLE_15/packages/x86_64/anaconda/3/2021.11/lib/python3.9/site-packages (from seaborn) (3.4.3)
Requirement already satisfied: pandas>=0.23 in /raven/u/system/soft/SLE_15/packages/x86_64/anaconda/3/2021.11/lib/python3.9/site-packages (from seaborn) (1.3.4)
Requirement already satisfied: python-dateutil>=2.7 in /raven/u/system/soft/SLE_15/packages/x86_64/anaconda/3/2021.11/lib/python3.9/site-packages (from matplotlib>=2.2->seaborn) (2.8.2)
Requirement already satisfied: pyparsing>=2.2.1 in /raven/u/system/soft/SLE_15/packages/x86_64/anaconda/3/2021.11/lib/python3.9/site-packages (from matplotlib>=2.2->seaborn) (3.0.4)
Requirement already satisfied: cycler>=0.10 in /raven/u/system/soft/SLE_15/packages/x86_64/anaconda/3/2021.11/lib/python3.9/site-packages (from matplotlib>=2.2->seaborn) (0.10.0)
Requirement already satisfied: pillow>=6.2.0 in /raven/u/system/soft/SLE_15/packages/x86_64/anaconda/3/2021.11/lib/python3.9/site-packages (from matplotlib>=2.2->seaborn) (8.4.0)
Requirement already satisfied: kiwisolver>=1.0.1 in /raven/u/system/soft/SLE_15/packages/x86_64/anaconda/3/2021.11/lib/python3.9/site-packages (from matplotlib>=2.2->seaborn) (1.3.1)
Requirement already satisfied: six in /raven/u/system/soft/SLE_15/packages/x86_64/anaconda/3/2021.11/lib/python3.9/site-packages (from cycler>=0.10->matplotlib>=2.2->seaborn) (1.16.0)
Requirement already satisfied: pytz>=2017.3 in /raven/u/system/soft/SLE_15/packages/x86_64/anaconda/3/2021.11/lib/python3.9/site-packages (from pandas>=0.23->seaborn) (2021.3)
Defaulting to user installation because normal site-packages is not writeable
Defaulting to user installation because normal site-packages is not writeable
Starting iteration 1
Running for iteration 1
Initial Training points:  tensor([[0.6631, 0.0865],
        [0.8398, 0.5842],
        [0.8237, 0.4728],
        [0.3676, 0.7026],
        [0.1756, 0.4616],
        [0.1127, 0.9110],
        [0.6776, 0.0331],
        [0.9555, 0.7512],
        [0.9641, 0.5012],
        [0.3530, 0.2906],
        [0.3666, 0.0907],
        [0.5460, 0.4240],
        [0.4971, 0.3577],
        [0.1845, 0.9597],
        [0.9084, 0.2922],
        [0.0462, 0.7663],
        [0.1492, 0.2614],
        [0.0920, 0.2487],
        [0.1260, 0.4445],
        [0.4747, 0.0589],
        [0.1098, 0.7458],
        [0.1437, 0.7837],
        [0.3070, 0.5136],
        [0.5439, 0.5489],
        [0.7350, 0.6087],
        [0.7765, 0.7283],
        [0.3960, 0.5960],
        [0.0663, 0.0840],
        [0.2658, 0.1010],
        [0.1247, 0.3074],
        [0.7562, 0.8692],
        [0.8281, 0.7606],
        [0.9008, 0.8302],
        [0.8744, 0.7158],
        [0.2963, 0.1350],
        [0.4991, 0.9019],
        [0.5491, 0.9902],
        [0.7243, 0.1442],
        [0.7696, 0.9206],
        [0.4382, 0.6811],
        [0.2842, 0.3205],
        [0.2733, 0.0014],
        [0.5495, 0.5581],
        [0.7504, 0.9564],
        [0.9761, 0.1821],
        [0.5737, 0.8822],
        [0.2062, 0.2289],
        [0.8215, 0.9933],
        [0.6355, 0.0012],
        [0.3472, 0.8488]], device='cuda:0') torch.Size([50, 2])
These training_points are used in the GP tensor([[0.6631, 0.0865],
        [0.8398, 0.5842],
        [0.8237, 0.4728],
        [0.3676, 0.7026],
        [0.1756, 0.4616],
        [0.1127, 0.9110],
        [0.6776, 0.0331],
        [0.9555, 0.7512],
        [0.9641, 0.5012],
        [0.3530, 0.2906],
        [0.3666, 0.0907],
        [0.5460, 0.4240],
        [0.4971, 0.3577],
        [0.1845, 0.9597],
        [0.9084, 0.2922],
        [0.0462, 0.7663],
        [0.1492, 0.2614],
        [0.0920, 0.2487],
        [0.1260, 0.4445],
        [0.4747, 0.0589],
        [0.1098, 0.7458],
        [0.1437, 0.7837],
        [0.3070, 0.5136],
        [0.5439, 0.5489],
        [0.7350, 0.6087],
        [0.7765, 0.7283],
        [0.3960, 0.5960],
        [0.0663, 0.0840],
        [0.2658, 0.1010],
        [0.1247, 0.3074],
        [0.7562, 0.8692],
        [0.8281, 0.7606],
        [0.9008, 0.8302],
        [0.8744, 0.7158],
        [0.2963, 0.1350],
        [0.4991, 0.9019],
        [0.5491, 0.9902],
        [0.7243, 0.1442],
        [0.7696, 0.9206],
        [0.4382, 0.6811],
        [0.2842, 0.3205],
        [0.2733, 0.0014],
        [0.5495, 0.5581],
        [0.7504, 0.9564],
        [0.9761, 0.1821],
        [0.5737, 0.8822],
        [0.2062, 0.2289],
        [0.8215, 0.9933],
        [0.6355, 0.0012],
        [0.3472, 0.8488]], device='cuda:0')
Iteration 0: x_train shape: torch.Size([50, 2]), y_train shape: torch.Size([50])
Output mean shape: torch.Size([50])
Iter 1 / 1 - Loss (Train): 7.707 - Loss (Val): 4.273
best model parameters:  OrderedDict([('likelihood.noise_covar.raw_noise', tensor([0.0100], device='cuda:0')), ('likelihood.noise_covar.raw_noise_constraint.lower_bound', tensor(1.0000e-04, device='cuda:0')), ('likelihood.noise_covar.raw_noise_constraint.upper_bound', tensor(inf, device='cuda:0')), ('mean_module.weights', tensor([[0.1100],
        [0.1100]], device='cuda:0')), ('mean_module.bias', tensor([1.0100], device='cuda:0')), ('covar_module.raw_lengthscale', tensor([[-5.2858]], device='cuda:0')), ('covar_module.raw_lengthscale_constraint.lower_bound', tensor(0., device='cuda:0')), ('covar_module.raw_lengthscale_constraint.upper_bound', tensor(inf, device='cuda:0')), ('task_covar_module.covar_factor', tensor([[-0.5184]], device='cuda:0')), ('task_covar_module.raw_var', tensor([-0.0977], device='cuda:0')), ('task_covar_module.IndexKernelPrior.a', tensor([0.], device='cuda:0')), ('task_covar_module.IndexKernelPrior.b', tensor([1.], device='cuda:0')), ('task_covar_module.IndexKernelPrior.sigma', tensor([0.0100], device='cuda:0')), ('task_covar_module.IndexKernelPrior.tails.loc', tensor([0.], device='cuda:0')), ('task_covar_module.IndexKernelPrior.tails.scale', tensor([0.0100], device='cuda:0')), ('task_covar_module.raw_var_constraint.lower_bound', tensor(0., device='cuda:0')), ('task_covar_module.raw_var_constraint.upper_bound', tensor(inf, device='cuda:0'))])
Likelihood MultivariateNormal(loc: torch.Size([2500]))
Mean:  tensor([[1.0100],
        [1.0122],
        [1.0145],
        ...,
        [1.2255],
        [1.2278],
        [1.2300]], device='cuda:0')
Variance:  tensor([[1.6983],
        [1.6983],
        [1.6983],
        ...,
        [1.6983],
        [1.6983],
        [1.6983]], device='cuda:0')
Selected points (indices): {256, 2307, 638, 139, 2444, 781, 1808, 657, 1553, 2322, 1300, 1940, 1169, 24, 1693, 1823, 159, 1569, 675, 421, 2086, 550, 2216, 1065, 558, 1335, 313, 825, 1721, 2240, 453, 1867, 2124, 719, 1363, 468, 85, 2259, 2131, 1880, 1632, 1507, 1636, 1387, 235, 2155, 1655, 1528, 509, 382}
Selected new x values (normalized): tensor([[0.0889, 0.0887],
        [0.2367, 0.1635],
        [0.0657, 0.1831],
        [0.0723, 0.5031],
        [0.8192, 0.7619],
        [0.1200, 0.3003],
        [0.6099, 0.2346],
        [0.1195, 0.2997],
        [0.3143, 0.5238],
        [0.2428, 0.2112],
        [0.0325, 0.0491],
        [0.0371, 0.2066],
        [0.4486, 0.0495],
        [0.1056, 0.7537],
        [0.7441, 0.6021],
        [0.8311, 0.4687],
        [0.0577, 0.0883],
        [0.8349, 0.5852],
        [0.1914, 0.0597],
        [0.4158, 0.0028],
        [0.1229, 0.3090],
        [0.3682, 0.3943],
        [0.1104, 0.1415],
        [0.0284, 0.7789],
        [0.5686, 0.5387],
        [0.1182, 0.4496],
        [0.9147, 0.2875],
        [0.7754, 0.7278],
        [0.1290, 0.4501],
        [0.3997, 0.5866],
        [0.2883, 0.3222],
        [0.1208, 0.1904],
        [0.1167, 0.7469],
        [0.1901, 0.1535],
        [0.1085, 0.7453],
        [0.8838, 0.7147],
        [0.0025, 0.1143],
        [0.2196, 0.0431],
        [0.3432, 0.0505],
        [0.0288, 0.1840],
        [0.1698, 0.4572],
        [0.4614, 0.5365],
        [0.3806, 0.1114],
        [0.9072, 0.2869],
        [0.8978, 0.8328],
        [0.1060, 0.2620],
        [0.1136, 0.3276],
        [0.1033, 0.2486],
        [0.1982, 0.0975],
        [0.9489, 0.7456]], device='cuda:0')
Corresponding new x values (unnormalized): tensor([[-1644.4136, -1645.0952],
        [-1053.3169, -1345.9062],
        [-1737.2705, -1267.7269],
        [-1710.8287,    12.2738],
        [ 1276.8711,  1047.7458],
        [-1520.1726,  -798.9235],
        [  439.5061, -1061.7513],
        [-1521.8589,  -801.0240],
        [ -742.9746,    95.1348],
        [-1028.9048, -1155.2885],
        [-1869.9625, -1803.7667],
        [-1851.7504, -1173.7473],
        [ -205.6630, -1802.1099],
        [-1577.7083,  1014.6826],
        [  976.5598,   408.4841],
        [ 1324.4851,  -125.2828],
        [-1769.0630, -1646.7937],
        [ 1339.4077,   340.7134],
        [-1234.4194, -1761.1837],
        [ -336.9955, -1988.8719],
        [-1508.2026,  -764.0137],
        [ -527.3301,  -422.7123],
        [-1558.3018, -1434.1591],
        [-1886.5118,  1115.6372],
        [  274.3276,   154.6387],
        [-1527.0994,  -201.5475],
        [ 1658.6992,  -849.8175],
        [ 1101.5366,   911.2131],
        [-1483.8075,  -199.4108],
        [ -401.1179,   346.2827],
        [ -846.7271,  -711.0492],
        [-1516.6340, -1238.2205],
        [-1533.0376,   987.4241],
        [-1239.6992, -1386.0769],
        [-1565.9541,   981.1594],
        [ 1535.2429,   858.6504],
        [-1989.8279, -1542.8286],
        [-1121.7871, -1827.7699],
        [ -627.2659, -1798.0502],
        [-1884.7655, -1264.1812],
        [-1320.9426,  -171.1630],
        [ -154.4222,   145.8081],
        [ -477.5138, -1554.5754],
        [ 1628.8950,  -852.2310],
        [ 1591.2485,  1331.0847],
        [-1576.1819,  -952.1984],
        [-1545.4293,  -689.6997],
        [-1586.6431, -1005.7290],
        [-1207.1982, -1609.9902],
        [ 1795.6077,   982.4646]], device='cuda:0')
Plot saved to /raven/u/dvoss/al_pmssmwithgp/model/plots/Iter1/loss_plot_test.png
Plot saved to /raven/u/dvoss/al_pmssmwithgp/model/plots/Iter1/gp_plot_test.png
Plot saved to /raven/u/dvoss/al_pmssmwithgp/model/plots/Iter1/diff_plot_test.png
Plot saved to /raven/u/dvoss/al_pmssmwithgp/model/plots/Iter1/pull_plot_test.png
Plot saved to /raven/u/dvoss/al_pmssmwithgp/model/plots/Iter1/entropy_plot_test.png
Plot saved to /raven/u/dvoss/al_pmssmwithgp/model/plots/Iter1/true_plot_test.png
M_1_filtered Shape: torch.Size([10000])
M_2_filtered Shape: torch.Size([10000])
X_true: tensor([8.6927e-01, 9.5649e-01, 5.3469e-01, 3.4330e-01, 4.6662e-01, 6.1537e-01,
        1.7569e-02, 1.1760e-01, 9.0562e-01, 6.8064e-02, 6.9720e-01, 5.3060e-01,
        3.1224e-01, 2.6765e-01, 2.6493e-01, 9.1887e-01, 7.6369e-01, 1.2995e-01,
        1.1140e-01, 7.3642e-01, 5.7158e-01, 4.3698e-01, 8.8489e-02, 7.0963e-01,
        4.6492e-01, 4.4142e-01, 1.1480e-01, 5.0439e-01, 5.8723e-01, 4.7405e-01,
        3.7213e-01, 8.2592e-01, 5.6494e-01, 9.6490e-01, 5.5442e-01, 6.2307e-01,
        6.0163e-01, 7.2058e-01, 6.2646e-01, 1.5786e-01, 5.9950e-01, 6.3733e-02,
        7.8593e-01, 7.8850e-01, 6.6804e-01, 4.7248e-01, 4.4118e-01, 2.9185e-01,
        3.0103e-01, 2.1003e-01, 8.9360e-02, 5.9141e-01, 7.5807e-01, 6.1922e-01,
        7.8404e-01, 5.4647e-01, 2.6434e-03, 5.8531e-01, 3.5446e-01, 5.9185e-01,
        3.8568e-01, 3.8390e-01, 9.4944e-02, 3.6815e-01, 7.4893e-01, 4.9936e-01,
        4.1113e-01, 2.4503e-02, 8.4724e-01, 8.9538e-01, 6.3410e-02, 9.6510e-01,
        4.8856e-01, 7.2549e-01, 6.2045e-01, 4.9764e-01, 3.6345e-01, 3.0067e-01,
        9.7382e-03, 7.2434e-01, 3.1577e-01, 7.3289e-01, 4.9970e-01, 6.8745e-01,
        8.5263e-01, 9.9020e-01, 4.9126e-01, 1.7274e-01, 8.6193e-01, 4.3047e-02,
        4.2299e-01, 9.6853e-01, 7.6031e-01, 7.6012e-01, 9.3676e-01, 4.5831e-01,
        8.4450e-01, 3.3751e-01, 3.5639e-01, 1.3155e-01, 4.6801e-01, 2.5106e-01,
        8.4839e-01, 6.9212e-01, 2.6343e-01, 6.2941e-01, 8.3101e-01, 1.4055e-01,
        2.8390e-01, 7.0523e-01, 2.3190e-02, 9.0905e-01, 2.4595e-01, 1.2971e-01,
        8.6240e-01, 6.5423e-01, 1.3187e-01, 7.6756e-01, 4.8946e-01, 8.9146e-01,
        1.0858e-01, 3.5959e-01, 7.4452e-01, 4.9338e-01, 2.8828e-01, 6.0205e-01,
        2.9282e-01, 9.4496e-01, 8.4722e-01, 1.3385e-01, 3.0484e-01, 5.4906e-01,
        7.6820e-02, 3.0976e-01, 4.7615e-01, 9.5680e-01, 4.4784e-01, 5.1747e-01,
        6.4480e-03, 5.3526e-01, 3.8636e-01, 5.3804e-01, 5.2313e-01, 3.2063e-01,
        2.1450e-01, 5.0336e-01, 1.7649e-01, 7.4169e-01, 5.4796e-01, 3.8183e-01,
        8.5958e-01, 6.3451e-01, 5.3357e-01, 1.6928e-01, 1.6011e-01, 6.5267e-01,
        8.4708e-01, 8.0459e-01, 7.1809e-03, 6.6188e-01, 6.3271e-01, 5.6065e-01,
        6.2770e-01, 2.7045e-01, 5.5262e-01, 5.3144e-01, 3.9186e-01, 2.7096e-01,
        7.4234e-01, 7.2443e-01, 3.2333e-01, 6.0863e-01, 3.5303e-01, 6.4490e-02,
        7.3032e-01, 5.0841e-04, 1.1789e-01, 9.2310e-01, 7.7821e-03, 5.6565e-01,
        3.6567e-01, 5.4903e-01, 7.6405e-01, 7.4810e-01, 7.0043e-01, 5.2152e-01,
        5.7192e-01, 9.4380e-01, 1.9172e-01, 5.8997e-01, 8.7817e-01, 2.2408e-01,
        9.2040e-01, 1.9895e-01, 4.1551e-01, 8.4145e-02])
X_true Shape: torch.Size([196])
Y_true: [  1.5841202    0.89948356  -5.3066854   -2.3538783   -5.3726816
  -2.9808438    1.058947     0.89268094   2.0347056    1.417066
  -1.875141    -5.5446444   -1.978089    -0.6931472   -1.6433395
   1.7861885    1.9636098    1.5132941    0.8685001   -1.217959
  -3.9246018   -4.1669154    0.8823892   -1.7477427   -5.278515
  -4.3112574    0.84372014  -6.4222474   -3.5347288   -5.840175
  -2.7725887    1.5651376   -4.1145473    0.8858316   -4.458188
  -2.8516319   -3.2335665   -1.5566874   -2.7968814    1.3842089
  -3.2767696    0.8472979    1.8575993    2.0048525   -2.2148795
  -5.7342415   -4.2989116   -1.7573581   -1.8536348    1.5977026
   0.7808528   -3.444627     1.7889779   -2.9156895    1.299283
  -4.7579327    0.9682505   -3.5785315   -2.5091994   -3.4342372
  -2.9974003   -2.9661734    0.9682505   -2.7105534    1.1812159
  -7.964746    -3.495508     2.2600255    0.8685001    1.299283
   1.1041524    1.1041524   -8.821682    -1.5488132   -2.8943799
  -6.530461    -2.639224    -1.8536348    2.036882    -1.5929086
  -2.0211725   -1.6011391   -8.904082    -1.9841313    1.1420974
   1.8845413  -13.151964     2.0303388    1.2311015    2.0825617
  -3.7795339    1.7212774    1.1260114    1.1041524    1.1500446
  -4.9570947    1.0176432   -2.2860558   -2.5372531    2.1972246
  -5.453024     0.5007753    0.9262411   -1.9310215   -1.1394342
  -2.750175     1.6613977    1.8484548   -1.6829051   -1.7917595
   1.3800248    1.75642      1.4644121    0.82927936   0.8754687
  -2.3895965    1.8845413    1.4429897  -10.313965     1.3437347
   1.4759065   -2.5825195    0.          -8.02657     -1.7101794
  -3.2251453   -1.7670667    0.9619013    1.6817585    1.6724128
  -1.89712     -4.6564636    1.1474025   -1.9542783   -5.98482
   1.9387417   -4.5328493   -6.6014967    1.9083072   -5.275252
  -3.0091553   -5.129982    -6.039255    -2.072797     2.0710733
  -6.257168     0.7997569   -1.3155253   -4.701314    -2.9311938
   1.2359558   -2.6712363   -5.3690977    1.047319     2.1498222
  -2.417248     1.1151416    2.0700223    0.84372014  -2.2942863
  -2.6993382   -4.2451673   -2.7765968   -1.5065806   -4.5174646
  -5.4927115   -3.1085277   -1.4375876    0.16833536  -1.5566874
  -2.10647     -3.1010928   -2.4899192    2.3191144   -0.9830539
   1.8178062    1.1939224    0.8823892    1.9947003   -4.0943446
  -2.6724417   -4.6564636    1.1041524    0.654926    -1.8430527
  -6.1618576   -3.9120228    1.5755364    0.94908065  -3.473768
   1.4797089    1.6566396    1.6534548    1.6677067   -3.596604
   0.80721956]
Y_true Shape: (196,)
Plot saved to /raven/u/dvoss/al_pmssmwithgp/model/plots/Iter1/1DsliceM2_plot_test.png
M_1_filtered Shape: torch.Size([10000])
M_2_filtered Shape: torch.Size([10000])
X_true: tensor([0.9559, 0.1097, 0.8145, 0.8788, 0.2302, 0.4966, 0.8132, 0.5014, 0.9035,
        0.3018, 0.8929, 0.2740, 0.2561, 0.5194, 0.2123, 0.7759, 0.6387, 0.1336,
        0.9980, 0.0837, 0.4676, 0.7960, 0.9305, 0.3163, 0.1086, 0.2895, 0.7367,
        0.3010, 0.3346, 0.0950, 0.5508, 0.5465, 0.0627, 0.4181, 0.1435, 0.8267,
        0.6153, 0.7994, 0.7337, 0.4631, 0.3480, 0.3784, 0.6983, 0.3709, 0.7890,
        0.8169, 0.1590, 0.8327, 0.7648, 0.8908, 0.1101, 0.6235, 0.2913, 0.2498,
        0.2970, 0.9489, 0.6300, 0.2723, 0.6964, 0.9464, 0.7413, 0.0626, 0.9129,
        0.9058, 0.8992, 0.6186, 0.6309, 0.1843, 0.0449, 0.1776, 0.1476, 0.9640,
        0.0678, 0.0824, 0.9575, 0.7414, 0.5021, 0.2268, 0.0357, 0.8101, 0.0652,
        0.7202, 0.6513, 0.1735, 0.4587, 0.5053, 0.5072, 0.9752, 0.1304, 0.1154,
        0.2906, 0.8908, 0.3155, 0.6713, 0.2665, 0.6081, 0.5305, 0.0978, 0.8569,
        0.1554, 0.5808, 0.5971, 0.0364, 0.9459, 0.0570, 0.4247, 0.0408, 0.2466,
        0.4953, 0.8523, 0.0767, 0.9014, 0.2402, 0.1821, 0.4913, 0.4330, 0.9546,
        0.3471, 0.0158, 0.3924, 0.3113, 0.0416, 0.8429, 0.9745, 0.2147, 0.9982,
        0.6128, 0.7375, 0.2896, 0.7884, 0.7686, 0.1289, 0.8931, 0.6299, 0.5450,
        0.7495, 0.4919, 0.5747, 0.5547, 0.1967, 0.3118, 0.4574, 0.0474, 0.4531,
        0.9087, 0.1730, 0.4616, 0.3361, 0.9912, 0.7871, 0.3543, 0.7897, 0.2780,
        0.4699, 0.4555, 0.9597, 0.4539, 0.5840, 0.1619, 0.5357, 0.8483, 0.5991,
        0.5366, 0.7595, 0.2691, 0.0211, 0.2164, 0.0254, 0.2677, 0.1174, 0.4314,
        0.2488, 0.3815, 0.1329, 0.1947, 0.6677, 0.0611, 0.5441, 0.3989, 0.7451,
        0.3971, 0.2530, 0.8039, 0.4716, 0.1599, 0.1336, 0.6820, 0.1659, 0.0317,
        0.6978, 0.9372, 0.4335, 0.7465, 0.4235, 0.3390, 0.3804, 0.5750, 0.0948,
        0.1578, 0.1781, 0.7205])
X_true Shape: torch.Size([201])
Y_true: [-1.3730491  -1.4481697  -1.2879584  -1.2909842  -1.0427046  11.216315
 -1.5606477  12.554379   -1.4769487   4.9767337  -1.3438736   2.6912432
  1.1735137   8.927093   -1.4446299  -1.1061405   5.7838254  -1.3763441
 -1.434085   -1.2879584   8.106715   -1.2940191  -1.3062516   5.2815104
 -1.5488132   4.4811177   1.8730835   4.97097     5.514772   -1.4201959
  7.3076496   7.4529824  -1.4167535   6.5838704  -1.4916549  -1.3997173
  6.056003   -1.5217323   2.5123057   7.894815    5.65832     5.9914646
  4.9416423   5.902178   -1.5293952  -1.2970632  -1.3535045  -1.6220167
 -1.5028282  -1.4953654  -1.406497    5.9554057   4.5712686  -0.37469336
  4.828314   -1.3896333   5.8791356   2.9132562   5.0161757  -1.331175
  1.7889779  -1.4099042  -1.3406839  -1.4481697  -1.3062516   6.0141225
  5.867412   -1.350284   -1.480605   -1.2970632  -1.3001168  -1.3929833
 -1.3470737  -1.2849418  -1.5028282   1.1812159  11.988124   -1.1162673
 -1.2940191  -1.576648   -1.4167535   3.387211    5.646624   -1.4305947
  7.711251   10.523168    9.838949   -1.3796499  -1.4305947  -1.3343346
  4.4046845  -1.3929833   5.273       5.4271502   1.8743631   6.150958
  8.12415    -1.2909842  -1.2940191  -1.413323    6.5873203   6.3114324
 -1.4953654  -1.5488132  -1.3599771   6.7123485  -1.4624557  -0.5679839
 10.723635   -1.3248857  -1.6052799  -1.4769487  -0.34719622 -1.4481697
  8.830787    6.8909483  -1.4099042   5.646624   -1.3470737   6.1720486
  5.192957   -1.3438736  -1.3093333  -1.3470737  -1.4375876  -1.3062516
  6.0905557   1.4816046   4.4716387  -1.3124244  -0.43721375 -1.3862944
 -1.350284    5.8814635   7.513891    0.          9.2670355   6.7062507
  7.189168   -1.413323    5.2067504   7.657598   -1.2940191   7.462598
 -1.576648   -1.4375876   7.8306904   5.531411   -1.4916549  -1.3963447
  5.72304    -1.3829665   3.191847    8.227286    7.562681   -1.4660593
  7.4909015   6.529419   -1.3796499   7.879165   -1.4375876   6.280708
  7.8600564  -1.3155253   2.0815227  -1.609438   -1.5217323  -1.331175
  1.9890152  -1.4446299   6.856462   -0.6146441   6.0282784  -1.3438736
 -1.4099042   5.466653   -1.5293952   7.5539856   6.264984    0.16833536
  6.2393007   1.1260114  -1.4099042   8.318742   -1.3438736  -1.4953654
  5.2857385  -1.4167535  -1.3001168   4.965173   -1.480605    6.9077554
  0.654926    6.6866927   5.560682    6.016157    6.7001157  -1.5606477
 -1.434085   -1.2940191   3.6154122 ]
Y_true Shape: (201,)
Plot saved to /raven/u/dvoss/al_pmssmwithgp/model/plots/Iter1/1DsliceM1_plot_test.png
Running for iteration 2
self.x_train shape: torch.Size([50, 2])
additional_x_train shape: torch.Size([50, 2])
additional_x_train: tensor([[0.0000, 0.3061],
        [0.0204, 0.9592],
        [0.0408, 0.7347],
        [0.0612, 0.4082],
        [0.0816, 0.8776],
        [0.1020, 0.3265],
        [0.1225, 0.5306],
        [0.1429, 0.8163],
        [0.1633, 0.2245],
        [0.1837, 0.2041],
        [0.2041, 0.2653],
        [0.2245, 0.3265],
        [0.2449, 0.9184],
        [0.2653, 0.6122],
        [0.2857, 0.7551],
        [0.3061, 0.0000],
        [0.3265, 0.6122],
        [0.3469, 0.1837],
        [0.3673, 0.7551],
        [0.3878, 0.9592],
        [0.4082, 0.1020],
        [0.4286, 0.2449],
        [0.4490, 0.3265],
        [0.4694, 0.8367],
        [0.4898, 0.8776],
        [0.5102, 0.3061],
        [0.5306, 0.5102],
        [0.5510, 0.4286],
        [0.5714, 0.6327],
        [0.5918, 0.0612],
        [0.6122, 0.0816],
        [0.6327, 0.0000],
        [0.6531, 0.0000],
        [0.6735, 0.1429],
        [0.6939, 0.6939],
        [0.7143, 0.8571],
        [0.7347, 0.1225],
        [0.7551, 0.1633],
        [0.7755, 0.3469],
        [0.7959, 0.1225],
        [0.8163, 0.0204],
        [0.8367, 0.5306],
        [0.8571, 0.4286],
        [0.8776, 0.2041],
        [0.8980, 0.4082],
        [0.9184, 0.1020],
        [0.9388, 0.5714],
        [0.9592, 0.8571],
        [0.9796, 0.4490],
        [1.0000, 0.9388]], device='cuda:0')
Error during GP model script execution
                                  
================================= 
Global information about the job: 
================================= 
  
Job owner: dvoss(54815)
Job name:  al_gp_iter
Node list: ravg1073
Job start: Tue Nov 26 11:49:54 CET 2024
Job end:   Tue Nov 26 11:53:13 CET 2024
Work dir:  /raven/u/dvoss/al_pmssmwithgp/model
Command:   /raven/u/dvoss/al_pmssmwithgp/model/slurm/single_job.sbatch
  
  
  
==========================================================================================
Information on jobsteps (Note: MaxRSS/AveRSS is the maximum/average over all 
tasks of the per-task memory high-water marks; cf. "man sacct"): 
==========================================================================================
  
JobID            JobName NNodes NTasks  NCPUS       MaxRSS       AveRSS    Elapsed ExitCode
------------- ---------- ------ ------ ------ ------------ ------------ ---------- --------
13841461      al_gp_iter      1             4                             00:03:19      1:0
13841461.0        job.sh      1      1      4     2573.12M     2573.12M   00:02:50      1:0
  
Maximum memory per node: 2.698113 GB (defined as MaxRSS*Ntasks/NNodes)
CPU utilization: 23.4 %
  
