
[notice] A new release of pip available: 22.3.1 -> 25.0
[notice] To update, run: pip install --upgrade pip

[notice] A new release of pip available: 22.3.1 -> 25.0
[notice] To update, run: pip install --upgrade pip

[notice] A new release of pip available: 22.3.1 -> 25.0
[notice] To update, run: pip install --upgrade pip

[notice] A new release of pip available: 22.3.1 -> 25.0
[notice] To update, run: pip install --upgrade pip

[notice] A new release of pip available: 22.3.1 -> 25.0
[notice] To update, run: pip install --upgrade pip

[notice] A new release of pip available: 22.3.1 -> 25.0
[notice] To update, run: pip install --upgrade pip

[notice] A new release of pip available: 22.3.1 -> 25.0
[notice] To update, run: pip install --upgrade pip

[notice] A new release of pip available: 22.3.1 -> 25.0
[notice] To update, run: pip install --upgrade pip
ERROR: Could not find a version that satisfies the requirement scipy.stats (from versions: none)
ERROR: No matching distribution found for scipy.stats

[notice] A new release of pip available: 22.3.1 -> 25.0
[notice] To update, run: pip install --upgrade pip
ERROR: Could not find a version that satisfies the requirement scipy.interpolate (from versions: none)
ERROR: No matching distribution found for scipy.interpolate

[notice] A new release of pip available: 22.3.1 -> 25.0
[notice] To update, run: pip install --upgrade pip
Traceback (most recent call last):
  File "/u/dvoss/al_pmssmwithgp/model/GPmodel2Dnew.py", line 5, in <module>
    import torch
  File "/raven/u/dvoss/al_pmssmwithgp/model/myenv/lib/python3.10/site-packages/torch/__init__.py", line 367, in <module>
    from torch._C import *  # noqa: F403
ImportError: /raven/u/dvoss/al_pmssmwithgp/model/myenv/lib/python3.10/site-packages/torch/lib/../../nvidia/cusparse/lib/libcusparse.so.12: undefined symbol: __nvJitLinkComplete_12_4, version libnvJitLink.so.12
srun: error: ravg1117: task 0: Exited with exit code 1
srun: Terminating StepId=15270645.0
