Loading gpytorch/gpu-cuda-11.6/pytorch-1.11.0/1.8.0
  Loading requirement: cudnn/8.4.1 pytorch/gpu-cuda-11.6/1.11.0
/mpcdf/soft/SLE_15/packages/skylake/gpytorch/gpu-cuda-11.6/pytorch-1.11.0/anaconda_3_2021.11-2021.11/1.8.0/lib/python3.9/site-packages/gpytorch/lazy/triangular_lazy_tensor.py:136: UserWarning: torch.triangular_solve is deprecated in favor of torch.linalg.solve_triangularand will be removed in a future PyTorch release.
torch.linalg.solve_triangular has its arguments reversed and does not return a copy of one of the inputs.
X = torch.triangular_solve(B, A).solution
should be replaced with
X = torch.linalg.solve_triangular(A, B). (Triggered internally at  /home/abuild/rpmbuild/BUILD/pytorch-1.11.0/aten/src/ATen/native/BatchLinearAlgebra.cpp:1666.)
  res = torch.triangular_solve(right_tensor, self.evaluate(), upper=self.upper).solution
Warning: DR-bar to on-shell conversion for Mu, M1, M2 failed (reached absolute accuracy: 3.12719e-05 GeV),
Warning: DR-bar to on-shell conversion for Mu, M1, M2 failed (reached absolute accuracy: 0.000195442 GeV),
Warning: DR-bar to on-shell conversion for Mu, M1, M2 failed (reached absolute accuracy: 0.00092734 GeV),
/mpcdf/soft/SLE_15/packages/skylake/gpytorch/gpu-cuda-11.6/pytorch-1.11.0/anaconda_3_2021.11-2021.11/1.8.0/lib/python3.9/site-packages/gpytorch/lazy/triangular_lazy_tensor.py:136: UserWarning: torch.triangular_solve is deprecated in favor of torch.linalg.solve_triangularand will be removed in a future PyTorch release.
torch.linalg.solve_triangular has its arguments reversed and does not return a copy of one of the inputs.
X = torch.triangular_solve(B, A).solution
should be replaced with
X = torch.linalg.solve_triangular(A, B). (Triggered internally at  /home/abuild/rpmbuild/BUILD/pytorch-1.11.0/aten/src/ATen/native/BatchLinearAlgebra.cpp:1666.)
  res = torch.triangular_solve(right_tensor, self.evaluate(), upper=self.upper).solution
/mpcdf/soft/SLE_15/packages/skylake/gpytorch/gpu-cuda-11.6/pytorch-1.11.0/anaconda_3_2021.11-2021.11/1.8.0/lib/python3.9/site-packages/gpytorch/distributions/multivariate_normal.py:259: NumericalWarning: Negative variance values detected. This is likely due to numerical instabilities. Rounding negative variances up to 1e-06.
  warnings.warn(
Warning: DR-bar to on-shell conversion for Mu, M1, M2 failed (reached absolute accuracy: 0.00153981 GeV),
Warning: DR-bar to on-shell conversion for Mu, M1, M2 failed (reached absolute accuracy: 0.0221542 GeV),
Warning: DR-bar to on-shell conversion for Mu, M1, M2 failed (reached absolute accuracy: 7.77833e-05 GeV),
/mpcdf/soft/SLE_15/packages/skylake/gpytorch/gpu-cuda-11.6/pytorch-1.11.0/anaconda_3_2021.11-2021.11/1.8.0/lib/python3.9/site-packages/gpytorch/lazy/triangular_lazy_tensor.py:136: UserWarning: torch.triangular_solve is deprecated in favor of torch.linalg.solve_triangularand will be removed in a future PyTorch release.
torch.linalg.solve_triangular has its arguments reversed and does not return a copy of one of the inputs.
X = torch.triangular_solve(B, A).solution
should be replaced with
X = torch.linalg.solve_triangular(A, B). (Triggered internally at  /home/abuild/rpmbuild/BUILD/pytorch-1.11.0/aten/src/ATen/native/BatchLinearAlgebra.cpp:1666.)
  res = torch.triangular_solve(right_tensor, self.evaluate(), upper=self.upper).solution
/mpcdf/soft/SLE_15/packages/skylake/gpytorch/gpu-cuda-11.6/pytorch-1.11.0/anaconda_3_2021.11-2021.11/1.8.0/lib/python3.9/site-packages/gpytorch/distributions/multivariate_normal.py:259: NumericalWarning: Negative variance values detected. This is likely due to numerical instabilities. Rounding negative variances up to 1e-06.
  warnings.warn(
Warning: DR-bar to on-shell conversion for Mu, M1, M2 failed (reached absolute accuracy: 0.0065746 GeV),
Warning: DR-bar to on-shell conversion for Mu, M1, M2 failed (reached absolute accuracy: 0.00280029 GeV),
Warning: DR-bar to on-shell conversion for Mu, M1, M2 failed (reached absolute accuracy: 0.025736 GeV),
/mpcdf/soft/SLE_15/packages/skylake/gpytorch/gpu-cuda-11.6/pytorch-1.11.0/anaconda_3_2021.11-2021.11/1.8.0/lib/python3.9/site-packages/gpytorch/lazy/triangular_lazy_tensor.py:136: UserWarning: torch.triangular_solve is deprecated in favor of torch.linalg.solve_triangularand will be removed in a future PyTorch release.
torch.linalg.solve_triangular has its arguments reversed and does not return a copy of one of the inputs.
X = torch.triangular_solve(B, A).solution
should be replaced with
X = torch.linalg.solve_triangular(A, B). (Triggered internally at  /home/abuild/rpmbuild/BUILD/pytorch-1.11.0/aten/src/ATen/native/BatchLinearAlgebra.cpp:1666.)
  res = torch.triangular_solve(right_tensor, self.evaluate(), upper=self.upper).solution
/mpcdf/soft/SLE_15/packages/skylake/gpytorch/gpu-cuda-11.6/pytorch-1.11.0/anaconda_3_2021.11-2021.11/1.8.0/lib/python3.9/site-packages/gpytorch/distributions/multivariate_normal.py:259: NumericalWarning: Negative variance values detected. This is likely due to numerical instabilities. Rounding negative variances up to 1e-06.
  warnings.warn(
Warning: DR-bar to on-shell conversion for Mu, M1, M2 failed (reached absolute accuracy: 0.0253881 GeV),
Warning: DR-bar to on-shell conversion for Mu, M1, M2 failed (reached absolute accuracy: 0.0245133 GeV),
Warning: DR-bar to on-shell conversion for Mu, M1, M2 failed (reached absolute accuracy: 0.00217729 GeV),
/mpcdf/soft/SLE_15/packages/skylake/gpytorch/gpu-cuda-11.6/pytorch-1.11.0/anaconda_3_2021.11-2021.11/1.8.0/lib/python3.9/site-packages/gpytorch/lazy/triangular_lazy_tensor.py:136: UserWarning: torch.triangular_solve is deprecated in favor of torch.linalg.solve_triangularand will be removed in a future PyTorch release.
torch.linalg.solve_triangular has its arguments reversed and does not return a copy of one of the inputs.
X = torch.triangular_solve(B, A).solution
should be replaced with
X = torch.linalg.solve_triangular(A, B). (Triggered internally at  /home/abuild/rpmbuild/BUILD/pytorch-1.11.0/aten/src/ATen/native/BatchLinearAlgebra.cpp:1666.)
  res = torch.triangular_solve(right_tensor, self.evaluate(), upper=self.upper).solution
/mpcdf/soft/SLE_15/packages/skylake/gpytorch/gpu-cuda-11.6/pytorch-1.11.0/anaconda_3_2021.11-2021.11/1.8.0/lib/python3.9/site-packages/gpytorch/distributions/multivariate_normal.py:259: NumericalWarning: Negative variance values detected. This is likely due to numerical instabilities. Rounding negative variances up to 1e-06.
  warnings.warn(
Warning: DR-bar to on-shell conversion for Mu, M1, M2 failed (reached absolute accuracy: 0.000365207 GeV),
Warning: DR-bar to on-shell conversion for Mu, M1, M2 failed (reached absolute accuracy: 0.000203801 GeV),
Warning: DR-bar to on-shell conversion for Mu, M1, M2 failed (reached absolute accuracy: 0.0201449 GeV),
/mpcdf/soft/SLE_15/packages/skylake/gpytorch/gpu-cuda-11.6/pytorch-1.11.0/anaconda_3_2021.11-2021.11/1.8.0/lib/python3.9/site-packages/gpytorch/lazy/triangular_lazy_tensor.py:136: UserWarning: torch.triangular_solve is deprecated in favor of torch.linalg.solve_triangularand will be removed in a future PyTorch release.
torch.linalg.solve_triangular has its arguments reversed and does not return a copy of one of the inputs.
X = torch.triangular_solve(B, A).solution
should be replaced with
X = torch.linalg.solve_triangular(A, B). (Triggered internally at  /home/abuild/rpmbuild/BUILD/pytorch-1.11.0/aten/src/ATen/native/BatchLinearAlgebra.cpp:1666.)
  res = torch.triangular_solve(right_tensor, self.evaluate(), upper=self.upper).solution
/mpcdf/soft/SLE_15/packages/skylake/gpytorch/gpu-cuda-11.6/pytorch-1.11.0/anaconda_3_2021.11-2021.11/1.8.0/lib/python3.9/site-packages/gpytorch/distributions/multivariate_normal.py:259: NumericalWarning: Negative variance values detected. This is likely due to numerical instabilities. Rounding negative variances up to 1e-06.
  warnings.warn(
Warning: DR-bar to on-shell conversion for Mu, M1, M2 failed (reached absolute accuracy: 0.000582832 GeV),
Warning: DR-bar to on-shell conversion for Mu, M1, M2 failed (reached absolute accuracy: 0.0116912 GeV),
Warning: DR-bar to on-shell conversion for Mu, M1, M2 failed (reached absolute accuracy: 0.0245052 GeV),
/mpcdf/soft/SLE_15/packages/skylake/gpytorch/gpu-cuda-11.6/pytorch-1.11.0/anaconda_3_2021.11-2021.11/1.8.0/lib/python3.9/site-packages/gpytorch/lazy/triangular_lazy_tensor.py:136: UserWarning: torch.triangular_solve is deprecated in favor of torch.linalg.solve_triangularand will be removed in a future PyTorch release.
torch.linalg.solve_triangular has its arguments reversed and does not return a copy of one of the inputs.
X = torch.triangular_solve(B, A).solution
should be replaced with
X = torch.linalg.solve_triangular(A, B). (Triggered internally at  /home/abuild/rpmbuild/BUILD/pytorch-1.11.0/aten/src/ATen/native/BatchLinearAlgebra.cpp:1666.)
  res = torch.triangular_solve(right_tensor, self.evaluate(), upper=self.upper).solution
Warning: DR-bar to on-shell conversion for Mu, M1, M2 failed (reached absolute accuracy: 0.000270106 GeV),
Warning: DR-bar to on-shell conversion for Mu, M1, M2 failed (reached absolute accuracy: 2.7622e-05 GeV),
Warning: DR-bar to on-shell conversion for Mu, M1, M2 failed (reached absolute accuracy: 0.0135756 GeV),
/mpcdf/soft/SLE_15/packages/skylake/gpytorch/gpu-cuda-11.6/pytorch-1.11.0/anaconda_3_2021.11-2021.11/1.8.0/lib/python3.9/site-packages/gpytorch/lazy/triangular_lazy_tensor.py:136: UserWarning: torch.triangular_solve is deprecated in favor of torch.linalg.solve_triangularand will be removed in a future PyTorch release.
torch.linalg.solve_triangular has its arguments reversed and does not return a copy of one of the inputs.
X = torch.triangular_solve(B, A).solution
should be replaced with
X = torch.linalg.solve_triangular(A, B). (Triggered internally at  /home/abuild/rpmbuild/BUILD/pytorch-1.11.0/aten/src/ATen/native/BatchLinearAlgebra.cpp:1666.)
  res = torch.triangular_solve(right_tensor, self.evaluate(), upper=self.upper).solution
Warning: DR-bar to on-shell conversion for Mu, M1, M2 failed (reached absolute accuracy: 0.073176 GeV),
Warning: DR-bar to on-shell conversion for Mu, M1, M2 failed (reached absolute accuracy: 0.0190801 GeV),
Warning: DR-bar to on-shell conversion for Mu, M1, M2 failed (reached absolute accuracy: 0.000833713 GeV),
/mpcdf/soft/SLE_15/packages/skylake/gpytorch/gpu-cuda-11.6/pytorch-1.11.0/anaconda_3_2021.11-2021.11/1.8.0/lib/python3.9/site-packages/gpytorch/lazy/triangular_lazy_tensor.py:136: UserWarning: torch.triangular_solve is deprecated in favor of torch.linalg.solve_triangularand will be removed in a future PyTorch release.
torch.linalg.solve_triangular has its arguments reversed and does not return a copy of one of the inputs.
X = torch.triangular_solve(B, A).solution
should be replaced with
X = torch.linalg.solve_triangular(A, B). (Triggered internally at  /home/abuild/rpmbuild/BUILD/pytorch-1.11.0/aten/src/ATen/native/BatchLinearAlgebra.cpp:1666.)
  res = torch.triangular_solve(right_tensor, self.evaluate(), upper=self.upper).solution
Warning: DR-bar to on-shell conversion for Mu, M1, M2 failed (reached absolute accuracy: 0.000676651 GeV),
Warning: DR-bar to on-shell conversion for Mu, M1, M2 failed (reached absolute accuracy: 0.0162213 GeV),
Warning: DR-bar to on-shell conversion for Mu, M1, M2 failed (reached absolute accuracy: 0.0461786 GeV),
/mpcdf/soft/SLE_15/packages/skylake/gpytorch/gpu-cuda-11.6/pytorch-1.11.0/anaconda_3_2021.11-2021.11/1.8.0/lib/python3.9/site-packages/gpytorch/lazy/triangular_lazy_tensor.py:136: UserWarning: torch.triangular_solve is deprecated in favor of torch.linalg.solve_triangularand will be removed in a future PyTorch release.
torch.linalg.solve_triangular has its arguments reversed and does not return a copy of one of the inputs.
X = torch.triangular_solve(B, A).solution
should be replaced with
X = torch.linalg.solve_triangular(A, B). (Triggered internally at  /home/abuild/rpmbuild/BUILD/pytorch-1.11.0/aten/src/ATen/native/BatchLinearAlgebra.cpp:1666.)
  res = torch.triangular_solve(right_tensor, self.evaluate(), upper=self.upper).solution
Warning: DR-bar to on-shell conversion for Mu, M1, M2 failed (reached absolute accuracy: 5.41846e-05 GeV),
Warning: DR-bar to on-shell conversion for Mu, M1, M2 failed (reached absolute accuracy: 0.0153823 GeV),
Warning: DR-bar to on-shell conversion for Mu, M1, M2 failed (reached absolute accuracy: 0.000637509 GeV),
/mpcdf/soft/SLE_15/packages/skylake/gpytorch/gpu-cuda-11.6/pytorch-1.11.0/anaconda_3_2021.11-2021.11/1.8.0/lib/python3.9/site-packages/gpytorch/lazy/triangular_lazy_tensor.py:136: UserWarning: torch.triangular_solve is deprecated in favor of torch.linalg.solve_triangularand will be removed in a future PyTorch release.
torch.linalg.solve_triangular has its arguments reversed and does not return a copy of one of the inputs.
X = torch.triangular_solve(B, A).solution
should be replaced with
X = torch.linalg.solve_triangular(A, B). (Triggered internally at  /home/abuild/rpmbuild/BUILD/pytorch-1.11.0/aten/src/ATen/native/BatchLinearAlgebra.cpp:1666.)
  res = torch.triangular_solve(right_tensor, self.evaluate(), upper=self.upper).solution
Warning: DR-bar to on-shell conversion for Mu, M1, M2 failed (reached absolute accuracy: 0.000750212 GeV),
Warning: DR-bar to on-shell conversion for Mu, M1, M2 failed (reached absolute accuracy: 0.0162213 GeV),
Warning: DR-bar to on-shell conversion for Mu, M1, M2 failed (reached absolute accuracy: 0.0163219 GeV),
/mpcdf/soft/SLE_15/packages/skylake/gpytorch/gpu-cuda-11.6/pytorch-1.11.0/anaconda_3_2021.11-2021.11/1.8.0/lib/python3.9/site-packages/gpytorch/lazy/triangular_lazy_tensor.py:136: UserWarning: torch.triangular_solve is deprecated in favor of torch.linalg.solve_triangularand will be removed in a future PyTorch release.
torch.linalg.solve_triangular has its arguments reversed and does not return a copy of one of the inputs.
X = torch.triangular_solve(B, A).solution
should be replaced with
X = torch.linalg.solve_triangular(A, B). (Triggered internally at  /home/abuild/rpmbuild/BUILD/pytorch-1.11.0/aten/src/ATen/native/BatchLinearAlgebra.cpp:1666.)
  res = torch.triangular_solve(right_tensor, self.evaluate(), upper=self.upper).solution
Warning: DR-bar to on-shell conversion for Mu, M1, M2 failed (reached absolute accuracy: 0.000708003 GeV),
Warning: DR-bar to on-shell conversion for Mu, M1, M2 failed (reached absolute accuracy: 0.0154933 GeV),
Warning: DR-bar to on-shell conversion for Mu, M1, M2 failed (reached absolute accuracy: 0.000117904 GeV),
/mpcdf/soft/SLE_15/packages/skylake/gpytorch/gpu-cuda-11.6/pytorch-1.11.0/anaconda_3_2021.11-2021.11/1.8.0/lib/python3.9/site-packages/gpytorch/lazy/triangular_lazy_tensor.py:136: UserWarning: torch.triangular_solve is deprecated in favor of torch.linalg.solve_triangularand will be removed in a future PyTorch release.
torch.linalg.solve_triangular has its arguments reversed and does not return a copy of one of the inputs.
X = torch.triangular_solve(B, A).solution
should be replaced with
X = torch.linalg.solve_triangular(A, B). (Triggered internally at  /home/abuild/rpmbuild/BUILD/pytorch-1.11.0/aten/src/ATen/native/BatchLinearAlgebra.cpp:1666.)
  res = torch.triangular_solve(right_tensor, self.evaluate(), upper=self.upper).solution
Warning: DR-bar to on-shell conversion for Mu, M1, M2 failed (reached absolute accuracy: 2.64349e-05 GeV),
Warning: DR-bar to on-shell conversion for Mu, M1, M2 failed (reached absolute accuracy: 0.0161063 GeV),
Warning: DR-bar to on-shell conversion for Mu, M1, M2 failed (reached absolute accuracy: 0.000708003 GeV),
/mpcdf/soft/SLE_15/packages/skylake/gpytorch/gpu-cuda-11.6/pytorch-1.11.0/anaconda_3_2021.11-2021.11/1.8.0/lib/python3.9/site-packages/gpytorch/lazy/triangular_lazy_tensor.py:136: UserWarning: torch.triangular_solve is deprecated in favor of torch.linalg.solve_triangularand will be removed in a future PyTorch release.
torch.linalg.solve_triangular has its arguments reversed and does not return a copy of one of the inputs.
X = torch.triangular_solve(B, A).solution
should be replaced with
X = torch.linalg.solve_triangular(A, B). (Triggered internally at  /home/abuild/rpmbuild/BUILD/pytorch-1.11.0/aten/src/ATen/native/BatchLinearAlgebra.cpp:1666.)
  res = torch.triangular_solve(right_tensor, self.evaluate(), upper=self.upper).solution
Warning: DR-bar to on-shell conversion for Mu, M1, M2 failed (reached absolute accuracy: 0.02248 GeV),
Warning: DR-bar to on-shell conversion for Mu, M1, M2 failed (reached absolute accuracy: 0.0169244 GeV),
Warning: DR-bar to on-shell conversion for Mu, M1, M2 failed (reached absolute accuracy: 0.000833713 GeV),
/mpcdf/soft/SLE_15/packages/skylake/gpytorch/gpu-cuda-11.6/pytorch-1.11.0/anaconda_3_2021.11-2021.11/1.8.0/lib/python3.9/site-packages/gpytorch/lazy/triangular_lazy_tensor.py:136: UserWarning: torch.triangular_solve is deprecated in favor of torch.linalg.solve_triangularand will be removed in a future PyTorch release.
torch.linalg.solve_triangular has its arguments reversed and does not return a copy of one of the inputs.
X = torch.triangular_solve(B, A).solution
should be replaced with
X = torch.linalg.solve_triangular(A, B). (Triggered internally at  /home/abuild/rpmbuild/BUILD/pytorch-1.11.0/aten/src/ATen/native/BatchLinearAlgebra.cpp:1666.)
  res = torch.triangular_solve(right_tensor, self.evaluate(), upper=self.upper).solution
Warning: DR-bar to on-shell conversion for Mu, M1, M2 failed (reached absolute accuracy: 0.000750212 GeV),
Warning: DR-bar to on-shell conversion for Mu, M1, M2 failed (reached absolute accuracy: 0.0039105 GeV),
Warning: DR-bar to on-shell conversion for Mu, M1, M2 failed (reached absolute accuracy: 0.0156208 GeV),
/mpcdf/soft/SLE_15/packages/skylake/gpytorch/gpu-cuda-11.6/pytorch-1.11.0/anaconda_3_2021.11-2021.11/1.8.0/lib/python3.9/site-packages/gpytorch/lazy/triangular_lazy_tensor.py:136: UserWarning: torch.triangular_solve is deprecated in favor of torch.linalg.solve_triangularand will be removed in a future PyTorch release.
torch.linalg.solve_triangular has its arguments reversed and does not return a copy of one of the inputs.
X = torch.triangular_solve(B, A).solution
should be replaced with
X = torch.linalg.solve_triangular(A, B). (Triggered internally at  /home/abuild/rpmbuild/BUILD/pytorch-1.11.0/aten/src/ATen/native/BatchLinearAlgebra.cpp:1666.)
  res = torch.triangular_solve(right_tensor, self.evaluate(), upper=self.upper).solution
Warning: DR-bar to on-shell conversion for Mu, M1, M2 failed (reached absolute accuracy: 0.0158621 GeV),
Warning: DR-bar to on-shell conversion for Mu, M1, M2 failed (reached absolute accuracy: 0.00718978 GeV),
Warning: DR-bar to on-shell conversion for Mu, M1, M2 failed (reached absolute accuracy: 0.000728308 GeV),
/mpcdf/soft/SLE_15/packages/skylake/gpytorch/gpu-cuda-11.6/pytorch-1.11.0/anaconda_3_2021.11-2021.11/1.8.0/lib/python3.9/site-packages/gpytorch/lazy/triangular_lazy_tensor.py:136: UserWarning: torch.triangular_solve is deprecated in favor of torch.linalg.solve_triangularand will be removed in a future PyTorch release.
torch.linalg.solve_triangular has its arguments reversed and does not return a copy of one of the inputs.
X = torch.triangular_solve(B, A).solution
should be replaced with
X = torch.linalg.solve_triangular(A, B). (Triggered internally at  /home/abuild/rpmbuild/BUILD/pytorch-1.11.0/aten/src/ATen/native/BatchLinearAlgebra.cpp:1666.)
  res = torch.triangular_solve(right_tensor, self.evaluate(), upper=self.upper).solution
Warning: DR-bar to on-shell conversion for Mu, M1, M2 failed (reached absolute accuracy: 0.000514208 GeV),
Warning: DR-bar to on-shell conversion for Mu, M1, M2 failed (reached absolute accuracy: 0.000708003 GeV),
Warning: DR-bar to on-shell conversion for Mu, M1, M2 failed (reached absolute accuracy: 0.0156208 GeV),
/mpcdf/soft/SLE_15/packages/skylake/gpytorch/gpu-cuda-11.6/pytorch-1.11.0/anaconda_3_2021.11-2021.11/1.8.0/lib/python3.9/site-packages/gpytorch/lazy/triangular_lazy_tensor.py:136: UserWarning: torch.triangular_solve is deprecated in favor of torch.linalg.solve_triangularand will be removed in a future PyTorch release.
torch.linalg.solve_triangular has its arguments reversed and does not return a copy of one of the inputs.
X = torch.triangular_solve(B, A).solution
should be replaced with
X = torch.linalg.solve_triangular(A, B). (Triggered internally at  /home/abuild/rpmbuild/BUILD/pytorch-1.11.0/aten/src/ATen/native/BatchLinearAlgebra.cpp:1666.)
  res = torch.triangular_solve(right_tensor, self.evaluate(), upper=self.upper).solution
Warning: DR-bar to on-shell conversion for Mu, M1, M2 failed (reached absolute accuracy: 0.0254611 GeV),
Warning: DR-bar to on-shell conversion for Mu, M1, M2 failed (reached absolute accuracy: 0.000718087 GeV),
Warning: DR-bar to on-shell conversion for Mu, M1, M2 failed (reached absolute accuracy: 0.0156208 GeV),
/mpcdf/soft/SLE_15/packages/skylake/gpytorch/gpu-cuda-11.6/pytorch-1.11.0/anaconda_3_2021.11-2021.11/1.8.0/lib/python3.9/site-packages/gpytorch/lazy/triangular_lazy_tensor.py:136: UserWarning: torch.triangular_solve is deprecated in favor of torch.linalg.solve_triangularand will be removed in a future PyTorch release.
torch.linalg.solve_triangular has its arguments reversed and does not return a copy of one of the inputs.
X = torch.triangular_solve(B, A).solution
should be replaced with
X = torch.linalg.solve_triangular(A, B). (Triggered internally at  /home/abuild/rpmbuild/BUILD/pytorch-1.11.0/aten/src/ATen/native/BatchLinearAlgebra.cpp:1666.)
  res = torch.triangular_solve(right_tensor, self.evaluate(), upper=self.upper).solution
Warning: DR-bar to on-shell conversion for Mu, M1, M2 failed (reached absolute accuracy: 0.000591202 GeV),
Warning: DR-bar to on-shell conversion for Mu, M1, M2 failed (reached absolute accuracy: 3.1939e-05 GeV),
Warning: DR-bar to on-shell conversion for Mu, M1, M2 failed (reached absolute accuracy: 0.0145473 GeV),
/mpcdf/soft/SLE_15/packages/skylake/gpytorch/gpu-cuda-11.6/pytorch-1.11.0/anaconda_3_2021.11-2021.11/1.8.0/lib/python3.9/site-packages/gpytorch/lazy/triangular_lazy_tensor.py:136: UserWarning: torch.triangular_solve is deprecated in favor of torch.linalg.solve_triangularand will be removed in a future PyTorch release.
torch.linalg.solve_triangular has its arguments reversed and does not return a copy of one of the inputs.
X = torch.triangular_solve(B, A).solution
should be replaced with
X = torch.linalg.solve_triangular(A, B). (Triggered internally at  /home/abuild/rpmbuild/BUILD/pytorch-1.11.0/aten/src/ATen/native/BatchLinearAlgebra.cpp:1666.)
  res = torch.triangular_solve(right_tensor, self.evaluate(), upper=self.upper).solution
Warning: DR-bar to on-shell conversion for Mu, M1, M2 failed (reached absolute accuracy: 0.000686307 GeV),
Warning: DR-bar to on-shell conversion for Mu, M1, M2 failed (reached absolute accuracy: 0.000100446 GeV),
Warning: DR-bar to on-shell conversion for Mu, M1, M2 failed (reached absolute accuracy: 0.0152563 GeV),
