Defaulting to user installation because normal site-packages is not writeable
Requirement already satisfied: uproot in /raven/u/dvoss/.local/lib/python3.9/site-packages (5.3.10)
Requirement already satisfied: cramjam>=2.5.0 in /raven/u/dvoss/.local/lib/python3.9/site-packages (from uproot) (2.8.3)
Requirement already satisfied: awkward>=2.4.6 in /raven/u/dvoss/.local/lib/python3.9/site-packages (from uproot) (2.6.6)
Requirement already satisfied: packaging in /raven/u/system/soft/SLE_15/packages/x86_64/anaconda/3/2021.11/lib/python3.9/site-packages (from uproot) (21.0)
Requirement already satisfied: numpy in /raven/u/dvoss/.local/lib/python3.9/site-packages (from uproot) (1.22.4)
Requirement already satisfied: fsspec in /raven/u/dvoss/.local/lib/python3.9/site-packages (from uproot) (2024.6.1)
Requirement already satisfied: typing-extensions>=4.1.0 in /raven/u/dvoss/.local/lib/python3.9/site-packages (from uproot) (4.12.2)
Requirement already satisfied: awkward-cpp==35 in /raven/u/dvoss/.local/lib/python3.9/site-packages (from awkward>=2.4.6->uproot) (35)
Requirement already satisfied: importlib-metadata>=4.13.0 in /raven/u/dvoss/.local/lib/python3.9/site-packages (from awkward>=2.4.6->uproot) (8.0.0)
Requirement already satisfied: zipp>=0.5 in /raven/u/system/soft/SLE_15/packages/x86_64/anaconda/3/2021.11/lib/python3.9/site-packages (from importlib-metadata>=4.13.0->awkward>=2.4.6->uproot) (3.6.0)
Requirement already satisfied: pyparsing>=2.0.2 in /raven/u/system/soft/SLE_15/packages/x86_64/anaconda/3/2021.11/lib/python3.9/site-packages (from packaging->uproot) (3.0.4)
Defaulting to user installation because normal site-packages is not writeable
Collecting argparse
  Using cached argparse-1.4.0-py2.py3-none-any.whl (23 kB)
Installing collected packages: argparse
Successfully installed argparse-1.4.0
Defaulting to user installation because normal site-packages is not writeable
Requirement already satisfied: pyslha in /raven/u/dvoss/.local/lib/python3.9/site-packages (3.2.6)
Requirement already satisfied: tex2pix>=0.1.5 in /raven/u/dvoss/.local/lib/python3.9/site-packages (from pyslha) (0.3.1)
Defaulting to user installation because normal site-packages is not writeable
Requirement already satisfied: structlog in /raven/u/dvoss/.local/lib/python3.9/site-packages (24.4.0)
Defaulting to user installation because normal site-packages is not writeable
Requirement already satisfied: imageio[ffmpeg] in /raven/u/system/soft/SLE_15/packages/x86_64/anaconda/3/2021.11/lib/python3.9/site-packages (2.9.0)
Requirement already satisfied: Pillow in /raven/u/system/soft/SLE_15/packages/x86_64/anaconda/3/2021.11/lib/python3.9/site-packages (8.4.0)
Requirement already satisfied: numpy in /raven/u/dvoss/.local/lib/python3.9/site-packages (from imageio[ffmpeg]) (1.22.4)
Requirement already satisfied: imageio-ffmpeg in /raven/u/dvoss/.local/lib/python3.9/site-packages (from imageio[ffmpeg]) (0.5.1)
Requirement already satisfied: setuptools in /raven/u/system/soft/SLE_15/packages/x86_64/anaconda/3/2021.11/lib/python3.9/site-packages (from imageio-ffmpeg->imageio[ffmpeg]) (58.0.4)
Defaulting to user installation because normal site-packages is not writeable
Requirement already satisfied: seaborn in /raven/u/system/soft/SLE_15/packages/x86_64/anaconda/3/2021.11/lib/python3.9/site-packages (0.11.2)
Requirement already satisfied: numpy>=1.15 in /raven/u/dvoss/.local/lib/python3.9/site-packages (from seaborn) (1.22.4)
Requirement already satisfied: pandas>=0.23 in /raven/u/system/soft/SLE_15/packages/x86_64/anaconda/3/2021.11/lib/python3.9/site-packages (from seaborn) (1.3.4)
Requirement already satisfied: matplotlib>=2.2 in /raven/u/system/soft/SLE_15/packages/x86_64/anaconda/3/2021.11/lib/python3.9/site-packages (from seaborn) (3.4.3)
Requirement already satisfied: scipy>=1.0 in /raven/u/system/soft/SLE_15/packages/x86_64/anaconda/3/2021.11/lib/python3.9/site-packages (from seaborn) (1.7.1)
Requirement already satisfied: pyparsing>=2.2.1 in /raven/u/system/soft/SLE_15/packages/x86_64/anaconda/3/2021.11/lib/python3.9/site-packages (from matplotlib>=2.2->seaborn) (3.0.4)
Requirement already satisfied: kiwisolver>=1.0.1 in /raven/u/system/soft/SLE_15/packages/x86_64/anaconda/3/2021.11/lib/python3.9/site-packages (from matplotlib>=2.2->seaborn) (1.3.1)
Requirement already satisfied: python-dateutil>=2.7 in /raven/u/system/soft/SLE_15/packages/x86_64/anaconda/3/2021.11/lib/python3.9/site-packages (from matplotlib>=2.2->seaborn) (2.8.2)
Requirement already satisfied: cycler>=0.10 in /raven/u/system/soft/SLE_15/packages/x86_64/anaconda/3/2021.11/lib/python3.9/site-packages (from matplotlib>=2.2->seaborn) (0.10.0)
Requirement already satisfied: pillow>=6.2.0 in /raven/u/system/soft/SLE_15/packages/x86_64/anaconda/3/2021.11/lib/python3.9/site-packages (from matplotlib>=2.2->seaborn) (8.4.0)
Requirement already satisfied: six in /raven/u/system/soft/SLE_15/packages/x86_64/anaconda/3/2021.11/lib/python3.9/site-packages (from cycler>=0.10->matplotlib>=2.2->seaborn) (1.16.0)
Requirement already satisfied: pytz>=2017.3 in /raven/u/system/soft/SLE_15/packages/x86_64/anaconda/3/2021.11/lib/python3.9/site-packages (from pandas>=0.23->seaborn) (2021.3)
Defaulting to user installation because normal site-packages is not writeable
Defaulting to user installation because normal site-packages is not writeable
Defaulting to user installation because normal site-packages is not writeable
Requirement already satisfied: matplotlib in /raven/u/system/soft/SLE_15/packages/x86_64/anaconda/3/2021.11/lib/python3.9/site-packages (3.4.3)
Requirement already satisfied: pyparsing>=2.2.1 in /raven/u/system/soft/SLE_15/packages/x86_64/anaconda/3/2021.11/lib/python3.9/site-packages (from matplotlib) (3.0.4)
Requirement already satisfied: python-dateutil>=2.7 in /raven/u/system/soft/SLE_15/packages/x86_64/anaconda/3/2021.11/lib/python3.9/site-packages (from matplotlib) (2.8.2)
Requirement already satisfied: kiwisolver>=1.0.1 in /raven/u/system/soft/SLE_15/packages/x86_64/anaconda/3/2021.11/lib/python3.9/site-packages (from matplotlib) (1.3.1)
Requirement already satisfied: pillow>=6.2.0 in /raven/u/system/soft/SLE_15/packages/x86_64/anaconda/3/2021.11/lib/python3.9/site-packages (from matplotlib) (8.4.0)
Requirement already satisfied: numpy>=1.16 in /raven/u/dvoss/.local/lib/python3.9/site-packages (from matplotlib) (1.22.4)
Requirement already satisfied: cycler>=0.10 in /raven/u/system/soft/SLE_15/packages/x86_64/anaconda/3/2021.11/lib/python3.9/site-packages (from matplotlib) (0.10.0)
Requirement already satisfied: six in /raven/u/system/soft/SLE_15/packages/x86_64/anaconda/3/2021.11/lib/python3.9/site-packages (from cycler>=0.10->matplotlib) (1.16.0)
Defaulting to user installation because normal site-packages is not writeable
Requirement already satisfied: numpy in /raven/u/dvoss/.local/lib/python3.9/site-packages (1.22.4)
Defaulting to user installation because normal site-packages is not writeable
Requirement already satisfied: pandas in /raven/u/system/soft/SLE_15/packages/x86_64/anaconda/3/2021.11/lib/python3.9/site-packages (1.3.4)
Requirement already satisfied: python-dateutil>=2.7.3 in /raven/u/system/soft/SLE_15/packages/x86_64/anaconda/3/2021.11/lib/python3.9/site-packages (from pandas) (2.8.2)
Requirement already satisfied: pytz>=2017.3 in /raven/u/system/soft/SLE_15/packages/x86_64/anaconda/3/2021.11/lib/python3.9/site-packages (from pandas) (2021.3)
Requirement already satisfied: numpy>=1.17.3 in /raven/u/dvoss/.local/lib/python3.9/site-packages (from pandas) (1.22.4)
Requirement already satisfied: six>=1.5 in /raven/u/system/soft/SLE_15/packages/x86_64/anaconda/3/2021.11/lib/python3.9/site-packages (from python-dateutil>=2.7.3->pandas) (1.16.0)
Defaulting to user installation because normal site-packages is not writeable
Defaulting to user installation because normal site-packages is not writeable
Requirement already satisfied: linear_operator in /raven/u/dvoss/.local/lib/python3.9/site-packages (0.5.3)
Requirement already satisfied: scipy in /raven/u/system/soft/SLE_15/packages/x86_64/anaconda/3/2021.11/lib/python3.9/site-packages (from linear_operator) (1.7.1)
Requirement already satisfied: jaxtyping==0.2.19 in /raven/u/dvoss/.local/lib/python3.9/site-packages (from linear_operator) (0.2.19)
Collecting torch>=1.11
  Using cached torch-2.5.1-cp39-cp39-manylinux1_x86_64.whl (906.5 MB)
Requirement already satisfied: mpmath<=1.3,>=0.19 in /raven/u/system/soft/SLE_15/packages/x86_64/anaconda/3/2021.11/lib/python3.9/site-packages (from linear_operator) (1.2.1)
Requirement already satisfied: typeguard>=2.13.3 in /raven/u/dvoss/.local/lib/python3.9/site-packages (from jaxtyping==0.2.19->linear_operator) (4.4.1)
Requirement already satisfied: typing-extensions>=3.7.4.1 in /raven/u/dvoss/.local/lib/python3.9/site-packages (from jaxtyping==0.2.19->linear_operator) (4.12.2)
Requirement already satisfied: numpy>=1.20.0 in /raven/u/dvoss/.local/lib/python3.9/site-packages (from jaxtyping==0.2.19->linear_operator) (1.22.4)
Requirement already satisfied: nvidia-curand-cu12==10.3.5.147 in /raven/u/dvoss/.local/lib/python3.9/site-packages (from torch>=1.11->linear_operator) (10.3.5.147)
Requirement already satisfied: nvidia-cusparse-cu12==12.3.1.170 in /raven/u/dvoss/.local/lib/python3.9/site-packages (from torch>=1.11->linear_operator) (12.3.1.170)
Requirement already satisfied: nvidia-cuda-nvrtc-cu12==12.4.127 in /raven/u/dvoss/.local/lib/python3.9/site-packages (from torch>=1.11->linear_operator) (12.4.127)
Requirement already satisfied: nvidia-nvtx-cu12==12.4.127 in /raven/u/dvoss/.local/lib/python3.9/site-packages (from torch>=1.11->linear_operator) (12.4.127)
Requirement already satisfied: sympy==1.13.1 in /raven/u/dvoss/.local/lib/python3.9/site-packages (from torch>=1.11->linear_operator) (1.13.1)
Requirement already satisfied: nvidia-cuda-runtime-cu12==12.4.127 in /raven/u/dvoss/.local/lib/python3.9/site-packages (from torch>=1.11->linear_operator) (12.4.127)
Requirement already satisfied: nvidia-nccl-cu12==2.21.5 in /raven/u/dvoss/.local/lib/python3.9/site-packages (from torch>=1.11->linear_operator) (2.21.5)
Requirement already satisfied: fsspec in /raven/u/dvoss/.local/lib/python3.9/site-packages (from torch>=1.11->linear_operator) (2024.6.1)
Requirement already satisfied: nvidia-cuda-cupti-cu12==12.4.127 in /raven/u/dvoss/.local/lib/python3.9/site-packages (from torch>=1.11->linear_operator) (12.4.127)
Requirement already satisfied: filelock in /raven/u/system/soft/SLE_15/packages/x86_64/anaconda/3/2021.11/lib/python3.9/site-packages (from torch>=1.11->linear_operator) (3.3.1)
Requirement already satisfied: networkx in /raven/u/system/soft/SLE_15/packages/x86_64/anaconda/3/2021.11/lib/python3.9/site-packages (from torch>=1.11->linear_operator) (2.6.3)
Requirement already satisfied: nvidia-cusolver-cu12==11.6.1.9 in /raven/u/dvoss/.local/lib/python3.9/site-packages (from torch>=1.11->linear_operator) (11.6.1.9)
Requirement already satisfied: triton==3.1.0 in /raven/u/dvoss/.local/lib/python3.9/site-packages (from torch>=1.11->linear_operator) (3.1.0)
Requirement already satisfied: nvidia-cudnn-cu12==9.1.0.70 in /raven/u/dvoss/.local/lib/python3.9/site-packages (from torch>=1.11->linear_operator) (9.1.0.70)
Requirement already satisfied: nvidia-cufft-cu12==11.2.1.3 in /raven/u/dvoss/.local/lib/python3.9/site-packages (from torch>=1.11->linear_operator) (11.2.1.3)
Requirement already satisfied: nvidia-nvjitlink-cu12==12.4.127 in /raven/u/dvoss/.local/lib/python3.9/site-packages (from torch>=1.11->linear_operator) (12.4.127)
Requirement already satisfied: nvidia-cublas-cu12==12.4.5.8 in /raven/u/dvoss/.local/lib/python3.9/site-packages (from torch>=1.11->linear_operator) (12.4.5.8)
Requirement already satisfied: jinja2 in /raven/u/system/soft/SLE_15/packages/x86_64/anaconda/3/2021.11/lib/python3.9/site-packages (from torch>=1.11->linear_operator) (2.11.3)
Requirement already satisfied: importlib-metadata>=3.6 in /raven/u/dvoss/.local/lib/python3.9/site-packages (from typeguard>=2.13.3->jaxtyping==0.2.19->linear_operator) (8.0.0)
Requirement already satisfied: zipp>=0.5 in /raven/u/system/soft/SLE_15/packages/x86_64/anaconda/3/2021.11/lib/python3.9/site-packages (from importlib-metadata>=3.6->typeguard>=2.13.3->jaxtyping==0.2.19->linear_operator) (3.6.0)
Requirement already satisfied: MarkupSafe>=0.23 in /raven/u/system/soft/SLE_15/packages/x86_64/anaconda/3/2021.11/lib/python3.9/site-packages (from jinja2->torch>=1.11->linear_operator) (1.1.1)
Installing collected packages: torch
Successfully installed torch-2.5.1
Defaulting to user installation because normal site-packages is not writeable
Starting iteration 1
Starting Iteration 1 with Active Learning
Initial Training Points:
X Train: tensor([[0.4972, 0.8900, 0.3377, 0.1155]], device='cuda:0'), Shape: torch.Size([1, 4])
Y Train: tensor([0.0276], device='cuda:0'), Shape: torch.Size([1])
These training_points are used in the GP tensor([[0.4972, 0.8900, 0.3377, 0.1155]], device='cuda:0')
Iter 1 / 1000 - Loss (Train): 1.602 - Loss (Val): 2.506
Iter 101 / 1000 - Loss (Train): 1.072 - Loss (Val): 2.726
Iter 201 / 1000 - Loss (Train): 1.011 - Loss (Val): 2.710
Iter 301 / 1000 - Loss (Train): 0.984 - Loss (Val): 2.683
Iter 401 / 1000 - Loss (Train): 0.971 - Loss (Val): 2.678
Iter 501 / 1000 - Loss (Train): 0.963 - Loss (Val): 2.681
Iter 601 / 1000 - Loss (Train): 0.958 - Loss (Val): 2.661
Iter 701 / 1000 - Loss (Train): 0.955 - Loss (Val): 2.666
Iter 801 / 1000 - Loss (Train): 0.953 - Loss (Val): 2.666
Iter 901 / 1000 - Loss (Train): 0.951 - Loss (Val): 2.656
best model parameters:  OrderedDict([('likelihood.noise_covar.raw_noise', tensor([-4.3310], device='cuda:0')), ('likelihood.noise_covar.raw_noise_constraint.lower_bound', tensor(1.0000e-04, device='cuda:0')), ('likelihood.noise_covar.raw_noise_constraint.upper_bound', tensor(inf, device='cuda:0')), ('mean_module.weights', tensor([[-0.3071],
        [-0.3071],
        [-0.3071],
        [-0.3071]], device='cuda:0')), ('mean_module.bias', tensor([0.5929], device='cuda:0')), ('covar_module.raw_lengthscale', tensor([[-5.2958]], device='cuda:0')), ('covar_module.raw_lengthscale_constraint.lower_bound', tensor(0.1000, device='cuda:0')), ('covar_module.raw_lengthscale_constraint.upper_bound', tensor(inf, device='cuda:0')), ('task_covar_module.covar_factor', tensor([[0.3367]], device='cuda:0')), ('task_covar_module.raw_var', tensor([0.1288], device='cuda:0')), ('task_covar_module.IndexKernelPrior.a', tensor([0.], device='cuda:0')), ('task_covar_module.IndexKernelPrior.b', tensor([1.], device='cuda:0')), ('task_covar_module.IndexKernelPrior.sigma', tensor([0.0100], device='cuda:0')), ('task_covar_module.IndexKernelPrior.tails.loc', tensor([0.], device='cuda:0')), ('task_covar_module.IndexKernelPrior.tails.scale', tensor([0.0100], device='cuda:0')), ('task_covar_module.raw_var_constraint.lower_bound', tensor(0., device='cuda:0')), ('task_covar_module.raw_var_constraint.upper_bound', tensor(inf, device='cuda:0'))])
Plot saved to /raven/u/dvoss/al_pmssmwithgp/model/plots/plots_two_circles/Iter1/loss_plot_two_circles4D_raven.png
Likelihood MultivariateNormal(loc: torch.Size([2401]))
Mean:  tensor([[ 0.5929],
        [ 0.5417],
        [ 0.4905],
        ...,
        [-0.5333],
        [-0.5845],
        [-0.6357]], device='cuda:0')
Variance:  tensor([[1.0132],
        [1.0132],
        [1.0132],
        ...,
        [1.0132],
        [1.0132],
        [1.0132]], device='cuda:0')
Entropy:  tensor([0.0397, 0.0410, 0.0347,  ..., 0.0417, 0.0438, 0.0411], device='cuda:0')
Selected points (indices): {640, 647, 1032, 1422, 1439, 1061, 2088, 940, 321, 2241, 713, 1997, 2127, 1360, 2257, 1876, 1374, 863, 1505, 617, 1906, 1779, 252}
Selected new x values (normalized): tensor([[0.6407, 0.9738, 0.6480, 0.3125],
        [0.9387, 0.1087, 0.0750, 0.2905],
        [0.2395, 0.4209, 0.2131, 0.1334],
        [0.1146, 0.2896, 0.2016, 0.8430],
        [0.1559, 0.4579, 0.2878, 0.9271],
        [0.1967, 0.3107, 0.5056, 0.9880],
        [0.2105, 0.3527, 0.2756, 0.5461],
        [0.5473, 0.3563, 0.0749, 0.1735],
        [0.0793, 0.6854, 0.0428, 0.9986],
        [0.0654, 0.4473, 0.0359, 0.0121],
        [0.6117, 0.5934, 0.3387, 0.0986],
        [0.3964, 0.4231, 0.8781, 0.0829],
        [0.0917, 0.9681, 0.4620, 0.4423],
        [0.1447, 0.5253, 0.1360, 0.4830],
        [0.3490, 0.9865, 0.2119, 0.9510],
        [0.0356, 0.0041, 0.1275, 0.0851],
        [0.9851, 0.9718, 0.8181, 0.6910],
        [0.4483, 0.7595, 0.4375, 0.0832],
        [0.0899, 0.3784, 0.8604, 0.7588],
        [0.1482, 0.8422, 0.1978, 0.0336],
        [0.2755, 0.4534, 0.6379, 0.9042],
        [0.0973, 0.0963, 0.8565, 0.3246],
        [0.1929, 0.6014, 0.2730, 0.6788]], device='cuda:0')
The shape of the input_data is: torch.Size([2401, 4])
The shape of the mean is: torch.Size([2401])
Shapes of TP, FP, FN, TN: 0, 0, 184, 2217
self.x_train shape: torch.Size([1, 4])
additional_x_train shape: torch.Size([23, 4])
additional_x_train: tensor([[0.6407, 0.9738, 0.6480, 0.3125],
        [0.9387, 0.1087, 0.0750, 0.2905],
        [0.2395, 0.4209, 0.2131, 0.1334],
        [0.1146, 0.2896, 0.2016, 0.8430],
        [0.1559, 0.4579, 0.2878, 0.9271],
        [0.1967, 0.3107, 0.5056, 0.9880],
        [0.2105, 0.3527, 0.2756, 0.5461],
        [0.5473, 0.3563, 0.0749, 0.1735],
        [0.0793, 0.6854, 0.0428, 0.9986],
        [0.0654, 0.4473, 0.0359, 0.0121],
        [0.6117, 0.5934, 0.3387, 0.0986],
        [0.3964, 0.4231, 0.8781, 0.0829],
        [0.0917, 0.9681, 0.4620, 0.4423],
        [0.1447, 0.5253, 0.1360, 0.4830],
        [0.3490, 0.9865, 0.2119, 0.9510],
        [0.0356, 0.0041, 0.1275, 0.0851],
        [0.9851, 0.9718, 0.8181, 0.6910],
        [0.4483, 0.7595, 0.4375, 0.0832],
        [0.0899, 0.3784, 0.8604, 0.7588],
        [0.1482, 0.8422, 0.1978, 0.0336],
        [0.2755, 0.4534, 0.6379, 0.9042],
        [0.0973, 0.0963, 0.8565, 0.3246],
        [0.1929, 0.6014, 0.2730, 0.6788]], device='cuda:0')
Training points after adding:  tensor([[0.1929, 0.6014, 0.2730, 0.6788],
        [0.1967, 0.3107, 0.5056, 0.9880],
        [0.0793, 0.6854, 0.0428, 0.9986],
        [0.4483, 0.7595, 0.4375, 0.0832],
        [0.3964, 0.4231, 0.8781, 0.0829],
        [0.0654, 0.4473, 0.0359, 0.0121],
        [0.9387, 0.1087, 0.0750, 0.2905],
        [0.0356, 0.0041, 0.1275, 0.0851],
        [0.5473, 0.3563, 0.0749, 0.1735],
        [0.1482, 0.8422, 0.1978, 0.0336],
        [0.0917, 0.9681, 0.4620, 0.4423],
        [0.0973, 0.0963, 0.8565, 0.3246],
        [0.1559, 0.4579, 0.2878, 0.9271],
        [0.6117, 0.5934, 0.3387, 0.0986],
        [0.2755, 0.4534, 0.6379, 0.9042],
        [0.2105, 0.3527, 0.2756, 0.5461],
        [0.4972, 0.8900, 0.3377, 0.1155],
        [0.1447, 0.5253, 0.1360, 0.4830],
        [0.2395, 0.4209, 0.2131, 0.1334],
        [0.9851, 0.9718, 0.8181, 0.6910],
        [0.6407, 0.9738, 0.6480, 0.3125],
        [0.0899, 0.3784, 0.8604, 0.7588],
        [0.1146, 0.2896, 0.2016, 0.8430],
        [0.3490, 0.9865, 0.2119, 0.9510]], device='cuda:0') torch.Size([24, 4])
Iteration 1 completed. Output saved to /raven/u/dvoss/al_pmssmwithgp/model/plots/plots_two_circles/Iter1
Completed iteration 1
Starting iteration 2
                                  
================================= 
Global information about the job: 
================================= 
  
Job owner: dvoss(54815)
Job name:  al_gp_iter
Node list: ravg1005
Job start: Sun Jan 19 17:47:08 CET 2025
Job end:   Sun Jan 19 17:59:10 CET 2025
Work dir:  /raven/u/dvoss/al_pmssmwithgp/model
Command:   /raven/u/dvoss/al_pmssmwithgp/model/slurm/single_job_two_circles_iteration.sbatch
  
  
  
==========================================================================================
Information on jobsteps (Note: MaxRSS/AveRSS is the maximum/average over all 
tasks of the per-task memory high-water marks; cf. "man sacct"): 
==========================================================================================
  
JobID            JobName NNodes NTasks  NCPUS       MaxRSS       AveRSS    Elapsed ExitCode
------------- ---------- ------ ------ ------ ------------ ------------ ---------- --------
15125819      al_gp_iter      1             4                             00:12:02      0:0
15125819.0    job_two_ci      1      1      4     2254.69M     2254.69M   00:10:19     0:15
  
Maximum memory per node: 2.364216 GB (defined as MaxRSS*Ntasks/NNodes)
CPU utilization: 38.1 %
  
