Defaulting to user installation because normal site-packages is not writeable
Requirement already satisfied: uproot in /raven/u/dvoss/.local/lib/python3.9/site-packages (5.3.10)
Requirement already satisfied: packaging in /raven/u/system/soft/SLE_15/packages/x86_64/anaconda/3/2021.11/lib/python3.9/site-packages (from uproot) (21.0)
Requirement already satisfied: fsspec in /raven/u/dvoss/.local/lib/python3.9/site-packages (from uproot) (2024.6.1)
Requirement already satisfied: awkward>=2.4.6 in /raven/u/dvoss/.local/lib/python3.9/site-packages (from uproot) (2.6.6)
Requirement already satisfied: typing-extensions>=4.1.0 in /raven/u/dvoss/.local/lib/python3.9/site-packages (from uproot) (4.12.2)
Requirement already satisfied: cramjam>=2.5.0 in /raven/u/dvoss/.local/lib/python3.9/site-packages (from uproot) (2.8.3)
Requirement already satisfied: numpy in /raven/u/dvoss/.local/lib/python3.9/site-packages (from uproot) (1.22.4)
Requirement already satisfied: importlib-metadata>=4.13.0 in /raven/u/dvoss/.local/lib/python3.9/site-packages (from awkward>=2.4.6->uproot) (8.0.0)
Requirement already satisfied: awkward-cpp==35 in /raven/u/dvoss/.local/lib/python3.9/site-packages (from awkward>=2.4.6->uproot) (35)
Requirement already satisfied: zipp>=0.5 in /raven/u/system/soft/SLE_15/packages/x86_64/anaconda/3/2021.11/lib/python3.9/site-packages (from importlib-metadata>=4.13.0->awkward>=2.4.6->uproot) (3.6.0)
Requirement already satisfied: pyparsing>=2.0.2 in /raven/u/system/soft/SLE_15/packages/x86_64/anaconda/3/2021.11/lib/python3.9/site-packages (from packaging->uproot) (3.0.4)
Defaulting to user installation because normal site-packages is not writeable
Collecting argparse
  Using cached argparse-1.4.0-py2.py3-none-any.whl (23 kB)
Installing collected packages: argparse
Successfully installed argparse-1.4.0
Defaulting to user installation because normal site-packages is not writeable
Requirement already satisfied: pyslha in /raven/u/dvoss/.local/lib/python3.9/site-packages (3.2.6)
Requirement already satisfied: tex2pix>=0.1.5 in /raven/u/dvoss/.local/lib/python3.9/site-packages (from pyslha) (0.3.1)
Defaulting to user installation because normal site-packages is not writeable
Requirement already satisfied: structlog in /raven/u/dvoss/.local/lib/python3.9/site-packages (24.4.0)
Defaulting to user installation because normal site-packages is not writeable
Requirement already satisfied: imageio[ffmpeg] in /raven/u/system/soft/SLE_15/packages/x86_64/anaconda/3/2021.11/lib/python3.9/site-packages (2.9.0)
Requirement already satisfied: Pillow in /raven/u/system/soft/SLE_15/packages/x86_64/anaconda/3/2021.11/lib/python3.9/site-packages (8.4.0)
Requirement already satisfied: numpy in /raven/u/dvoss/.local/lib/python3.9/site-packages (from imageio[ffmpeg]) (1.22.4)
Requirement already satisfied: imageio-ffmpeg in /raven/u/dvoss/.local/lib/python3.9/site-packages (from imageio[ffmpeg]) (0.5.1)
Requirement already satisfied: setuptools in /raven/u/system/soft/SLE_15/packages/x86_64/anaconda/3/2021.11/lib/python3.9/site-packages (from imageio-ffmpeg->imageio[ffmpeg]) (58.0.4)
Defaulting to user installation because normal site-packages is not writeable
Requirement already satisfied: seaborn in /raven/u/system/soft/SLE_15/packages/x86_64/anaconda/3/2021.11/lib/python3.9/site-packages (0.11.2)
Requirement already satisfied: numpy>=1.15 in /raven/u/dvoss/.local/lib/python3.9/site-packages (from seaborn) (1.22.4)
Requirement already satisfied: scipy>=1.0 in /raven/u/system/soft/SLE_15/packages/x86_64/anaconda/3/2021.11/lib/python3.9/site-packages (from seaborn) (1.7.1)
Requirement already satisfied: matplotlib>=2.2 in /raven/u/system/soft/SLE_15/packages/x86_64/anaconda/3/2021.11/lib/python3.9/site-packages (from seaborn) (3.4.3)
Requirement already satisfied: pandas>=0.23 in /raven/u/system/soft/SLE_15/packages/x86_64/anaconda/3/2021.11/lib/python3.9/site-packages (from seaborn) (1.3.4)
Requirement already satisfied: cycler>=0.10 in /raven/u/system/soft/SLE_15/packages/x86_64/anaconda/3/2021.11/lib/python3.9/site-packages (from matplotlib>=2.2->seaborn) (0.10.0)
Requirement already satisfied: pyparsing>=2.2.1 in /raven/u/system/soft/SLE_15/packages/x86_64/anaconda/3/2021.11/lib/python3.9/site-packages (from matplotlib>=2.2->seaborn) (3.0.4)
Requirement already satisfied: python-dateutil>=2.7 in /raven/u/system/soft/SLE_15/packages/x86_64/anaconda/3/2021.11/lib/python3.9/site-packages (from matplotlib>=2.2->seaborn) (2.8.2)
Requirement already satisfied: pillow>=6.2.0 in /raven/u/system/soft/SLE_15/packages/x86_64/anaconda/3/2021.11/lib/python3.9/site-packages (from matplotlib>=2.2->seaborn) (8.4.0)
Requirement already satisfied: kiwisolver>=1.0.1 in /raven/u/system/soft/SLE_15/packages/x86_64/anaconda/3/2021.11/lib/python3.9/site-packages (from matplotlib>=2.2->seaborn) (1.3.1)
Requirement already satisfied: six in /raven/u/system/soft/SLE_15/packages/x86_64/anaconda/3/2021.11/lib/python3.9/site-packages (from cycler>=0.10->matplotlib>=2.2->seaborn) (1.16.0)
Requirement already satisfied: pytz>=2017.3 in /raven/u/system/soft/SLE_15/packages/x86_64/anaconda/3/2021.11/lib/python3.9/site-packages (from pandas>=0.23->seaborn) (2021.3)
Defaulting to user installation because normal site-packages is not writeable
Defaulting to user installation because normal site-packages is not writeable
Starting iteration 1
Initial Training points:  tensor([[0.5426, 0.4563],
        [0.0668, 0.2798],
        [0.6534, 0.9329],
        [0.9961, 0.3144],
        [0.7694, 0.9097],
        [0.5738, 0.0434],
        [0.1026, 0.7071],
        [0.6998, 0.4839],
        [0.6612, 0.4442],
        [0.0491, 0.0363],
        [0.7923, 0.0407],
        [0.5187, 0.3328],
        [0.4259, 0.9471],
        [0.7882, 0.6177],
        [0.4116, 0.3689],
        [0.4810, 0.6120],
        [0.1816, 0.2061],
        [0.3213, 0.1651],
        [0.8455, 0.3618],
        [0.1869, 0.8634],
        [0.4173, 0.5094],
        [0.9890, 0.2969],
        [0.2366, 0.9503],
        [0.9168, 0.8160],
        [0.9184, 0.3230],
        [0.0913, 0.9721],
        [0.4637, 0.9874],
        [0.5022, 0.4087],
        [0.3137, 0.6559],
        [0.0473, 0.4057],
        [0.2417, 0.2573],
        [0.0955, 0.0827],
        [0.2382, 0.2636],
        [0.8078, 0.2715],
        [0.8950, 0.3986],
        [0.0432, 0.1849],
        [0.3019, 0.9538],
        [0.9806, 0.1029],
        [0.5395, 0.6252],
        [0.6263, 0.4417],
        [0.0055, 0.4235],
        [0.4849, 0.3720],
        [0.9883, 0.8683],
        [0.3752, 0.2805],
        [0.0970, 0.0206],
        [0.4619, 0.9181],
        [0.9630, 0.8645],
        [0.3418, 0.2769],
        [0.7989, 0.5235],
        [0.7988, 0.1091]], device='cuda:0') torch.Size([50, 2])
Model loaded from /u/dvoss/al_pmssmwithgp/model/plots/Iter10/model_checkpoint.pth
Likelihood MultivariateNormal(loc: torch.Size([2500]))
Mean:  tensor([[1.0442],
        [1.0888],
        [1.0942],
        ...,
        [0.3318],
        [0.3964],
        [0.4532]], device='cuda:0')
Variance:  tensor([[4.6813],
        [4.6544],
        [4.6412],
        ...,
        [4.7445],
        [4.7886],
        [4.8180]], device='cuda:0')
Selected points (indices): {1665, 1862, 2440, 11, 76, 2390, 2233, 2331, 2428, 2429}
Selected new x values (normalized): tensor([[0.6735, 0.3061],
        [0.7551, 0.2449],
        [0.9796, 0.8163],
        [0.0000, 0.2245],
        [0.0204, 0.5306],
        [0.9592, 0.8163],
        [0.8980, 0.6735],
        [0.9388, 0.6327],
        [0.9796, 0.5714],
        [0.9796, 0.5918]], device='cuda:0')
Corresponding new x values (unnormalized): tensor([[  693.8777,  -775.5101],
        [ 1020.4082, -1020.4081],
        [ 1918.3674,  1265.3062],
        [-2000.0000, -1102.0408],
        [-1918.3673,   122.4490],
        [ 1836.7349,  1265.3062],
        [ 1591.8367,   693.8777],
        [ 1755.1021,   530.6123],
        [ 1918.3674,   285.7141],
        [ 1918.3674,   367.3467]], device='cuda:0')
Plot saved to /u/dvoss/al_pmssmwithgp/model/plots/plots_test/gp_plot.png
Plot saved to /u/dvoss/al_pmssmwithgp/model/plots/plots_test/diff_plot.png
Plot saved to /u/dvoss/al_pmssmwithgp/model/plots/plots_test/pull_plot.png
Plot saved to /u/dvoss/al_pmssmwithgp/model/plots/plots_test/entropy_plot.png
Plot saved to /u/dvoss/al_pmssmwithgp/model/plots/plots_test/true_plot.png
M_1_filtered: 0       0.663142
1       0.839786
2       0.823654
3       0.367612
4       0.175591
          ...   
9995    0.797820
9996    0.127115
9997    0.445073
9998    0.277073
9999    0.279937
Name: IN_M_1, Length: 9998, dtype: float64
M_2_filtered: 0       0.086478
1       0.584164
2       0.472752
3       0.702623
4       0.461606
          ...   
9995    0.153824
9996    0.980067
9997    0.121931
9998    0.847017
9999    0.509738
Name: IN_M_2, Length: 9998, dtype: float64
M_1_filtered Shape: (9998,)
M_2_filtered Shape: (9998,)
X_true: 46      0.228854
138     0.096143
193     0.021463
234     0.831195
247     0.109146
          ...   
9574    0.665691
9701    0.850532
9794    0.848546
9922    0.536293
9979    0.940829
Name: IN_M_2, Length: 196, dtype: float64
X_true Shape: (196,)
Y_true: [ -1.0309536    3.5336866    3.5671825    3.4285963    3.5481796
  -2.0024805   -2.3364866    2.9957323    3.5695329    0.6241544
  -1.8915797    3.5577261    3.5015454    3.5624654   -1.2067544
   3.506558    -3.1681035   -3.2188756   -2.2942863   -3.4239542
  -1.6695417   -2.2225423   -1.192923     2.1785324   -2.1922371
  -2.072797     1.8137385    3.5671825    3.5577261    3.5263605
   3.5671825   -5.860436    -2.184802    -2.8824036    3.215537
   0.23638877   3.5481796   -1.3093333    3.5553482   -5.869247
  -1.255266    -1.3217558    3.5481796   -6.018493    -0.7031975
   3.5553482   -2.4651039   -3.5318756   -2.62647      3.1318645
  -1.195674    -2.3805466    1.0206507    3.5695329    3.5695329
  -2.4456859    3.5505748   -4.4159284    1.410987    -3.596604
   3.0244818   -0.9763946   -2.7449737    3.295837    -0.23677771
   3.5577261    0.90960175  -1.3406839   -3.812932     3.5695329
  -4.3820267    3.5648267   -3.0576077   -1.6964493   -2.6857996
  -4.2108784    3.5600986    3.5718775   -2.636893    -1.9252908
   3.5600986    3.5409594    3.538541     3.5671825   -3.3173158
  -2.4553478   -4.898423     3.5600986   -6.6076508    3.5457788
  -1.255266     0.53062826   3.543372    -4.564348     3.4939792
  -1.6347557    3.5481796   -1.796772     3.5409594   -8.055033
   2.6088436   -2.4651039   -3.3196173   -5.057989     3.543372
   3.48124     -1.89712     -1.978089    -1.8119621    3.5648267
  -1.6476591    3.543372    -2.3895965   -3.6955683    2.6149597
  -5.1702175   -2.371578   -12.681424    -9.856286     3.5409594
  -1.6519974   -3.4845788    3.5553482   -4.1941648    3.2580965
  -4.5174646    3.5288086    3.5624654    3.5553482    3.5336866
  -1.413323    -1.7525388    3.5624654    3.5481796   -2.9280736
   3.5553482    3.5409594    3.5263605   -2.3364866    3.5409594
  -5.0181637   -2.8603275   -2.6014404    3.5505748    3.5457788
  -2.4749563   -3.2506244    3.5481796   -1.6607312   -2.072797
  -2.3364866    3.5624654    3.5577261   -1.875141    -6.2659016
  -1.8378035    3.5361166   -1.9542783    3.4683366   -2.362689
  -1.4099042   -2.5319982   -2.728253    -2.327903    -1.243638
  -2.327903    -3.1901264    3.5457788   -1.9661129    3.5648267
  -2.3451447    3.5577261    3.5481796   -4.15622      3.5648267
  -2.4266376   -1.796772    -0.6668299   -1.9195927   -2.866167
   3.5481796   -2.794153    -4.788492    -1.7055818    0.44895017
   3.543372    -3.875209     3.5505748    3.0285223    3.5600986
  -2.3538783   -2.7055533   -2.417248     3.5361166   -2.9710398
  -0.96977943]
Y_true Shape: (196,)
Plot saved to /u/dvoss/al_pmssmwithgp/model/plots/plots_test/1DsliceM2_plot.png
M_1_filtered: 0       0.663142
1       0.839786
2       0.823654
3       0.367612
4       0.175591
          ...   
9995    0.797820
9996    0.127115
9997    0.445073
9998    0.277073
9999    0.279937
Name: IN_M_1, Length: 9998, dtype: float64
M_2_filtered: 0       0.086478
1       0.584164
2       0.472752
3       0.702623
4       0.461606
          ...   
9995    0.153824
9996    0.980067
9997    0.121931
9998    0.847017
9999    0.509738
Name: IN_M_2, Length: 9998, dtype: float64
M_1_filtered Shape: (9998,)
M_2_filtered Shape: (9998,)
X_true: 120     0.346333
188     0.564429
238     0.281235
250     0.259041
264     0.574943
          ...   
9863    0.242169
9950    0.229004
9952    0.868102
9961    0.354781
9963    0.630311
Name: IN_M_1, Length: 211, dtype: float64
X_true Shape: (211,)
Y_true: [ 5.646624    6.9077554   4.241327    1.9671124   6.681482    3.0719213
 -1.0239687  -1.0147308  -1.0055774   2.412933   11.768859    2.505526
 -0.95885026  6.1580377  -1.0216511  -0.9480394   2.1785324   3.3758795
 -0.92046607  5.695414    8.944637   -0.92465895  5.3148465   5.5281053
 -0.9373442   6.012084    6.303839   -0.5798185  -1.0170323   8.70919
 -0.91420954 -1.0262916   5.3898325  -0.93309784 -0.99425226 -0.96102667
  8.1266165  -0.9480394  -0.8915981   7.853605    0.72593695 -0.89771426
  1.6677067   4.232898    2.3592803  13.199325   -1.0216511   0.03278979
 10.109824    4.7805233  -1.0055774   6.1420374   1.410987   -1.0170323
 12.262768   -0.8956714  -1.0286199   3.8394523   1.8692348  -0.6023928
 -0.96977943  2.730029   -0.9100601  -0.9162907   6.4871764   6.3730354
 -0.85175216  5.358942   -0.97197956  5.44889     5.335131   -0.8956714
 -0.9653935   5.8697677   9.193533    6.4270277  -0.76571786 -0.9288695
 -0.9018126   6.3955398   5.59223    -0.7966575  -0.9480394  -0.8266786
  5.957563    5.8884163   8.562803    7.737035    2.412933   -0.99425226
  5.59223     7.0831084   8.472893   -0.95019233 -0.9653935   7.457802
 -0.9038682  -0.926762    6.4189086   5.997695   -0.89771426  2.5839977
  2.6088436  -1.0332928  -0.30561975  5.6228137   3.2802844   6.9242845
  6.294651    6.972294    3.191847   -0.89771426  7.6050606  -0.92465895
 -1.0124346  -0.99650705  2.6741486  -1.0170323   6.7549925   6.565265
  9.1049795   1.7167964  -0.9786095   9.716153   -0.9653935   2.5776885
  0.04879023 -0.9808292   3.3758795   5.59223    -0.94160855  5.1357985
  7.137543    3.1135154  -0.92465895  2.130214   -0.99650705 -0.926762
  3.0641694   5.100882   -1.0286199  -0.89976144  4.787492    0.7137665
  7.279319   -0.9830539   7.3187604   1.9021076  -0.9100601  -0.926762
  5.4197974   6.342708    5.386023    4.63796     5.441696   -0.9437475
 -0.9352187   7.3351994   5.85316     5.3783603  -1.0078579   6.185866
  4.1324964   4.8216248   4.518159    1.621037    6.5850215  -0.97197956
 -0.90592784 -0.96977943 -0.88754123 -0.9830539  11.972458    8.939188
  2.9132562  -0.8956714   5.0647025  -0.99650705 -0.89363265  5.5574713
 -0.9373442  -0.8040787  -0.95667875 -0.9183762   4.207177    8.1266165
  6.381534   -0.9437475   5.5412636   8.2361555  -0.9100601  -1.0216511
  2.9789252  -0.9897579  -0.9373442   4.266195    6.0657215  -0.9437475
  0.9994056   0.94908065  2.335375   -0.8956714   8.121678    5.524789
  8.59261    -1.0262916   6.3772936  -0.8956714   1.6677067   5.8837867
  7.0402446 ]
Y_true Shape: (211,)
Plot saved to /u/dvoss/al_pmssmwithgp/model/plots/plots_test/1DsliceM1_plot.png
Note: detected 144 virtual cores but NumExpr set to maximum of 64, check "NUMEXPR_MAX_THREADS" environment variable.
Note: NumExpr detected 144 cores but "NUMEXPR_MAX_THREADS" not set, so enforcing safe limit of 8.
NumExpr defaulting to 8 threads.

  ___              ____ __  __          _       _   ___            
 | _ \ _  _  _ _  |__ /|  \/  | ___  __| | ___ | | / __| ___  _ _  
 |   /| || || ' \  |_ \| |\/| |/ _ \/ _` |/ -_)| || (_ |/ -_)| ' \ 
 |_|_\ \_,_||_||_||___/|_|  |_|\___/\__,_|\___||_| \___|\___||_||_|
                                                                   

2024-10-15 15:59:42 [info     ] Initialised ModelGenerator with: [Run3ModelGen.modelgen]
2024-10-15 15:59:42 [info     ] 	config_file = /u/dvoss/al_pmssmwithgp/Run3ModelGen/source/Run3ModelGen/data/new_config.yaml [Run3ModelGen.modelgen]
2024-10-15 15:59:42 [info     ] 	scan_dir = /u/dvoss/al_pmssmwithgp/Run3ModelGen/source/Run3ModelGen/scans/scan_1 [Run3ModelGen.modelgen]
2024-10-15 15:59:42 [info     ] 	rawfilen = /u/dvoss/al_pmssmwithgp/Run3ModelGen/source/Run3ModelGen/data/raw.slha [Run3ModelGen.modelgen]
2024-10-15 15:59:42 [info     ] 	seed = 123                    [Run3ModelGen.modelgen]
2024-10-15 15:59:42 [info     ] 	points = {}                   [Run3ModelGen.modelgen]
2024-10-15 15:59:42 [info     ] 	prior = fixed                 [Run3ModelGen.modelgen]
2024-10-15 15:59:42 [info     ] 	num_models = 10               [Run3ModelGen.modelgen]
2024-10-15 15:59:42 [info     ] 	isGMSB = False                [Run3ModelGen.modelgen]
2024-10-15 15:59:42 [info     ] 	parameters =                  [Run3ModelGen.modelgen]
2024-10-15 15:59:42 [info     ] 		tanb: [60, 60, 60, 60, 60, 60, 60, 60, 60, 60] [Run3ModelGen.modelgen]
2024-10-15 15:59:42 [info     ] 		M_1: [-693.88, 1346.94, 857.14, 2000.0, 1673.47, 1836.73, -1591.84, 1836.73, -1591.84, -1265.31] [Run3ModelGen.modelgen]
2024-10-15 15:59:42 [info     ] 		M_2: [612.24, 857.14, -612.24, -122.45, 857.14, -2000.0, -285.71, -1836.73, -204.08, -693.88] [Run3ModelGen.modelgen]
2024-10-15 15:59:42 [info     ] 		M_3: [4000, 4000, 4000, 4000, 4000, 4000, 4000, 4000, 4000, 4000] [Run3ModelGen.modelgen]
2024-10-15 15:59:42 [info     ] 		AT: [4000, 4000, 4000, 4000, 4000, 4000, 4000, 4000, 4000, 4000] [Run3ModelGen.modelgen]
2024-10-15 15:59:42 [info     ] 		Ab: [2000, 2000, 2000, 2000, 2000, 2000, 2000, 2000, 2000, 2000] [Run3ModelGen.modelgen]
2024-10-15 15:59:42 [info     ] 		Atau: [2000, 2000, 2000, 2000, 2000, 2000, 2000, 2000, 2000, 2000] [Run3ModelGen.modelgen]
2024-10-15 15:59:42 [info     ] 		mu: [2000, 2000, 2000, 2000, 2000, 2000, 2000, 2000, 2000, 2000] [Run3ModelGen.modelgen]
2024-10-15 15:59:42 [info     ] 		mA: [2000, 2000, 2000, 2000, 2000, 2000, 2000, 2000, 2000, 2000] [Run3ModelGen.modelgen]
2024-10-15 15:59:42 [info     ] 		meL: [2000, 2000, 2000, 2000, 2000, 2000, 2000, 2000, 2000, 2000] [Run3ModelGen.modelgen]
2024-10-15 15:59:42 [info     ] 		mtauL: [2000, 2000, 2000, 2000, 2000, 2000, 2000, 2000, 2000, 2000] [Run3ModelGen.modelgen]
2024-10-15 15:59:42 [info     ] 		meR: [2000, 2000, 2000, 2000, 2000, 2000, 2000, 2000, 2000, 2000] [Run3ModelGen.modelgen]
2024-10-15 15:59:42 [info     ] 		mtauR: [2000, 2000, 2000, 2000, 2000, 2000, 2000, 2000, 2000, 2000] [Run3ModelGen.modelgen]
2024-10-15 15:59:42 [info     ] 		mqL1: [4000, 4000, 4000, 4000, 4000, 4000, 4000, 4000, 4000, 4000] [Run3ModelGen.modelgen]
2024-10-15 15:59:42 [info     ] 		mqL3: [4000, 4000, 4000, 4000, 4000, 4000, 4000, 4000, 4000, 4000] [Run3ModelGen.modelgen]
2024-10-15 15:59:42 [info     ] 		muR: [4000, 4000, 4000, 4000, 4000, 4000, 4000, 4000, 4000, 4000] [Run3ModelGen.modelgen]
2024-10-15 15:59:42 [info     ] 		mtR: [4000, 4000, 4000, 4000, 4000, 4000, 4000, 4000, 4000, 4000] [Run3ModelGen.modelgen]
2024-10-15 15:59:42 [info     ] 		mdR: [4000, 4000, 4000, 4000, 4000, 4000, 4000, 4000, 4000, 4000] [Run3ModelGen.modelgen]
2024-10-15 15:59:42 [info     ] 		mbR: [4000, 4000, 4000, 4000, 4000, 4000, 4000, 4000, 4000, 4000] [Run3ModelGen.modelgen]
2024-10-15 15:59:42 [info     ] 	steps =                       [Run3ModelGen.modelgen]
2024-10-15 15:59:42 [info     ] 		{'name': 'prep_input', 'output_dir': 'input', 'prefix': 'IN'} [Run3ModelGen.modelgen]
2024-10-15 15:59:42 [info     ] 		{'name': 'SPheno', 'input_dir': 'input', 'output_dir': 'SPheno', 'log_dir': 'SPheno_log', 'prefix': 'SP'} [Run3ModelGen.modelgen]
2024-10-15 15:59:42 [info     ] 		{'name': 'softsusy', 'input_dir': 'input', 'output_dir': 'softsusy', 'prefix': 'SS'} [Run3ModelGen.modelgen]
2024-10-15 15:59:42 [info     ] 		{'name': 'micromegas', 'input_dir': 'SPheno', 'output_dir': 'micromegas', 'prefix': 'MO'} [Run3ModelGen.modelgen]
2024-10-15 15:59:42 [info     ] 		{'name': 'superiso', 'input_dir': 'SPheno', 'output_dir': 'superiso', 'prefix': 'SI'} [Run3ModelGen.modelgen]
2024-10-15 15:59:42 [info     ] 		{'name': 'gm2calc', 'input_dir': 'SPheno', 'output_dir': 'gm2calc', 'prefix': 'GM2'} [Run3ModelGen.modelgen]
2024-10-15 15:59:42 [info     ] 		{'name': 'evade', 'input_dir': 'SPheno', 'output_dir': 'evade', 'prefix': 'EV'} [Run3ModelGen.modelgen]
2024-10-15 15:59:42 [info     ] Starting Model Generation...   [Run3ModelGen.modelgen]
2024-10-15 15:59:42 [info     ] Setting up output directories for scan [Run3ModelGen.modelgen]
2024-10-15 15:59:42 [info     ] Generating Model: 0.slha (1/10) [Run3ModelGen.modelgen]
2024-10-15 15:59:42 [info     ] 	running step: prep_input      [Run3ModelGen.modelgen]
2024-10-15 15:59:42 [info     ] 	running step: SPheno          [Run3ModelGen.modelgen]
2024-10-15 15:59:43 [info     ] 	running step: softsusy        [Run3ModelGen.modelgen]
2024-10-15 15:59:43 [info     ] 	running step: micromegas      [Run3ModelGen.modelgen]
2024-10-15 15:59:43 [info     ] 	running step: superiso        [Run3ModelGen.modelgen]
2024-10-15 15:59:43 [info     ] 	running step: gm2calc         [Run3ModelGen.modelgen]
2024-10-15 15:59:43 [info     ] 	running step: evade           [Run3ModelGen.modelgen]
2024-10-15 15:59:43 [info     ] Generating Model: 1.slha (2/10) [Run3ModelGen.modelgen]
2024-10-15 15:59:43 [info     ] 	running step: prep_input      [Run3ModelGen.modelgen]
2024-10-15 15:59:43 [info     ] 	running step: SPheno          [Run3ModelGen.modelgen]
2024-10-15 15:59:44 [info     ] 	running step: softsusy        [Run3ModelGen.modelgen]
2024-10-15 15:59:44 [info     ] 	running step: micromegas      [Run3ModelGen.modelgen]
2024-10-15 15:59:44 [info     ] 	running step: superiso        [Run3ModelGen.modelgen]
2024-10-15 15:59:44 [info     ] 	running step: gm2calc         [Run3ModelGen.modelgen]
2024-10-15 15:59:44 [info     ] 	running step: evade           [Run3ModelGen.modelgen]
2024-10-15 15:59:44 [info     ] Generating Model: 2.slha (3/10) [Run3ModelGen.modelgen]
2024-10-15 15:59:44 [info     ] 	running step: prep_input      [Run3ModelGen.modelgen]
2024-10-15 15:59:44 [info     ] 	running step: SPheno          [Run3ModelGen.modelgen]
2024-10-15 15:59:44 [info     ] 	running step: softsusy        [Run3ModelGen.modelgen]
2024-10-15 15:59:45 [info     ] 	running step: micromegas      [Run3ModelGen.modelgen]
2024-10-15 15:59:45 [info     ] 	running step: superiso        [Run3ModelGen.modelgen]
2024-10-15 15:59:45 [info     ] 	running step: gm2calc         [Run3ModelGen.modelgen]
2024-10-15 15:59:45 [info     ] 	running step: evade           [Run3ModelGen.modelgen]
2024-10-15 15:59:45 [info     ] Generating Model: 3.slha (4/10) [Run3ModelGen.modelgen]
2024-10-15 15:59:45 [info     ] 	running step: prep_input      [Run3ModelGen.modelgen]
2024-10-15 15:59:45 [info     ] 	running step: SPheno          [Run3ModelGen.modelgen]
2024-10-15 15:59:45 [info     ] 	running step: softsusy        [Run3ModelGen.modelgen]
2024-10-15 15:59:45 [info     ] 	running step: micromegas      [Run3ModelGen.modelgen]
2024-10-15 15:59:45 [info     ] 	running step: superiso        [Run3ModelGen.modelgen]
2024-10-15 15:59:46 [info     ] 	running step: gm2calc         [Run3ModelGen.modelgen]
2024-10-15 15:59:46 [info     ] 	running step: evade           [Run3ModelGen.modelgen]
2024-10-15 15:59:46 [info     ] Generating Model: 4.slha (5/10) [Run3ModelGen.modelgen]
2024-10-15 15:59:46 [info     ] 	running step: prep_input      [Run3ModelGen.modelgen]
2024-10-15 15:59:46 [info     ] 	running step: SPheno          [Run3ModelGen.modelgen]
2024-10-15 15:59:46 [info     ] 	running step: softsusy        [Run3ModelGen.modelgen]
2024-10-15 15:59:46 [info     ] 	running step: micromegas      [Run3ModelGen.modelgen]
2024-10-15 15:59:46 [info     ] 	running step: superiso        [Run3ModelGen.modelgen]
2024-10-15 15:59:47 [info     ] 	running step: gm2calc         [Run3ModelGen.modelgen]
2024-10-15 15:59:47 [info     ] 	running step: evade           [Run3ModelGen.modelgen]
2024-10-15 15:59:47 [info     ] Generating Model: 5.slha (6/10) [Run3ModelGen.modelgen]
2024-10-15 15:59:47 [info     ] 	running step: prep_input      [Run3ModelGen.modelgen]
2024-10-15 15:59:47 [info     ] 	running step: SPheno          [Run3ModelGen.modelgen]
2024-10-15 15:59:47 [info     ] 	running step: softsusy        [Run3ModelGen.modelgen]
2024-10-15 15:59:47 [info     ] 	running step: micromegas      [Run3ModelGen.modelgen]
2024-10-15 15:59:48 [info     ] 	running step: superiso        [Run3ModelGen.modelgen]
2024-10-15 15:59:49 [info     ] 	running step: gm2calc         [Run3ModelGen.modelgen]
2024-10-15 15:59:49 [info     ] 	running step: evade           [Run3ModelGen.modelgen]
2024-10-15 15:59:49 [info     ] Generating Model: 6.slha (7/10) [Run3ModelGen.modelgen]
2024-10-15 15:59:49 [info     ] 	running step: prep_input      [Run3ModelGen.modelgen]
2024-10-15 15:59:49 [info     ] 	running step: SPheno          [Run3ModelGen.modelgen]
2024-10-15 15:59:49 [info     ] 	running step: softsusy        [Run3ModelGen.modelgen]
2024-10-15 15:59:49 [info     ] 	running step: micromegas      [Run3ModelGen.modelgen]
2024-10-15 15:59:49 [info     ] 	running step: superiso        [Run3ModelGen.modelgen]
2024-10-15 15:59:49 [info     ] 	running step: gm2calc         [Run3ModelGen.modelgen]
2024-10-15 15:59:49 [info     ] 	running step: evade           [Run3ModelGen.modelgen]
2024-10-15 15:59:49 [info     ] Generating Model: 7.slha (8/10) [Run3ModelGen.modelgen]
2024-10-15 15:59:49 [info     ] 	running step: prep_input      [Run3ModelGen.modelgen]
2024-10-15 15:59:49 [info     ] 	running step: SPheno          [Run3ModelGen.modelgen]
2024-10-15 15:59:50 [info     ] 	running step: softsusy        [Run3ModelGen.modelgen]
2024-10-15 15:59:50 [info     ] 	running step: micromegas      [Run3ModelGen.modelgen]
2024-10-15 15:59:51 [info     ] 	running step: superiso        [Run3ModelGen.modelgen]
2024-10-15 15:59:51 [info     ] 	running step: gm2calc         [Run3ModelGen.modelgen]
2024-10-15 15:59:51 [info     ] 	running step: evade           [Run3ModelGen.modelgen]
2024-10-15 15:59:51 [info     ] Generating Model: 8.slha (9/10) [Run3ModelGen.modelgen]
2024-10-15 15:59:51 [info     ] 	running step: prep_input      [Run3ModelGen.modelgen]
2024-10-15 15:59:53 [info     ] 	running step: SPheno          [Run3ModelGen.modelgen]
2024-10-15 15:59:55 [info     ] 	running step: softsusy        [Run3ModelGen.modelgen]
2024-10-15 15:59:55 [info     ] 	running step: micromegas      [Run3ModelGen.modelgen]
2024-10-15 16:00:25 [info     ] 	running step: superiso        [Run3ModelGen.modelgen]
2024-10-15 16:00:25 [info     ] 	running step: gm2calc         [Run3ModelGen.modelgen]
2024-10-15 16:00:25 [info     ] 	running step: evade           [Run3ModelGen.modelgen]
2024-10-15 16:00:25 [info     ] Generating Model: 9.slha (10/10) [Run3ModelGen.modelgen]
2024-10-15 16:00:25 [info     ] 	running step: prep_input      [Run3ModelGen.modelgen]
2024-10-15 16:00:25 [info     ] 	running step: SPheno          [Run3ModelGen.modelgen]
2024-10-15 16:00:25 [info     ] 	running step: softsusy        [Run3ModelGen.modelgen]
2024-10-15 16:00:25 [info     ] 	running step: micromegas      [Run3ModelGen.modelgen]
2024-10-15 16:00:25 [info     ] 	running step: superiso        [Run3ModelGen.modelgen]
2024-10-15 16:00:25 [info     ] 	running step: gm2calc         [Run3ModelGen.modelgen]
2024-10-15 16:00:26 [info     ] 	running step: evade           [Run3ModelGen.modelgen]
2024-10-15 16:00:26 [info     ] Finished generating models! Stats for successful generations (successful/attempted): [Run3ModelGen.modelgen]
2024-10-15 16:00:26 [info     ] 	prep_input: 10/10.            [Run3ModelGen.modelgen]
2024-10-15 16:00:26 [info     ] 	SPheno: 10/10.                [Run3ModelGen.modelgen]
2024-10-15 16:00:26 [info     ] 	softsusy: 10/10.              [Run3ModelGen.modelgen]
2024-10-15 16:00:26 [info     ] 	micromegas: 10/10.            [Run3ModelGen.modelgen]
2024-10-15 16:00:26 [info     ] 	superiso: 10/10.              [Run3ModelGen.modelgen]
2024-10-15 16:00:26 [info     ] 	gm2calc: 10/10.               [Run3ModelGen.modelgen]
2024-10-15 16:00:26 [info     ] 	evade: 0/10.                  [Run3ModelGen.modelgen]
2024-10-15 16:00:26 [info     ] Will make NTuple for: /u/dvoss/al_pmssmwithgp/Run3ModelGen/source/Run3ModelGen/scans/scan_1, with 10 models [Run3ModelGen.ntupling]
2024-10-15 16:00:26 [info     ] 	Filling values for model: 0   [Run3ModelGen.ntupling]
2024-10-15 16:00:26 [info     ] Saving NTuple in /u/dvoss/al_pmssmwithgp/Run3ModelGen/source/Run3ModelGen/scans/scan_1/ntuple.0.0.root ... [Run3ModelGen.ntupling]
Completed iteration 1
Starting iteration 2
Initial Training points:  tensor([[0.5426, 0.4563],
        [0.0668, 0.2798],
        [0.6534, 0.9329],
        [0.9961, 0.3144],
        [0.7694, 0.9097],
        [0.5738, 0.0434],
        [0.1026, 0.7071],
        [0.6998, 0.4839],
        [0.6612, 0.4442],
        [0.0491, 0.0363],
        [0.7923, 0.0407],
        [0.5187, 0.3328],
        [0.4259, 0.9471],
        [0.7882, 0.6177],
        [0.4116, 0.3689],
        [0.4810, 0.6120],
        [0.1816, 0.2061],
        [0.3213, 0.1651],
        [0.8455, 0.3618],
        [0.1869, 0.8634],
        [0.4173, 0.5094],
        [0.9890, 0.2969],
        [0.2366, 0.9503],
        [0.9168, 0.8160],
        [0.9184, 0.3230],
        [0.0913, 0.9721],
        [0.4637, 0.9874],
        [0.5022, 0.4087],
        [0.3137, 0.6559],
        [0.0473, 0.4057],
        [0.2417, 0.2573],
        [0.0955, 0.0827],
        [0.2382, 0.2636],
        [0.8078, 0.2715],
        [0.8950, 0.3986],
        [0.0432, 0.1849],
        [0.3019, 0.9538],
        [0.9806, 0.1029],
        [0.5395, 0.6252],
        [0.6263, 0.4417],
        [0.0055, 0.4235],
        [0.4849, 0.3720],
        [0.9883, 0.8683],
        [0.3752, 0.2805],
        [0.0970, 0.0206],
        [0.4619, 0.9181],
        [0.9630, 0.8645],
        [0.3418, 0.2769],
        [0.7989, 0.5235],
        [0.7988, 0.1091]], device='cuda:0') torch.Size([50, 2])
Error during GP model script execution
                                  
================================= 
Global information about the job: 
================================= 
  
Job owner: dvoss(54815)
Job name:  al_gp_iter
Node list: ravg1095
Job start: Tue Oct 15 15:57:52 CEST 2024
Job end:   Tue Oct 15 16:00:49 CEST 2024
Work dir:  /raven/u/dvoss/al_pmssmwithgp/model
Command:   /raven/u/dvoss/al_pmssmwithgp/model/slurm/single_job.sbatch
  
  
  
==========================================================================================
Information on jobsteps (Note: MaxRSS/AveRSS is the maximum/average over all 
tasks of the per-task memory high-water marks; cf. "man sacct"): 
==========================================================================================
  
JobID            JobName NNodes NTasks  NCPUS       MaxRSS       AveRSS    Elapsed ExitCode
------------- ---------- ------ ------ ------ ------------ ------------ ---------- --------
13274946      al_gp_iter      1             4                             00:02:57      1:0
13274946.0        job.sh      1      1      4     2537.36M     2537.36M   00:02:38      1:0
  
Maximum memory per node: 2.660615 GB (defined as MaxRSS*Ntasks/NNodes)
CPU utilization: 19.5 %
  
