Loading pytorch/gpu-cuda-11.6/2.0.0
  Loading requirement: cudnn/8.8.1
Loading gpytorch/gpu-cuda-11.6/pytorch-1.11.0/1.8.0
  Loading requirement: cudnn/8.4.1 pytorch/gpu-cuda-11.6/1.11.0
ERROR: Could not find a version that satisfies the requirement scipy.stats (from versions: none)
ERROR: No matching distribution found for scipy.stats
ERROR: Could not find a version that satisfies the requirement scipy.interpolate (from versions: none)
ERROR: No matching distribution found for scipy.interpolate
Traceback (most recent call last):
  File "/u/dvoss/al_pmssmwithgp/model/GPmodelRealData.py", line 1159, in <module>
    gp_pipeline = GPModelPipeline(
  File "/u/dvoss/al_pmssmwithgp/model/GPmodelRealData.py", line 104, in __init__
    self.load_initial_data()
  File "/u/dvoss/al_pmssmwithgp/model/GPmodelRealData.py", line 134, in load_initial_data
    print(np.array([data for data in self.y_train if data < 0.05]).shape) 
  File "/mpcdf/soft/SLE_15/packages/skylake/pytorch/gpu-cuda-11.6/anaconda_3_2021.11-2021.11/1.11.0/lib/python3.9/site-packages/torch/_tensor.py", line 732, in __array__
    return self.numpy()
TypeError: can't convert cuda:0 device type tensor to numpy. Use Tensor.cpu() to copy the tensor to host memory first.
srun: error: ravg1021: task 0: Exited with exit code 1
srun: Terminating StepId=15729302.0
