Defaulting to user installation because normal site-packages is not writeable
Requirement already satisfied: uproot in /raven/u/dvoss/.local/lib/python3.9/site-packages (5.3.10)
Requirement already satisfied: cramjam>=2.5.0 in /raven/u/dvoss/.local/lib/python3.9/site-packages (from uproot) (2.8.3)
Requirement already satisfied: fsspec in /raven/u/dvoss/.local/lib/python3.9/site-packages (from uproot) (2024.6.1)
Requirement already satisfied: typing-extensions>=4.1.0 in /raven/u/dvoss/.local/lib/python3.9/site-packages (from uproot) (4.12.2)
Requirement already satisfied: packaging in /raven/u/system/soft/SLE_15/packages/x86_64/anaconda/3/2021.11/lib/python3.9/site-packages (from uproot) (21.0)
Requirement already satisfied: awkward>=2.4.6 in /raven/u/dvoss/.local/lib/python3.9/site-packages (from uproot) (2.6.6)
Requirement already satisfied: numpy in /raven/u/dvoss/.local/lib/python3.9/site-packages (from uproot) (1.22.4)
Requirement already satisfied: awkward-cpp==35 in /raven/u/dvoss/.local/lib/python3.9/site-packages (from awkward>=2.4.6->uproot) (35)
Requirement already satisfied: importlib-metadata>=4.13.0 in /raven/u/dvoss/.local/lib/python3.9/site-packages (from awkward>=2.4.6->uproot) (8.0.0)
Requirement already satisfied: zipp>=0.5 in /raven/u/system/soft/SLE_15/packages/x86_64/anaconda/3/2021.11/lib/python3.9/site-packages (from importlib-metadata>=4.13.0->awkward>=2.4.6->uproot) (3.6.0)
Requirement already satisfied: pyparsing>=2.0.2 in /raven/u/system/soft/SLE_15/packages/x86_64/anaconda/3/2021.11/lib/python3.9/site-packages (from packaging->uproot) (3.0.4)
Defaulting to user installation because normal site-packages is not writeable
Collecting argparse
  Using cached argparse-1.4.0-py2.py3-none-any.whl (23 kB)
Installing collected packages: argparse
Successfully installed argparse-1.4.0
Defaulting to user installation because normal site-packages is not writeable
Requirement already satisfied: pyslha in /raven/u/dvoss/.local/lib/python3.9/site-packages (3.2.6)
Requirement already satisfied: tex2pix>=0.1.5 in /raven/u/dvoss/.local/lib/python3.9/site-packages (from pyslha) (0.3.1)
Defaulting to user installation because normal site-packages is not writeable
Requirement already satisfied: structlog in /raven/u/dvoss/.local/lib/python3.9/site-packages (24.4.0)
Defaulting to user installation because normal site-packages is not writeable
Requirement already satisfied: imageio[ffmpeg] in /raven/u/system/soft/SLE_15/packages/x86_64/anaconda/3/2021.11/lib/python3.9/site-packages (2.9.0)
Requirement already satisfied: Pillow in /raven/u/system/soft/SLE_15/packages/x86_64/anaconda/3/2021.11/lib/python3.9/site-packages (8.4.0)
Requirement already satisfied: numpy in /raven/u/dvoss/.local/lib/python3.9/site-packages (from imageio[ffmpeg]) (1.22.4)
Requirement already satisfied: imageio-ffmpeg in /raven/u/dvoss/.local/lib/python3.9/site-packages (from imageio[ffmpeg]) (0.5.1)
Requirement already satisfied: setuptools in /raven/u/system/soft/SLE_15/packages/x86_64/anaconda/3/2021.11/lib/python3.9/site-packages (from imageio-ffmpeg->imageio[ffmpeg]) (58.0.4)
Defaulting to user installation because normal site-packages is not writeable
Requirement already satisfied: seaborn in /raven/u/system/soft/SLE_15/packages/x86_64/anaconda/3/2021.11/lib/python3.9/site-packages (0.11.2)
Requirement already satisfied: numpy>=1.15 in /raven/u/dvoss/.local/lib/python3.9/site-packages (from seaborn) (1.22.4)
Requirement already satisfied: pandas>=0.23 in /raven/u/system/soft/SLE_15/packages/x86_64/anaconda/3/2021.11/lib/python3.9/site-packages (from seaborn) (1.3.4)
Requirement already satisfied: matplotlib>=2.2 in /raven/u/system/soft/SLE_15/packages/x86_64/anaconda/3/2021.11/lib/python3.9/site-packages (from seaborn) (3.4.3)
Requirement already satisfied: scipy>=1.0 in /raven/u/system/soft/SLE_15/packages/x86_64/anaconda/3/2021.11/lib/python3.9/site-packages (from seaborn) (1.7.1)
Requirement already satisfied: pyparsing>=2.2.1 in /raven/u/system/soft/SLE_15/packages/x86_64/anaconda/3/2021.11/lib/python3.9/site-packages (from matplotlib>=2.2->seaborn) (3.0.4)
Requirement already satisfied: python-dateutil>=2.7 in /raven/u/system/soft/SLE_15/packages/x86_64/anaconda/3/2021.11/lib/python3.9/site-packages (from matplotlib>=2.2->seaborn) (2.8.2)
Requirement already satisfied: cycler>=0.10 in /raven/u/system/soft/SLE_15/packages/x86_64/anaconda/3/2021.11/lib/python3.9/site-packages (from matplotlib>=2.2->seaborn) (0.10.0)
Requirement already satisfied: kiwisolver>=1.0.1 in /raven/u/system/soft/SLE_15/packages/x86_64/anaconda/3/2021.11/lib/python3.9/site-packages (from matplotlib>=2.2->seaborn) (1.3.1)
Requirement already satisfied: pillow>=6.2.0 in /raven/u/system/soft/SLE_15/packages/x86_64/anaconda/3/2021.11/lib/python3.9/site-packages (from matplotlib>=2.2->seaborn) (8.4.0)
Requirement already satisfied: six in /raven/u/system/soft/SLE_15/packages/x86_64/anaconda/3/2021.11/lib/python3.9/site-packages (from cycler>=0.10->matplotlib>=2.2->seaborn) (1.16.0)
Requirement already satisfied: pytz>=2017.3 in /raven/u/system/soft/SLE_15/packages/x86_64/anaconda/3/2021.11/lib/python3.9/site-packages (from pandas>=0.23->seaborn) (2021.3)
Defaulting to user installation because normal site-packages is not writeable
Defaulting to user installation because normal site-packages is not writeable
Starting iteration 1
Initial Training points:  tensor([[0.5426, 0.4563, 0.5105, 0.9156],
        [0.0668, 0.2798, 0.5045, 0.9211],
        [0.6534, 0.9329, 0.5036, 0.2191],
        [0.9961, 0.3144, 0.5084, 0.9374],
        [0.7694, 0.9097, 0.5109, 0.0479],
        [0.5738, 0.0434, 0.5065, 0.8814],
        [0.1026, 0.7071, 0.5147, 0.4567],
        [0.6998, 0.4839, 0.5104, 0.8312],
        [0.6612, 0.4442, 0.5073, 0.2730],
        [0.0491, 0.0363, 0.5060, 0.7549],
        [0.7923, 0.0407, 0.5053, 0.8047],
        [0.5187, 0.3328, 0.5110, 0.0809],
        [0.4259, 0.9471, 0.5067, 0.9144],
        [0.7882, 0.6177, 0.5011, 0.8173],
        [0.4116, 0.3689, 0.5061, 0.5955],
        [0.4810, 0.6120, 0.5111, 0.7079],
        [0.1816, 0.2061, 0.5029, 0.3458],
        [0.3213, 0.1651, 0.5028, 0.4706],
        [0.8455, 0.3618, 0.5081, 0.1474],
        [0.1869, 0.8634, 0.5081, 0.4999],
        [0.4173, 0.5094, 0.5096, 0.7828],
        [0.9890, 0.2969, 0.5128, 0.5584],
        [0.2366, 0.9503, 0.5109, 0.1335],
        [0.9168, 0.8160, 0.5093, 0.8296],
        [0.9184, 0.3230, 0.5109, 0.7380],
        [0.0913, 0.9721, 0.5050, 0.0374],
        [0.4637, 0.9874, 0.5056, 0.8049],
        [0.5022, 0.4087, 0.5036, 0.8652],
        [0.3137, 0.6559, 0.5046, 0.5124],
        [0.0473, 0.4057, 0.5096, 0.3786],
        [0.2417, 0.2573, 0.5016, 0.0835],
        [0.0955, 0.0827, 0.5066, 0.8283],
        [0.2382, 0.2636, 0.5066, 0.0037],
        [0.8078, 0.2715, 0.5075, 0.3435],
        [0.8950, 0.3986, 0.5065, 0.3277],
        [0.0432, 0.1849, 0.5049, 0.9120],
        [0.3019, 0.9538, 0.5065, 0.4493],
        [0.9806, 0.1029, 0.5134, 0.8887],
        [0.5395, 0.6252, 0.5142, 0.0893],
        [0.6263, 0.4417, 0.5077, 0.8461],
        [0.0055, 0.4235, 0.5095, 0.6124],
        [0.4849, 0.3720, 0.5020, 0.5379],
        [0.9883, 0.8683, 0.5049, 0.3060],
        [0.3752, 0.2805, 0.5064, 0.4904],
        [0.0970, 0.0206, 0.5130, 0.2735],
        [0.4619, 0.9181, 0.5039, 0.4558],
        [0.9630, 0.8645, 0.5074, 0.7688],
        [0.3418, 0.2769, 0.5148, 0.6255],
        [0.7989, 0.5235, 0.5079, 0.6805],
        [0.7988, 0.1091, 0.5093, 0.8922]], device='cuda:0') torch.Size([50, 4])
These training_points are used in the GP tensor([[0.5426, 0.4563, 0.5105, 0.9156],
        [0.0668, 0.2798, 0.5045, 0.9211],
        [0.6534, 0.9329, 0.5036, 0.2191],
        [0.9961, 0.3144, 0.5084, 0.9374],
        [0.7694, 0.9097, 0.5109, 0.0479],
        [0.5738, 0.0434, 0.5065, 0.8814],
        [0.1026, 0.7071, 0.5147, 0.4567],
        [0.6998, 0.4839, 0.5104, 0.8312],
        [0.6612, 0.4442, 0.5073, 0.2730],
        [0.0491, 0.0363, 0.5060, 0.7549],
        [0.7923, 0.0407, 0.5053, 0.8047],
        [0.5187, 0.3328, 0.5110, 0.0809],
        [0.4259, 0.9471, 0.5067, 0.9144],
        [0.7882, 0.6177, 0.5011, 0.8173],
        [0.4116, 0.3689, 0.5061, 0.5955],
        [0.4810, 0.6120, 0.5111, 0.7079],
        [0.1816, 0.2061, 0.5029, 0.3458],
        [0.3213, 0.1651, 0.5028, 0.4706],
        [0.8455, 0.3618, 0.5081, 0.1474],
        [0.1869, 0.8634, 0.5081, 0.4999],
        [0.4173, 0.5094, 0.5096, 0.7828],
        [0.9890, 0.2969, 0.5128, 0.5584],
        [0.2366, 0.9503, 0.5109, 0.1335],
        [0.9168, 0.8160, 0.5093, 0.8296],
        [0.9184, 0.3230, 0.5109, 0.7380],
        [0.0913, 0.9721, 0.5050, 0.0374],
        [0.4637, 0.9874, 0.5056, 0.8049],
        [0.5022, 0.4087, 0.5036, 0.8652],
        [0.3137, 0.6559, 0.5046, 0.5124],
        [0.0473, 0.4057, 0.5096, 0.3786],
        [0.2417, 0.2573, 0.5016, 0.0835],
        [0.0955, 0.0827, 0.5066, 0.8283],
        [0.2382, 0.2636, 0.5066, 0.0037],
        [0.8078, 0.2715, 0.5075, 0.3435],
        [0.8950, 0.3986, 0.5065, 0.3277],
        [0.0432, 0.1849, 0.5049, 0.9120],
        [0.3019, 0.9538, 0.5065, 0.4493],
        [0.9806, 0.1029, 0.5134, 0.8887],
        [0.5395, 0.6252, 0.5142, 0.0893],
        [0.6263, 0.4417, 0.5077, 0.8461],
        [0.0055, 0.4235, 0.5095, 0.6124],
        [0.4849, 0.3720, 0.5020, 0.5379],
        [0.9883, 0.8683, 0.5049, 0.3060],
        [0.3752, 0.2805, 0.5064, 0.4904],
        [0.0970, 0.0206, 0.5130, 0.2735],
        [0.4619, 0.9181, 0.5039, 0.4558],
        [0.9630, 0.8645, 0.5074, 0.7688],
        [0.3418, 0.2769, 0.5148, 0.6255],
        [0.7989, 0.5235, 0.5079, 0.6805],
        [0.7988, 0.1091, 0.5093, 0.8922]], device='cuda:0')
Iter 1 / 1000 - Loss (Train): 7.881 - Loss (Val): inf
Iter 101 / 1000 - Loss (Train): 5.854 - Loss (Val): inf
Iter 201 / 1000 - Loss (Train): 4.954 - Loss (Val): inf
Iter 301 / 1000 - Loss (Train): 4.454 - Loss (Val): inf
Iter 401 / 1000 - Loss (Train): 4.144 - Loss (Val): inf
Iter 501 / 1000 - Loss (Train): 3.934 - Loss (Val): inf
Iter 601 / 1000 - Loss (Train): 3.781 - Loss (Val): inf
Iter 701 / 1000 - Loss (Train): 3.666 - Loss (Val): inf
Iter 801 / 1000 - Loss (Train): 3.574 - Loss (Val): inf
Iter 901 / 1000 - Loss (Train): 3.500 - Loss (Val): inf
best model parameters:  OrderedDict([('likelihood.noise_covar.raw_noise', tensor([4.9754], device='cuda:0')), ('likelihood.noise_covar.raw_noise_constraint.lower_bound', tensor(1.0000e-04, device='cuda:0')), ('likelihood.noise_covar.raw_noise_constraint.upper_bound', tensor(inf, device='cuda:0')), ('mean_module.weights', tensor([[ 0.3538],
        [ 1.7594],
        [-1.2216],
        [-0.6098]], device='cuda:0')), ('mean_module.bias', tensor([-0.3066], device='cuda:0')), ('covar_module.raw_lengthscale', tensor([[-7.0002]], device='cuda:0')), ('covar_module.raw_lengthscale_constraint.lower_bound', tensor(0.1000, device='cuda:0')), ('covar_module.raw_lengthscale_constraint.upper_bound', tensor(inf, device='cuda:0')), ('task_covar_module.covar_factor', tensor([[0.3367]], device='cuda:0')), ('task_covar_module.raw_var', tensor([0.1288], device='cuda:0')), ('task_covar_module.IndexKernelPrior.a', tensor([0.], device='cuda:0')), ('task_covar_module.IndexKernelPrior.b', tensor([1.], device='cuda:0')), ('task_covar_module.IndexKernelPrior.sigma', tensor([0.0100], device='cuda:0')), ('task_covar_module.IndexKernelPrior.tails.loc', tensor([0.], device='cuda:0')), ('task_covar_module.IndexKernelPrior.tails.scale', tensor([0.0100], device='cuda:0')), ('task_covar_module.raw_var_constraint.lower_bound', tensor(0., device='cuda:0')), ('task_covar_module.raw_var_constraint.upper_bound', tensor(inf, device='cuda:0'))])
Likelihood MultivariateNormal(loc: torch.Size([10000]))
Mean:  tensor([[-0.3066],
        [-0.3744],
        [-0.4421],
        ...,
        [ 0.1107],
        [ 0.0430],
        [-0.0248]], device='cuda:0')
Variance:  tensor([[5.9824],
        [5.9824],
        [5.9824],
        ...,
        [5.9824],
        [5.9824],
        [5.9824]], device='cuda:0')
Selected points (indices): {5888, 5953, 3911, 2601, 1353, 9421, 8654, 8560, 7921, 9367}
Selected new x values (normalized): tensor([[0.8440, 0.9029, 0.8624, 0.2314],
        [0.1104, 0.8454, 0.1990, 0.5243],
        [0.1421, 0.9885, 0.8741, 0.0754],
        [0.4277, 0.8190, 0.4200, 0.7944],
        [0.5333, 0.9820, 0.5193, 0.3809],
        [0.2029, 0.4061, 0.1961, 0.3691],
        [0.0744, 0.7385, 0.2615, 0.6440],
        [0.0723, 0.7523, 0.2988, 0.2735],
        [0.2746, 0.9290, 0.4480, 0.7877],
        [0.6147, 0.3715, 0.0811, 0.1568]], device='cuda:0')
Corresponding new x values (unnormalized): tensor([[ 1376.1714,  1611.7573,  1449.5339, -1074.5928],
        [-1558.5378,  1381.4067, -1204.1328,    97.3503],
        [-1431.7798,  1954.0496,  1496.4055, -1698.3857],
        [ -289.2063,  1275.8440,  -320.1591,  1177.6414],
        [  133.2734,  1928.0854,    77.3279,  -476.3719],
        [-1188.5269,  -375.7434, -1215.6781,  -523.5724],
        [-1702.2777,   954.0027,  -954.1100,   575.9866],
        [-1710.8871,  1009.3206,  -804.7361,  -905.9832],
        [ -901.5593,  1716.0852,  -207.9553,  1150.6228],
        [  458.6707,  -513.8981, -1675.5499, -1372.8988]], device='cuda:0')
Error during GP model script execution
                                  
================================= 
Global information about the job: 
================================= 
  
Job owner: dvoss(54815)
Job name:  al_gp_iter
Node list: ravg1039
Job start: Sun Jan 26 19:24:01 CET 2025
Job end:   Sun Jan 26 19:37:19 CET 2025
Work dir:  /raven/u/dvoss/al_pmssmwithgp/model
Command:   /raven/u/dvoss/al_pmssmwithgp/model/slurm/single_job_nD.sbatch
  
  
  
==========================================================================================
Information on jobsteps (Note: MaxRSS/AveRSS is the maximum/average over all 
tasks of the per-task memory high-water marks; cf. "man sacct"): 
==========================================================================================
  
JobID            JobName NNodes NTasks  NCPUS       MaxRSS       AveRSS    Elapsed ExitCode
------------- ---------- ------ ------ ------ ------------ ------------ ---------- --------
15271380      al_gp_iter      1             4                             00:13:18      1:0
15271380.0     job_nD.sh      1      1      4     2418.03M     2418.03M   00:11:53      1:0
  
Maximum memory per node: 2.535487 GB (defined as MaxRSS*Ntasks/NNodes)
CPU utilization: 1.5 %
  
