Defaulting to user installation because normal site-packages is not writeable
Requirement already satisfied: uproot in /raven/u/dvoss/.local/lib/python3.9/site-packages (5.3.10)
Requirement already satisfied: fsspec in /raven/u/dvoss/.local/lib/python3.9/site-packages (from uproot) (2024.6.1)
Requirement already satisfied: awkward>=2.4.6 in /raven/u/dvoss/.local/lib/python3.9/site-packages (from uproot) (2.6.6)
Requirement already satisfied: numpy in /raven/u/system/soft/SLE_15/packages/x86_64/anaconda/3/2021.11/lib/python3.9/site-packages (from uproot) (1.20.3)
Requirement already satisfied: packaging in /raven/u/system/soft/SLE_15/packages/x86_64/anaconda/3/2021.11/lib/python3.9/site-packages (from uproot) (21.0)
Requirement already satisfied: typing-extensions>=4.1.0 in /raven/u/dvoss/.local/lib/python3.9/site-packages (from uproot) (4.12.2)
Requirement already satisfied: cramjam>=2.5.0 in /raven/u/dvoss/.local/lib/python3.9/site-packages (from uproot) (2.8.3)
Requirement already satisfied: awkward-cpp==35 in /raven/u/dvoss/.local/lib/python3.9/site-packages (from awkward>=2.4.6->uproot) (35)
Requirement already satisfied: importlib-metadata>=4.13.0 in /raven/u/dvoss/.local/lib/python3.9/site-packages (from awkward>=2.4.6->uproot) (8.0.0)
Requirement already satisfied: zipp>=0.5 in /raven/u/system/soft/SLE_15/packages/x86_64/anaconda/3/2021.11/lib/python3.9/site-packages (from importlib-metadata>=4.13.0->awkward>=2.4.6->uproot) (3.6.0)
Requirement already satisfied: pyparsing>=2.0.2 in /raven/u/system/soft/SLE_15/packages/x86_64/anaconda/3/2021.11/lib/python3.9/site-packages (from packaging->uproot) (3.0.4)
Defaulting to user installation because normal site-packages is not writeable
Collecting argparse
  Using cached argparse-1.4.0-py2.py3-none-any.whl (23 kB)
Installing collected packages: argparse
Successfully installed argparse-1.4.0
Defaulting to user installation because normal site-packages is not writeable
Requirement already satisfied: pyslha in /raven/u/dvoss/.local/lib/python3.9/site-packages (3.2.6)
Requirement already satisfied: tex2pix>=0.1.5 in /raven/u/dvoss/.local/lib/python3.9/site-packages (from pyslha) (0.3.1)
Defaulting to user installation because normal site-packages is not writeable
Requirement already satisfied: structlog in /raven/u/dvoss/.local/lib/python3.9/site-packages (24.4.0)
Starting iteration 1
Initial Training points:  tensor([1.0000, 0.6070, 0.0000], device='cuda:0') torch.Size([3])
points: {13, 190, 823}
Corresponding xs: tensor([-1317.1831,  -827.3708,   924.3307], device='cuda:0')
Plot saved to /raven/u/dvoss/al_pmssmwithgp/model/plots/Iter1/gp_plot.png
YAML file has been created: /u/dvoss/al_pmssmwithgp/Run3ModelGen/source/Run3ModelGen/data/new_config.yaml
Note: detected 144 virtual cores but NumExpr set to maximum of 64, check "NUMEXPR_MAX_THREADS" environment variable.
Note: NumExpr detected 144 cores but "NUMEXPR_MAX_THREADS" not set, so enforcing safe limit of 8.
NumExpr defaulting to 8 threads.

  ___              ____ __  __          _       _   ___            
 | _ \ _  _  _ _  |__ /|  \/  | ___  __| | ___ | | / __| ___  _ _  
 |   /| || || ' \  |_ \| |\/| |/ _ \/ _` |/ -_)| || (_ |/ -_)| ' \ 
 |_|_\ \_,_||_||_||___/|_|  |_|\___/\__,_|\___||_| \___|\___||_||_|
                                                                   

2024-08-09 10:27:50 [info     ] Initialised ModelGenerator with: [Run3ModelGen.modelgen]
2024-08-09 10:27:50 [info     ] 	config_file = /u/dvoss/al_pmssmwithgp/Run3ModelGen/source/Run3ModelGen/data/new_config.yaml [Run3ModelGen.modelgen]
2024-08-09 10:27:50 [info     ] 	scan_dir = /u/dvoss/al_pmssmwithgp/Run3ModelGen/source/Run3ModelGen/scans/scan_1 [Run3ModelGen.modelgen]
2024-08-09 10:27:50 [info     ] 	rawfilen = /u/dvoss/al_pmssmwithgp/Run3ModelGen/source/Run3ModelGen/data/raw.slha [Run3ModelGen.modelgen]
2024-08-09 10:27:50 [info     ] 	seed = 123                    [Run3ModelGen.modelgen]
2024-08-09 10:27:50 [info     ] 	points = {}                   [Run3ModelGen.modelgen]
2024-08-09 10:27:50 [info     ] 	prior = fixed                 [Run3ModelGen.modelgen]
2024-08-09 10:27:50 [info     ] 	num_models = 3                [Run3ModelGen.modelgen]
2024-08-09 10:27:50 [info     ] 	isGMSB = False                [Run3ModelGen.modelgen]
2024-08-09 10:27:50 [info     ] 	parameters =                  [Run3ModelGen.modelgen]
2024-08-09 10:27:50 [info     ] 		tanb: [60, 60, 60]           [Run3ModelGen.modelgen]
2024-08-09 10:27:50 [info     ] 		M_1: [-1317.18, -827.37, 924.33] [Run3ModelGen.modelgen]
2024-08-09 10:27:50 [info     ] 		M_2: [2000, 2000, 2000]      [Run3ModelGen.modelgen]
2024-08-09 10:27:50 [info     ] 		M_3: [4000, 4000, 4000]      [Run3ModelGen.modelgen]
2024-08-09 10:27:50 [info     ] 		AT: [4000, 4000, 4000]       [Run3ModelGen.modelgen]
2024-08-09 10:27:50 [info     ] 		Ab: [2000, 2000, 2000]       [Run3ModelGen.modelgen]
2024-08-09 10:27:50 [info     ] 		Atau: [2000, 2000, 2000]     [Run3ModelGen.modelgen]
2024-08-09 10:27:50 [info     ] 		mu: [2000, 2000, 2000]       [Run3ModelGen.modelgen]
2024-08-09 10:27:50 [info     ] 		mA: [2000, 2000, 2000]       [Run3ModelGen.modelgen]
2024-08-09 10:27:50 [info     ] 		meL: [2000, 2000, 2000]      [Run3ModelGen.modelgen]
2024-08-09 10:27:50 [info     ] 		mtauL: [2000, 2000, 2000]    [Run3ModelGen.modelgen]
2024-08-09 10:27:50 [info     ] 		meR: [2000, 2000, 2000]      [Run3ModelGen.modelgen]
2024-08-09 10:27:50 [info     ] 		mtauR: [2000, 2000, 2000]    [Run3ModelGen.modelgen]
2024-08-09 10:27:50 [info     ] 		mqL1: [4000, 4000, 4000]     [Run3ModelGen.modelgen]
2024-08-09 10:27:50 [info     ] 		mqL3: [4000, 4000, 4000]     [Run3ModelGen.modelgen]
2024-08-09 10:27:50 [info     ] 		muR: [4000, 4000, 4000]      [Run3ModelGen.modelgen]
2024-08-09 10:27:50 [info     ] 		mtR: [4000, 4000, 4000]      [Run3ModelGen.modelgen]
2024-08-09 10:27:50 [info     ] 		mdR: [4000, 4000, 4000]      [Run3ModelGen.modelgen]
2024-08-09 10:27:50 [info     ] 		mbR: [4000, 4000, 4000]      [Run3ModelGen.modelgen]
2024-08-09 10:27:50 [info     ] 	steps =                       [Run3ModelGen.modelgen]
2024-08-09 10:27:50 [info     ] 		{'name': 'prep_input', 'output_dir': 'input', 'prefix': 'IN'} [Run3ModelGen.modelgen]
2024-08-09 10:27:50 [info     ] 		{'name': 'SPheno', 'input_dir': 'input', 'output_dir': 'SPheno', 'log_dir': 'SPheno_log', 'prefix': 'SP'} [Run3ModelGen.modelgen]
2024-08-09 10:27:50 [info     ] 		{'name': 'softsusy', 'input_dir': 'input', 'output_dir': 'softsusy', 'prefix': 'SS'} [Run3ModelGen.modelgen]
2024-08-09 10:27:50 [info     ] 		{'name': 'micromegas', 'input_dir': 'SPheno', 'output_dir': 'micromegas', 'prefix': 'MO'} [Run3ModelGen.modelgen]
2024-08-09 10:27:50 [info     ] 		{'name': 'superiso', 'input_dir': 'SPheno', 'output_dir': 'superiso', 'prefix': 'SI'} [Run3ModelGen.modelgen]
2024-08-09 10:27:50 [info     ] 		{'name': 'gm2calc', 'input_dir': 'SPheno', 'output_dir': 'gm2calc', 'prefix': 'GM2'} [Run3ModelGen.modelgen]
2024-08-09 10:27:50 [info     ] 		{'name': 'evade', 'input_dir': 'SPheno', 'output_dir': 'evade', 'prefix': 'EV'} [Run3ModelGen.modelgen]
2024-08-09 10:27:50 [info     ] Starting Model Generation...   [Run3ModelGen.modelgen]
2024-08-09 10:27:50 [info     ] Setting up output directories for scan [Run3ModelGen.modelgen]
2024-08-09 10:27:50 [info     ] Generating Model: 0.slha (1/3) [Run3ModelGen.modelgen]
2024-08-09 10:27:50 [info     ] 	running step: prep_input      [Run3ModelGen.modelgen]
2024-08-09 10:27:50 [info     ] 	running step: SPheno          [Run3ModelGen.modelgen]
2024-08-09 10:27:51 [info     ] 	running step: softsusy        [Run3ModelGen.modelgen]
2024-08-09 10:27:51 [info     ] 	running step: micromegas      [Run3ModelGen.modelgen]
2024-08-09 10:27:52 [info     ] 	running step: superiso        [Run3ModelGen.modelgen]
2024-08-09 10:27:53 [info     ] 	running step: gm2calc         [Run3ModelGen.modelgen]
2024-08-09 10:27:53 [info     ] 	running step: evade           [Run3ModelGen.modelgen]
2024-08-09 10:27:53 [info     ] Generating Model: 1.slha (2/3) [Run3ModelGen.modelgen]
2024-08-09 10:27:53 [info     ] 	running step: prep_input      [Run3ModelGen.modelgen]
2024-08-09 10:27:53 [info     ] 	running step: SPheno          [Run3ModelGen.modelgen]
2024-08-09 10:27:53 [info     ] 	running step: softsusy        [Run3ModelGen.modelgen]
2024-08-09 10:27:53 [info     ] 	running step: micromegas      [Run3ModelGen.modelgen]
2024-08-09 10:27:53 [info     ] 	running step: superiso        [Run3ModelGen.modelgen]
2024-08-09 10:27:53 [info     ] 	running step: gm2calc         [Run3ModelGen.modelgen]
2024-08-09 10:27:53 [info     ] 	running step: evade           [Run3ModelGen.modelgen]
2024-08-09 10:27:53 [info     ] Generating Model: 2.slha (3/3) [Run3ModelGen.modelgen]
2024-08-09 10:27:53 [info     ] 	running step: prep_input      [Run3ModelGen.modelgen]
2024-08-09 10:27:53 [info     ] 	running step: SPheno          [Run3ModelGen.modelgen]
2024-08-09 10:27:54 [info     ] 	running step: softsusy        [Run3ModelGen.modelgen]
2024-08-09 10:27:54 [info     ] 	running step: micromegas      [Run3ModelGen.modelgen]
2024-08-09 10:27:54 [info     ] 	running step: superiso        [Run3ModelGen.modelgen]
2024-08-09 10:27:54 [info     ] 	running step: gm2calc         [Run3ModelGen.modelgen]
2024-08-09 10:27:54 [info     ] 	running step: evade           [Run3ModelGen.modelgen]
2024-08-09 10:27:54 [info     ] Finished generating models! Stats for successful generations (successful/attempted): [Run3ModelGen.modelgen]
2024-08-09 10:27:54 [info     ] 	prep_input: 3/3.              [Run3ModelGen.modelgen]
2024-08-09 10:27:54 [info     ] 	SPheno: 3/3.                  [Run3ModelGen.modelgen]
2024-08-09 10:27:54 [info     ] 	softsusy: 3/3.                [Run3ModelGen.modelgen]
2024-08-09 10:27:54 [info     ] 	micromegas: 3/3.              [Run3ModelGen.modelgen]
2024-08-09 10:27:54 [info     ] 	superiso: 3/3.                [Run3ModelGen.modelgen]
2024-08-09 10:27:54 [info     ] 	gm2calc: 3/3.                 [Run3ModelGen.modelgen]
2024-08-09 10:27:54 [info     ] 	evade: 0/3.                   [Run3ModelGen.modelgen]
2024-08-09 10:27:54 [info     ] Will make NTuple for: /u/dvoss/al_pmssmwithgp/Run3ModelGen/source/Run3ModelGen/scans/scan_1, with 3 models [Run3ModelGen.ntupling]
2024-08-09 10:27:54 [info     ] 	Filling values for model: 0   [Run3ModelGen.ntupling]
2024-08-09 10:27:54 [info     ] Saving NTuple in /u/dvoss/al_pmssmwithgp/Run3ModelGen/source/Run3ModelGen/scans/scan_1/ntuple.0.0.root ... [Run3ModelGen.ntupling]
Completed iteration 1
Starting iteration 2
Initial Training points:  tensor([1.0000, 0.6070, 0.0000], device='cuda:0') torch.Size([3])
Training points after adding:  tensor([1.0000, 0.6070, 0.0000, 0.0030, 0.5566, 0.9259], device='cuda:0') torch.Size([6])
points: {76, 190, 55}
Corresponding xs: tensor([-1142.8431,  -827.3708, -1200.9565], device='cuda:0')
Plot saved to /raven/u/dvoss/al_pmssmwithgp/model/plots/Iter2/gp_plot.png
YAML file has been created: /u/dvoss/al_pmssmwithgp/Run3ModelGen/source/Run3ModelGen/data/new_config.yaml
Note: detected 144 virtual cores but NumExpr set to maximum of 64, check "NUMEXPR_MAX_THREADS" environment variable.
Note: NumExpr detected 144 cores but "NUMEXPR_MAX_THREADS" not set, so enforcing safe limit of 8.
NumExpr defaulting to 8 threads.

  ___              ____ __  __          _       _   ___            
 | _ \ _  _  _ _  |__ /|  \/  | ___  __| | ___ | | / __| ___  _ _  
 |   /| || || ' \  |_ \| |\/| |/ _ \/ _` |/ -_)| || (_ |/ -_)| ' \ 
 |_|_\ \_,_||_||_||___/|_|  |_|\___/\__,_|\___||_| \___|\___||_||_|
                                                                   

2024-08-09 10:28:36 [info     ] Initialised ModelGenerator with: [Run3ModelGen.modelgen]
2024-08-09 10:28:36 [info     ] 	config_file = /u/dvoss/al_pmssmwithgp/Run3ModelGen/source/Run3ModelGen/data/new_config.yaml [Run3ModelGen.modelgen]
2024-08-09 10:28:36 [info     ] 	scan_dir = /u/dvoss/al_pmssmwithgp/Run3ModelGen/source/Run3ModelGen/scans/scan_2 [Run3ModelGen.modelgen]
2024-08-09 10:28:36 [info     ] 	rawfilen = /u/dvoss/al_pmssmwithgp/Run3ModelGen/source/Run3ModelGen/data/raw.slha [Run3ModelGen.modelgen]
2024-08-09 10:28:36 [info     ] 	seed = 123                    [Run3ModelGen.modelgen]
2024-08-09 10:28:36 [info     ] 	points = {}                   [Run3ModelGen.modelgen]
2024-08-09 10:28:36 [info     ] 	prior = fixed                 [Run3ModelGen.modelgen]
2024-08-09 10:28:36 [info     ] 	num_models = 3                [Run3ModelGen.modelgen]
2024-08-09 10:28:36 [info     ] 	isGMSB = False                [Run3ModelGen.modelgen]
2024-08-09 10:28:36 [info     ] 	parameters =                  [Run3ModelGen.modelgen]
2024-08-09 10:28:36 [info     ] 		tanb: [60, 60, 60]           [Run3ModelGen.modelgen]
2024-08-09 10:28:36 [info     ] 		M_1: [-1142.84, -827.37, -1200.96] [Run3ModelGen.modelgen]
2024-08-09 10:28:36 [info     ] 		M_2: [2000, 2000, 2000]      [Run3ModelGen.modelgen]
2024-08-09 10:28:36 [info     ] 		M_3: [4000, 4000, 4000]      [Run3ModelGen.modelgen]
2024-08-09 10:28:36 [info     ] 		AT: [4000, 4000, 4000]       [Run3ModelGen.modelgen]
2024-08-09 10:28:36 [info     ] 		Ab: [2000, 2000, 2000]       [Run3ModelGen.modelgen]
2024-08-09 10:28:36 [info     ] 		Atau: [2000, 2000, 2000]     [Run3ModelGen.modelgen]
2024-08-09 10:28:36 [info     ] 		mu: [2000, 2000, 2000]       [Run3ModelGen.modelgen]
2024-08-09 10:28:36 [info     ] 		mA: [2000, 2000, 2000]       [Run3ModelGen.modelgen]
2024-08-09 10:28:36 [info     ] 		meL: [2000, 2000, 2000]      [Run3ModelGen.modelgen]
2024-08-09 10:28:36 [info     ] 		mtauL: [2000, 2000, 2000]    [Run3ModelGen.modelgen]
2024-08-09 10:28:36 [info     ] 		meR: [2000, 2000, 2000]      [Run3ModelGen.modelgen]
2024-08-09 10:28:36 [info     ] 		mtauR: [2000, 2000, 2000]    [Run3ModelGen.modelgen]
2024-08-09 10:28:36 [info     ] 		mqL1: [4000, 4000, 4000]     [Run3ModelGen.modelgen]
2024-08-09 10:28:36 [info     ] 		mqL3: [4000, 4000, 4000]     [Run3ModelGen.modelgen]
2024-08-09 10:28:36 [info     ] 		muR: [4000, 4000, 4000]      [Run3ModelGen.modelgen]
2024-08-09 10:28:36 [info     ] 		mtR: [4000, 4000, 4000]      [Run3ModelGen.modelgen]
2024-08-09 10:28:36 [info     ] 		mdR: [4000, 4000, 4000]      [Run3ModelGen.modelgen]
2024-08-09 10:28:36 [info     ] 		mbR: [4000, 4000, 4000]      [Run3ModelGen.modelgen]
2024-08-09 10:28:36 [info     ] 	steps =                       [Run3ModelGen.modelgen]
2024-08-09 10:28:36 [info     ] 		{'name': 'prep_input', 'output_dir': 'input', 'prefix': 'IN'} [Run3ModelGen.modelgen]
2024-08-09 10:28:36 [info     ] 		{'name': 'SPheno', 'input_dir': 'input', 'output_dir': 'SPheno', 'log_dir': 'SPheno_log', 'prefix': 'SP'} [Run3ModelGen.modelgen]
2024-08-09 10:28:36 [info     ] 		{'name': 'softsusy', 'input_dir': 'input', 'output_dir': 'softsusy', 'prefix': 'SS'} [Run3ModelGen.modelgen]
2024-08-09 10:28:36 [info     ] 		{'name': 'micromegas', 'input_dir': 'SPheno', 'output_dir': 'micromegas', 'prefix': 'MO'} [Run3ModelGen.modelgen]
2024-08-09 10:28:36 [info     ] 		{'name': 'superiso', 'input_dir': 'SPheno', 'output_dir': 'superiso', 'prefix': 'SI'} [Run3ModelGen.modelgen]
2024-08-09 10:28:36 [info     ] 		{'name': 'gm2calc', 'input_dir': 'SPheno', 'output_dir': 'gm2calc', 'prefix': 'GM2'} [Run3ModelGen.modelgen]
2024-08-09 10:28:36 [info     ] 		{'name': 'evade', 'input_dir': 'SPheno', 'output_dir': 'evade', 'prefix': 'EV'} [Run3ModelGen.modelgen]
2024-08-09 10:28:36 [info     ] Starting Model Generation...   [Run3ModelGen.modelgen]
2024-08-09 10:28:36 [info     ] Setting up output directories for scan [Run3ModelGen.modelgen]
2024-08-09 10:28:36 [info     ] Generating Model: 0.slha (1/3) [Run3ModelGen.modelgen]
2024-08-09 10:28:36 [info     ] 	running step: prep_input      [Run3ModelGen.modelgen]
2024-08-09 10:28:36 [info     ] 	running step: SPheno          [Run3ModelGen.modelgen]
2024-08-09 10:28:36 [info     ] 	running step: softsusy        [Run3ModelGen.modelgen]
2024-08-09 10:28:36 [info     ] 	running step: micromegas      [Run3ModelGen.modelgen]
2024-08-09 10:28:36 [info     ] 	running step: superiso        [Run3ModelGen.modelgen]
2024-08-09 10:28:36 [info     ] 	running step: gm2calc         [Run3ModelGen.modelgen]
2024-08-09 10:28:36 [info     ] 	running step: evade           [Run3ModelGen.modelgen]
2024-08-09 10:28:36 [info     ] Generating Model: 1.slha (2/3) [Run3ModelGen.modelgen]
2024-08-09 10:28:36 [info     ] 	running step: prep_input      [Run3ModelGen.modelgen]
2024-08-09 10:28:36 [info     ] 	running step: SPheno          [Run3ModelGen.modelgen]
2024-08-09 10:28:37 [info     ] 	running step: softsusy        [Run3ModelGen.modelgen]
2024-08-09 10:28:37 [info     ] 	running step: micromegas      [Run3ModelGen.modelgen]
2024-08-09 10:28:37 [info     ] 	running step: superiso        [Run3ModelGen.modelgen]
2024-08-09 10:28:37 [info     ] 	running step: gm2calc         [Run3ModelGen.modelgen]
2024-08-09 10:28:37 [info     ] 	running step: evade           [Run3ModelGen.modelgen]
2024-08-09 10:28:37 [info     ] Generating Model: 2.slha (3/3) [Run3ModelGen.modelgen]
2024-08-09 10:28:37 [info     ] 	running step: prep_input      [Run3ModelGen.modelgen]
2024-08-09 10:28:37 [info     ] 	running step: SPheno          [Run3ModelGen.modelgen]
2024-08-09 10:28:37 [info     ] 	running step: softsusy        [Run3ModelGen.modelgen]
2024-08-09 10:28:37 [info     ] 	running step: micromegas      [Run3ModelGen.modelgen]
2024-08-09 10:28:38 [info     ] 	running step: superiso        [Run3ModelGen.modelgen]
2024-08-09 10:28:38 [info     ] 	running step: gm2calc         [Run3ModelGen.modelgen]
2024-08-09 10:28:38 [info     ] 	running step: evade           [Run3ModelGen.modelgen]
2024-08-09 10:28:38 [info     ] Finished generating models! Stats for successful generations (successful/attempted): [Run3ModelGen.modelgen]
2024-08-09 10:28:38 [info     ] 	prep_input: 3/3.              [Run3ModelGen.modelgen]
2024-08-09 10:28:38 [info     ] 	SPheno: 3/3.                  [Run3ModelGen.modelgen]
2024-08-09 10:28:38 [info     ] 	softsusy: 3/3.                [Run3ModelGen.modelgen]
2024-08-09 10:28:38 [info     ] 	micromegas: 3/3.              [Run3ModelGen.modelgen]
2024-08-09 10:28:38 [info     ] 	superiso: 3/3.                [Run3ModelGen.modelgen]
2024-08-09 10:28:38 [info     ] 	gm2calc: 3/3.                 [Run3ModelGen.modelgen]
2024-08-09 10:28:38 [info     ] 	evade: 0/3.                   [Run3ModelGen.modelgen]
2024-08-09 10:28:38 [info     ] Will make NTuple for: /u/dvoss/al_pmssmwithgp/Run3ModelGen/source/Run3ModelGen/scans/scan_2, with 3 models [Run3ModelGen.ntupling]
2024-08-09 10:28:38 [info     ] 	Filling values for model: 0   [Run3ModelGen.ntupling]
2024-08-09 10:28:38 [info     ] Saving NTuple in /u/dvoss/al_pmssmwithgp/Run3ModelGen/source/Run3ModelGen/scans/scan_2/ntuple.0.0.root ... [Run3ModelGen.ntupling]
Completed iteration 2
Starting iteration 3
Initial Training points:  tensor([1.0000, 0.6070, 0.0000], device='cuda:0') torch.Size([3])
Training points after adding:  tensor([1.0000, 0.6070, 0.0000, 0.0030, 0.5566, 0.9259, 0.0030, 0.6677, 0.0681],
       device='cuda:0') torch.Size([9])
points: {893, 190, 951}
Corresponding xs: tensor([1118.0419, -827.3708, 1278.5453], device='cuda:0')
Plot saved to /raven/u/dvoss/al_pmssmwithgp/model/plots/Iter3/gp_plot.png
YAML file has been created: /u/dvoss/al_pmssmwithgp/Run3ModelGen/source/Run3ModelGen/data/new_config.yaml
Note: detected 144 virtual cores but NumExpr set to maximum of 64, check "NUMEXPR_MAX_THREADS" environment variable.
Note: NumExpr detected 144 cores but "NUMEXPR_MAX_THREADS" not set, so enforcing safe limit of 8.
NumExpr defaulting to 8 threads.

  ___              ____ __  __          _       _   ___            
 | _ \ _  _  _ _  |__ /|  \/  | ___  __| | ___ | | / __| ___  _ _  
 |   /| || || ' \  |_ \| |\/| |/ _ \/ _` |/ -_)| || (_ |/ -_)| ' \ 
 |_|_\ \_,_||_||_||___/|_|  |_|\___/\__,_|\___||_| \___|\___||_||_|
                                                                   

2024-08-09 10:29:17 [info     ] Initialised ModelGenerator with: [Run3ModelGen.modelgen]
2024-08-09 10:29:17 [info     ] 	config_file = /u/dvoss/al_pmssmwithgp/Run3ModelGen/source/Run3ModelGen/data/new_config.yaml [Run3ModelGen.modelgen]
2024-08-09 10:29:17 [info     ] 	scan_dir = /u/dvoss/al_pmssmwithgp/Run3ModelGen/source/Run3ModelGen/scans/scan_3 [Run3ModelGen.modelgen]
2024-08-09 10:29:17 [info     ] 	rawfilen = /u/dvoss/al_pmssmwithgp/Run3ModelGen/source/Run3ModelGen/data/raw.slha [Run3ModelGen.modelgen]
2024-08-09 10:29:17 [info     ] 	seed = 123                    [Run3ModelGen.modelgen]
2024-08-09 10:29:17 [info     ] 	points = {}                   [Run3ModelGen.modelgen]
2024-08-09 10:29:17 [info     ] 	prior = fixed                 [Run3ModelGen.modelgen]
2024-08-09 10:29:17 [info     ] 	num_models = 3                [Run3ModelGen.modelgen]
2024-08-09 10:29:17 [info     ] 	isGMSB = False                [Run3ModelGen.modelgen]
2024-08-09 10:29:17 [info     ] 	parameters =                  [Run3ModelGen.modelgen]
2024-08-09 10:29:17 [info     ] 		tanb: [60, 60, 60]           [Run3ModelGen.modelgen]
2024-08-09 10:29:17 [info     ] 		M_1: [1118.04, -827.37, 1278.55] [Run3ModelGen.modelgen]
2024-08-09 10:29:17 [info     ] 		M_2: [2000, 2000, 2000]      [Run3ModelGen.modelgen]
2024-08-09 10:29:17 [info     ] 		M_3: [4000, 4000, 4000]      [Run3ModelGen.modelgen]
2024-08-09 10:29:17 [info     ] 		AT: [4000, 4000, 4000]       [Run3ModelGen.modelgen]
2024-08-09 10:29:17 [info     ] 		Ab: [2000, 2000, 2000]       [Run3ModelGen.modelgen]
2024-08-09 10:29:17 [info     ] 		Atau: [2000, 2000, 2000]     [Run3ModelGen.modelgen]
2024-08-09 10:29:17 [info     ] 		mu: [2000, 2000, 2000]       [Run3ModelGen.modelgen]
2024-08-09 10:29:17 [info     ] 		mA: [2000, 2000, 2000]       [Run3ModelGen.modelgen]
2024-08-09 10:29:17 [info     ] 		meL: [2000, 2000, 2000]      [Run3ModelGen.modelgen]
2024-08-09 10:29:17 [info     ] 		mtauL: [2000, 2000, 2000]    [Run3ModelGen.modelgen]
2024-08-09 10:29:17 [info     ] 		meR: [2000, 2000, 2000]      [Run3ModelGen.modelgen]
2024-08-09 10:29:17 [info     ] 		mtauR: [2000, 2000, 2000]    [Run3ModelGen.modelgen]
2024-08-09 10:29:17 [info     ] 		mqL1: [4000, 4000, 4000]     [Run3ModelGen.modelgen]
2024-08-09 10:29:17 [info     ] 		mqL3: [4000, 4000, 4000]     [Run3ModelGen.modelgen]
2024-08-09 10:29:17 [info     ] 		muR: [4000, 4000, 4000]      [Run3ModelGen.modelgen]
2024-08-09 10:29:17 [info     ] 		mtR: [4000, 4000, 4000]      [Run3ModelGen.modelgen]
2024-08-09 10:29:17 [info     ] 		mdR: [4000, 4000, 4000]      [Run3ModelGen.modelgen]
2024-08-09 10:29:17 [info     ] 		mbR: [4000, 4000, 4000]      [Run3ModelGen.modelgen]
2024-08-09 10:29:17 [info     ] 	steps =                       [Run3ModelGen.modelgen]
2024-08-09 10:29:17 [info     ] 		{'name': 'prep_input', 'output_dir': 'input', 'prefix': 'IN'} [Run3ModelGen.modelgen]
2024-08-09 10:29:17 [info     ] 		{'name': 'SPheno', 'input_dir': 'input', 'output_dir': 'SPheno', 'log_dir': 'SPheno_log', 'prefix': 'SP'} [Run3ModelGen.modelgen]
2024-08-09 10:29:17 [info     ] 		{'name': 'softsusy', 'input_dir': 'input', 'output_dir': 'softsusy', 'prefix': 'SS'} [Run3ModelGen.modelgen]
2024-08-09 10:29:17 [info     ] 		{'name': 'micromegas', 'input_dir': 'SPheno', 'output_dir': 'micromegas', 'prefix': 'MO'} [Run3ModelGen.modelgen]
2024-08-09 10:29:17 [info     ] 		{'name': 'superiso', 'input_dir': 'SPheno', 'output_dir': 'superiso', 'prefix': 'SI'} [Run3ModelGen.modelgen]
2024-08-09 10:29:17 [info     ] 		{'name': 'gm2calc', 'input_dir': 'SPheno', 'output_dir': 'gm2calc', 'prefix': 'GM2'} [Run3ModelGen.modelgen]
2024-08-09 10:29:17 [info     ] 		{'name': 'evade', 'input_dir': 'SPheno', 'output_dir': 'evade', 'prefix': 'EV'} [Run3ModelGen.modelgen]
2024-08-09 10:29:17 [info     ] Starting Model Generation...   [Run3ModelGen.modelgen]
2024-08-09 10:29:17 [info     ] Setting up output directories for scan [Run3ModelGen.modelgen]
2024-08-09 10:29:17 [info     ] Generating Model: 0.slha (1/3) [Run3ModelGen.modelgen]
2024-08-09 10:29:17 [info     ] 	running step: prep_input      [Run3ModelGen.modelgen]
2024-08-09 10:29:17 [info     ] 	running step: SPheno          [Run3ModelGen.modelgen]
2024-08-09 10:29:18 [info     ] 	running step: softsusy        [Run3ModelGen.modelgen]
2024-08-09 10:29:18 [info     ] 	running step: micromegas      [Run3ModelGen.modelgen]
2024-08-09 10:29:18 [info     ] 	running step: superiso        [Run3ModelGen.modelgen]
2024-08-09 10:29:18 [info     ] 	running step: gm2calc         [Run3ModelGen.modelgen]
2024-08-09 10:29:18 [info     ] 	running step: evade           [Run3ModelGen.modelgen]
2024-08-09 10:29:18 [info     ] Generating Model: 1.slha (2/3) [Run3ModelGen.modelgen]
2024-08-09 10:29:18 [info     ] 	running step: prep_input      [Run3ModelGen.modelgen]
2024-08-09 10:29:18 [info     ] 	running step: SPheno          [Run3ModelGen.modelgen]
2024-08-09 10:29:18 [info     ] 	running step: softsusy        [Run3ModelGen.modelgen]
2024-08-09 10:29:18 [info     ] 	running step: micromegas      [Run3ModelGen.modelgen]
2024-08-09 10:29:19 [info     ] 	running step: superiso        [Run3ModelGen.modelgen]
2024-08-09 10:29:19 [info     ] 	running step: gm2calc         [Run3ModelGen.modelgen]
2024-08-09 10:29:19 [info     ] 	running step: evade           [Run3ModelGen.modelgen]
2024-08-09 10:29:19 [info     ] Generating Model: 2.slha (3/3) [Run3ModelGen.modelgen]
2024-08-09 10:29:19 [info     ] 	running step: prep_input      [Run3ModelGen.modelgen]
2024-08-09 10:29:19 [info     ] 	running step: SPheno          [Run3ModelGen.modelgen]
2024-08-09 10:29:19 [info     ] 	running step: softsusy        [Run3ModelGen.modelgen]
2024-08-09 10:29:19 [info     ] 	running step: micromegas      [Run3ModelGen.modelgen]
2024-08-09 10:29:19 [info     ] 	running step: superiso        [Run3ModelGen.modelgen]
2024-08-09 10:29:19 [info     ] 	running step: gm2calc         [Run3ModelGen.modelgen]
2024-08-09 10:29:19 [info     ] 	running step: evade           [Run3ModelGen.modelgen]
2024-08-09 10:29:20 [info     ] Finished generating models! Stats for successful generations (successful/attempted): [Run3ModelGen.modelgen]
2024-08-09 10:29:20 [info     ] 	prep_input: 3/3.              [Run3ModelGen.modelgen]
2024-08-09 10:29:20 [info     ] 	SPheno: 3/3.                  [Run3ModelGen.modelgen]
2024-08-09 10:29:20 [info     ] 	softsusy: 3/3.                [Run3ModelGen.modelgen]
2024-08-09 10:29:20 [info     ] 	micromegas: 3/3.              [Run3ModelGen.modelgen]
2024-08-09 10:29:20 [info     ] 	superiso: 3/3.                [Run3ModelGen.modelgen]
2024-08-09 10:29:20 [info     ] 	gm2calc: 3/3.                 [Run3ModelGen.modelgen]
2024-08-09 10:29:20 [info     ] 	evade: 0/3.                   [Run3ModelGen.modelgen]
2024-08-09 10:29:20 [info     ] Will make NTuple for: /u/dvoss/al_pmssmwithgp/Run3ModelGen/source/Run3ModelGen/scans/scan_3, with 3 models [Run3ModelGen.ntupling]
2024-08-09 10:29:20 [info     ] 	Filling values for model: 0   [Run3ModelGen.ntupling]
2024-08-09 10:29:20 [info     ] Saving NTuple in /u/dvoss/al_pmssmwithgp/Run3ModelGen/source/Run3ModelGen/scans/scan_3/ntuple.0.0.root ... [Run3ModelGen.ntupling]
Completed iteration 3
Starting iteration 4
Initial Training points:  tensor([1.0000, 0.6070, 0.0000], device='cuda:0') torch.Size([3])
Training points after adding:  tensor([1.0000, 0.6070, 0.0000, 0.0030, 0.5566, 0.9259, 0.0030, 0.6677, 0.0681,
        0.0110, 0.1151, 0.0030], device='cuda:0') torch.Size([12])
points: {490, 987, 190}
Corresponding xs: tensor([   2.8195, 1378.1683, -827.3708], device='cuda:0')
Plot saved to /raven/u/dvoss/al_pmssmwithgp/model/plots/Iter4/gp_plot.png
YAML file has been created: /u/dvoss/al_pmssmwithgp/Run3ModelGen/source/Run3ModelGen/data/new_config.yaml
Note: detected 144 virtual cores but NumExpr set to maximum of 64, check "NUMEXPR_MAX_THREADS" environment variable.
Note: NumExpr detected 144 cores but "NUMEXPR_MAX_THREADS" not set, so enforcing safe limit of 8.
NumExpr defaulting to 8 threads.

  ___              ____ __  __          _       _   ___            
 | _ \ _  _  _ _  |__ /|  \/  | ___  __| | ___ | | / __| ___  _ _  
 |   /| || || ' \  |_ \| |\/| |/ _ \/ _` |/ -_)| || (_ |/ -_)| ' \ 
 |_|_\ \_,_||_||_||___/|_|  |_|\___/\__,_|\___||_| \___|\___||_||_|
                                                                   

2024-08-09 10:29:59 [info     ] Initialised ModelGenerator with: [Run3ModelGen.modelgen]
2024-08-09 10:29:59 [info     ] 	config_file = /u/dvoss/al_pmssmwithgp/Run3ModelGen/source/Run3ModelGen/data/new_config.yaml [Run3ModelGen.modelgen]
2024-08-09 10:29:59 [info     ] 	scan_dir = /u/dvoss/al_pmssmwithgp/Run3ModelGen/source/Run3ModelGen/scans/scan_4 [Run3ModelGen.modelgen]
2024-08-09 10:29:59 [info     ] 	rawfilen = /u/dvoss/al_pmssmwithgp/Run3ModelGen/source/Run3ModelGen/data/raw.slha [Run3ModelGen.modelgen]
2024-08-09 10:29:59 [info     ] 	seed = 123                    [Run3ModelGen.modelgen]
2024-08-09 10:29:59 [info     ] 	points = {}                   [Run3ModelGen.modelgen]
2024-08-09 10:29:59 [info     ] 	prior = fixed                 [Run3ModelGen.modelgen]
2024-08-09 10:29:59 [info     ] 	num_models = 3                [Run3ModelGen.modelgen]
2024-08-09 10:29:59 [info     ] 	isGMSB = False                [Run3ModelGen.modelgen]
2024-08-09 10:29:59 [info     ] 	parameters =                  [Run3ModelGen.modelgen]
2024-08-09 10:29:59 [info     ] 		tanb: [60, 60, 60]           [Run3ModelGen.modelgen]
2024-08-09 10:29:59 [info     ] 		M_1: [2.82, 1378.17, -827.37] [Run3ModelGen.modelgen]
2024-08-09 10:29:59 [info     ] 		M_2: [2000, 2000, 2000]      [Run3ModelGen.modelgen]
2024-08-09 10:29:59 [info     ] 		M_3: [4000, 4000, 4000]      [Run3ModelGen.modelgen]
2024-08-09 10:29:59 [info     ] 		AT: [4000, 4000, 4000]       [Run3ModelGen.modelgen]
2024-08-09 10:29:59 [info     ] 		Ab: [2000, 2000, 2000]       [Run3ModelGen.modelgen]
2024-08-09 10:29:59 [info     ] 		Atau: [2000, 2000, 2000]     [Run3ModelGen.modelgen]
2024-08-09 10:29:59 [info     ] 		mu: [2000, 2000, 2000]       [Run3ModelGen.modelgen]
2024-08-09 10:29:59 [info     ] 		mA: [2000, 2000, 2000]       [Run3ModelGen.modelgen]
2024-08-09 10:29:59 [info     ] 		meL: [2000, 2000, 2000]      [Run3ModelGen.modelgen]
2024-08-09 10:29:59 [info     ] 		mtauL: [2000, 2000, 2000]    [Run3ModelGen.modelgen]
2024-08-09 10:29:59 [info     ] 		meR: [2000, 2000, 2000]      [Run3ModelGen.modelgen]
2024-08-09 10:29:59 [info     ] 		mtauR: [2000, 2000, 2000]    [Run3ModelGen.modelgen]
2024-08-09 10:29:59 [info     ] 		mqL1: [4000, 4000, 4000]     [Run3ModelGen.modelgen]
2024-08-09 10:29:59 [info     ] 		mqL3: [4000, 4000, 4000]     [Run3ModelGen.modelgen]
2024-08-09 10:29:59 [info     ] 		muR: [4000, 4000, 4000]      [Run3ModelGen.modelgen]
2024-08-09 10:29:59 [info     ] 		mtR: [4000, 4000, 4000]      [Run3ModelGen.modelgen]
2024-08-09 10:29:59 [info     ] 		mdR: [4000, 4000, 4000]      [Run3ModelGen.modelgen]
2024-08-09 10:29:59 [info     ] 		mbR: [4000, 4000, 4000]      [Run3ModelGen.modelgen]
2024-08-09 10:29:59 [info     ] 	steps =                       [Run3ModelGen.modelgen]
2024-08-09 10:29:59 [info     ] 		{'name': 'prep_input', 'output_dir': 'input', 'prefix': 'IN'} [Run3ModelGen.modelgen]
2024-08-09 10:29:59 [info     ] 		{'name': 'SPheno', 'input_dir': 'input', 'output_dir': 'SPheno', 'log_dir': 'SPheno_log', 'prefix': 'SP'} [Run3ModelGen.modelgen]
2024-08-09 10:29:59 [info     ] 		{'name': 'softsusy', 'input_dir': 'input', 'output_dir': 'softsusy', 'prefix': 'SS'} [Run3ModelGen.modelgen]
2024-08-09 10:29:59 [info     ] 		{'name': 'micromegas', 'input_dir': 'SPheno', 'output_dir': 'micromegas', 'prefix': 'MO'} [Run3ModelGen.modelgen]
2024-08-09 10:29:59 [info     ] 		{'name': 'superiso', 'input_dir': 'SPheno', 'output_dir': 'superiso', 'prefix': 'SI'} [Run3ModelGen.modelgen]
2024-08-09 10:29:59 [info     ] 		{'name': 'gm2calc', 'input_dir': 'SPheno', 'output_dir': 'gm2calc', 'prefix': 'GM2'} [Run3ModelGen.modelgen]
2024-08-09 10:29:59 [info     ] 		{'name': 'evade', 'input_dir': 'SPheno', 'output_dir': 'evade', 'prefix': 'EV'} [Run3ModelGen.modelgen]
2024-08-09 10:29:59 [info     ] Starting Model Generation...   [Run3ModelGen.modelgen]
2024-08-09 10:29:59 [info     ] Setting up output directories for scan [Run3ModelGen.modelgen]
2024-08-09 10:29:59 [info     ] Generating Model: 0.slha (1/3) [Run3ModelGen.modelgen]
2024-08-09 10:29:59 [info     ] 	running step: prep_input      [Run3ModelGen.modelgen]
2024-08-09 10:29:59 [info     ] 	running step: SPheno          [Run3ModelGen.modelgen]
2024-08-09 10:29:59 [info     ] 	running step: softsusy        [Run3ModelGen.modelgen]
2024-08-09 10:29:59 [info     ] 	running step: micromegas      [Run3ModelGen.modelgen]
2024-08-09 10:29:59 [info     ] 	running step: superiso        [Run3ModelGen.modelgen]
2024-08-09 10:29:59 [info     ] 	running step: gm2calc         [Run3ModelGen.modelgen]
2024-08-09 10:29:59 [info     ] 	running step: evade           [Run3ModelGen.modelgen]
2024-08-09 10:29:59 [info     ] Generating Model: 1.slha (2/3) [Run3ModelGen.modelgen]
2024-08-09 10:29:59 [info     ] 	running step: prep_input      [Run3ModelGen.modelgen]
2024-08-09 10:29:59 [info     ] 	running step: SPheno          [Run3ModelGen.modelgen]
2024-08-09 10:30:00 [info     ] 	running step: softsusy        [Run3ModelGen.modelgen]
2024-08-09 10:30:00 [info     ] 	running step: micromegas      [Run3ModelGen.modelgen]
2024-08-09 10:30:00 [info     ] 	running step: superiso        [Run3ModelGen.modelgen]
2024-08-09 10:30:00 [info     ] 	running step: gm2calc         [Run3ModelGen.modelgen]
2024-08-09 10:30:00 [info     ] 	running step: evade           [Run3ModelGen.modelgen]
2024-08-09 10:30:00 [info     ] Generating Model: 2.slha (3/3) [Run3ModelGen.modelgen]
2024-08-09 10:30:00 [info     ] 	running step: prep_input      [Run3ModelGen.modelgen]
2024-08-09 10:30:00 [info     ] 	running step: SPheno          [Run3ModelGen.modelgen]
2024-08-09 10:30:00 [info     ] 	running step: softsusy        [Run3ModelGen.modelgen]
2024-08-09 10:30:00 [info     ] 	running step: micromegas      [Run3ModelGen.modelgen]
2024-08-09 10:30:01 [info     ] 	running step: superiso        [Run3ModelGen.modelgen]
2024-08-09 10:30:01 [info     ] 	running step: gm2calc         [Run3ModelGen.modelgen]
2024-08-09 10:30:01 [info     ] 	running step: evade           [Run3ModelGen.modelgen]
2024-08-09 10:30:01 [info     ] Finished generating models! Stats for successful generations (successful/attempted): [Run3ModelGen.modelgen]
2024-08-09 10:30:01 [info     ] 	prep_input: 3/3.              [Run3ModelGen.modelgen]
2024-08-09 10:30:01 [info     ] 	SPheno: 3/3.                  [Run3ModelGen.modelgen]
2024-08-09 10:30:01 [info     ] 	softsusy: 3/3.                [Run3ModelGen.modelgen]
2024-08-09 10:30:01 [info     ] 	micromegas: 3/3.              [Run3ModelGen.modelgen]
2024-08-09 10:30:01 [info     ] 	superiso: 3/3.                [Run3ModelGen.modelgen]
2024-08-09 10:30:01 [info     ] 	gm2calc: 3/3.                 [Run3ModelGen.modelgen]
2024-08-09 10:30:01 [info     ] 	evade: 0/3.                   [Run3ModelGen.modelgen]
2024-08-09 10:30:01 [info     ] Will make NTuple for: /u/dvoss/al_pmssmwithgp/Run3ModelGen/source/Run3ModelGen/scans/scan_4, with 3 models [Run3ModelGen.ntupling]
2024-08-09 10:30:01 [info     ] 	Filling values for model: 0   [Run3ModelGen.ntupling]
2024-08-09 10:30:01 [info     ] Saving NTuple in /u/dvoss/al_pmssmwithgp/Run3ModelGen/source/Run3ModelGen/scans/scan_4/ntuple.0.0.root ... [Run3ModelGen.ntupling]
Completed iteration 4
Starting iteration 5
Initial Training points:  tensor([1.0000, 0.6070, 0.0000], device='cuda:0') torch.Size([3])
Training points after adding:  tensor([1.0000, 0.6070, 0.0000, 0.0030, 0.5566, 0.9259, 0.0030, 0.6677, 0.0681,
        0.0110, 0.1151, 0.0030, 0.0030, 0.2843, 0.1662], device='cuda:0') torch.Size([15])
points: {769, 243, 190}
Corresponding xs: tensor([ 774.8966, -680.7039, -827.3708], device='cuda:0')
Plot saved to /raven/u/dvoss/al_pmssmwithgp/model/plots/Iter5/gp_plot.png
YAML file has been created: /u/dvoss/al_pmssmwithgp/Run3ModelGen/source/Run3ModelGen/data/new_config.yaml
Note: detected 144 virtual cores but NumExpr set to maximum of 64, check "NUMEXPR_MAX_THREADS" environment variable.
Note: NumExpr detected 144 cores but "NUMEXPR_MAX_THREADS" not set, so enforcing safe limit of 8.
NumExpr defaulting to 8 threads.

  ___              ____ __  __          _       _   ___            
 | _ \ _  _  _ _  |__ /|  \/  | ___  __| | ___ | | / __| ___  _ _  
 |   /| || || ' \  |_ \| |\/| |/ _ \/ _` |/ -_)| || (_ |/ -_)| ' \ 
 |_|_\ \_,_||_||_||___/|_|  |_|\___/\__,_|\___||_| \___|\___||_||_|
                                                                   

2024-08-09 10:30:40 [info     ] Initialised ModelGenerator with: [Run3ModelGen.modelgen]
2024-08-09 10:30:40 [info     ] 	config_file = /u/dvoss/al_pmssmwithgp/Run3ModelGen/source/Run3ModelGen/data/new_config.yaml [Run3ModelGen.modelgen]
2024-08-09 10:30:40 [info     ] 	scan_dir = /u/dvoss/al_pmssmwithgp/Run3ModelGen/source/Run3ModelGen/scans/scan_5 [Run3ModelGen.modelgen]
2024-08-09 10:30:40 [info     ] 	rawfilen = /u/dvoss/al_pmssmwithgp/Run3ModelGen/source/Run3ModelGen/data/raw.slha [Run3ModelGen.modelgen]
2024-08-09 10:30:40 [info     ] 	seed = 123                    [Run3ModelGen.modelgen]
2024-08-09 10:30:40 [info     ] 	points = {}                   [Run3ModelGen.modelgen]
2024-08-09 10:30:40 [info     ] 	prior = fixed                 [Run3ModelGen.modelgen]
2024-08-09 10:30:40 [info     ] 	num_models = 3                [Run3ModelGen.modelgen]
2024-08-09 10:30:40 [info     ] 	isGMSB = False                [Run3ModelGen.modelgen]
2024-08-09 10:30:40 [info     ] 	parameters =                  [Run3ModelGen.modelgen]
2024-08-09 10:30:40 [info     ] 		tanb: [60, 60, 60]           [Run3ModelGen.modelgen]
2024-08-09 10:30:40 [info     ] 		M_1: [774.9, -680.7, -827.37] [Run3ModelGen.modelgen]
2024-08-09 10:30:40 [info     ] 		M_2: [2000, 2000, 2000]      [Run3ModelGen.modelgen]
2024-08-09 10:30:40 [info     ] 		M_3: [4000, 4000, 4000]      [Run3ModelGen.modelgen]
2024-08-09 10:30:40 [info     ] 		AT: [4000, 4000, 4000]       [Run3ModelGen.modelgen]
2024-08-09 10:30:40 [info     ] 		Ab: [2000, 2000, 2000]       [Run3ModelGen.modelgen]
2024-08-09 10:30:40 [info     ] 		Atau: [2000, 2000, 2000]     [Run3ModelGen.modelgen]
2024-08-09 10:30:40 [info     ] 		mu: [2000, 2000, 2000]       [Run3ModelGen.modelgen]
2024-08-09 10:30:40 [info     ] 		mA: [2000, 2000, 2000]       [Run3ModelGen.modelgen]
2024-08-09 10:30:40 [info     ] 		meL: [2000, 2000, 2000]      [Run3ModelGen.modelgen]
2024-08-09 10:30:40 [info     ] 		mtauL: [2000, 2000, 2000]    [Run3ModelGen.modelgen]
2024-08-09 10:30:40 [info     ] 		meR: [2000, 2000, 2000]      [Run3ModelGen.modelgen]
2024-08-09 10:30:40 [info     ] 		mtauR: [2000, 2000, 2000]    [Run3ModelGen.modelgen]
2024-08-09 10:30:40 [info     ] 		mqL1: [4000, 4000, 4000]     [Run3ModelGen.modelgen]
2024-08-09 10:30:40 [info     ] 		mqL3: [4000, 4000, 4000]     [Run3ModelGen.modelgen]
2024-08-09 10:30:40 [info     ] 		muR: [4000, 4000, 4000]      [Run3ModelGen.modelgen]
2024-08-09 10:30:40 [info     ] 		mtR: [4000, 4000, 4000]      [Run3ModelGen.modelgen]
2024-08-09 10:30:40 [info     ] 		mdR: [4000, 4000, 4000]      [Run3ModelGen.modelgen]
2024-08-09 10:30:40 [info     ] 		mbR: [4000, 4000, 4000]      [Run3ModelGen.modelgen]
2024-08-09 10:30:40 [info     ] 	steps =                       [Run3ModelGen.modelgen]
2024-08-09 10:30:40 [info     ] 		{'name': 'prep_input', 'output_dir': 'input', 'prefix': 'IN'} [Run3ModelGen.modelgen]
2024-08-09 10:30:40 [info     ] 		{'name': 'SPheno', 'input_dir': 'input', 'output_dir': 'SPheno', 'log_dir': 'SPheno_log', 'prefix': 'SP'} [Run3ModelGen.modelgen]
2024-08-09 10:30:40 [info     ] 		{'name': 'softsusy', 'input_dir': 'input', 'output_dir': 'softsusy', 'prefix': 'SS'} [Run3ModelGen.modelgen]
2024-08-09 10:30:40 [info     ] 		{'name': 'micromegas', 'input_dir': 'SPheno', 'output_dir': 'micromegas', 'prefix': 'MO'} [Run3ModelGen.modelgen]
2024-08-09 10:30:40 [info     ] 		{'name': 'superiso', 'input_dir': 'SPheno', 'output_dir': 'superiso', 'prefix': 'SI'} [Run3ModelGen.modelgen]
2024-08-09 10:30:40 [info     ] 		{'name': 'gm2calc', 'input_dir': 'SPheno', 'output_dir': 'gm2calc', 'prefix': 'GM2'} [Run3ModelGen.modelgen]
2024-08-09 10:30:40 [info     ] 		{'name': 'evade', 'input_dir': 'SPheno', 'output_dir': 'evade', 'prefix': 'EV'} [Run3ModelGen.modelgen]
2024-08-09 10:30:40 [info     ] Starting Model Generation...   [Run3ModelGen.modelgen]
2024-08-09 10:30:40 [info     ] Setting up output directories for scan [Run3ModelGen.modelgen]
2024-08-09 10:30:40 [info     ] Generating Model: 0.slha (1/3) [Run3ModelGen.modelgen]
2024-08-09 10:30:40 [info     ] 	running step: prep_input      [Run3ModelGen.modelgen]
2024-08-09 10:30:40 [info     ] 	running step: SPheno          [Run3ModelGen.modelgen]
2024-08-09 10:30:41 [info     ] 	running step: softsusy        [Run3ModelGen.modelgen]
2024-08-09 10:30:41 [info     ] 	running step: micromegas      [Run3ModelGen.modelgen]
2024-08-09 10:30:41 [info     ] 	running step: superiso        [Run3ModelGen.modelgen]
2024-08-09 10:30:41 [info     ] 	running step: gm2calc         [Run3ModelGen.modelgen]
2024-08-09 10:30:41 [info     ] 	running step: evade           [Run3ModelGen.modelgen]
2024-08-09 10:30:41 [info     ] Generating Model: 1.slha (2/3) [Run3ModelGen.modelgen]
2024-08-09 10:30:41 [info     ] 	running step: prep_input      [Run3ModelGen.modelgen]
2024-08-09 10:30:41 [info     ] 	running step: SPheno          [Run3ModelGen.modelgen]
2024-08-09 10:30:41 [info     ] 	running step: softsusy        [Run3ModelGen.modelgen]
2024-08-09 10:30:41 [info     ] 	running step: micromegas      [Run3ModelGen.modelgen]
2024-08-09 10:30:42 [info     ] 	running step: superiso        [Run3ModelGen.modelgen]
2024-08-09 10:30:42 [info     ] 	running step: gm2calc         [Run3ModelGen.modelgen]
2024-08-09 10:30:42 [info     ] 	running step: evade           [Run3ModelGen.modelgen]
2024-08-09 10:30:42 [info     ] Generating Model: 2.slha (3/3) [Run3ModelGen.modelgen]
2024-08-09 10:30:42 [info     ] 	running step: prep_input      [Run3ModelGen.modelgen]
2024-08-09 10:30:42 [info     ] 	running step: SPheno          [Run3ModelGen.modelgen]
2024-08-09 10:30:42 [info     ] 	running step: softsusy        [Run3ModelGen.modelgen]
2024-08-09 10:30:42 [info     ] 	running step: micromegas      [Run3ModelGen.modelgen]
2024-08-09 10:30:42 [info     ] 	running step: superiso        [Run3ModelGen.modelgen]
2024-08-09 10:30:43 [info     ] 	running step: gm2calc         [Run3ModelGen.modelgen]
2024-08-09 10:30:43 [info     ] 	running step: evade           [Run3ModelGen.modelgen]
2024-08-09 10:30:43 [info     ] Finished generating models! Stats for successful generations (successful/attempted): [Run3ModelGen.modelgen]
2024-08-09 10:30:43 [info     ] 	prep_input: 3/3.              [Run3ModelGen.modelgen]
2024-08-09 10:30:43 [info     ] 	SPheno: 3/3.                  [Run3ModelGen.modelgen]
2024-08-09 10:30:43 [info     ] 	softsusy: 3/3.                [Run3ModelGen.modelgen]
2024-08-09 10:30:43 [info     ] 	micromegas: 3/3.              [Run3ModelGen.modelgen]
2024-08-09 10:30:43 [info     ] 	superiso: 3/3.                [Run3ModelGen.modelgen]
2024-08-09 10:30:43 [info     ] 	gm2calc: 3/3.                 [Run3ModelGen.modelgen]
2024-08-09 10:30:43 [info     ] 	evade: 0/3.                   [Run3ModelGen.modelgen]
2024-08-09 10:30:43 [info     ] Will make NTuple for: /u/dvoss/al_pmssmwithgp/Run3ModelGen/source/Run3ModelGen/scans/scan_5, with 3 models [Run3ModelGen.ntupling]
2024-08-09 10:30:43 [info     ] 	Filling values for model: 0   [Run3ModelGen.ntupling]
2024-08-09 10:30:43 [info     ] Saving NTuple in /u/dvoss/al_pmssmwithgp/Run3ModelGen/source/Run3ModelGen/scans/scan_5/ntuple.0.0.root ... [Run3ModelGen.ntupling]
Completed iteration 5
Starting iteration 6
Initial Training points:  tensor([1.0000, 0.6070, 0.0000], device='cuda:0') torch.Size([3])
Training points after adding:  tensor([1.0000, 0.6070, 0.0000, 0.0030, 0.5566, 0.9259, 0.0030, 0.6677, 0.0681,
        0.0110, 0.1151, 0.0030, 0.0030, 0.2843, 0.1662, 0.2002, 0.0831, 0.0030],
       device='cuda:0') torch.Size([18])
points: {909, 190, 135}
Corresponding xs: tensor([1162.3187, -827.3708, -979.5724], device='cuda:0')
Plot saved to /raven/u/dvoss/al_pmssmwithgp/model/plots/Iter6/gp_plot.png
YAML file has been created: /u/dvoss/al_pmssmwithgp/Run3ModelGen/source/Run3ModelGen/data/new_config.yaml
Note: detected 144 virtual cores but NumExpr set to maximum of 64, check "NUMEXPR_MAX_THREADS" environment variable.
Note: NumExpr detected 144 cores but "NUMEXPR_MAX_THREADS" not set, so enforcing safe limit of 8.
NumExpr defaulting to 8 threads.

  ___              ____ __  __          _       _   ___            
 | _ \ _  _  _ _  |__ /|  \/  | ___  __| | ___ | | / __| ___  _ _  
 |   /| || || ' \  |_ \| |\/| |/ _ \/ _` |/ -_)| || (_ |/ -_)| ' \ 
 |_|_\ \_,_||_||_||___/|_|  |_|\___/\__,_|\___||_| \___|\___||_||_|
                                                                   

2024-08-09 10:31:22 [info     ] Initialised ModelGenerator with: [Run3ModelGen.modelgen]
2024-08-09 10:31:22 [info     ] 	config_file = /u/dvoss/al_pmssmwithgp/Run3ModelGen/source/Run3ModelGen/data/new_config.yaml [Run3ModelGen.modelgen]
2024-08-09 10:31:22 [info     ] 	scan_dir = /u/dvoss/al_pmssmwithgp/Run3ModelGen/source/Run3ModelGen/scans/scan_6 [Run3ModelGen.modelgen]
2024-08-09 10:31:22 [info     ] 	rawfilen = /u/dvoss/al_pmssmwithgp/Run3ModelGen/source/Run3ModelGen/data/raw.slha [Run3ModelGen.modelgen]
2024-08-09 10:31:22 [info     ] 	seed = 123                    [Run3ModelGen.modelgen]
2024-08-09 10:31:22 [info     ] 	points = {}                   [Run3ModelGen.modelgen]
2024-08-09 10:31:22 [info     ] 	prior = fixed                 [Run3ModelGen.modelgen]
2024-08-09 10:31:22 [info     ] 	num_models = 3                [Run3ModelGen.modelgen]
2024-08-09 10:31:22 [info     ] 	isGMSB = False                [Run3ModelGen.modelgen]
2024-08-09 10:31:22 [info     ] 	parameters =                  [Run3ModelGen.modelgen]
2024-08-09 10:31:22 [info     ] 		tanb: [60, 60, 60]           [Run3ModelGen.modelgen]
2024-08-09 10:31:22 [info     ] 		M_1: [1162.32, -827.37, -979.57] [Run3ModelGen.modelgen]
2024-08-09 10:31:22 [info     ] 		M_2: [2000, 2000, 2000]      [Run3ModelGen.modelgen]
2024-08-09 10:31:22 [info     ] 		M_3: [4000, 4000, 4000]      [Run3ModelGen.modelgen]
2024-08-09 10:31:22 [info     ] 		AT: [4000, 4000, 4000]       [Run3ModelGen.modelgen]
2024-08-09 10:31:22 [info     ] 		Ab: [2000, 2000, 2000]       [Run3ModelGen.modelgen]
2024-08-09 10:31:22 [info     ] 		Atau: [2000, 2000, 2000]     [Run3ModelGen.modelgen]
2024-08-09 10:31:22 [info     ] 		mu: [2000, 2000, 2000]       [Run3ModelGen.modelgen]
2024-08-09 10:31:22 [info     ] 		mA: [2000, 2000, 2000]       [Run3ModelGen.modelgen]
2024-08-09 10:31:22 [info     ] 		meL: [2000, 2000, 2000]      [Run3ModelGen.modelgen]
2024-08-09 10:31:22 [info     ] 		mtauL: [2000, 2000, 2000]    [Run3ModelGen.modelgen]
2024-08-09 10:31:22 [info     ] 		meR: [2000, 2000, 2000]      [Run3ModelGen.modelgen]
2024-08-09 10:31:22 [info     ] 		mtauR: [2000, 2000, 2000]    [Run3ModelGen.modelgen]
2024-08-09 10:31:22 [info     ] 		mqL1: [4000, 4000, 4000]     [Run3ModelGen.modelgen]
2024-08-09 10:31:22 [info     ] 		mqL3: [4000, 4000, 4000]     [Run3ModelGen.modelgen]
2024-08-09 10:31:22 [info     ] 		muR: [4000, 4000, 4000]      [Run3ModelGen.modelgen]
2024-08-09 10:31:22 [info     ] 		mtR: [4000, 4000, 4000]      [Run3ModelGen.modelgen]
2024-08-09 10:31:22 [info     ] 		mdR: [4000, 4000, 4000]      [Run3ModelGen.modelgen]
2024-08-09 10:31:22 [info     ] 		mbR: [4000, 4000, 4000]      [Run3ModelGen.modelgen]
2024-08-09 10:31:22 [info     ] 	steps =                       [Run3ModelGen.modelgen]
2024-08-09 10:31:22 [info     ] 		{'name': 'prep_input', 'output_dir': 'input', 'prefix': 'IN'} [Run3ModelGen.modelgen]
2024-08-09 10:31:22 [info     ] 		{'name': 'SPheno', 'input_dir': 'input', 'output_dir': 'SPheno', 'log_dir': 'SPheno_log', 'prefix': 'SP'} [Run3ModelGen.modelgen]
2024-08-09 10:31:22 [info     ] 		{'name': 'softsusy', 'input_dir': 'input', 'output_dir': 'softsusy', 'prefix': 'SS'} [Run3ModelGen.modelgen]
2024-08-09 10:31:22 [info     ] 		{'name': 'micromegas', 'input_dir': 'SPheno', 'output_dir': 'micromegas', 'prefix': 'MO'} [Run3ModelGen.modelgen]
2024-08-09 10:31:22 [info     ] 		{'name': 'superiso', 'input_dir': 'SPheno', 'output_dir': 'superiso', 'prefix': 'SI'} [Run3ModelGen.modelgen]
2024-08-09 10:31:22 [info     ] 		{'name': 'gm2calc', 'input_dir': 'SPheno', 'output_dir': 'gm2calc', 'prefix': 'GM2'} [Run3ModelGen.modelgen]
2024-08-09 10:31:22 [info     ] 		{'name': 'evade', 'input_dir': 'SPheno', 'output_dir': 'evade', 'prefix': 'EV'} [Run3ModelGen.modelgen]
2024-08-09 10:31:22 [info     ] Starting Model Generation...   [Run3ModelGen.modelgen]
2024-08-09 10:31:22 [info     ] Setting up output directories for scan [Run3ModelGen.modelgen]
2024-08-09 10:31:22 [info     ] Generating Model: 0.slha (1/3) [Run3ModelGen.modelgen]
2024-08-09 10:31:22 [info     ] 	running step: prep_input      [Run3ModelGen.modelgen]
2024-08-09 10:31:22 [info     ] 	running step: SPheno          [Run3ModelGen.modelgen]
2024-08-09 10:31:22 [info     ] 	running step: softsusy        [Run3ModelGen.modelgen]
2024-08-09 10:31:22 [info     ] 	running step: micromegas      [Run3ModelGen.modelgen]
2024-08-09 10:31:22 [info     ] 	running step: superiso        [Run3ModelGen.modelgen]
2024-08-09 10:31:22 [info     ] 	running step: gm2calc         [Run3ModelGen.modelgen]
2024-08-09 10:31:23 [info     ] 	running step: evade           [Run3ModelGen.modelgen]
2024-08-09 10:31:23 [info     ] Generating Model: 1.slha (2/3) [Run3ModelGen.modelgen]
2024-08-09 10:31:23 [info     ] 	running step: prep_input      [Run3ModelGen.modelgen]
2024-08-09 10:31:23 [info     ] 	running step: SPheno          [Run3ModelGen.modelgen]
2024-08-09 10:31:23 [info     ] 	running step: softsusy        [Run3ModelGen.modelgen]
2024-08-09 10:31:23 [info     ] 	running step: micromegas      [Run3ModelGen.modelgen]
2024-08-09 10:31:23 [info     ] 	running step: superiso        [Run3ModelGen.modelgen]
2024-08-09 10:31:23 [info     ] 	running step: gm2calc         [Run3ModelGen.modelgen]
2024-08-09 10:31:23 [info     ] 	running step: evade           [Run3ModelGen.modelgen]
2024-08-09 10:31:23 [info     ] Generating Model: 2.slha (3/3) [Run3ModelGen.modelgen]
2024-08-09 10:31:23 [info     ] 	running step: prep_input      [Run3ModelGen.modelgen]
2024-08-09 10:31:23 [info     ] 	running step: SPheno          [Run3ModelGen.modelgen]
2024-08-09 10:31:23 [info     ] 	running step: softsusy        [Run3ModelGen.modelgen]
2024-08-09 10:31:24 [info     ] 	running step: micromegas      [Run3ModelGen.modelgen]
2024-08-09 10:31:24 [info     ] 	running step: superiso        [Run3ModelGen.modelgen]
2024-08-09 10:31:24 [info     ] 	running step: gm2calc         [Run3ModelGen.modelgen]
2024-08-09 10:31:24 [info     ] 	running step: evade           [Run3ModelGen.modelgen]
2024-08-09 10:31:24 [info     ] Finished generating models! Stats for successful generations (successful/attempted): [Run3ModelGen.modelgen]
2024-08-09 10:31:24 [info     ] 	prep_input: 3/3.              [Run3ModelGen.modelgen]
2024-08-09 10:31:24 [info     ] 	SPheno: 3/3.                  [Run3ModelGen.modelgen]
2024-08-09 10:31:24 [info     ] 	softsusy: 3/3.                [Run3ModelGen.modelgen]
2024-08-09 10:31:24 [info     ] 	micromegas: 3/3.              [Run3ModelGen.modelgen]
2024-08-09 10:31:24 [info     ] 	superiso: 3/3.                [Run3ModelGen.modelgen]
2024-08-09 10:31:24 [info     ] 	gm2calc: 3/3.                 [Run3ModelGen.modelgen]
2024-08-09 10:31:24 [info     ] 	evade: 0/3.                   [Run3ModelGen.modelgen]
2024-08-09 10:31:24 [info     ] Will make NTuple for: /u/dvoss/al_pmssmwithgp/Run3ModelGen/source/Run3ModelGen/scans/scan_6, with 3 models [Run3ModelGen.ntupling]
2024-08-09 10:31:24 [info     ] 	Filling values for model: 0   [Run3ModelGen.ntupling]
2024-08-09 10:31:24 [info     ] Saving NTuple in /u/dvoss/al_pmssmwithgp/Run3ModelGen/source/Run3ModelGen/scans/scan_6/ntuple.0.0.root ... [Run3ModelGen.ntupling]
Completed iteration 6
Starting iteration 7
Initial Training points:  tensor([1.0000, 0.6070, 0.0000], device='cuda:0') torch.Size([3])
Training points after adding:  tensor([1.0000, 0.6070, 0.0000, 0.0030, 0.5566, 0.9259, 0.0030, 0.6677, 0.0681,
        0.0110, 0.1151, 0.0030, 0.0030, 0.2843, 0.1662, 0.2002, 0.0831, 0.0030,
        0.2002, 0.0030, 0.6136], device='cuda:0') torch.Size([21])
points: {121, 190, 847}
Corresponding xs: tensor([-1018.3146,  -827.3708,   990.7460], device='cuda:0')
Plot saved to /raven/u/dvoss/al_pmssmwithgp/model/plots/Iter7/gp_plot.png
YAML file has been created: /u/dvoss/al_pmssmwithgp/Run3ModelGen/source/Run3ModelGen/data/new_config.yaml
Note: detected 144 virtual cores but NumExpr set to maximum of 64, check "NUMEXPR_MAX_THREADS" environment variable.
Note: NumExpr detected 144 cores but "NUMEXPR_MAX_THREADS" not set, so enforcing safe limit of 8.
NumExpr defaulting to 8 threads.

  ___              ____ __  __          _       _   ___            
 | _ \ _  _  _ _  |__ /|  \/  | ___  __| | ___ | | / __| ___  _ _  
 |   /| || || ' \  |_ \| |\/| |/ _ \/ _` |/ -_)| || (_ |/ -_)| ' \ 
 |_|_\ \_,_||_||_||___/|_|  |_|\___/\__,_|\___||_| \___|\___||_||_|
                                                                   

2024-08-09 10:32:03 [info     ] Initialised ModelGenerator with: [Run3ModelGen.modelgen]
2024-08-09 10:32:03 [info     ] 	config_file = /u/dvoss/al_pmssmwithgp/Run3ModelGen/source/Run3ModelGen/data/new_config.yaml [Run3ModelGen.modelgen]
2024-08-09 10:32:03 [info     ] 	scan_dir = /u/dvoss/al_pmssmwithgp/Run3ModelGen/source/Run3ModelGen/scans/scan_7 [Run3ModelGen.modelgen]
2024-08-09 10:32:03 [info     ] 	rawfilen = /u/dvoss/al_pmssmwithgp/Run3ModelGen/source/Run3ModelGen/data/raw.slha [Run3ModelGen.modelgen]
2024-08-09 10:32:03 [info     ] 	seed = 123                    [Run3ModelGen.modelgen]
2024-08-09 10:32:03 [info     ] 	points = {}                   [Run3ModelGen.modelgen]
2024-08-09 10:32:03 [info     ] 	prior = fixed                 [Run3ModelGen.modelgen]
2024-08-09 10:32:03 [info     ] 	num_models = 3                [Run3ModelGen.modelgen]
2024-08-09 10:32:03 [info     ] 	isGMSB = False                [Run3ModelGen.modelgen]
2024-08-09 10:32:03 [info     ] 	parameters =                  [Run3ModelGen.modelgen]
2024-08-09 10:32:03 [info     ] 		tanb: [60, 60, 60]           [Run3ModelGen.modelgen]
2024-08-09 10:32:03 [info     ] 		M_1: [-1018.31, -827.37, 990.75] [Run3ModelGen.modelgen]
2024-08-09 10:32:03 [info     ] 		M_2: [2000, 2000, 2000]      [Run3ModelGen.modelgen]
2024-08-09 10:32:03 [info     ] 		M_3: [4000, 4000, 4000]      [Run3ModelGen.modelgen]
2024-08-09 10:32:03 [info     ] 		AT: [4000, 4000, 4000]       [Run3ModelGen.modelgen]
2024-08-09 10:32:03 [info     ] 		Ab: [2000, 2000, 2000]       [Run3ModelGen.modelgen]
2024-08-09 10:32:03 [info     ] 		Atau: [2000, 2000, 2000]     [Run3ModelGen.modelgen]
2024-08-09 10:32:03 [info     ] 		mu: [2000, 2000, 2000]       [Run3ModelGen.modelgen]
2024-08-09 10:32:03 [info     ] 		mA: [2000, 2000, 2000]       [Run3ModelGen.modelgen]
2024-08-09 10:32:03 [info     ] 		meL: [2000, 2000, 2000]      [Run3ModelGen.modelgen]
2024-08-09 10:32:03 [info     ] 		mtauL: [2000, 2000, 2000]    [Run3ModelGen.modelgen]
2024-08-09 10:32:03 [info     ] 		meR: [2000, 2000, 2000]      [Run3ModelGen.modelgen]
2024-08-09 10:32:03 [info     ] 		mtauR: [2000, 2000, 2000]    [Run3ModelGen.modelgen]
2024-08-09 10:32:03 [info     ] 		mqL1: [4000, 4000, 4000]     [Run3ModelGen.modelgen]
2024-08-09 10:32:03 [info     ] 		mqL3: [4000, 4000, 4000]     [Run3ModelGen.modelgen]
2024-08-09 10:32:03 [info     ] 		muR: [4000, 4000, 4000]      [Run3ModelGen.modelgen]
2024-08-09 10:32:03 [info     ] 		mtR: [4000, 4000, 4000]      [Run3ModelGen.modelgen]
2024-08-09 10:32:03 [info     ] 		mdR: [4000, 4000, 4000]      [Run3ModelGen.modelgen]
2024-08-09 10:32:03 [info     ] 		mbR: [4000, 4000, 4000]      [Run3ModelGen.modelgen]
2024-08-09 10:32:03 [info     ] 	steps =                       [Run3ModelGen.modelgen]
2024-08-09 10:32:03 [info     ] 		{'name': 'prep_input', 'output_dir': 'input', 'prefix': 'IN'} [Run3ModelGen.modelgen]
2024-08-09 10:32:03 [info     ] 		{'name': 'SPheno', 'input_dir': 'input', 'output_dir': 'SPheno', 'log_dir': 'SPheno_log', 'prefix': 'SP'} [Run3ModelGen.modelgen]
2024-08-09 10:32:03 [info     ] 		{'name': 'softsusy', 'input_dir': 'input', 'output_dir': 'softsusy', 'prefix': 'SS'} [Run3ModelGen.modelgen]
2024-08-09 10:32:03 [info     ] 		{'name': 'micromegas', 'input_dir': 'SPheno', 'output_dir': 'micromegas', 'prefix': 'MO'} [Run3ModelGen.modelgen]
2024-08-09 10:32:03 [info     ] 		{'name': 'superiso', 'input_dir': 'SPheno', 'output_dir': 'superiso', 'prefix': 'SI'} [Run3ModelGen.modelgen]
2024-08-09 10:32:03 [info     ] 		{'name': 'gm2calc', 'input_dir': 'SPheno', 'output_dir': 'gm2calc', 'prefix': 'GM2'} [Run3ModelGen.modelgen]
2024-08-09 10:32:03 [info     ] 		{'name': 'evade', 'input_dir': 'SPheno', 'output_dir': 'evade', 'prefix': 'EV'} [Run3ModelGen.modelgen]
2024-08-09 10:32:03 [info     ] Starting Model Generation...   [Run3ModelGen.modelgen]
2024-08-09 10:32:03 [info     ] Setting up output directories for scan [Run3ModelGen.modelgen]
2024-08-09 10:32:03 [info     ] Generating Model: 0.slha (1/3) [Run3ModelGen.modelgen]
2024-08-09 10:32:03 [info     ] 	running step: prep_input      [Run3ModelGen.modelgen]
2024-08-09 10:32:03 [info     ] 	running step: SPheno          [Run3ModelGen.modelgen]
2024-08-09 10:32:03 [info     ] 	running step: softsusy        [Run3ModelGen.modelgen]
2024-08-09 10:32:03 [info     ] 	running step: micromegas      [Run3ModelGen.modelgen]
2024-08-09 10:32:03 [info     ] 	running step: superiso        [Run3ModelGen.modelgen]
2024-08-09 10:32:04 [info     ] 	running step: gm2calc         [Run3ModelGen.modelgen]
2024-08-09 10:32:04 [info     ] 	running step: evade           [Run3ModelGen.modelgen]
2024-08-09 10:32:04 [info     ] Generating Model: 1.slha (2/3) [Run3ModelGen.modelgen]
2024-08-09 10:32:04 [info     ] 	running step: prep_input      [Run3ModelGen.modelgen]
2024-08-09 10:32:04 [info     ] 	running step: SPheno          [Run3ModelGen.modelgen]
2024-08-09 10:32:04 [info     ] 	running step: softsusy        [Run3ModelGen.modelgen]
2024-08-09 10:32:04 [info     ] 	running step: micromegas      [Run3ModelGen.modelgen]
2024-08-09 10:32:04 [info     ] 	running step: superiso        [Run3ModelGen.modelgen]
2024-08-09 10:32:04 [info     ] 	running step: gm2calc         [Run3ModelGen.modelgen]
2024-08-09 10:32:04 [info     ] 	running step: evade           [Run3ModelGen.modelgen]
2024-08-09 10:32:04 [info     ] Generating Model: 2.slha (3/3) [Run3ModelGen.modelgen]
2024-08-09 10:32:04 [info     ] 	running step: prep_input      [Run3ModelGen.modelgen]
2024-08-09 10:32:04 [info     ] 	running step: SPheno          [Run3ModelGen.modelgen]
2024-08-09 10:32:05 [info     ] 	running step: softsusy        [Run3ModelGen.modelgen]
2024-08-09 10:32:05 [info     ] 	running step: micromegas      [Run3ModelGen.modelgen]
2024-08-09 10:32:05 [info     ] 	running step: superiso        [Run3ModelGen.modelgen]
2024-08-09 10:32:05 [info     ] 	running step: gm2calc         [Run3ModelGen.modelgen]
2024-08-09 10:32:05 [info     ] 	running step: evade           [Run3ModelGen.modelgen]
2024-08-09 10:32:05 [info     ] Finished generating models! Stats for successful generations (successful/attempted): [Run3ModelGen.modelgen]
2024-08-09 10:32:05 [info     ] 	prep_input: 3/3.              [Run3ModelGen.modelgen]
2024-08-09 10:32:05 [info     ] 	SPheno: 3/3.                  [Run3ModelGen.modelgen]
2024-08-09 10:32:05 [info     ] 	softsusy: 3/3.                [Run3ModelGen.modelgen]
2024-08-09 10:32:05 [info     ] 	micromegas: 3/3.              [Run3ModelGen.modelgen]
2024-08-09 10:32:05 [info     ] 	superiso: 3/3.                [Run3ModelGen.modelgen]
2024-08-09 10:32:05 [info     ] 	gm2calc: 3/3.                 [Run3ModelGen.modelgen]
2024-08-09 10:32:05 [info     ] 	evade: 0/3.                   [Run3ModelGen.modelgen]
2024-08-09 10:32:05 [info     ] Will make NTuple for: /u/dvoss/al_pmssmwithgp/Run3ModelGen/source/Run3ModelGen/scans/scan_7, with 3 models [Run3ModelGen.ntupling]
2024-08-09 10:32:05 [info     ] 	Filling values for model: 0   [Run3ModelGen.ntupling]
2024-08-09 10:32:05 [info     ] Saving NTuple in /u/dvoss/al_pmssmwithgp/Run3ModelGen/source/Run3ModelGen/scans/scan_7/ntuple.0.0.root ... [Run3ModelGen.ntupling]
Completed iteration 7
Starting iteration 8
Initial Training points:  tensor([1.0000, 0.6070, 0.0000], device='cuda:0') torch.Size([3])
Training points after adding:  tensor([1.0000, 0.6070, 0.0000, 0.0030, 0.5566, 0.9259, 0.0030, 0.6677, 0.0681,
        0.0110, 0.1151, 0.0030, 0.0030, 0.2843, 0.1662, 0.2002, 0.0831, 0.0030,
        0.2002, 0.0030, 0.6136, 0.3383, 0.0030, 0.0551], device='cuda:0') torch.Size([24])
points: {307, 190, 911}
Corresponding xs: tensor([-503.5966, -827.3708, 1167.8534], device='cuda:0')
Plot saved to /raven/u/dvoss/al_pmssmwithgp/model/plots/Iter8/gp_plot.png
YAML file has been created: /u/dvoss/al_pmssmwithgp/Run3ModelGen/source/Run3ModelGen/data/new_config.yaml
Note: detected 144 virtual cores but NumExpr set to maximum of 64, check "NUMEXPR_MAX_THREADS" environment variable.
Note: NumExpr detected 144 cores but "NUMEXPR_MAX_THREADS" not set, so enforcing safe limit of 8.
NumExpr defaulting to 8 threads.

  ___              ____ __  __          _       _   ___            
 | _ \ _  _  _ _  |__ /|  \/  | ___  __| | ___ | | / __| ___  _ _  
 |   /| || || ' \  |_ \| |\/| |/ _ \/ _` |/ -_)| || (_ |/ -_)| ' \ 
 |_|_\ \_,_||_||_||___/|_|  |_|\___/\__,_|\___||_| \___|\___||_||_|
                                                                   

2024-08-09 10:32:44 [info     ] Initialised ModelGenerator with: [Run3ModelGen.modelgen]
2024-08-09 10:32:44 [info     ] 	config_file = /u/dvoss/al_pmssmwithgp/Run3ModelGen/source/Run3ModelGen/data/new_config.yaml [Run3ModelGen.modelgen]
2024-08-09 10:32:44 [info     ] 	scan_dir = /u/dvoss/al_pmssmwithgp/Run3ModelGen/source/Run3ModelGen/scans/scan_8 [Run3ModelGen.modelgen]
2024-08-09 10:32:44 [info     ] 	rawfilen = /u/dvoss/al_pmssmwithgp/Run3ModelGen/source/Run3ModelGen/data/raw.slha [Run3ModelGen.modelgen]
2024-08-09 10:32:44 [info     ] 	seed = 123                    [Run3ModelGen.modelgen]
2024-08-09 10:32:44 [info     ] 	points = {}                   [Run3ModelGen.modelgen]
2024-08-09 10:32:44 [info     ] 	prior = fixed                 [Run3ModelGen.modelgen]
2024-08-09 10:32:44 [info     ] 	num_models = 3                [Run3ModelGen.modelgen]
2024-08-09 10:32:44 [info     ] 	isGMSB = False                [Run3ModelGen.modelgen]
2024-08-09 10:32:44 [info     ] 	parameters =                  [Run3ModelGen.modelgen]
2024-08-09 10:32:44 [info     ] 		tanb: [60, 60, 60]           [Run3ModelGen.modelgen]
2024-08-09 10:32:44 [info     ] 		M_1: [-503.6, -827.37, 1167.85] [Run3ModelGen.modelgen]
2024-08-09 10:32:44 [info     ] 		M_2: [2000, 2000, 2000]      [Run3ModelGen.modelgen]
2024-08-09 10:32:44 [info     ] 		M_3: [4000, 4000, 4000]      [Run3ModelGen.modelgen]
2024-08-09 10:32:44 [info     ] 		AT: [4000, 4000, 4000]       [Run3ModelGen.modelgen]
2024-08-09 10:32:44 [info     ] 		Ab: [2000, 2000, 2000]       [Run3ModelGen.modelgen]
2024-08-09 10:32:44 [info     ] 		Atau: [2000, 2000, 2000]     [Run3ModelGen.modelgen]
2024-08-09 10:32:44 [info     ] 		mu: [2000, 2000, 2000]       [Run3ModelGen.modelgen]
2024-08-09 10:32:44 [info     ] 		mA: [2000, 2000, 2000]       [Run3ModelGen.modelgen]
2024-08-09 10:32:44 [info     ] 		meL: [2000, 2000, 2000]      [Run3ModelGen.modelgen]
2024-08-09 10:32:44 [info     ] 		mtauL: [2000, 2000, 2000]    [Run3ModelGen.modelgen]
2024-08-09 10:32:44 [info     ] 		meR: [2000, 2000, 2000]      [Run3ModelGen.modelgen]
2024-08-09 10:32:44 [info     ] 		mtauR: [2000, 2000, 2000]    [Run3ModelGen.modelgen]
2024-08-09 10:32:44 [info     ] 		mqL1: [4000, 4000, 4000]     [Run3ModelGen.modelgen]
2024-08-09 10:32:44 [info     ] 		mqL3: [4000, 4000, 4000]     [Run3ModelGen.modelgen]
2024-08-09 10:32:44 [info     ] 		muR: [4000, 4000, 4000]      [Run3ModelGen.modelgen]
2024-08-09 10:32:44 [info     ] 		mtR: [4000, 4000, 4000]      [Run3ModelGen.modelgen]
2024-08-09 10:32:44 [info     ] 		mdR: [4000, 4000, 4000]      [Run3ModelGen.modelgen]
2024-08-09 10:32:44 [info     ] 		mbR: [4000, 4000, 4000]      [Run3ModelGen.modelgen]
2024-08-09 10:32:44 [info     ] 	steps =                       [Run3ModelGen.modelgen]
2024-08-09 10:32:44 [info     ] 		{'name': 'prep_input', 'output_dir': 'input', 'prefix': 'IN'} [Run3ModelGen.modelgen]
2024-08-09 10:32:44 [info     ] 		{'name': 'SPheno', 'input_dir': 'input', 'output_dir': 'SPheno', 'log_dir': 'SPheno_log', 'prefix': 'SP'} [Run3ModelGen.modelgen]
2024-08-09 10:32:44 [info     ] 		{'name': 'softsusy', 'input_dir': 'input', 'output_dir': 'softsusy', 'prefix': 'SS'} [Run3ModelGen.modelgen]
2024-08-09 10:32:44 [info     ] 		{'name': 'micromegas', 'input_dir': 'SPheno', 'output_dir': 'micromegas', 'prefix': 'MO'} [Run3ModelGen.modelgen]
2024-08-09 10:32:44 [info     ] 		{'name': 'superiso', 'input_dir': 'SPheno', 'output_dir': 'superiso', 'prefix': 'SI'} [Run3ModelGen.modelgen]
2024-08-09 10:32:44 [info     ] 		{'name': 'gm2calc', 'input_dir': 'SPheno', 'output_dir': 'gm2calc', 'prefix': 'GM2'} [Run3ModelGen.modelgen]
2024-08-09 10:32:44 [info     ] 		{'name': 'evade', 'input_dir': 'SPheno', 'output_dir': 'evade', 'prefix': 'EV'} [Run3ModelGen.modelgen]
2024-08-09 10:32:44 [info     ] Starting Model Generation...   [Run3ModelGen.modelgen]
2024-08-09 10:32:44 [info     ] Setting up output directories for scan [Run3ModelGen.modelgen]
2024-08-09 10:32:44 [info     ] Generating Model: 0.slha (1/3) [Run3ModelGen.modelgen]
2024-08-09 10:32:44 [info     ] 	running step: prep_input      [Run3ModelGen.modelgen]
2024-08-09 10:32:44 [info     ] 	running step: SPheno          [Run3ModelGen.modelgen]
2024-08-09 10:32:44 [info     ] 	running step: softsusy        [Run3ModelGen.modelgen]
2024-08-09 10:32:44 [info     ] 	running step: micromegas      [Run3ModelGen.modelgen]
2024-08-09 10:32:45 [info     ] 	running step: superiso        [Run3ModelGen.modelgen]
2024-08-09 10:32:45 [info     ] 	running step: gm2calc         [Run3ModelGen.modelgen]
2024-08-09 10:32:45 [info     ] 	running step: evade           [Run3ModelGen.modelgen]
2024-08-09 10:32:45 [info     ] Generating Model: 1.slha (2/3) [Run3ModelGen.modelgen]
2024-08-09 10:32:45 [info     ] 	running step: prep_input      [Run3ModelGen.modelgen]
2024-08-09 10:32:45 [info     ] 	running step: SPheno          [Run3ModelGen.modelgen]
2024-08-09 10:32:45 [info     ] 	running step: softsusy        [Run3ModelGen.modelgen]
2024-08-09 10:32:45 [info     ] 	running step: micromegas      [Run3ModelGen.modelgen]
2024-08-09 10:32:45 [info     ] 	running step: superiso        [Run3ModelGen.modelgen]
2024-08-09 10:32:46 [info     ] 	running step: gm2calc         [Run3ModelGen.modelgen]
2024-08-09 10:32:46 [info     ] 	running step: evade           [Run3ModelGen.modelgen]
2024-08-09 10:32:46 [info     ] Generating Model: 2.slha (3/3) [Run3ModelGen.modelgen]
2024-08-09 10:32:46 [info     ] 	running step: prep_input      [Run3ModelGen.modelgen]
2024-08-09 10:32:46 [info     ] 	running step: SPheno          [Run3ModelGen.modelgen]
2024-08-09 10:32:46 [info     ] 	running step: softsusy        [Run3ModelGen.modelgen]
2024-08-09 10:32:46 [info     ] 	running step: micromegas      [Run3ModelGen.modelgen]
2024-08-09 10:32:46 [info     ] 	running step: superiso        [Run3ModelGen.modelgen]
2024-08-09 10:32:46 [info     ] 	running step: gm2calc         [Run3ModelGen.modelgen]
2024-08-09 10:32:46 [info     ] 	running step: evade           [Run3ModelGen.modelgen]
2024-08-09 10:32:46 [info     ] Finished generating models! Stats for successful generations (successful/attempted): [Run3ModelGen.modelgen]
2024-08-09 10:32:46 [info     ] 	prep_input: 3/3.              [Run3ModelGen.modelgen]
2024-08-09 10:32:46 [info     ] 	SPheno: 3/3.                  [Run3ModelGen.modelgen]
2024-08-09 10:32:46 [info     ] 	softsusy: 3/3.                [Run3ModelGen.modelgen]
2024-08-09 10:32:46 [info     ] 	micromegas: 3/3.              [Run3ModelGen.modelgen]
2024-08-09 10:32:46 [info     ] 	superiso: 3/3.                [Run3ModelGen.modelgen]
2024-08-09 10:32:46 [info     ] 	gm2calc: 3/3.                 [Run3ModelGen.modelgen]
2024-08-09 10:32:46 [info     ] 	evade: 0/3.                   [Run3ModelGen.modelgen]
2024-08-09 10:32:46 [info     ] Will make NTuple for: /u/dvoss/al_pmssmwithgp/Run3ModelGen/source/Run3ModelGen/scans/scan_8, with 3 models [Run3ModelGen.ntupling]
2024-08-09 10:32:46 [info     ] 	Filling values for model: 0   [Run3ModelGen.ntupling]
2024-08-09 10:32:46 [info     ] Saving NTuple in /u/dvoss/al_pmssmwithgp/Run3ModelGen/source/Run3ModelGen/scans/scan_8/ntuple.0.0.root ... [Run3ModelGen.ntupling]
Completed iteration 8
Starting iteration 9
Initial Training points:  tensor([1.0000, 0.6070, 0.0000], device='cuda:0') torch.Size([3])
Training points after adding:  tensor([1.0000, 0.6070, 0.0000, 0.0030, 0.5566, 0.9259, 0.0030, 0.6677, 0.0681,
        0.0110, 0.1151, 0.0030, 0.0030, 0.2843, 0.1662, 0.2002, 0.0831, 0.0030,
        0.2002, 0.0030, 0.6136, 0.3383, 0.0030, 0.0551, 0.4024, 0.0030, 0.1642],
       device='cuda:0') torch.Size([27])
points: {385, 190, 343}
Corresponding xs: tensor([-287.7471, -827.3708, -403.9738], device='cuda:0')
Plot saved to /raven/u/dvoss/al_pmssmwithgp/model/plots/Iter9/gp_plot.png
YAML file has been created: /u/dvoss/al_pmssmwithgp/Run3ModelGen/source/Run3ModelGen/data/new_config.yaml
Note: detected 144 virtual cores but NumExpr set to maximum of 64, check "NUMEXPR_MAX_THREADS" environment variable.
Note: NumExpr detected 144 cores but "NUMEXPR_MAX_THREADS" not set, so enforcing safe limit of 8.
NumExpr defaulting to 8 threads.

  ___              ____ __  __          _       _   ___            
 | _ \ _  _  _ _  |__ /|  \/  | ___  __| | ___ | | / __| ___  _ _  
 |   /| || || ' \  |_ \| |\/| |/ _ \/ _` |/ -_)| || (_ |/ -_)| ' \ 
 |_|_\ \_,_||_||_||___/|_|  |_|\___/\__,_|\___||_| \___|\___||_||_|
                                                                   

2024-08-09 10:33:26 [info     ] Initialised ModelGenerator with: [Run3ModelGen.modelgen]
2024-08-09 10:33:26 [info     ] 	config_file = /u/dvoss/al_pmssmwithgp/Run3ModelGen/source/Run3ModelGen/data/new_config.yaml [Run3ModelGen.modelgen]
2024-08-09 10:33:26 [info     ] 	scan_dir = /u/dvoss/al_pmssmwithgp/Run3ModelGen/source/Run3ModelGen/scans/scan_9 [Run3ModelGen.modelgen]
2024-08-09 10:33:26 [info     ] 	rawfilen = /u/dvoss/al_pmssmwithgp/Run3ModelGen/source/Run3ModelGen/data/raw.slha [Run3ModelGen.modelgen]
2024-08-09 10:33:26 [info     ] 	seed = 123                    [Run3ModelGen.modelgen]
2024-08-09 10:33:26 [info     ] 	points = {}                   [Run3ModelGen.modelgen]
2024-08-09 10:33:26 [info     ] 	prior = fixed                 [Run3ModelGen.modelgen]
2024-08-09 10:33:26 [info     ] 	num_models = 3                [Run3ModelGen.modelgen]
2024-08-09 10:33:26 [info     ] 	isGMSB = False                [Run3ModelGen.modelgen]
2024-08-09 10:33:26 [info     ] 	parameters =                  [Run3ModelGen.modelgen]
2024-08-09 10:33:26 [info     ] 		tanb: [60, 60, 60]           [Run3ModelGen.modelgen]
2024-08-09 10:33:26 [info     ] 		M_1: [-287.75, -827.37, -403.97] [Run3ModelGen.modelgen]
2024-08-09 10:33:26 [info     ] 		M_2: [2000, 2000, 2000]      [Run3ModelGen.modelgen]
2024-08-09 10:33:26 [info     ] 		M_3: [4000, 4000, 4000]      [Run3ModelGen.modelgen]
2024-08-09 10:33:26 [info     ] 		AT: [4000, 4000, 4000]       [Run3ModelGen.modelgen]
2024-08-09 10:33:26 [info     ] 		Ab: [2000, 2000, 2000]       [Run3ModelGen.modelgen]
2024-08-09 10:33:26 [info     ] 		Atau: [2000, 2000, 2000]     [Run3ModelGen.modelgen]
2024-08-09 10:33:26 [info     ] 		mu: [2000, 2000, 2000]       [Run3ModelGen.modelgen]
2024-08-09 10:33:26 [info     ] 		mA: [2000, 2000, 2000]       [Run3ModelGen.modelgen]
2024-08-09 10:33:26 [info     ] 		meL: [2000, 2000, 2000]      [Run3ModelGen.modelgen]
2024-08-09 10:33:26 [info     ] 		mtauL: [2000, 2000, 2000]    [Run3ModelGen.modelgen]
2024-08-09 10:33:26 [info     ] 		meR: [2000, 2000, 2000]      [Run3ModelGen.modelgen]
2024-08-09 10:33:26 [info     ] 		mtauR: [2000, 2000, 2000]    [Run3ModelGen.modelgen]
2024-08-09 10:33:26 [info     ] 		mqL1: [4000, 4000, 4000]     [Run3ModelGen.modelgen]
2024-08-09 10:33:26 [info     ] 		mqL3: [4000, 4000, 4000]     [Run3ModelGen.modelgen]
2024-08-09 10:33:26 [info     ] 		muR: [4000, 4000, 4000]      [Run3ModelGen.modelgen]
2024-08-09 10:33:26 [info     ] 		mtR: [4000, 4000, 4000]      [Run3ModelGen.modelgen]
2024-08-09 10:33:26 [info     ] 		mdR: [4000, 4000, 4000]      [Run3ModelGen.modelgen]
2024-08-09 10:33:26 [info     ] 		mbR: [4000, 4000, 4000]      [Run3ModelGen.modelgen]
2024-08-09 10:33:26 [info     ] 	steps =                       [Run3ModelGen.modelgen]
2024-08-09 10:33:26 [info     ] 		{'name': 'prep_input', 'output_dir': 'input', 'prefix': 'IN'} [Run3ModelGen.modelgen]
2024-08-09 10:33:26 [info     ] 		{'name': 'SPheno', 'input_dir': 'input', 'output_dir': 'SPheno', 'log_dir': 'SPheno_log', 'prefix': 'SP'} [Run3ModelGen.modelgen]
2024-08-09 10:33:26 [info     ] 		{'name': 'softsusy', 'input_dir': 'input', 'output_dir': 'softsusy', 'prefix': 'SS'} [Run3ModelGen.modelgen]
2024-08-09 10:33:26 [info     ] 		{'name': 'micromegas', 'input_dir': 'SPheno', 'output_dir': 'micromegas', 'prefix': 'MO'} [Run3ModelGen.modelgen]
2024-08-09 10:33:26 [info     ] 		{'name': 'superiso', 'input_dir': 'SPheno', 'output_dir': 'superiso', 'prefix': 'SI'} [Run3ModelGen.modelgen]
2024-08-09 10:33:26 [info     ] 		{'name': 'gm2calc', 'input_dir': 'SPheno', 'output_dir': 'gm2calc', 'prefix': 'GM2'} [Run3ModelGen.modelgen]
2024-08-09 10:33:26 [info     ] 		{'name': 'evade', 'input_dir': 'SPheno', 'output_dir': 'evade', 'prefix': 'EV'} [Run3ModelGen.modelgen]
2024-08-09 10:33:26 [info     ] Starting Model Generation...   [Run3ModelGen.modelgen]
2024-08-09 10:33:26 [info     ] Setting up output directories for scan [Run3ModelGen.modelgen]
2024-08-09 10:33:26 [info     ] Generating Model: 0.slha (1/3) [Run3ModelGen.modelgen]
2024-08-09 10:33:26 [info     ] 	running step: prep_input      [Run3ModelGen.modelgen]
2024-08-09 10:33:26 [info     ] 	running step: SPheno          [Run3ModelGen.modelgen]
2024-08-09 10:33:26 [info     ] 	running step: softsusy        [Run3ModelGen.modelgen]
2024-08-09 10:33:26 [info     ] 	running step: micromegas      [Run3ModelGen.modelgen]
2024-08-09 10:33:26 [info     ] 	running step: superiso        [Run3ModelGen.modelgen]
2024-08-09 10:33:26 [info     ] 	running step: gm2calc         [Run3ModelGen.modelgen]
2024-08-09 10:33:26 [info     ] 	running step: evade           [Run3ModelGen.modelgen]
2024-08-09 10:33:26 [info     ] Generating Model: 1.slha (2/3) [Run3ModelGen.modelgen]
2024-08-09 10:33:26 [info     ] 	running step: prep_input      [Run3ModelGen.modelgen]
2024-08-09 10:33:26 [info     ] 	running step: SPheno          [Run3ModelGen.modelgen]
2024-08-09 10:33:27 [info     ] 	running step: softsusy        [Run3ModelGen.modelgen]
2024-08-09 10:33:27 [info     ] 	running step: micromegas      [Run3ModelGen.modelgen]
2024-08-09 10:33:27 [info     ] 	running step: superiso        [Run3ModelGen.modelgen]
2024-08-09 10:33:27 [info     ] 	running step: gm2calc         [Run3ModelGen.modelgen]
2024-08-09 10:33:27 [info     ] 	running step: evade           [Run3ModelGen.modelgen]
2024-08-09 10:33:27 [info     ] Generating Model: 2.slha (3/3) [Run3ModelGen.modelgen]
2024-08-09 10:33:27 [info     ] 	running step: prep_input      [Run3ModelGen.modelgen]
2024-08-09 10:33:27 [info     ] 	running step: SPheno          [Run3ModelGen.modelgen]
2024-08-09 10:33:27 [info     ] 	running step: softsusy        [Run3ModelGen.modelgen]
2024-08-09 10:33:27 [info     ] 	running step: micromegas      [Run3ModelGen.modelgen]
2024-08-09 10:33:27 [info     ] 	running step: superiso        [Run3ModelGen.modelgen]
2024-08-09 10:33:28 [info     ] 	running step: gm2calc         [Run3ModelGen.modelgen]
2024-08-09 10:33:28 [info     ] 	running step: evade           [Run3ModelGen.modelgen]
2024-08-09 10:33:28 [info     ] Finished generating models! Stats for successful generations (successful/attempted): [Run3ModelGen.modelgen]
2024-08-09 10:33:28 [info     ] 	prep_input: 3/3.              [Run3ModelGen.modelgen]
2024-08-09 10:33:28 [info     ] 	SPheno: 3/3.                  [Run3ModelGen.modelgen]
2024-08-09 10:33:28 [info     ] 	softsusy: 3/3.                [Run3ModelGen.modelgen]
2024-08-09 10:33:28 [info     ] 	micromegas: 3/3.              [Run3ModelGen.modelgen]
2024-08-09 10:33:28 [info     ] 	superiso: 3/3.                [Run3ModelGen.modelgen]
2024-08-09 10:33:28 [info     ] 	gm2calc: 3/3.                 [Run3ModelGen.modelgen]
2024-08-09 10:33:28 [info     ] 	evade: 0/3.                   [Run3ModelGen.modelgen]
2024-08-09 10:33:28 [info     ] Will make NTuple for: /u/dvoss/al_pmssmwithgp/Run3ModelGen/source/Run3ModelGen/scans/scan_9, with 3 models [Run3ModelGen.ntupling]
2024-08-09 10:33:28 [info     ] 	Filling values for model: 0   [Run3ModelGen.ntupling]
2024-08-09 10:33:28 [info     ] Saving NTuple in /u/dvoss/al_pmssmwithgp/Run3ModelGen/source/Run3ModelGen/scans/scan_9/ntuple.0.0.root ... [Run3ModelGen.ntupling]
Completed iteration 9
Starting iteration 10
Initial Training points:  tensor([1.0000, 0.6070, 0.0000], device='cuda:0') torch.Size([3])
Training points after adding:  tensor([1.0000, 0.6070, 0.0000, 0.0030, 0.5566, 0.9259, 0.0030, 0.6677, 0.0681,
        0.0110, 0.1151, 0.0030, 0.0030, 0.2843, 0.1662, 0.2002, 0.0831, 0.0030,
        0.2002, 0.0030, 0.6136, 0.3383, 0.0030, 0.0551, 0.4024, 0.0030, 0.1642,
        0.1211, 0.0030, 0.9980], device='cuda:0') torch.Size([30])
points: {404, 725, 190}
Corresponding xs: tensor([-235.1683,  653.1353, -827.3708], device='cuda:0')
Plot saved to /raven/u/dvoss/al_pmssmwithgp/model/plots/Iter10/gp_plot.png
YAML file has been created: /u/dvoss/al_pmssmwithgp/Run3ModelGen/source/Run3ModelGen/data/new_config.yaml
Note: detected 144 virtual cores but NumExpr set to maximum of 64, check "NUMEXPR_MAX_THREADS" environment variable.
Note: NumExpr detected 144 cores but "NUMEXPR_MAX_THREADS" not set, so enforcing safe limit of 8.
NumExpr defaulting to 8 threads.

  ___              ____ __  __          _       _   ___            
 | _ \ _  _  _ _  |__ /|  \/  | ___  __| | ___ | | / __| ___  _ _  
 |   /| || || ' \  |_ \| |\/| |/ _ \/ _` |/ -_)| || (_ |/ -_)| ' \ 
 |_|_\ \_,_||_||_||___/|_|  |_|\___/\__,_|\___||_| \___|\___||_||_|
                                                                   

2024-08-09 10:34:07 [info     ] Initialised ModelGenerator with: [Run3ModelGen.modelgen]
2024-08-09 10:34:07 [info     ] 	config_file = /u/dvoss/al_pmssmwithgp/Run3ModelGen/source/Run3ModelGen/data/new_config.yaml [Run3ModelGen.modelgen]
2024-08-09 10:34:07 [info     ] 	scan_dir = /u/dvoss/al_pmssmwithgp/Run3ModelGen/source/Run3ModelGen/scans/scan_10 [Run3ModelGen.modelgen]
2024-08-09 10:34:07 [info     ] 	rawfilen = /u/dvoss/al_pmssmwithgp/Run3ModelGen/source/Run3ModelGen/data/raw.slha [Run3ModelGen.modelgen]
2024-08-09 10:34:07 [info     ] 	seed = 123                    [Run3ModelGen.modelgen]
2024-08-09 10:34:07 [info     ] 	points = {}                   [Run3ModelGen.modelgen]
2024-08-09 10:34:07 [info     ] 	prior = fixed                 [Run3ModelGen.modelgen]
2024-08-09 10:34:07 [info     ] 	num_models = 3                [Run3ModelGen.modelgen]
2024-08-09 10:34:07 [info     ] 	isGMSB = False                [Run3ModelGen.modelgen]
2024-08-09 10:34:07 [info     ] 	parameters =                  [Run3ModelGen.modelgen]
2024-08-09 10:34:07 [info     ] 		tanb: [60, 60, 60]           [Run3ModelGen.modelgen]
2024-08-09 10:34:07 [info     ] 		M_1: [-235.17, 653.14, -827.37] [Run3ModelGen.modelgen]
2024-08-09 10:34:07 [info     ] 		M_2: [2000, 2000, 2000]      [Run3ModelGen.modelgen]
2024-08-09 10:34:07 [info     ] 		M_3: [4000, 4000, 4000]      [Run3ModelGen.modelgen]
2024-08-09 10:34:07 [info     ] 		AT: [4000, 4000, 4000]       [Run3ModelGen.modelgen]
2024-08-09 10:34:07 [info     ] 		Ab: [2000, 2000, 2000]       [Run3ModelGen.modelgen]
2024-08-09 10:34:07 [info     ] 		Atau: [2000, 2000, 2000]     [Run3ModelGen.modelgen]
2024-08-09 10:34:07 [info     ] 		mu: [2000, 2000, 2000]       [Run3ModelGen.modelgen]
2024-08-09 10:34:07 [info     ] 		mA: [2000, 2000, 2000]       [Run3ModelGen.modelgen]
2024-08-09 10:34:07 [info     ] 		meL: [2000, 2000, 2000]      [Run3ModelGen.modelgen]
2024-08-09 10:34:07 [info     ] 		mtauL: [2000, 2000, 2000]    [Run3ModelGen.modelgen]
2024-08-09 10:34:07 [info     ] 		meR: [2000, 2000, 2000]      [Run3ModelGen.modelgen]
2024-08-09 10:34:07 [info     ] 		mtauR: [2000, 2000, 2000]    [Run3ModelGen.modelgen]
2024-08-09 10:34:07 [info     ] 		mqL1: [4000, 4000, 4000]     [Run3ModelGen.modelgen]
2024-08-09 10:34:07 [info     ] 		mqL3: [4000, 4000, 4000]     [Run3ModelGen.modelgen]
2024-08-09 10:34:07 [info     ] 		muR: [4000, 4000, 4000]      [Run3ModelGen.modelgen]
2024-08-09 10:34:07 [info     ] 		mtR: [4000, 4000, 4000]      [Run3ModelGen.modelgen]
2024-08-09 10:34:07 [info     ] 		mdR: [4000, 4000, 4000]      [Run3ModelGen.modelgen]
2024-08-09 10:34:07 [info     ] 		mbR: [4000, 4000, 4000]      [Run3ModelGen.modelgen]
2024-08-09 10:34:07 [info     ] 	steps =                       [Run3ModelGen.modelgen]
2024-08-09 10:34:07 [info     ] 		{'name': 'prep_input', 'output_dir': 'input', 'prefix': 'IN'} [Run3ModelGen.modelgen]
2024-08-09 10:34:07 [info     ] 		{'name': 'SPheno', 'input_dir': 'input', 'output_dir': 'SPheno', 'log_dir': 'SPheno_log', 'prefix': 'SP'} [Run3ModelGen.modelgen]
2024-08-09 10:34:07 [info     ] 		{'name': 'softsusy', 'input_dir': 'input', 'output_dir': 'softsusy', 'prefix': 'SS'} [Run3ModelGen.modelgen]
2024-08-09 10:34:07 [info     ] 		{'name': 'micromegas', 'input_dir': 'SPheno', 'output_dir': 'micromegas', 'prefix': 'MO'} [Run3ModelGen.modelgen]
2024-08-09 10:34:07 [info     ] 		{'name': 'superiso', 'input_dir': 'SPheno', 'output_dir': 'superiso', 'prefix': 'SI'} [Run3ModelGen.modelgen]
2024-08-09 10:34:07 [info     ] 		{'name': 'gm2calc', 'input_dir': 'SPheno', 'output_dir': 'gm2calc', 'prefix': 'GM2'} [Run3ModelGen.modelgen]
2024-08-09 10:34:07 [info     ] 		{'name': 'evade', 'input_dir': 'SPheno', 'output_dir': 'evade', 'prefix': 'EV'} [Run3ModelGen.modelgen]
2024-08-09 10:34:07 [info     ] Starting Model Generation...   [Run3ModelGen.modelgen]
2024-08-09 10:34:07 [info     ] Setting up output directories for scan [Run3ModelGen.modelgen]
2024-08-09 10:34:07 [info     ] Generating Model: 0.slha (1/3) [Run3ModelGen.modelgen]
2024-08-09 10:34:07 [info     ] 	running step: prep_input      [Run3ModelGen.modelgen]
2024-08-09 10:34:07 [info     ] 	running step: SPheno          [Run3ModelGen.modelgen]
2024-08-09 10:34:07 [info     ] 	running step: softsusy        [Run3ModelGen.modelgen]
2024-08-09 10:34:07 [info     ] 	running step: micromegas      [Run3ModelGen.modelgen]
2024-08-09 10:34:07 [info     ] 	running step: superiso        [Run3ModelGen.modelgen]
2024-08-09 10:34:07 [info     ] 	running step: gm2calc         [Run3ModelGen.modelgen]
2024-08-09 10:34:07 [info     ] 	running step: evade           [Run3ModelGen.modelgen]
2024-08-09 10:34:07 [info     ] Generating Model: 1.slha (2/3) [Run3ModelGen.modelgen]
2024-08-09 10:34:07 [info     ] 	running step: prep_input      [Run3ModelGen.modelgen]
2024-08-09 10:34:07 [info     ] 	running step: SPheno          [Run3ModelGen.modelgen]
2024-08-09 10:34:08 [info     ] 	running step: softsusy        [Run3ModelGen.modelgen]
2024-08-09 10:34:08 [info     ] 	running step: micromegas      [Run3ModelGen.modelgen]
2024-08-09 10:34:08 [info     ] 	running step: superiso        [Run3ModelGen.modelgen]
2024-08-09 10:34:08 [info     ] 	running step: gm2calc         [Run3ModelGen.modelgen]
2024-08-09 10:34:08 [info     ] 	running step: evade           [Run3ModelGen.modelgen]
2024-08-09 10:34:08 [info     ] Generating Model: 2.slha (3/3) [Run3ModelGen.modelgen]
2024-08-09 10:34:08 [info     ] 	running step: prep_input      [Run3ModelGen.modelgen]
2024-08-09 10:34:08 [info     ] 	running step: SPheno          [Run3ModelGen.modelgen]
2024-08-09 10:34:08 [info     ] 	running step: softsusy        [Run3ModelGen.modelgen]
2024-08-09 10:34:08 [info     ] 	running step: micromegas      [Run3ModelGen.modelgen]
2024-08-09 10:34:09 [info     ] 	running step: superiso        [Run3ModelGen.modelgen]
2024-08-09 10:34:09 [info     ] 	running step: gm2calc         [Run3ModelGen.modelgen]
2024-08-09 10:34:09 [info     ] 	running step: evade           [Run3ModelGen.modelgen]
2024-08-09 10:34:09 [info     ] Finished generating models! Stats for successful generations (successful/attempted): [Run3ModelGen.modelgen]
2024-08-09 10:34:09 [info     ] 	prep_input: 3/3.              [Run3ModelGen.modelgen]
2024-08-09 10:34:09 [info     ] 	SPheno: 3/3.                  [Run3ModelGen.modelgen]
2024-08-09 10:34:09 [info     ] 	softsusy: 3/3.                [Run3ModelGen.modelgen]
2024-08-09 10:34:09 [info     ] 	micromegas: 3/3.              [Run3ModelGen.modelgen]
2024-08-09 10:34:09 [info     ] 	superiso: 3/3.                [Run3ModelGen.modelgen]
2024-08-09 10:34:09 [info     ] 	gm2calc: 3/3.                 [Run3ModelGen.modelgen]
2024-08-09 10:34:09 [info     ] 	evade: 0/3.                   [Run3ModelGen.modelgen]
2024-08-09 10:34:09 [info     ] Will make NTuple for: /u/dvoss/al_pmssmwithgp/Run3ModelGen/source/Run3ModelGen/scans/scan_10, with 3 models [Run3ModelGen.ntupling]
2024-08-09 10:34:09 [info     ] 	Filling values for model: 0   [Run3ModelGen.ntupling]
2024-08-09 10:34:09 [info     ] Saving NTuple in /u/dvoss/al_pmssmwithgp/Run3ModelGen/source/Run3ModelGen/scans/scan_10/ntuple.0.0.root ... [Run3ModelGen.ntupling]
Completed iteration 10
All iterations completed.
                                  
================================= 
Global information about the job: 
================================= 
  
Job owner: dvoss(54815)
Job name:  test
Node list: ravg1129
Job start: Fri Aug  9 10:26:16 CEST 2024
Job end:   Fri Aug  9 10:34:15 CEST 2024
Work dir:  /raven/u/dvoss/al_pmssmwithgp/model
Command:   /raven/u/dvoss/al_pmssmwithgp/model/slurm/single_job.sbatch
  
  
  
==========================================================================================
Information on jobsteps (Note: MaxRSS/AveRSS is the maximum/average over all 
tasks of the per-task memory high-water marks; cf. "man sacct"): 
==========================================================================================
  
JobID            JobName NNodes NTasks  NCPUS       MaxRSS       AveRSS    Elapsed ExitCode
------------- ---------- ------ ------ ------ ------------ ------------ ---------- --------
12293443            test      1             4                             00:07:59      0:0
12293443.0        job.sh      1      1      4     2376.99M     2376.99M   00:07:40      0:0
  
Maximum memory per node: 2.492452 GB (defined as MaxRSS*Ntasks/NNodes)
CPU utilization: 17.5 %
  
