Defaulting to user installation because normal site-packages is not writeable
Requirement already satisfied: uproot in /raven/u/dvoss/.local/lib/python3.9/site-packages (5.3.10)
Requirement already satisfied: typing-extensions>=4.1.0 in /raven/u/dvoss/.local/lib/python3.9/site-packages (from uproot) (4.12.2)
Requirement already satisfied: awkward>=2.4.6 in /raven/u/dvoss/.local/lib/python3.9/site-packages (from uproot) (2.6.6)
Requirement already satisfied: numpy in /raven/u/dvoss/.local/lib/python3.9/site-packages (from uproot) (1.22.4)
Requirement already satisfied: cramjam>=2.5.0 in /raven/u/dvoss/.local/lib/python3.9/site-packages (from uproot) (2.8.3)
Requirement already satisfied: fsspec in /raven/u/dvoss/.local/lib/python3.9/site-packages (from uproot) (2024.6.1)
Requirement already satisfied: packaging in /raven/u/system/soft/SLE_15/packages/x86_64/anaconda/3/2021.11/lib/python3.9/site-packages (from uproot) (21.0)
Requirement already satisfied: awkward-cpp==35 in /raven/u/dvoss/.local/lib/python3.9/site-packages (from awkward>=2.4.6->uproot) (35)
Requirement already satisfied: importlib-metadata>=4.13.0 in /raven/u/dvoss/.local/lib/python3.9/site-packages (from awkward>=2.4.6->uproot) (8.0.0)
Requirement already satisfied: zipp>=0.5 in /raven/u/system/soft/SLE_15/packages/x86_64/anaconda/3/2021.11/lib/python3.9/site-packages (from importlib-metadata>=4.13.0->awkward>=2.4.6->uproot) (3.6.0)
Requirement already satisfied: pyparsing>=2.0.2 in /raven/u/system/soft/SLE_15/packages/x86_64/anaconda/3/2021.11/lib/python3.9/site-packages (from packaging->uproot) (3.0.4)
Defaulting to user installation because normal site-packages is not writeable
Collecting argparse
  Using cached argparse-1.4.0-py2.py3-none-any.whl (23 kB)
Installing collected packages: argparse
Successfully installed argparse-1.4.0
Defaulting to user installation because normal site-packages is not writeable
Requirement already satisfied: pyslha in /raven/u/dvoss/.local/lib/python3.9/site-packages (3.2.6)
Requirement already satisfied: tex2pix>=0.1.5 in /raven/u/dvoss/.local/lib/python3.9/site-packages (from pyslha) (0.3.1)
Defaulting to user installation because normal site-packages is not writeable
Requirement already satisfied: structlog in /raven/u/dvoss/.local/lib/python3.9/site-packages (24.4.0)
Defaulting to user installation because normal site-packages is not writeable
Requirement already satisfied: imageio[ffmpeg] in /raven/u/system/soft/SLE_15/packages/x86_64/anaconda/3/2021.11/lib/python3.9/site-packages (2.9.0)
Requirement already satisfied: Pillow in /raven/u/system/soft/SLE_15/packages/x86_64/anaconda/3/2021.11/lib/python3.9/site-packages (8.4.0)
Requirement already satisfied: numpy in /raven/u/dvoss/.local/lib/python3.9/site-packages (from imageio[ffmpeg]) (1.22.4)
Requirement already satisfied: imageio-ffmpeg in /raven/u/dvoss/.local/lib/python3.9/site-packages (from imageio[ffmpeg]) (0.5.1)
Requirement already satisfied: setuptools in /raven/u/system/soft/SLE_15/packages/x86_64/anaconda/3/2021.11/lib/python3.9/site-packages (from imageio-ffmpeg->imageio[ffmpeg]) (58.0.4)
Defaulting to user installation because normal site-packages is not writeable
Requirement already satisfied: seaborn in /raven/u/system/soft/SLE_15/packages/x86_64/anaconda/3/2021.11/lib/python3.9/site-packages (0.11.2)
Requirement already satisfied: numpy>=1.15 in /raven/u/dvoss/.local/lib/python3.9/site-packages (from seaborn) (1.22.4)
Requirement already satisfied: pandas>=0.23 in /raven/u/system/soft/SLE_15/packages/x86_64/anaconda/3/2021.11/lib/python3.9/site-packages (from seaborn) (1.3.4)
Requirement already satisfied: matplotlib>=2.2 in /raven/u/system/soft/SLE_15/packages/x86_64/anaconda/3/2021.11/lib/python3.9/site-packages (from seaborn) (3.4.3)
Requirement already satisfied: scipy>=1.0 in /raven/u/system/soft/SLE_15/packages/x86_64/anaconda/3/2021.11/lib/python3.9/site-packages (from seaborn) (1.7.1)
Requirement already satisfied: python-dateutil>=2.7 in /raven/u/system/soft/SLE_15/packages/x86_64/anaconda/3/2021.11/lib/python3.9/site-packages (from matplotlib>=2.2->seaborn) (2.8.2)
Requirement already satisfied: pillow>=6.2.0 in /raven/u/system/soft/SLE_15/packages/x86_64/anaconda/3/2021.11/lib/python3.9/site-packages (from matplotlib>=2.2->seaborn) (8.4.0)
Requirement already satisfied: cycler>=0.10 in /raven/u/system/soft/SLE_15/packages/x86_64/anaconda/3/2021.11/lib/python3.9/site-packages (from matplotlib>=2.2->seaborn) (0.10.0)
Requirement already satisfied: kiwisolver>=1.0.1 in /raven/u/system/soft/SLE_15/packages/x86_64/anaconda/3/2021.11/lib/python3.9/site-packages (from matplotlib>=2.2->seaborn) (1.3.1)
Requirement already satisfied: pyparsing>=2.2.1 in /raven/u/system/soft/SLE_15/packages/x86_64/anaconda/3/2021.11/lib/python3.9/site-packages (from matplotlib>=2.2->seaborn) (3.0.4)
Requirement already satisfied: six in /raven/u/system/soft/SLE_15/packages/x86_64/anaconda/3/2021.11/lib/python3.9/site-packages (from cycler>=0.10->matplotlib>=2.2->seaborn) (1.16.0)
Requirement already satisfied: pytz>=2017.3 in /raven/u/system/soft/SLE_15/packages/x86_64/anaconda/3/2021.11/lib/python3.9/site-packages (from pandas>=0.23->seaborn) (2021.3)
Starting iteration 1
Initial Training points:  tensor([[0.9647, 0.7351],
        [0.1019, 0.9111],
        [0.8717, 0.9066],
        [0.0468, 0.9251],
        [0.4701, 0.5872],
        [0.1279, 0.6364],
        [0.5889, 0.9969],
        [0.1019, 0.5436],
        [0.4153, 0.7228],
        [0.4101, 0.6910],
        [0.7802, 0.6621],
        [0.9893, 0.7288],
        [0.9535, 0.8856],
        [0.4562, 0.6940],
        [0.4799, 0.9554],
        [0.6996, 0.7180],
        [0.0599, 0.6189],
        [0.9855, 0.5652],
        [0.8374, 0.5176],
        [0.6308, 0.9227],
        [0.5831, 0.8001],
        [0.3115, 0.8512],
        [0.2337, 0.5724],
        [0.4235, 0.6310],
        [0.2466, 0.8977],
        [0.9229, 0.8878],
        [0.4679, 0.6797],
        [0.3347, 0.9350],
        [0.3835, 0.8552],
        [0.8467, 0.8634],
        [0.7416, 0.8137],
        [0.7647, 0.8564],
        [0.9797, 0.9393],
        [0.5672, 0.9260],
        [0.5847, 0.9007],
        [0.0139, 0.6003],
        [0.3193, 0.8959],
        [0.2754, 0.8516],
        [0.5327, 0.8367],
        [0.9344, 0.5971],
        [0.7339, 0.5261],
        [0.4396, 0.9178],
        [0.9239, 0.7690],
        [0.8498, 0.7095],
        [0.9250, 0.5892],
        [0.5891, 0.9316],
        [0.3271, 0.5052],
        [0.3176, 0.8305],
        [0.0651, 0.9412],
        [0.9548, 0.6900]], device='cuda:0') torch.Size([50, 2])
These training_points are used in the GP tensor([[0.9647, 0.7351],
        [0.1019, 0.9111],
        [0.8717, 0.9066],
        [0.0468, 0.9251],
        [0.4701, 0.5872],
        [0.1279, 0.6364],
        [0.5889, 0.9969],
        [0.1019, 0.5436],
        [0.4153, 0.7228],
        [0.4101, 0.6910],
        [0.7802, 0.6621],
        [0.9893, 0.7288],
        [0.9535, 0.8856],
        [0.4562, 0.6940],
        [0.4799, 0.9554],
        [0.6996, 0.7180],
        [0.0599, 0.6189],
        [0.9855, 0.5652],
        [0.8374, 0.5176],
        [0.6308, 0.9227],
        [0.5831, 0.8001],
        [0.3115, 0.8512],
        [0.2337, 0.5724],
        [0.4235, 0.6310],
        [0.2466, 0.8977],
        [0.9229, 0.8878],
        [0.4679, 0.6797],
        [0.3347, 0.9350],
        [0.3835, 0.8552],
        [0.8467, 0.8634],
        [0.7416, 0.8137],
        [0.7647, 0.8564],
        [0.9797, 0.9393],
        [0.5672, 0.9260],
        [0.5847, 0.9007],
        [0.0139, 0.6003],
        [0.3193, 0.8959],
        [0.2754, 0.8516],
        [0.5327, 0.8367],
        [0.9344, 0.5971],
        [0.7339, 0.5261],
        [0.4396, 0.9178],
        [0.9239, 0.7690],
        [0.8498, 0.7095],
        [0.9250, 0.5892],
        [0.5891, 0.9316],
        [0.3271, 0.5052],
        [0.3176, 0.8305],
        [0.0651, 0.9412],
        [0.9548, 0.6900]], device='cuda:0')
Iteration 0: x_train shape: torch.Size([50, 2]), y_train shape: torch.Size([50])
Output mean shape: torch.Size([50])
Iter 1 / 750 - Loss (Train): 1177.338 - Loss (Val): 10.481
Iteration 1: x_train shape: torch.Size([50, 2]), y_train shape: torch.Size([50])
Output mean shape: torch.Size([50])
Iteration 2: x_train shape: torch.Size([50, 2]), y_train shape: torch.Size([50])
Output mean shape: torch.Size([50])
Iteration 3: x_train shape: torch.Size([50, 2]), y_train shape: torch.Size([50])
Output mean shape: torch.Size([50])
Iteration 4: x_train shape: torch.Size([50, 2]), y_train shape: torch.Size([50])
Output mean shape: torch.Size([50])
Iteration 5: x_train shape: torch.Size([50, 2]), y_train shape: torch.Size([50])
Output mean shape: torch.Size([50])
Iteration 6: x_train shape: torch.Size([50, 2]), y_train shape: torch.Size([50])
Output mean shape: torch.Size([50])
Iteration 7: x_train shape: torch.Size([50, 2]), y_train shape: torch.Size([50])
Output mean shape: torch.Size([50])
Iteration 8: x_train shape: torch.Size([50, 2]), y_train shape: torch.Size([50])
Output mean shape: torch.Size([50])
Iteration 9: x_train shape: torch.Size([50, 2]), y_train shape: torch.Size([50])
Output mean shape: torch.Size([50])
Iteration 10: x_train shape: torch.Size([50, 2]), y_train shape: torch.Size([50])
Output mean shape: torch.Size([50])
Iteration 11: x_train shape: torch.Size([50, 2]), y_train shape: torch.Size([50])
Output mean shape: torch.Size([50])
Iteration 12: x_train shape: torch.Size([50, 2]), y_train shape: torch.Size([50])
Output mean shape: torch.Size([50])
Iteration 13: x_train shape: torch.Size([50, 2]), y_train shape: torch.Size([50])
Output mean shape: torch.Size([50])
Iteration 14: x_train shape: torch.Size([50, 2]), y_train shape: torch.Size([50])
Output mean shape: torch.Size([50])
Iteration 15: x_train shape: torch.Size([50, 2]), y_train shape: torch.Size([50])
Output mean shape: torch.Size([50])
Iteration 16: x_train shape: torch.Size([50, 2]), y_train shape: torch.Size([50])
Output mean shape: torch.Size([50])
Iteration 17: x_train shape: torch.Size([50, 2]), y_train shape: torch.Size([50])
Output mean shape: torch.Size([50])
Iteration 18: x_train shape: torch.Size([50, 2]), y_train shape: torch.Size([50])
Output mean shape: torch.Size([50])
Iteration 19: x_train shape: torch.Size([50, 2]), y_train shape: torch.Size([50])
Output mean shape: torch.Size([50])
Iteration 20: x_train shape: torch.Size([50, 2]), y_train shape: torch.Size([50])
Output mean shape: torch.Size([50])
Iteration 21: x_train shape: torch.Size([50, 2]), y_train shape: torch.Size([50])
Output mean shape: torch.Size([50])
Iteration 22: x_train shape: torch.Size([50, 2]), y_train shape: torch.Size([50])
Output mean shape: torch.Size([50])
Iteration 23: x_train shape: torch.Size([50, 2]), y_train shape: torch.Size([50])
Output mean shape: torch.Size([50])
Iteration 24: x_train shape: torch.Size([50, 2]), y_train shape: torch.Size([50])
Output mean shape: torch.Size([50])
Iteration 25: x_train shape: torch.Size([50, 2]), y_train shape: torch.Size([50])
Output mean shape: torch.Size([50])
Iteration 26: x_train shape: torch.Size([50, 2]), y_train shape: torch.Size([50])
Output mean shape: torch.Size([50])
Iteration 27: x_train shape: torch.Size([50, 2]), y_train shape: torch.Size([50])
Output mean shape: torch.Size([50])
Iteration 28: x_train shape: torch.Size([50, 2]), y_train shape: torch.Size([50])
Output mean shape: torch.Size([50])
Iteration 29: x_train shape: torch.Size([50, 2]), y_train shape: torch.Size([50])
Output mean shape: torch.Size([50])
Iteration 30: x_train shape: torch.Size([50, 2]), y_train shape: torch.Size([50])
Output mean shape: torch.Size([50])
Iteration 31: x_train shape: torch.Size([50, 2]), y_train shape: torch.Size([50])
Output mean shape: torch.Size([50])
Iteration 32: x_train shape: torch.Size([50, 2]), y_train shape: torch.Size([50])
Output mean shape: torch.Size([50])
Iteration 33: x_train shape: torch.Size([50, 2]), y_train shape: torch.Size([50])
Output mean shape: torch.Size([50])
Iteration 34: x_train shape: torch.Size([50, 2]), y_train shape: torch.Size([50])
Output mean shape: torch.Size([50])
Iteration 35: x_train shape: torch.Size([50, 2]), y_train shape: torch.Size([50])
Output mean shape: torch.Size([50])
Iteration 36: x_train shape: torch.Size([50, 2]), y_train shape: torch.Size([50])
Output mean shape: torch.Size([50])
Iteration 37: x_train shape: torch.Size([50, 2]), y_train shape: torch.Size([50])
Output mean shape: torch.Size([50])
Iteration 38: x_train shape: torch.Size([50, 2]), y_train shape: torch.Size([50])
Output mean shape: torch.Size([50])
Iteration 39: x_train shape: torch.Size([50, 2]), y_train shape: torch.Size([50])
Output mean shape: torch.Size([50])
Iteration 40: x_train shape: torch.Size([50, 2]), y_train shape: torch.Size([50])
Output mean shape: torch.Size([50])
Iteration 41: x_train shape: torch.Size([50, 2]), y_train shape: torch.Size([50])
Output mean shape: torch.Size([50])
Iteration 42: x_train shape: torch.Size([50, 2]), y_train shape: torch.Size([50])
Output mean shape: torch.Size([50])
Iteration 43: x_train shape: torch.Size([50, 2]), y_train shape: torch.Size([50])
Output mean shape: torch.Size([50])
Iteration 44: x_train shape: torch.Size([50, 2]), y_train shape: torch.Size([50])
Output mean shape: torch.Size([50])
Iteration 45: x_train shape: torch.Size([50, 2]), y_train shape: torch.Size([50])
Output mean shape: torch.Size([50])
Iteration 46: x_train shape: torch.Size([50, 2]), y_train shape: torch.Size([50])
Output mean shape: torch.Size([50])
Iteration 47: x_train shape: torch.Size([50, 2]), y_train shape: torch.Size([50])
Output mean shape: torch.Size([50])
Iteration 48: x_train shape: torch.Size([50, 2]), y_train shape: torch.Size([50])
Output mean shape: torch.Size([50])
Iteration 49: x_train shape: torch.Size([50, 2]), y_train shape: torch.Size([50])
Output mean shape: torch.Size([50])
Iteration 50: x_train shape: torch.Size([50, 2]), y_train shape: torch.Size([50])
Output mean shape: torch.Size([50])
Iteration 51: x_train shape: torch.Size([50, 2]), y_train shape: torch.Size([50])
Output mean shape: torch.Size([50])
Iteration 52: x_train shape: torch.Size([50, 2]), y_train shape: torch.Size([50])
Output mean shape: torch.Size([50])
Iteration 53: x_train shape: torch.Size([50, 2]), y_train shape: torch.Size([50])
Output mean shape: torch.Size([50])
Iteration 54: x_train shape: torch.Size([50, 2]), y_train shape: torch.Size([50])
Output mean shape: torch.Size([50])
Iteration 55: x_train shape: torch.Size([50, 2]), y_train shape: torch.Size([50])
Output mean shape: torch.Size([50])
Iteration 56: x_train shape: torch.Size([50, 2]), y_train shape: torch.Size([50])
Output mean shape: torch.Size([50])
Iteration 57: x_train shape: torch.Size([50, 2]), y_train shape: torch.Size([50])
Output mean shape: torch.Size([50])
Iteration 58: x_train shape: torch.Size([50, 2]), y_train shape: torch.Size([50])
Output mean shape: torch.Size([50])
Iteration 59: x_train shape: torch.Size([50, 2]), y_train shape: torch.Size([50])
Output mean shape: torch.Size([50])
Iteration 60: x_train shape: torch.Size([50, 2]), y_train shape: torch.Size([50])
Output mean shape: torch.Size([50])
Iteration 61: x_train shape: torch.Size([50, 2]), y_train shape: torch.Size([50])
Output mean shape: torch.Size([50])
Iteration 62: x_train shape: torch.Size([50, 2]), y_train shape: torch.Size([50])
Output mean shape: torch.Size([50])
Iteration 63: x_train shape: torch.Size([50, 2]), y_train shape: torch.Size([50])
Output mean shape: torch.Size([50])
Iteration 64: x_train shape: torch.Size([50, 2]), y_train shape: torch.Size([50])
Output mean shape: torch.Size([50])
Iteration 65: x_train shape: torch.Size([50, 2]), y_train shape: torch.Size([50])
Output mean shape: torch.Size([50])
Iteration 66: x_train shape: torch.Size([50, 2]), y_train shape: torch.Size([50])
Output mean shape: torch.Size([50])
Iteration 67: x_train shape: torch.Size([50, 2]), y_train shape: torch.Size([50])
Output mean shape: torch.Size([50])
Iteration 68: x_train shape: torch.Size([50, 2]), y_train shape: torch.Size([50])
Output mean shape: torch.Size([50])
Iteration 69: x_train shape: torch.Size([50, 2]), y_train shape: torch.Size([50])
Output mean shape: torch.Size([50])
Iteration 70: x_train shape: torch.Size([50, 2]), y_train shape: torch.Size([50])
Output mean shape: torch.Size([50])
Iteration 71: x_train shape: torch.Size([50, 2]), y_train shape: torch.Size([50])
Output mean shape: torch.Size([50])
Iteration 72: x_train shape: torch.Size([50, 2]), y_train shape: torch.Size([50])
Output mean shape: torch.Size([50])
Iteration 73: x_train shape: torch.Size([50, 2]), y_train shape: torch.Size([50])
Output mean shape: torch.Size([50])
Iteration 74: x_train shape: torch.Size([50, 2]), y_train shape: torch.Size([50])
Output mean shape: torch.Size([50])
Iteration 75: x_train shape: torch.Size([50, 2]), y_train shape: torch.Size([50])
Output mean shape: torch.Size([50])
Iteration 76: x_train shape: torch.Size([50, 2]), y_train shape: torch.Size([50])
Output mean shape: torch.Size([50])
Iteration 77: x_train shape: torch.Size([50, 2]), y_train shape: torch.Size([50])
Output mean shape: torch.Size([50])
Iteration 78: x_train shape: torch.Size([50, 2]), y_train shape: torch.Size([50])
Output mean shape: torch.Size([50])
Iteration 79: x_train shape: torch.Size([50, 2]), y_train shape: torch.Size([50])
Output mean shape: torch.Size([50])
Iteration 80: x_train shape: torch.Size([50, 2]), y_train shape: torch.Size([50])
Output mean shape: torch.Size([50])
Iteration 81: x_train shape: torch.Size([50, 2]), y_train shape: torch.Size([50])
Output mean shape: torch.Size([50])
Iteration 82: x_train shape: torch.Size([50, 2]), y_train shape: torch.Size([50])
Output mean shape: torch.Size([50])
Iteration 83: x_train shape: torch.Size([50, 2]), y_train shape: torch.Size([50])
Output mean shape: torch.Size([50])
Iteration 84: x_train shape: torch.Size([50, 2]), y_train shape: torch.Size([50])
Output mean shape: torch.Size([50])
Iteration 85: x_train shape: torch.Size([50, 2]), y_train shape: torch.Size([50])
Output mean shape: torch.Size([50])
Iteration 86: x_train shape: torch.Size([50, 2]), y_train shape: torch.Size([50])
Output mean shape: torch.Size([50])
Iteration 87: x_train shape: torch.Size([50, 2]), y_train shape: torch.Size([50])
Output mean shape: torch.Size([50])
Iteration 88: x_train shape: torch.Size([50, 2]), y_train shape: torch.Size([50])
Output mean shape: torch.Size([50])
Iteration 89: x_train shape: torch.Size([50, 2]), y_train shape: torch.Size([50])
Output mean shape: torch.Size([50])
Iteration 90: x_train shape: torch.Size([50, 2]), y_train shape: torch.Size([50])
Output mean shape: torch.Size([50])
Iteration 91: x_train shape: torch.Size([50, 2]), y_train shape: torch.Size([50])
Output mean shape: torch.Size([50])
Iteration 92: x_train shape: torch.Size([50, 2]), y_train shape: torch.Size([50])
Output mean shape: torch.Size([50])
Iteration 93: x_train shape: torch.Size([50, 2]), y_train shape: torch.Size([50])
Output mean shape: torch.Size([50])
Iteration 94: x_train shape: torch.Size([50, 2]), y_train shape: torch.Size([50])
Output mean shape: torch.Size([50])
Iteration 95: x_train shape: torch.Size([50, 2]), y_train shape: torch.Size([50])
Output mean shape: torch.Size([50])
Iteration 96: x_train shape: torch.Size([50, 2]), y_train shape: torch.Size([50])
Output mean shape: torch.Size([50])
Iteration 97: x_train shape: torch.Size([50, 2]), y_train shape: torch.Size([50])
Output mean shape: torch.Size([50])
Iteration 98: x_train shape: torch.Size([50, 2]), y_train shape: torch.Size([50])
Output mean shape: torch.Size([50])
Iteration 99: x_train shape: torch.Size([50, 2]), y_train shape: torch.Size([50])
Output mean shape: torch.Size([50])
Iteration 100: x_train shape: torch.Size([50, 2]), y_train shape: torch.Size([50])
Output mean shape: torch.Size([50])
Iter 101 / 750 - Loss (Train): 89.623 - Loss (Val): 2.286
Iteration 101: x_train shape: torch.Size([50, 2]), y_train shape: torch.Size([50])
Output mean shape: torch.Size([50])
Iteration 102: x_train shape: torch.Size([50, 2]), y_train shape: torch.Size([50])
Output mean shape: torch.Size([50])
Iteration 103: x_train shape: torch.Size([50, 2]), y_train shape: torch.Size([50])
Output mean shape: torch.Size([50])
Iteration 104: x_train shape: torch.Size([50, 2]), y_train shape: torch.Size([50])
Output mean shape: torch.Size([50])
Iteration 105: x_train shape: torch.Size([50, 2]), y_train shape: torch.Size([50])
Output mean shape: torch.Size([50])
Iteration 106: x_train shape: torch.Size([50, 2]), y_train shape: torch.Size([50])
Output mean shape: torch.Size([50])
Iteration 107: x_train shape: torch.Size([50, 2]), y_train shape: torch.Size([50])
Output mean shape: torch.Size([50])
Iteration 108: x_train shape: torch.Size([50, 2]), y_train shape: torch.Size([50])
Output mean shape: torch.Size([50])
Iteration 109: x_train shape: torch.Size([50, 2]), y_train shape: torch.Size([50])
Output mean shape: torch.Size([50])
Iteration 110: x_train shape: torch.Size([50, 2]), y_train shape: torch.Size([50])
Output mean shape: torch.Size([50])
Iteration 111: x_train shape: torch.Size([50, 2]), y_train shape: torch.Size([50])
Output mean shape: torch.Size([50])
Iteration 112: x_train shape: torch.Size([50, 2]), y_train shape: torch.Size([50])
Output mean shape: torch.Size([50])
Iteration 113: x_train shape: torch.Size([50, 2]), y_train shape: torch.Size([50])
Output mean shape: torch.Size([50])
                                  
================================= 
Global information about the job: 
================================= 
  
Job owner: dvoss(54815)
Job name:  Run3ModelGen
Node list: ravg1126
Job start: Tue Oct  1 17:14:08 CEST 2024
Job end:   Tue Oct  1 17:16:47 CEST 2024
Work dir:  /raven/u/dvoss/al_pmssmwithgp/model
Command:   /raven/u/dvoss/al_pmssmwithgp/model/slurm/R3MG_job.sbatch
  
  
  
==========================================================================================
Information on jobsteps (Note: MaxRSS/AveRSS is the maximum/average over all 
tasks of the per-task memory high-water marks; cf. "man sacct"): 
==========================================================================================
  
JobID            JobName NNodes NTasks  NCPUS       MaxRSS       AveRSS    Elapsed ExitCode
------------- ---------- ------ ------ ------ ------------ ------------ ---------- --------
13072467      Run3ModelG      1             4                             00:02:39      0:0
13072467.0        job.sh      1      1      4     2364.90M     2364.90M   00:02:22     0:15
  
Maximum memory per node: 2.479775 GB (defined as MaxRSS*Ntasks/NNodes)
CPU utilization: 22.3 %
  
