Requirement already satisfied: uproot in /u/dvoss/conda-envs/ALenv/lib/python3.11/site-packages (5.3.10)
Collecting argparse
  Using cached argparse-1.4.0-py2.py3-none-any.whl.metadata (2.8 kB)
Requirement already satisfied: pyslha in /u/dvoss/conda-envs/ALenv/lib/python3.11/site-packages (3.2.6)
Requirement already satisfied: structlog in /u/dvoss/conda-envs/ALenv/lib/python3.11/site-packages (24.4.0)
Requirement already satisfied: awkward>=2.4.6 in /u/dvoss/conda-envs/ALenv/lib/python3.11/site-packages (from uproot) (2.6.6)
Requirement already satisfied: cramjam>=2.5.0 in /u/dvoss/conda-envs/ALenv/lib/python3.11/site-packages (from uproot) (2.8.3)
Requirement already satisfied: fsspec in /u/dvoss/conda-envs/ALenv/lib/python3.11/site-packages (from uproot) (2024.6.1)
Requirement already satisfied: numpy in /u/dvoss/conda-envs/ALenv/lib/python3.11/site-packages (from uproot) (1.26.4)
Requirement already satisfied: packaging in /u/dvoss/conda-envs/ALenv/lib/python3.11/site-packages (from uproot) (24.1)
Requirement already satisfied: tex2pix>=0.1.5 in /u/dvoss/conda-envs/ALenv/lib/python3.11/site-packages (from pyslha) (0.3.1)
Requirement already satisfied: awkward-cpp==35 in /u/dvoss/conda-envs/ALenv/lib/python3.11/site-packages (from awkward>=2.4.6->uproot) (35)
Requirement already satisfied: importlib-metadata>=4.13.0 in /u/dvoss/conda-envs/ALenv/lib/python3.11/site-packages (from awkward>=2.4.6->uproot) (7.2.1)
Requirement already satisfied: zipp>=0.5 in /u/dvoss/conda-envs/ALenv/lib/python3.11/site-packages (from importlib-metadata>=4.13.0->awkward>=2.4.6->uproot) (3.19.2)
Using cached argparse-1.4.0-py2.py3-none-any.whl (23 kB)
Installing collected packages: argparse
Successfully installed argparse-1.4.0
Starting iteration 1
Error during GP model script execution
                                  
================================= 
Global information about the job: 
================================= 
  
Job owner: dvoss(54815)
Job name:  test
Node list: ravg1132
Job start: Wed Aug  7 17:07:50 CEST 2024
Job end:   Wed Aug  7 17:08:14 CEST 2024
Work dir:  /raven/u/dvoss/al_pmssmwithgp/model
Command:   /raven/u/dvoss/al_pmssmwithgp/model/slurm/single_job.sbatch
  
  
  
==========================================================================================
Information on jobsteps (Note: MaxRSS/AveRSS is the maximum/average over all 
tasks of the per-task memory high-water marks; cf. "man sacct"): 
==========================================================================================
  
JobID            JobName NNodes NTasks  NCPUS       MaxRSS       AveRSS    Elapsed ExitCode
------------- ---------- ------ ------ ------ ------------ ------------ ---------- --------
12280303            test      1             4                             00:00:24      1:0
12280303.0        job.sh      1      1      4        1.34M        1.34M   00:00:07      1:0
  
Maximum memory per node: 0.001406 GB (defined as MaxRSS*Ntasks/NNodes)
CPU utilization: 0.0 %
  
