Defaulting to user installation because normal site-packages is not writeable
Requirement already satisfied: uproot in /raven/u/dvoss/.local/lib/python3.9/site-packages (5.3.10)
Requirement already satisfied: typing-extensions>=4.1.0 in /raven/u/dvoss/.local/lib/python3.9/site-packages (from uproot) (4.12.2)
Requirement already satisfied: cramjam>=2.5.0 in /raven/u/dvoss/.local/lib/python3.9/site-packages (from uproot) (2.8.3)
Requirement already satisfied: packaging in /raven/u/system/soft/SLE_15/packages/x86_64/anaconda/3/2021.11/lib/python3.9/site-packages (from uproot) (21.0)
Requirement already satisfied: numpy in /raven/u/dvoss/.local/lib/python3.9/site-packages (from uproot) (1.22.4)
Requirement already satisfied: fsspec in /raven/u/dvoss/.local/lib/python3.9/site-packages (from uproot) (2024.6.1)
Requirement already satisfied: awkward>=2.4.6 in /raven/u/dvoss/.local/lib/python3.9/site-packages (from uproot) (2.6.6)
Requirement already satisfied: awkward-cpp==35 in /raven/u/dvoss/.local/lib/python3.9/site-packages (from awkward>=2.4.6->uproot) (35)
Requirement already satisfied: importlib-metadata>=4.13.0 in /raven/u/dvoss/.local/lib/python3.9/site-packages (from awkward>=2.4.6->uproot) (8.0.0)
Requirement already satisfied: zipp>=0.5 in /raven/u/system/soft/SLE_15/packages/x86_64/anaconda/3/2021.11/lib/python3.9/site-packages (from importlib-metadata>=4.13.0->awkward>=2.4.6->uproot) (3.6.0)
Requirement already satisfied: pyparsing>=2.0.2 in /raven/u/system/soft/SLE_15/packages/x86_64/anaconda/3/2021.11/lib/python3.9/site-packages (from packaging->uproot) (3.0.4)
Defaulting to user installation because normal site-packages is not writeable
Collecting argparse
  Using cached argparse-1.4.0-py2.py3-none-any.whl (23 kB)
Installing collected packages: argparse
Successfully installed argparse-1.4.0
Defaulting to user installation because normal site-packages is not writeable
Requirement already satisfied: pyslha in /raven/u/dvoss/.local/lib/python3.9/site-packages (3.2.6)
Requirement already satisfied: tex2pix>=0.1.5 in /raven/u/dvoss/.local/lib/python3.9/site-packages (from pyslha) (0.3.1)
Defaulting to user installation because normal site-packages is not writeable
Requirement already satisfied: structlog in /raven/u/dvoss/.local/lib/python3.9/site-packages (24.4.0)
Defaulting to user installation because normal site-packages is not writeable
Requirement already satisfied: imageio[ffmpeg] in /raven/u/system/soft/SLE_15/packages/x86_64/anaconda/3/2021.11/lib/python3.9/site-packages (2.9.0)
Requirement already satisfied: Pillow in /raven/u/system/soft/SLE_15/packages/x86_64/anaconda/3/2021.11/lib/python3.9/site-packages (8.4.0)
Requirement already satisfied: numpy in /raven/u/dvoss/.local/lib/python3.9/site-packages (from imageio[ffmpeg]) (1.22.4)
Requirement already satisfied: imageio-ffmpeg in /raven/u/dvoss/.local/lib/python3.9/site-packages (from imageio[ffmpeg]) (0.5.1)
Requirement already satisfied: setuptools in /raven/u/system/soft/SLE_15/packages/x86_64/anaconda/3/2021.11/lib/python3.9/site-packages (from imageio-ffmpeg->imageio[ffmpeg]) (58.0.4)
Defaulting to user installation because normal site-packages is not writeable
Requirement already satisfied: seaborn in /raven/u/system/soft/SLE_15/packages/x86_64/anaconda/3/2021.11/lib/python3.9/site-packages (0.11.2)
Requirement already satisfied: pandas>=0.23 in /raven/u/system/soft/SLE_15/packages/x86_64/anaconda/3/2021.11/lib/python3.9/site-packages (from seaborn) (1.3.4)
Requirement already satisfied: scipy>=1.0 in /raven/u/system/soft/SLE_15/packages/x86_64/anaconda/3/2021.11/lib/python3.9/site-packages (from seaborn) (1.7.1)
Requirement already satisfied: matplotlib>=2.2 in /raven/u/system/soft/SLE_15/packages/x86_64/anaconda/3/2021.11/lib/python3.9/site-packages (from seaborn) (3.4.3)
Requirement already satisfied: numpy>=1.15 in /raven/u/dvoss/.local/lib/python3.9/site-packages (from seaborn) (1.22.4)
Requirement already satisfied: kiwisolver>=1.0.1 in /raven/u/system/soft/SLE_15/packages/x86_64/anaconda/3/2021.11/lib/python3.9/site-packages (from matplotlib>=2.2->seaborn) (1.3.1)
Requirement already satisfied: python-dateutil>=2.7 in /raven/u/system/soft/SLE_15/packages/x86_64/anaconda/3/2021.11/lib/python3.9/site-packages (from matplotlib>=2.2->seaborn) (2.8.2)
Requirement already satisfied: pillow>=6.2.0 in /raven/u/system/soft/SLE_15/packages/x86_64/anaconda/3/2021.11/lib/python3.9/site-packages (from matplotlib>=2.2->seaborn) (8.4.0)
Requirement already satisfied: pyparsing>=2.2.1 in /raven/u/system/soft/SLE_15/packages/x86_64/anaconda/3/2021.11/lib/python3.9/site-packages (from matplotlib>=2.2->seaborn) (3.0.4)
Requirement already satisfied: cycler>=0.10 in /raven/u/system/soft/SLE_15/packages/x86_64/anaconda/3/2021.11/lib/python3.9/site-packages (from matplotlib>=2.2->seaborn) (0.10.0)
Requirement already satisfied: six in /raven/u/system/soft/SLE_15/packages/x86_64/anaconda/3/2021.11/lib/python3.9/site-packages (from cycler>=0.10->matplotlib>=2.2->seaborn) (1.16.0)
Requirement already satisfied: pytz>=2017.3 in /raven/u/system/soft/SLE_15/packages/x86_64/anaconda/3/2021.11/lib/python3.9/site-packages (from pandas>=0.23->seaborn) (2021.3)
Defaulting to user installation because normal site-packages is not writeable
Defaulting to user installation because normal site-packages is not writeable
Starting iteration 1
Running for iteration 1
Initial Training points:  tensor([[0.6631, 0.0865],
        [0.8398, 0.5842],
        [0.8237, 0.4728],
        [0.3676, 0.7026],
        [0.1756, 0.4616],
        [0.1127, 0.9110],
        [0.6776, 0.0331],
        [0.9555, 0.7512],
        [0.9641, 0.5012],
        [0.3530, 0.2906],
        [0.3666, 0.0907],
        [0.5460, 0.4240],
        [0.4971, 0.3577],
        [0.1845, 0.9597],
        [0.9084, 0.2922],
        [0.0462, 0.7663],
        [0.1492, 0.2614],
        [0.0920, 0.2487],
        [0.1260, 0.4445],
        [0.4747, 0.0589],
        [0.1098, 0.7458],
        [0.1437, 0.7837],
        [0.3070, 0.5136],
        [0.5439, 0.5489],
        [0.7350, 0.6087],
        [0.7765, 0.7283],
        [0.3960, 0.5960],
        [0.0663, 0.0840],
        [0.2658, 0.1010],
        [0.1247, 0.3074],
        [0.7562, 0.8692],
        [0.8281, 0.7606],
        [0.9008, 0.8302],
        [0.8744, 0.7158],
        [0.2963, 0.1350],
        [0.4991, 0.9019],
        [0.5491, 0.9902],
        [0.7243, 0.1442],
        [0.7696, 0.9206],
        [0.4382, 0.6811],
        [0.2842, 0.3205],
        [0.2733, 0.0014],
        [0.5495, 0.5581],
        [0.7504, 0.9564],
        [0.9761, 0.1821],
        [0.5737, 0.8822],
        [0.2062, 0.2289],
        [0.8215, 0.9933],
        [0.6355, 0.0012],
        [0.3472, 0.8488]], device='cuda:0') torch.Size([50, 2])
These training_points are used in the GP tensor([[0.6631, 0.0865],
        [0.8398, 0.5842],
        [0.8237, 0.4728],
        [0.3676, 0.7026],
        [0.1756, 0.4616],
        [0.1127, 0.9110],
        [0.6776, 0.0331],
        [0.9555, 0.7512],
        [0.9641, 0.5012],
        [0.3530, 0.2906],
        [0.3666, 0.0907],
        [0.5460, 0.4240],
        [0.4971, 0.3577],
        [0.1845, 0.9597],
        [0.9084, 0.2922],
        [0.0462, 0.7663],
        [0.1492, 0.2614],
        [0.0920, 0.2487],
        [0.1260, 0.4445],
        [0.4747, 0.0589],
        [0.1098, 0.7458],
        [0.1437, 0.7837],
        [0.3070, 0.5136],
        [0.5439, 0.5489],
        [0.7350, 0.6087],
        [0.7765, 0.7283],
        [0.3960, 0.5960],
        [0.0663, 0.0840],
        [0.2658, 0.1010],
        [0.1247, 0.3074],
        [0.7562, 0.8692],
        [0.8281, 0.7606],
        [0.9008, 0.8302],
        [0.8744, 0.7158],
        [0.2963, 0.1350],
        [0.4991, 0.9019],
        [0.5491, 0.9902],
        [0.7243, 0.1442],
        [0.7696, 0.9206],
        [0.4382, 0.6811],
        [0.2842, 0.3205],
        [0.2733, 0.0014],
        [0.5495, 0.5581],
        [0.7504, 0.9564],
        [0.9761, 0.1821],
        [0.5737, 0.8822],
        [0.2062, 0.2289],
        [0.8215, 0.9933],
        [0.6355, 0.0012],
        [0.3472, 0.8488]], device='cuda:0')
Iteration 0: x_train shape: torch.Size([50, 2]), y_train shape: torch.Size([50])
Output mean shape: torch.Size([50])
Iter 1 / 1 - Loss (Train): 36.715 - Loss (Val): 4.411
best model parameters:  OrderedDict([('likelihood.noise_covar.raw_noise', tensor([0.0100], device='cuda:0')), ('likelihood.noise_covar.raw_noise_constraint.lower_bound', tensor(1.0000e-04, device='cuda:0')), ('likelihood.noise_covar.raw_noise_constraint.upper_bound', tensor(inf, device='cuda:0')), ('mean_module.weights', tensor([[0.1100],
        [0.1100]], device='cuda:0')), ('mean_module.bias', tensor([1.0100], device='cuda:0')), ('covar_module.raw_lengthscale', tensor([[-5.2858]], device='cuda:0')), ('covar_module.raw_lengthscale_constraint.lower_bound', tensor(0., device='cuda:0')), ('covar_module.raw_lengthscale_constraint.upper_bound', tensor(inf, device='cuda:0')), ('task_covar_module.covar_factor', tensor([[0.8562]], device='cuda:0')), ('task_covar_module.raw_var', tensor([0.1720], device='cuda:0')), ('task_covar_module.IndexKernelPrior.a', tensor([0.], device='cuda:0')), ('task_covar_module.IndexKernelPrior.b', tensor([1.], device='cuda:0')), ('task_covar_module.IndexKernelPrior.sigma', tensor([0.0100], device='cuda:0')), ('task_covar_module.IndexKernelPrior.tails.loc', tensor([0.], device='cuda:0')), ('task_covar_module.IndexKernelPrior.tails.scale', tensor([0.0100], device='cuda:0')), ('task_covar_module.raw_var_constraint.lower_bound', tensor(0., device='cuda:0')), ('task_covar_module.raw_var_constraint.upper_bound', tensor(inf, device='cuda:0'))])
Likelihood MultivariateNormal(loc: torch.Size([2500]))
Mean:  tensor([[1.0100],
        [1.0122],
        [1.0145],
        ...,
        [1.2255],
        [1.2278],
        [1.2300]], device='cuda:0')
Variance:  tensor([[1.6983],
        [1.6983],
        [1.6983],
        ...,
        [1.6983],
        [1.6983],
        [1.6983]], device='cuda:0')
Selected points (indices): {133, 6, 654, 1939, 2324, 1045, 532, 1559, 1560, 153, 1306, 923, 23, 152, 2336, 2210, 1315, 2341, 2086, 1063, 2088, 1069, 430, 1328, 180, 1719, 957, 2113, 1986, 451, 2242, 321, 1478, 1347, 1869, 345, 2266, 1630, 2014, 1637, 229, 490, 1387, 1133, 1394, 1907, 2291, 2168, 2170, 767}
Selected new x values (normalized): tensor([[0.2274, 0.1975],
        [0.1371, 0.0141],
        [0.0760, 0.1240],
        [0.1917, 0.7989],
        [0.1541, 0.5717],
        [0.9599, 0.4911],
        [0.2674, 0.3054],
        [0.8249, 0.7692],
        [0.8430, 0.5749],
        [0.9054, 0.8341],
        [0.0986, 0.8625],
        [0.0734, 0.0790],
        [0.2905, 0.2466],
        [0.2777, 0.3312],
        [0.2065, 0.1099],
        [0.6813, 0.2459],
        [0.1210, 0.0453],
        [0.7385, 0.6162],
        [0.3303, 0.1932],
        [0.4393, 0.9142],
        [0.8962, 0.0722],
        [0.1579, 0.6245],
        [0.2733, 0.3182],
        [0.4838, 0.1524],
        [0.1060, 0.1958],
        [0.0051, 0.0938],
        [0.3857, 0.0374],
        [0.0589, 0.2845],
        [0.8964, 0.8374],
        [0.8686, 0.7114],
        [0.1388, 0.0672],
        [0.1117, 0.0641],
        [0.2077, 0.1207],
        [0.0688, 0.6176],
        [0.5696, 0.5311],
        [0.0336, 0.7084],
        [0.0853, 0.4609],
        [0.9500, 0.7530],
        [0.3416, 0.1402],
        [0.4685, 0.0249],
        [0.0251, 0.2972],
        [0.0425, 0.2204],
        [0.1293, 0.1618],
        [0.3083, 0.5028],
        [0.1171, 0.0831],
        [0.9180, 0.2884],
        [0.4389, 0.2904],
        [0.4019, 0.5204],
        [0.3177, 0.0493],
        [0.2335, 0.1391]], device='cuda:0')
Corresponding new x values (unnormalized): tensor([[-1090.4351, -1209.8032],
        [-1451.4174, -1943.4512],
        [-1695.9796, -1504.1123],
        [-1233.1022,  1195.4565],
        [-1383.6478,   286.6543],
        [ 1839.7209,   -35.5037],
        [ -930.3580,  -778.3917],
        [ 1299.7224,  1076.6819],
        [ 1371.9890,   299.5132],
        [ 1621.5371,  1336.3726],
        [-1605.5254,  1450.0986],
        [-1706.4216, -1683.9688],
        [ -838.0801, -1013.6846],
        [ -889.1521,  -675.2480],
        [-1174.0710, -1560.3684],
        [  725.3313, -1016.3577],
        [-1515.8409, -1818.6249],
        [  953.8816,   464.9792],
        [ -678.7374, -1227.2683],
        [ -242.9021,  1656.8867],
        [ 1584.7463, -1711.1799],
        [-1368.4061,   497.8196],
        [ -906.7155,  -727.2698],
        [  -64.7238, -1390.3151],
        [-1575.8757, -1216.6946],
        [-1979.6017, -1624.8882],
        [ -457.3497, -1850.2781],
        [-1764.5536,  -861.8124],
        [ 1585.6548,  1349.6580],
        [ 1474.3955,   845.6265],
        [-1444.8340, -1731.2734],
        [-1553.3861, -1743.5126],
        [-1169.2344, -1517.1279],
        [-1724.6892,   470.4314],
        [  278.5510,   124.5930],
        [-1865.6866,   833.4260],
        [-1658.9766,  -156.3716],
        [ 1800.1870,  1012.0715],
        [ -633.6396, -1439.0649],
        [ -125.9250, -1900.4189],
        [-1899.5056,  -811.2264],
        [-1829.8313, -1118.2485],
        [-1482.8013, -1352.9500],
        [ -766.7596,    11.1549],
        [-1531.5142, -1667.4796],
        [ 1671.9158,  -846.5646],
        [ -244.4872,  -838.3434],
        [ -392.2631,    81.7627],
        [ -729.1343, -1802.7087],
        [-1065.8241, -1443.7822]], device='cuda:0')
Plot saved to /raven/u/dvoss/al_pmssmwithgp/model/plots/Iter1/loss_plot_test.png
Plot saved to /raven/u/dvoss/al_pmssmwithgp/model/plots/Iter1/gp_plot_test.png
Error during GP model script execution
                                  
================================= 
Global information about the job: 
================================= 
  
Job owner: dvoss(54815)
Job name:  al_gp_iter
Node list: ravg1121
Job start: Tue Nov 26 11:31:34 CET 2024
Job end:   Tue Nov 26 11:33:57 CET 2024
Work dir:  /raven/u/dvoss/al_pmssmwithgp/model
Command:   /raven/u/dvoss/al_pmssmwithgp/model/slurm/single_job.sbatch
  
  
  
==========================================================================================
Information on jobsteps (Note: MaxRSS/AveRSS is the maximum/average over all 
tasks of the per-task memory high-water marks; cf. "man sacct"): 
==========================================================================================
  
JobID            JobName NNodes NTasks  NCPUS       MaxRSS       AveRSS    Elapsed ExitCode
------------- ---------- ------ ------ ------ ------------ ------------ ---------- --------
13841227      al_gp_iter      1             4                             00:02:23      1:0
13841227.0        job.sh      1      1      4     2447.93M     2447.93M   00:01:55      1:0
  
Maximum memory per node: 2.566836 GB (defined as MaxRSS*Ntasks/NNodes)
CPU utilization: 12.9 %
  
