Defaulting to user installation because normal site-packages is not writeable
Requirement already satisfied: uproot in /raven/u/dvoss/.local/lib/python3.9/site-packages (5.3.10)
Requirement already satisfied: typing-extensions>=4.1.0 in /raven/u/dvoss/.local/lib/python3.9/site-packages (from uproot) (4.12.2)
Requirement already satisfied: awkward>=2.4.6 in /raven/u/dvoss/.local/lib/python3.9/site-packages (from uproot) (2.6.6)
Requirement already satisfied: packaging in /raven/u/system/soft/SLE_15/packages/x86_64/anaconda/3/2021.11/lib/python3.9/site-packages (from uproot) (21.0)
Requirement already satisfied: cramjam>=2.5.0 in /raven/u/dvoss/.local/lib/python3.9/site-packages (from uproot) (2.8.3)
Requirement already satisfied: numpy in /raven/u/dvoss/.local/lib/python3.9/site-packages (from uproot) (1.22.4)
Requirement already satisfied: fsspec in /raven/u/dvoss/.local/lib/python3.9/site-packages (from uproot) (2024.6.1)
Requirement already satisfied: importlib-metadata>=4.13.0 in /raven/u/dvoss/.local/lib/python3.9/site-packages (from awkward>=2.4.6->uproot) (8.0.0)
Requirement already satisfied: awkward-cpp==35 in /raven/u/dvoss/.local/lib/python3.9/site-packages (from awkward>=2.4.6->uproot) (35)
Requirement already satisfied: zipp>=0.5 in /raven/u/system/soft/SLE_15/packages/x86_64/anaconda/3/2021.11/lib/python3.9/site-packages (from importlib-metadata>=4.13.0->awkward>=2.4.6->uproot) (3.6.0)
Requirement already satisfied: pyparsing>=2.0.2 in /raven/u/system/soft/SLE_15/packages/x86_64/anaconda/3/2021.11/lib/python3.9/site-packages (from packaging->uproot) (3.0.4)
Defaulting to user installation because normal site-packages is not writeable
Collecting argparse
  Using cached argparse-1.4.0-py2.py3-none-any.whl (23 kB)
Installing collected packages: argparse
Successfully installed argparse-1.4.0
Defaulting to user installation because normal site-packages is not writeable
Requirement already satisfied: pyslha in /raven/u/dvoss/.local/lib/python3.9/site-packages (3.2.6)
Requirement already satisfied: tex2pix>=0.1.5 in /raven/u/dvoss/.local/lib/python3.9/site-packages (from pyslha) (0.3.1)
Defaulting to user installation because normal site-packages is not writeable
Requirement already satisfied: structlog in /raven/u/dvoss/.local/lib/python3.9/site-packages (24.4.0)
Defaulting to user installation because normal site-packages is not writeable
Requirement already satisfied: imageio[ffmpeg] in /raven/u/system/soft/SLE_15/packages/x86_64/anaconda/3/2021.11/lib/python3.9/site-packages (2.9.0)
Requirement already satisfied: Pillow in /raven/u/system/soft/SLE_15/packages/x86_64/anaconda/3/2021.11/lib/python3.9/site-packages (8.4.0)
Requirement already satisfied: numpy in /raven/u/dvoss/.local/lib/python3.9/site-packages (from imageio[ffmpeg]) (1.22.4)
Requirement already satisfied: imageio-ffmpeg in /raven/u/dvoss/.local/lib/python3.9/site-packages (from imageio[ffmpeg]) (0.5.1)
Requirement already satisfied: setuptools in /raven/u/system/soft/SLE_15/packages/x86_64/anaconda/3/2021.11/lib/python3.9/site-packages (from imageio-ffmpeg->imageio[ffmpeg]) (58.0.4)
Defaulting to user installation because normal site-packages is not writeable
Requirement already satisfied: seaborn in /raven/u/system/soft/SLE_15/packages/x86_64/anaconda/3/2021.11/lib/python3.9/site-packages (0.11.2)
Requirement already satisfied: matplotlib>=2.2 in /raven/u/system/soft/SLE_15/packages/x86_64/anaconda/3/2021.11/lib/python3.9/site-packages (from seaborn) (3.4.3)
Requirement already satisfied: pandas>=0.23 in /raven/u/system/soft/SLE_15/packages/x86_64/anaconda/3/2021.11/lib/python3.9/site-packages (from seaborn) (1.3.4)
Requirement already satisfied: scipy>=1.0 in /raven/u/system/soft/SLE_15/packages/x86_64/anaconda/3/2021.11/lib/python3.9/site-packages (from seaborn) (1.7.1)
Requirement already satisfied: numpy>=1.15 in /raven/u/dvoss/.local/lib/python3.9/site-packages (from seaborn) (1.22.4)
Requirement already satisfied: pillow>=6.2.0 in /raven/u/system/soft/SLE_15/packages/x86_64/anaconda/3/2021.11/lib/python3.9/site-packages (from matplotlib>=2.2->seaborn) (8.4.0)
Requirement already satisfied: cycler>=0.10 in /raven/u/system/soft/SLE_15/packages/x86_64/anaconda/3/2021.11/lib/python3.9/site-packages (from matplotlib>=2.2->seaborn) (0.10.0)
Requirement already satisfied: kiwisolver>=1.0.1 in /raven/u/system/soft/SLE_15/packages/x86_64/anaconda/3/2021.11/lib/python3.9/site-packages (from matplotlib>=2.2->seaborn) (1.3.1)
Requirement already satisfied: python-dateutil>=2.7 in /raven/u/system/soft/SLE_15/packages/x86_64/anaconda/3/2021.11/lib/python3.9/site-packages (from matplotlib>=2.2->seaborn) (2.8.2)
Requirement already satisfied: pyparsing>=2.2.1 in /raven/u/system/soft/SLE_15/packages/x86_64/anaconda/3/2021.11/lib/python3.9/site-packages (from matplotlib>=2.2->seaborn) (3.0.4)
Requirement already satisfied: six in /raven/u/system/soft/SLE_15/packages/x86_64/anaconda/3/2021.11/lib/python3.9/site-packages (from cycler>=0.10->matplotlib>=2.2->seaborn) (1.16.0)
Requirement already satisfied: pytz>=2017.3 in /raven/u/system/soft/SLE_15/packages/x86_64/anaconda/3/2021.11/lib/python3.9/site-packages (from pandas>=0.23->seaborn) (2021.3)
Note: detected 144 virtual cores but NumExpr set to maximum of 64, check "NUMEXPR_MAX_THREADS" environment variable.
Note: NumExpr detected 144 cores but "NUMEXPR_MAX_THREADS" not set, so enforcing safe limit of 8.
NumExpr defaulting to 8 threads.

  ___              ____ __  __          _       _   ___            
 | _ \ _  _  _ _  |__ /|  \/  | ___  __| | ___ | | / __| ___  _ _  
 |   /| || || ' \  |_ \| |\/| |/ _ \/ _` |/ -_)| || (_ |/ -_)| ' \ 
 |_|_\ \_,_||_||_||___/|_|  |_|\___/\__,_|\___||_| \___|\___||_||_|
                                                                   

2024-10-01 17:22:04 [info     ] Initialised ModelGenerator with: [Run3ModelGen.modelgen]
2024-10-01 17:22:04 [info     ] 	config_file = /u/dvoss/al_pmssmwithgp/Run3ModelGen/source/Run3ModelGen/data/start_config.yaml [Run3ModelGen.modelgen]
2024-10-01 17:22:04 [info     ] 	scan_dir = /u/dvoss/al_pmssmwithgp/Run3ModelGen/source/Run3ModelGen/scans/scan_start [Run3ModelGen.modelgen]
2024-10-01 17:22:04 [info     ] 	rawfilen = /u/dvoss/al_pmssmwithgp/Run3ModelGen/source/Run3ModelGen/data/raw.slha [Run3ModelGen.modelgen]
2024-10-01 17:22:04 [info     ] 	seed = 123                    [Run3ModelGen.modelgen]
2024-10-01 17:22:04 [info     ] 	points = {}                   [Run3ModelGen.modelgen]
2024-10-01 17:22:04 [info     ] 	prior = fixed                 [Run3ModelGen.modelgen]
2024-10-01 17:22:04 [info     ] 	num_models = 4                [Run3ModelGen.modelgen]
2024-10-01 17:22:04 [info     ] 	isGMSB = False                [Run3ModelGen.modelgen]
2024-10-01 17:22:04 [info     ] 	parameters =                  [Run3ModelGen.modelgen]
2024-10-01 17:22:04 [info     ] 		tanb: [60, 60, 60, 60]       [Run3ModelGen.modelgen]
2024-10-01 17:22:04 [info     ] 		M_1: [-1981, -255, -1807, -1411] [Run3ModelGen.modelgen]
2024-10-01 17:22:04 [info     ] 		M_2: [2000, 2000, 2000, 2000] [Run3ModelGen.modelgen]
2024-10-01 17:22:04 [info     ] 		M_3: [4000, 4000, 4000, 4000] [Run3ModelGen.modelgen]
2024-10-01 17:22:04 [info     ] 		AT: [4000, 4000, 4000, 4000] [Run3ModelGen.modelgen]
2024-10-01 17:22:04 [info     ] 		Ab: [2000, 2000, 2000, 2000] [Run3ModelGen.modelgen]
2024-10-01 17:22:04 [info     ] 		Atau: [2000, 2000, 2000, 2000] [Run3ModelGen.modelgen]
2024-10-01 17:22:04 [info     ] 		mu: [2000, 2000, 2000, 2000] [Run3ModelGen.modelgen]
2024-10-01 17:22:04 [info     ] 		mA: [2000, 2000, 2000, 2000] [Run3ModelGen.modelgen]
2024-10-01 17:22:04 [info     ] 		meL: [2000, 2000, 2000, 2000] [Run3ModelGen.modelgen]
2024-10-01 17:22:04 [info     ] 		mtauL: [2000, 2000, 2000, 2000] [Run3ModelGen.modelgen]
2024-10-01 17:22:04 [info     ] 		meR: [2000, 2000, 2000, 2000] [Run3ModelGen.modelgen]
2024-10-01 17:22:04 [info     ] 		mtauR: [2000, 2000, 2000, 2000] [Run3ModelGen.modelgen]
2024-10-01 17:22:04 [info     ] 		mqL1: [4000, 4000, 4000, 4000] [Run3ModelGen.modelgen]
2024-10-01 17:22:04 [info     ] 		mqL3: [4000, 4000, 4000, 4000] [Run3ModelGen.modelgen]
2024-10-01 17:22:04 [info     ] 		muR: [4000, 4000, 4000, 4000] [Run3ModelGen.modelgen]
2024-10-01 17:22:04 [info     ] 		mtR: [4000, 4000, 4000, 4000] [Run3ModelGen.modelgen]
2024-10-01 17:22:04 [info     ] 		mdR: [4000, 4000, 4000, 4000] [Run3ModelGen.modelgen]
2024-10-01 17:22:04 [info     ] 		mbR: [4000, 4000, 4000, 4000] [Run3ModelGen.modelgen]
2024-10-01 17:22:04 [info     ] 	steps =                       [Run3ModelGen.modelgen]
2024-10-01 17:22:04 [info     ] 		{'name': 'prep_input', 'output_dir': 'input', 'prefix': 'IN'} [Run3ModelGen.modelgen]
2024-10-01 17:22:04 [info     ] 		{'name': 'SPheno', 'input_dir': 'input', 'output_dir': 'SPheno', 'log_dir': 'SPheno_log', 'prefix': 'SP'} [Run3ModelGen.modelgen]
2024-10-01 17:22:04 [info     ] 		{'name': 'softsusy', 'input_dir': 'input', 'output_dir': 'softsusy', 'prefix': 'SS'} [Run3ModelGen.modelgen]
2024-10-01 17:22:04 [info     ] 		{'name': 'micromegas', 'input_dir': 'SPheno', 'output_dir': 'micromegas', 'prefix': 'MO'} [Run3ModelGen.modelgen]
2024-10-01 17:22:04 [info     ] 		{'name': 'superiso', 'input_dir': 'SPheno', 'output_dir': 'superiso', 'prefix': 'SI'} [Run3ModelGen.modelgen]
2024-10-01 17:22:04 [info     ] 		{'name': 'gm2calc', 'input_dir': 'SPheno', 'output_dir': 'gm2calc', 'prefix': 'GM2'} [Run3ModelGen.modelgen]
2024-10-01 17:22:04 [info     ] 		{'name': 'evade', 'input_dir': 'SPheno', 'output_dir': 'evade', 'prefix': 'EV'} [Run3ModelGen.modelgen]
2024-10-01 17:22:04 [info     ] Starting Model Generation...   [Run3ModelGen.modelgen]
2024-10-01 17:22:04 [info     ] Setting up output directories for scan [Run3ModelGen.modelgen]
2024-10-01 17:22:04 [info     ] Generating Model: 0.slha (1/4) [Run3ModelGen.modelgen]
2024-10-01 17:22:04 [info     ] 	running step: prep_input      [Run3ModelGen.modelgen]
2024-10-01 17:22:04 [info     ] 	running step: SPheno          [Run3ModelGen.modelgen]
2024-10-01 17:22:05 [info     ] 	running step: softsusy        [Run3ModelGen.modelgen]
2024-10-01 17:22:05 [info     ] 	running step: micromegas      [Run3ModelGen.modelgen]
2024-10-01 17:22:12 [info     ] 	running step: superiso        [Run3ModelGen.modelgen]
2024-10-01 17:22:12 [info     ] 	running step: gm2calc         [Run3ModelGen.modelgen]
2024-10-01 17:22:12 [info     ] 	running step: evade           [Run3ModelGen.modelgen]
2024-10-01 17:22:12 [info     ] Generating Model: 1.slha (2/4) [Run3ModelGen.modelgen]
2024-10-01 17:22:12 [info     ] 	running step: prep_input      [Run3ModelGen.modelgen]
2024-10-01 17:22:12 [info     ] 	running step: SPheno          [Run3ModelGen.modelgen]
2024-10-01 17:22:13 [info     ] 	running step: softsusy        [Run3ModelGen.modelgen]
2024-10-01 17:22:13 [info     ] 	running step: micromegas      [Run3ModelGen.modelgen]
2024-10-01 17:22:13 [info     ] 	running step: superiso        [Run3ModelGen.modelgen]
2024-10-01 17:22:13 [info     ] 	running step: gm2calc         [Run3ModelGen.modelgen]
2024-10-01 17:22:13 [info     ] 	running step: evade           [Run3ModelGen.modelgen]
2024-10-01 17:22:13 [info     ] Generating Model: 2.slha (3/4) [Run3ModelGen.modelgen]
2024-10-01 17:22:13 [info     ] 	running step: prep_input      [Run3ModelGen.modelgen]
2024-10-01 17:22:13 [info     ] 	running step: SPheno          [Run3ModelGen.modelgen]
2024-10-01 17:22:14 [info     ] 	running step: softsusy        [Run3ModelGen.modelgen]
2024-10-01 17:22:14 [info     ] 	running step: micromegas      [Run3ModelGen.modelgen]
2024-10-01 17:22:15 [info     ] 	running step: superiso        [Run3ModelGen.modelgen]
2024-10-01 17:22:15 [info     ] 	running step: gm2calc         [Run3ModelGen.modelgen]
2024-10-01 17:22:15 [info     ] 	running step: evade           [Run3ModelGen.modelgen]
2024-10-01 17:22:15 [info     ] Generating Model: 3.slha (4/4) [Run3ModelGen.modelgen]
2024-10-01 17:22:15 [info     ] 	running step: prep_input      [Run3ModelGen.modelgen]
2024-10-01 17:22:15 [info     ] 	running step: SPheno          [Run3ModelGen.modelgen]
2024-10-01 17:22:15 [info     ] 	running step: softsusy        [Run3ModelGen.modelgen]
2024-10-01 17:22:16 [info     ] 	running step: micromegas      [Run3ModelGen.modelgen]
2024-10-01 17:22:16 [info     ] 	running step: superiso        [Run3ModelGen.modelgen]
2024-10-01 17:22:16 [info     ] 	running step: gm2calc         [Run3ModelGen.modelgen]
2024-10-01 17:22:16 [info     ] 	running step: evade           [Run3ModelGen.modelgen]
2024-10-01 17:22:16 [info     ] Finished generating models! Stats for successful generations (successful/attempted): [Run3ModelGen.modelgen]
2024-10-01 17:22:16 [info     ] 	prep_input: 4/4.              [Run3ModelGen.modelgen]
2024-10-01 17:22:16 [info     ] 	SPheno: 4/4.                  [Run3ModelGen.modelgen]
2024-10-01 17:22:16 [info     ] 	softsusy: 4/4.                [Run3ModelGen.modelgen]
2024-10-01 17:22:16 [info     ] 	micromegas: 4/4.              [Run3ModelGen.modelgen]
2024-10-01 17:22:16 [info     ] 	superiso: 4/4.                [Run3ModelGen.modelgen]
2024-10-01 17:22:16 [info     ] 	gm2calc: 4/4.                 [Run3ModelGen.modelgen]
2024-10-01 17:22:16 [info     ] 	evade: 0/4.                   [Run3ModelGen.modelgen]
2024-10-01 17:22:16 [info     ] Will make NTuple for: /u/dvoss/al_pmssmwithgp/Run3ModelGen/source/Run3ModelGen/scans/scan_start, with 4 models [Run3ModelGen.ntupling]
2024-10-01 17:22:16 [info     ] 	Filling values for model: 0   [Run3ModelGen.ntupling]
2024-10-01 17:22:16 [info     ] Saving NTuple in /u/dvoss/al_pmssmwithgp/Run3ModelGen/source/Run3ModelGen/scans/scan_start/ntuple.0.0.root ... [Run3ModelGen.ntupling]
                                  
================================= 
Global information about the job: 
================================= 
  
Job owner: dvoss(54815)
Job name:  Run3ModelGen
Node list: ravg1154
Job start: Tue Oct  1 17:21:41 CEST 2024
Job end:   Tue Oct  1 17:22:24 CEST 2024
Work dir:  /raven/u/dvoss/al_pmssmwithgp/model
Command:   /raven/u/dvoss/al_pmssmwithgp/model/slurm/R3MG_job.sbatch
  
  
  
==========================================================================================
Information on jobsteps (Note: MaxRSS/AveRSS is the maximum/average over all 
tasks of the per-task memory high-water marks; cf. "man sacct"): 
==========================================================================================
  
JobID            JobName NNodes NTasks  NCPUS       MaxRSS       AveRSS    Elapsed ExitCode
------------- ---------- ------ ------ ------ ------------ ------------ ---------- --------
13072500      Run3ModelG      1             4                             00:00:43    127:0
13072500.0    job_Run3Mo      1      1      4        1.32M        1.32M   00:00:24    127:0
  
Maximum memory per node: 0.006225 GB (defined as MaxRSS*Ntasks/NNodes)
CPU utilization: 0.0 %
  
