Defaulting to user installation because normal site-packages is not writeable
Requirement already satisfied: uproot in /raven/u/dvoss/.local/lib/python3.9/site-packages (5.3.10)
Requirement already satisfied: fsspec in /raven/u/dvoss/.local/lib/python3.9/site-packages (from uproot) (2024.6.1)
Requirement already satisfied: numpy in /raven/u/dvoss/.local/lib/python3.9/site-packages (from uproot) (1.22.4)
Requirement already satisfied: awkward>=2.4.6 in /raven/u/dvoss/.local/lib/python3.9/site-packages (from uproot) (2.6.6)
Requirement already satisfied: typing-extensions>=4.1.0 in /raven/u/dvoss/.local/lib/python3.9/site-packages (from uproot) (4.12.2)
Requirement already satisfied: cramjam>=2.5.0 in /raven/u/dvoss/.local/lib/python3.9/site-packages (from uproot) (2.8.3)
Requirement already satisfied: packaging in /raven/u/system/soft/SLE_15/packages/x86_64/anaconda/3/2021.11/lib/python3.9/site-packages (from uproot) (21.0)
Requirement already satisfied: awkward-cpp==35 in /raven/u/dvoss/.local/lib/python3.9/site-packages (from awkward>=2.4.6->uproot) (35)
Requirement already satisfied: importlib-metadata>=4.13.0 in /raven/u/dvoss/.local/lib/python3.9/site-packages (from awkward>=2.4.6->uproot) (8.0.0)
Requirement already satisfied: zipp>=0.5 in /raven/u/system/soft/SLE_15/packages/x86_64/anaconda/3/2021.11/lib/python3.9/site-packages (from importlib-metadata>=4.13.0->awkward>=2.4.6->uproot) (3.6.0)
Requirement already satisfied: pyparsing>=2.0.2 in /raven/u/system/soft/SLE_15/packages/x86_64/anaconda/3/2021.11/lib/python3.9/site-packages (from packaging->uproot) (3.0.4)
Defaulting to user installation because normal site-packages is not writeable
Collecting argparse
  Using cached argparse-1.4.0-py2.py3-none-any.whl (23 kB)
Installing collected packages: argparse
Successfully installed argparse-1.4.0
Defaulting to user installation because normal site-packages is not writeable
Requirement already satisfied: pyslha in /raven/u/dvoss/.local/lib/python3.9/site-packages (3.2.6)
Requirement already satisfied: tex2pix>=0.1.5 in /raven/u/dvoss/.local/lib/python3.9/site-packages (from pyslha) (0.3.1)
Defaulting to user installation because normal site-packages is not writeable
Requirement already satisfied: structlog in /raven/u/dvoss/.local/lib/python3.9/site-packages (24.4.0)
Defaulting to user installation because normal site-packages is not writeable
Requirement already satisfied: imageio[ffmpeg] in /raven/u/system/soft/SLE_15/packages/x86_64/anaconda/3/2021.11/lib/python3.9/site-packages (2.9.0)
Requirement already satisfied: Pillow in /raven/u/system/soft/SLE_15/packages/x86_64/anaconda/3/2021.11/lib/python3.9/site-packages (8.4.0)
Requirement already satisfied: numpy in /raven/u/dvoss/.local/lib/python3.9/site-packages (from imageio[ffmpeg]) (1.22.4)
Requirement already satisfied: imageio-ffmpeg in /raven/u/dvoss/.local/lib/python3.9/site-packages (from imageio[ffmpeg]) (0.5.1)
Requirement already satisfied: setuptools in /raven/u/system/soft/SLE_15/packages/x86_64/anaconda/3/2021.11/lib/python3.9/site-packages (from imageio-ffmpeg->imageio[ffmpeg]) (58.0.4)
Defaulting to user installation because normal site-packages is not writeable
Requirement already satisfied: seaborn in /raven/u/system/soft/SLE_15/packages/x86_64/anaconda/3/2021.11/lib/python3.9/site-packages (0.11.2)
Requirement already satisfied: pandas>=0.23 in /raven/u/system/soft/SLE_15/packages/x86_64/anaconda/3/2021.11/lib/python3.9/site-packages (from seaborn) (1.3.4)
Requirement already satisfied: scipy>=1.0 in /raven/u/system/soft/SLE_15/packages/x86_64/anaconda/3/2021.11/lib/python3.9/site-packages (from seaborn) (1.7.1)
Requirement already satisfied: numpy>=1.15 in /raven/u/dvoss/.local/lib/python3.9/site-packages (from seaborn) (1.22.4)
Requirement already satisfied: matplotlib>=2.2 in /raven/u/system/soft/SLE_15/packages/x86_64/anaconda/3/2021.11/lib/python3.9/site-packages (from seaborn) (3.4.3)
Requirement already satisfied: cycler>=0.10 in /raven/u/system/soft/SLE_15/packages/x86_64/anaconda/3/2021.11/lib/python3.9/site-packages (from matplotlib>=2.2->seaborn) (0.10.0)
Requirement already satisfied: kiwisolver>=1.0.1 in /raven/u/system/soft/SLE_15/packages/x86_64/anaconda/3/2021.11/lib/python3.9/site-packages (from matplotlib>=2.2->seaborn) (1.3.1)
Requirement already satisfied: python-dateutil>=2.7 in /raven/u/system/soft/SLE_15/packages/x86_64/anaconda/3/2021.11/lib/python3.9/site-packages (from matplotlib>=2.2->seaborn) (2.8.2)
Requirement already satisfied: pillow>=6.2.0 in /raven/u/system/soft/SLE_15/packages/x86_64/anaconda/3/2021.11/lib/python3.9/site-packages (from matplotlib>=2.2->seaborn) (8.4.0)
Requirement already satisfied: pyparsing>=2.2.1 in /raven/u/system/soft/SLE_15/packages/x86_64/anaconda/3/2021.11/lib/python3.9/site-packages (from matplotlib>=2.2->seaborn) (3.0.4)
Requirement already satisfied: six in /raven/u/system/soft/SLE_15/packages/x86_64/anaconda/3/2021.11/lib/python3.9/site-packages (from cycler>=0.10->matplotlib>=2.2->seaborn) (1.16.0)
Requirement already satisfied: pytz>=2017.3 in /raven/u/system/soft/SLE_15/packages/x86_64/anaconda/3/2021.11/lib/python3.9/site-packages (from pandas>=0.23->seaborn) (2021.3)
Defaulting to user installation because normal site-packages is not writeable
Defaulting to user installation because normal site-packages is not writeable
Starting iteration 1
Initial Training points:  tensor([[0.6631, 0.0865],
        [0.8398, 0.5842],
        [0.8237, 0.4728],
        ...,
        [0.9589, 0.0399],
        [0.8436, 0.3470],
        [0.0571, 0.1538]], device='cuda:0') torch.Size([7000, 2])
These training_points are used in the GP tensor([[0.6631, 0.0865],
        [0.8398, 0.5842],
        [0.8237, 0.4728],
        ...,
        [0.9589, 0.0399],
        [0.8436, 0.3470],
        [0.0571, 0.1538]], device='cuda:0')
Iteration 0: x_train shape: torch.Size([7000, 2]), y_train shape: torch.Size([7000])
Output mean shape: torch.Size([7000])
Iter 1 / 1000 - Loss (Train): 5.485 - Loss (Val): 2.079
Iteration 1: x_train shape: torch.Size([7000, 2]), y_train shape: torch.Size([7000])
Output mean shape: torch.Size([7000])
Iteration 2: x_train shape: torch.Size([7000, 2]), y_train shape: torch.Size([7000])
Output mean shape: torch.Size([7000])
Iteration 3: x_train shape: torch.Size([7000, 2]), y_train shape: torch.Size([7000])
Output mean shape: torch.Size([7000])
Iteration 4: x_train shape: torch.Size([7000, 2]), y_train shape: torch.Size([7000])
Output mean shape: torch.Size([7000])
Iteration 5: x_train shape: torch.Size([7000, 2]), y_train shape: torch.Size([7000])
Output mean shape: torch.Size([7000])
Iteration 6: x_train shape: torch.Size([7000, 2]), y_train shape: torch.Size([7000])
Output mean shape: torch.Size([7000])
Iteration 7: x_train shape: torch.Size([7000, 2]), y_train shape: torch.Size([7000])
Output mean shape: torch.Size([7000])
Iteration 8: x_train shape: torch.Size([7000, 2]), y_train shape: torch.Size([7000])
Output mean shape: torch.Size([7000])
Iteration 9: x_train shape: torch.Size([7000, 2]), y_train shape: torch.Size([7000])
Output mean shape: torch.Size([7000])
Iteration 10: x_train shape: torch.Size([7000, 2]), y_train shape: torch.Size([7000])
Output mean shape: torch.Size([7000])
Iteration 11: x_train shape: torch.Size([7000, 2]), y_train shape: torch.Size([7000])
Output mean shape: torch.Size([7000])
Iteration 12: x_train shape: torch.Size([7000, 2]), y_train shape: torch.Size([7000])
Output mean shape: torch.Size([7000])
Iteration 13: x_train shape: torch.Size([7000, 2]), y_train shape: torch.Size([7000])
Output mean shape: torch.Size([7000])
Iteration 14: x_train shape: torch.Size([7000, 2]), y_train shape: torch.Size([7000])
Output mean shape: torch.Size([7000])
Iteration 15: x_train shape: torch.Size([7000, 2]), y_train shape: torch.Size([7000])
Output mean shape: torch.Size([7000])
Iteration 16: x_train shape: torch.Size([7000, 2]), y_train shape: torch.Size([7000])
Output mean shape: torch.Size([7000])
Iteration 17: x_train shape: torch.Size([7000, 2]), y_train shape: torch.Size([7000])
Output mean shape: torch.Size([7000])
Iteration 18: x_train shape: torch.Size([7000, 2]), y_train shape: torch.Size([7000])
Output mean shape: torch.Size([7000])
Iteration 19: x_train shape: torch.Size([7000, 2]), y_train shape: torch.Size([7000])
Output mean shape: torch.Size([7000])
Iteration 20: x_train shape: torch.Size([7000, 2]), y_train shape: torch.Size([7000])
Output mean shape: torch.Size([7000])
Iteration 21: x_train shape: torch.Size([7000, 2]), y_train shape: torch.Size([7000])
Output mean shape: torch.Size([7000])
Iteration 22: x_train shape: torch.Size([7000, 2]), y_train shape: torch.Size([7000])
Output mean shape: torch.Size([7000])
Iteration 23: x_train shape: torch.Size([7000, 2]), y_train shape: torch.Size([7000])
Output mean shape: torch.Size([7000])
Iteration 24: x_train shape: torch.Size([7000, 2]), y_train shape: torch.Size([7000])
Output mean shape: torch.Size([7000])
Iteration 25: x_train shape: torch.Size([7000, 2]), y_train shape: torch.Size([7000])
Output mean shape: torch.Size([7000])
Iteration 26: x_train shape: torch.Size([7000, 2]), y_train shape: torch.Size([7000])
Output mean shape: torch.Size([7000])
Iteration 27: x_train shape: torch.Size([7000, 2]), y_train shape: torch.Size([7000])
Output mean shape: torch.Size([7000])
Iteration 28: x_train shape: torch.Size([7000, 2]), y_train shape: torch.Size([7000])
Output mean shape: torch.Size([7000])
Iteration 29: x_train shape: torch.Size([7000, 2]), y_train shape: torch.Size([7000])
Output mean shape: torch.Size([7000])
Iteration 30: x_train shape: torch.Size([7000, 2]), y_train shape: torch.Size([7000])
Output mean shape: torch.Size([7000])
Iteration 31: x_train shape: torch.Size([7000, 2]), y_train shape: torch.Size([7000])
Output mean shape: torch.Size([7000])
Iteration 32: x_train shape: torch.Size([7000, 2]), y_train shape: torch.Size([7000])
Output mean shape: torch.Size([7000])
Iteration 33: x_train shape: torch.Size([7000, 2]), y_train shape: torch.Size([7000])
Output mean shape: torch.Size([7000])
Iteration 34: x_train shape: torch.Size([7000, 2]), y_train shape: torch.Size([7000])
Output mean shape: torch.Size([7000])
Iteration 35: x_train shape: torch.Size([7000, 2]), y_train shape: torch.Size([7000])
Output mean shape: torch.Size([7000])
Iteration 36: x_train shape: torch.Size([7000, 2]), y_train shape: torch.Size([7000])
Output mean shape: torch.Size([7000])
Iteration 37: x_train shape: torch.Size([7000, 2]), y_train shape: torch.Size([7000])
Output mean shape: torch.Size([7000])
Iteration 38: x_train shape: torch.Size([7000, 2]), y_train shape: torch.Size([7000])
Output mean shape: torch.Size([7000])
Iteration 39: x_train shape: torch.Size([7000, 2]), y_train shape: torch.Size([7000])
Output mean shape: torch.Size([7000])
Iteration 40: x_train shape: torch.Size([7000, 2]), y_train shape: torch.Size([7000])
Output mean shape: torch.Size([7000])
Iteration 41: x_train shape: torch.Size([7000, 2]), y_train shape: torch.Size([7000])
Output mean shape: torch.Size([7000])
Iteration 42: x_train shape: torch.Size([7000, 2]), y_train shape: torch.Size([7000])
Output mean shape: torch.Size([7000])
Iteration 43: x_train shape: torch.Size([7000, 2]), y_train shape: torch.Size([7000])
Output mean shape: torch.Size([7000])
Iteration 44: x_train shape: torch.Size([7000, 2]), y_train shape: torch.Size([7000])
Output mean shape: torch.Size([7000])
Iteration 45: x_train shape: torch.Size([7000, 2]), y_train shape: torch.Size([7000])
Output mean shape: torch.Size([7000])
Iteration 46: x_train shape: torch.Size([7000, 2]), y_train shape: torch.Size([7000])
Output mean shape: torch.Size([7000])
Iteration 47: x_train shape: torch.Size([7000, 2]), y_train shape: torch.Size([7000])
Output mean shape: torch.Size([7000])
Iteration 48: x_train shape: torch.Size([7000, 2]), y_train shape: torch.Size([7000])
Output mean shape: torch.Size([7000])
Iteration 49: x_train shape: torch.Size([7000, 2]), y_train shape: torch.Size([7000])
Output mean shape: torch.Size([7000])
Iteration 50: x_train shape: torch.Size([7000, 2]), y_train shape: torch.Size([7000])
Output mean shape: torch.Size([7000])
Iteration 51: x_train shape: torch.Size([7000, 2]), y_train shape: torch.Size([7000])
Output mean shape: torch.Size([7000])
Iteration 52: x_train shape: torch.Size([7000, 2]), y_train shape: torch.Size([7000])
Output mean shape: torch.Size([7000])
Iteration 53: x_train shape: torch.Size([7000, 2]), y_train shape: torch.Size([7000])
Output mean shape: torch.Size([7000])
Iteration 54: x_train shape: torch.Size([7000, 2]), y_train shape: torch.Size([7000])
Output mean shape: torch.Size([7000])
Iteration 55: x_train shape: torch.Size([7000, 2]), y_train shape: torch.Size([7000])
Output mean shape: torch.Size([7000])
Iteration 56: x_train shape: torch.Size([7000, 2]), y_train shape: torch.Size([7000])
Output mean shape: torch.Size([7000])
Iteration 57: x_train shape: torch.Size([7000, 2]), y_train shape: torch.Size([7000])
Output mean shape: torch.Size([7000])
Iteration 58: x_train shape: torch.Size([7000, 2]), y_train shape: torch.Size([7000])
Output mean shape: torch.Size([7000])
Iteration 59: x_train shape: torch.Size([7000, 2]), y_train shape: torch.Size([7000])
Output mean shape: torch.Size([7000])
Iteration 60: x_train shape: torch.Size([7000, 2]), y_train shape: torch.Size([7000])
Output mean shape: torch.Size([7000])
Iteration 61: x_train shape: torch.Size([7000, 2]), y_train shape: torch.Size([7000])
Output mean shape: torch.Size([7000])
Iteration 62: x_train shape: torch.Size([7000, 2]), y_train shape: torch.Size([7000])
Output mean shape: torch.Size([7000])
Iteration 63: x_train shape: torch.Size([7000, 2]), y_train shape: torch.Size([7000])
Output mean shape: torch.Size([7000])
Iteration 64: x_train shape: torch.Size([7000, 2]), y_train shape: torch.Size([7000])
Output mean shape: torch.Size([7000])
Iteration 65: x_train shape: torch.Size([7000, 2]), y_train shape: torch.Size([7000])
Output mean shape: torch.Size([7000])
Iteration 66: x_train shape: torch.Size([7000, 2]), y_train shape: torch.Size([7000])
Output mean shape: torch.Size([7000])
Iteration 67: x_train shape: torch.Size([7000, 2]), y_train shape: torch.Size([7000])
Output mean shape: torch.Size([7000])
Iteration 68: x_train shape: torch.Size([7000, 2]), y_train shape: torch.Size([7000])
Output mean shape: torch.Size([7000])
Iteration 69: x_train shape: torch.Size([7000, 2]), y_train shape: torch.Size([7000])
Output mean shape: torch.Size([7000])
Iteration 70: x_train shape: torch.Size([7000, 2]), y_train shape: torch.Size([7000])
Output mean shape: torch.Size([7000])
Iteration 71: x_train shape: torch.Size([7000, 2]), y_train shape: torch.Size([7000])
Output mean shape: torch.Size([7000])
Iteration 72: x_train shape: torch.Size([7000, 2]), y_train shape: torch.Size([7000])
Output mean shape: torch.Size([7000])
Iteration 73: x_train shape: torch.Size([7000, 2]), y_train shape: torch.Size([7000])
Output mean shape: torch.Size([7000])
Iteration 74: x_train shape: torch.Size([7000, 2]), y_train shape: torch.Size([7000])
Output mean shape: torch.Size([7000])
Iteration 75: x_train shape: torch.Size([7000, 2]), y_train shape: torch.Size([7000])
Output mean shape: torch.Size([7000])
Iteration 76: x_train shape: torch.Size([7000, 2]), y_train shape: torch.Size([7000])
Output mean shape: torch.Size([7000])
Iteration 77: x_train shape: torch.Size([7000, 2]), y_train shape: torch.Size([7000])
Output mean shape: torch.Size([7000])
Iteration 78: x_train shape: torch.Size([7000, 2]), y_train shape: torch.Size([7000])
Output mean shape: torch.Size([7000])
Iteration 79: x_train shape: torch.Size([7000, 2]), y_train shape: torch.Size([7000])
Output mean shape: torch.Size([7000])
Iteration 80: x_train shape: torch.Size([7000, 2]), y_train shape: torch.Size([7000])
Output mean shape: torch.Size([7000])
Iteration 81: x_train shape: torch.Size([7000, 2]), y_train shape: torch.Size([7000])
Output mean shape: torch.Size([7000])
Iteration 82: x_train shape: torch.Size([7000, 2]), y_train shape: torch.Size([7000])
Output mean shape: torch.Size([7000])
Iteration 83: x_train shape: torch.Size([7000, 2]), y_train shape: torch.Size([7000])
Output mean shape: torch.Size([7000])
Iteration 84: x_train shape: torch.Size([7000, 2]), y_train shape: torch.Size([7000])
Output mean shape: torch.Size([7000])
Iteration 85: x_train shape: torch.Size([7000, 2]), y_train shape: torch.Size([7000])
Output mean shape: torch.Size([7000])
Iteration 86: x_train shape: torch.Size([7000, 2]), y_train shape: torch.Size([7000])
Output mean shape: torch.Size([7000])
Iteration 87: x_train shape: torch.Size([7000, 2]), y_train shape: torch.Size([7000])
Output mean shape: torch.Size([7000])
Iteration 88: x_train shape: torch.Size([7000, 2]), y_train shape: torch.Size([7000])
Output mean shape: torch.Size([7000])
Iteration 89: x_train shape: torch.Size([7000, 2]), y_train shape: torch.Size([7000])
Output mean shape: torch.Size([7000])
Iteration 90: x_train shape: torch.Size([7000, 2]), y_train shape: torch.Size([7000])
Output mean shape: torch.Size([7000])
Iteration 91: x_train shape: torch.Size([7000, 2]), y_train shape: torch.Size([7000])
Output mean shape: torch.Size([7000])
Iteration 92: x_train shape: torch.Size([7000, 2]), y_train shape: torch.Size([7000])
Output mean shape: torch.Size([7000])
Iteration 93: x_train shape: torch.Size([7000, 2]), y_train shape: torch.Size([7000])
Output mean shape: torch.Size([7000])
Iteration 94: x_train shape: torch.Size([7000, 2]), y_train shape: torch.Size([7000])
Output mean shape: torch.Size([7000])
Iteration 95: x_train shape: torch.Size([7000, 2]), y_train shape: torch.Size([7000])
Output mean shape: torch.Size([7000])
Iteration 96: x_train shape: torch.Size([7000, 2]), y_train shape: torch.Size([7000])
Output mean shape: torch.Size([7000])
Iteration 97: x_train shape: torch.Size([7000, 2]), y_train shape: torch.Size([7000])
Output mean shape: torch.Size([7000])
Iteration 98: x_train shape: torch.Size([7000, 2]), y_train shape: torch.Size([7000])
Output mean shape: torch.Size([7000])
Iteration 99: x_train shape: torch.Size([7000, 2]), y_train shape: torch.Size([7000])
Output mean shape: torch.Size([7000])
Iteration 100: x_train shape: torch.Size([7000, 2]), y_train shape: torch.Size([7000])
Output mean shape: torch.Size([7000])
Iter 101 / 1000 - Loss (Train): 2.574 - Loss (Val): 1.463
Iteration 101: x_train shape: torch.Size([7000, 2]), y_train shape: torch.Size([7000])
Output mean shape: torch.Size([7000])
Iteration 102: x_train shape: torch.Size([7000, 2]), y_train shape: torch.Size([7000])
Output mean shape: torch.Size([7000])
Iteration 103: x_train shape: torch.Size([7000, 2]), y_train shape: torch.Size([7000])
Output mean shape: torch.Size([7000])
Iteration 104: x_train shape: torch.Size([7000, 2]), y_train shape: torch.Size([7000])
Output mean shape: torch.Size([7000])
Iteration 105: x_train shape: torch.Size([7000, 2]), y_train shape: torch.Size([7000])
Output mean shape: torch.Size([7000])
Iteration 106: x_train shape: torch.Size([7000, 2]), y_train shape: torch.Size([7000])
Output mean shape: torch.Size([7000])
Iteration 107: x_train shape: torch.Size([7000, 2]), y_train shape: torch.Size([7000])
Output mean shape: torch.Size([7000])
Iteration 108: x_train shape: torch.Size([7000, 2]), y_train shape: torch.Size([7000])
Output mean shape: torch.Size([7000])
Iteration 109: x_train shape: torch.Size([7000, 2]), y_train shape: torch.Size([7000])
Output mean shape: torch.Size([7000])
Iteration 110: x_train shape: torch.Size([7000, 2]), y_train shape: torch.Size([7000])
Output mean shape: torch.Size([7000])
Iteration 111: x_train shape: torch.Size([7000, 2]), y_train shape: torch.Size([7000])
Output mean shape: torch.Size([7000])
Iteration 112: x_train shape: torch.Size([7000, 2]), y_train shape: torch.Size([7000])
Output mean shape: torch.Size([7000])
Iteration 113: x_train shape: torch.Size([7000, 2]), y_train shape: torch.Size([7000])
Output mean shape: torch.Size([7000])
Iteration 114: x_train shape: torch.Size([7000, 2]), y_train shape: torch.Size([7000])
Output mean shape: torch.Size([7000])
Iteration 115: x_train shape: torch.Size([7000, 2]), y_train shape: torch.Size([7000])
Output mean shape: torch.Size([7000])
Iteration 116: x_train shape: torch.Size([7000, 2]), y_train shape: torch.Size([7000])
Output mean shape: torch.Size([7000])
Iteration 117: x_train shape: torch.Size([7000, 2]), y_train shape: torch.Size([7000])
Output mean shape: torch.Size([7000])
Iteration 118: x_train shape: torch.Size([7000, 2]), y_train shape: torch.Size([7000])
Output mean shape: torch.Size([7000])
Iteration 119: x_train shape: torch.Size([7000, 2]), y_train shape: torch.Size([7000])
Output mean shape: torch.Size([7000])
Iteration 120: x_train shape: torch.Size([7000, 2]), y_train shape: torch.Size([7000])
Output mean shape: torch.Size([7000])
Iteration 121: x_train shape: torch.Size([7000, 2]), y_train shape: torch.Size([7000])
Output mean shape: torch.Size([7000])
Iteration 122: x_train shape: torch.Size([7000, 2]), y_train shape: torch.Size([7000])
Output mean shape: torch.Size([7000])
Iteration 123: x_train shape: torch.Size([7000, 2]), y_train shape: torch.Size([7000])
Output mean shape: torch.Size([7000])
Iteration 124: x_train shape: torch.Size([7000, 2]), y_train shape: torch.Size([7000])
Output mean shape: torch.Size([7000])
Iteration 125: x_train shape: torch.Size([7000, 2]), y_train shape: torch.Size([7000])
Output mean shape: torch.Size([7000])
Iteration 126: x_train shape: torch.Size([7000, 2]), y_train shape: torch.Size([7000])
Output mean shape: torch.Size([7000])
Iteration 127: x_train shape: torch.Size([7000, 2]), y_train shape: torch.Size([7000])
Output mean shape: torch.Size([7000])
Iteration 128: x_train shape: torch.Size([7000, 2]), y_train shape: torch.Size([7000])
Output mean shape: torch.Size([7000])
Iteration 129: x_train shape: torch.Size([7000, 2]), y_train shape: torch.Size([7000])
Output mean shape: torch.Size([7000])
Iteration 130: x_train shape: torch.Size([7000, 2]), y_train shape: torch.Size([7000])
Output mean shape: torch.Size([7000])
Iteration 131: x_train shape: torch.Size([7000, 2]), y_train shape: torch.Size([7000])
Output mean shape: torch.Size([7000])
Iteration 132: x_train shape: torch.Size([7000, 2]), y_train shape: torch.Size([7000])
Output mean shape: torch.Size([7000])
Iteration 133: x_train shape: torch.Size([7000, 2]), y_train shape: torch.Size([7000])
Output mean shape: torch.Size([7000])
Iteration 134: x_train shape: torch.Size([7000, 2]), y_train shape: torch.Size([7000])
Output mean shape: torch.Size([7000])
Iteration 135: x_train shape: torch.Size([7000, 2]), y_train shape: torch.Size([7000])
Output mean shape: torch.Size([7000])
Iteration 136: x_train shape: torch.Size([7000, 2]), y_train shape: torch.Size([7000])
Output mean shape: torch.Size([7000])
Iteration 137: x_train shape: torch.Size([7000, 2]), y_train shape: torch.Size([7000])
Output mean shape: torch.Size([7000])
Iteration 138: x_train shape: torch.Size([7000, 2]), y_train shape: torch.Size([7000])
Output mean shape: torch.Size([7000])
Iteration 139: x_train shape: torch.Size([7000, 2]), y_train shape: torch.Size([7000])
Output mean shape: torch.Size([7000])
Iteration 140: x_train shape: torch.Size([7000, 2]), y_train shape: torch.Size([7000])
Output mean shape: torch.Size([7000])
Iteration 141: x_train shape: torch.Size([7000, 2]), y_train shape: torch.Size([7000])
Output mean shape: torch.Size([7000])
Iteration 142: x_train shape: torch.Size([7000, 2]), y_train shape: torch.Size([7000])
Output mean shape: torch.Size([7000])
Iteration 143: x_train shape: torch.Size([7000, 2]), y_train shape: torch.Size([7000])
Output mean shape: torch.Size([7000])
Iteration 144: x_train shape: torch.Size([7000, 2]), y_train shape: torch.Size([7000])
Output mean shape: torch.Size([7000])
Iteration 145: x_train shape: torch.Size([7000, 2]), y_train shape: torch.Size([7000])
Output mean shape: torch.Size([7000])
Iteration 146: x_train shape: torch.Size([7000, 2]), y_train shape: torch.Size([7000])
Output mean shape: torch.Size([7000])
Iteration 147: x_train shape: torch.Size([7000, 2]), y_train shape: torch.Size([7000])
Output mean shape: torch.Size([7000])
Iteration 148: x_train shape: torch.Size([7000, 2]), y_train shape: torch.Size([7000])
Output mean shape: torch.Size([7000])
Iteration 149: x_train shape: torch.Size([7000, 2]), y_train shape: torch.Size([7000])
Output mean shape: torch.Size([7000])
Iteration 150: x_train shape: torch.Size([7000, 2]), y_train shape: torch.Size([7000])
Output mean shape: torch.Size([7000])
Iteration 151: x_train shape: torch.Size([7000, 2]), y_train shape: torch.Size([7000])
Output mean shape: torch.Size([7000])
Iteration 152: x_train shape: torch.Size([7000, 2]), y_train shape: torch.Size([7000])
Output mean shape: torch.Size([7000])
Iteration 153: x_train shape: torch.Size([7000, 2]), y_train shape: torch.Size([7000])
Output mean shape: torch.Size([7000])
Iteration 154: x_train shape: torch.Size([7000, 2]), y_train shape: torch.Size([7000])
Output mean shape: torch.Size([7000])
Iteration 155: x_train shape: torch.Size([7000, 2]), y_train shape: torch.Size([7000])
Output mean shape: torch.Size([7000])
Iteration 156: x_train shape: torch.Size([7000, 2]), y_train shape: torch.Size([7000])
Output mean shape: torch.Size([7000])
Iteration 157: x_train shape: torch.Size([7000, 2]), y_train shape: torch.Size([7000])
Output mean shape: torch.Size([7000])
Iteration 158: x_train shape: torch.Size([7000, 2]), y_train shape: torch.Size([7000])
Output mean shape: torch.Size([7000])
Iteration 159: x_train shape: torch.Size([7000, 2]), y_train shape: torch.Size([7000])
Output mean shape: torch.Size([7000])
Iteration 160: x_train shape: torch.Size([7000, 2]), y_train shape: torch.Size([7000])
Output mean shape: torch.Size([7000])
Iteration 161: x_train shape: torch.Size([7000, 2]), y_train shape: torch.Size([7000])
Output mean shape: torch.Size([7000])
Iteration 162: x_train shape: torch.Size([7000, 2]), y_train shape: torch.Size([7000])
Output mean shape: torch.Size([7000])
Iteration 163: x_train shape: torch.Size([7000, 2]), y_train shape: torch.Size([7000])
Output mean shape: torch.Size([7000])
Iteration 164: x_train shape: torch.Size([7000, 2]), y_train shape: torch.Size([7000])
Output mean shape: torch.Size([7000])
Iteration 165: x_train shape: torch.Size([7000, 2]), y_train shape: torch.Size([7000])
Output mean shape: torch.Size([7000])
Iteration 166: x_train shape: torch.Size([7000, 2]), y_train shape: torch.Size([7000])
Output mean shape: torch.Size([7000])
Iteration 167: x_train shape: torch.Size([7000, 2]), y_train shape: torch.Size([7000])
Output mean shape: torch.Size([7000])
Iteration 168: x_train shape: torch.Size([7000, 2]), y_train shape: torch.Size([7000])
Output mean shape: torch.Size([7000])
Iteration 169: x_train shape: torch.Size([7000, 2]), y_train shape: torch.Size([7000])
Output mean shape: torch.Size([7000])
Iteration 170: x_train shape: torch.Size([7000, 2]), y_train shape: torch.Size([7000])
Output mean shape: torch.Size([7000])
Iteration 171: x_train shape: torch.Size([7000, 2]), y_train shape: torch.Size([7000])
Output mean shape: torch.Size([7000])
Iteration 172: x_train shape: torch.Size([7000, 2]), y_train shape: torch.Size([7000])
Output mean shape: torch.Size([7000])
Iteration 173: x_train shape: torch.Size([7000, 2]), y_train shape: torch.Size([7000])
Output mean shape: torch.Size([7000])
Iteration 174: x_train shape: torch.Size([7000, 2]), y_train shape: torch.Size([7000])
Output mean shape: torch.Size([7000])
Iteration 175: x_train shape: torch.Size([7000, 2]), y_train shape: torch.Size([7000])
Output mean shape: torch.Size([7000])
Iteration 176: x_train shape: torch.Size([7000, 2]), y_train shape: torch.Size([7000])
Output mean shape: torch.Size([7000])
Iteration 177: x_train shape: torch.Size([7000, 2]), y_train shape: torch.Size([7000])
Output mean shape: torch.Size([7000])
Iteration 178: x_train shape: torch.Size([7000, 2]), y_train shape: torch.Size([7000])
Output mean shape: torch.Size([7000])
Iteration 179: x_train shape: torch.Size([7000, 2]), y_train shape: torch.Size([7000])
Output mean shape: torch.Size([7000])
Iteration 180: x_train shape: torch.Size([7000, 2]), y_train shape: torch.Size([7000])
Output mean shape: torch.Size([7000])
Iteration 181: x_train shape: torch.Size([7000, 2]), y_train shape: torch.Size([7000])
Output mean shape: torch.Size([7000])
Iteration 182: x_train shape: torch.Size([7000, 2]), y_train shape: torch.Size([7000])
Output mean shape: torch.Size([7000])
Iteration 183: x_train shape: torch.Size([7000, 2]), y_train shape: torch.Size([7000])
Output mean shape: torch.Size([7000])
Iteration 184: x_train shape: torch.Size([7000, 2]), y_train shape: torch.Size([7000])
Output mean shape: torch.Size([7000])
Iteration 185: x_train shape: torch.Size([7000, 2]), y_train shape: torch.Size([7000])
Output mean shape: torch.Size([7000])
Iteration 186: x_train shape: torch.Size([7000, 2]), y_train shape: torch.Size([7000])
Output mean shape: torch.Size([7000])
Iteration 187: x_train shape: torch.Size([7000, 2]), y_train shape: torch.Size([7000])
Output mean shape: torch.Size([7000])
Iteration 188: x_train shape: torch.Size([7000, 2]), y_train shape: torch.Size([7000])
Output mean shape: torch.Size([7000])
Iteration 189: x_train shape: torch.Size([7000, 2]), y_train shape: torch.Size([7000])
Output mean shape: torch.Size([7000])
Iteration 190: x_train shape: torch.Size([7000, 2]), y_train shape: torch.Size([7000])
Output mean shape: torch.Size([7000])
Iteration 191: x_train shape: torch.Size([7000, 2]), y_train shape: torch.Size([7000])
Output mean shape: torch.Size([7000])
Iteration 192: x_train shape: torch.Size([7000, 2]), y_train shape: torch.Size([7000])
Output mean shape: torch.Size([7000])
Iteration 193: x_train shape: torch.Size([7000, 2]), y_train shape: torch.Size([7000])
Output mean shape: torch.Size([7000])
Iteration 194: x_train shape: torch.Size([7000, 2]), y_train shape: torch.Size([7000])
Output mean shape: torch.Size([7000])
Iteration 195: x_train shape: torch.Size([7000, 2]), y_train shape: torch.Size([7000])
Output mean shape: torch.Size([7000])
Iteration 196: x_train shape: torch.Size([7000, 2]), y_train shape: torch.Size([7000])
Output mean shape: torch.Size([7000])
Iteration 197: x_train shape: torch.Size([7000, 2]), y_train shape: torch.Size([7000])
Output mean shape: torch.Size([7000])
Iteration 198: x_train shape: torch.Size([7000, 2]), y_train shape: torch.Size([7000])
Output mean shape: torch.Size([7000])
Iteration 199: x_train shape: torch.Size([7000, 2]), y_train shape: torch.Size([7000])
Output mean shape: torch.Size([7000])
Iteration 200: x_train shape: torch.Size([7000, 2]), y_train shape: torch.Size([7000])
Output mean shape: torch.Size([7000])
Iter 201 / 1000 - Loss (Train): 1.710 - Loss (Val): 1.302
Iteration 201: x_train shape: torch.Size([7000, 2]), y_train shape: torch.Size([7000])
Output mean shape: torch.Size([7000])
Iteration 202: x_train shape: torch.Size([7000, 2]), y_train shape: torch.Size([7000])
Output mean shape: torch.Size([7000])
Iteration 203: x_train shape: torch.Size([7000, 2]), y_train shape: torch.Size([7000])
Output mean shape: torch.Size([7000])
Iteration 204: x_train shape: torch.Size([7000, 2]), y_train shape: torch.Size([7000])
Output mean shape: torch.Size([7000])
Iteration 205: x_train shape: torch.Size([7000, 2]), y_train shape: torch.Size([7000])
Output mean shape: torch.Size([7000])
Iteration 206: x_train shape: torch.Size([7000, 2]), y_train shape: torch.Size([7000])
Output mean shape: torch.Size([7000])
Iteration 207: x_train shape: torch.Size([7000, 2]), y_train shape: torch.Size([7000])
Output mean shape: torch.Size([7000])
Iteration 208: x_train shape: torch.Size([7000, 2]), y_train shape: torch.Size([7000])
Output mean shape: torch.Size([7000])
Iteration 209: x_train shape: torch.Size([7000, 2]), y_train shape: torch.Size([7000])
Output mean shape: torch.Size([7000])
Iteration 210: x_train shape: torch.Size([7000, 2]), y_train shape: torch.Size([7000])
Output mean shape: torch.Size([7000])
Iteration 211: x_train shape: torch.Size([7000, 2]), y_train shape: torch.Size([7000])
Output mean shape: torch.Size([7000])
Iteration 212: x_train shape: torch.Size([7000, 2]), y_train shape: torch.Size([7000])
Output mean shape: torch.Size([7000])
Iteration 213: x_train shape: torch.Size([7000, 2]), y_train shape: torch.Size([7000])
Output mean shape: torch.Size([7000])
Iteration 214: x_train shape: torch.Size([7000, 2]), y_train shape: torch.Size([7000])
Output mean shape: torch.Size([7000])
Iteration 215: x_train shape: torch.Size([7000, 2]), y_train shape: torch.Size([7000])
Output mean shape: torch.Size([7000])
Iteration 216: x_train shape: torch.Size([7000, 2]), y_train shape: torch.Size([7000])
Output mean shape: torch.Size([7000])
Iteration 217: x_train shape: torch.Size([7000, 2]), y_train shape: torch.Size([7000])
Output mean shape: torch.Size([7000])
Iteration 218: x_train shape: torch.Size([7000, 2]), y_train shape: torch.Size([7000])
Output mean shape: torch.Size([7000])
Iteration 219: x_train shape: torch.Size([7000, 2]), y_train shape: torch.Size([7000])
Output mean shape: torch.Size([7000])
Iteration 220: x_train shape: torch.Size([7000, 2]), y_train shape: torch.Size([7000])
Output mean shape: torch.Size([7000])
Iteration 221: x_train shape: torch.Size([7000, 2]), y_train shape: torch.Size([7000])
Output mean shape: torch.Size([7000])
Iteration 222: x_train shape: torch.Size([7000, 2]), y_train shape: torch.Size([7000])
Output mean shape: torch.Size([7000])
Iteration 223: x_train shape: torch.Size([7000, 2]), y_train shape: torch.Size([7000])
Output mean shape: torch.Size([7000])
Iteration 224: x_train shape: torch.Size([7000, 2]), y_train shape: torch.Size([7000])
Output mean shape: torch.Size([7000])
Iteration 225: x_train shape: torch.Size([7000, 2]), y_train shape: torch.Size([7000])
Output mean shape: torch.Size([7000])
Iteration 226: x_train shape: torch.Size([7000, 2]), y_train shape: torch.Size([7000])
Output mean shape: torch.Size([7000])
Iteration 227: x_train shape: torch.Size([7000, 2]), y_train shape: torch.Size([7000])
Output mean shape: torch.Size([7000])
Iteration 228: x_train shape: torch.Size([7000, 2]), y_train shape: torch.Size([7000])
Output mean shape: torch.Size([7000])
Iteration 229: x_train shape: torch.Size([7000, 2]), y_train shape: torch.Size([7000])
Output mean shape: torch.Size([7000])
Iteration 230: x_train shape: torch.Size([7000, 2]), y_train shape: torch.Size([7000])
Output mean shape: torch.Size([7000])
Iteration 231: x_train shape: torch.Size([7000, 2]), y_train shape: torch.Size([7000])
Output mean shape: torch.Size([7000])
Iteration 232: x_train shape: torch.Size([7000, 2]), y_train shape: torch.Size([7000])
Output mean shape: torch.Size([7000])
Iteration 233: x_train shape: torch.Size([7000, 2]), y_train shape: torch.Size([7000])
Output mean shape: torch.Size([7000])
Iteration 234: x_train shape: torch.Size([7000, 2]), y_train shape: torch.Size([7000])
Output mean shape: torch.Size([7000])
Iteration 235: x_train shape: torch.Size([7000, 2]), y_train shape: torch.Size([7000])
Output mean shape: torch.Size([7000])
Iteration 236: x_train shape: torch.Size([7000, 2]), y_train shape: torch.Size([7000])
Output mean shape: torch.Size([7000])
Iteration 237: x_train shape: torch.Size([7000, 2]), y_train shape: torch.Size([7000])
Output mean shape: torch.Size([7000])
Iteration 238: x_train shape: torch.Size([7000, 2]), y_train shape: torch.Size([7000])
Output mean shape: torch.Size([7000])
Iteration 239: x_train shape: torch.Size([7000, 2]), y_train shape: torch.Size([7000])
Output mean shape: torch.Size([7000])
Iteration 240: x_train shape: torch.Size([7000, 2]), y_train shape: torch.Size([7000])
Output mean shape: torch.Size([7000])
Iteration 241: x_train shape: torch.Size([7000, 2]), y_train shape: torch.Size([7000])
Output mean shape: torch.Size([7000])
Iteration 242: x_train shape: torch.Size([7000, 2]), y_train shape: torch.Size([7000])
Output mean shape: torch.Size([7000])
Iteration 243: x_train shape: torch.Size([7000, 2]), y_train shape: torch.Size([7000])
Output mean shape: torch.Size([7000])
Iteration 244: x_train shape: torch.Size([7000, 2]), y_train shape: torch.Size([7000])
Output mean shape: torch.Size([7000])
Iteration 245: x_train shape: torch.Size([7000, 2]), y_train shape: torch.Size([7000])
Output mean shape: torch.Size([7000])
Iteration 246: x_train shape: torch.Size([7000, 2]), y_train shape: torch.Size([7000])
Output mean shape: torch.Size([7000])
Iteration 247: x_train shape: torch.Size([7000, 2]), y_train shape: torch.Size([7000])
Output mean shape: torch.Size([7000])
Iteration 248: x_train shape: torch.Size([7000, 2]), y_train shape: torch.Size([7000])
Output mean shape: torch.Size([7000])
Iteration 249: x_train shape: torch.Size([7000, 2]), y_train shape: torch.Size([7000])
Output mean shape: torch.Size([7000])
Iteration 250: x_train shape: torch.Size([7000, 2]), y_train shape: torch.Size([7000])
Output mean shape: torch.Size([7000])
Iteration 251: x_train shape: torch.Size([7000, 2]), y_train shape: torch.Size([7000])
Output mean shape: torch.Size([7000])
Iteration 252: x_train shape: torch.Size([7000, 2]), y_train shape: torch.Size([7000])
Output mean shape: torch.Size([7000])
Iteration 253: x_train shape: torch.Size([7000, 2]), y_train shape: torch.Size([7000])
Output mean shape: torch.Size([7000])
Iteration 254: x_train shape: torch.Size([7000, 2]), y_train shape: torch.Size([7000])
Output mean shape: torch.Size([7000])
Iteration 255: x_train shape: torch.Size([7000, 2]), y_train shape: torch.Size([7000])
Output mean shape: torch.Size([7000])
Iteration 256: x_train shape: torch.Size([7000, 2]), y_train shape: torch.Size([7000])
Output mean shape: torch.Size([7000])
Iteration 257: x_train shape: torch.Size([7000, 2]), y_train shape: torch.Size([7000])
Output mean shape: torch.Size([7000])
Iteration 258: x_train shape: torch.Size([7000, 2]), y_train shape: torch.Size([7000])
Output mean shape: torch.Size([7000])
Iteration 259: x_train shape: torch.Size([7000, 2]), y_train shape: torch.Size([7000])
Output mean shape: torch.Size([7000])
Iteration 260: x_train shape: torch.Size([7000, 2]), y_train shape: torch.Size([7000])
Output mean shape: torch.Size([7000])
Iteration 261: x_train shape: torch.Size([7000, 2]), y_train shape: torch.Size([7000])
Output mean shape: torch.Size([7000])
Iteration 262: x_train shape: torch.Size([7000, 2]), y_train shape: torch.Size([7000])
Output mean shape: torch.Size([7000])
Iteration 263: x_train shape: torch.Size([7000, 2]), y_train shape: torch.Size([7000])
Output mean shape: torch.Size([7000])
Iteration 264: x_train shape: torch.Size([7000, 2]), y_train shape: torch.Size([7000])
Output mean shape: torch.Size([7000])
Iteration 265: x_train shape: torch.Size([7000, 2]), y_train shape: torch.Size([7000])
Output mean shape: torch.Size([7000])
Iteration 266: x_train shape: torch.Size([7000, 2]), y_train shape: torch.Size([7000])
Output mean shape: torch.Size([7000])
Iteration 267: x_train shape: torch.Size([7000, 2]), y_train shape: torch.Size([7000])
Output mean shape: torch.Size([7000])
Iteration 268: x_train shape: torch.Size([7000, 2]), y_train shape: torch.Size([7000])
Output mean shape: torch.Size([7000])
Iteration 269: x_train shape: torch.Size([7000, 2]), y_train shape: torch.Size([7000])
Output mean shape: torch.Size([7000])
Iteration 270: x_train shape: torch.Size([7000, 2]), y_train shape: torch.Size([7000])
Output mean shape: torch.Size([7000])
Iteration 271: x_train shape: torch.Size([7000, 2]), y_train shape: torch.Size([7000])
Output mean shape: torch.Size([7000])
Iteration 272: x_train shape: torch.Size([7000, 2]), y_train shape: torch.Size([7000])
Output mean shape: torch.Size([7000])
Iteration 273: x_train shape: torch.Size([7000, 2]), y_train shape: torch.Size([7000])
Output mean shape: torch.Size([7000])
Iteration 274: x_train shape: torch.Size([7000, 2]), y_train shape: torch.Size([7000])
Output mean shape: torch.Size([7000])
Iteration 275: x_train shape: torch.Size([7000, 2]), y_train shape: torch.Size([7000])
Output mean shape: torch.Size([7000])
Iteration 276: x_train shape: torch.Size([7000, 2]), y_train shape: torch.Size([7000])
Output mean shape: torch.Size([7000])
Iteration 277: x_train shape: torch.Size([7000, 2]), y_train shape: torch.Size([7000])
Output mean shape: torch.Size([7000])
Iteration 278: x_train shape: torch.Size([7000, 2]), y_train shape: torch.Size([7000])
Output mean shape: torch.Size([7000])
Iteration 279: x_train shape: torch.Size([7000, 2]), y_train shape: torch.Size([7000])
Output mean shape: torch.Size([7000])
Iteration 280: x_train shape: torch.Size([7000, 2]), y_train shape: torch.Size([7000])
Output mean shape: torch.Size([7000])
Iteration 281: x_train shape: torch.Size([7000, 2]), y_train shape: torch.Size([7000])
Output mean shape: torch.Size([7000])
Iteration 282: x_train shape: torch.Size([7000, 2]), y_train shape: torch.Size([7000])
Output mean shape: torch.Size([7000])
Iteration 283: x_train shape: torch.Size([7000, 2]), y_train shape: torch.Size([7000])
Output mean shape: torch.Size([7000])
Iteration 284: x_train shape: torch.Size([7000, 2]), y_train shape: torch.Size([7000])
Output mean shape: torch.Size([7000])
Iteration 285: x_train shape: torch.Size([7000, 2]), y_train shape: torch.Size([7000])
Output mean shape: torch.Size([7000])
Iteration 286: x_train shape: torch.Size([7000, 2]), y_train shape: torch.Size([7000])
Output mean shape: torch.Size([7000])
Iteration 287: x_train shape: torch.Size([7000, 2]), y_train shape: torch.Size([7000])
Output mean shape: torch.Size([7000])
Iteration 288: x_train shape: torch.Size([7000, 2]), y_train shape: torch.Size([7000])
Output mean shape: torch.Size([7000])
Iteration 289: x_train shape: torch.Size([7000, 2]), y_train shape: torch.Size([7000])
Output mean shape: torch.Size([7000])
Iteration 290: x_train shape: torch.Size([7000, 2]), y_train shape: torch.Size([7000])
Output mean shape: torch.Size([7000])
Iteration 291: x_train shape: torch.Size([7000, 2]), y_train shape: torch.Size([7000])
Output mean shape: torch.Size([7000])
Iteration 292: x_train shape: torch.Size([7000, 2]), y_train shape: torch.Size([7000])
Output mean shape: torch.Size([7000])
Iteration 293: x_train shape: torch.Size([7000, 2]), y_train shape: torch.Size([7000])
Output mean shape: torch.Size([7000])
Iteration 294: x_train shape: torch.Size([7000, 2]), y_train shape: torch.Size([7000])
Output mean shape: torch.Size([7000])
Iteration 295: x_train shape: torch.Size([7000, 2]), y_train shape: torch.Size([7000])
Output mean shape: torch.Size([7000])
Iteration 296: x_train shape: torch.Size([7000, 2]), y_train shape: torch.Size([7000])
Output mean shape: torch.Size([7000])
Iteration 297: x_train shape: torch.Size([7000, 2]), y_train shape: torch.Size([7000])
Output mean shape: torch.Size([7000])
Iteration 298: x_train shape: torch.Size([7000, 2]), y_train shape: torch.Size([7000])
Output mean shape: torch.Size([7000])
Iteration 299: x_train shape: torch.Size([7000, 2]), y_train shape: torch.Size([7000])
Output mean shape: torch.Size([7000])
Iteration 300: x_train shape: torch.Size([7000, 2]), y_train shape: torch.Size([7000])
Output mean shape: torch.Size([7000])
Iter 301 / 1000 - Loss (Train): 1.502 - Loss (Val): 1.207
Iteration 301: x_train shape: torch.Size([7000, 2]), y_train shape: torch.Size([7000])
Output mean shape: torch.Size([7000])
Iteration 302: x_train shape: torch.Size([7000, 2]), y_train shape: torch.Size([7000])
Output mean shape: torch.Size([7000])
Iteration 303: x_train shape: torch.Size([7000, 2]), y_train shape: torch.Size([7000])
Output mean shape: torch.Size([7000])
Iteration 304: x_train shape: torch.Size([7000, 2]), y_train shape: torch.Size([7000])
Output mean shape: torch.Size([7000])
Iteration 305: x_train shape: torch.Size([7000, 2]), y_train shape: torch.Size([7000])
Output mean shape: torch.Size([7000])
Iteration 306: x_train shape: torch.Size([7000, 2]), y_train shape: torch.Size([7000])
Output mean shape: torch.Size([7000])
Iteration 307: x_train shape: torch.Size([7000, 2]), y_train shape: torch.Size([7000])
Output mean shape: torch.Size([7000])
Iteration 308: x_train shape: torch.Size([7000, 2]), y_train shape: torch.Size([7000])
Output mean shape: torch.Size([7000])
Iteration 309: x_train shape: torch.Size([7000, 2]), y_train shape: torch.Size([7000])
Output mean shape: torch.Size([7000])
Iteration 310: x_train shape: torch.Size([7000, 2]), y_train shape: torch.Size([7000])
Output mean shape: torch.Size([7000])
Iteration 311: x_train shape: torch.Size([7000, 2]), y_train shape: torch.Size([7000])
Output mean shape: torch.Size([7000])
Iteration 312: x_train shape: torch.Size([7000, 2]), y_train shape: torch.Size([7000])
Output mean shape: torch.Size([7000])
Iteration 313: x_train shape: torch.Size([7000, 2]), y_train shape: torch.Size([7000])
Output mean shape: torch.Size([7000])
Iteration 314: x_train shape: torch.Size([7000, 2]), y_train shape: torch.Size([7000])
Output mean shape: torch.Size([7000])
Iteration 315: x_train shape: torch.Size([7000, 2]), y_train shape: torch.Size([7000])
Output mean shape: torch.Size([7000])
Iteration 316: x_train shape: torch.Size([7000, 2]), y_train shape: torch.Size([7000])
Output mean shape: torch.Size([7000])
Iteration 317: x_train shape: torch.Size([7000, 2]), y_train shape: torch.Size([7000])
Output mean shape: torch.Size([7000])
Iteration 318: x_train shape: torch.Size([7000, 2]), y_train shape: torch.Size([7000])
Output mean shape: torch.Size([7000])
Iteration 319: x_train shape: torch.Size([7000, 2]), y_train shape: torch.Size([7000])
Output mean shape: torch.Size([7000])
Iteration 320: x_train shape: torch.Size([7000, 2]), y_train shape: torch.Size([7000])
Output mean shape: torch.Size([7000])
Iteration 321: x_train shape: torch.Size([7000, 2]), y_train shape: torch.Size([7000])
Output mean shape: torch.Size([7000])
                                  
================================= 
Global information about the job: 
================================= 
  
Job owner: dvoss(54815)
Job name:  al_gp_iter
Node list: ravg1058
Job start: Wed Oct 23 18:46:46 CEST 2024
Job end:   Wed Oct 23 19:46:46 CEST 2024
Work dir:  /raven/u/dvoss/al_pmssmwithgp/model
Command:   /raven/u/dvoss/al_pmssmwithgp/model/slurm/single_job.sbatch
  
  
  
==========================================================================================
Information on jobsteps (Note: MaxRSS/AveRSS is the maximum/average over all 
tasks of the per-task memory high-water marks; cf. "man sacct"): 
==========================================================================================
  
JobID            JobName NNodes NTasks  NCPUS       MaxRSS       AveRSS    Elapsed ExitCode
------------- ---------- ------ ------ ------ ------------ ------------ ---------- --------
13381561      al_gp_iter      1             4                             01:00:00      0:0
13381561.0        job.sh      1      1      4     2507.00M     2507.00M   00:59:36     0:15
  
Maximum memory per node: 2.628777 GB (defined as MaxRSS*Ntasks/NNodes)
CPU utilization: 48.9 %
  
