                                  
================================= 
Global information about the job: 
================================= 
  
Job owner: dvoss(54815)
Job name:  test
Node list: ravg1135
Job start: Tue Jul 16 12:28:04 CEST 2024
Job end:   Tue Jul 16 12:28:33 CEST 2024
Work dir:  /raven/u/dvoss/al_pmssmwithgp
Command:   /raven/u/dvoss/al_pmssmwithgp/model/slurm/single_job.sbatch
  
  
  
==========================================================================================
Information on jobsteps (Note: MaxRSS/AveRSS is the maximum/average over all 
tasks of the per-task memory high-water marks; cf. "man sacct"): 
==========================================================================================
  
JobID            JobName NNodes NTasks  NCPUS       MaxRSS       AveRSS    Elapsed ExitCode
------------- ---------- ------ ------ ------ ------------ ------------ ---------- --------
12003668            test      1             4                             00:00:29      1:0
12003668.0        job.sh      1      1      4        1.34M        1.34M   00:00:24      1:0
  
Maximum memory per node: 0.001408 GB (defined as MaxRSS*Ntasks/NNodes)
CPU utilization: 0.0 %
  
