Loading gpytorch/gpu-cuda-11.6/pytorch-1.11.0/1.8.0
  Loading requirement: cudnn/8.4.1 pytorch/gpu-cuda-11.6/1.11.0
ERROR: Could not find a version that satisfies the requirement scipy.stats (from versions: none)
ERROR: No matching distribution found for scipy.stats
ERROR: Could not find a version that satisfies the requirement scipy.interpolate (from versions: none)
ERROR: No matching distribution found for scipy.interpolate
/mpcdf/soft/SLE_15/packages/skylake/gpytorch/gpu-cuda-11.6/pytorch-1.11.0/anaconda_3_2021.11-2021.11/1.8.0/lib/python3.9/site-packages/gpytorch/lazy/triangular_lazy_tensor.py:136: UserWarning: torch.triangular_solve is deprecated in favor of torch.linalg.solve_triangularand will be removed in a future PyTorch release.
torch.linalg.solve_triangular has its arguments reversed and does not return a copy of one of the inputs.
X = torch.triangular_solve(B, A).solution
should be replaced with
X = torch.linalg.solve_triangular(A, B). (Triggered internally at  /home/abuild/rpmbuild/BUILD/pytorch-1.11.0/aten/src/ATen/native/BatchLinearAlgebra.cpp:1666.)
  res = torch.triangular_solve(right_tensor, self.evaluate(), upper=self.upper).solution
Traceback (most recent call last):
  File "/u/dvoss/al_pmssmwithgp/model/GPmodelnD.py", line 1274, in <module>
    gp_pipeline.plotSlice2D(
  File "/u/dvoss/al_pmssmwithgp/model/GPmodelnD.py", line 471, in plotSlice2D
    plt.scatter(filtered_x_train[:, slice_dim_x1].numpy(), filtered_x_train[:, slice_dim_x2].numpy(), marker='o', s=50, c=filtered_y_train.numpy(), cmap='inferno', vmin=vmin, vmax=vmax, label='training points')
TypeError: can't convert cuda:0 device type tensor to numpy. Use Tensor.cpu() to copy the tensor to host memory first.
srun: error: ravg1039: task 0: Exited with exit code 1
srun: Terminating StepId=15271380.0
