Defaulting to user installation because normal site-packages is not writeable
Requirement already satisfied: uproot in /raven/u/dvoss/.local/lib/python3.9/site-packages (5.3.10)
Requirement already satisfied: typing-extensions>=4.1.0 in /raven/u/dvoss/.local/lib/python3.9/site-packages (from uproot) (4.12.2)
Requirement already satisfied: numpy in /raven/u/system/soft/SLE_15/packages/x86_64/anaconda/3/2021.11/lib/python3.9/site-packages (from uproot) (1.20.3)
Requirement already satisfied: fsspec in /raven/u/dvoss/.local/lib/python3.9/site-packages (from uproot) (2024.6.1)
Requirement already satisfied: packaging in /raven/u/system/soft/SLE_15/packages/x86_64/anaconda/3/2021.11/lib/python3.9/site-packages (from uproot) (21.0)
Requirement already satisfied: cramjam>=2.5.0 in /raven/u/dvoss/.local/lib/python3.9/site-packages (from uproot) (2.8.3)
Requirement already satisfied: awkward>=2.4.6 in /raven/u/dvoss/.local/lib/python3.9/site-packages (from uproot) (2.6.6)
Requirement already satisfied: importlib-metadata>=4.13.0 in /raven/u/dvoss/.local/lib/python3.9/site-packages (from awkward>=2.4.6->uproot) (8.0.0)
Requirement already satisfied: awkward-cpp==35 in /raven/u/dvoss/.local/lib/python3.9/site-packages (from awkward>=2.4.6->uproot) (35)
Requirement already satisfied: zipp>=0.5 in /raven/u/system/soft/SLE_15/packages/x86_64/anaconda/3/2021.11/lib/python3.9/site-packages (from importlib-metadata>=4.13.0->awkward>=2.4.6->uproot) (3.6.0)
Requirement already satisfied: pyparsing>=2.0.2 in /raven/u/system/soft/SLE_15/packages/x86_64/anaconda/3/2021.11/lib/python3.9/site-packages (from packaging->uproot) (3.0.4)
Defaulting to user installation because normal site-packages is not writeable
Collecting argparse
  Using cached argparse-1.4.0-py2.py3-none-any.whl (23 kB)
Installing collected packages: argparse
Successfully installed argparse-1.4.0
Defaulting to user installation because normal site-packages is not writeable
Requirement already satisfied: pyslha in /raven/u/dvoss/.local/lib/python3.9/site-packages (3.2.6)
Requirement already satisfied: tex2pix>=0.1.5 in /raven/u/dvoss/.local/lib/python3.9/site-packages (from pyslha) (0.3.1)
Defaulting to user installation because normal site-packages is not writeable
Requirement already satisfied: structlog in /raven/u/dvoss/.local/lib/python3.9/site-packages (24.4.0)
Starting iteration 1
Initial Training points:  tensor([0.5119, 0.8528, 0.5812], device='cuda:0') torch.Size([3])
These training_points are used in the GP tensor([0.5119, 0.8528, 0.5812], device='cuda:0')
points: {0, 203, 182}
new xs normalized:  tensor([0.0000, 0.2032, 0.1822], device='cuda:0')
Corresponding xs: tensor([-2000.0000, -1187.1873, -1271.2712], device='cuda:0')
No root_file_path provided; skipping ROOT file data plotting.
Plot saved to /raven/u/dvoss/al_pmssmwithgp/model/plots/Iter1/gp_plot.png
YAML file has been created: /u/dvoss/al_pmssmwithgp/Run3ModelGen/source/Run3ModelGen/data/new_config.yaml
Note: detected 144 virtual cores but NumExpr set to maximum of 64, check "NUMEXPR_MAX_THREADS" environment variable.
Note: NumExpr detected 144 cores but "NUMEXPR_MAX_THREADS" not set, so enforcing safe limit of 8.
NumExpr defaulting to 8 threads.

  ___              ____ __  __          _       _   ___            
 | _ \ _  _  _ _  |__ /|  \/  | ___  __| | ___ | | / __| ___  _ _  
 |   /| || || ' \  |_ \| |\/| |/ _ \/ _` |/ -_)| || (_ |/ -_)| ' \ 
 |_|_\ \_,_||_||_||___/|_|  |_|\___/\__,_|\___||_| \___|\___||_||_|
                                                                   

2024-08-13 13:27:32 [info     ] Initialised ModelGenerator with: [Run3ModelGen.modelgen]
2024-08-13 13:27:32 [info     ] 	config_file = /u/dvoss/al_pmssmwithgp/Run3ModelGen/source/Run3ModelGen/data/new_config.yaml [Run3ModelGen.modelgen]
2024-08-13 13:27:32 [info     ] 	scan_dir = /u/dvoss/al_pmssmwithgp/Run3ModelGen/source/Run3ModelGen/scans/scan_1 [Run3ModelGen.modelgen]
2024-08-13 13:27:32 [info     ] 	rawfilen = /u/dvoss/al_pmssmwithgp/Run3ModelGen/source/Run3ModelGen/data/raw.slha [Run3ModelGen.modelgen]
2024-08-13 13:27:32 [info     ] 	seed = 123                    [Run3ModelGen.modelgen]
2024-08-13 13:27:32 [info     ] 	points = {}                   [Run3ModelGen.modelgen]
2024-08-13 13:27:32 [info     ] 	prior = fixed                 [Run3ModelGen.modelgen]
2024-08-13 13:27:32 [info     ] 	num_models = 3                [Run3ModelGen.modelgen]
2024-08-13 13:27:32 [info     ] 	isGMSB = False                [Run3ModelGen.modelgen]
2024-08-13 13:27:32 [info     ] 	parameters =                  [Run3ModelGen.modelgen]
2024-08-13 13:27:32 [info     ] 		tanb: [60, 60, 60]           [Run3ModelGen.modelgen]
2024-08-13 13:27:32 [info     ] 		M_1: [-2000.0, -1187.19, -1271.27] [Run3ModelGen.modelgen]
2024-08-13 13:27:32 [info     ] 		M_2: [2000, 2000, 2000]      [Run3ModelGen.modelgen]
2024-08-13 13:27:32 [info     ] 		M_3: [4000, 4000, 4000]      [Run3ModelGen.modelgen]
2024-08-13 13:27:32 [info     ] 		AT: [4000, 4000, 4000]       [Run3ModelGen.modelgen]
2024-08-13 13:27:32 [info     ] 		Ab: [2000, 2000, 2000]       [Run3ModelGen.modelgen]
2024-08-13 13:27:32 [info     ] 		Atau: [2000, 2000, 2000]     [Run3ModelGen.modelgen]
2024-08-13 13:27:32 [info     ] 		mu: [2000, 2000, 2000]       [Run3ModelGen.modelgen]
2024-08-13 13:27:32 [info     ] 		mA: [2000, 2000, 2000]       [Run3ModelGen.modelgen]
2024-08-13 13:27:32 [info     ] 		meL: [2000, 2000, 2000]      [Run3ModelGen.modelgen]
2024-08-13 13:27:32 [info     ] 		mtauL: [2000, 2000, 2000]    [Run3ModelGen.modelgen]
2024-08-13 13:27:32 [info     ] 		meR: [2000, 2000, 2000]      [Run3ModelGen.modelgen]
2024-08-13 13:27:32 [info     ] 		mtauR: [2000, 2000, 2000]    [Run3ModelGen.modelgen]
2024-08-13 13:27:32 [info     ] 		mqL1: [4000, 4000, 4000]     [Run3ModelGen.modelgen]
2024-08-13 13:27:32 [info     ] 		mqL3: [4000, 4000, 4000]     [Run3ModelGen.modelgen]
2024-08-13 13:27:32 [info     ] 		muR: [4000, 4000, 4000]      [Run3ModelGen.modelgen]
2024-08-13 13:27:32 [info     ] 		mtR: [4000, 4000, 4000]      [Run3ModelGen.modelgen]
2024-08-13 13:27:32 [info     ] 		mdR: [4000, 4000, 4000]      [Run3ModelGen.modelgen]
2024-08-13 13:27:32 [info     ] 		mbR: [4000, 4000, 4000]      [Run3ModelGen.modelgen]
2024-08-13 13:27:32 [info     ] 	steps =                       [Run3ModelGen.modelgen]
2024-08-13 13:27:32 [info     ] 		{'name': 'prep_input', 'output_dir': 'input', 'prefix': 'IN'} [Run3ModelGen.modelgen]
2024-08-13 13:27:32 [info     ] 		{'name': 'SPheno', 'input_dir': 'input', 'output_dir': 'SPheno', 'log_dir': 'SPheno_log', 'prefix': 'SP'} [Run3ModelGen.modelgen]
2024-08-13 13:27:32 [info     ] 		{'name': 'softsusy', 'input_dir': 'input', 'output_dir': 'softsusy', 'prefix': 'SS'} [Run3ModelGen.modelgen]
2024-08-13 13:27:32 [info     ] 		{'name': 'micromegas', 'input_dir': 'SPheno', 'output_dir': 'micromegas', 'prefix': 'MO'} [Run3ModelGen.modelgen]
2024-08-13 13:27:32 [info     ] 		{'name': 'superiso', 'input_dir': 'SPheno', 'output_dir': 'superiso', 'prefix': 'SI'} [Run3ModelGen.modelgen]
2024-08-13 13:27:32 [info     ] 		{'name': 'gm2calc', 'input_dir': 'SPheno', 'output_dir': 'gm2calc', 'prefix': 'GM2'} [Run3ModelGen.modelgen]
2024-08-13 13:27:32 [info     ] 		{'name': 'evade', 'input_dir': 'SPheno', 'output_dir': 'evade', 'prefix': 'EV'} [Run3ModelGen.modelgen]
2024-08-13 13:27:32 [info     ] Starting Model Generation...   [Run3ModelGen.modelgen]
2024-08-13 13:27:32 [info     ] Setting up output directories for scan [Run3ModelGen.modelgen]
2024-08-13 13:27:32 [info     ] Generating Model: 0.slha (1/3) [Run3ModelGen.modelgen]
2024-08-13 13:27:32 [info     ] 	running step: prep_input      [Run3ModelGen.modelgen]
2024-08-13 13:27:32 [info     ] 	running step: SPheno          [Run3ModelGen.modelgen]
2024-08-13 13:27:32 [info     ] 	running step: softsusy        [Run3ModelGen.modelgen]
2024-08-13 13:27:32 [info     ] 	running step: micromegas      [Run3ModelGen.modelgen]
2024-08-13 13:27:38 [info     ] 	running step: superiso        [Run3ModelGen.modelgen]
2024-08-13 13:27:38 [info     ] 	running step: gm2calc         [Run3ModelGen.modelgen]
2024-08-13 13:27:38 [info     ] 	running step: evade           [Run3ModelGen.modelgen]
2024-08-13 13:27:38 [info     ] Generating Model: 1.slha (2/3) [Run3ModelGen.modelgen]
2024-08-13 13:27:38 [info     ] 	running step: prep_input      [Run3ModelGen.modelgen]
2024-08-13 13:27:38 [info     ] 	running step: SPheno          [Run3ModelGen.modelgen]
2024-08-13 13:27:39 [info     ] 	running step: softsusy        [Run3ModelGen.modelgen]
2024-08-13 13:27:39 [info     ] 	running step: micromegas      [Run3ModelGen.modelgen]
2024-08-13 13:27:39 [info     ] 	running step: superiso        [Run3ModelGen.modelgen]
2024-08-13 13:27:39 [info     ] 	running step: gm2calc         [Run3ModelGen.modelgen]
2024-08-13 13:27:39 [info     ] 	running step: evade           [Run3ModelGen.modelgen]
2024-08-13 13:27:39 [info     ] Generating Model: 2.slha (3/3) [Run3ModelGen.modelgen]
2024-08-13 13:27:39 [info     ] 	running step: prep_input      [Run3ModelGen.modelgen]
2024-08-13 13:27:39 [info     ] 	running step: SPheno          [Run3ModelGen.modelgen]
2024-08-13 13:27:39 [info     ] 	running step: softsusy        [Run3ModelGen.modelgen]
2024-08-13 13:27:40 [info     ] 	running step: micromegas      [Run3ModelGen.modelgen]
2024-08-13 13:27:40 [info     ] 	running step: superiso        [Run3ModelGen.modelgen]
2024-08-13 13:27:40 [info     ] 	running step: gm2calc         [Run3ModelGen.modelgen]
2024-08-13 13:27:40 [info     ] 	running step: evade           [Run3ModelGen.modelgen]
2024-08-13 13:27:40 [info     ] Finished generating models! Stats for successful generations (successful/attempted): [Run3ModelGen.modelgen]
2024-08-13 13:27:40 [info     ] 	prep_input: 3/3.              [Run3ModelGen.modelgen]
2024-08-13 13:27:40 [info     ] 	SPheno: 3/3.                  [Run3ModelGen.modelgen]
2024-08-13 13:27:40 [info     ] 	softsusy: 3/3.                [Run3ModelGen.modelgen]
2024-08-13 13:27:40 [info     ] 	micromegas: 3/3.              [Run3ModelGen.modelgen]
2024-08-13 13:27:40 [info     ] 	superiso: 3/3.                [Run3ModelGen.modelgen]
2024-08-13 13:27:40 [info     ] 	gm2calc: 3/3.                 [Run3ModelGen.modelgen]
2024-08-13 13:27:40 [info     ] 	evade: 0/3.                   [Run3ModelGen.modelgen]
2024-08-13 13:27:40 [info     ] Will make NTuple for: /u/dvoss/al_pmssmwithgp/Run3ModelGen/source/Run3ModelGen/scans/scan_1, with 3 models [Run3ModelGen.ntupling]
2024-08-13 13:27:40 [info     ] 	Filling values for model: 0   [Run3ModelGen.ntupling]
2024-08-13 13:27:40 [info     ] Saving NTuple in /u/dvoss/al_pmssmwithgp/Run3ModelGen/source/Run3ModelGen/scans/scan_1/ntuple.0.0.root ... [Run3ModelGen.ntupling]
Completed iteration 1
Starting iteration 2
Initial Training points:  tensor([0.5119, 0.8528, 0.5812], device='cuda:0') torch.Size([3])
Training points after adding:  tensor([0.5119, 0.8528, 0.5812, 0.0000, 0.2032, 0.1822], device='cuda:0') torch.Size([6])
These training_points are used in the GP tensor([0.5119, 0.8528, 0.5812, 0.0000, 0.2032, 0.1822], device='cuda:0')
points: {0, 122, 90}
new xs normalized:  tensor([0.0000, 0.1221, 0.0901], device='cuda:0')
Corresponding xs: tensor([-2000.0000, -1511.5115, -1639.6396], device='cuda:0')
Plot saved to /raven/u/dvoss/al_pmssmwithgp/model/plots/Iter2/gp_plot.png
YAML file has been created: /u/dvoss/al_pmssmwithgp/Run3ModelGen/source/Run3ModelGen/data/new_config.yaml
Note: detected 144 virtual cores but NumExpr set to maximum of 64, check "NUMEXPR_MAX_THREADS" environment variable.
Note: NumExpr detected 144 cores but "NUMEXPR_MAX_THREADS" not set, so enforcing safe limit of 8.
NumExpr defaulting to 8 threads.

  ___              ____ __  __          _       _   ___            
 | _ \ _  _  _ _  |__ /|  \/  | ___  __| | ___ | | / __| ___  _ _  
 |   /| || || ' \  |_ \| |\/| |/ _ \/ _` |/ -_)| || (_ |/ -_)| ' \ 
 |_|_\ \_,_||_||_||___/|_|  |_|\___/\__,_|\___||_| \___|\___||_||_|
                                                                   

2024-08-13 13:28:21 [info     ] Initialised ModelGenerator with: [Run3ModelGen.modelgen]
2024-08-13 13:28:21 [info     ] 	config_file = /u/dvoss/al_pmssmwithgp/Run3ModelGen/source/Run3ModelGen/data/new_config.yaml [Run3ModelGen.modelgen]
2024-08-13 13:28:21 [info     ] 	scan_dir = /u/dvoss/al_pmssmwithgp/Run3ModelGen/source/Run3ModelGen/scans/scan_2 [Run3ModelGen.modelgen]
2024-08-13 13:28:21 [info     ] 	rawfilen = /u/dvoss/al_pmssmwithgp/Run3ModelGen/source/Run3ModelGen/data/raw.slha [Run3ModelGen.modelgen]
2024-08-13 13:28:21 [info     ] 	seed = 123                    [Run3ModelGen.modelgen]
2024-08-13 13:28:21 [info     ] 	points = {}                   [Run3ModelGen.modelgen]
2024-08-13 13:28:21 [info     ] 	prior = fixed                 [Run3ModelGen.modelgen]
2024-08-13 13:28:21 [info     ] 	num_models = 3                [Run3ModelGen.modelgen]
2024-08-13 13:28:21 [info     ] 	isGMSB = False                [Run3ModelGen.modelgen]
2024-08-13 13:28:21 [info     ] 	parameters =                  [Run3ModelGen.modelgen]
2024-08-13 13:28:21 [info     ] 		tanb: [60, 60, 60]           [Run3ModelGen.modelgen]
2024-08-13 13:28:21 [info     ] 		M_1: [-2000.0, -1511.51, -1639.64] [Run3ModelGen.modelgen]
2024-08-13 13:28:21 [info     ] 		M_2: [2000, 2000, 2000]      [Run3ModelGen.modelgen]
2024-08-13 13:28:21 [info     ] 		M_3: [4000, 4000, 4000]      [Run3ModelGen.modelgen]
2024-08-13 13:28:21 [info     ] 		AT: [4000, 4000, 4000]       [Run3ModelGen.modelgen]
2024-08-13 13:28:21 [info     ] 		Ab: [2000, 2000, 2000]       [Run3ModelGen.modelgen]
2024-08-13 13:28:21 [info     ] 		Atau: [2000, 2000, 2000]     [Run3ModelGen.modelgen]
2024-08-13 13:28:21 [info     ] 		mu: [2000, 2000, 2000]       [Run3ModelGen.modelgen]
2024-08-13 13:28:21 [info     ] 		mA: [2000, 2000, 2000]       [Run3ModelGen.modelgen]
2024-08-13 13:28:21 [info     ] 		meL: [2000, 2000, 2000]      [Run3ModelGen.modelgen]
2024-08-13 13:28:21 [info     ] 		mtauL: [2000, 2000, 2000]    [Run3ModelGen.modelgen]
2024-08-13 13:28:21 [info     ] 		meR: [2000, 2000, 2000]      [Run3ModelGen.modelgen]
2024-08-13 13:28:21 [info     ] 		mtauR: [2000, 2000, 2000]    [Run3ModelGen.modelgen]
2024-08-13 13:28:21 [info     ] 		mqL1: [4000, 4000, 4000]     [Run3ModelGen.modelgen]
2024-08-13 13:28:21 [info     ] 		mqL3: [4000, 4000, 4000]     [Run3ModelGen.modelgen]
2024-08-13 13:28:21 [info     ] 		muR: [4000, 4000, 4000]      [Run3ModelGen.modelgen]
2024-08-13 13:28:21 [info     ] 		mtR: [4000, 4000, 4000]      [Run3ModelGen.modelgen]
2024-08-13 13:28:21 [info     ] 		mdR: [4000, 4000, 4000]      [Run3ModelGen.modelgen]
2024-08-13 13:28:21 [info     ] 		mbR: [4000, 4000, 4000]      [Run3ModelGen.modelgen]
2024-08-13 13:28:21 [info     ] 	steps =                       [Run3ModelGen.modelgen]
2024-08-13 13:28:21 [info     ] 		{'name': 'prep_input', 'output_dir': 'input', 'prefix': 'IN'} [Run3ModelGen.modelgen]
2024-08-13 13:28:21 [info     ] 		{'name': 'SPheno', 'input_dir': 'input', 'output_dir': 'SPheno', 'log_dir': 'SPheno_log', 'prefix': 'SP'} [Run3ModelGen.modelgen]
2024-08-13 13:28:21 [info     ] 		{'name': 'softsusy', 'input_dir': 'input', 'output_dir': 'softsusy', 'prefix': 'SS'} [Run3ModelGen.modelgen]
2024-08-13 13:28:21 [info     ] 		{'name': 'micromegas', 'input_dir': 'SPheno', 'output_dir': 'micromegas', 'prefix': 'MO'} [Run3ModelGen.modelgen]
2024-08-13 13:28:21 [info     ] 		{'name': 'superiso', 'input_dir': 'SPheno', 'output_dir': 'superiso', 'prefix': 'SI'} [Run3ModelGen.modelgen]
2024-08-13 13:28:21 [info     ] 		{'name': 'gm2calc', 'input_dir': 'SPheno', 'output_dir': 'gm2calc', 'prefix': 'GM2'} [Run3ModelGen.modelgen]
2024-08-13 13:28:21 [info     ] 		{'name': 'evade', 'input_dir': 'SPheno', 'output_dir': 'evade', 'prefix': 'EV'} [Run3ModelGen.modelgen]
2024-08-13 13:28:21 [info     ] Starting Model Generation...   [Run3ModelGen.modelgen]
2024-08-13 13:28:21 [info     ] Setting up output directories for scan [Run3ModelGen.modelgen]
2024-08-13 13:28:21 [info     ] Generating Model: 0.slha (1/3) [Run3ModelGen.modelgen]
2024-08-13 13:28:21 [info     ] 	running step: prep_input      [Run3ModelGen.modelgen]
2024-08-13 13:28:21 [info     ] 	running step: SPheno          [Run3ModelGen.modelgen]
2024-08-13 13:28:21 [info     ] 	running step: softsusy        [Run3ModelGen.modelgen]
2024-08-13 13:28:21 [info     ] 	running step: micromegas      [Run3ModelGen.modelgen]
2024-08-13 13:28:22 [info     ] 	running step: superiso        [Run3ModelGen.modelgen]
2024-08-13 13:28:22 [info     ] 	running step: gm2calc         [Run3ModelGen.modelgen]
2024-08-13 13:28:22 [info     ] 	running step: evade           [Run3ModelGen.modelgen]
2024-08-13 13:28:22 [info     ] Generating Model: 1.slha (2/3) [Run3ModelGen.modelgen]
2024-08-13 13:28:22 [info     ] 	running step: prep_input      [Run3ModelGen.modelgen]
2024-08-13 13:28:22 [info     ] 	running step: SPheno          [Run3ModelGen.modelgen]
2024-08-13 13:28:23 [info     ] 	running step: softsusy        [Run3ModelGen.modelgen]
2024-08-13 13:28:23 [info     ] 	running step: micromegas      [Run3ModelGen.modelgen]
2024-08-13 13:28:23 [info     ] 	running step: superiso        [Run3ModelGen.modelgen]
2024-08-13 13:28:24 [info     ] 	running step: gm2calc         [Run3ModelGen.modelgen]
2024-08-13 13:28:24 [info     ] 	running step: evade           [Run3ModelGen.modelgen]
2024-08-13 13:28:24 [info     ] Generating Model: 2.slha (3/3) [Run3ModelGen.modelgen]
2024-08-13 13:28:24 [info     ] 	running step: prep_input      [Run3ModelGen.modelgen]
2024-08-13 13:28:24 [info     ] 	running step: SPheno          [Run3ModelGen.modelgen]
2024-08-13 13:28:24 [info     ] 	running step: softsusy        [Run3ModelGen.modelgen]
2024-08-13 13:28:24 [info     ] 	running step: micromegas      [Run3ModelGen.modelgen]
2024-08-13 13:28:25 [info     ] 	running step: superiso        [Run3ModelGen.modelgen]
2024-08-13 13:28:25 [info     ] 	running step: gm2calc         [Run3ModelGen.modelgen]
2024-08-13 13:28:25 [info     ] 	running step: evade           [Run3ModelGen.modelgen]
2024-08-13 13:28:25 [info     ] Finished generating models! Stats for successful generations (successful/attempted): [Run3ModelGen.modelgen]
2024-08-13 13:28:25 [info     ] 	prep_input: 3/3.              [Run3ModelGen.modelgen]
2024-08-13 13:28:25 [info     ] 	SPheno: 3/3.                  [Run3ModelGen.modelgen]
2024-08-13 13:28:25 [info     ] 	softsusy: 3/3.                [Run3ModelGen.modelgen]
2024-08-13 13:28:25 [info     ] 	micromegas: 3/3.              [Run3ModelGen.modelgen]
2024-08-13 13:28:25 [info     ] 	superiso: 3/3.                [Run3ModelGen.modelgen]
2024-08-13 13:28:25 [info     ] 	gm2calc: 3/3.                 [Run3ModelGen.modelgen]
2024-08-13 13:28:25 [info     ] 	evade: 0/3.                   [Run3ModelGen.modelgen]
2024-08-13 13:28:25 [info     ] Will make NTuple for: /u/dvoss/al_pmssmwithgp/Run3ModelGen/source/Run3ModelGen/scans/scan_2, with 3 models [Run3ModelGen.ntupling]
2024-08-13 13:28:25 [info     ] 	Filling values for model: 0   [Run3ModelGen.ntupling]
2024-08-13 13:28:25 [info     ] Saving NTuple in /u/dvoss/al_pmssmwithgp/Run3ModelGen/source/Run3ModelGen/scans/scan_2/ntuple.0.0.root ... [Run3ModelGen.ntupling]
Completed iteration 2
Starting iteration 3
Initial Training points:  tensor([0.5119, 0.8528, 0.5812], device='cuda:0') torch.Size([3])
Training points after adding:  tensor([0.5119, 0.8528, 0.5812, 0.0000, 0.2032, 0.1822, 0.0000, 0.1221, 0.0901],
       device='cuda:0') torch.Size([9])
These training_points are used in the GP tensor([0.5119, 0.8528, 0.5812, 0.0000, 0.2032, 0.1822, 0.0000, 0.1221, 0.0901],
       device='cuda:0')
points: {24, 1, 85}
new xs normalized:  tensor([0.0240, 0.0010, 0.0851], device='cuda:0')
Corresponding xs: tensor([-1903.9039, -1995.9960, -1659.6597], device='cuda:0')
Plot saved to /raven/u/dvoss/al_pmssmwithgp/model/plots/Iter3/gp_plot.png
YAML file has been created: /u/dvoss/al_pmssmwithgp/Run3ModelGen/source/Run3ModelGen/data/new_config.yaml
Note: detected 144 virtual cores but NumExpr set to maximum of 64, check "NUMEXPR_MAX_THREADS" environment variable.
Note: NumExpr detected 144 cores but "NUMEXPR_MAX_THREADS" not set, so enforcing safe limit of 8.
NumExpr defaulting to 8 threads.

  ___              ____ __  __          _       _   ___            
 | _ \ _  _  _ _  |__ /|  \/  | ___  __| | ___ | | / __| ___  _ _  
 |   /| || || ' \  |_ \| |\/| |/ _ \/ _` |/ -_)| || (_ |/ -_)| ' \ 
 |_|_\ \_,_||_||_||___/|_|  |_|\___/\__,_|\___||_| \___|\___||_||_|
                                                                   

2024-08-13 13:29:04 [info     ] Initialised ModelGenerator with: [Run3ModelGen.modelgen]
2024-08-13 13:29:04 [info     ] 	config_file = /u/dvoss/al_pmssmwithgp/Run3ModelGen/source/Run3ModelGen/data/new_config.yaml [Run3ModelGen.modelgen]
2024-08-13 13:29:04 [info     ] 	scan_dir = /u/dvoss/al_pmssmwithgp/Run3ModelGen/source/Run3ModelGen/scans/scan_3 [Run3ModelGen.modelgen]
2024-08-13 13:29:04 [info     ] 	rawfilen = /u/dvoss/al_pmssmwithgp/Run3ModelGen/source/Run3ModelGen/data/raw.slha [Run3ModelGen.modelgen]
2024-08-13 13:29:04 [info     ] 	seed = 123                    [Run3ModelGen.modelgen]
2024-08-13 13:29:04 [info     ] 	points = {}                   [Run3ModelGen.modelgen]
2024-08-13 13:29:04 [info     ] 	prior = fixed                 [Run3ModelGen.modelgen]
2024-08-13 13:29:04 [info     ] 	num_models = 3                [Run3ModelGen.modelgen]
2024-08-13 13:29:04 [info     ] 	isGMSB = False                [Run3ModelGen.modelgen]
2024-08-13 13:29:04 [info     ] 	parameters =                  [Run3ModelGen.modelgen]
2024-08-13 13:29:04 [info     ] 		tanb: [60, 60, 60]           [Run3ModelGen.modelgen]
2024-08-13 13:29:04 [info     ] 		M_1: [-1903.9, -1996.0, -1659.66] [Run3ModelGen.modelgen]
2024-08-13 13:29:04 [info     ] 		M_2: [2000, 2000, 2000]      [Run3ModelGen.modelgen]
2024-08-13 13:29:04 [info     ] 		M_3: [4000, 4000, 4000]      [Run3ModelGen.modelgen]
2024-08-13 13:29:04 [info     ] 		AT: [4000, 4000, 4000]       [Run3ModelGen.modelgen]
2024-08-13 13:29:04 [info     ] 		Ab: [2000, 2000, 2000]       [Run3ModelGen.modelgen]
2024-08-13 13:29:04 [info     ] 		Atau: [2000, 2000, 2000]     [Run3ModelGen.modelgen]
2024-08-13 13:29:04 [info     ] 		mu: [2000, 2000, 2000]       [Run3ModelGen.modelgen]
2024-08-13 13:29:04 [info     ] 		mA: [2000, 2000, 2000]       [Run3ModelGen.modelgen]
2024-08-13 13:29:04 [info     ] 		meL: [2000, 2000, 2000]      [Run3ModelGen.modelgen]
2024-08-13 13:29:04 [info     ] 		mtauL: [2000, 2000, 2000]    [Run3ModelGen.modelgen]
2024-08-13 13:29:04 [info     ] 		meR: [2000, 2000, 2000]      [Run3ModelGen.modelgen]
2024-08-13 13:29:04 [info     ] 		mtauR: [2000, 2000, 2000]    [Run3ModelGen.modelgen]
2024-08-13 13:29:04 [info     ] 		mqL1: [4000, 4000, 4000]     [Run3ModelGen.modelgen]
2024-08-13 13:29:04 [info     ] 		mqL3: [4000, 4000, 4000]     [Run3ModelGen.modelgen]
2024-08-13 13:29:04 [info     ] 		muR: [4000, 4000, 4000]      [Run3ModelGen.modelgen]
2024-08-13 13:29:04 [info     ] 		mtR: [4000, 4000, 4000]      [Run3ModelGen.modelgen]
2024-08-13 13:29:04 [info     ] 		mdR: [4000, 4000, 4000]      [Run3ModelGen.modelgen]
2024-08-13 13:29:04 [info     ] 		mbR: [4000, 4000, 4000]      [Run3ModelGen.modelgen]
2024-08-13 13:29:04 [info     ] 	steps =                       [Run3ModelGen.modelgen]
2024-08-13 13:29:04 [info     ] 		{'name': 'prep_input', 'output_dir': 'input', 'prefix': 'IN'} [Run3ModelGen.modelgen]
2024-08-13 13:29:04 [info     ] 		{'name': 'SPheno', 'input_dir': 'input', 'output_dir': 'SPheno', 'log_dir': 'SPheno_log', 'prefix': 'SP'} [Run3ModelGen.modelgen]
2024-08-13 13:29:04 [info     ] 		{'name': 'softsusy', 'input_dir': 'input', 'output_dir': 'softsusy', 'prefix': 'SS'} [Run3ModelGen.modelgen]
2024-08-13 13:29:04 [info     ] 		{'name': 'micromegas', 'input_dir': 'SPheno', 'output_dir': 'micromegas', 'prefix': 'MO'} [Run3ModelGen.modelgen]
2024-08-13 13:29:04 [info     ] 		{'name': 'superiso', 'input_dir': 'SPheno', 'output_dir': 'superiso', 'prefix': 'SI'} [Run3ModelGen.modelgen]
2024-08-13 13:29:04 [info     ] 		{'name': 'gm2calc', 'input_dir': 'SPheno', 'output_dir': 'gm2calc', 'prefix': 'GM2'} [Run3ModelGen.modelgen]
2024-08-13 13:29:04 [info     ] 		{'name': 'evade', 'input_dir': 'SPheno', 'output_dir': 'evade', 'prefix': 'EV'} [Run3ModelGen.modelgen]
2024-08-13 13:29:04 [info     ] Starting Model Generation...   [Run3ModelGen.modelgen]
2024-08-13 13:29:04 [info     ] Setting up output directories for scan [Run3ModelGen.modelgen]
2024-08-13 13:29:04 [info     ] Generating Model: 0.slha (1/3) [Run3ModelGen.modelgen]
2024-08-13 13:29:04 [info     ] 	running step: prep_input      [Run3ModelGen.modelgen]
2024-08-13 13:29:04 [info     ] 	running step: SPheno          [Run3ModelGen.modelgen]
2024-08-13 13:29:06 [info     ] 	running step: softsusy        [Run3ModelGen.modelgen]
2024-08-13 13:29:06 [info     ] 	running step: micromegas      [Run3ModelGen.modelgen]
2024-08-13 13:29:14 [info     ] 	running step: superiso        [Run3ModelGen.modelgen]
2024-08-13 13:29:14 [info     ] 	running step: gm2calc         [Run3ModelGen.modelgen]
2024-08-13 13:29:14 [info     ] 	running step: evade           [Run3ModelGen.modelgen]
2024-08-13 13:29:14 [info     ] Generating Model: 1.slha (2/3) [Run3ModelGen.modelgen]
2024-08-13 13:29:14 [info     ] 	running step: prep_input      [Run3ModelGen.modelgen]
2024-08-13 13:29:14 [info     ] 	running step: SPheno          [Run3ModelGen.modelgen]
2024-08-13 13:29:15 [info     ] 	running step: softsusy        [Run3ModelGen.modelgen]
2024-08-13 13:29:15 [info     ] 	running step: micromegas      [Run3ModelGen.modelgen]
2024-08-13 13:29:16 [info     ] 	running step: superiso        [Run3ModelGen.modelgen]
2024-08-13 13:29:16 [info     ] 	running step: gm2calc         [Run3ModelGen.modelgen]
2024-08-13 13:29:16 [info     ] 	running step: evade           [Run3ModelGen.modelgen]
2024-08-13 13:29:16 [info     ] Generating Model: 2.slha (3/3) [Run3ModelGen.modelgen]
2024-08-13 13:29:16 [info     ] 	running step: prep_input      [Run3ModelGen.modelgen]
2024-08-13 13:29:16 [info     ] 	running step: SPheno          [Run3ModelGen.modelgen]
2024-08-13 13:29:16 [info     ] 	running step: softsusy        [Run3ModelGen.modelgen]
2024-08-13 13:29:17 [info     ] 	running step: micromegas      [Run3ModelGen.modelgen]
2024-08-13 13:29:18 [info     ] 	running step: superiso        [Run3ModelGen.modelgen]
2024-08-13 13:29:18 [info     ] 	running step: gm2calc         [Run3ModelGen.modelgen]
2024-08-13 13:29:18 [info     ] 	running step: evade           [Run3ModelGen.modelgen]
2024-08-13 13:29:18 [info     ] Finished generating models! Stats for successful generations (successful/attempted): [Run3ModelGen.modelgen]
2024-08-13 13:29:18 [info     ] 	prep_input: 3/3.              [Run3ModelGen.modelgen]
2024-08-13 13:29:18 [info     ] 	SPheno: 3/3.                  [Run3ModelGen.modelgen]
2024-08-13 13:29:18 [info     ] 	softsusy: 3/3.                [Run3ModelGen.modelgen]
2024-08-13 13:29:18 [info     ] 	micromegas: 3/3.              [Run3ModelGen.modelgen]
2024-08-13 13:29:18 [info     ] 	superiso: 3/3.                [Run3ModelGen.modelgen]
2024-08-13 13:29:18 [info     ] 	gm2calc: 3/3.                 [Run3ModelGen.modelgen]
2024-08-13 13:29:18 [info     ] 	evade: 0/3.                   [Run3ModelGen.modelgen]
2024-08-13 13:29:18 [info     ] Will make NTuple for: /u/dvoss/al_pmssmwithgp/Run3ModelGen/source/Run3ModelGen/scans/scan_3, with 3 models [Run3ModelGen.ntupling]
2024-08-13 13:29:18 [info     ] 	Filling values for model: 0   [Run3ModelGen.ntupling]
2024-08-13 13:29:18 [info     ] Saving NTuple in /u/dvoss/al_pmssmwithgp/Run3ModelGen/source/Run3ModelGen/scans/scan_3/ntuple.0.0.root ... [Run3ModelGen.ntupling]
Completed iteration 3
Starting iteration 4
Initial Training points:  tensor([0.5119, 0.8528, 0.5812], device='cuda:0') torch.Size([3])
Training points after adding:  tensor([0.5119, 0.8528, 0.5812, 0.0000, 0.2032, 0.1822, 0.0000, 0.1221, 0.0901,
        0.0240, 0.0010, 0.0851], device='cuda:0') torch.Size([12])
These training_points are used in the GP tensor([0.5119, 0.8528, 0.5812, 0.0000, 0.2032, 0.1822, 0.0000, 0.1221, 0.0901,
        0.0240, 0.0010, 0.0851], device='cuda:0')
points: {337, 170, 332}
new xs normalized:  tensor([0.3373, 0.1702, 0.3323], device='cuda:0')
Corresponding xs: tensor([ -650.6506, -1319.3193,  -670.6708], device='cuda:0')
Plot saved to /raven/u/dvoss/al_pmssmwithgp/model/plots/Iter4/gp_plot.png
YAML file has been created: /u/dvoss/al_pmssmwithgp/Run3ModelGen/source/Run3ModelGen/data/new_config.yaml
Note: detected 144 virtual cores but NumExpr set to maximum of 64, check "NUMEXPR_MAX_THREADS" environment variable.
Note: NumExpr detected 144 cores but "NUMEXPR_MAX_THREADS" not set, so enforcing safe limit of 8.
NumExpr defaulting to 8 threads.

  ___              ____ __  __          _       _   ___            
 | _ \ _  _  _ _  |__ /|  \/  | ___  __| | ___ | | / __| ___  _ _  
 |   /| || || ' \  |_ \| |\/| |/ _ \/ _` |/ -_)| || (_ |/ -_)| ' \ 
 |_|_\ \_,_||_||_||___/|_|  |_|\___/\__,_|\___||_| \___|\___||_||_|
                                                                   

2024-08-13 13:29:57 [info     ] Initialised ModelGenerator with: [Run3ModelGen.modelgen]
2024-08-13 13:29:57 [info     ] 	config_file = /u/dvoss/al_pmssmwithgp/Run3ModelGen/source/Run3ModelGen/data/new_config.yaml [Run3ModelGen.modelgen]
2024-08-13 13:29:57 [info     ] 	scan_dir = /u/dvoss/al_pmssmwithgp/Run3ModelGen/source/Run3ModelGen/scans/scan_4 [Run3ModelGen.modelgen]
2024-08-13 13:29:57 [info     ] 	rawfilen = /u/dvoss/al_pmssmwithgp/Run3ModelGen/source/Run3ModelGen/data/raw.slha [Run3ModelGen.modelgen]
2024-08-13 13:29:57 [info     ] 	seed = 123                    [Run3ModelGen.modelgen]
2024-08-13 13:29:57 [info     ] 	points = {}                   [Run3ModelGen.modelgen]
2024-08-13 13:29:57 [info     ] 	prior = fixed                 [Run3ModelGen.modelgen]
2024-08-13 13:29:57 [info     ] 	num_models = 3                [Run3ModelGen.modelgen]
2024-08-13 13:29:57 [info     ] 	isGMSB = False                [Run3ModelGen.modelgen]
2024-08-13 13:29:57 [info     ] 	parameters =                  [Run3ModelGen.modelgen]
2024-08-13 13:29:57 [info     ] 		tanb: [60, 60, 60]           [Run3ModelGen.modelgen]
2024-08-13 13:29:57 [info     ] 		M_1: [-650.65, -1319.32, -670.67] [Run3ModelGen.modelgen]
2024-08-13 13:29:57 [info     ] 		M_2: [2000, 2000, 2000]      [Run3ModelGen.modelgen]
2024-08-13 13:29:57 [info     ] 		M_3: [4000, 4000, 4000]      [Run3ModelGen.modelgen]
2024-08-13 13:29:57 [info     ] 		AT: [4000, 4000, 4000]       [Run3ModelGen.modelgen]
2024-08-13 13:29:57 [info     ] 		Ab: [2000, 2000, 2000]       [Run3ModelGen.modelgen]
2024-08-13 13:29:57 [info     ] 		Atau: [2000, 2000, 2000]     [Run3ModelGen.modelgen]
2024-08-13 13:29:57 [info     ] 		mu: [2000, 2000, 2000]       [Run3ModelGen.modelgen]
2024-08-13 13:29:57 [info     ] 		mA: [2000, 2000, 2000]       [Run3ModelGen.modelgen]
2024-08-13 13:29:57 [info     ] 		meL: [2000, 2000, 2000]      [Run3ModelGen.modelgen]
2024-08-13 13:29:57 [info     ] 		mtauL: [2000, 2000, 2000]    [Run3ModelGen.modelgen]
2024-08-13 13:29:57 [info     ] 		meR: [2000, 2000, 2000]      [Run3ModelGen.modelgen]
2024-08-13 13:29:57 [info     ] 		mtauR: [2000, 2000, 2000]    [Run3ModelGen.modelgen]
2024-08-13 13:29:57 [info     ] 		mqL1: [4000, 4000, 4000]     [Run3ModelGen.modelgen]
2024-08-13 13:29:57 [info     ] 		mqL3: [4000, 4000, 4000]     [Run3ModelGen.modelgen]
2024-08-13 13:29:57 [info     ] 		muR: [4000, 4000, 4000]      [Run3ModelGen.modelgen]
2024-08-13 13:29:57 [info     ] 		mtR: [4000, 4000, 4000]      [Run3ModelGen.modelgen]
2024-08-13 13:29:57 [info     ] 		mdR: [4000, 4000, 4000]      [Run3ModelGen.modelgen]
2024-08-13 13:29:57 [info     ] 		mbR: [4000, 4000, 4000]      [Run3ModelGen.modelgen]
2024-08-13 13:29:57 [info     ] 	steps =                       [Run3ModelGen.modelgen]
2024-08-13 13:29:57 [info     ] 		{'name': 'prep_input', 'output_dir': 'input', 'prefix': 'IN'} [Run3ModelGen.modelgen]
2024-08-13 13:29:57 [info     ] 		{'name': 'SPheno', 'input_dir': 'input', 'output_dir': 'SPheno', 'log_dir': 'SPheno_log', 'prefix': 'SP'} [Run3ModelGen.modelgen]
2024-08-13 13:29:57 [info     ] 		{'name': 'softsusy', 'input_dir': 'input', 'output_dir': 'softsusy', 'prefix': 'SS'} [Run3ModelGen.modelgen]
2024-08-13 13:29:57 [info     ] 		{'name': 'micromegas', 'input_dir': 'SPheno', 'output_dir': 'micromegas', 'prefix': 'MO'} [Run3ModelGen.modelgen]
2024-08-13 13:29:57 [info     ] 		{'name': 'superiso', 'input_dir': 'SPheno', 'output_dir': 'superiso', 'prefix': 'SI'} [Run3ModelGen.modelgen]
2024-08-13 13:29:57 [info     ] 		{'name': 'gm2calc', 'input_dir': 'SPheno', 'output_dir': 'gm2calc', 'prefix': 'GM2'} [Run3ModelGen.modelgen]
2024-08-13 13:29:57 [info     ] 		{'name': 'evade', 'input_dir': 'SPheno', 'output_dir': 'evade', 'prefix': 'EV'} [Run3ModelGen.modelgen]
2024-08-13 13:29:57 [info     ] Starting Model Generation...   [Run3ModelGen.modelgen]
2024-08-13 13:29:57 [info     ] Setting up output directories for scan [Run3ModelGen.modelgen]
2024-08-13 13:29:57 [info     ] Generating Model: 0.slha (1/3) [Run3ModelGen.modelgen]
2024-08-13 13:29:57 [info     ] 	running step: prep_input      [Run3ModelGen.modelgen]
2024-08-13 13:29:57 [info     ] 	running step: SPheno          [Run3ModelGen.modelgen]
2024-08-13 13:29:57 [info     ] 	running step: softsusy        [Run3ModelGen.modelgen]
2024-08-13 13:29:57 [info     ] 	running step: micromegas      [Run3ModelGen.modelgen]
2024-08-13 13:29:57 [info     ] 	running step: superiso        [Run3ModelGen.modelgen]
2024-08-13 13:29:57 [info     ] 	running step: gm2calc         [Run3ModelGen.modelgen]
2024-08-13 13:29:57 [info     ] 	running step: evade           [Run3ModelGen.modelgen]
2024-08-13 13:29:57 [info     ] Generating Model: 1.slha (2/3) [Run3ModelGen.modelgen]
2024-08-13 13:29:57 [info     ] 	running step: prep_input      [Run3ModelGen.modelgen]
2024-08-13 13:29:57 [info     ] 	running step: SPheno          [Run3ModelGen.modelgen]
2024-08-13 13:29:58 [info     ] 	running step: softsusy        [Run3ModelGen.modelgen]
2024-08-13 13:29:58 [info     ] 	running step: micromegas      [Run3ModelGen.modelgen]
2024-08-13 13:29:58 [info     ] 	running step: superiso        [Run3ModelGen.modelgen]
2024-08-13 13:29:58 [info     ] 	running step: gm2calc         [Run3ModelGen.modelgen]
2024-08-13 13:29:58 [info     ] 	running step: evade           [Run3ModelGen.modelgen]
2024-08-13 13:29:58 [info     ] Generating Model: 2.slha (3/3) [Run3ModelGen.modelgen]
2024-08-13 13:29:58 [info     ] 	running step: prep_input      [Run3ModelGen.modelgen]
2024-08-13 13:29:58 [info     ] 	running step: SPheno          [Run3ModelGen.modelgen]
2024-08-13 13:29:58 [info     ] 	running step: softsusy        [Run3ModelGen.modelgen]
2024-08-13 13:29:58 [info     ] 	running step: micromegas      [Run3ModelGen.modelgen]
2024-08-13 13:29:59 [info     ] 	running step: superiso        [Run3ModelGen.modelgen]
2024-08-13 13:29:59 [info     ] 	running step: gm2calc         [Run3ModelGen.modelgen]
2024-08-13 13:29:59 [info     ] 	running step: evade           [Run3ModelGen.modelgen]
2024-08-13 13:29:59 [info     ] Finished generating models! Stats for successful generations (successful/attempted): [Run3ModelGen.modelgen]
2024-08-13 13:29:59 [info     ] 	prep_input: 3/3.              [Run3ModelGen.modelgen]
2024-08-13 13:29:59 [info     ] 	SPheno: 3/3.                  [Run3ModelGen.modelgen]
2024-08-13 13:29:59 [info     ] 	softsusy: 3/3.                [Run3ModelGen.modelgen]
2024-08-13 13:29:59 [info     ] 	micromegas: 3/3.              [Run3ModelGen.modelgen]
2024-08-13 13:29:59 [info     ] 	superiso: 3/3.                [Run3ModelGen.modelgen]
2024-08-13 13:29:59 [info     ] 	gm2calc: 3/3.                 [Run3ModelGen.modelgen]
2024-08-13 13:29:59 [info     ] 	evade: 0/3.                   [Run3ModelGen.modelgen]
2024-08-13 13:29:59 [info     ] Will make NTuple for: /u/dvoss/al_pmssmwithgp/Run3ModelGen/source/Run3ModelGen/scans/scan_4, with 3 models [Run3ModelGen.ntupling]
2024-08-13 13:29:59 [info     ] 	Filling values for model: 0   [Run3ModelGen.ntupling]
2024-08-13 13:29:59 [info     ] Saving NTuple in /u/dvoss/al_pmssmwithgp/Run3ModelGen/source/Run3ModelGen/scans/scan_4/ntuple.0.0.root ... [Run3ModelGen.ntupling]
Completed iteration 4
Starting iteration 5
Initial Training points:  tensor([0.5119, 0.8528, 0.5812], device='cuda:0') torch.Size([3])
Training points after adding:  tensor([0.5119, 0.8528, 0.5812, 0.0000, 0.2032, 0.1822, 0.0000, 0.1221, 0.0901,
        0.0240, 0.0010, 0.0851, 0.3373, 0.1702, 0.3323], device='cuda:0') torch.Size([15])
These training_points are used in the GP tensor([0.5119, 0.8528, 0.5812, 0.0000, 0.2032, 0.1822, 0.0000, 0.1221, 0.0901,
        0.0240, 0.0010, 0.0851, 0.3373, 0.1702, 0.3323], device='cuda:0')
points: {720, 483, 743}
new xs normalized:  tensor([0.7207, 0.4835, 0.7437], device='cuda:0')
Corresponding xs: tensor([882.8828, -66.0662, 974.9749], device='cuda:0')
Plot saved to /raven/u/dvoss/al_pmssmwithgp/model/plots/Iter5/gp_plot.png
YAML file has been created: /u/dvoss/al_pmssmwithgp/Run3ModelGen/source/Run3ModelGen/data/new_config.yaml
Note: detected 144 virtual cores but NumExpr set to maximum of 64, check "NUMEXPR_MAX_THREADS" environment variable.
Note: NumExpr detected 144 cores but "NUMEXPR_MAX_THREADS" not set, so enforcing safe limit of 8.
NumExpr defaulting to 8 threads.

  ___              ____ __  __          _       _   ___            
 | _ \ _  _  _ _  |__ /|  \/  | ___  __| | ___ | | / __| ___  _ _  
 |   /| || || ' \  |_ \| |\/| |/ _ \/ _` |/ -_)| || (_ |/ -_)| ' \ 
 |_|_\ \_,_||_||_||___/|_|  |_|\___/\__,_|\___||_| \___|\___||_||_|
                                                                   

2024-08-13 13:30:38 [info     ] Initialised ModelGenerator with: [Run3ModelGen.modelgen]
2024-08-13 13:30:38 [info     ] 	config_file = /u/dvoss/al_pmssmwithgp/Run3ModelGen/source/Run3ModelGen/data/new_config.yaml [Run3ModelGen.modelgen]
2024-08-13 13:30:38 [info     ] 	scan_dir = /u/dvoss/al_pmssmwithgp/Run3ModelGen/source/Run3ModelGen/scans/scan_5 [Run3ModelGen.modelgen]
2024-08-13 13:30:38 [info     ] 	rawfilen = /u/dvoss/al_pmssmwithgp/Run3ModelGen/source/Run3ModelGen/data/raw.slha [Run3ModelGen.modelgen]
2024-08-13 13:30:38 [info     ] 	seed = 123                    [Run3ModelGen.modelgen]
2024-08-13 13:30:38 [info     ] 	points = {}                   [Run3ModelGen.modelgen]
2024-08-13 13:30:38 [info     ] 	prior = fixed                 [Run3ModelGen.modelgen]
2024-08-13 13:30:38 [info     ] 	num_models = 3                [Run3ModelGen.modelgen]
2024-08-13 13:30:38 [info     ] 	isGMSB = False                [Run3ModelGen.modelgen]
2024-08-13 13:30:38 [info     ] 	parameters =                  [Run3ModelGen.modelgen]
2024-08-13 13:30:38 [info     ] 		tanb: [60, 60, 60]           [Run3ModelGen.modelgen]
2024-08-13 13:30:38 [info     ] 		M_1: [882.88, -66.07, 974.97] [Run3ModelGen.modelgen]
2024-08-13 13:30:38 [info     ] 		M_2: [2000, 2000, 2000]      [Run3ModelGen.modelgen]
2024-08-13 13:30:38 [info     ] 		M_3: [4000, 4000, 4000]      [Run3ModelGen.modelgen]
2024-08-13 13:30:38 [info     ] 		AT: [4000, 4000, 4000]       [Run3ModelGen.modelgen]
2024-08-13 13:30:38 [info     ] 		Ab: [2000, 2000, 2000]       [Run3ModelGen.modelgen]
2024-08-13 13:30:38 [info     ] 		Atau: [2000, 2000, 2000]     [Run3ModelGen.modelgen]
2024-08-13 13:30:38 [info     ] 		mu: [2000, 2000, 2000]       [Run3ModelGen.modelgen]
2024-08-13 13:30:38 [info     ] 		mA: [2000, 2000, 2000]       [Run3ModelGen.modelgen]
2024-08-13 13:30:38 [info     ] 		meL: [2000, 2000, 2000]      [Run3ModelGen.modelgen]
2024-08-13 13:30:38 [info     ] 		mtauL: [2000, 2000, 2000]    [Run3ModelGen.modelgen]
2024-08-13 13:30:38 [info     ] 		meR: [2000, 2000, 2000]      [Run3ModelGen.modelgen]
2024-08-13 13:30:38 [info     ] 		mtauR: [2000, 2000, 2000]    [Run3ModelGen.modelgen]
2024-08-13 13:30:38 [info     ] 		mqL1: [4000, 4000, 4000]     [Run3ModelGen.modelgen]
2024-08-13 13:30:38 [info     ] 		mqL3: [4000, 4000, 4000]     [Run3ModelGen.modelgen]
2024-08-13 13:30:38 [info     ] 		muR: [4000, 4000, 4000]      [Run3ModelGen.modelgen]
2024-08-13 13:30:38 [info     ] 		mtR: [4000, 4000, 4000]      [Run3ModelGen.modelgen]
2024-08-13 13:30:38 [info     ] 		mdR: [4000, 4000, 4000]      [Run3ModelGen.modelgen]
2024-08-13 13:30:38 [info     ] 		mbR: [4000, 4000, 4000]      [Run3ModelGen.modelgen]
2024-08-13 13:30:38 [info     ] 	steps =                       [Run3ModelGen.modelgen]
2024-08-13 13:30:38 [info     ] 		{'name': 'prep_input', 'output_dir': 'input', 'prefix': 'IN'} [Run3ModelGen.modelgen]
2024-08-13 13:30:38 [info     ] 		{'name': 'SPheno', 'input_dir': 'input', 'output_dir': 'SPheno', 'log_dir': 'SPheno_log', 'prefix': 'SP'} [Run3ModelGen.modelgen]
2024-08-13 13:30:38 [info     ] 		{'name': 'softsusy', 'input_dir': 'input', 'output_dir': 'softsusy', 'prefix': 'SS'} [Run3ModelGen.modelgen]
2024-08-13 13:30:38 [info     ] 		{'name': 'micromegas', 'input_dir': 'SPheno', 'output_dir': 'micromegas', 'prefix': 'MO'} [Run3ModelGen.modelgen]
2024-08-13 13:30:38 [info     ] 		{'name': 'superiso', 'input_dir': 'SPheno', 'output_dir': 'superiso', 'prefix': 'SI'} [Run3ModelGen.modelgen]
2024-08-13 13:30:38 [info     ] 		{'name': 'gm2calc', 'input_dir': 'SPheno', 'output_dir': 'gm2calc', 'prefix': 'GM2'} [Run3ModelGen.modelgen]
2024-08-13 13:30:38 [info     ] 		{'name': 'evade', 'input_dir': 'SPheno', 'output_dir': 'evade', 'prefix': 'EV'} [Run3ModelGen.modelgen]
2024-08-13 13:30:38 [info     ] Starting Model Generation...   [Run3ModelGen.modelgen]
2024-08-13 13:30:38 [info     ] Setting up output directories for scan [Run3ModelGen.modelgen]
2024-08-13 13:30:38 [info     ] Generating Model: 0.slha (1/3) [Run3ModelGen.modelgen]
2024-08-13 13:30:38 [info     ] 	running step: prep_input      [Run3ModelGen.modelgen]
2024-08-13 13:30:38 [info     ] 	running step: SPheno          [Run3ModelGen.modelgen]
2024-08-13 13:30:38 [info     ] 	running step: softsusy        [Run3ModelGen.modelgen]
2024-08-13 13:30:38 [info     ] 	running step: micromegas      [Run3ModelGen.modelgen]
2024-08-13 13:30:38 [info     ] 	running step: superiso        [Run3ModelGen.modelgen]
2024-08-13 13:30:39 [info     ] 	running step: gm2calc         [Run3ModelGen.modelgen]
2024-08-13 13:30:39 [info     ] 	running step: evade           [Run3ModelGen.modelgen]
2024-08-13 13:30:39 [info     ] Generating Model: 1.slha (2/3) [Run3ModelGen.modelgen]
2024-08-13 13:30:39 [info     ] 	running step: prep_input      [Run3ModelGen.modelgen]
2024-08-13 13:30:39 [info     ] 	running step: SPheno          [Run3ModelGen.modelgen]
2024-08-13 13:30:39 [info     ] 	running step: softsusy        [Run3ModelGen.modelgen]
2024-08-13 13:30:39 [info     ] 	running step: micromegas      [Run3ModelGen.modelgen]
2024-08-13 13:30:39 [info     ] 	running step: superiso        [Run3ModelGen.modelgen]
2024-08-13 13:30:39 [info     ] 	running step: gm2calc         [Run3ModelGen.modelgen]
2024-08-13 13:30:39 [info     ] 	running step: evade           [Run3ModelGen.modelgen]
2024-08-13 13:30:39 [info     ] Generating Model: 2.slha (3/3) [Run3ModelGen.modelgen]
2024-08-13 13:30:39 [info     ] 	running step: prep_input      [Run3ModelGen.modelgen]
2024-08-13 13:30:39 [info     ] 	running step: SPheno          [Run3ModelGen.modelgen]
2024-08-13 13:30:39 [info     ] 	running step: softsusy        [Run3ModelGen.modelgen]
2024-08-13 13:30:40 [info     ] 	running step: micromegas      [Run3ModelGen.modelgen]
2024-08-13 13:30:40 [info     ] 	running step: superiso        [Run3ModelGen.modelgen]
2024-08-13 13:30:40 [info     ] 	running step: gm2calc         [Run3ModelGen.modelgen]
2024-08-13 13:30:40 [info     ] 	running step: evade           [Run3ModelGen.modelgen]
2024-08-13 13:30:40 [info     ] Finished generating models! Stats for successful generations (successful/attempted): [Run3ModelGen.modelgen]
2024-08-13 13:30:40 [info     ] 	prep_input: 3/3.              [Run3ModelGen.modelgen]
2024-08-13 13:30:40 [info     ] 	SPheno: 3/3.                  [Run3ModelGen.modelgen]
2024-08-13 13:30:40 [info     ] 	softsusy: 3/3.                [Run3ModelGen.modelgen]
2024-08-13 13:30:40 [info     ] 	micromegas: 3/3.              [Run3ModelGen.modelgen]
2024-08-13 13:30:40 [info     ] 	superiso: 3/3.                [Run3ModelGen.modelgen]
2024-08-13 13:30:40 [info     ] 	gm2calc: 3/3.                 [Run3ModelGen.modelgen]
2024-08-13 13:30:40 [info     ] 	evade: 0/3.                   [Run3ModelGen.modelgen]
2024-08-13 13:30:40 [info     ] Will make NTuple for: /u/dvoss/al_pmssmwithgp/Run3ModelGen/source/Run3ModelGen/scans/scan_5, with 3 models [Run3ModelGen.ntupling]
2024-08-13 13:30:40 [info     ] 	Filling values for model: 0   [Run3ModelGen.ntupling]
2024-08-13 13:30:40 [info     ] Saving NTuple in /u/dvoss/al_pmssmwithgp/Run3ModelGen/source/Run3ModelGen/scans/scan_5/ntuple.0.0.root ... [Run3ModelGen.ntupling]
Completed iteration 5
Starting iteration 6
Initial Training points:  tensor([0.5119, 0.8528, 0.5812], device='cuda:0') torch.Size([3])
Training points after adding:  tensor([0.5119, 0.8528, 0.5812, 0.0000, 0.2032, 0.1822, 0.0000, 0.1221, 0.0901,
        0.0240, 0.0010, 0.0851, 0.3373, 0.1702, 0.3323, 0.7207, 0.4835, 0.7437],
       device='cuda:0') torch.Size([18])
These training_points are used in the GP tensor([0.5119, 0.8528, 0.5812, 0.0000, 0.2032, 0.1822, 0.0000, 0.1221, 0.0901,
        0.0240, 0.0010, 0.0851, 0.3373, 0.1702, 0.3323, 0.7207, 0.4835, 0.7437],
       device='cuda:0')
points: {0, 8, 14}
new xs normalized:  tensor([0.0000, 0.0080, 0.0140], device='cuda:0')
Corresponding xs: tensor([-2000.0000, -1967.9680, -1943.9440], device='cuda:0')
Plot saved to /raven/u/dvoss/al_pmssmwithgp/model/plots/Iter6/gp_plot.png
YAML file has been created: /u/dvoss/al_pmssmwithgp/Run3ModelGen/source/Run3ModelGen/data/new_config.yaml
Note: detected 144 virtual cores but NumExpr set to maximum of 64, check "NUMEXPR_MAX_THREADS" environment variable.
Note: NumExpr detected 144 cores but "NUMEXPR_MAX_THREADS" not set, so enforcing safe limit of 8.
NumExpr defaulting to 8 threads.

  ___              ____ __  __          _       _   ___            
 | _ \ _  _  _ _  |__ /|  \/  | ___  __| | ___ | | / __| ___  _ _  
 |   /| || || ' \  |_ \| |\/| |/ _ \/ _` |/ -_)| || (_ |/ -_)| ' \ 
 |_|_\ \_,_||_||_||___/|_|  |_|\___/\__,_|\___||_| \___|\___||_||_|
                                                                   

2024-08-13 13:31:19 [info     ] Initialised ModelGenerator with: [Run3ModelGen.modelgen]
2024-08-13 13:31:19 [info     ] 	config_file = /u/dvoss/al_pmssmwithgp/Run3ModelGen/source/Run3ModelGen/data/new_config.yaml [Run3ModelGen.modelgen]
2024-08-13 13:31:19 [info     ] 	scan_dir = /u/dvoss/al_pmssmwithgp/Run3ModelGen/source/Run3ModelGen/scans/scan_6 [Run3ModelGen.modelgen]
2024-08-13 13:31:19 [info     ] 	rawfilen = /u/dvoss/al_pmssmwithgp/Run3ModelGen/source/Run3ModelGen/data/raw.slha [Run3ModelGen.modelgen]
2024-08-13 13:31:19 [info     ] 	seed = 123                    [Run3ModelGen.modelgen]
2024-08-13 13:31:19 [info     ] 	points = {}                   [Run3ModelGen.modelgen]
2024-08-13 13:31:19 [info     ] 	prior = fixed                 [Run3ModelGen.modelgen]
2024-08-13 13:31:19 [info     ] 	num_models = 3                [Run3ModelGen.modelgen]
2024-08-13 13:31:19 [info     ] 	isGMSB = False                [Run3ModelGen.modelgen]
2024-08-13 13:31:19 [info     ] 	parameters =                  [Run3ModelGen.modelgen]
2024-08-13 13:31:19 [info     ] 		tanb: [60, 60, 60]           [Run3ModelGen.modelgen]
2024-08-13 13:31:19 [info     ] 		M_1: [-2000.0, -1967.97, -1943.94] [Run3ModelGen.modelgen]
2024-08-13 13:31:19 [info     ] 		M_2: [2000, 2000, 2000]      [Run3ModelGen.modelgen]
2024-08-13 13:31:19 [info     ] 		M_3: [4000, 4000, 4000]      [Run3ModelGen.modelgen]
2024-08-13 13:31:19 [info     ] 		AT: [4000, 4000, 4000]       [Run3ModelGen.modelgen]
2024-08-13 13:31:19 [info     ] 		Ab: [2000, 2000, 2000]       [Run3ModelGen.modelgen]
2024-08-13 13:31:19 [info     ] 		Atau: [2000, 2000, 2000]     [Run3ModelGen.modelgen]
2024-08-13 13:31:19 [info     ] 		mu: [2000, 2000, 2000]       [Run3ModelGen.modelgen]
2024-08-13 13:31:19 [info     ] 		mA: [2000, 2000, 2000]       [Run3ModelGen.modelgen]
2024-08-13 13:31:19 [info     ] 		meL: [2000, 2000, 2000]      [Run3ModelGen.modelgen]
2024-08-13 13:31:19 [info     ] 		mtauL: [2000, 2000, 2000]    [Run3ModelGen.modelgen]
2024-08-13 13:31:19 [info     ] 		meR: [2000, 2000, 2000]      [Run3ModelGen.modelgen]
2024-08-13 13:31:19 [info     ] 		mtauR: [2000, 2000, 2000]    [Run3ModelGen.modelgen]
2024-08-13 13:31:19 [info     ] 		mqL1: [4000, 4000, 4000]     [Run3ModelGen.modelgen]
2024-08-13 13:31:19 [info     ] 		mqL3: [4000, 4000, 4000]     [Run3ModelGen.modelgen]
2024-08-13 13:31:19 [info     ] 		muR: [4000, 4000, 4000]      [Run3ModelGen.modelgen]
2024-08-13 13:31:19 [info     ] 		mtR: [4000, 4000, 4000]      [Run3ModelGen.modelgen]
2024-08-13 13:31:19 [info     ] 		mdR: [4000, 4000, 4000]      [Run3ModelGen.modelgen]
2024-08-13 13:31:19 [info     ] 		mbR: [4000, 4000, 4000]      [Run3ModelGen.modelgen]
2024-08-13 13:31:19 [info     ] 	steps =                       [Run3ModelGen.modelgen]
2024-08-13 13:31:19 [info     ] 		{'name': 'prep_input', 'output_dir': 'input', 'prefix': 'IN'} [Run3ModelGen.modelgen]
2024-08-13 13:31:19 [info     ] 		{'name': 'SPheno', 'input_dir': 'input', 'output_dir': 'SPheno', 'log_dir': 'SPheno_log', 'prefix': 'SP'} [Run3ModelGen.modelgen]
2024-08-13 13:31:19 [info     ] 		{'name': 'softsusy', 'input_dir': 'input', 'output_dir': 'softsusy', 'prefix': 'SS'} [Run3ModelGen.modelgen]
2024-08-13 13:31:19 [info     ] 		{'name': 'micromegas', 'input_dir': 'SPheno', 'output_dir': 'micromegas', 'prefix': 'MO'} [Run3ModelGen.modelgen]
2024-08-13 13:31:19 [info     ] 		{'name': 'superiso', 'input_dir': 'SPheno', 'output_dir': 'superiso', 'prefix': 'SI'} [Run3ModelGen.modelgen]
2024-08-13 13:31:19 [info     ] 		{'name': 'gm2calc', 'input_dir': 'SPheno', 'output_dir': 'gm2calc', 'prefix': 'GM2'} [Run3ModelGen.modelgen]
2024-08-13 13:31:19 [info     ] 		{'name': 'evade', 'input_dir': 'SPheno', 'output_dir': 'evade', 'prefix': 'EV'} [Run3ModelGen.modelgen]
2024-08-13 13:31:19 [info     ] Starting Model Generation...   [Run3ModelGen.modelgen]
2024-08-13 13:31:19 [info     ] Setting up output directories for scan [Run3ModelGen.modelgen]
2024-08-13 13:31:19 [info     ] Generating Model: 0.slha (1/3) [Run3ModelGen.modelgen]
2024-08-13 13:31:19 [info     ] 	running step: prep_input      [Run3ModelGen.modelgen]
2024-08-13 13:31:19 [info     ] 	running step: SPheno          [Run3ModelGen.modelgen]
2024-08-13 13:31:19 [info     ] 	running step: softsusy        [Run3ModelGen.modelgen]
2024-08-13 13:31:19 [info     ] 	running step: micromegas      [Run3ModelGen.modelgen]
2024-08-13 13:31:22 [info     ] 	running step: superiso        [Run3ModelGen.modelgen]
2024-08-13 13:31:22 [info     ] 	running step: gm2calc         [Run3ModelGen.modelgen]
2024-08-13 13:31:22 [info     ] 	running step: evade           [Run3ModelGen.modelgen]
2024-08-13 13:31:22 [info     ] Generating Model: 1.slha (2/3) [Run3ModelGen.modelgen]
2024-08-13 13:31:22 [info     ] 	running step: prep_input      [Run3ModelGen.modelgen]
2024-08-13 13:31:22 [info     ] 	running step: SPheno          [Run3ModelGen.modelgen]
2024-08-13 13:31:22 [info     ] 	running step: softsusy        [Run3ModelGen.modelgen]
2024-08-13 13:31:22 [info     ] 	running step: micromegas      [Run3ModelGen.modelgen]
2024-08-13 13:31:23 [info     ] 	running step: superiso        [Run3ModelGen.modelgen]
2024-08-13 13:31:24 [info     ] 	running step: gm2calc         [Run3ModelGen.modelgen]
2024-08-13 13:31:24 [info     ] 	running step: evade           [Run3ModelGen.modelgen]
2024-08-13 13:31:24 [info     ] Generating Model: 2.slha (3/3) [Run3ModelGen.modelgen]
2024-08-13 13:31:24 [info     ] 	running step: prep_input      [Run3ModelGen.modelgen]
2024-08-13 13:31:24 [info     ] 	running step: SPheno          [Run3ModelGen.modelgen]
2024-08-13 13:31:24 [info     ] 	running step: softsusy        [Run3ModelGen.modelgen]
2024-08-13 13:31:24 [info     ] 	running step: micromegas      [Run3ModelGen.modelgen]
2024-08-13 13:31:25 [info     ] 	running step: superiso        [Run3ModelGen.modelgen]
2024-08-13 13:31:25 [info     ] 	running step: gm2calc         [Run3ModelGen.modelgen]
2024-08-13 13:31:25 [info     ] 	running step: evade           [Run3ModelGen.modelgen]
2024-08-13 13:31:25 [info     ] Finished generating models! Stats for successful generations (successful/attempted): [Run3ModelGen.modelgen]
2024-08-13 13:31:25 [info     ] 	prep_input: 3/3.              [Run3ModelGen.modelgen]
2024-08-13 13:31:25 [info     ] 	SPheno: 3/3.                  [Run3ModelGen.modelgen]
2024-08-13 13:31:25 [info     ] 	softsusy: 3/3.                [Run3ModelGen.modelgen]
2024-08-13 13:31:25 [info     ] 	micromegas: 3/3.              [Run3ModelGen.modelgen]
2024-08-13 13:31:25 [info     ] 	superiso: 3/3.                [Run3ModelGen.modelgen]
2024-08-13 13:31:25 [info     ] 	gm2calc: 3/3.                 [Run3ModelGen.modelgen]
2024-08-13 13:31:25 [info     ] 	evade: 0/3.                   [Run3ModelGen.modelgen]
2024-08-13 13:31:25 [info     ] Will make NTuple for: /u/dvoss/al_pmssmwithgp/Run3ModelGen/source/Run3ModelGen/scans/scan_6, with 3 models [Run3ModelGen.ntupling]
2024-08-13 13:31:25 [info     ] 	Filling values for model: 0   [Run3ModelGen.ntupling]
2024-08-13 13:31:26 [info     ] Saving NTuple in /u/dvoss/al_pmssmwithgp/Run3ModelGen/source/Run3ModelGen/scans/scan_6/ntuple.0.0.root ... [Run3ModelGen.ntupling]
Completed iteration 6
Starting iteration 7
Initial Training points:  tensor([0.5119, 0.8528, 0.5812], device='cuda:0') torch.Size([3])
Training points after adding:  tensor([0.5119, 0.8528, 0.5812, 0.0000, 0.2032, 0.1822, 0.0000, 0.1221, 0.0901,
        0.0240, 0.0010, 0.0851, 0.3373, 0.1702, 0.3323, 0.7207, 0.4835, 0.7437,
        0.0000, 0.0080, 0.0140], device='cuda:0') torch.Size([21])
These training_points are used in the GP tensor([0.5119, 0.8528, 0.5812, 0.0000, 0.2032, 0.1822, 0.0000, 0.1221, 0.0901,
        0.0240, 0.0010, 0.0851, 0.3373, 0.1702, 0.3323, 0.7207, 0.4835, 0.7437,
        0.0000, 0.0080, 0.0140], device='cuda:0')
points: {0, 506, 123}
new xs normalized:  tensor([0.0000, 0.5065, 0.1231], device='cuda:0')
Corresponding xs: tensor([-2000.0000,    26.0260, -1507.5076], device='cuda:0')
Plot saved to /raven/u/dvoss/al_pmssmwithgp/model/plots/Iter7/gp_plot.png
YAML file has been created: /u/dvoss/al_pmssmwithgp/Run3ModelGen/source/Run3ModelGen/data/new_config.yaml
Note: detected 144 virtual cores but NumExpr set to maximum of 64, check "NUMEXPR_MAX_THREADS" environment variable.
Note: NumExpr detected 144 cores but "NUMEXPR_MAX_THREADS" not set, so enforcing safe limit of 8.
NumExpr defaulting to 8 threads.

  ___              ____ __  __          _       _   ___            
 | _ \ _  _  _ _  |__ /|  \/  | ___  __| | ___ | | / __| ___  _ _  
 |   /| || || ' \  |_ \| |\/| |/ _ \/ _` |/ -_)| || (_ |/ -_)| ' \ 
 |_|_\ \_,_||_||_||___/|_|  |_|\___/\__,_|\___||_| \___|\___||_||_|
                                                                   

2024-08-13 13:32:05 [info     ] Initialised ModelGenerator with: [Run3ModelGen.modelgen]
2024-08-13 13:32:05 [info     ] 	config_file = /u/dvoss/al_pmssmwithgp/Run3ModelGen/source/Run3ModelGen/data/new_config.yaml [Run3ModelGen.modelgen]
2024-08-13 13:32:05 [info     ] 	scan_dir = /u/dvoss/al_pmssmwithgp/Run3ModelGen/source/Run3ModelGen/scans/scan_7 [Run3ModelGen.modelgen]
2024-08-13 13:32:05 [info     ] 	rawfilen = /u/dvoss/al_pmssmwithgp/Run3ModelGen/source/Run3ModelGen/data/raw.slha [Run3ModelGen.modelgen]
2024-08-13 13:32:05 [info     ] 	seed = 123                    [Run3ModelGen.modelgen]
2024-08-13 13:32:05 [info     ] 	points = {}                   [Run3ModelGen.modelgen]
2024-08-13 13:32:05 [info     ] 	prior = fixed                 [Run3ModelGen.modelgen]
2024-08-13 13:32:05 [info     ] 	num_models = 3                [Run3ModelGen.modelgen]
2024-08-13 13:32:05 [info     ] 	isGMSB = False                [Run3ModelGen.modelgen]
2024-08-13 13:32:05 [info     ] 	parameters =                  [Run3ModelGen.modelgen]
2024-08-13 13:32:05 [info     ] 		tanb: [60, 60, 60]           [Run3ModelGen.modelgen]
2024-08-13 13:32:05 [info     ] 		M_1: [-2000.0, 26.03, -1507.51] [Run3ModelGen.modelgen]
2024-08-13 13:32:05 [info     ] 		M_2: [2000, 2000, 2000]      [Run3ModelGen.modelgen]
2024-08-13 13:32:05 [info     ] 		M_3: [4000, 4000, 4000]      [Run3ModelGen.modelgen]
2024-08-13 13:32:05 [info     ] 		AT: [4000, 4000, 4000]       [Run3ModelGen.modelgen]
2024-08-13 13:32:05 [info     ] 		Ab: [2000, 2000, 2000]       [Run3ModelGen.modelgen]
2024-08-13 13:32:05 [info     ] 		Atau: [2000, 2000, 2000]     [Run3ModelGen.modelgen]
2024-08-13 13:32:05 [info     ] 		mu: [2000, 2000, 2000]       [Run3ModelGen.modelgen]
2024-08-13 13:32:05 [info     ] 		mA: [2000, 2000, 2000]       [Run3ModelGen.modelgen]
2024-08-13 13:32:05 [info     ] 		meL: [2000, 2000, 2000]      [Run3ModelGen.modelgen]
2024-08-13 13:32:05 [info     ] 		mtauL: [2000, 2000, 2000]    [Run3ModelGen.modelgen]
2024-08-13 13:32:05 [info     ] 		meR: [2000, 2000, 2000]      [Run3ModelGen.modelgen]
2024-08-13 13:32:05 [info     ] 		mtauR: [2000, 2000, 2000]    [Run3ModelGen.modelgen]
2024-08-13 13:32:05 [info     ] 		mqL1: [4000, 4000, 4000]     [Run3ModelGen.modelgen]
2024-08-13 13:32:05 [info     ] 		mqL3: [4000, 4000, 4000]     [Run3ModelGen.modelgen]
2024-08-13 13:32:05 [info     ] 		muR: [4000, 4000, 4000]      [Run3ModelGen.modelgen]
2024-08-13 13:32:05 [info     ] 		mtR: [4000, 4000, 4000]      [Run3ModelGen.modelgen]
2024-08-13 13:32:05 [info     ] 		mdR: [4000, 4000, 4000]      [Run3ModelGen.modelgen]
2024-08-13 13:32:05 [info     ] 		mbR: [4000, 4000, 4000]      [Run3ModelGen.modelgen]
2024-08-13 13:32:05 [info     ] 	steps =                       [Run3ModelGen.modelgen]
2024-08-13 13:32:05 [info     ] 		{'name': 'prep_input', 'output_dir': 'input', 'prefix': 'IN'} [Run3ModelGen.modelgen]
2024-08-13 13:32:05 [info     ] 		{'name': 'SPheno', 'input_dir': 'input', 'output_dir': 'SPheno', 'log_dir': 'SPheno_log', 'prefix': 'SP'} [Run3ModelGen.modelgen]
2024-08-13 13:32:05 [info     ] 		{'name': 'softsusy', 'input_dir': 'input', 'output_dir': 'softsusy', 'prefix': 'SS'} [Run3ModelGen.modelgen]
2024-08-13 13:32:05 [info     ] 		{'name': 'micromegas', 'input_dir': 'SPheno', 'output_dir': 'micromegas', 'prefix': 'MO'} [Run3ModelGen.modelgen]
2024-08-13 13:32:05 [info     ] 		{'name': 'superiso', 'input_dir': 'SPheno', 'output_dir': 'superiso', 'prefix': 'SI'} [Run3ModelGen.modelgen]
2024-08-13 13:32:05 [info     ] 		{'name': 'gm2calc', 'input_dir': 'SPheno', 'output_dir': 'gm2calc', 'prefix': 'GM2'} [Run3ModelGen.modelgen]
2024-08-13 13:32:05 [info     ] 		{'name': 'evade', 'input_dir': 'SPheno', 'output_dir': 'evade', 'prefix': 'EV'} [Run3ModelGen.modelgen]
2024-08-13 13:32:05 [info     ] Starting Model Generation...   [Run3ModelGen.modelgen]
2024-08-13 13:32:05 [info     ] Setting up output directories for scan [Run3ModelGen.modelgen]
2024-08-13 13:32:05 [info     ] Generating Model: 0.slha (1/3) [Run3ModelGen.modelgen]
2024-08-13 13:32:05 [info     ] 	running step: prep_input      [Run3ModelGen.modelgen]
2024-08-13 13:32:05 [info     ] 	running step: SPheno          [Run3ModelGen.modelgen]
2024-08-13 13:32:05 [info     ] 	running step: softsusy        [Run3ModelGen.modelgen]
2024-08-13 13:32:05 [info     ] 	running step: micromegas      [Run3ModelGen.modelgen]
2024-08-13 13:32:06 [info     ] 	running step: superiso        [Run3ModelGen.modelgen]
2024-08-13 13:32:07 [info     ] 	running step: gm2calc         [Run3ModelGen.modelgen]
2024-08-13 13:32:07 [info     ] 	running step: evade           [Run3ModelGen.modelgen]
2024-08-13 13:32:07 [info     ] Generating Model: 1.slha (2/3) [Run3ModelGen.modelgen]
2024-08-13 13:32:07 [info     ] 	running step: prep_input      [Run3ModelGen.modelgen]
2024-08-13 13:32:07 [info     ] 	running step: SPheno          [Run3ModelGen.modelgen]
2024-08-13 13:32:07 [info     ] 	running step: softsusy        [Run3ModelGen.modelgen]
2024-08-13 13:32:07 [info     ] 	running step: micromegas      [Run3ModelGen.modelgen]
2024-08-13 13:32:07 [info     ] 	running step: superiso        [Run3ModelGen.modelgen]
2024-08-13 13:32:07 [info     ] 	running step: gm2calc         [Run3ModelGen.modelgen]
2024-08-13 13:32:07 [info     ] 	running step: evade           [Run3ModelGen.modelgen]
2024-08-13 13:32:07 [info     ] Generating Model: 2.slha (3/3) [Run3ModelGen.modelgen]
2024-08-13 13:32:07 [info     ] 	running step: prep_input      [Run3ModelGen.modelgen]
2024-08-13 13:32:07 [info     ] 	running step: SPheno          [Run3ModelGen.modelgen]
2024-08-13 13:32:08 [info     ] 	running step: softsusy        [Run3ModelGen.modelgen]
2024-08-13 13:32:08 [info     ] 	running step: micromegas      [Run3ModelGen.modelgen]
2024-08-13 13:32:08 [info     ] 	running step: superiso        [Run3ModelGen.modelgen]
2024-08-13 13:32:08 [info     ] 	running step: gm2calc         [Run3ModelGen.modelgen]
2024-08-13 13:32:08 [info     ] 	running step: evade           [Run3ModelGen.modelgen]
2024-08-13 13:32:08 [info     ] Finished generating models! Stats for successful generations (successful/attempted): [Run3ModelGen.modelgen]
2024-08-13 13:32:08 [info     ] 	prep_input: 3/3.              [Run3ModelGen.modelgen]
2024-08-13 13:32:08 [info     ] 	SPheno: 3/3.                  [Run3ModelGen.modelgen]
2024-08-13 13:32:08 [info     ] 	softsusy: 3/3.                [Run3ModelGen.modelgen]
2024-08-13 13:32:08 [info     ] 	micromegas: 3/3.              [Run3ModelGen.modelgen]
2024-08-13 13:32:08 [info     ] 	superiso: 3/3.                [Run3ModelGen.modelgen]
2024-08-13 13:32:08 [info     ] 	gm2calc: 3/3.                 [Run3ModelGen.modelgen]
2024-08-13 13:32:08 [info     ] 	evade: 0/3.                   [Run3ModelGen.modelgen]
2024-08-13 13:32:08 [info     ] Will make NTuple for: /u/dvoss/al_pmssmwithgp/Run3ModelGen/source/Run3ModelGen/scans/scan_7, with 3 models [Run3ModelGen.ntupling]
2024-08-13 13:32:08 [info     ] 	Filling values for model: 0   [Run3ModelGen.ntupling]
2024-08-13 13:32:08 [info     ] Saving NTuple in /u/dvoss/al_pmssmwithgp/Run3ModelGen/source/Run3ModelGen/scans/scan_7/ntuple.0.0.root ... [Run3ModelGen.ntupling]
Completed iteration 7
Starting iteration 8
Initial Training points:  tensor([0.5119, 0.8528, 0.5812], device='cuda:0') torch.Size([3])
Training points after adding:  tensor([0.5119, 0.8528, 0.5812, 0.0000, 0.2032, 0.1822, 0.0000, 0.1221, 0.0901,
        0.0240, 0.0010, 0.0851, 0.3373, 0.1702, 0.3323, 0.7207, 0.4835, 0.7437,
        0.0000, 0.0080, 0.0140, 0.0000, 0.5065, 0.1231], device='cuda:0') torch.Size([24])
These training_points are used in the GP tensor([0.5119, 0.8528, 0.5812, 0.0000, 0.2032, 0.1822, 0.0000, 0.1221, 0.0901,
        0.0240, 0.0010, 0.0851, 0.3373, 0.1702, 0.3323, 0.7207, 0.4835, 0.7437,
        0.0000, 0.0080, 0.0140, 0.0000, 0.5065, 0.1231], device='cuda:0')
points: {0, 3, 195}
new xs normalized:  tensor([0.0000, 0.0030, 0.1952], device='cuda:0')
Corresponding xs: tensor([-2000.0000, -1987.9880, -1219.2192], device='cuda:0')
Plot saved to /raven/u/dvoss/al_pmssmwithgp/model/plots/Iter8/gp_plot.png
YAML file has been created: /u/dvoss/al_pmssmwithgp/Run3ModelGen/source/Run3ModelGen/data/new_config.yaml
Note: detected 144 virtual cores but NumExpr set to maximum of 64, check "NUMEXPR_MAX_THREADS" environment variable.
Note: NumExpr detected 144 cores but "NUMEXPR_MAX_THREADS" not set, so enforcing safe limit of 8.
NumExpr defaulting to 8 threads.

  ___              ____ __  __          _       _   ___            
 | _ \ _  _  _ _  |__ /|  \/  | ___  __| | ___ | | / __| ___  _ _  
 |   /| || || ' \  |_ \| |\/| |/ _ \/ _` |/ -_)| || (_ |/ -_)| ' \ 
 |_|_\ \_,_||_||_||___/|_|  |_|\___/\__,_|\___||_| \___|\___||_||_|
                                                                   

2024-08-13 13:32:47 [info     ] Initialised ModelGenerator with: [Run3ModelGen.modelgen]
2024-08-13 13:32:47 [info     ] 	config_file = /u/dvoss/al_pmssmwithgp/Run3ModelGen/source/Run3ModelGen/data/new_config.yaml [Run3ModelGen.modelgen]
2024-08-13 13:32:47 [info     ] 	scan_dir = /u/dvoss/al_pmssmwithgp/Run3ModelGen/source/Run3ModelGen/scans/scan_8 [Run3ModelGen.modelgen]
2024-08-13 13:32:47 [info     ] 	rawfilen = /u/dvoss/al_pmssmwithgp/Run3ModelGen/source/Run3ModelGen/data/raw.slha [Run3ModelGen.modelgen]
2024-08-13 13:32:47 [info     ] 	seed = 123                    [Run3ModelGen.modelgen]
2024-08-13 13:32:47 [info     ] 	points = {}                   [Run3ModelGen.modelgen]
2024-08-13 13:32:47 [info     ] 	prior = fixed                 [Run3ModelGen.modelgen]
2024-08-13 13:32:47 [info     ] 	num_models = 3                [Run3ModelGen.modelgen]
2024-08-13 13:32:47 [info     ] 	isGMSB = False                [Run3ModelGen.modelgen]
2024-08-13 13:32:47 [info     ] 	parameters =                  [Run3ModelGen.modelgen]
2024-08-13 13:32:47 [info     ] 		tanb: [60, 60, 60]           [Run3ModelGen.modelgen]
2024-08-13 13:32:47 [info     ] 		M_1: [-2000.0, -1987.99, -1219.22] [Run3ModelGen.modelgen]
2024-08-13 13:32:47 [info     ] 		M_2: [2000, 2000, 2000]      [Run3ModelGen.modelgen]
2024-08-13 13:32:47 [info     ] 		M_3: [4000, 4000, 4000]      [Run3ModelGen.modelgen]
2024-08-13 13:32:47 [info     ] 		AT: [4000, 4000, 4000]       [Run3ModelGen.modelgen]
2024-08-13 13:32:47 [info     ] 		Ab: [2000, 2000, 2000]       [Run3ModelGen.modelgen]
2024-08-13 13:32:47 [info     ] 		Atau: [2000, 2000, 2000]     [Run3ModelGen.modelgen]
2024-08-13 13:32:47 [info     ] 		mu: [2000, 2000, 2000]       [Run3ModelGen.modelgen]
2024-08-13 13:32:47 [info     ] 		mA: [2000, 2000, 2000]       [Run3ModelGen.modelgen]
2024-08-13 13:32:47 [info     ] 		meL: [2000, 2000, 2000]      [Run3ModelGen.modelgen]
2024-08-13 13:32:47 [info     ] 		mtauL: [2000, 2000, 2000]    [Run3ModelGen.modelgen]
2024-08-13 13:32:47 [info     ] 		meR: [2000, 2000, 2000]      [Run3ModelGen.modelgen]
2024-08-13 13:32:47 [info     ] 		mtauR: [2000, 2000, 2000]    [Run3ModelGen.modelgen]
2024-08-13 13:32:47 [info     ] 		mqL1: [4000, 4000, 4000]     [Run3ModelGen.modelgen]
2024-08-13 13:32:47 [info     ] 		mqL3: [4000, 4000, 4000]     [Run3ModelGen.modelgen]
2024-08-13 13:32:47 [info     ] 		muR: [4000, 4000, 4000]      [Run3ModelGen.modelgen]
2024-08-13 13:32:47 [info     ] 		mtR: [4000, 4000, 4000]      [Run3ModelGen.modelgen]
2024-08-13 13:32:47 [info     ] 		mdR: [4000, 4000, 4000]      [Run3ModelGen.modelgen]
2024-08-13 13:32:47 [info     ] 		mbR: [4000, 4000, 4000]      [Run3ModelGen.modelgen]
2024-08-13 13:32:47 [info     ] 	steps =                       [Run3ModelGen.modelgen]
2024-08-13 13:32:47 [info     ] 		{'name': 'prep_input', 'output_dir': 'input', 'prefix': 'IN'} [Run3ModelGen.modelgen]
2024-08-13 13:32:47 [info     ] 		{'name': 'SPheno', 'input_dir': 'input', 'output_dir': 'SPheno', 'log_dir': 'SPheno_log', 'prefix': 'SP'} [Run3ModelGen.modelgen]
2024-08-13 13:32:47 [info     ] 		{'name': 'softsusy', 'input_dir': 'input', 'output_dir': 'softsusy', 'prefix': 'SS'} [Run3ModelGen.modelgen]
2024-08-13 13:32:47 [info     ] 		{'name': 'micromegas', 'input_dir': 'SPheno', 'output_dir': 'micromegas', 'prefix': 'MO'} [Run3ModelGen.modelgen]
2024-08-13 13:32:47 [info     ] 		{'name': 'superiso', 'input_dir': 'SPheno', 'output_dir': 'superiso', 'prefix': 'SI'} [Run3ModelGen.modelgen]
2024-08-13 13:32:47 [info     ] 		{'name': 'gm2calc', 'input_dir': 'SPheno', 'output_dir': 'gm2calc', 'prefix': 'GM2'} [Run3ModelGen.modelgen]
2024-08-13 13:32:47 [info     ] 		{'name': 'evade', 'input_dir': 'SPheno', 'output_dir': 'evade', 'prefix': 'EV'} [Run3ModelGen.modelgen]
2024-08-13 13:32:47 [info     ] Starting Model Generation...   [Run3ModelGen.modelgen]
2024-08-13 13:32:47 [info     ] Setting up output directories for scan [Run3ModelGen.modelgen]
2024-08-13 13:32:47 [info     ] Generating Model: 0.slha (1/3) [Run3ModelGen.modelgen]
2024-08-13 13:32:47 [info     ] 	running step: prep_input      [Run3ModelGen.modelgen]
2024-08-13 13:32:47 [info     ] 	running step: SPheno          [Run3ModelGen.modelgen]
2024-08-13 13:32:47 [info     ] 	running step: softsusy        [Run3ModelGen.modelgen]
2024-08-13 13:32:48 [info     ] 	running step: micromegas      [Run3ModelGen.modelgen]
2024-08-13 13:32:49 [info     ] 	running step: superiso        [Run3ModelGen.modelgen]
2024-08-13 13:32:49 [info     ] 	running step: gm2calc         [Run3ModelGen.modelgen]
2024-08-13 13:32:49 [info     ] 	running step: evade           [Run3ModelGen.modelgen]
2024-08-13 13:32:49 [info     ] Generating Model: 1.slha (2/3) [Run3ModelGen.modelgen]
2024-08-13 13:32:49 [info     ] 	running step: prep_input      [Run3ModelGen.modelgen]
2024-08-13 13:32:49 [info     ] 	running step: SPheno          [Run3ModelGen.modelgen]
2024-08-13 13:32:49 [info     ] 	running step: softsusy        [Run3ModelGen.modelgen]
2024-08-13 13:32:49 [info     ] 	running step: micromegas      [Run3ModelGen.modelgen]
2024-08-13 13:32:51 [info     ] 	running step: superiso        [Run3ModelGen.modelgen]
2024-08-13 13:32:51 [info     ] 	running step: gm2calc         [Run3ModelGen.modelgen]
2024-08-13 13:32:51 [info     ] 	running step: evade           [Run3ModelGen.modelgen]
2024-08-13 13:32:51 [info     ] Generating Model: 2.slha (3/3) [Run3ModelGen.modelgen]
2024-08-13 13:32:51 [info     ] 	running step: prep_input      [Run3ModelGen.modelgen]
2024-08-13 13:32:51 [info     ] 	running step: SPheno          [Run3ModelGen.modelgen]
2024-08-13 13:32:51 [info     ] 	running step: softsusy        [Run3ModelGen.modelgen]
2024-08-13 13:32:51 [info     ] 	running step: micromegas      [Run3ModelGen.modelgen]
2024-08-13 13:32:51 [info     ] 	running step: superiso        [Run3ModelGen.modelgen]
2024-08-13 13:32:51 [info     ] 	running step: gm2calc         [Run3ModelGen.modelgen]
2024-08-13 13:32:51 [info     ] 	running step: evade           [Run3ModelGen.modelgen]
2024-08-13 13:32:51 [info     ] Finished generating models! Stats for successful generations (successful/attempted): [Run3ModelGen.modelgen]
2024-08-13 13:32:51 [info     ] 	prep_input: 3/3.              [Run3ModelGen.modelgen]
2024-08-13 13:32:51 [info     ] 	SPheno: 3/3.                  [Run3ModelGen.modelgen]
2024-08-13 13:32:51 [info     ] 	softsusy: 3/3.                [Run3ModelGen.modelgen]
2024-08-13 13:32:51 [info     ] 	micromegas: 3/3.              [Run3ModelGen.modelgen]
2024-08-13 13:32:51 [info     ] 	superiso: 3/3.                [Run3ModelGen.modelgen]
2024-08-13 13:32:51 [info     ] 	gm2calc: 3/3.                 [Run3ModelGen.modelgen]
2024-08-13 13:32:51 [info     ] 	evade: 0/3.                   [Run3ModelGen.modelgen]
2024-08-13 13:32:51 [info     ] Will make NTuple for: /u/dvoss/al_pmssmwithgp/Run3ModelGen/source/Run3ModelGen/scans/scan_8, with 3 models [Run3ModelGen.ntupling]
2024-08-13 13:32:51 [info     ] 	Filling values for model: 0   [Run3ModelGen.ntupling]
2024-08-13 13:32:52 [info     ] Saving NTuple in /u/dvoss/al_pmssmwithgp/Run3ModelGen/source/Run3ModelGen/scans/scan_8/ntuple.0.0.root ... [Run3ModelGen.ntupling]
Completed iteration 8
Starting iteration 9
Initial Training points:  tensor([0.5119, 0.8528, 0.5812], device='cuda:0') torch.Size([3])
Training points after adding:  tensor([0.5119, 0.8528, 0.5812, 0.0000, 0.2032, 0.1822, 0.0000, 0.1221, 0.0901,
        0.0240, 0.0010, 0.0851, 0.3373, 0.1702, 0.3323, 0.7207, 0.4835, 0.7437,
        0.0000, 0.0080, 0.0140, 0.0000, 0.5065, 0.1231, 0.0000, 0.0030, 0.1952],
       device='cuda:0') torch.Size([27])
These training_points are used in the GP tensor([0.5119, 0.8528, 0.5812, 0.0000, 0.2032, 0.1822, 0.0000, 0.1221, 0.0901,
        0.0240, 0.0010, 0.0851, 0.3373, 0.1702, 0.3323, 0.7207, 0.4835, 0.7437,
        0.0000, 0.0080, 0.0140, 0.0000, 0.5065, 0.1231, 0.0000, 0.0030, 0.1952],
       device='cuda:0')
points: {0, 911}
new xs normalized:  tensor([0.0000, 0.9119], device='cuda:0')
Corresponding xs: tensor([-2000.0000,  1647.6477], device='cuda:0')
Plot saved to /raven/u/dvoss/al_pmssmwithgp/model/plots/Iter9/gp_plot.png
YAML file has been created: /u/dvoss/al_pmssmwithgp/Run3ModelGen/source/Run3ModelGen/data/new_config.yaml
Note: detected 144 virtual cores but NumExpr set to maximum of 64, check "NUMEXPR_MAX_THREADS" environment variable.
Note: NumExpr detected 144 cores but "NUMEXPR_MAX_THREADS" not set, so enforcing safe limit of 8.
NumExpr defaulting to 8 threads.

  ___              ____ __  __          _       _   ___            
 | _ \ _  _  _ _  |__ /|  \/  | ___  __| | ___ | | / __| ___  _ _  
 |   /| || || ' \  |_ \| |\/| |/ _ \/ _` |/ -_)| || (_ |/ -_)| ' \ 
 |_|_\ \_,_||_||_||___/|_|  |_|\___/\__,_|\___||_| \___|\___||_||_|
                                                                   

2024-08-13 13:33:30 [info     ] Initialised ModelGenerator with: [Run3ModelGen.modelgen]
2024-08-13 13:33:30 [info     ] 	config_file = /u/dvoss/al_pmssmwithgp/Run3ModelGen/source/Run3ModelGen/data/new_config.yaml [Run3ModelGen.modelgen]
2024-08-13 13:33:30 [info     ] 	scan_dir = /u/dvoss/al_pmssmwithgp/Run3ModelGen/source/Run3ModelGen/scans/scan_9 [Run3ModelGen.modelgen]
2024-08-13 13:33:30 [info     ] 	rawfilen = /u/dvoss/al_pmssmwithgp/Run3ModelGen/source/Run3ModelGen/data/raw.slha [Run3ModelGen.modelgen]
2024-08-13 13:33:30 [info     ] 	seed = 123                    [Run3ModelGen.modelgen]
2024-08-13 13:33:30 [info     ] 	points = {}                   [Run3ModelGen.modelgen]
2024-08-13 13:33:30 [info     ] 	prior = fixed                 [Run3ModelGen.modelgen]
2024-08-13 13:33:30 [info     ] 	num_models = 2                [Run3ModelGen.modelgen]
2024-08-13 13:33:30 [info     ] 	isGMSB = False                [Run3ModelGen.modelgen]
2024-08-13 13:33:30 [info     ] 	parameters =                  [Run3ModelGen.modelgen]
2024-08-13 13:33:30 [info     ] 		tanb: [60, 60]               [Run3ModelGen.modelgen]
2024-08-13 13:33:30 [info     ] 		M_1: [-2000.0, 1647.65]      [Run3ModelGen.modelgen]
2024-08-13 13:33:30 [info     ] 		M_2: [2000, 2000]            [Run3ModelGen.modelgen]
2024-08-13 13:33:30 [info     ] 		M_3: [4000, 4000]            [Run3ModelGen.modelgen]
2024-08-13 13:33:30 [info     ] 		AT: [4000, 4000]             [Run3ModelGen.modelgen]
2024-08-13 13:33:30 [info     ] 		Ab: [2000, 2000]             [Run3ModelGen.modelgen]
2024-08-13 13:33:30 [info     ] 		Atau: [2000, 2000]           [Run3ModelGen.modelgen]
2024-08-13 13:33:30 [info     ] 		mu: [2000, 2000]             [Run3ModelGen.modelgen]
2024-08-13 13:33:30 [info     ] 		mA: [2000, 2000]             [Run3ModelGen.modelgen]
2024-08-13 13:33:30 [info     ] 		meL: [2000, 2000]            [Run3ModelGen.modelgen]
2024-08-13 13:33:30 [info     ] 		mtauL: [2000, 2000]          [Run3ModelGen.modelgen]
2024-08-13 13:33:30 [info     ] 		meR: [2000, 2000]            [Run3ModelGen.modelgen]
2024-08-13 13:33:30 [info     ] 		mtauR: [2000, 2000]          [Run3ModelGen.modelgen]
2024-08-13 13:33:30 [info     ] 		mqL1: [4000, 4000]           [Run3ModelGen.modelgen]
2024-08-13 13:33:30 [info     ] 		mqL3: [4000, 4000]           [Run3ModelGen.modelgen]
2024-08-13 13:33:30 [info     ] 		muR: [4000, 4000]            [Run3ModelGen.modelgen]
2024-08-13 13:33:30 [info     ] 		mtR: [4000, 4000]            [Run3ModelGen.modelgen]
2024-08-13 13:33:30 [info     ] 		mdR: [4000, 4000]            [Run3ModelGen.modelgen]
2024-08-13 13:33:30 [info     ] 		mbR: [4000, 4000]            [Run3ModelGen.modelgen]
2024-08-13 13:33:30 [info     ] 	steps =                       [Run3ModelGen.modelgen]
2024-08-13 13:33:30 [info     ] 		{'name': 'prep_input', 'output_dir': 'input', 'prefix': 'IN'} [Run3ModelGen.modelgen]
2024-08-13 13:33:30 [info     ] 		{'name': 'SPheno', 'input_dir': 'input', 'output_dir': 'SPheno', 'log_dir': 'SPheno_log', 'prefix': 'SP'} [Run3ModelGen.modelgen]
2024-08-13 13:33:30 [info     ] 		{'name': 'softsusy', 'input_dir': 'input', 'output_dir': 'softsusy', 'prefix': 'SS'} [Run3ModelGen.modelgen]
2024-08-13 13:33:30 [info     ] 		{'name': 'micromegas', 'input_dir': 'SPheno', 'output_dir': 'micromegas', 'prefix': 'MO'} [Run3ModelGen.modelgen]
2024-08-13 13:33:30 [info     ] 		{'name': 'superiso', 'input_dir': 'SPheno', 'output_dir': 'superiso', 'prefix': 'SI'} [Run3ModelGen.modelgen]
2024-08-13 13:33:30 [info     ] 		{'name': 'gm2calc', 'input_dir': 'SPheno', 'output_dir': 'gm2calc', 'prefix': 'GM2'} [Run3ModelGen.modelgen]
2024-08-13 13:33:30 [info     ] 		{'name': 'evade', 'input_dir': 'SPheno', 'output_dir': 'evade', 'prefix': 'EV'} [Run3ModelGen.modelgen]
2024-08-13 13:33:30 [info     ] Starting Model Generation...   [Run3ModelGen.modelgen]
2024-08-13 13:33:30 [info     ] Setting up output directories for scan [Run3ModelGen.modelgen]
2024-08-13 13:33:30 [info     ] Generating Model: 0.slha (1/2) [Run3ModelGen.modelgen]
2024-08-13 13:33:30 [info     ] 	running step: prep_input      [Run3ModelGen.modelgen]
2024-08-13 13:33:30 [info     ] 	running step: SPheno          [Run3ModelGen.modelgen]
2024-08-13 13:33:30 [info     ] 	running step: softsusy        [Run3ModelGen.modelgen]
2024-08-13 13:33:30 [info     ] 	running step: micromegas      [Run3ModelGen.modelgen]
2024-08-13 13:33:32 [info     ] 	running step: superiso        [Run3ModelGen.modelgen]
2024-08-13 13:33:32 [info     ] 	running step: gm2calc         [Run3ModelGen.modelgen]
2024-08-13 13:33:32 [info     ] 	running step: evade           [Run3ModelGen.modelgen]
2024-08-13 13:33:32 [info     ] Generating Model: 1.slha (2/2) [Run3ModelGen.modelgen]
2024-08-13 13:33:32 [info     ] 	running step: prep_input      [Run3ModelGen.modelgen]
2024-08-13 13:33:32 [info     ] 	running step: SPheno          [Run3ModelGen.modelgen]
2024-08-13 13:33:32 [info     ] 	running step: softsusy        [Run3ModelGen.modelgen]
2024-08-13 13:33:32 [info     ] 	running step: micromegas      [Run3ModelGen.modelgen]
2024-08-13 13:33:33 [info     ] 	running step: superiso        [Run3ModelGen.modelgen]
2024-08-13 13:33:33 [info     ] 	running step: gm2calc         [Run3ModelGen.modelgen]
2024-08-13 13:33:33 [info     ] 	running step: evade           [Run3ModelGen.modelgen]
2024-08-13 13:33:33 [info     ] Finished generating models! Stats for successful generations (successful/attempted): [Run3ModelGen.modelgen]
2024-08-13 13:33:33 [info     ] 	prep_input: 2/2.              [Run3ModelGen.modelgen]
2024-08-13 13:33:33 [info     ] 	SPheno: 2/2.                  [Run3ModelGen.modelgen]
2024-08-13 13:33:33 [info     ] 	softsusy: 2/2.                [Run3ModelGen.modelgen]
2024-08-13 13:33:33 [info     ] 	micromegas: 2/2.              [Run3ModelGen.modelgen]
2024-08-13 13:33:33 [info     ] 	superiso: 2/2.                [Run3ModelGen.modelgen]
2024-08-13 13:33:33 [info     ] 	gm2calc: 2/2.                 [Run3ModelGen.modelgen]
2024-08-13 13:33:33 [info     ] 	evade: 0/2.                   [Run3ModelGen.modelgen]
2024-08-13 13:33:33 [info     ] Will make NTuple for: /u/dvoss/al_pmssmwithgp/Run3ModelGen/source/Run3ModelGen/scans/scan_9, with 2 models [Run3ModelGen.ntupling]
2024-08-13 13:33:33 [info     ] 	Filling values for model: 0   [Run3ModelGen.ntupling]
2024-08-13 13:33:33 [info     ] Saving NTuple in /u/dvoss/al_pmssmwithgp/Run3ModelGen/source/Run3ModelGen/scans/scan_9/ntuple.0.0.root ... [Run3ModelGen.ntupling]
Completed iteration 9
Starting iteration 10
Initial Training points:  tensor([0.5119, 0.8528, 0.5812], device='cuda:0') torch.Size([3])
Training points after adding:  tensor([0.5119, 0.8528, 0.5812, 0.0000, 0.2032, 0.1822, 0.0000, 0.1221, 0.0901,
        0.0240, 0.0010, 0.0851, 0.3373, 0.1702, 0.3323, 0.7207, 0.4835, 0.7437,
        0.0000, 0.0080, 0.0140, 0.0000, 0.5065, 0.1231, 0.0000, 0.0030, 0.1952,
        0.0000, 0.9119], device='cuda:0') torch.Size([29])
These training_points are used in the GP tensor([0.5119, 0.8528, 0.5812, 0.0000, 0.2032, 0.1822, 0.0000, 0.1221, 0.0901,
        0.0240, 0.0010, 0.0851, 0.3373, 0.1702, 0.3323, 0.7207, 0.4835, 0.7437,
        0.0000, 0.0080, 0.0140, 0.0000, 0.5065, 0.1231, 0.0000, 0.0030, 0.1952,
        0.0000, 0.9119], device='cuda:0')
points: {0, 3, 37}
new xs normalized:  tensor([0.0000, 0.0030, 0.0370], device='cuda:0')
Corresponding xs: tensor([-2000.0000, -1987.9880, -1851.8518], device='cuda:0')
Plot saved to /raven/u/dvoss/al_pmssmwithgp/model/plots/Iter10/gp_plot.png
YAML file has been created: /u/dvoss/al_pmssmwithgp/Run3ModelGen/source/Run3ModelGen/data/new_config.yaml
Note: detected 144 virtual cores but NumExpr set to maximum of 64, check "NUMEXPR_MAX_THREADS" environment variable.
Note: NumExpr detected 144 cores but "NUMEXPR_MAX_THREADS" not set, so enforcing safe limit of 8.
NumExpr defaulting to 8 threads.

  ___              ____ __  __          _       _   ___            
 | _ \ _  _  _ _  |__ /|  \/  | ___  __| | ___ | | / __| ___  _ _  
 |   /| || || ' \  |_ \| |\/| |/ _ \/ _` |/ -_)| || (_ |/ -_)| ' \ 
 |_|_\ \_,_||_||_||___/|_|  |_|\___/\__,_|\___||_| \___|\___||_||_|
                                                                   

2024-08-13 13:34:12 [info     ] Initialised ModelGenerator with: [Run3ModelGen.modelgen]
2024-08-13 13:34:12 [info     ] 	config_file = /u/dvoss/al_pmssmwithgp/Run3ModelGen/source/Run3ModelGen/data/new_config.yaml [Run3ModelGen.modelgen]
2024-08-13 13:34:12 [info     ] 	scan_dir = /u/dvoss/al_pmssmwithgp/Run3ModelGen/source/Run3ModelGen/scans/scan_10 [Run3ModelGen.modelgen]
2024-08-13 13:34:12 [info     ] 	rawfilen = /u/dvoss/al_pmssmwithgp/Run3ModelGen/source/Run3ModelGen/data/raw.slha [Run3ModelGen.modelgen]
2024-08-13 13:34:12 [info     ] 	seed = 123                    [Run3ModelGen.modelgen]
2024-08-13 13:34:12 [info     ] 	points = {}                   [Run3ModelGen.modelgen]
2024-08-13 13:34:12 [info     ] 	prior = fixed                 [Run3ModelGen.modelgen]
2024-08-13 13:34:12 [info     ] 	num_models = 3                [Run3ModelGen.modelgen]
2024-08-13 13:34:12 [info     ] 	isGMSB = False                [Run3ModelGen.modelgen]
2024-08-13 13:34:12 [info     ] 	parameters =                  [Run3ModelGen.modelgen]
2024-08-13 13:34:12 [info     ] 		tanb: [60, 60, 60]           [Run3ModelGen.modelgen]
2024-08-13 13:34:12 [info     ] 		M_1: [-2000.0, -1987.99, -1851.85] [Run3ModelGen.modelgen]
2024-08-13 13:34:12 [info     ] 		M_2: [2000, 2000, 2000]      [Run3ModelGen.modelgen]
2024-08-13 13:34:12 [info     ] 		M_3: [4000, 4000, 4000]      [Run3ModelGen.modelgen]
2024-08-13 13:34:12 [info     ] 		AT: [4000, 4000, 4000]       [Run3ModelGen.modelgen]
2024-08-13 13:34:12 [info     ] 		Ab: [2000, 2000, 2000]       [Run3ModelGen.modelgen]
2024-08-13 13:34:12 [info     ] 		Atau: [2000, 2000, 2000]     [Run3ModelGen.modelgen]
2024-08-13 13:34:12 [info     ] 		mu: [2000, 2000, 2000]       [Run3ModelGen.modelgen]
2024-08-13 13:34:12 [info     ] 		mA: [2000, 2000, 2000]       [Run3ModelGen.modelgen]
2024-08-13 13:34:12 [info     ] 		meL: [2000, 2000, 2000]      [Run3ModelGen.modelgen]
2024-08-13 13:34:12 [info     ] 		mtauL: [2000, 2000, 2000]    [Run3ModelGen.modelgen]
2024-08-13 13:34:12 [info     ] 		meR: [2000, 2000, 2000]      [Run3ModelGen.modelgen]
2024-08-13 13:34:12 [info     ] 		mtauR: [2000, 2000, 2000]    [Run3ModelGen.modelgen]
2024-08-13 13:34:12 [info     ] 		mqL1: [4000, 4000, 4000]     [Run3ModelGen.modelgen]
2024-08-13 13:34:12 [info     ] 		mqL3: [4000, 4000, 4000]     [Run3ModelGen.modelgen]
2024-08-13 13:34:12 [info     ] 		muR: [4000, 4000, 4000]      [Run3ModelGen.modelgen]
2024-08-13 13:34:12 [info     ] 		mtR: [4000, 4000, 4000]      [Run3ModelGen.modelgen]
2024-08-13 13:34:12 [info     ] 		mdR: [4000, 4000, 4000]      [Run3ModelGen.modelgen]
2024-08-13 13:34:12 [info     ] 		mbR: [4000, 4000, 4000]      [Run3ModelGen.modelgen]
2024-08-13 13:34:12 [info     ] 	steps =                       [Run3ModelGen.modelgen]
2024-08-13 13:34:12 [info     ] 		{'name': 'prep_input', 'output_dir': 'input', 'prefix': 'IN'} [Run3ModelGen.modelgen]
2024-08-13 13:34:12 [info     ] 		{'name': 'SPheno', 'input_dir': 'input', 'output_dir': 'SPheno', 'log_dir': 'SPheno_log', 'prefix': 'SP'} [Run3ModelGen.modelgen]
2024-08-13 13:34:12 [info     ] 		{'name': 'softsusy', 'input_dir': 'input', 'output_dir': 'softsusy', 'prefix': 'SS'} [Run3ModelGen.modelgen]
2024-08-13 13:34:12 [info     ] 		{'name': 'micromegas', 'input_dir': 'SPheno', 'output_dir': 'micromegas', 'prefix': 'MO'} [Run3ModelGen.modelgen]
2024-08-13 13:34:12 [info     ] 		{'name': 'superiso', 'input_dir': 'SPheno', 'output_dir': 'superiso', 'prefix': 'SI'} [Run3ModelGen.modelgen]
2024-08-13 13:34:12 [info     ] 		{'name': 'gm2calc', 'input_dir': 'SPheno', 'output_dir': 'gm2calc', 'prefix': 'GM2'} [Run3ModelGen.modelgen]
2024-08-13 13:34:12 [info     ] 		{'name': 'evade', 'input_dir': 'SPheno', 'output_dir': 'evade', 'prefix': 'EV'} [Run3ModelGen.modelgen]
2024-08-13 13:34:12 [info     ] Starting Model Generation...   [Run3ModelGen.modelgen]
2024-08-13 13:34:12 [info     ] Setting up output directories for scan [Run3ModelGen.modelgen]
2024-08-13 13:34:12 [info     ] Generating Model: 0.slha (1/3) [Run3ModelGen.modelgen]
2024-08-13 13:34:12 [info     ] 	running step: prep_input      [Run3ModelGen.modelgen]
2024-08-13 13:34:12 [info     ] 	running step: SPheno          [Run3ModelGen.modelgen]
2024-08-13 13:34:12 [info     ] 	running step: softsusy        [Run3ModelGen.modelgen]
2024-08-13 13:34:12 [info     ] 	running step: micromegas      [Run3ModelGen.modelgen]
2024-08-13 13:34:14 [info     ] 	running step: superiso        [Run3ModelGen.modelgen]
2024-08-13 13:34:14 [info     ] 	running step: gm2calc         [Run3ModelGen.modelgen]
2024-08-13 13:34:14 [info     ] 	running step: evade           [Run3ModelGen.modelgen]
2024-08-13 13:34:14 [info     ] Generating Model: 1.slha (2/3) [Run3ModelGen.modelgen]
2024-08-13 13:34:14 [info     ] 	running step: prep_input      [Run3ModelGen.modelgen]
2024-08-13 13:34:14 [info     ] 	running step: SPheno          [Run3ModelGen.modelgen]
2024-08-13 13:34:14 [info     ] 	running step: softsusy        [Run3ModelGen.modelgen]
2024-08-13 13:34:14 [info     ] 	running step: micromegas      [Run3ModelGen.modelgen]
2024-08-13 13:34:15 [info     ] 	running step: superiso        [Run3ModelGen.modelgen]
2024-08-13 13:34:16 [info     ] 	running step: gm2calc         [Run3ModelGen.modelgen]
2024-08-13 13:34:16 [info     ] 	running step: evade           [Run3ModelGen.modelgen]
2024-08-13 13:34:16 [info     ] Generating Model: 2.slha (3/3) [Run3ModelGen.modelgen]
2024-08-13 13:34:16 [info     ] 	running step: prep_input      [Run3ModelGen.modelgen]
2024-08-13 13:34:16 [info     ] 	running step: SPheno          [Run3ModelGen.modelgen]
2024-08-13 13:34:16 [info     ] 	running step: softsusy        [Run3ModelGen.modelgen]
2024-08-13 13:34:16 [info     ] 	running step: micromegas      [Run3ModelGen.modelgen]
2024-08-13 13:34:17 [info     ] 	running step: superiso        [Run3ModelGen.modelgen]
2024-08-13 13:34:17 [info     ] 	running step: gm2calc         [Run3ModelGen.modelgen]
2024-08-13 13:34:17 [info     ] 	running step: evade           [Run3ModelGen.modelgen]
2024-08-13 13:34:17 [info     ] Finished generating models! Stats for successful generations (successful/attempted): [Run3ModelGen.modelgen]
2024-08-13 13:34:17 [info     ] 	prep_input: 3/3.              [Run3ModelGen.modelgen]
2024-08-13 13:34:17 [info     ] 	SPheno: 3/3.                  [Run3ModelGen.modelgen]
2024-08-13 13:34:17 [info     ] 	softsusy: 3/3.                [Run3ModelGen.modelgen]
2024-08-13 13:34:17 [info     ] 	micromegas: 3/3.              [Run3ModelGen.modelgen]
2024-08-13 13:34:17 [info     ] 	superiso: 3/3.                [Run3ModelGen.modelgen]
2024-08-13 13:34:17 [info     ] 	gm2calc: 3/3.                 [Run3ModelGen.modelgen]
2024-08-13 13:34:17 [info     ] 	evade: 0/3.                   [Run3ModelGen.modelgen]
2024-08-13 13:34:17 [info     ] Will make NTuple for: /u/dvoss/al_pmssmwithgp/Run3ModelGen/source/Run3ModelGen/scans/scan_10, with 3 models [Run3ModelGen.ntupling]
2024-08-13 13:34:17 [info     ] 	Filling values for model: 0   [Run3ModelGen.ntupling]
2024-08-13 13:34:17 [info     ] Saving NTuple in /u/dvoss/al_pmssmwithgp/Run3ModelGen/source/Run3ModelGen/scans/scan_10/ntuple.0.0.root ... [Run3ModelGen.ntupling]
Completed iteration 10
All iterations completed.
                                  
================================= 
Global information about the job: 
================================= 
  
Job owner: dvoss(54815)
Job name:  test
Node list: ravg1017
Job start: Tue Aug 13 13:26:06 CEST 2024
Job end:   Tue Aug 13 13:34:23 CEST 2024
Work dir:  /raven/u/dvoss/al_pmssmwithgp/model
Command:   /raven/u/dvoss/al_pmssmwithgp/model/slurm/single_job.sbatch
  
  
  
==========================================================================================
Information on jobsteps (Note: MaxRSS/AveRSS is the maximum/average over all 
tasks of the per-task memory high-water marks; cf. "man sacct"): 
==========================================================================================
  
JobID            JobName NNodes NTasks  NCPUS       MaxRSS       AveRSS    Elapsed ExitCode
------------- ---------- ------ ------ ------ ------------ ------------ ---------- --------
12333028            test      1             4                             00:08:17      0:0
12333028.0        job.sh      1      1      4     2413.06M     2413.06M   00:07:55      0:0
  
Maximum memory per node: 2.530277 GB (defined as MaxRSS*Ntasks/NNodes)
CPU utilization: 18.6 %
  
