Defaulting to user installation because normal site-packages is not writeable
Requirement already satisfied: uproot in /raven/u/dvoss/.local/lib/python3.9/site-packages (5.3.10)
Requirement already satisfied: packaging in /raven/u/system/soft/SLE_15/packages/x86_64/anaconda/3/2021.11/lib/python3.9/site-packages (from uproot) (21.0)
Requirement already satisfied: fsspec in /raven/u/dvoss/.local/lib/python3.9/site-packages (from uproot) (2024.6.1)
Requirement already satisfied: typing-extensions>=4.1.0 in /raven/u/dvoss/.local/lib/python3.9/site-packages (from uproot) (4.12.2)
Requirement already satisfied: cramjam>=2.5.0 in /raven/u/dvoss/.local/lib/python3.9/site-packages (from uproot) (2.8.3)
Requirement already satisfied: awkward>=2.4.6 in /raven/u/dvoss/.local/lib/python3.9/site-packages (from uproot) (2.6.6)
Requirement already satisfied: numpy in /raven/u/dvoss/.local/lib/python3.9/site-packages (from uproot) (1.22.4)
Requirement already satisfied: importlib-metadata>=4.13.0 in /raven/u/dvoss/.local/lib/python3.9/site-packages (from awkward>=2.4.6->uproot) (8.0.0)
Requirement already satisfied: awkward-cpp==35 in /raven/u/dvoss/.local/lib/python3.9/site-packages (from awkward>=2.4.6->uproot) (35)
Requirement already satisfied: zipp>=0.5 in /raven/u/system/soft/SLE_15/packages/x86_64/anaconda/3/2021.11/lib/python3.9/site-packages (from importlib-metadata>=4.13.0->awkward>=2.4.6->uproot) (3.6.0)
Requirement already satisfied: pyparsing>=2.0.2 in /raven/u/system/soft/SLE_15/packages/x86_64/anaconda/3/2021.11/lib/python3.9/site-packages (from packaging->uproot) (3.0.4)
Defaulting to user installation because normal site-packages is not writeable
Collecting argparse
  Using cached argparse-1.4.0-py2.py3-none-any.whl (23 kB)
Installing collected packages: argparse
Successfully installed argparse-1.4.0
Defaulting to user installation because normal site-packages is not writeable
Requirement already satisfied: pyslha in /raven/u/dvoss/.local/lib/python3.9/site-packages (3.2.6)
Requirement already satisfied: tex2pix>=0.1.5 in /raven/u/dvoss/.local/lib/python3.9/site-packages (from pyslha) (0.3.1)
Defaulting to user installation because normal site-packages is not writeable
Requirement already satisfied: structlog in /raven/u/dvoss/.local/lib/python3.9/site-packages (24.4.0)
Defaulting to user installation because normal site-packages is not writeable
Requirement already satisfied: imageio[ffmpeg] in /raven/u/system/soft/SLE_15/packages/x86_64/anaconda/3/2021.11/lib/python3.9/site-packages (2.9.0)
Requirement already satisfied: Pillow in /raven/u/system/soft/SLE_15/packages/x86_64/anaconda/3/2021.11/lib/python3.9/site-packages (8.4.0)
Requirement already satisfied: numpy in /raven/u/dvoss/.local/lib/python3.9/site-packages (from imageio[ffmpeg]) (1.22.4)
Requirement already satisfied: imageio-ffmpeg in /raven/u/dvoss/.local/lib/python3.9/site-packages (from imageio[ffmpeg]) (0.5.1)
Requirement already satisfied: setuptools in /raven/u/system/soft/SLE_15/packages/x86_64/anaconda/3/2021.11/lib/python3.9/site-packages (from imageio-ffmpeg->imageio[ffmpeg]) (58.0.4)
Defaulting to user installation because normal site-packages is not writeable
Requirement already satisfied: seaborn in /raven/u/system/soft/SLE_15/packages/x86_64/anaconda/3/2021.11/lib/python3.9/site-packages (0.11.2)
Requirement already satisfied: pandas>=0.23 in /raven/u/system/soft/SLE_15/packages/x86_64/anaconda/3/2021.11/lib/python3.9/site-packages (from seaborn) (1.3.4)
Requirement already satisfied: scipy>=1.0 in /raven/u/system/soft/SLE_15/packages/x86_64/anaconda/3/2021.11/lib/python3.9/site-packages (from seaborn) (1.7.1)
Requirement already satisfied: matplotlib>=2.2 in /raven/u/system/soft/SLE_15/packages/x86_64/anaconda/3/2021.11/lib/python3.9/site-packages (from seaborn) (3.4.3)
Requirement already satisfied: numpy>=1.15 in /raven/u/dvoss/.local/lib/python3.9/site-packages (from seaborn) (1.22.4)
Requirement already satisfied: python-dateutil>=2.7 in /raven/u/system/soft/SLE_15/packages/x86_64/anaconda/3/2021.11/lib/python3.9/site-packages (from matplotlib>=2.2->seaborn) (2.8.2)
Requirement already satisfied: pyparsing>=2.2.1 in /raven/u/system/soft/SLE_15/packages/x86_64/anaconda/3/2021.11/lib/python3.9/site-packages (from matplotlib>=2.2->seaborn) (3.0.4)
Requirement already satisfied: pillow>=6.2.0 in /raven/u/system/soft/SLE_15/packages/x86_64/anaconda/3/2021.11/lib/python3.9/site-packages (from matplotlib>=2.2->seaborn) (8.4.0)
Requirement already satisfied: kiwisolver>=1.0.1 in /raven/u/system/soft/SLE_15/packages/x86_64/anaconda/3/2021.11/lib/python3.9/site-packages (from matplotlib>=2.2->seaborn) (1.3.1)
Requirement already satisfied: cycler>=0.10 in /raven/u/system/soft/SLE_15/packages/x86_64/anaconda/3/2021.11/lib/python3.9/site-packages (from matplotlib>=2.2->seaborn) (0.10.0)
Requirement already satisfied: six in /raven/u/system/soft/SLE_15/packages/x86_64/anaconda/3/2021.11/lib/python3.9/site-packages (from cycler>=0.10->matplotlib>=2.2->seaborn) (1.16.0)
Requirement already satisfied: pytz>=2017.3 in /raven/u/system/soft/SLE_15/packages/x86_64/anaconda/3/2021.11/lib/python3.9/site-packages (from pandas>=0.23->seaborn) (2021.3)
Defaulting to user installation because normal site-packages is not writeable
Defaulting to user installation because normal site-packages is not writeable
Starting iteration 1
Initial Training points:  tensor([[0.6631, 0.0865],
        [0.8398, 0.5842],
        [0.8237, 0.4728],
        [0.3676, 0.7026],
        [0.1756, 0.4616],
        [0.1127, 0.9110],
        [0.6776, 0.0331],
        [0.9555, 0.7512],
        [0.9641, 0.5012],
        [0.3530, 0.2906],
        [0.3666, 0.0907],
        [0.5460, 0.4240],
        [0.4971, 0.3577],
        [0.1845, 0.9597],
        [0.9084, 0.2922],
        [0.0462, 0.7663],
        [0.1492, 0.2614],
        [0.0920, 0.2487],
        [0.1260, 0.4445],
        [0.4747, 0.0589],
        [0.1098, 0.7458],
        [0.1437, 0.7837],
        [0.3070, 0.5136],
        [0.5439, 0.5489],
        [0.7350, 0.6087],
        [0.7765, 0.7283],
        [0.3960, 0.5960],
        [0.0663, 0.0840],
        [0.2658, 0.1010],
        [0.1247, 0.3074],
        [0.7562, 0.8692],
        [0.8281, 0.7606],
        [0.9008, 0.8302],
        [0.8744, 0.7158],
        [0.2963, 0.1350],
        [0.4991, 0.9019],
        [0.5491, 0.9902],
        [0.7243, 0.1442],
        [0.7696, 0.9206],
        [0.4382, 0.6811],
        [0.2842, 0.3205],
        [0.2733, 0.0014],
        [0.5495, 0.5581],
        [0.7504, 0.9564],
        [0.9761, 0.1821],
        [0.5737, 0.8822],
        [0.2062, 0.2289],
        [0.8215, 0.9933],
        [0.6355, 0.0012],
        [0.3472, 0.8488],
        [0.8955, 0.7713],
        [0.6205, 0.6826],
        [0.6371, 0.6785],
        [0.1316, 0.1596],
        [0.7851, 0.5387],
        [0.9249, 0.3557],
        [0.9450, 0.5743],
        [0.0024, 0.8486],
        [0.4362, 0.5544],
        [0.3465, 0.7922],
        [0.2549, 0.9093],
        [0.0695, 0.0943],
        [0.3566, 0.4230],
        [0.6302, 0.3562],
        [0.9467, 0.7335],
        [0.2989, 0.4770],
        [0.3487, 0.0573],
        [0.5870, 0.9436],
        [0.8038, 0.9351],
        [0.8142, 0.7595],
        [0.5467, 0.2637],
        [0.4010, 0.2882],
        [0.4287, 0.5048],
        [0.7225, 0.6303],
        [0.9693, 0.8908],
        [0.9410, 0.5951],
        [0.5273, 0.9271],
        [0.7390, 0.3340],
        [0.4760, 0.8650],
        [0.3369, 0.9445],
        [0.6933, 0.7784],
        [0.8927, 0.2649],
        [0.4652, 0.1760],
        [0.8516, 0.8237],
        [0.5889, 0.7981],
        [0.3728, 0.6992],
        [0.1447, 0.5607],
        [0.0691, 0.5433],
        [0.9750, 0.2247],
        [0.0788, 0.1286],
        [0.9904, 0.2499],
        [0.7022, 0.2494],
        [0.6472, 0.9565],
        [0.4775, 0.4723],
        [0.9492, 0.9921],
        [0.5726, 0.1250],
        [0.4260, 0.6387],
        [0.4650, 0.4737],
        [0.8215, 0.3067],
        [0.8753, 0.7098],
        [0.6047, 0.0952],
        [0.0159, 0.0063],
        [0.0851, 0.1579],
        [0.9514, 0.3030],
        [0.5570, 0.9252],
        [0.9642, 0.6886],
        [0.5542, 0.5026],
        [0.7949, 0.5899],
        [0.6597, 0.4637],
        [0.6927, 0.0776],
        [0.5411, 0.9338],
        [0.7595, 0.5347],
        [0.4989, 0.5905],
        [0.8039, 0.7064],
        [0.2925, 0.9582],
        [0.0439, 0.3778],
        [0.1534, 0.6026],
        [0.3778, 0.8310],
        [0.8817, 0.9138],
        [0.8785, 0.7595],
        [0.3463, 0.1963],
        [0.4247, 0.6025],
        [0.5488, 0.0362],
        [0.6652, 0.4365],
        [0.4391, 0.2507],
        [0.7054, 0.4875],
        [0.5219, 0.4184],
        [0.1699, 0.8374],
        [0.8430, 0.8857],
        [0.4051, 0.3536],
        [0.1008, 0.7315],
        [0.2303, 0.7526],
        [0.4651, 0.5393],
        [0.5446, 0.5574],
        [0.9019, 0.2970],
        [0.3323, 0.9199],
        [0.8777, 0.0069],
        [0.1364, 0.8516],
        [0.1954, 0.0961],
        [0.1837, 0.1097],
        [0.5888, 0.7834],
        [0.5531, 0.6552],
        [0.3117, 0.6329],
        [0.7902, 0.6230],
        [0.5786, 0.9784],
        [0.6828, 0.9017],
        [0.2736, 0.0875],
        [0.5821, 0.2986],
        [0.8283, 0.9800],
        [0.3879, 0.9166],
        [0.8846, 0.4650],
        [0.2522, 0.6861],
        [0.9527, 0.6746],
        [0.6550, 0.5931],
        [0.8723, 0.8875],
        [0.3989, 0.7928],
        [0.4150, 0.0131],
        [0.5946, 0.0870],
        [0.0353, 0.9857],
        [0.9572, 0.4710],
        [0.8997, 0.0712],
        [0.3495, 0.8282],
        [0.3544, 0.7979],
        [0.7491, 0.3434],
        [0.3748, 0.6075],
        [0.5093, 0.3611],
        [0.6648, 0.7018],
        [0.4622, 0.5123],
        [0.3075, 0.5413],
        [0.4992, 0.4194],
        [0.4575, 0.5871],
        [0.9047, 0.0713],
        [0.7613, 0.3299],
        [0.8620, 0.9140],
        [0.9499, 0.7668],
        [0.9244, 0.8281],
        [0.8649, 0.9381],
        [0.0175, 0.4353],
        [0.0967, 0.4079],
        [0.6128, 0.0887],
        [0.5141, 0.1606],
        [0.2419, 0.4016],
        [0.2693, 0.8046],
        [0.7558, 0.4666],
        [0.7146, 0.3391],
        [0.1541, 0.4261],
        [0.3150, 0.3681],
        [0.9913, 0.3696],
        [0.5644, 0.1991],
        [0.5702, 0.8108],
        [0.9273, 0.5876],
        [0.8342, 0.5733],
        [0.6748, 0.4332],
        [0.2059, 0.0215],
        [0.9380, 0.5814],
        [0.6760, 0.8627],
        [0.0377, 0.8800],
        [0.4193, 0.6594],
        [0.3213, 0.4236],
        [0.7247, 0.4066],
        [0.7388, 0.6008],
        [0.5439, 0.1752],
        [0.9565, 0.0595],
        [0.4957, 0.7154],
        [0.3396, 0.9308],
        [0.7350, 0.1220],
        [0.2983, 0.2913],
        [0.2629, 0.7338],
        [0.4692, 0.2980],
        [0.6659, 0.1126],
        [0.0477, 0.6397],
        [0.5623, 0.5440],
        [0.0570, 0.8483],
        [0.9762, 0.3280],
        [0.1783, 0.8960],
        [0.9019, 0.4039],
        [0.3075, 0.9546],
        [0.1375, 0.0316],
        [0.5922, 0.6786],
        [0.8337, 0.5692],
        [0.2183, 0.4937],
        [0.8470, 0.1812],
        [0.6985, 0.8294],
        [0.8706, 0.2769],
        [0.5999, 0.7691],
        [0.2145, 0.2671],
        [0.7059, 0.6751],
        [0.2745, 0.4795],
        [0.0925, 0.5151],
        [0.4965, 0.7555],
        [0.1688, 0.9913],
        [0.6776, 0.5212],
        [0.2414, 0.9942],
        [0.5629, 0.0422],
        [0.2068, 0.8312],
        [0.9181, 0.7302],
        [0.9053, 0.6504],
        [0.7301, 0.4609],
        [0.2812, 0.2000],
        [0.2841, 0.1399],
        [0.2696, 0.7614],
        [0.3236, 0.2411],
        [0.0424, 0.9831],
        [0.5807, 0.8644],
        [0.5760, 0.9261],
        [0.0989, 0.9965],
        [0.5565, 0.3581],
        [0.2010, 0.1091],
        [0.5759, 0.0798],
        [0.5417, 0.9511],
        [0.2590, 0.2079],
        [0.2608, 0.6223],
        [0.6228, 0.9826],
        [0.4018, 0.1896],
        [0.8924, 0.2286],
        [0.9692, 0.7966],
        [0.9813, 0.5006],
        [0.1436, 0.6132],
        [0.8534, 0.2166],
        [0.1269, 0.2920],
        [0.0435, 0.1261],
        [0.0273, 0.2654],
        [0.8740, 0.4630],
        [0.0735, 0.0980],
        [0.5749, 0.1948],
        [0.5811, 0.5555],
        [0.6995, 0.0391],
        [0.4259, 0.5308],
        [0.2762, 0.2716],
        [0.4691, 0.9037],
        [0.5578, 0.4675],
        [0.2987, 0.2413],
        [0.2145, 0.6199],
        [0.9866, 0.5986],
        [0.6227, 0.9488],
        [0.2898, 0.0293],
        [0.6466, 0.2407],
        [0.5831, 0.0825],
        [0.1561, 0.3597],
        [0.3260, 0.5718],
        [0.0060, 0.1476],
        [0.7690, 0.2037],
        [0.4418, 0.2114],
        [0.0759, 0.6126],
        [0.3919, 0.2874],
        [0.0676, 0.1662],
        [0.4404, 0.0360],
        [0.8534, 0.2088],
        [0.5158, 0.9633],
        [0.0892, 0.7616],
        [0.4920, 0.2198],
        [0.1521, 0.3634],
        [0.3642, 0.8041],
        [0.7547, 0.6153],
        [0.8421, 0.5999],
        [0.0590, 0.7992],
        [0.4132, 0.5664],
        [0.0959, 0.5785],
        [0.4975, 0.4637],
        [0.6624, 0.3740],
        [0.6337, 0.8318],
        [0.2185, 0.3382],
        [0.7476, 0.0177],
        [0.6024, 0.3471],
        [0.1733, 0.8880],
        [0.5816, 0.2172],
        [0.9992, 0.2071],
        [0.6155, 0.5528],
        [0.4203, 0.5926],
        [0.1996, 0.3143],
        [0.3440, 0.1452],
        [0.7314, 0.0966],
        [0.1355, 0.5545],
        [0.7492, 0.1177],
        [0.7698, 0.0284],
        [0.5759, 0.7625],
        [0.0824, 0.1413],
        [0.6602, 0.4084],
        [0.6377, 0.8206],
        [0.5276, 0.5417],
        [0.8104, 0.4097],
        [0.1554, 0.4691],
        [0.7212, 0.5793],
        [0.7151, 0.8724],
        [0.6858, 0.6985],
        [0.8735, 0.7616],
        [0.6276, 0.2150],
        [0.6587, 0.1202],
        [0.8189, 0.8203],
        [0.1806, 0.8592],
        [0.1538, 0.8254],
        [0.8128, 0.8947],
        [0.5626, 0.0838],
        [0.3598, 0.8331],
        [0.1248, 0.9315],
        [0.1065, 0.5011],
        [0.8051, 0.4410],
        [0.0849, 0.4268],
        [0.2520, 0.7175],
        [0.1117, 0.2458],
        [0.1267, 0.8493],
        [0.6353, 0.2763],
        [0.7784, 0.6655],
        [0.5911, 0.1657],
        [0.8385, 0.9784],
        [0.5626, 0.2742],
        [0.6939, 0.4166],
        [0.0028, 0.7049],
        [0.7629, 0.6643],
        [0.1767, 0.5952],
        [0.3295, 0.2938],
        [0.4950, 0.4608],
        [0.0996, 0.8331],
        [0.8010, 0.5619],
        [0.8313, 0.4045],
        [0.1183, 0.2060],
        [0.4871, 0.6741],
        [0.8590, 0.4503],
        [0.3029, 0.3644],
        [0.9279, 0.0030],
        [0.1319, 0.9505],
        [0.0879, 0.7930],
        [0.1415, 0.6415],
        [0.1771, 0.9913],
        [0.2398, 0.1934],
        [0.1138, 0.3368],
        [0.8548, 0.0317],
        [0.9611, 0.5114],
        [0.1946, 0.3420],
        [0.2217, 0.9490],
        [0.5511, 0.0311],
        [0.4780, 0.1879],
        [0.6665, 0.5139],
        [0.0915, 0.4866],
        [0.4747, 0.5586],
        [0.1614, 0.8337],
        [0.9334, 0.2717],
        [0.8130, 0.7414],
        [0.2881, 0.2308],
        [0.2150, 0.8732],
        [0.6417, 0.7804],
        [0.0873, 0.4805],
        [0.0551, 0.7828],
        [0.2322, 0.4093],
        [0.7175, 0.4089],
        [0.4050, 0.5920],
        [0.2968, 0.6751],
        [0.5137, 0.3544],
        [0.6970, 0.4522],
        [0.5394, 0.4041],
        [0.8969, 0.0410],
        [0.7321, 0.7074],
        [0.9347, 0.5074],
        [0.0143, 0.8407],
        [0.9020, 0.3609],
        [0.3097, 0.5595],
        [0.7824, 0.3935],
        [0.9772, 0.3166],
        [0.0338, 0.8152],
        [0.9860, 0.7204],
        [0.5926, 0.9133],
        [0.8776, 0.2728],
        [0.6469, 0.7602],
        [0.6497, 0.4960],
        [0.1481, 0.2610],
        [0.6898, 0.3239],
        [0.7217, 0.4562],
        [0.0968, 0.7640],
        [0.0866, 0.7259],
        [0.4384, 0.4122],
        [0.3152, 0.8803],
        [0.8482, 0.8289],
        [0.6573, 0.8254],
        [0.1772, 0.7001],
        [0.1976, 0.1792],
        [0.3024, 0.0236],
        [0.5690, 0.6312],
        [0.5023, 0.1995],
        [0.4787, 0.0471],
        [0.0313, 0.5861],
        [0.5418, 0.7777],
        [0.0198, 0.8292],
        [0.4436, 0.0930],
        [0.2075, 0.0243],
        [0.3049, 0.7934],
        [0.6525, 0.5275],
        [0.3962, 0.6906],
        [0.5907, 0.5319],
        [0.7372, 0.1865],
        [0.7182, 0.4877],
        [0.5401, 0.6065],
        [0.8684, 0.6788],
        [0.8897, 0.5802],
        [0.6703, 0.5521],
        [0.0771, 0.8730],
        [0.1119, 0.7635],
        [0.6109, 0.8035],
        [0.2327, 0.9738],
        [0.9531, 0.5819],
        [0.2318, 0.6148],
        [0.5036, 0.5761],
        [0.0774, 0.0556],
        [0.6063, 0.9119],
        [0.7610, 0.2009],
        [0.6991, 0.2464],
        [0.3956, 0.8425],
        [0.3465, 0.4575],
        [0.2676, 0.2413],
        [0.2940, 0.8711],
        [0.7772, 0.6257],
        [0.7701, 0.4702],
        [0.7869, 0.8359],
        [0.9398, 0.2833],
        [0.5812, 0.2194],
        [0.1577, 0.7859],
        [0.2609, 0.5658],
        [0.4408, 0.4832],
        [0.0057, 0.2000],
        [0.3577, 0.7801],
        [0.4323, 0.7179],
        [0.0638, 0.1331],
        [0.7980, 0.8933],
        [0.6796, 0.9385],
        [0.7265, 0.4632],
        [0.0802, 0.5977],
        [0.5556, 0.0515],
        [0.5223, 0.1626],
        [0.5560, 0.4341],
        [0.5988, 0.5789],
        [0.2540, 0.4645],
        [0.7368, 0.4033],
        [0.4604, 0.6957],
        [0.1995, 0.7935],
        [0.6503, 0.6963],
        [0.3356, 0.8324],
        [0.3511, 0.1482],
        [0.2516, 0.6159],
        [0.5264, 0.7971],
        [0.4871, 0.1622],
        [0.4273, 0.4761],
        [0.4030, 0.8978],
        [0.1807, 0.1805],
        [0.4914, 0.4788],
        [0.3435, 0.7755],
        [0.5863, 0.6834],
        [0.0064, 0.6371],
        [0.1405, 0.4647],
        [0.5037, 0.1454],
        [0.4917, 0.5247],
        [0.3009, 0.3886],
        [0.4304, 0.4563],
        [0.5322, 0.3606],
        [0.4093, 0.6463],
        [0.4999, 0.1601],
        [0.2044, 0.6958],
        [0.7866, 0.0931],
        [0.1887, 0.5529],
        [0.4908, 0.2888],
        [0.6733, 0.4273],
        [0.7403, 0.9055]], device='cuda:0') torch.Size([500, 2])
These training_points are used in the GP tensor([[0.6631, 0.0865],
        [0.8398, 0.5842],
        [0.8237, 0.4728],
        [0.3676, 0.7026],
        [0.1756, 0.4616],
        [0.1127, 0.9110],
        [0.6776, 0.0331],
        [0.9555, 0.7512],
        [0.9641, 0.5012],
        [0.3530, 0.2906],
        [0.3666, 0.0907],
        [0.5460, 0.4240],
        [0.4971, 0.3577],
        [0.1845, 0.9597],
        [0.9084, 0.2922],
        [0.0462, 0.7663],
        [0.1492, 0.2614],
        [0.0920, 0.2487],
        [0.1260, 0.4445],
        [0.4747, 0.0589],
        [0.1098, 0.7458],
        [0.1437, 0.7837],
        [0.3070, 0.5136],
        [0.5439, 0.5489],
        [0.7350, 0.6087],
        [0.7765, 0.7283],
        [0.3960, 0.5960],
        [0.0663, 0.0840],
        [0.2658, 0.1010],
        [0.1247, 0.3074],
        [0.7562, 0.8692],
        [0.8281, 0.7606],
        [0.9008, 0.8302],
        [0.8744, 0.7158],
        [0.2963, 0.1350],
        [0.4991, 0.9019],
        [0.5491, 0.9902],
        [0.7243, 0.1442],
        [0.7696, 0.9206],
        [0.4382, 0.6811],
        [0.2842, 0.3205],
        [0.2733, 0.0014],
        [0.5495, 0.5581],
        [0.7504, 0.9564],
        [0.9761, 0.1821],
        [0.5737, 0.8822],
        [0.2062, 0.2289],
        [0.8215, 0.9933],
        [0.6355, 0.0012],
        [0.3472, 0.8488],
        [0.8955, 0.7713],
        [0.6205, 0.6826],
        [0.6371, 0.6785],
        [0.1316, 0.1596],
        [0.7851, 0.5387],
        [0.9249, 0.3557],
        [0.9450, 0.5743],
        [0.0024, 0.8486],
        [0.4362, 0.5544],
        [0.3465, 0.7922],
        [0.2549, 0.9093],
        [0.0695, 0.0943],
        [0.3566, 0.4230],
        [0.6302, 0.3562],
        [0.9467, 0.7335],
        [0.2989, 0.4770],
        [0.3487, 0.0573],
        [0.5870, 0.9436],
        [0.8038, 0.9351],
        [0.8142, 0.7595],
        [0.5467, 0.2637],
        [0.4010, 0.2882],
        [0.4287, 0.5048],
        [0.7225, 0.6303],
        [0.9693, 0.8908],
        [0.9410, 0.5951],
        [0.5273, 0.9271],
        [0.7390, 0.3340],
        [0.4760, 0.8650],
        [0.3369, 0.9445],
        [0.6933, 0.7784],
        [0.8927, 0.2649],
        [0.4652, 0.1760],
        [0.8516, 0.8237],
        [0.5889, 0.7981],
        [0.3728, 0.6992],
        [0.1447, 0.5607],
        [0.0691, 0.5433],
        [0.9750, 0.2247],
        [0.0788, 0.1286],
        [0.9904, 0.2499],
        [0.7022, 0.2494],
        [0.6472, 0.9565],
        [0.4775, 0.4723],
        [0.9492, 0.9921],
        [0.5726, 0.1250],
        [0.4260, 0.6387],
        [0.4650, 0.4737],
        [0.8215, 0.3067],
        [0.8753, 0.7098],
        [0.6047, 0.0952],
        [0.0159, 0.0063],
        [0.0851, 0.1579],
        [0.9514, 0.3030],
        [0.5570, 0.9252],
        [0.9642, 0.6886],
        [0.5542, 0.5026],
        [0.7949, 0.5899],
        [0.6597, 0.4637],
        [0.6927, 0.0776],
        [0.5411, 0.9338],
        [0.7595, 0.5347],
        [0.4989, 0.5905],
        [0.8039, 0.7064],
        [0.2925, 0.9582],
        [0.0439, 0.3778],
        [0.1534, 0.6026],
        [0.3778, 0.8310],
        [0.8817, 0.9138],
        [0.8785, 0.7595],
        [0.3463, 0.1963],
        [0.4247, 0.6025],
        [0.5488, 0.0362],
        [0.6652, 0.4365],
        [0.4391, 0.2507],
        [0.7054, 0.4875],
        [0.5219, 0.4184],
        [0.1699, 0.8374],
        [0.8430, 0.8857],
        [0.4051, 0.3536],
        [0.1008, 0.7315],
        [0.2303, 0.7526],
        [0.4651, 0.5393],
        [0.5446, 0.5574],
        [0.9019, 0.2970],
        [0.3323, 0.9199],
        [0.8777, 0.0069],
        [0.1364, 0.8516],
        [0.1954, 0.0961],
        [0.1837, 0.1097],
        [0.5888, 0.7834],
        [0.5531, 0.6552],
        [0.3117, 0.6329],
        [0.7902, 0.6230],
        [0.5786, 0.9784],
        [0.6828, 0.9017],
        [0.2736, 0.0875],
        [0.5821, 0.2986],
        [0.8283, 0.9800],
        [0.3879, 0.9166],
        [0.8846, 0.4650],
        [0.2522, 0.6861],
        [0.9527, 0.6746],
        [0.6550, 0.5931],
        [0.8723, 0.8875],
        [0.3989, 0.7928],
        [0.4150, 0.0131],
        [0.5946, 0.0870],
        [0.0353, 0.9857],
        [0.9572, 0.4710],
        [0.8997, 0.0712],
        [0.3495, 0.8282],
        [0.3544, 0.7979],
        [0.7491, 0.3434],
        [0.3748, 0.6075],
        [0.5093, 0.3611],
        [0.6648, 0.7018],
        [0.4622, 0.5123],
        [0.3075, 0.5413],
        [0.4992, 0.4194],
        [0.4575, 0.5871],
        [0.9047, 0.0713],
        [0.7613, 0.3299],
        [0.8620, 0.9140],
        [0.9499, 0.7668],
        [0.9244, 0.8281],
        [0.8649, 0.9381],
        [0.0175, 0.4353],
        [0.0967, 0.4079],
        [0.6128, 0.0887],
        [0.5141, 0.1606],
        [0.2419, 0.4016],
        [0.2693, 0.8046],
        [0.7558, 0.4666],
        [0.7146, 0.3391],
        [0.1541, 0.4261],
        [0.3150, 0.3681],
        [0.9913, 0.3696],
        [0.5644, 0.1991],
        [0.5702, 0.8108],
        [0.9273, 0.5876],
        [0.8342, 0.5733],
        [0.6748, 0.4332],
        [0.2059, 0.0215],
        [0.9380, 0.5814],
        [0.6760, 0.8627],
        [0.0377, 0.8800],
        [0.4193, 0.6594],
        [0.3213, 0.4236],
        [0.7247, 0.4066],
        [0.7388, 0.6008],
        [0.5439, 0.1752],
        [0.9565, 0.0595],
        [0.4957, 0.7154],
        [0.3396, 0.9308],
        [0.7350, 0.1220],
        [0.2983, 0.2913],
        [0.2629, 0.7338],
        [0.4692, 0.2980],
        [0.6659, 0.1126],
        [0.0477, 0.6397],
        [0.5623, 0.5440],
        [0.0570, 0.8483],
        [0.9762, 0.3280],
        [0.1783, 0.8960],
        [0.9019, 0.4039],
        [0.3075, 0.9546],
        [0.1375, 0.0316],
        [0.5922, 0.6786],
        [0.8337, 0.5692],
        [0.2183, 0.4937],
        [0.8470, 0.1812],
        [0.6985, 0.8294],
        [0.8706, 0.2769],
        [0.5999, 0.7691],
        [0.2145, 0.2671],
        [0.7059, 0.6751],
        [0.2745, 0.4795],
        [0.0925, 0.5151],
        [0.4965, 0.7555],
        [0.1688, 0.9913],
        [0.6776, 0.5212],
        [0.2414, 0.9942],
        [0.5629, 0.0422],
        [0.2068, 0.8312],
        [0.9181, 0.7302],
        [0.9053, 0.6504],
        [0.7301, 0.4609],
        [0.2812, 0.2000],
        [0.2841, 0.1399],
        [0.2696, 0.7614],
        [0.3236, 0.2411],
        [0.0424, 0.9831],
        [0.5807, 0.8644],
        [0.5760, 0.9261],
        [0.0989, 0.9965],
        [0.5565, 0.3581],
        [0.2010, 0.1091],
        [0.5759, 0.0798],
        [0.5417, 0.9511],
        [0.2590, 0.2079],
        [0.2608, 0.6223],
        [0.6228, 0.9826],
        [0.4018, 0.1896],
        [0.8924, 0.2286],
        [0.9692, 0.7966],
        [0.9813, 0.5006],
        [0.1436, 0.6132],
        [0.8534, 0.2166],
        [0.1269, 0.2920],
        [0.0435, 0.1261],
        [0.0273, 0.2654],
        [0.8740, 0.4630],
        [0.0735, 0.0980],
        [0.5749, 0.1948],
        [0.5811, 0.5555],
        [0.6995, 0.0391],
        [0.4259, 0.5308],
        [0.2762, 0.2716],
        [0.4691, 0.9037],
        [0.5578, 0.4675],
        [0.2987, 0.2413],
        [0.2145, 0.6199],
        [0.9866, 0.5986],
        [0.6227, 0.9488],
        [0.2898, 0.0293],
        [0.6466, 0.2407],
        [0.5831, 0.0825],
        [0.1561, 0.3597],
        [0.3260, 0.5718],
        [0.0060, 0.1476],
        [0.7690, 0.2037],
        [0.4418, 0.2114],
        [0.0759, 0.6126],
        [0.3919, 0.2874],
        [0.0676, 0.1662],
        [0.4404, 0.0360],
        [0.8534, 0.2088],
        [0.5158, 0.9633],
        [0.0892, 0.7616],
        [0.4920, 0.2198],
        [0.1521, 0.3634],
        [0.3642, 0.8041],
        [0.7547, 0.6153],
        [0.8421, 0.5999],
        [0.0590, 0.7992],
        [0.4132, 0.5664],
        [0.0959, 0.5785],
        [0.4975, 0.4637],
        [0.6624, 0.3740],
        [0.6337, 0.8318],
        [0.2185, 0.3382],
        [0.7476, 0.0177],
        [0.6024, 0.3471],
        [0.1733, 0.8880],
        [0.5816, 0.2172],
        [0.9992, 0.2071],
        [0.6155, 0.5528],
        [0.4203, 0.5926],
        [0.1996, 0.3143],
        [0.3440, 0.1452],
        [0.7314, 0.0966],
        [0.1355, 0.5545],
        [0.7492, 0.1177],
        [0.7698, 0.0284],
        [0.5759, 0.7625],
        [0.0824, 0.1413],
        [0.6602, 0.4084],
        [0.6377, 0.8206],
        [0.5276, 0.5417],
        [0.8104, 0.4097],
        [0.1554, 0.4691],
        [0.7212, 0.5793],
        [0.7151, 0.8724],
        [0.6858, 0.6985],
        [0.8735, 0.7616],
        [0.6276, 0.2150],
        [0.6587, 0.1202],
        [0.8189, 0.8203],
        [0.1806, 0.8592],
        [0.1538, 0.8254],
        [0.8128, 0.8947],
        [0.5626, 0.0838],
        [0.3598, 0.8331],
        [0.1248, 0.9315],
        [0.1065, 0.5011],
        [0.8051, 0.4410],
        [0.0849, 0.4268],
        [0.2520, 0.7175],
        [0.1117, 0.2458],
        [0.1267, 0.8493],
        [0.6353, 0.2763],
        [0.7784, 0.6655],
        [0.5911, 0.1657],
        [0.8385, 0.9784],
        [0.5626, 0.2742],
        [0.6939, 0.4166],
        [0.0028, 0.7049],
        [0.7629, 0.6643],
        [0.1767, 0.5952],
        [0.3295, 0.2938],
        [0.4950, 0.4608],
        [0.0996, 0.8331],
        [0.8010, 0.5619],
        [0.8313, 0.4045],
        [0.1183, 0.2060],
        [0.4871, 0.6741],
        [0.8590, 0.4503],
        [0.3029, 0.3644],
        [0.9279, 0.0030],
        [0.1319, 0.9505],
        [0.0879, 0.7930],
        [0.1415, 0.6415],
        [0.1771, 0.9913],
        [0.2398, 0.1934],
        [0.1138, 0.3368],
        [0.8548, 0.0317],
        [0.9611, 0.5114],
        [0.1946, 0.3420],
        [0.2217, 0.9490],
        [0.5511, 0.0311],
        [0.4780, 0.1879],
        [0.6665, 0.5139],
        [0.0915, 0.4866],
        [0.4747, 0.5586],
        [0.1614, 0.8337],
        [0.9334, 0.2717],
        [0.8130, 0.7414],
        [0.2881, 0.2308],
        [0.2150, 0.8732],
        [0.6417, 0.7804],
        [0.0873, 0.4805],
        [0.0551, 0.7828],
        [0.2322, 0.4093],
        [0.7175, 0.4089],
        [0.4050, 0.5920],
        [0.2968, 0.6751],
        [0.5137, 0.3544],
        [0.6970, 0.4522],
        [0.5394, 0.4041],
        [0.8969, 0.0410],
        [0.7321, 0.7074],
        [0.9347, 0.5074],
        [0.0143, 0.8407],
        [0.9020, 0.3609],
        [0.3097, 0.5595],
        [0.7824, 0.3935],
        [0.9772, 0.3166],
        [0.0338, 0.8152],
        [0.9860, 0.7204],
        [0.5926, 0.9133],
        [0.8776, 0.2728],
        [0.6469, 0.7602],
        [0.6497, 0.4960],
        [0.1481, 0.2610],
        [0.6898, 0.3239],
        [0.7217, 0.4562],
        [0.0968, 0.7640],
        [0.0866, 0.7259],
        [0.4384, 0.4122],
        [0.3152, 0.8803],
        [0.8482, 0.8289],
        [0.6573, 0.8254],
        [0.1772, 0.7001],
        [0.1976, 0.1792],
        [0.3024, 0.0236],
        [0.5690, 0.6312],
        [0.5023, 0.1995],
        [0.4787, 0.0471],
        [0.0313, 0.5861],
        [0.5418, 0.7777],
        [0.0198, 0.8292],
        [0.4436, 0.0930],
        [0.2075, 0.0243],
        [0.3049, 0.7934],
        [0.6525, 0.5275],
        [0.3962, 0.6906],
        [0.5907, 0.5319],
        [0.7372, 0.1865],
        [0.7182, 0.4877],
        [0.5401, 0.6065],
        [0.8684, 0.6788],
        [0.8897, 0.5802],
        [0.6703, 0.5521],
        [0.0771, 0.8730],
        [0.1119, 0.7635],
        [0.6109, 0.8035],
        [0.2327, 0.9738],
        [0.9531, 0.5819],
        [0.2318, 0.6148],
        [0.5036, 0.5761],
        [0.0774, 0.0556],
        [0.6063, 0.9119],
        [0.7610, 0.2009],
        [0.6991, 0.2464],
        [0.3956, 0.8425],
        [0.3465, 0.4575],
        [0.2676, 0.2413],
        [0.2940, 0.8711],
        [0.7772, 0.6257],
        [0.7701, 0.4702],
        [0.7869, 0.8359],
        [0.9398, 0.2833],
        [0.5812, 0.2194],
        [0.1577, 0.7859],
        [0.2609, 0.5658],
        [0.4408, 0.4832],
        [0.0057, 0.2000],
        [0.3577, 0.7801],
        [0.4323, 0.7179],
        [0.0638, 0.1331],
        [0.7980, 0.8933],
        [0.6796, 0.9385],
        [0.7265, 0.4632],
        [0.0802, 0.5977],
        [0.5556, 0.0515],
        [0.5223, 0.1626],
        [0.5560, 0.4341],
        [0.5988, 0.5789],
        [0.2540, 0.4645],
        [0.7368, 0.4033],
        [0.4604, 0.6957],
        [0.1995, 0.7935],
        [0.6503, 0.6963],
        [0.3356, 0.8324],
        [0.3511, 0.1482],
        [0.2516, 0.6159],
        [0.5264, 0.7971],
        [0.4871, 0.1622],
        [0.4273, 0.4761],
        [0.4030, 0.8978],
        [0.1807, 0.1805],
        [0.4914, 0.4788],
        [0.3435, 0.7755],
        [0.5863, 0.6834],
        [0.0064, 0.6371],
        [0.1405, 0.4647],
        [0.5037, 0.1454],
        [0.4917, 0.5247],
        [0.3009, 0.3886],
        [0.4304, 0.4563],
        [0.5322, 0.3606],
        [0.4093, 0.6463],
        [0.4999, 0.1601],
        [0.2044, 0.6958],
        [0.7866, 0.0931],
        [0.1887, 0.5529],
        [0.4908, 0.2888],
        [0.6733, 0.4273],
        [0.7403, 0.9055]], device='cuda:0')
Iteration 0: x_train shape: torch.Size([500, 2]), y_train shape: torch.Size([500])
Output mean shape: torch.Size([500])
Error during GP model script execution
                                  
================================= 
Global information about the job: 
================================= 
  
Job owner: dvoss(54815)
Job name:  al_gp_iter
Node list: ravg1022
Job start: Wed Nov  6 13:20:50 CET 2024
Job end:   Wed Nov  6 13:21:22 CET 2024
Work dir:  /raven/u/dvoss/al_pmssmwithgp/model
Command:   /raven/u/dvoss/al_pmssmwithgp/model/slurm/single_job.sbatch
  
  
  
==========================================================================================
Information on jobsteps (Note: MaxRSS/AveRSS is the maximum/average over all 
tasks of the per-task memory high-water marks; cf. "man sacct"): 
==========================================================================================
  
JobID            JobName NNodes NTasks  NCPUS       MaxRSS       AveRSS    Elapsed ExitCode
------------- ---------- ------ ------ ------ ------------ ------------ ---------- --------
13589956      al_gp_iter      1             4                             00:00:32      1:0
13589956.0        job.sh      1      1      4        1.37M        1.37M   00:00:14      1:0
  
Maximum memory per node: 0.006408 GB (defined as MaxRSS*Ntasks/NNodes)
CPU utilization: 0.0 %
  
