Loading gpytorch/gpu-cuda-11.6/pytorch-1.11.0/1.8.0
  Loading requirement: cudnn/8.4.1 pytorch/gpu-cuda-11.6/1.11.0
Warning: DR-bar to on-shell conversion for Mu, M1, M2 failed (reached absolute accuracy: 2.79868 GeV),
Warning: DR-bar to on-shell conversion for Mu, M1, M2 failed (reached absolute accuracy: 0.305795 GeV),
Warning: DR-bar to on-shell conversion for Mu, M1, M2 failed (reached absolute accuracy: 2.5945 GeV),
Warning: DR-bar to on-shell conversion for Mu, M1, M2 failed (reached absolute accuracy: 0.303728 GeV),
Warning: DR-bar to on-shell conversion for me2 failed (reached absolute accuracy: 0.355277 GeV)
Warning: DR-bar to on-shell conversion for Mu, M1, M2 failed (reached absolute accuracy: 2.68938 GeV),
Warning: DR-bar to on-shell conversion for Mu, M1, M2 failed (reached absolute accuracy: 2.1369 GeV),
Warning: DR-bar to on-shell conversion for me2 failed (reached absolute accuracy: 0.323987 GeV)
Warning: DR-bar to on-shell conversion for Mu, M1, M2 failed (reached absolute accuracy: 2.18742 GeV),
Warning: DR-bar to on-shell conversion for Mu, M1, M2 failed (reached absolute accuracy: 1.72932 GeV),
Warning: DR-bar to on-shell conversion for Mu, M1, M2 failed (reached absolute accuracy: 2.14109 GeV),
Warning: DR-bar to on-shell conversion for me2 failed (reached absolute accuracy: 0.334954 GeV)
Warning: DR-bar to on-shell conversion for Mu, M1, M2 failed (reached absolute accuracy: 2.76115 GeV),
Warning: DR-bar to on-shell conversion for Mu, M1, M2 failed (reached absolute accuracy: 2.3179 GeV),
Warning: DR-bar to on-shell conversion for Mu, M1, M2 failed (reached absolute accuracy: 1.11059 GeV),
Warning: DR-bar to on-shell conversion for Mu, M1, M2 failed (reached absolute accuracy: 1.54763 GeV),
Warning: DR-bar to on-shell conversion for Mu, M1, M2 failed (reached absolute accuracy: 0.616935 GeV),
Warning: DR-bar to on-shell conversion for me2 failed (reached absolute accuracy: 0.120383 GeV)
Warning: DR-bar to on-shell conversion for Mu, M1, M2 failed (reached absolute accuracy: 8.61167e-07 GeV),
Warning: DR-bar to on-shell conversion for me2 failed (reached absolute accuracy: 0.201343 GeV)
Warning: DR-bar to on-shell conversion for Mu, M1, M2 failed (reached absolute accuracy: 1.13874 GeV),
Warning: DR-bar to on-shell conversion for Mu, M1, M2 failed (reached absolute accuracy: 2.75844 GeV),
Warning: DR-bar to on-shell conversion for Mu, M1, M2 failed (reached absolute accuracy: 0.00136641 GeV),
Warning: DR-bar to on-shell conversion for me2 failed (reached absolute accuracy: 0.170756 GeV)
Warning: DR-bar to on-shell conversion for Mu, M1, M2 failed (reached absolute accuracy: 2.1678 GeV),
Warning: DR-bar to on-shell conversion for Mu, M1, M2 failed (reached absolute accuracy: 2.43279 GeV),
Warning: DR-bar to on-shell conversion for Mu, M1, M2 failed (reached absolute accuracy: 1.04056 GeV),
Warning: DR-bar to on-shell conversion for Mu, M1, M2 failed (reached absolute accuracy: 2.00039e-08 GeV),
Warning: DR-bar to on-shell conversion for Mu, M1, M2 failed (reached absolute accuracy: 1.65445 GeV),
Warning: DR-bar to on-shell conversion for Mu, M1, M2 failed (reached absolute accuracy: 1.75049 GeV),
Warning: DR-bar to on-shell conversion for Mu, M1, M2 failed (reached absolute accuracy: 2.27962 GeV),
Warning: DR-bar to on-shell conversion for Mu, M1, M2 failed (reached absolute accuracy: 0.000387592 GeV),
Warning: DR-bar to on-shell conversion for me2 failed (reached absolute accuracy: 0.0352899 GeV)
Warning: DR-bar to on-shell conversion for Mu, M1, M2 failed (reached absolute accuracy: 0.118886 GeV),
Warning: DR-bar to on-shell conversion for Mu, M1, M2 failed (reached absolute accuracy: 0.585805 GeV),
Warning: DR-bar to on-shell conversion for me2 failed (reached absolute accuracy: 0.00145993 GeV)
Warning: DR-bar to on-shell conversion for Mu, M1, M2 failed (reached absolute accuracy: 1.73705 GeV),
Warning: DR-bar to on-shell conversion for me2 failed (reached absolute accuracy: 0.146333 GeV)
Warning: DR-bar to on-shell conversion for Mu, M1, M2 failed (reached absolute accuracy: 2.32277 GeV),
Warning: DR-bar to on-shell conversion for Mu, M1, M2 failed (reached absolute accuracy: 2.61538 GeV),
Warning: DR-bar to on-shell conversion for Mu, M1, M2 failed (reached absolute accuracy: 0.807684 GeV),
Warning: DR-bar to on-shell conversion for me2 failed (reached absolute accuracy: 0.427019 GeV)
Warning: DR-bar to on-shell conversion for Mu, M1, M2 failed (reached absolute accuracy: 2.23908 GeV),
Warning: DR-bar to on-shell conversion for Mu, M1, M2 failed (reached absolute accuracy: 2.44491 GeV),
Warning: DR-bar to on-shell conversion for Mu, M1, M2 failed (reached absolute accuracy: 0.379604 GeV),
Warning: DR-bar to on-shell conversion for Mu, M1, M2 failed (reached absolute accuracy: 2.14465 GeV),
Warning: DR-bar to on-shell conversion for me2 failed (reached absolute accuracy: 0.180959 GeV)
Warning: DR-bar to on-shell conversion for Mu, M1, M2 failed (reached absolute accuracy: 1.51522 GeV),
Warning: DR-bar to on-shell conversion for me2 failed (reached absolute accuracy: 0.152255 GeV)
Warning: DR-bar to on-shell conversion for Mu, M1, M2 failed (reached absolute accuracy: 1.75 GeV),
Warning: DR-bar to on-shell conversion for Mu, M1, M2 failed (reached absolute accuracy: 2.31283 GeV),
Warning: DR-bar to on-shell conversion for Mu, M1, M2 failed (reached absolute accuracy: 0.391465 GeV),
Warning: DR-bar to on-shell conversion for me2 failed (reached absolute accuracy: 0.0650676 GeV)
Warning: DR-bar to on-shell conversion for me2 failed (reached absolute accuracy: 0.0891005 GeV)
Warning: DR-bar to on-shell conversion for me2 failed (reached absolute accuracy: 0.0385091 GeV)
Warning: DR-bar to on-shell conversion for Mu, M1, M2 failed (reached absolute accuracy: 1.6517 GeV),
Warning: DR-bar to on-shell conversion for me2 failed (reached absolute accuracy: 0.352992 GeV)
Warning: DR-bar to on-shell conversion for Mu, M1, M2 failed (reached absolute accuracy: 1.11463 GeV),
Warning: DR-bar to on-shell conversion for me2 failed (reached absolute accuracy: 0.108445 GeV)
Warning: DR-bar to on-shell conversion for me2 failed (reached absolute accuracy: 0.505844 GeV)
Warning: DR-bar to on-shell conversion for Mu, M1, M2 failed (reached absolute accuracy: 1.47674 GeV),
Warning: DR-bar to on-shell conversion for Mu, M1, M2 failed (reached absolute accuracy: 1.52222 GeV),
Warning: DR-bar to on-shell conversion for Mu, M1, M2 failed (reached absolute accuracy: 0.96503 GeV),
Warning: DR-bar to on-shell conversion for Mu, M1, M2 failed (reached absolute accuracy: 1.62688 GeV),
Warning: DR-bar to on-shell conversion for Mu, M1, M2 failed (reached absolute accuracy: 1.65786 GeV),
Warning: DR-bar to on-shell conversion for Mu, M1, M2 failed (reached absolute accuracy: 1.6956 GeV),
Warning: DR-bar to on-shell conversion for Mu, M1, M2 failed (reached absolute accuracy: 2.79308 GeV),
Warning: DR-bar to on-shell conversion for Mu, M1, M2 failed (reached absolute accuracy: 2.30602 GeV),
Warning: DR-bar to on-shell conversion for Mu, M1, M2 failed (reached absolute accuracy: 1.557 GeV),
Warning: DR-bar to on-shell conversion for Mu, M1, M2 failed (reached absolute accuracy: 2.01678 GeV),
Warning: DR-bar to on-shell conversion for me2 failed (reached absolute accuracy: 0.0727469 GeV)
Warning: DR-bar to on-shell conversion for me2 failed (reached absolute accuracy: 0.115121 GeV)
Warning: DR-bar to on-shell conversion for Mu, M1, M2 failed (reached absolute accuracy: 0.499774 GeV),
Warning: DR-bar to on-shell conversion for Mu, M1, M2 failed (reached absolute accuracy: 2.3559 GeV),
Warning: DR-bar to on-shell conversion for Mu, M1, M2 failed (reached absolute accuracy: 0.100653 GeV),
Warning: DR-bar to on-shell conversion for me2 failed (reached absolute accuracy: 0.296803 GeV)
Warning: DR-bar to on-shell conversion for Mu, M1, M2 failed (reached absolute accuracy: 0.0182766 GeV),
Warning: DR-bar to on-shell conversion for me2 failed (reached absolute accuracy: 0.0440373 GeV)
Warning: DR-bar to on-shell conversion for me2 failed (reached absolute accuracy: 0.489539 GeV)
Warning: DR-bar to on-shell conversion for Mu, M1, M2 failed (reached absolute accuracy: 2.381 GeV),
Warning: DR-bar to on-shell conversion for Mu, M1, M2 failed (reached absolute accuracy: 2.14405 GeV),
Warning: DR-bar to on-shell conversion for Mu, M1, M2 failed (reached absolute accuracy: 6.65748 GeV),
Warning: DR-bar to on-shell conversion for Mu, M1, M2 failed (reached absolute accuracy: 1.68897 GeV),
Warning: DR-bar to on-shell conversion for Mu, M1, M2 failed (reached absolute accuracy: 0.41188 GeV),
Warning: DR-bar to on-shell conversion for Mu, M1, M2 failed (reached absolute accuracy: 2.07522 GeV),
Warning: DR-bar to on-shell conversion for Mu, M1, M2 failed (reached absolute accuracy: 2.0456 GeV),
Warning: DR-bar to on-shell conversion for me2 failed (reached absolute accuracy: 0.45836 GeV)
Warning: DR-bar to on-shell conversion for Mu, M1, M2 failed (reached absolute accuracy: 2.27824 GeV),
Warning: DR-bar to on-shell conversion for me2 failed (reached absolute accuracy: 0.247143 GeV)
Warning: DR-bar to on-shell conversion for Mu, M1, M2 failed (reached absolute accuracy: 1.82297 GeV),
Warning: DR-bar to on-shell conversion for me2 failed (reached absolute accuracy: 0.519203 GeV)
Warning: DR-bar to on-shell conversion for Mu, M1, M2 failed (reached absolute accuracy: 1.26102 GeV),
Warning: DR-bar to on-shell conversion for Mu, M1, M2 failed (reached absolute accuracy: 0.428746 GeV),
Warning: DR-bar to on-shell conversion for Mu, M1, M2 failed (reached absolute accuracy: 2.78741 GeV),
Warning: DR-bar to on-shell conversion for Mu, M1, M2 failed (reached absolute accuracy: 0.877757 GeV),
Warning: DR-bar to on-shell conversion for Mu, M1, M2 failed (reached absolute accuracy: 2.38016 GeV),
Warning: DR-bar to on-shell conversion for me2 failed (reached absolute accuracy: 0.315533 GeV)
Warning: DR-bar to on-shell conversion for Mu, M1, M2 failed (reached absolute accuracy: 0.166106 GeV),
Warning: DR-bar to on-shell conversion for Mu, M1, M2 failed (reached absolute accuracy: 0.553924 GeV),
Warning: DR-bar to on-shell conversion for Mu, M1, M2 failed (reached absolute accuracy: 0.299328 GeV),
Warning: DR-bar to on-shell conversion for Mu, M1, M2 failed (reached absolute accuracy: 2.30335 GeV),
Warning: DR-bar to on-shell conversion for Mu, M1, M2 failed (reached absolute accuracy: 1.95199 GeV),
Warning: DR-bar to on-shell conversion for Mu, M1, M2 failed (reached absolute accuracy: 1.68921 GeV),
Warning: DR-bar to on-shell conversion for Mu, M1, M2 failed (reached absolute accuracy: 1.4714 GeV),
Warning: DR-bar to on-shell conversion for Mu, M1, M2 failed (reached absolute accuracy: 0.362837 GeV),
Warning: DR-bar to on-shell conversion for Mu, M1, M2 failed (reached absolute accuracy: 1.06205 GeV),
Warning: DR-bar to on-shell conversion for Mu, M1, M2 failed (reached absolute accuracy: 1.16919 GeV),
Warning: DR-bar to on-shell conversion for Mu, M1, M2 failed (reached absolute accuracy: 2.65969 GeV),
Warning: DR-bar to on-shell conversion for me2 failed (reached absolute accuracy: 0.398868 GeV)
Warning: DR-bar to on-shell conversion for me2 failed (reached absolute accuracy: 0.124883 GeV)
Warning: DR-bar to on-shell conversion for Mu, M1, M2 failed (reached absolute accuracy: 2.78861 GeV),
Warning: DR-bar to on-shell conversion for Mu, M1, M2 failed (reached absolute accuracy: 1.14171 GeV),
Warning: DR-bar to on-shell conversion for me2 failed (reached absolute accuracy: 0.0777521 GeV)
Warning: DR-bar to on-shell conversion for me2 failed (reached absolute accuracy: 0.0102999 GeV)
Warning: DR-bar to on-shell conversion for Mu, M1, M2 failed (reached absolute accuracy: 2.21584 GeV),
Warning: DR-bar to on-shell conversion for Mu, M1, M2 failed (reached absolute accuracy: 1.67671 GeV),
Warning: DR-bar to on-shell conversion for me2 failed (reached absolute accuracy: 0.379838 GeV)
Warning: DR-bar to on-shell conversion for Mu, M1, M2 failed (reached absolute accuracy: 2.31126 GeV),
Warning: DR-bar to on-shell conversion for Mu, M1, M2 failed (reached absolute accuracy: 0.0786393 GeV),
Warning: DR-bar to on-shell conversion for Mu, M1, M2 failed (reached absolute accuracy: 0.131009 GeV),
Warning: DR-bar to on-shell conversion for me2 failed (reached absolute accuracy: 0.327675 GeV)
Warning: DR-bar to on-shell conversion for me2 failed (reached absolute accuracy: 0.303679 GeV)
Warning: DR-bar to on-shell conversion for Mu, M1, M2 failed (reached absolute accuracy: 2.3216 GeV),
Warning: DR-bar to on-shell conversion for Mu, M1, M2 failed (reached absolute accuracy: 2.25499 GeV),
Warning: DR-bar to on-shell conversion for Mu, M1, M2 failed (reached absolute accuracy: 1.72158 GeV),
Warning: DR-bar to on-shell conversion for me2 failed (reached absolute accuracy: 0.215852 GeV)
Warning: DR-bar to on-shell conversion for Mu, M1, M2 failed (reached absolute accuracy: 2.48731 GeV),
Warning: DR-bar to on-shell conversion for Mu, M1, M2 failed (reached absolute accuracy: 2.31433 GeV),
Warning: DR-bar to on-shell conversion for Mu, M1, M2 failed (reached absolute accuracy: 1.57064 GeV),
Warning: DR-bar to on-shell conversion for me2 failed (reached absolute accuracy: 0.309333 GeV)
Warning: DR-bar to on-shell conversion for Mu, M1, M2 failed (reached absolute accuracy: 0.570472 GeV),
Warning: DR-bar to on-shell conversion for Mu, M1, M2 failed (reached absolute accuracy: 2.22486 GeV),
Warning: DR-bar to on-shell conversion for Mu, M1, M2 failed (reached absolute accuracy: 1.32133e-07 GeV),
Warning: DR-bar to on-shell conversion for Mu, M1, M2 failed (reached absolute accuracy: 1.64779 GeV),
Warning: DR-bar to on-shell conversion for Mu, M1, M2 failed (reached absolute accuracy: 1.86441 GeV),
Warning: DR-bar to on-shell conversion for Mu, M1, M2 failed (reached absolute accuracy: 2.2634 GeV),
Warning: DR-bar to on-shell conversion for me2 failed (reached absolute accuracy: 7.24042e-05 GeV)
Warning: DR-bar to on-shell conversion for Mu, M1, M2 failed (reached absolute accuracy: 0.0210022 GeV),
Warning: DR-bar to on-shell conversion for Mu, M1, M2 failed (reached absolute accuracy: 5.35454e-05 GeV),
Warning: DR-bar to on-shell conversion for Mu, M1, M2 failed (reached absolute accuracy: 2.68861 GeV),
Warning: DR-bar to on-shell conversion for me2 failed (reached absolute accuracy: 0.036236 GeV)
Warning: DR-bar to on-shell conversion for Mu, M1, M2 failed (reached absolute accuracy: 0.408353 GeV),
Warning: DR-bar to on-shell conversion for me2 failed (reached absolute accuracy: 0.319959 GeV)
Warning: DR-bar to on-shell conversion for Mu, M1, M2 failed (reached absolute accuracy: 2.21603 GeV),
Warning: DR-bar to on-shell conversion for Mu, M1, M2 failed (reached absolute accuracy: 1.96257 GeV),
Warning: DR-bar to on-shell conversion for me2 failed (reached absolute accuracy: 0.442794 GeV)
Warning: DR-bar to on-shell conversion for me2 failed (reached absolute accuracy: 0.0625441 GeV)
Warning: DR-bar to on-shell conversion for Mu, M1, M2 failed (reached absolute accuracy: 2.53325 GeV),
Warning: DR-bar to on-shell conversion for Mu, M1, M2 failed (reached absolute accuracy: 1.05368 GeV),
Warning: DR-bar to on-shell conversion for Mu, M1, M2 failed (reached absolute accuracy: 0.00721936 GeV),
Warning: DR-bar to on-shell conversion for Mu, M1, M2 failed (reached absolute accuracy: 1.27403e-07 GeV),
Warning: DR-bar to on-shell conversion for Mu, M1, M2 failed (reached absolute accuracy: 1.11228e-05 GeV),
Warning: DR-bar to on-shell conversion for Mu, M1, M2 failed (reached absolute accuracy: 1.58158 GeV),
Warning: DR-bar to on-shell conversion for Mu, M1, M2 failed (reached absolute accuracy: 1.97082 GeV),
Warning: DR-bar to on-shell conversion for Mu, M1, M2 failed (reached absolute accuracy: 1.64002 GeV),
Warning: DR-bar to on-shell conversion for Mu, M1, M2 failed (reached absolute accuracy: 0.0518575 GeV),
Warning: DR-bar to on-shell conversion for Mu, M1, M2 failed (reached absolute accuracy: 0.0230679 GeV),
Warning: DR-bar to on-shell conversion for Mu, M1, M2 failed (reached absolute accuracy: 2.6687 GeV),
Warning: DR-bar to on-shell conversion for me2 failed (reached absolute accuracy: 0.112712 GeV)
Warning: DR-bar to on-shell conversion for Mu, M1, M2 failed (reached absolute accuracy: 0.889814 GeV),
Warning: DR-bar to on-shell conversion for Mu, M1, M2 failed (reached absolute accuracy: 2.27428 GeV),
Warning: DR-bar to on-shell conversion for Mu, M1, M2 failed (reached absolute accuracy: 2.68239 GeV),
Warning: DR-bar to on-shell conversion for Mu, M1, M2 failed (reached absolute accuracy: 0.473365 GeV),
Warning: DR-bar to on-shell conversion for Mu, M1, M2 failed (reached absolute accuracy: 1.79361 GeV),
Warning: DR-bar to on-shell conversion for me2 failed (reached absolute accuracy: 0.176193 GeV)
Warning: DR-bar to on-shell conversion for Mu, M1, M2 failed (reached absolute accuracy: 2.67455 GeV),
Warning: DR-bar to on-shell conversion for Mu, M1, M2 failed (reached absolute accuracy: 2.67278 GeV),
Warning: DR-bar to on-shell conversion for Mu, M1, M2 failed (reached absolute accuracy: 0.00950299 GeV),
Warning: DR-bar to on-shell conversion for Mu, M1, M2 failed (reached absolute accuracy: 2.7618 GeV),
Warning: DR-bar to on-shell conversion for me2 failed (reached absolute accuracy: 0.105557 GeV)
Warning: DR-bar to on-shell conversion for Mu, M1, M2 failed (reached absolute accuracy: 1.33777 GeV),
Warning: DR-bar to on-shell conversion for me2 failed (reached absolute accuracy: 0.253414 GeV)
Warning: DR-bar to on-shell conversion for Mu, M1, M2 failed (reached absolute accuracy: 1.47516 GeV),
Warning: DR-bar to on-shell conversion for Mu, M1, M2 failed (reached absolute accuracy: 1.34988 GeV),
Warning: DR-bar to on-shell conversion for me2 failed (reached absolute accuracy: 0.0905217 GeV)
Warning: DR-bar to on-shell conversion for Mu, M1, M2 failed (reached absolute accuracy: 2.30803 GeV),
Warning: DR-bar to on-shell conversion for Mu, M1, M2 failed (reached absolute accuracy: 2.58008 GeV),
Warning: DR-bar to on-shell conversion for me2 failed (reached absolute accuracy: 0.0416501 GeV)
Warning: DR-bar to on-shell conversion for Mu, M1, M2 failed (reached absolute accuracy: 2.16248 GeV),
Warning: DR-bar to on-shell conversion for Mu, M1, M2 failed (reached absolute accuracy: 1.81273 GeV),
Warning: DR-bar to on-shell conversion for Mu, M1, M2 failed (reached absolute accuracy: 2.01748 GeV),
Warning: DR-bar to on-shell conversion for Mu, M1, M2 failed (reached absolute accuracy: 2.68533 GeV),
Warning: DR-bar to on-shell conversion for me2 failed (reached absolute accuracy: 0.0681993 GeV)
Warning: DR-bar to on-shell conversion for Mu, M1, M2 failed (reached absolute accuracy: 2.19047 GeV),
Warning: DR-bar to on-shell conversion for Mu, M1, M2 failed (reached absolute accuracy: 2.27444 GeV),
Warning: DR-bar to on-shell conversion for Mu, M1, M2 failed (reached absolute accuracy: 1.66386 GeV),
Warning: DR-bar to on-shell conversion for Mu, M1, M2 failed (reached absolute accuracy: 0.912839 GeV),
Warning: DR-bar to on-shell conversion for me2 failed (reached absolute accuracy: 0.0294417 GeV)
Warning: DR-bar to on-shell conversion for Mu, M1, M2 failed (reached absolute accuracy: 2.03475 GeV),
Warning: DR-bar to on-shell conversion for Mu, M1, M2 failed (reached absolute accuracy: 1.02676 GeV),
Warning: DR-bar to on-shell conversion for me2 failed (reached absolute accuracy: 0.0897636 GeV)
Warning: DR-bar to on-shell conversion for Mu, M1, M2 failed (reached absolute accuracy: 0.237666 GeV),
Warning: DR-bar to on-shell conversion for Mu, M1, M2 failed (reached absolute accuracy: 9.77788e-05 GeV),
Warning: DR-bar to on-shell conversion for Mu, M1, M2 failed (reached absolute accuracy: 2.79529 GeV),
Warning: DR-bar to on-shell conversion for Mu, M1, M2 failed (reached absolute accuracy: 2.69763 GeV),
Warning: DR-bar to on-shell conversion for Mu, M1, M2 failed (reached absolute accuracy: 2.30875 GeV),
Warning: DR-bar to on-shell conversion for Mu, M1, M2 failed (reached absolute accuracy: 2.10872 GeV),
Warning: DR-bar to on-shell conversion for me2 failed (reached absolute accuracy: 0.36094 GeV)
Warning: DR-bar to on-shell conversion for Mu, M1, M2 failed (reached absolute accuracy: 2.69349 GeV),
Warning: DR-bar to on-shell conversion for Mu, M1, M2 failed (reached absolute accuracy: 0.478847 GeV),
Warning: DR-bar to on-shell conversion for me2 failed (reached absolute accuracy: 0.240515 GeV)
Warning: DR-bar to on-shell conversion for Mu, M1, M2 failed (reached absolute accuracy: 0.0724925 GeV),
Warning: DR-bar to on-shell conversion for Mu, M1, M2 failed (reached absolute accuracy: 2.30757 GeV),
Warning: DR-bar to on-shell conversion for me2 failed (reached absolute accuracy: 0.117619 GeV)
Warning: DR-bar to on-shell conversion for Mu, M1, M2 failed (reached absolute accuracy: 1.62877 GeV),
Warning: DR-bar to on-shell conversion for Mu, M1, M2 failed (reached absolute accuracy: 2.59647 GeV),
Warning: DR-bar to on-shell conversion for me2 failed (reached absolute accuracy: 0.0438493 GeV)
Warning: DR-bar to on-shell conversion for Mu, M1, M2 failed (reached absolute accuracy: 0.34379 GeV),
Warning: DR-bar to on-shell conversion for Mu, M1, M2 failed (reached absolute accuracy: 1.28186 GeV),
Warning: DR-bar to on-shell conversion for me2 failed (reached absolute accuracy: 0.0412943 GeV)
Warning: DR-bar to on-shell conversion for Mu, M1, M2 failed (reached absolute accuracy: 1.17152 GeV),
Warning: DR-bar to on-shell conversion for me2 failed (reached absolute accuracy: 0.0149916 GeV)
Warning: DR-bar to on-shell conversion for Mu, M1, M2 failed (reached absolute accuracy: 2.31152 GeV),
Warning: DR-bar to on-shell conversion for Mu, M1, M2 failed (reached absolute accuracy: 2.25239 GeV),
Warning: DR-bar to on-shell conversion for Mu, M1, M2 failed (reached absolute accuracy: 2.80787 GeV),
Warning: DR-bar to on-shell conversion for me2 failed (reached absolute accuracy: 0.417432 GeV)
Warning: DR-bar to on-shell conversion for Mu, M1, M2 failed (reached absolute accuracy: 0.434887 GeV),
Warning: DR-bar to on-shell conversion for Mu, M1, M2 failed (reached absolute accuracy: 2.67217 GeV),
Warning: DR-bar to on-shell conversion for Mu, M1, M2 failed (reached absolute accuracy: 1.80348 GeV),
Warning: DR-bar to on-shell conversion for me2 failed (reached absolute accuracy: 0.446158 GeV)
Warning: DR-bar to on-shell conversion for Mu, M1, M2 failed (reached absolute accuracy: 2.13899e-05 GeV),
Warning: DR-bar to on-shell conversion for Mu, M1, M2 failed (reached absolute accuracy: 2.82441 GeV),
Warning: DR-bar to on-shell conversion for Mu, M1, M2 failed (reached absolute accuracy: 0.498539 GeV),
Warning: DR-bar to on-shell conversion for Mu, M1, M2 failed (reached absolute accuracy: 0.977073 GeV),
Warning: DR-bar to on-shell conversion for Mu, M1, M2 failed (reached absolute accuracy: 0.827486 GeV),
Warning: DR-bar to on-shell conversion for Mu, M1, M2 failed (reached absolute accuracy: 0.6179 GeV),
Warning: DR-bar to on-shell conversion for Mu, M1, M2 failed (reached absolute accuracy: 0.469755 GeV),
Warning: DR-bar to on-shell conversion for Mu, M1, M2 failed (reached absolute accuracy: 2.24088 GeV),
Warning: DR-bar to on-shell conversion for Mu, M1, M2 failed (reached absolute accuracy: 1.9762 GeV),
Warning: DR-bar to on-shell conversion for me2 failed (reached absolute accuracy: 0.0721737 GeV)
Warning: DR-bar to on-shell conversion for Mu, M1, M2 failed (reached absolute accuracy: 1.73371 GeV),
Warning: DR-bar to on-shell conversion for Mu, M1, M2 failed (reached absolute accuracy: 2.14144 GeV),
Warning: DR-bar to on-shell conversion for Mu, M1, M2 failed (reached absolute accuracy: 2.32892 GeV),
Warning: DR-bar to on-shell conversion for me2 failed (reached absolute accuracy: 0.359814 GeV)
Warning: DR-bar to on-shell conversion for Mu, M1, M2 failed (reached absolute accuracy: 2.10271 GeV),
Warning: DR-bar to on-shell conversion for Mu, M1, M2 failed (reached absolute accuracy: 0.153918 GeV),
Warning: DR-bar to on-shell conversion for me2 failed (reached absolute accuracy: 0.0428943 GeV)
Warning: DR-bar to on-shell conversion for Mu, M1, M2 failed (reached absolute accuracy: 1.5657 GeV),
Warning: DR-bar to on-shell conversion for Mu, M1, M2 failed (reached absolute accuracy: 1.75078 GeV),
Warning: DR-bar to on-shell conversion for Mu, M1, M2 failed (reached absolute accuracy: 1.84469 GeV),
Warning: DR-bar to on-shell conversion for me2 failed (reached absolute accuracy: 0.514468 GeV)
Warning: DR-bar to on-shell conversion for Mu, M1, M2 failed (reached absolute accuracy: 2.30558 GeV),
Warning: DR-bar to on-shell conversion for me2 failed (reached absolute accuracy: 0.19703 GeV)
Warning: DR-bar to on-shell conversion for Mu, M1, M2 failed (reached absolute accuracy: 1.78491 GeV),
Warning: DR-bar to on-shell conversion for Mu, M1, M2 failed (reached absolute accuracy: 1.9458 GeV),
Warning: DR-bar to on-shell conversion for Mu, M1, M2 failed (reached absolute accuracy: 2.7852 GeV),
Warning: DR-bar to on-shell conversion for me2 failed (reached absolute accuracy: 0.152346 GeV)
Warning: DR-bar to on-shell conversion for me2 failed (reached absolute accuracy: 0.287192 GeV)
Warning: DR-bar to on-shell conversion for Mu, M1, M2 failed (reached absolute accuracy: 2.63388 GeV),
Warning: DR-bar to on-shell conversion for Mu, M1, M2 failed (reached absolute accuracy: 2.47778 GeV),
Warning: DR-bar to on-shell conversion for Mu, M1, M2 failed (reached absolute accuracy: 2.7193 GeV),
Warning: DR-bar to on-shell conversion for Mu, M1, M2 failed (reached absolute accuracy: 1.64039 GeV),
Warning: DR-bar to on-shell conversion for me2 failed (reached absolute accuracy: 0.39891 GeV)
Warning: DR-bar to on-shell conversion for Mu, M1, M2 failed (reached absolute accuracy: 2.27633 GeV),
Warning: DR-bar to on-shell conversion for me2 failed (reached absolute accuracy: 0.25031 GeV)
Warning: DR-bar to on-shell conversion for me2 failed (reached absolute accuracy: 0.0581592 GeV)
Warning: DR-bar to on-shell conversion for me2 failed (reached absolute accuracy: 0.292358 GeV)
Warning: DR-bar to on-shell conversion for Mu, M1, M2 failed (reached absolute accuracy: 0.165102 GeV),
Warning: DR-bar to on-shell conversion for Mu, M1, M2 failed (reached absolute accuracy: 1.3095 GeV),
Warning: DR-bar to on-shell conversion for me2 failed (reached absolute accuracy: 0.104826 GeV)
Warning: DR-bar to on-shell conversion for Mu, M1, M2 failed (reached absolute accuracy: 0.152497 GeV),
Warning: DR-bar to on-shell conversion for Mu, M1, M2 failed (reached absolute accuracy: 2.81095 GeV),
Warning: DR-bar to on-shell conversion for Mu, M1, M2 failed (reached absolute accuracy: 1.81813 GeV),
Warning: DR-bar to on-shell conversion for Mu, M1, M2 failed (reached absolute accuracy: 2.51311 GeV),
Warning: DR-bar to on-shell conversion for Mu, M1, M2 failed (reached absolute accuracy: 2.49798 GeV),
Warning: DR-bar to on-shell conversion for Mu, M1, M2 failed (reached absolute accuracy: 1.86938 GeV),
Warning: DR-bar to on-shell conversion for me2 failed (reached absolute accuracy: 0.202778 GeV)
Warning: DR-bar to on-shell conversion for me2 failed (reached absolute accuracy: 0.21274 GeV)
Warning: DR-bar to on-shell conversion for Mu, M1, M2 failed (reached absolute accuracy: 1.58353 GeV),
Warning: DR-bar to on-shell conversion for Mu, M1, M2 failed (reached absolute accuracy: 2.75367 GeV),
Warning: DR-bar to on-shell conversion for me2 failed (reached absolute accuracy: 0.205974 GeV)
Warning: DR-bar to on-shell conversion for Mu, M1, M2 failed (reached absolute accuracy: 2.76597 GeV),
Warning: DR-bar to on-shell conversion for me2 failed (reached absolute accuracy: 0.226117 GeV)
Warning: DR-bar to on-shell conversion for Mu, M1, M2 failed (reached absolute accuracy: 2.79274 GeV),
Warning: DR-bar to on-shell conversion for Mu, M1, M2 failed (reached absolute accuracy: 2.21351 GeV),
Warning: DR-bar to on-shell conversion for Mu, M1, M2 failed (reached absolute accuracy: 2.60055 GeV),
Warning: DR-bar to on-shell conversion for me2 failed (reached absolute accuracy: 0.527838 GeV)
Warning: DR-bar to on-shell conversion for Mu, M1, M2 failed (reached absolute accuracy: 1.18216 GeV),
Warning: DR-bar to on-shell conversion for Mu, M1, M2 failed (reached absolute accuracy: 1.01228 GeV),
Warning: DR-bar to on-shell conversion for me2 failed (reached absolute accuracy: 0.0731617 GeV)
Warning: DR-bar to on-shell conversion for me2 failed (reached absolute accuracy: 0.0473045 GeV)
Warning: DR-bar to on-shell conversion for Mu, M1, M2 failed (reached absolute accuracy: 0.829361 GeV),
Warning: DR-bar to on-shell conversion for me2 failed (reached absolute accuracy: 0.144185 GeV)
Warning: DR-bar to on-shell conversion for Mu, M1, M2 failed (reached absolute accuracy: 1.57918 GeV),
Warning: DR-bar to on-shell conversion for Mu, M1, M2 failed (reached absolute accuracy: 2.36257 GeV),
Warning: DR-bar to on-shell conversion for Mu, M1, M2 failed (reached absolute accuracy: 2.2591 GeV),
Warning: DR-bar to on-shell conversion for me2 failed (reached absolute accuracy: 0.000626503 GeV)
Warning: DR-bar to on-shell conversion for Mu, M1, M2 failed (reached absolute accuracy: 0.572385 GeV),
Warning: DR-bar to on-shell conversion for Mu, M1, M2 failed (reached absolute accuracy: 2.52783 GeV),
Warning: DR-bar to on-shell conversion for Mu, M1, M2 failed (reached absolute accuracy: 2.19763 GeV),
Warning: DR-bar to on-shell conversion for Mu, M1, M2 failed (reached absolute accuracy: 0.0426445 GeV),
Warning: DR-bar to on-shell conversion for me2 failed (reached absolute accuracy: 0.190461 GeV)
Warning: DR-bar to on-shell conversion for Mu, M1, M2 failed (reached absolute accuracy: 1.57029 GeV),
Warning: DR-bar to on-shell conversion for Mu, M1, M2 failed (reached absolute accuracy: 0.364599 GeV),
Warning: DR-bar to on-shell conversion for Mu, M1, M2 failed (reached absolute accuracy: 0.899468 GeV),
Warning: DR-bar to on-shell conversion for me2 failed (reached absolute accuracy: 0.11284 GeV)
Warning: DR-bar to on-shell conversion for Mu, M1, M2 failed (reached absolute accuracy: 1.297 GeV),
Warning: DR-bar to on-shell conversion for Mu, M1, M2 failed (reached absolute accuracy: 0.574107 GeV),
Warning: DR-bar to on-shell conversion for Mu, M1, M2 failed (reached absolute accuracy: 2.77688 GeV),
Warning: DR-bar to on-shell conversion for Mu, M1, M2 failed (reached absolute accuracy: 2.27566 GeV),
Warning: DR-bar to on-shell conversion for Mu, M1, M2 failed (reached absolute accuracy: 2.13904 GeV),
Warning: DR-bar to on-shell conversion for me2 failed (reached absolute accuracy: 0.122266 GeV)
Warning: DR-bar to on-shell conversion for Mu, M1, M2 failed (reached absolute accuracy: 1.86718 GeV),
Warning: DR-bar to on-shell conversion for Mu, M1, M2 failed (reached absolute accuracy: 0.358825 GeV),
Warning: DR-bar to on-shell conversion for me2 failed (reached absolute accuracy: 0.0989802 GeV)
Warning: DR-bar to on-shell conversion for Mu, M1, M2 failed (reached absolute accuracy: 0.353785 GeV),
Warning: DR-bar to on-shell conversion for me2 failed (reached absolute accuracy: 0.122452 GeV)
Warning: DR-bar to on-shell conversion for Mu, M1, M2 failed (reached absolute accuracy: 1.98441 GeV),
Warning: DR-bar to on-shell conversion for Mu, M1, M2 failed (reached absolute accuracy: 2.3784 GeV),
Warning: DR-bar to on-shell conversion for me2 failed (reached absolute accuracy: 0.117658 GeV)
Warning: DR-bar to on-shell conversion for Mu, M1, M2 failed (reached absolute accuracy: 1.33624 GeV),
Warning: DR-bar to on-shell conversion for me2 failed (reached absolute accuracy: 0.351638 GeV)
Warning: DR-bar to on-shell conversion for me2 failed (reached absolute accuracy: 0.0315129 GeV)
Warning: DR-bar to on-shell conversion for me2 failed (reached absolute accuracy: 0.324859 GeV)
Warning: DR-bar to on-shell conversion for Mu, M1, M2 failed (reached absolute accuracy: 0.900208 GeV),
Warning: DR-bar to on-shell conversion for Mu, M1, M2 failed (reached absolute accuracy: 1.62495 GeV),
Warning: DR-bar to on-shell conversion for Mu, M1, M2 failed (reached absolute accuracy: 2.78429 GeV),
Warning: DR-bar to on-shell conversion for Mu, M1, M2 failed (reached absolute accuracy: 1.16418 GeV),
Warning: DR-bar to on-shell conversion for Mu, M1, M2 failed (reached absolute accuracy: 0.198468 GeV),
Warning: DR-bar to on-shell conversion for Mu, M1, M2 failed (reached absolute accuracy: 2.13613 GeV),
Warning: DR-bar to on-shell conversion for Mu, M1, M2 failed (reached absolute accuracy: 1.64636 GeV),
Warning: DR-bar to on-shell conversion for Mu, M1, M2 failed (reached absolute accuracy: 0.277924 GeV),
Warning: DR-bar to on-shell conversion for me2 failed (reached absolute accuracy: 0.358183 GeV)
Warning: DR-bar to on-shell conversion for Mu, M1, M2 failed (reached absolute accuracy: 0.314372 GeV),
Warning: DR-bar to on-shell conversion for Mu, M1, M2 failed (reached absolute accuracy: 1.63823 GeV),
Warning: DR-bar to on-shell conversion for Mu, M1, M2 failed (reached absolute accuracy: 2.72346 GeV),
Warning: DR-bar to on-shell conversion for me2 failed (reached absolute accuracy: 0.357309 GeV)
Warning: DR-bar to on-shell conversion for Mu, M1, M2 failed (reached absolute accuracy: 2.63073 GeV),
Warning: DR-bar to on-shell conversion for Mu, M1, M2 failed (reached absolute accuracy: 2.28993 GeV),
Warning: DR-bar to on-shell conversion for Mu, M1, M2 failed (reached absolute accuracy: 2.09868 GeV),
Warning: DR-bar to on-shell conversion for me2 failed (reached absolute accuracy: 0.353827 GeV)
Warning: DR-bar to on-shell conversion for me2 failed (reached absolute accuracy: 0.0851817 GeV)
Warning: DR-bar to on-shell conversion for me2 failed (reached absolute accuracy: 0.281775 GeV)
Warning: DR-bar to on-shell conversion for Mu, M1, M2 failed (reached absolute accuracy: 2.25614 GeV),
Warning: DR-bar to on-shell conversion for me2 failed (reached absolute accuracy: 0.118242 GeV)
Warning: DR-bar to on-shell conversion for Mu, M1, M2 failed (reached absolute accuracy: 2.48603 GeV),
Warning: DR-bar to on-shell conversion for me2 failed (reached absolute accuracy: 0.29914 GeV)
Warning: DR-bar to on-shell conversion for Mu, M1, M2 failed (reached absolute accuracy: 1.08165 GeV),
Warning: DR-bar to on-shell conversion for Mu, M1, M2 failed (reached absolute accuracy: 2.17558 GeV),
Warning: DR-bar to on-shell conversion for Mu, M1, M2 failed (reached absolute accuracy: 1.44105 GeV),
Warning: DR-bar to on-shell conversion for me2 failed (reached absolute accuracy: 0.290171 GeV)
Warning: DR-bar to on-shell conversion for me2 failed (reached absolute accuracy: 0.0102995 GeV)
Warning: DR-bar to on-shell conversion for Mu, M1, M2 failed (reached absolute accuracy: 1.22647 GeV),
Warning: DR-bar to on-shell conversion for Mu, M1, M2 failed (reached absolute accuracy: 2.79624 GeV),
Warning: DR-bar to on-shell conversion for Mu, M1, M2 failed (reached absolute accuracy: 2.68349 GeV),
Warning: DR-bar to on-shell conversion for me2 failed (reached absolute accuracy: 0.373609 GeV)
Warning: DR-bar to on-shell conversion for me2 failed (reached absolute accuracy: 0.150162 GeV)
Warning: DR-bar to on-shell conversion for Mu, M1, M2 failed (reached absolute accuracy: 0.460575 GeV),
Warning: DR-bar to on-shell conversion for me2 failed (reached absolute accuracy: 0.173548 GeV)
Warning: DR-bar to on-shell conversion for Mu, M1, M2 failed (reached absolute accuracy: 1.98158 GeV),
Warning: DR-bar to on-shell conversion for Mu, M1, M2 failed (reached absolute accuracy: 2.85506 GeV),
Warning: DR-bar to on-shell conversion for Mu, M1, M2 failed (reached absolute accuracy: 0.441774 GeV),
Warning: DR-bar to on-shell conversion for Mu, M1, M2 failed (reached absolute accuracy: 0.868828 GeV),
Warning: DR-bar to on-shell conversion for Mu, M1, M2 failed (reached absolute accuracy: 8.39488e-05 GeV),
Warning: DR-bar to on-shell conversion for Mu, M1, M2 failed (reached absolute accuracy: 1.12504 GeV),
Warning: DR-bar to on-shell conversion for Mu, M1, M2 failed (reached absolute accuracy: 2.59561 GeV),
Warning: DR-bar to on-shell conversion for Mu, M1, M2 failed (reached absolute accuracy: 2.28859 GeV),
Warning: DR-bar to on-shell conversion for me2 failed (reached absolute accuracy: 0.15491 GeV)
Warning: DR-bar to on-shell conversion for Mu, M1, M2 failed (reached absolute accuracy: 2.78591 GeV),
Warning: DR-bar to on-shell conversion for me2 failed (reached absolute accuracy: 0.527671 GeV)
Warning: DR-bar to on-shell conversion for me2 failed (reached absolute accuracy: 0.12466 GeV)
Warning: DR-bar to on-shell conversion for me2 failed (reached absolute accuracy: 0.144858 GeV)
Warning: DR-bar to on-shell conversion for me2 failed (reached absolute accuracy: 0.282472 GeV)
Warning: DR-bar to on-shell conversion for Mu, M1, M2 failed (reached absolute accuracy: 2.31351 GeV),
Warning: DR-bar to on-shell conversion for me2 failed (reached absolute accuracy: 0.00599281 GeV)
Warning: DR-bar to on-shell conversion for Mu, M1, M2 failed (reached absolute accuracy: 1.75711 GeV),
Warning: DR-bar to on-shell conversion for Mu, M1, M2 failed (reached absolute accuracy: 2.63875 GeV),
Warning: DR-bar to on-shell conversion for me2 failed (reached absolute accuracy: 0.116864 GeV)
Warning: DR-bar to on-shell conversion for Mu, M1, M2 failed (reached absolute accuracy: 2.24953 GeV),
Warning: DR-bar to on-shell conversion for Mu, M1, M2 failed (reached absolute accuracy: 0.329531 GeV),
Warning: DR-bar to on-shell conversion for me2 failed (reached absolute accuracy: 0.135486 GeV)
Warning: DR-bar to on-shell conversion for Mu, M1, M2 failed (reached absolute accuracy: 2.23194 GeV),
Warning: DR-bar to on-shell conversion for Mu, M1, M2 failed (reached absolute accuracy: 1.5279 GeV),
Warning: DR-bar to on-shell conversion for Mu, M1, M2 failed (reached absolute accuracy: 1.90958 GeV),
Warning: DR-bar to on-shell conversion for Mu, M1, M2 failed (reached absolute accuracy: 1.34782 GeV),
Warning: DR-bar to on-shell conversion for Mu, M1, M2 failed (reached absolute accuracy: 0.66757 GeV),
Warning: DR-bar to on-shell conversion for me2 failed (reached absolute accuracy: 0.0646819 GeV)
Warning: DR-bar to on-shell conversion for Mu, M1, M2 failed (reached absolute accuracy: 2.27901 GeV),
Warning: DR-bar to on-shell conversion for me2 failed (reached absolute accuracy: 0.000206309 GeV)
Warning: DR-bar to on-shell conversion for Mu, M1, M2 failed (reached absolute accuracy: 1.99735 GeV),
Warning: DR-bar to on-shell conversion for Mu, M1, M2 failed (reached absolute accuracy: 1.66865 GeV),
Warning: DR-bar to on-shell conversion for me2 failed (reached absolute accuracy: 0.0332285 GeV)
Warning: DR-bar to on-shell conversion for me2 failed (reached absolute accuracy: 0.2874 GeV)
Warning: DR-bar to on-shell conversion for Mu, M1, M2 failed (reached absolute accuracy: 0.784083 GeV),
Warning: DR-bar to on-shell conversion for Mu, M1, M2 failed (reached absolute accuracy: 0.71218 GeV),
Warning: DR-bar to on-shell conversion for me2 failed (reached absolute accuracy: 0.35278 GeV)
Warning: DR-bar to on-shell conversion for Mu, M1, M2 failed (reached absolute accuracy: 0.11115 GeV),
Warning: DR-bar to on-shell conversion for Mu, M1, M2 failed (reached absolute accuracy: 1.7695 GeV),
Warning: DR-bar to on-shell conversion for me2 failed (reached absolute accuracy: 0.0719807 GeV)
Warning: DR-bar to on-shell conversion for Mu, M1, M2 failed (reached absolute accuracy: 0.0143434 GeV),
Warning: DR-bar to on-shell conversion for Mu, M1, M2 failed (reached absolute accuracy: 2.77831 GeV),
Warning: DR-bar to on-shell conversion for me2 failed (reached absolute accuracy: 0.0594082 GeV)
Warning: DR-bar to on-shell conversion for Mu, M1, M2 failed (reached absolute accuracy: 2.19661 GeV),
Warning: DR-bar to on-shell conversion for Mu, M1, M2 failed (reached absolute accuracy: 1.28299 GeV),
Warning: DR-bar to on-shell conversion for Mu, M1, M2 failed (reached absolute accuracy: 1.40609 GeV),
Warning: DR-bar to on-shell conversion for Mu, M1, M2 failed (reached absolute accuracy: 0.00369853 GeV),
Warning: DR-bar to on-shell conversion for Mu, M1, M2 failed (reached absolute accuracy: 2.34298 GeV),
Warning: DR-bar to on-shell conversion for Mu, M1, M2 failed (reached absolute accuracy: 1.64102 GeV),
Warning: DR-bar to on-shell conversion for Mu, M1, M2 failed (reached absolute accuracy: 2.47653 GeV),
Warning: DR-bar to on-shell conversion for me2 failed (reached absolute accuracy: 0.0576992 GeV)
Warning: DR-bar to on-shell conversion for Mu, M1, M2 failed (reached absolute accuracy: 0.511451 GeV),
Warning: DR-bar to on-shell conversion for Mu, M1, M2 failed (reached absolute accuracy: 2.04611 GeV),
Warning: DR-bar to on-shell conversion for Mu, M1, M2 failed (reached absolute accuracy: 1.40392 GeV),
Warning: DR-bar to on-shell conversion for Mu, M1, M2 failed (reached absolute accuracy: 1.10558 GeV),
Warning: DR-bar to on-shell conversion for Mu, M1, M2 failed (reached absolute accuracy: 0.895324 GeV),
Warning: DR-bar to on-shell conversion for me2 failed (reached absolute accuracy: 0.102432 GeV)
Warning: DR-bar to on-shell conversion for Mu, M1, M2 failed (reached absolute accuracy: 2.30791 GeV),
Warning: DR-bar to on-shell conversion for Mu, M1, M2 failed (reached absolute accuracy: 1.06397 GeV),
Warning: DR-bar to on-shell conversion for Mu, M1, M2 failed (reached absolute accuracy: 2.71553 GeV),
Warning: DR-bar to on-shell conversion for me2 failed (reached absolute accuracy: 0.0252992 GeV)
Warning: DR-bar to on-shell conversion for Mu, M1, M2 failed (reached absolute accuracy: 1.09861e-07 GeV),
Warning: DR-bar to on-shell conversion for me2 failed (reached absolute accuracy: 0.0638759 GeV)
Warning: DR-bar to on-shell conversion for Mu, M1, M2 failed (reached absolute accuracy: 0.0473395 GeV),
Warning: DR-bar to on-shell conversion for Mu, M1, M2 failed (reached absolute accuracy: 2.28449 GeV),
Warning: DR-bar to on-shell conversion for Mu, M1, M2 failed (reached absolute accuracy: 2.28268 GeV),
Warning: DR-bar to on-shell conversion for Mu, M1, M2 failed (reached absolute accuracy: 2.06466 GeV),
Warning: DR-bar to on-shell conversion for Mu, M1, M2 failed (reached absolute accuracy: 2.16823 GeV),
Warning: DR-bar to on-shell conversion for me2 failed (reached absolute accuracy: 0.0533323 GeV)
Warning: DR-bar to on-shell conversion for Mu, M1, M2 failed (reached absolute accuracy: 1.04372 GeV),
Warning: DR-bar to on-shell conversion for Mu, M1, M2 failed (reached absolute accuracy: 2.07029 GeV),
Warning: DR-bar to on-shell conversion for me2 failed (reached absolute accuracy: 0.276857 GeV)
Warning: DR-bar to on-shell conversion for me2 failed (reached absolute accuracy: 0.00669454 GeV)
Warning: DR-bar to on-shell conversion for Mu, M1, M2 failed (reached absolute accuracy: 1.64581 GeV),
Warning: DR-bar to on-shell conversion for Mu, M1, M2 failed (reached absolute accuracy: 2.28308 GeV),
Warning: DR-bar to on-shell conversion for me2 failed (reached absolute accuracy: 0.0832289 GeV)
Warning: DR-bar to on-shell conversion for Mu, M1, M2 failed (reached absolute accuracy: 0.0107981 GeV),
Warning: DR-bar to on-shell conversion for me2 failed (reached absolute accuracy: 0.0010825 GeV)
Warning: DR-bar to on-shell conversion for Mu, M1, M2 failed (reached absolute accuracy: 2.66297 GeV),
Warning: DR-bar to on-shell conversion for me2 failed (reached absolute accuracy: 0.0578984 GeV)
Warning: DR-bar to on-shell conversion for Mu, M1, M2 failed (reached absolute accuracy: 1.73932 GeV),
Warning: DR-bar to on-shell conversion for Mu, M1, M2 failed (reached absolute accuracy: 2.08875 GeV),
Warning: DR-bar to on-shell conversion for me2 failed (reached absolute accuracy: 0.00269987 GeV)
Warning: DR-bar to on-shell conversion for Mu, M1, M2 failed (reached absolute accuracy: 2.06971 GeV),
Warning: DR-bar to on-shell conversion for me2 failed (reached absolute accuracy: 0.0722641 GeV)
Warning: DR-bar to on-shell conversion for Mu, M1, M2 failed (reached absolute accuracy: 1.82951 GeV),
Warning: DR-bar to on-shell conversion for me2 failed (reached absolute accuracy: 0.31746 GeV)
Warning: DR-bar to on-shell conversion for Mu, M1, M2 failed (reached absolute accuracy: 2.07139 GeV),
Warning: DR-bar to on-shell conversion for Mu, M1, M2 failed (reached absolute accuracy: 2.28938 GeV),
Warning: DR-bar to on-shell conversion for Mu, M1, M2 failed (reached absolute accuracy: 1.75013 GeV),
Warning: DR-bar to on-shell conversion for Mu, M1, M2 failed (reached absolute accuracy: 2.11042 GeV),
Warning: DR-bar to on-shell conversion for Mu, M1, M2 failed (reached absolute accuracy: 2.74934 GeV),
Warning: DR-bar to on-shell conversion for Mu, M1, M2 failed (reached absolute accuracy: 2.09434 GeV),
Warning: DR-bar to on-shell conversion for Mu, M1, M2 failed (reached absolute accuracy: 2.18357 GeV),
Warning: DR-bar to on-shell conversion for Mu, M1, M2 failed (reached absolute accuracy: 2.36027 GeV),
Warning: DR-bar to on-shell conversion for Mu, M1, M2 failed (reached absolute accuracy: 2.21359 GeV),
Warning: DR-bar to on-shell conversion for Mu, M1, M2 failed (reached absolute accuracy: 0.00683599 GeV),
Warning: DR-bar to on-shell conversion for Mu, M1, M2 failed (reached absolute accuracy: 2.315 GeV),
Warning: DR-bar to on-shell conversion for Mu, M1, M2 failed (reached absolute accuracy: 1.21179 GeV),
Warning: DR-bar to on-shell conversion for me2 failed (reached absolute accuracy: 0.200785 GeV)
Warning: DR-bar to on-shell conversion for me2 failed (reached absolute accuracy: 0.408295 GeV)
Warning: DR-bar to on-shell conversion for me2 failed (reached absolute accuracy: 0.0817188 GeV)
Warning: DR-bar to on-shell conversion for me2 failed (reached absolute accuracy: 0.0816732 GeV)
Warning: DR-bar to on-shell conversion for Mu, M1, M2 failed (reached absolute accuracy: 2.70748 GeV),
Warning: DR-bar to on-shell conversion for Mu, M1, M2 failed (reached absolute accuracy: 2.74654 GeV),
Warning: DR-bar to on-shell conversion for Mu, M1, M2 failed (reached absolute accuracy: 2.65697 GeV),
Warning: DR-bar to on-shell conversion for Mu, M1, M2 failed (reached absolute accuracy: 1.86914 GeV),
Warning: DR-bar to on-shell conversion for Mu, M1, M2 failed (reached absolute accuracy: 1.68997 GeV),
Warning: DR-bar to on-shell conversion for Mu, M1, M2 failed (reached absolute accuracy: 2.64617 GeV),
Warning: DR-bar to on-shell conversion for me2 failed (reached absolute accuracy: 0.326877 GeV)
Warning: DR-bar to on-shell conversion for Mu, M1, M2 failed (reached absolute accuracy: 2.74984 GeV),
/raven/u/dvoss/al_pmssmwithgp/model/slurm/job_Run3ModelGen_true.sh: line 24: wait_for_file: command not found
srun: error: ravg1111: task 0: Exited with exit code 127
srun: Terminating StepId=13079800.0
