Defaulting to user installation because normal site-packages is not writeable
Requirement already satisfied: uproot in /raven/u/dvoss/.local/lib/python3.9/site-packages (5.3.10)
Requirement already satisfied: typing-extensions>=4.1.0 in /raven/u/dvoss/.local/lib/python3.9/site-packages (from uproot) (4.12.2)
Requirement already satisfied: cramjam>=2.5.0 in /raven/u/dvoss/.local/lib/python3.9/site-packages (from uproot) (2.8.3)
Requirement already satisfied: numpy in /raven/u/system/soft/SLE_15/packages/x86_64/anaconda/3/2021.11/lib/python3.9/site-packages (from uproot) (1.20.3)
Requirement already satisfied: packaging in /raven/u/system/soft/SLE_15/packages/x86_64/anaconda/3/2021.11/lib/python3.9/site-packages (from uproot) (21.0)
Requirement already satisfied: fsspec in /raven/u/dvoss/.local/lib/python3.9/site-packages (from uproot) (2024.6.1)
Requirement already satisfied: awkward>=2.4.6 in /raven/u/dvoss/.local/lib/python3.9/site-packages (from uproot) (2.6.6)
Requirement already satisfied: importlib-metadata>=4.13.0 in /raven/u/dvoss/.local/lib/python3.9/site-packages (from awkward>=2.4.6->uproot) (8.0.0)
Requirement already satisfied: awkward-cpp==35 in /raven/u/dvoss/.local/lib/python3.9/site-packages (from awkward>=2.4.6->uproot) (35)
Requirement already satisfied: zipp>=0.5 in /raven/u/system/soft/SLE_15/packages/x86_64/anaconda/3/2021.11/lib/python3.9/site-packages (from importlib-metadata>=4.13.0->awkward>=2.4.6->uproot) (3.6.0)
Requirement already satisfied: pyparsing>=2.0.2 in /raven/u/system/soft/SLE_15/packages/x86_64/anaconda/3/2021.11/lib/python3.9/site-packages (from packaging->uproot) (3.0.4)
Defaulting to user installation because normal site-packages is not writeable
Collecting argparse
  Using cached argparse-1.4.0-py2.py3-none-any.whl (23 kB)
Installing collected packages: argparse
Successfully installed argparse-1.4.0
Defaulting to user installation because normal site-packages is not writeable
Requirement already satisfied: pyslha in /raven/u/dvoss/.local/lib/python3.9/site-packages (3.2.6)
Requirement already satisfied: tex2pix>=0.1.5 in /raven/u/dvoss/.local/lib/python3.9/site-packages (from pyslha) (0.3.1)
Defaulting to user installation because normal site-packages is not writeable
Requirement already satisfied: structlog in /raven/u/dvoss/.local/lib/python3.9/site-packages (24.4.0)
Starting iteration 1
Initial Training points:  tensor([0.5980, 1.0000, 0.6798, 0.1852, 0.0000], device='cuda:0') torch.Size([5])
These training_points are used in the GP tensor([0.5980, 1.0000, 0.6798, 0.1852, 0.0000], device='cuda:0')
points: {0, 68, 45}
new xs normalized:  tensor([0.0000, 0.0681, 0.0450], device='cuda:0')
Corresponding xs: tensor([-1981.6007, -1750.6473, -1828.7639], device='cuda:0')
Plot saved to /raven/u/dvoss/al_pmssmwithgp/model/plots/Iter1/gp_plot.png
YAML file has been created: /u/dvoss/al_pmssmwithgp/Run3ModelGen/source/Run3ModelGen/data/new_config.yaml
Note: detected 144 virtual cores but NumExpr set to maximum of 64, check "NUMEXPR_MAX_THREADS" environment variable.
Note: NumExpr detected 144 cores but "NUMEXPR_MAX_THREADS" not set, so enforcing safe limit of 8.
NumExpr defaulting to 8 threads.

  ___              ____ __  __          _       _   ___            
 | _ \ _  _  _ _  |__ /|  \/  | ___  __| | ___ | | / __| ___  _ _  
 |   /| || || ' \  |_ \| |\/| |/ _ \/ _` |/ -_)| || (_ |/ -_)| ' \ 
 |_|_\ \_,_||_||_||___/|_|  |_|\___/\__,_|\___||_| \___|\___||_||_|
                                                                   

2024-08-09 13:54:27 [info     ] Initialised ModelGenerator with: [Run3ModelGen.modelgen]
2024-08-09 13:54:27 [info     ] 	config_file = /u/dvoss/al_pmssmwithgp/Run3ModelGen/source/Run3ModelGen/data/new_config.yaml [Run3ModelGen.modelgen]
2024-08-09 13:54:27 [info     ] 	scan_dir = /u/dvoss/al_pmssmwithgp/Run3ModelGen/source/Run3ModelGen/scans/scan_1 [Run3ModelGen.modelgen]
2024-08-09 13:54:27 [info     ] 	rawfilen = /u/dvoss/al_pmssmwithgp/Run3ModelGen/source/Run3ModelGen/data/raw.slha [Run3ModelGen.modelgen]
2024-08-09 13:54:27 [info     ] 	seed = 123                    [Run3ModelGen.modelgen]
2024-08-09 13:54:27 [info     ] 	points = {}                   [Run3ModelGen.modelgen]
2024-08-09 13:54:27 [info     ] 	prior = fixed                 [Run3ModelGen.modelgen]
2024-08-09 13:54:27 [info     ] 	num_models = 3                [Run3ModelGen.modelgen]
2024-08-09 13:54:27 [info     ] 	isGMSB = False                [Run3ModelGen.modelgen]
2024-08-09 13:54:27 [info     ] 	parameters =                  [Run3ModelGen.modelgen]
2024-08-09 13:54:27 [info     ] 		tanb: [60, 60, 60]           [Run3ModelGen.modelgen]
2024-08-09 13:54:27 [info     ] 		M_1: [-1981.6, -1750.65, -1828.76] [Run3ModelGen.modelgen]
2024-08-09 13:54:27 [info     ] 		M_2: [2000, 2000, 2000]      [Run3ModelGen.modelgen]
2024-08-09 13:54:27 [info     ] 		M_3: [4000, 4000, 4000]      [Run3ModelGen.modelgen]
2024-08-09 13:54:27 [info     ] 		AT: [4000, 4000, 4000]       [Run3ModelGen.modelgen]
2024-08-09 13:54:27 [info     ] 		Ab: [2000, 2000, 2000]       [Run3ModelGen.modelgen]
2024-08-09 13:54:27 [info     ] 		Atau: [2000, 2000, 2000]     [Run3ModelGen.modelgen]
2024-08-09 13:54:27 [info     ] 		mu: [2000, 2000, 2000]       [Run3ModelGen.modelgen]
2024-08-09 13:54:27 [info     ] 		mA: [2000, 2000, 2000]       [Run3ModelGen.modelgen]
2024-08-09 13:54:27 [info     ] 		meL: [2000, 2000, 2000]      [Run3ModelGen.modelgen]
2024-08-09 13:54:27 [info     ] 		mtauL: [2000, 2000, 2000]    [Run3ModelGen.modelgen]
2024-08-09 13:54:27 [info     ] 		meR: [2000, 2000, 2000]      [Run3ModelGen.modelgen]
2024-08-09 13:54:27 [info     ] 		mtauR: [2000, 2000, 2000]    [Run3ModelGen.modelgen]
2024-08-09 13:54:27 [info     ] 		mqL1: [4000, 4000, 4000]     [Run3ModelGen.modelgen]
2024-08-09 13:54:27 [info     ] 		mqL3: [4000, 4000, 4000]     [Run3ModelGen.modelgen]
2024-08-09 13:54:27 [info     ] 		muR: [4000, 4000, 4000]      [Run3ModelGen.modelgen]
2024-08-09 13:54:27 [info     ] 		mtR: [4000, 4000, 4000]      [Run3ModelGen.modelgen]
2024-08-09 13:54:27 [info     ] 		mdR: [4000, 4000, 4000]      [Run3ModelGen.modelgen]
2024-08-09 13:54:27 [info     ] 		mbR: [4000, 4000, 4000]      [Run3ModelGen.modelgen]
2024-08-09 13:54:27 [info     ] 	steps =                       [Run3ModelGen.modelgen]
2024-08-09 13:54:27 [info     ] 		{'name': 'prep_input', 'output_dir': 'input', 'prefix': 'IN'} [Run3ModelGen.modelgen]
2024-08-09 13:54:27 [info     ] 		{'name': 'SPheno', 'input_dir': 'input', 'output_dir': 'SPheno', 'log_dir': 'SPheno_log', 'prefix': 'SP'} [Run3ModelGen.modelgen]
2024-08-09 13:54:27 [info     ] 		{'name': 'softsusy', 'input_dir': 'input', 'output_dir': 'softsusy', 'prefix': 'SS'} [Run3ModelGen.modelgen]
2024-08-09 13:54:27 [info     ] 		{'name': 'micromegas', 'input_dir': 'SPheno', 'output_dir': 'micromegas', 'prefix': 'MO'} [Run3ModelGen.modelgen]
2024-08-09 13:54:27 [info     ] 		{'name': 'superiso', 'input_dir': 'SPheno', 'output_dir': 'superiso', 'prefix': 'SI'} [Run3ModelGen.modelgen]
2024-08-09 13:54:27 [info     ] 		{'name': 'gm2calc', 'input_dir': 'SPheno', 'output_dir': 'gm2calc', 'prefix': 'GM2'} [Run3ModelGen.modelgen]
2024-08-09 13:54:27 [info     ] 		{'name': 'evade', 'input_dir': 'SPheno', 'output_dir': 'evade', 'prefix': 'EV'} [Run3ModelGen.modelgen]
2024-08-09 13:54:27 [info     ] Starting Model Generation...   [Run3ModelGen.modelgen]
2024-08-09 13:54:27 [info     ] Setting up output directories for scan [Run3ModelGen.modelgen]
2024-08-09 13:54:27 [info     ] Generating Model: 0.slha (1/3) [Run3ModelGen.modelgen]
2024-08-09 13:54:27 [info     ] 	running step: prep_input      [Run3ModelGen.modelgen]
2024-08-09 13:54:27 [info     ] 	running step: SPheno          [Run3ModelGen.modelgen]
2024-08-09 13:54:27 [info     ] 	running step: softsusy        [Run3ModelGen.modelgen]
2024-08-09 13:54:28 [info     ] 	running step: micromegas      [Run3ModelGen.modelgen]
2024-08-09 13:54:33 [info     ] 	running step: superiso        [Run3ModelGen.modelgen]
2024-08-09 13:54:33 [info     ] 	running step: gm2calc         [Run3ModelGen.modelgen]
2024-08-09 13:54:33 [info     ] 	running step: evade           [Run3ModelGen.modelgen]
2024-08-09 13:54:33 [info     ] Generating Model: 1.slha (2/3) [Run3ModelGen.modelgen]
2024-08-09 13:54:33 [info     ] 	running step: prep_input      [Run3ModelGen.modelgen]
2024-08-09 13:54:33 [info     ] 	running step: SPheno          [Run3ModelGen.modelgen]
2024-08-09 13:54:34 [info     ] 	running step: softsusy        [Run3ModelGen.modelgen]
2024-08-09 13:54:34 [info     ] 	running step: micromegas      [Run3ModelGen.modelgen]
2024-08-09 13:54:35 [info     ] 	running step: superiso        [Run3ModelGen.modelgen]
2024-08-09 13:54:35 [info     ] 	running step: gm2calc         [Run3ModelGen.modelgen]
2024-08-09 13:54:35 [info     ] 	running step: evade           [Run3ModelGen.modelgen]
2024-08-09 13:54:35 [info     ] Generating Model: 2.slha (3/3) [Run3ModelGen.modelgen]
2024-08-09 13:54:35 [info     ] 	running step: prep_input      [Run3ModelGen.modelgen]
2024-08-09 13:54:35 [info     ] 	running step: SPheno          [Run3ModelGen.modelgen]
2024-08-09 13:54:36 [info     ] 	running step: softsusy        [Run3ModelGen.modelgen]
2024-08-09 13:54:36 [info     ] 	running step: micromegas      [Run3ModelGen.modelgen]
2024-08-09 13:54:37 [info     ] 	running step: superiso        [Run3ModelGen.modelgen]
2024-08-09 13:54:37 [info     ] 	running step: gm2calc         [Run3ModelGen.modelgen]
2024-08-09 13:54:37 [info     ] 	running step: evade           [Run3ModelGen.modelgen]
2024-08-09 13:54:37 [info     ] Finished generating models! Stats for successful generations (successful/attempted): [Run3ModelGen.modelgen]
2024-08-09 13:54:37 [info     ] 	prep_input: 3/3.              [Run3ModelGen.modelgen]
2024-08-09 13:54:37 [info     ] 	SPheno: 3/3.                  [Run3ModelGen.modelgen]
2024-08-09 13:54:37 [info     ] 	softsusy: 3/3.                [Run3ModelGen.modelgen]
2024-08-09 13:54:37 [info     ] 	micromegas: 3/3.              [Run3ModelGen.modelgen]
2024-08-09 13:54:37 [info     ] 	superiso: 3/3.                [Run3ModelGen.modelgen]
2024-08-09 13:54:37 [info     ] 	gm2calc: 3/3.                 [Run3ModelGen.modelgen]
2024-08-09 13:54:37 [info     ] 	evade: 0/3.                   [Run3ModelGen.modelgen]
2024-08-09 13:54:37 [info     ] Will make NTuple for: /u/dvoss/al_pmssmwithgp/Run3ModelGen/source/Run3ModelGen/scans/scan_1, with 3 models [Run3ModelGen.ntupling]
2024-08-09 13:54:37 [info     ] 	Filling values for model: 0   [Run3ModelGen.ntupling]
2024-08-09 13:54:37 [info     ] Saving NTuple in /u/dvoss/al_pmssmwithgp/Run3ModelGen/source/Run3ModelGen/scans/scan_1/ntuple.0.0.root ... [Run3ModelGen.ntupling]
Completed iteration 1
Starting iteration 2
Initial Training points:  tensor([0.5980, 1.0000, 0.6798, 0.1852, 0.0000], device='cuda:0') torch.Size([5])
Training points after adding:  tensor([0.5980, 1.0000, 0.6798, 0.1852, 0.0000, 0.1877, 0.6387, 0.9396],
       device='cuda:0') torch.Size([8])
These training_points are used in the GP tensor([0.5980, 1.0000, 0.6798, 0.1852, 0.0000, 0.1877, 0.6387, 0.9396],
       device='cuda:0')
points: {0, 24, 35}
new xs normalized:  tensor([0.0000, 0.0240, 0.0350], device='cuda:0')
Corresponding xs: tensor([-1981.6007, -1900.0878, -1862.7277], device='cuda:0')
Plot saved to /raven/u/dvoss/al_pmssmwithgp/model/plots/Iter2/gp_plot.png
YAML file has been created: /u/dvoss/al_pmssmwithgp/Run3ModelGen/source/Run3ModelGen/data/new_config.yaml
Note: detected 144 virtual cores but NumExpr set to maximum of 64, check "NUMEXPR_MAX_THREADS" environment variable.
Note: NumExpr detected 144 cores but "NUMEXPR_MAX_THREADS" not set, so enforcing safe limit of 8.
NumExpr defaulting to 8 threads.

  ___              ____ __  __          _       _   ___            
 | _ \ _  _  _ _  |__ /|  \/  | ___  __| | ___ | | / __| ___  _ _  
 |   /| || || ' \  |_ \| |\/| |/ _ \/ _` |/ -_)| || (_ |/ -_)| ' \ 
 |_|_\ \_,_||_||_||___/|_|  |_|\___/\__,_|\___||_| \___|\___||_||_|
                                                                   

2024-08-09 13:55:17 [info     ] Initialised ModelGenerator with: [Run3ModelGen.modelgen]
2024-08-09 13:55:17 [info     ] 	config_file = /u/dvoss/al_pmssmwithgp/Run3ModelGen/source/Run3ModelGen/data/new_config.yaml [Run3ModelGen.modelgen]
2024-08-09 13:55:17 [info     ] 	scan_dir = /u/dvoss/al_pmssmwithgp/Run3ModelGen/source/Run3ModelGen/scans/scan_2 [Run3ModelGen.modelgen]
2024-08-09 13:55:17 [info     ] 	rawfilen = /u/dvoss/al_pmssmwithgp/Run3ModelGen/source/Run3ModelGen/data/raw.slha [Run3ModelGen.modelgen]
2024-08-09 13:55:17 [info     ] 	seed = 123                    [Run3ModelGen.modelgen]
2024-08-09 13:55:17 [info     ] 	points = {}                   [Run3ModelGen.modelgen]
2024-08-09 13:55:17 [info     ] 	prior = fixed                 [Run3ModelGen.modelgen]
2024-08-09 13:55:17 [info     ] 	num_models = 3                [Run3ModelGen.modelgen]
2024-08-09 13:55:17 [info     ] 	isGMSB = False                [Run3ModelGen.modelgen]
2024-08-09 13:55:17 [info     ] 	parameters =                  [Run3ModelGen.modelgen]
2024-08-09 13:55:17 [info     ] 		tanb: [60, 60, 60]           [Run3ModelGen.modelgen]
2024-08-09 13:55:17 [info     ] 		M_1: [-1981.6, -1900.09, -1862.73] [Run3ModelGen.modelgen]
2024-08-09 13:55:17 [info     ] 		M_2: [2000, 2000, 2000]      [Run3ModelGen.modelgen]
2024-08-09 13:55:17 [info     ] 		M_3: [4000, 4000, 4000]      [Run3ModelGen.modelgen]
2024-08-09 13:55:17 [info     ] 		AT: [4000, 4000, 4000]       [Run3ModelGen.modelgen]
2024-08-09 13:55:17 [info     ] 		Ab: [2000, 2000, 2000]       [Run3ModelGen.modelgen]
2024-08-09 13:55:17 [info     ] 		Atau: [2000, 2000, 2000]     [Run3ModelGen.modelgen]
2024-08-09 13:55:17 [info     ] 		mu: [2000, 2000, 2000]       [Run3ModelGen.modelgen]
2024-08-09 13:55:17 [info     ] 		mA: [2000, 2000, 2000]       [Run3ModelGen.modelgen]
2024-08-09 13:55:17 [info     ] 		meL: [2000, 2000, 2000]      [Run3ModelGen.modelgen]
2024-08-09 13:55:17 [info     ] 		mtauL: [2000, 2000, 2000]    [Run3ModelGen.modelgen]
2024-08-09 13:55:17 [info     ] 		meR: [2000, 2000, 2000]      [Run3ModelGen.modelgen]
2024-08-09 13:55:17 [info     ] 		mtauR: [2000, 2000, 2000]    [Run3ModelGen.modelgen]
2024-08-09 13:55:17 [info     ] 		mqL1: [4000, 4000, 4000]     [Run3ModelGen.modelgen]
2024-08-09 13:55:17 [info     ] 		mqL3: [4000, 4000, 4000]     [Run3ModelGen.modelgen]
2024-08-09 13:55:17 [info     ] 		muR: [4000, 4000, 4000]      [Run3ModelGen.modelgen]
2024-08-09 13:55:17 [info     ] 		mtR: [4000, 4000, 4000]      [Run3ModelGen.modelgen]
2024-08-09 13:55:17 [info     ] 		mdR: [4000, 4000, 4000]      [Run3ModelGen.modelgen]
2024-08-09 13:55:17 [info     ] 		mbR: [4000, 4000, 4000]      [Run3ModelGen.modelgen]
2024-08-09 13:55:17 [info     ] 	steps =                       [Run3ModelGen.modelgen]
2024-08-09 13:55:17 [info     ] 		{'name': 'prep_input', 'output_dir': 'input', 'prefix': 'IN'} [Run3ModelGen.modelgen]
2024-08-09 13:55:17 [info     ] 		{'name': 'SPheno', 'input_dir': 'input', 'output_dir': 'SPheno', 'log_dir': 'SPheno_log', 'prefix': 'SP'} [Run3ModelGen.modelgen]
2024-08-09 13:55:17 [info     ] 		{'name': 'softsusy', 'input_dir': 'input', 'output_dir': 'softsusy', 'prefix': 'SS'} [Run3ModelGen.modelgen]
2024-08-09 13:55:17 [info     ] 		{'name': 'micromegas', 'input_dir': 'SPheno', 'output_dir': 'micromegas', 'prefix': 'MO'} [Run3ModelGen.modelgen]
2024-08-09 13:55:17 [info     ] 		{'name': 'superiso', 'input_dir': 'SPheno', 'output_dir': 'superiso', 'prefix': 'SI'} [Run3ModelGen.modelgen]
2024-08-09 13:55:17 [info     ] 		{'name': 'gm2calc', 'input_dir': 'SPheno', 'output_dir': 'gm2calc', 'prefix': 'GM2'} [Run3ModelGen.modelgen]
2024-08-09 13:55:17 [info     ] 		{'name': 'evade', 'input_dir': 'SPheno', 'output_dir': 'evade', 'prefix': 'EV'} [Run3ModelGen.modelgen]
2024-08-09 13:55:17 [info     ] Starting Model Generation...   [Run3ModelGen.modelgen]
2024-08-09 13:55:17 [info     ] Setting up output directories for scan [Run3ModelGen.modelgen]
2024-08-09 13:55:17 [info     ] Generating Model: 0.slha (1/3) [Run3ModelGen.modelgen]
2024-08-09 13:55:17 [info     ] 	running step: prep_input      [Run3ModelGen.modelgen]
2024-08-09 13:55:17 [info     ] 	running step: SPheno          [Run3ModelGen.modelgen]
2024-08-09 13:55:18 [info     ] 	running step: softsusy        [Run3ModelGen.modelgen]
2024-08-09 13:55:18 [info     ] 	running step: micromegas      [Run3ModelGen.modelgen]
2024-08-09 13:55:19 [info     ] 	running step: superiso        [Run3ModelGen.modelgen]
2024-08-09 13:55:19 [info     ] 	running step: gm2calc         [Run3ModelGen.modelgen]
2024-08-09 13:55:19 [info     ] 	running step: evade           [Run3ModelGen.modelgen]
2024-08-09 13:55:19 [info     ] Generating Model: 1.slha (2/3) [Run3ModelGen.modelgen]
2024-08-09 13:55:19 [info     ] 	running step: prep_input      [Run3ModelGen.modelgen]
2024-08-09 13:55:19 [info     ] 	running step: SPheno          [Run3ModelGen.modelgen]
2024-08-09 13:55:19 [info     ] 	running step: softsusy        [Run3ModelGen.modelgen]
2024-08-09 13:55:19 [info     ] 	running step: micromegas      [Run3ModelGen.modelgen]
2024-08-09 13:55:21 [info     ] 	running step: superiso        [Run3ModelGen.modelgen]
2024-08-09 13:55:21 [info     ] 	running step: gm2calc         [Run3ModelGen.modelgen]
2024-08-09 13:55:21 [info     ] 	running step: evade           [Run3ModelGen.modelgen]
2024-08-09 13:55:21 [info     ] Generating Model: 2.slha (3/3) [Run3ModelGen.modelgen]
2024-08-09 13:55:21 [info     ] 	running step: prep_input      [Run3ModelGen.modelgen]
2024-08-09 13:55:21 [info     ] 	running step: SPheno          [Run3ModelGen.modelgen]
2024-08-09 13:55:21 [info     ] 	running step: softsusy        [Run3ModelGen.modelgen]
2024-08-09 13:55:21 [info     ] 	running step: micromegas      [Run3ModelGen.modelgen]
2024-08-09 13:55:23 [info     ] 	running step: superiso        [Run3ModelGen.modelgen]
2024-08-09 13:55:23 [info     ] 	running step: gm2calc         [Run3ModelGen.modelgen]
2024-08-09 13:55:23 [info     ] 	running step: evade           [Run3ModelGen.modelgen]
2024-08-09 13:55:23 [info     ] Finished generating models! Stats for successful generations (successful/attempted): [Run3ModelGen.modelgen]
2024-08-09 13:55:23 [info     ] 	prep_input: 3/3.              [Run3ModelGen.modelgen]
2024-08-09 13:55:23 [info     ] 	SPheno: 3/3.                  [Run3ModelGen.modelgen]
2024-08-09 13:55:23 [info     ] 	softsusy: 3/3.                [Run3ModelGen.modelgen]
2024-08-09 13:55:23 [info     ] 	micromegas: 3/3.              [Run3ModelGen.modelgen]
2024-08-09 13:55:23 [info     ] 	superiso: 3/3.                [Run3ModelGen.modelgen]
2024-08-09 13:55:23 [info     ] 	gm2calc: 3/3.                 [Run3ModelGen.modelgen]
2024-08-09 13:55:23 [info     ] 	evade: 0/3.                   [Run3ModelGen.modelgen]
2024-08-09 13:55:23 [info     ] Will make NTuple for: /u/dvoss/al_pmssmwithgp/Run3ModelGen/source/Run3ModelGen/scans/scan_2, with 3 models [Run3ModelGen.ntupling]
2024-08-09 13:55:23 [info     ] 	Filling values for model: 0   [Run3ModelGen.ntupling]
2024-08-09 13:55:23 [info     ] Saving NTuple in /u/dvoss/al_pmssmwithgp/Run3ModelGen/source/Run3ModelGen/scans/scan_2/ntuple.0.0.root ... [Run3ModelGen.ntupling]
Completed iteration 2
Starting iteration 3
Initial Training points:  tensor([0.5980, 1.0000, 0.6798, 0.1852, 0.0000], device='cuda:0') torch.Size([5])
Training points after adding:  tensor([0.5980, 1.0000, 0.6798, 0.1852, 0.0000, 0.1877, 0.6387, 0.9396, 0.1877,
        0.7292, 0.2407], device='cuda:0') torch.Size([11])
These training_points are used in the GP tensor([0.5980, 1.0000, 0.6798, 0.1852, 0.0000, 0.1877, 0.6387, 0.9396, 0.1877,
        0.7292, 0.2407], device='cuda:0')
points: {0, 781, 728}
new xs normalized:  tensor([0.0000, 0.7818, 0.7287], device='cuda:0')
Corresponding xs: tensor([-1981.6007,   670.9667,   490.9586], device='cuda:0')
Plot saved to /raven/u/dvoss/al_pmssmwithgp/model/plots/Iter3/gp_plot.png
YAML file has been created: /u/dvoss/al_pmssmwithgp/Run3ModelGen/source/Run3ModelGen/data/new_config.yaml
Note: detected 144 virtual cores but NumExpr set to maximum of 64, check "NUMEXPR_MAX_THREADS" environment variable.
Note: NumExpr detected 144 cores but "NUMEXPR_MAX_THREADS" not set, so enforcing safe limit of 8.
NumExpr defaulting to 8 threads.

  ___              ____ __  __          _       _   ___            
 | _ \ _  _  _ _  |__ /|  \/  | ___  __| | ___ | | / __| ___  _ _  
 |   /| || || ' \  |_ \| |\/| |/ _ \/ _` |/ -_)| || (_ |/ -_)| ' \ 
 |_|_\ \_,_||_||_||___/|_|  |_|\___/\__,_|\___||_| \___|\___||_||_|
                                                                   

2024-08-09 13:56:01 [info     ] Initialised ModelGenerator with: [Run3ModelGen.modelgen]
2024-08-09 13:56:01 [info     ] 	config_file = /u/dvoss/al_pmssmwithgp/Run3ModelGen/source/Run3ModelGen/data/new_config.yaml [Run3ModelGen.modelgen]
2024-08-09 13:56:01 [info     ] 	scan_dir = /u/dvoss/al_pmssmwithgp/Run3ModelGen/source/Run3ModelGen/scans/scan_3 [Run3ModelGen.modelgen]
2024-08-09 13:56:01 [info     ] 	rawfilen = /u/dvoss/al_pmssmwithgp/Run3ModelGen/source/Run3ModelGen/data/raw.slha [Run3ModelGen.modelgen]
2024-08-09 13:56:01 [info     ] 	seed = 123                    [Run3ModelGen.modelgen]
2024-08-09 13:56:01 [info     ] 	points = {}                   [Run3ModelGen.modelgen]
2024-08-09 13:56:01 [info     ] 	prior = fixed                 [Run3ModelGen.modelgen]
2024-08-09 13:56:01 [info     ] 	num_models = 3                [Run3ModelGen.modelgen]
2024-08-09 13:56:01 [info     ] 	isGMSB = False                [Run3ModelGen.modelgen]
2024-08-09 13:56:01 [info     ] 	parameters =                  [Run3ModelGen.modelgen]
2024-08-09 13:56:01 [info     ] 		tanb: [60, 60, 60]           [Run3ModelGen.modelgen]
2024-08-09 13:56:01 [info     ] 		M_1: [-1981.6, 670.97, 490.96] [Run3ModelGen.modelgen]
2024-08-09 13:56:01 [info     ] 		M_2: [2000, 2000, 2000]      [Run3ModelGen.modelgen]
2024-08-09 13:56:01 [info     ] 		M_3: [4000, 4000, 4000]      [Run3ModelGen.modelgen]
2024-08-09 13:56:01 [info     ] 		AT: [4000, 4000, 4000]       [Run3ModelGen.modelgen]
2024-08-09 13:56:01 [info     ] 		Ab: [2000, 2000, 2000]       [Run3ModelGen.modelgen]
2024-08-09 13:56:01 [info     ] 		Atau: [2000, 2000, 2000]     [Run3ModelGen.modelgen]
2024-08-09 13:56:01 [info     ] 		mu: [2000, 2000, 2000]       [Run3ModelGen.modelgen]
2024-08-09 13:56:01 [info     ] 		mA: [2000, 2000, 2000]       [Run3ModelGen.modelgen]
2024-08-09 13:56:01 [info     ] 		meL: [2000, 2000, 2000]      [Run3ModelGen.modelgen]
2024-08-09 13:56:01 [info     ] 		mtauL: [2000, 2000, 2000]    [Run3ModelGen.modelgen]
2024-08-09 13:56:01 [info     ] 		meR: [2000, 2000, 2000]      [Run3ModelGen.modelgen]
2024-08-09 13:56:01 [info     ] 		mtauR: [2000, 2000, 2000]    [Run3ModelGen.modelgen]
2024-08-09 13:56:01 [info     ] 		mqL1: [4000, 4000, 4000]     [Run3ModelGen.modelgen]
2024-08-09 13:56:01 [info     ] 		mqL3: [4000, 4000, 4000]     [Run3ModelGen.modelgen]
2024-08-09 13:56:01 [info     ] 		muR: [4000, 4000, 4000]      [Run3ModelGen.modelgen]
2024-08-09 13:56:01 [info     ] 		mtR: [4000, 4000, 4000]      [Run3ModelGen.modelgen]
2024-08-09 13:56:01 [info     ] 		mdR: [4000, 4000, 4000]      [Run3ModelGen.modelgen]
2024-08-09 13:56:01 [info     ] 		mbR: [4000, 4000, 4000]      [Run3ModelGen.modelgen]
2024-08-09 13:56:01 [info     ] 	steps =                       [Run3ModelGen.modelgen]
2024-08-09 13:56:01 [info     ] 		{'name': 'prep_input', 'output_dir': 'input', 'prefix': 'IN'} [Run3ModelGen.modelgen]
2024-08-09 13:56:01 [info     ] 		{'name': 'SPheno', 'input_dir': 'input', 'output_dir': 'SPheno', 'log_dir': 'SPheno_log', 'prefix': 'SP'} [Run3ModelGen.modelgen]
2024-08-09 13:56:01 [info     ] 		{'name': 'softsusy', 'input_dir': 'input', 'output_dir': 'softsusy', 'prefix': 'SS'} [Run3ModelGen.modelgen]
2024-08-09 13:56:01 [info     ] 		{'name': 'micromegas', 'input_dir': 'SPheno', 'output_dir': 'micromegas', 'prefix': 'MO'} [Run3ModelGen.modelgen]
2024-08-09 13:56:01 [info     ] 		{'name': 'superiso', 'input_dir': 'SPheno', 'output_dir': 'superiso', 'prefix': 'SI'} [Run3ModelGen.modelgen]
2024-08-09 13:56:01 [info     ] 		{'name': 'gm2calc', 'input_dir': 'SPheno', 'output_dir': 'gm2calc', 'prefix': 'GM2'} [Run3ModelGen.modelgen]
2024-08-09 13:56:01 [info     ] 		{'name': 'evade', 'input_dir': 'SPheno', 'output_dir': 'evade', 'prefix': 'EV'} [Run3ModelGen.modelgen]
2024-08-09 13:56:01 [info     ] Starting Model Generation...   [Run3ModelGen.modelgen]
2024-08-09 13:56:01 [info     ] Setting up output directories for scan [Run3ModelGen.modelgen]
2024-08-09 13:56:02 [info     ] Generating Model: 0.slha (1/3) [Run3ModelGen.modelgen]
2024-08-09 13:56:02 [info     ] 	running step: prep_input      [Run3ModelGen.modelgen]
2024-08-09 13:56:02 [info     ] 	running step: SPheno          [Run3ModelGen.modelgen]
2024-08-09 13:56:02 [info     ] 	running step: softsusy        [Run3ModelGen.modelgen]
2024-08-09 13:56:02 [info     ] 	running step: micromegas      [Run3ModelGen.modelgen]
2024-08-09 13:56:03 [info     ] 	running step: superiso        [Run3ModelGen.modelgen]
2024-08-09 13:56:03 [info     ] 	running step: gm2calc         [Run3ModelGen.modelgen]
2024-08-09 13:56:03 [info     ] 	running step: evade           [Run3ModelGen.modelgen]
2024-08-09 13:56:03 [info     ] Generating Model: 1.slha (2/3) [Run3ModelGen.modelgen]
2024-08-09 13:56:03 [info     ] 	running step: prep_input      [Run3ModelGen.modelgen]
2024-08-09 13:56:03 [info     ] 	running step: SPheno          [Run3ModelGen.modelgen]
2024-08-09 13:56:03 [info     ] 	running step: softsusy        [Run3ModelGen.modelgen]
2024-08-09 13:56:04 [info     ] 	running step: micromegas      [Run3ModelGen.modelgen]
2024-08-09 13:56:04 [info     ] 	running step: superiso        [Run3ModelGen.modelgen]
2024-08-09 13:56:04 [info     ] 	running step: gm2calc         [Run3ModelGen.modelgen]
2024-08-09 13:56:04 [info     ] 	running step: evade           [Run3ModelGen.modelgen]
2024-08-09 13:56:04 [info     ] Generating Model: 2.slha (3/3) [Run3ModelGen.modelgen]
2024-08-09 13:56:04 [info     ] 	running step: prep_input      [Run3ModelGen.modelgen]
2024-08-09 13:56:04 [info     ] 	running step: SPheno          [Run3ModelGen.modelgen]
2024-08-09 13:56:04 [info     ] 	running step: softsusy        [Run3ModelGen.modelgen]
2024-08-09 13:56:04 [info     ] 	running step: micromegas      [Run3ModelGen.modelgen]
2024-08-09 13:56:04 [info     ] 	running step: superiso        [Run3ModelGen.modelgen]
2024-08-09 13:56:05 [info     ] 	running step: gm2calc         [Run3ModelGen.modelgen]
2024-08-09 13:56:05 [info     ] 	running step: evade           [Run3ModelGen.modelgen]
2024-08-09 13:56:05 [info     ] Finished generating models! Stats for successful generations (successful/attempted): [Run3ModelGen.modelgen]
2024-08-09 13:56:05 [info     ] 	prep_input: 3/3.              [Run3ModelGen.modelgen]
2024-08-09 13:56:05 [info     ] 	SPheno: 3/3.                  [Run3ModelGen.modelgen]
2024-08-09 13:56:05 [info     ] 	softsusy: 3/3.                [Run3ModelGen.modelgen]
2024-08-09 13:56:05 [info     ] 	micromegas: 3/3.              [Run3ModelGen.modelgen]
2024-08-09 13:56:05 [info     ] 	superiso: 3/3.                [Run3ModelGen.modelgen]
2024-08-09 13:56:05 [info     ] 	gm2calc: 3/3.                 [Run3ModelGen.modelgen]
2024-08-09 13:56:05 [info     ] 	evade: 0/3.                   [Run3ModelGen.modelgen]
2024-08-09 13:56:05 [info     ] Will make NTuple for: /u/dvoss/al_pmssmwithgp/Run3ModelGen/source/Run3ModelGen/scans/scan_3, with 3 models [Run3ModelGen.ntupling]
2024-08-09 13:56:05 [info     ] 	Filling values for model: 0   [Run3ModelGen.ntupling]
2024-08-09 13:56:05 [info     ] Saving NTuple in /u/dvoss/al_pmssmwithgp/Run3ModelGen/source/Run3ModelGen/scans/scan_3/ntuple.0.0.root ... [Run3ModelGen.ntupling]
Completed iteration 3
Starting iteration 4
Initial Training points:  tensor([0.5980, 1.0000, 0.6798, 0.1852, 0.0000], device='cuda:0') torch.Size([5])
Training points after adding:  tensor([0.5980, 1.0000, 0.6798, 0.1852, 0.0000, 0.1877, 0.6387, 0.9396, 0.1877,
        0.7292, 0.2407, 0.1942, 0.2790, 0.1877], device='cuda:0') torch.Size([14])
These training_points are used in the GP tensor([0.5980, 1.0000, 0.6798, 0.1852, 0.0000, 0.1877, 0.6387, 0.9396, 0.1877,
        0.7292, 0.2407, 0.1942, 0.2790, 0.1877], device='cuda:0')
points: {0}
new xs normalized:  tensor([0.], device='cuda:0')
Corresponding xs: tensor([-1981.6007], device='cuda:0')
Plot saved to /raven/u/dvoss/al_pmssmwithgp/model/plots/Iter4/gp_plot.png
YAML file has been created: /u/dvoss/al_pmssmwithgp/Run3ModelGen/source/Run3ModelGen/data/new_config.yaml
Note: detected 144 virtual cores but NumExpr set to maximum of 64, check "NUMEXPR_MAX_THREADS" environment variable.
Note: NumExpr detected 144 cores but "NUMEXPR_MAX_THREADS" not set, so enforcing safe limit of 8.
NumExpr defaulting to 8 threads.

  ___              ____ __  __          _       _   ___            
 | _ \ _  _  _ _  |__ /|  \/  | ___  __| | ___ | | / __| ___  _ _  
 |   /| || || ' \  |_ \| |\/| |/ _ \/ _` |/ -_)| || (_ |/ -_)| ' \ 
 |_|_\ \_,_||_||_||___/|_|  |_|\___/\__,_|\___||_| \___|\___||_||_|
                                                                   

2024-08-09 13:56:43 [info     ] Initialised ModelGenerator with: [Run3ModelGen.modelgen]
2024-08-09 13:56:43 [info     ] 	config_file = /u/dvoss/al_pmssmwithgp/Run3ModelGen/source/Run3ModelGen/data/new_config.yaml [Run3ModelGen.modelgen]
2024-08-09 13:56:43 [info     ] 	scan_dir = /u/dvoss/al_pmssmwithgp/Run3ModelGen/source/Run3ModelGen/scans/scan_4 [Run3ModelGen.modelgen]
2024-08-09 13:56:43 [info     ] 	rawfilen = /u/dvoss/al_pmssmwithgp/Run3ModelGen/source/Run3ModelGen/data/raw.slha [Run3ModelGen.modelgen]
2024-08-09 13:56:43 [info     ] 	seed = 123                    [Run3ModelGen.modelgen]
2024-08-09 13:56:43 [info     ] 	points = {}                   [Run3ModelGen.modelgen]
2024-08-09 13:56:43 [info     ] 	prior = fixed                 [Run3ModelGen.modelgen]
2024-08-09 13:56:43 [info     ] 	num_models = 1                [Run3ModelGen.modelgen]
2024-08-09 13:56:43 [info     ] 	isGMSB = False                [Run3ModelGen.modelgen]
2024-08-09 13:56:43 [info     ] 	parameters =                  [Run3ModelGen.modelgen]
2024-08-09 13:56:43 [info     ] 		tanb: [60]                   [Run3ModelGen.modelgen]
2024-08-09 13:56:43 [info     ] 		M_1: [-1981.6]               [Run3ModelGen.modelgen]
2024-08-09 13:56:43 [info     ] 		M_2: [2000]                  [Run3ModelGen.modelgen]
2024-08-09 13:56:43 [info     ] 		M_3: [4000]                  [Run3ModelGen.modelgen]
2024-08-09 13:56:43 [info     ] 		AT: [4000]                   [Run3ModelGen.modelgen]
2024-08-09 13:56:43 [info     ] 		Ab: [2000]                   [Run3ModelGen.modelgen]
2024-08-09 13:56:43 [info     ] 		Atau: [2000]                 [Run3ModelGen.modelgen]
2024-08-09 13:56:43 [info     ] 		mu: [2000]                   [Run3ModelGen.modelgen]
2024-08-09 13:56:43 [info     ] 		mA: [2000]                   [Run3ModelGen.modelgen]
2024-08-09 13:56:43 [info     ] 		meL: [2000]                  [Run3ModelGen.modelgen]
2024-08-09 13:56:43 [info     ] 		mtauL: [2000]                [Run3ModelGen.modelgen]
2024-08-09 13:56:43 [info     ] 		meR: [2000]                  [Run3ModelGen.modelgen]
2024-08-09 13:56:43 [info     ] 		mtauR: [2000]                [Run3ModelGen.modelgen]
2024-08-09 13:56:43 [info     ] 		mqL1: [4000]                 [Run3ModelGen.modelgen]
2024-08-09 13:56:43 [info     ] 		mqL3: [4000]                 [Run3ModelGen.modelgen]
2024-08-09 13:56:43 [info     ] 		muR: [4000]                  [Run3ModelGen.modelgen]
2024-08-09 13:56:43 [info     ] 		mtR: [4000]                  [Run3ModelGen.modelgen]
2024-08-09 13:56:43 [info     ] 		mdR: [4000]                  [Run3ModelGen.modelgen]
2024-08-09 13:56:43 [info     ] 		mbR: [4000]                  [Run3ModelGen.modelgen]
2024-08-09 13:56:43 [info     ] 	steps =                       [Run3ModelGen.modelgen]
2024-08-09 13:56:43 [info     ] 		{'name': 'prep_input', 'output_dir': 'input', 'prefix': 'IN'} [Run3ModelGen.modelgen]
2024-08-09 13:56:43 [info     ] 		{'name': 'SPheno', 'input_dir': 'input', 'output_dir': 'SPheno', 'log_dir': 'SPheno_log', 'prefix': 'SP'} [Run3ModelGen.modelgen]
2024-08-09 13:56:43 [info     ] 		{'name': 'softsusy', 'input_dir': 'input', 'output_dir': 'softsusy', 'prefix': 'SS'} [Run3ModelGen.modelgen]
2024-08-09 13:56:43 [info     ] 		{'name': 'micromegas', 'input_dir': 'SPheno', 'output_dir': 'micromegas', 'prefix': 'MO'} [Run3ModelGen.modelgen]
2024-08-09 13:56:43 [info     ] 		{'name': 'superiso', 'input_dir': 'SPheno', 'output_dir': 'superiso', 'prefix': 'SI'} [Run3ModelGen.modelgen]
2024-08-09 13:56:43 [info     ] 		{'name': 'gm2calc', 'input_dir': 'SPheno', 'output_dir': 'gm2calc', 'prefix': 'GM2'} [Run3ModelGen.modelgen]
2024-08-09 13:56:43 [info     ] 		{'name': 'evade', 'input_dir': 'SPheno', 'output_dir': 'evade', 'prefix': 'EV'} [Run3ModelGen.modelgen]
2024-08-09 13:56:43 [info     ] Starting Model Generation...   [Run3ModelGen.modelgen]
2024-08-09 13:56:43 [info     ] Setting up output directories for scan [Run3ModelGen.modelgen]
2024-08-09 13:56:43 [info     ] Generating Model: 0.slha (1/1) [Run3ModelGen.modelgen]
2024-08-09 13:56:43 [info     ] 	running step: prep_input      [Run3ModelGen.modelgen]
2024-08-09 13:56:43 [info     ] 	running step: SPheno          [Run3ModelGen.modelgen]
2024-08-09 13:56:44 [info     ] 	running step: softsusy        [Run3ModelGen.modelgen]
2024-08-09 13:56:44 [info     ] 	running step: micromegas      [Run3ModelGen.modelgen]
2024-08-09 13:56:45 [info     ] 	running step: superiso        [Run3ModelGen.modelgen]
2024-08-09 13:56:45 [info     ] 	running step: gm2calc         [Run3ModelGen.modelgen]
2024-08-09 13:56:45 [info     ] 	running step: evade           [Run3ModelGen.modelgen]
2024-08-09 13:56:45 [info     ] Finished generating models! Stats for successful generations (successful/attempted): [Run3ModelGen.modelgen]
2024-08-09 13:56:45 [info     ] 	prep_input: 1/1.              [Run3ModelGen.modelgen]
2024-08-09 13:56:45 [info     ] 	SPheno: 1/1.                  [Run3ModelGen.modelgen]
2024-08-09 13:56:45 [info     ] 	softsusy: 1/1.                [Run3ModelGen.modelgen]
2024-08-09 13:56:45 [info     ] 	micromegas: 1/1.              [Run3ModelGen.modelgen]
2024-08-09 13:56:45 [info     ] 	superiso: 1/1.                [Run3ModelGen.modelgen]
2024-08-09 13:56:45 [info     ] 	gm2calc: 1/1.                 [Run3ModelGen.modelgen]
2024-08-09 13:56:45 [info     ] 	evade: 0/1.                   [Run3ModelGen.modelgen]
2024-08-09 13:56:45 [info     ] Will make NTuple for: /u/dvoss/al_pmssmwithgp/Run3ModelGen/source/Run3ModelGen/scans/scan_4, with 1 models [Run3ModelGen.ntupling]
2024-08-09 13:56:45 [info     ] 	Filling values for model: 0   [Run3ModelGen.ntupling]
2024-08-09 13:56:45 [info     ] Saving NTuple in /u/dvoss/al_pmssmwithgp/Run3ModelGen/source/Run3ModelGen/scans/scan_4/ntuple.0.0.root ... [Run3ModelGen.ntupling]
Completed iteration 4
Starting iteration 5
Initial Training points:  tensor([0.5980, 1.0000, 0.6798, 0.1852, 0.0000], device='cuda:0') torch.Size([5])
Training points after adding:  tensor([0.5980, 1.0000, 0.6798, 0.1852, 0.0000, 0.1877, 0.6387, 0.9396, 0.1877,
        0.7292, 0.2407, 0.1942, 0.2790, 0.1877, 0.1877, 0.4168, 0.3206],
       device='cuda:0') torch.Size([17])
These training_points are used in the GP tensor([0.5980, 1.0000, 0.6798, 0.1852, 0.0000, 0.1877, 0.6387, 0.9396, 0.1877,
        0.7292, 0.2407, 0.1942, 0.2790, 0.1877, 0.1877, 0.4168, 0.3206],
       device='cuda:0')
points: {0}
new xs normalized:  tensor([0.], device='cuda:0')
Corresponding xs: tensor([-1981.6007], device='cuda:0')
Plot saved to /raven/u/dvoss/al_pmssmwithgp/model/plots/Iter5/gp_plot.png
YAML file has been created: /u/dvoss/al_pmssmwithgp/Run3ModelGen/source/Run3ModelGen/data/new_config.yaml
Note: detected 144 virtual cores but NumExpr set to maximum of 64, check "NUMEXPR_MAX_THREADS" environment variable.
Note: NumExpr detected 144 cores but "NUMEXPR_MAX_THREADS" not set, so enforcing safe limit of 8.
NumExpr defaulting to 8 threads.

  ___              ____ __  __          _       _   ___            
 | _ \ _  _  _ _  |__ /|  \/  | ___  __| | ___ | | / __| ___  _ _  
 |   /| || || ' \  |_ \| |\/| |/ _ \/ _` |/ -_)| || (_ |/ -_)| ' \ 
 |_|_\ \_,_||_||_||___/|_|  |_|\___/\__,_|\___||_| \___|\___||_||_|
                                                                   

2024-08-09 13:57:24 [info     ] Initialised ModelGenerator with: [Run3ModelGen.modelgen]
2024-08-09 13:57:24 [info     ] 	config_file = /u/dvoss/al_pmssmwithgp/Run3ModelGen/source/Run3ModelGen/data/new_config.yaml [Run3ModelGen.modelgen]
2024-08-09 13:57:24 [info     ] 	scan_dir = /u/dvoss/al_pmssmwithgp/Run3ModelGen/source/Run3ModelGen/scans/scan_5 [Run3ModelGen.modelgen]
2024-08-09 13:57:24 [info     ] 	rawfilen = /u/dvoss/al_pmssmwithgp/Run3ModelGen/source/Run3ModelGen/data/raw.slha [Run3ModelGen.modelgen]
2024-08-09 13:57:24 [info     ] 	seed = 123                    [Run3ModelGen.modelgen]
2024-08-09 13:57:24 [info     ] 	points = {}                   [Run3ModelGen.modelgen]
2024-08-09 13:57:24 [info     ] 	prior = fixed                 [Run3ModelGen.modelgen]
2024-08-09 13:57:24 [info     ] 	num_models = 1                [Run3ModelGen.modelgen]
2024-08-09 13:57:24 [info     ] 	isGMSB = False                [Run3ModelGen.modelgen]
2024-08-09 13:57:24 [info     ] 	parameters =                  [Run3ModelGen.modelgen]
2024-08-09 13:57:24 [info     ] 		tanb: [60]                   [Run3ModelGen.modelgen]
2024-08-09 13:57:24 [info     ] 		M_1: [-1981.6]               [Run3ModelGen.modelgen]
2024-08-09 13:57:24 [info     ] 		M_2: [2000]                  [Run3ModelGen.modelgen]
2024-08-09 13:57:24 [info     ] 		M_3: [4000]                  [Run3ModelGen.modelgen]
2024-08-09 13:57:24 [info     ] 		AT: [4000]                   [Run3ModelGen.modelgen]
2024-08-09 13:57:24 [info     ] 		Ab: [2000]                   [Run3ModelGen.modelgen]
2024-08-09 13:57:24 [info     ] 		Atau: [2000]                 [Run3ModelGen.modelgen]
2024-08-09 13:57:24 [info     ] 		mu: [2000]                   [Run3ModelGen.modelgen]
2024-08-09 13:57:24 [info     ] 		mA: [2000]                   [Run3ModelGen.modelgen]
2024-08-09 13:57:24 [info     ] 		meL: [2000]                  [Run3ModelGen.modelgen]
2024-08-09 13:57:24 [info     ] 		mtauL: [2000]                [Run3ModelGen.modelgen]
2024-08-09 13:57:24 [info     ] 		meR: [2000]                  [Run3ModelGen.modelgen]
2024-08-09 13:57:24 [info     ] 		mtauR: [2000]                [Run3ModelGen.modelgen]
2024-08-09 13:57:24 [info     ] 		mqL1: [4000]                 [Run3ModelGen.modelgen]
2024-08-09 13:57:24 [info     ] 		mqL3: [4000]                 [Run3ModelGen.modelgen]
2024-08-09 13:57:24 [info     ] 		muR: [4000]                  [Run3ModelGen.modelgen]
2024-08-09 13:57:24 [info     ] 		mtR: [4000]                  [Run3ModelGen.modelgen]
2024-08-09 13:57:24 [info     ] 		mdR: [4000]                  [Run3ModelGen.modelgen]
2024-08-09 13:57:24 [info     ] 		mbR: [4000]                  [Run3ModelGen.modelgen]
2024-08-09 13:57:24 [info     ] 	steps =                       [Run3ModelGen.modelgen]
2024-08-09 13:57:24 [info     ] 		{'name': 'prep_input', 'output_dir': 'input', 'prefix': 'IN'} [Run3ModelGen.modelgen]
2024-08-09 13:57:24 [info     ] 		{'name': 'SPheno', 'input_dir': 'input', 'output_dir': 'SPheno', 'log_dir': 'SPheno_log', 'prefix': 'SP'} [Run3ModelGen.modelgen]
2024-08-09 13:57:24 [info     ] 		{'name': 'softsusy', 'input_dir': 'input', 'output_dir': 'softsusy', 'prefix': 'SS'} [Run3ModelGen.modelgen]
2024-08-09 13:57:24 [info     ] 		{'name': 'micromegas', 'input_dir': 'SPheno', 'output_dir': 'micromegas', 'prefix': 'MO'} [Run3ModelGen.modelgen]
2024-08-09 13:57:24 [info     ] 		{'name': 'superiso', 'input_dir': 'SPheno', 'output_dir': 'superiso', 'prefix': 'SI'} [Run3ModelGen.modelgen]
2024-08-09 13:57:24 [info     ] 		{'name': 'gm2calc', 'input_dir': 'SPheno', 'output_dir': 'gm2calc', 'prefix': 'GM2'} [Run3ModelGen.modelgen]
2024-08-09 13:57:24 [info     ] 		{'name': 'evade', 'input_dir': 'SPheno', 'output_dir': 'evade', 'prefix': 'EV'} [Run3ModelGen.modelgen]
2024-08-09 13:57:24 [info     ] Starting Model Generation...   [Run3ModelGen.modelgen]
2024-08-09 13:57:24 [info     ] Setting up output directories for scan [Run3ModelGen.modelgen]
2024-08-09 13:57:24 [info     ] Generating Model: 0.slha (1/1) [Run3ModelGen.modelgen]
2024-08-09 13:57:24 [info     ] 	running step: prep_input      [Run3ModelGen.modelgen]
2024-08-09 13:57:24 [info     ] 	running step: SPheno          [Run3ModelGen.modelgen]
2024-08-09 13:57:25 [info     ] 	running step: softsusy        [Run3ModelGen.modelgen]
2024-08-09 13:57:25 [info     ] 	running step: micromegas      [Run3ModelGen.modelgen]
2024-08-09 13:57:26 [info     ] 	running step: superiso        [Run3ModelGen.modelgen]
2024-08-09 13:57:26 [info     ] 	running step: gm2calc         [Run3ModelGen.modelgen]
2024-08-09 13:57:26 [info     ] 	running step: evade           [Run3ModelGen.modelgen]
2024-08-09 13:57:26 [info     ] Finished generating models! Stats for successful generations (successful/attempted): [Run3ModelGen.modelgen]
2024-08-09 13:57:26 [info     ] 	prep_input: 1/1.              [Run3ModelGen.modelgen]
2024-08-09 13:57:26 [info     ] 	SPheno: 1/1.                  [Run3ModelGen.modelgen]
2024-08-09 13:57:26 [info     ] 	softsusy: 1/1.                [Run3ModelGen.modelgen]
2024-08-09 13:57:26 [info     ] 	micromegas: 1/1.              [Run3ModelGen.modelgen]
2024-08-09 13:57:26 [info     ] 	superiso: 1/1.                [Run3ModelGen.modelgen]
2024-08-09 13:57:26 [info     ] 	gm2calc: 1/1.                 [Run3ModelGen.modelgen]
2024-08-09 13:57:26 [info     ] 	evade: 0/1.                   [Run3ModelGen.modelgen]
2024-08-09 13:57:26 [info     ] Will make NTuple for: /u/dvoss/al_pmssmwithgp/Run3ModelGen/source/Run3ModelGen/scans/scan_5, with 1 models [Run3ModelGen.ntupling]
2024-08-09 13:57:26 [info     ] 	Filling values for model: 0   [Run3ModelGen.ntupling]
2024-08-09 13:57:26 [info     ] Saving NTuple in /u/dvoss/al_pmssmwithgp/Run3ModelGen/source/Run3ModelGen/scans/scan_5/ntuple.0.0.root ... [Run3ModelGen.ntupling]
Completed iteration 5
Starting iteration 6
Initial Training points:  tensor([0.5980, 1.0000, 0.6798, 0.1852, 0.0000], device='cuda:0') torch.Size([5])
Training points after adding:  tensor([0.5980, 1.0000, 0.6798, 0.1852, 0.0000, 0.1877, 0.6387, 0.9396, 0.1877,
        0.7292, 0.2407, 0.1942, 0.2790, 0.1877, 0.1877, 0.4168, 0.3206, 0.3483,
        0.2529, 0.1877], device='cuda:0') torch.Size([20])
These training_points are used in the GP tensor([0.5980, 1.0000, 0.6798, 0.1852, 0.0000, 0.1877, 0.6387, 0.9396, 0.1877,
        0.7292, 0.2407, 0.1942, 0.2790, 0.1877, 0.1877, 0.4168, 0.3206, 0.3483,
        0.2529, 0.1877], device='cuda:0')
points: {0}
new xs normalized:  tensor([0.], device='cuda:0')
Corresponding xs: tensor([-1981.6007], device='cuda:0')
Plot saved to /raven/u/dvoss/al_pmssmwithgp/model/plots/Iter6/gp_plot.png
YAML file has been created: /u/dvoss/al_pmssmwithgp/Run3ModelGen/source/Run3ModelGen/data/new_config.yaml
Note: detected 144 virtual cores but NumExpr set to maximum of 64, check "NUMEXPR_MAX_THREADS" environment variable.
Note: NumExpr detected 144 cores but "NUMEXPR_MAX_THREADS" not set, so enforcing safe limit of 8.
NumExpr defaulting to 8 threads.

  ___              ____ __  __          _       _   ___            
 | _ \ _  _  _ _  |__ /|  \/  | ___  __| | ___ | | / __| ___  _ _  
 |   /| || || ' \  |_ \| |\/| |/ _ \/ _` |/ -_)| || (_ |/ -_)| ' \ 
 |_|_\ \_,_||_||_||___/|_|  |_|\___/\__,_|\___||_| \___|\___||_||_|
                                                                   

2024-08-09 13:58:05 [info     ] Initialised ModelGenerator with: [Run3ModelGen.modelgen]
2024-08-09 13:58:05 [info     ] 	config_file = /u/dvoss/al_pmssmwithgp/Run3ModelGen/source/Run3ModelGen/data/new_config.yaml [Run3ModelGen.modelgen]
2024-08-09 13:58:05 [info     ] 	scan_dir = /u/dvoss/al_pmssmwithgp/Run3ModelGen/source/Run3ModelGen/scans/scan_6 [Run3ModelGen.modelgen]
2024-08-09 13:58:05 [info     ] 	rawfilen = /u/dvoss/al_pmssmwithgp/Run3ModelGen/source/Run3ModelGen/data/raw.slha [Run3ModelGen.modelgen]
2024-08-09 13:58:05 [info     ] 	seed = 123                    [Run3ModelGen.modelgen]
2024-08-09 13:58:05 [info     ] 	points = {}                   [Run3ModelGen.modelgen]
2024-08-09 13:58:05 [info     ] 	prior = fixed                 [Run3ModelGen.modelgen]
2024-08-09 13:58:05 [info     ] 	num_models = 1                [Run3ModelGen.modelgen]
2024-08-09 13:58:05 [info     ] 	isGMSB = False                [Run3ModelGen.modelgen]
2024-08-09 13:58:05 [info     ] 	parameters =                  [Run3ModelGen.modelgen]
2024-08-09 13:58:05 [info     ] 		tanb: [60]                   [Run3ModelGen.modelgen]
2024-08-09 13:58:05 [info     ] 		M_1: [-1981.6]               [Run3ModelGen.modelgen]
2024-08-09 13:58:05 [info     ] 		M_2: [2000]                  [Run3ModelGen.modelgen]
2024-08-09 13:58:05 [info     ] 		M_3: [4000]                  [Run3ModelGen.modelgen]
2024-08-09 13:58:05 [info     ] 		AT: [4000]                   [Run3ModelGen.modelgen]
2024-08-09 13:58:05 [info     ] 		Ab: [2000]                   [Run3ModelGen.modelgen]
2024-08-09 13:58:05 [info     ] 		Atau: [2000]                 [Run3ModelGen.modelgen]
2024-08-09 13:58:05 [info     ] 		mu: [2000]                   [Run3ModelGen.modelgen]
2024-08-09 13:58:05 [info     ] 		mA: [2000]                   [Run3ModelGen.modelgen]
2024-08-09 13:58:05 [info     ] 		meL: [2000]                  [Run3ModelGen.modelgen]
2024-08-09 13:58:05 [info     ] 		mtauL: [2000]                [Run3ModelGen.modelgen]
2024-08-09 13:58:05 [info     ] 		meR: [2000]                  [Run3ModelGen.modelgen]
2024-08-09 13:58:05 [info     ] 		mtauR: [2000]                [Run3ModelGen.modelgen]
2024-08-09 13:58:05 [info     ] 		mqL1: [4000]                 [Run3ModelGen.modelgen]
2024-08-09 13:58:05 [info     ] 		mqL3: [4000]                 [Run3ModelGen.modelgen]
2024-08-09 13:58:05 [info     ] 		muR: [4000]                  [Run3ModelGen.modelgen]
2024-08-09 13:58:05 [info     ] 		mtR: [4000]                  [Run3ModelGen.modelgen]
2024-08-09 13:58:05 [info     ] 		mdR: [4000]                  [Run3ModelGen.modelgen]
2024-08-09 13:58:05 [info     ] 		mbR: [4000]                  [Run3ModelGen.modelgen]
2024-08-09 13:58:05 [info     ] 	steps =                       [Run3ModelGen.modelgen]
2024-08-09 13:58:05 [info     ] 		{'name': 'prep_input', 'output_dir': 'input', 'prefix': 'IN'} [Run3ModelGen.modelgen]
2024-08-09 13:58:05 [info     ] 		{'name': 'SPheno', 'input_dir': 'input', 'output_dir': 'SPheno', 'log_dir': 'SPheno_log', 'prefix': 'SP'} [Run3ModelGen.modelgen]
2024-08-09 13:58:05 [info     ] 		{'name': 'softsusy', 'input_dir': 'input', 'output_dir': 'softsusy', 'prefix': 'SS'} [Run3ModelGen.modelgen]
2024-08-09 13:58:05 [info     ] 		{'name': 'micromegas', 'input_dir': 'SPheno', 'output_dir': 'micromegas', 'prefix': 'MO'} [Run3ModelGen.modelgen]
2024-08-09 13:58:05 [info     ] 		{'name': 'superiso', 'input_dir': 'SPheno', 'output_dir': 'superiso', 'prefix': 'SI'} [Run3ModelGen.modelgen]
2024-08-09 13:58:05 [info     ] 		{'name': 'gm2calc', 'input_dir': 'SPheno', 'output_dir': 'gm2calc', 'prefix': 'GM2'} [Run3ModelGen.modelgen]
2024-08-09 13:58:05 [info     ] 		{'name': 'evade', 'input_dir': 'SPheno', 'output_dir': 'evade', 'prefix': 'EV'} [Run3ModelGen.modelgen]
2024-08-09 13:58:05 [info     ] Starting Model Generation...   [Run3ModelGen.modelgen]
2024-08-09 13:58:05 [info     ] Setting up output directories for scan [Run3ModelGen.modelgen]
2024-08-09 13:58:05 [info     ] Generating Model: 0.slha (1/1) [Run3ModelGen.modelgen]
2024-08-09 13:58:05 [info     ] 	running step: prep_input      [Run3ModelGen.modelgen]
2024-08-09 13:58:05 [info     ] 	running step: SPheno          [Run3ModelGen.modelgen]
2024-08-09 13:58:05 [info     ] 	running step: softsusy        [Run3ModelGen.modelgen]
2024-08-09 13:58:05 [info     ] 	running step: micromegas      [Run3ModelGen.modelgen]
2024-08-09 13:58:07 [info     ] 	running step: superiso        [Run3ModelGen.modelgen]
2024-08-09 13:58:07 [info     ] 	running step: gm2calc         [Run3ModelGen.modelgen]
2024-08-09 13:58:07 [info     ] 	running step: evade           [Run3ModelGen.modelgen]
2024-08-09 13:58:07 [info     ] Finished generating models! Stats for successful generations (successful/attempted): [Run3ModelGen.modelgen]
2024-08-09 13:58:07 [info     ] 	prep_input: 1/1.              [Run3ModelGen.modelgen]
2024-08-09 13:58:07 [info     ] 	SPheno: 1/1.                  [Run3ModelGen.modelgen]
2024-08-09 13:58:07 [info     ] 	softsusy: 1/1.                [Run3ModelGen.modelgen]
2024-08-09 13:58:07 [info     ] 	micromegas: 1/1.              [Run3ModelGen.modelgen]
2024-08-09 13:58:07 [info     ] 	superiso: 1/1.                [Run3ModelGen.modelgen]
2024-08-09 13:58:07 [info     ] 	gm2calc: 1/1.                 [Run3ModelGen.modelgen]
2024-08-09 13:58:07 [info     ] 	evade: 0/1.                   [Run3ModelGen.modelgen]
2024-08-09 13:58:07 [info     ] Will make NTuple for: /u/dvoss/al_pmssmwithgp/Run3ModelGen/source/Run3ModelGen/scans/scan_6, with 1 models [Run3ModelGen.ntupling]
2024-08-09 13:58:07 [info     ] 	Filling values for model: 0   [Run3ModelGen.ntupling]
2024-08-09 13:58:07 [info     ] Saving NTuple in /u/dvoss/al_pmssmwithgp/Run3ModelGen/source/Run3ModelGen/scans/scan_6/ntuple.0.0.root ... [Run3ModelGen.ntupling]
Completed iteration 6
Starting iteration 7
Initial Training points:  tensor([0.5980, 1.0000, 0.6798, 0.1852, 0.0000], device='cuda:0') torch.Size([5])
Training points after adding:  tensor([0.5980, 1.0000, 0.6798, 0.1852, 0.0000, 0.1877, 0.6387, 0.9396, 0.1877,
        0.7292, 0.2407, 0.1942, 0.2790, 0.1877, 0.1877, 0.4168, 0.3206, 0.3483,
        0.2529, 0.1877, 0.3483, 0.1877, 0.6852], device='cuda:0') torch.Size([23])
These training_points are used in the GP tensor([0.5980, 1.0000, 0.6798, 0.1852, 0.0000, 0.1877, 0.6387, 0.9396, 0.1877,
        0.7292, 0.2407, 0.1942, 0.2790, 0.1877, 0.1877, 0.4168, 0.3206, 0.3483,
        0.2529, 0.1877, 0.3483, 0.1877, 0.6852], device='cuda:0')
points: {89, 385, 63}
new xs normalized:  tensor([0.0891, 0.3854, 0.0631], device='cuda:0')
Corresponding xs: tensor([-1679.3235,  -673.9971, -1767.6292], device='cuda:0')
Plot saved to /raven/u/dvoss/al_pmssmwithgp/model/plots/Iter7/gp_plot.png
YAML file has been created: /u/dvoss/al_pmssmwithgp/Run3ModelGen/source/Run3ModelGen/data/new_config.yaml
Note: detected 144 virtual cores but NumExpr set to maximum of 64, check "NUMEXPR_MAX_THREADS" environment variable.
Note: NumExpr detected 144 cores but "NUMEXPR_MAX_THREADS" not set, so enforcing safe limit of 8.
NumExpr defaulting to 8 threads.

  ___              ____ __  __          _       _   ___            
 | _ \ _  _  _ _  |__ /|  \/  | ___  __| | ___ | | / __| ___  _ _  
 |   /| || || ' \  |_ \| |\/| |/ _ \/ _` |/ -_)| || (_ |/ -_)| ' \ 
 |_|_\ \_,_||_||_||___/|_|  |_|\___/\__,_|\___||_| \___|\___||_||_|
                                                                   

2024-08-09 13:58:46 [info     ] Initialised ModelGenerator with: [Run3ModelGen.modelgen]
2024-08-09 13:58:46 [info     ] 	config_file = /u/dvoss/al_pmssmwithgp/Run3ModelGen/source/Run3ModelGen/data/new_config.yaml [Run3ModelGen.modelgen]
2024-08-09 13:58:46 [info     ] 	scan_dir = /u/dvoss/al_pmssmwithgp/Run3ModelGen/source/Run3ModelGen/scans/scan_7 [Run3ModelGen.modelgen]
2024-08-09 13:58:46 [info     ] 	rawfilen = /u/dvoss/al_pmssmwithgp/Run3ModelGen/source/Run3ModelGen/data/raw.slha [Run3ModelGen.modelgen]
2024-08-09 13:58:46 [info     ] 	seed = 123                    [Run3ModelGen.modelgen]
2024-08-09 13:58:46 [info     ] 	points = {}                   [Run3ModelGen.modelgen]
2024-08-09 13:58:46 [info     ] 	prior = fixed                 [Run3ModelGen.modelgen]
2024-08-09 13:58:46 [info     ] 	num_models = 3                [Run3ModelGen.modelgen]
2024-08-09 13:58:46 [info     ] 	isGMSB = False                [Run3ModelGen.modelgen]
2024-08-09 13:58:46 [info     ] 	parameters =                  [Run3ModelGen.modelgen]
2024-08-09 13:58:46 [info     ] 		tanb: [60, 60, 60]           [Run3ModelGen.modelgen]
2024-08-09 13:58:46 [info     ] 		M_1: [-1679.32, -674.0, -1767.63] [Run3ModelGen.modelgen]
2024-08-09 13:58:46 [info     ] 		M_2: [2000, 2000, 2000]      [Run3ModelGen.modelgen]
2024-08-09 13:58:46 [info     ] 		M_3: [4000, 4000, 4000]      [Run3ModelGen.modelgen]
2024-08-09 13:58:46 [info     ] 		AT: [4000, 4000, 4000]       [Run3ModelGen.modelgen]
2024-08-09 13:58:46 [info     ] 		Ab: [2000, 2000, 2000]       [Run3ModelGen.modelgen]
2024-08-09 13:58:46 [info     ] 		Atau: [2000, 2000, 2000]     [Run3ModelGen.modelgen]
2024-08-09 13:58:46 [info     ] 		mu: [2000, 2000, 2000]       [Run3ModelGen.modelgen]
2024-08-09 13:58:46 [info     ] 		mA: [2000, 2000, 2000]       [Run3ModelGen.modelgen]
2024-08-09 13:58:46 [info     ] 		meL: [2000, 2000, 2000]      [Run3ModelGen.modelgen]
2024-08-09 13:58:46 [info     ] 		mtauL: [2000, 2000, 2000]    [Run3ModelGen.modelgen]
2024-08-09 13:58:46 [info     ] 		meR: [2000, 2000, 2000]      [Run3ModelGen.modelgen]
2024-08-09 13:58:46 [info     ] 		mtauR: [2000, 2000, 2000]    [Run3ModelGen.modelgen]
2024-08-09 13:58:46 [info     ] 		mqL1: [4000, 4000, 4000]     [Run3ModelGen.modelgen]
2024-08-09 13:58:46 [info     ] 		mqL3: [4000, 4000, 4000]     [Run3ModelGen.modelgen]
2024-08-09 13:58:46 [info     ] 		muR: [4000, 4000, 4000]      [Run3ModelGen.modelgen]
2024-08-09 13:58:46 [info     ] 		mtR: [4000, 4000, 4000]      [Run3ModelGen.modelgen]
2024-08-09 13:58:46 [info     ] 		mdR: [4000, 4000, 4000]      [Run3ModelGen.modelgen]
2024-08-09 13:58:46 [info     ] 		mbR: [4000, 4000, 4000]      [Run3ModelGen.modelgen]
2024-08-09 13:58:46 [info     ] 	steps =                       [Run3ModelGen.modelgen]
2024-08-09 13:58:46 [info     ] 		{'name': 'prep_input', 'output_dir': 'input', 'prefix': 'IN'} [Run3ModelGen.modelgen]
2024-08-09 13:58:46 [info     ] 		{'name': 'SPheno', 'input_dir': 'input', 'output_dir': 'SPheno', 'log_dir': 'SPheno_log', 'prefix': 'SP'} [Run3ModelGen.modelgen]
2024-08-09 13:58:46 [info     ] 		{'name': 'softsusy', 'input_dir': 'input', 'output_dir': 'softsusy', 'prefix': 'SS'} [Run3ModelGen.modelgen]
2024-08-09 13:58:46 [info     ] 		{'name': 'micromegas', 'input_dir': 'SPheno', 'output_dir': 'micromegas', 'prefix': 'MO'} [Run3ModelGen.modelgen]
2024-08-09 13:58:46 [info     ] 		{'name': 'superiso', 'input_dir': 'SPheno', 'output_dir': 'superiso', 'prefix': 'SI'} [Run3ModelGen.modelgen]
2024-08-09 13:58:46 [info     ] 		{'name': 'gm2calc', 'input_dir': 'SPheno', 'output_dir': 'gm2calc', 'prefix': 'GM2'} [Run3ModelGen.modelgen]
2024-08-09 13:58:46 [info     ] 		{'name': 'evade', 'input_dir': 'SPheno', 'output_dir': 'evade', 'prefix': 'EV'} [Run3ModelGen.modelgen]
2024-08-09 13:58:46 [info     ] Starting Model Generation...   [Run3ModelGen.modelgen]
2024-08-09 13:58:46 [info     ] Setting up output directories for scan [Run3ModelGen.modelgen]
2024-08-09 13:58:46 [info     ] Generating Model: 0.slha (1/3) [Run3ModelGen.modelgen]
2024-08-09 13:58:46 [info     ] 	running step: prep_input      [Run3ModelGen.modelgen]
2024-08-09 13:58:46 [info     ] 	running step: SPheno          [Run3ModelGen.modelgen]
2024-08-09 13:58:46 [info     ] 	running step: softsusy        [Run3ModelGen.modelgen]
2024-08-09 13:58:46 [info     ] 	running step: micromegas      [Run3ModelGen.modelgen]
2024-08-09 13:58:47 [info     ] 	running step: superiso        [Run3ModelGen.modelgen]
2024-08-09 13:58:48 [info     ] 	running step: gm2calc         [Run3ModelGen.modelgen]
2024-08-09 13:58:48 [info     ] 	running step: evade           [Run3ModelGen.modelgen]
2024-08-09 13:58:48 [info     ] Generating Model: 1.slha (2/3) [Run3ModelGen.modelgen]
2024-08-09 13:58:48 [info     ] 	running step: prep_input      [Run3ModelGen.modelgen]
2024-08-09 13:58:48 [info     ] 	running step: SPheno          [Run3ModelGen.modelgen]
2024-08-09 13:58:48 [info     ] 	running step: softsusy        [Run3ModelGen.modelgen]
2024-08-09 13:58:48 [info     ] 	running step: micromegas      [Run3ModelGen.modelgen]
2024-08-09 13:58:48 [info     ] 	running step: superiso        [Run3ModelGen.modelgen]
2024-08-09 13:58:48 [info     ] 	running step: gm2calc         [Run3ModelGen.modelgen]
2024-08-09 13:58:48 [info     ] 	running step: evade           [Run3ModelGen.modelgen]
2024-08-09 13:58:48 [info     ] Generating Model: 2.slha (3/3) [Run3ModelGen.modelgen]
2024-08-09 13:58:48 [info     ] 	running step: prep_input      [Run3ModelGen.modelgen]
2024-08-09 13:58:48 [info     ] 	running step: SPheno          [Run3ModelGen.modelgen]
2024-08-09 13:58:49 [info     ] 	running step: softsusy        [Run3ModelGen.modelgen]
2024-08-09 13:58:49 [info     ] 	running step: micromegas      [Run3ModelGen.modelgen]
2024-08-09 13:58:50 [info     ] 	running step: superiso        [Run3ModelGen.modelgen]
2024-08-09 13:58:50 [info     ] 	running step: gm2calc         [Run3ModelGen.modelgen]
2024-08-09 13:58:50 [info     ] 	running step: evade           [Run3ModelGen.modelgen]
2024-08-09 13:58:50 [info     ] Finished generating models! Stats for successful generations (successful/attempted): [Run3ModelGen.modelgen]
2024-08-09 13:58:50 [info     ] 	prep_input: 3/3.              [Run3ModelGen.modelgen]
2024-08-09 13:58:50 [info     ] 	SPheno: 3/3.                  [Run3ModelGen.modelgen]
2024-08-09 13:58:50 [info     ] 	softsusy: 3/3.                [Run3ModelGen.modelgen]
2024-08-09 13:58:50 [info     ] 	micromegas: 3/3.              [Run3ModelGen.modelgen]
2024-08-09 13:58:50 [info     ] 	superiso: 3/3.                [Run3ModelGen.modelgen]
2024-08-09 13:58:50 [info     ] 	gm2calc: 3/3.                 [Run3ModelGen.modelgen]
2024-08-09 13:58:50 [info     ] 	evade: 0/3.                   [Run3ModelGen.modelgen]
2024-08-09 13:58:50 [info     ] Will make NTuple for: /u/dvoss/al_pmssmwithgp/Run3ModelGen/source/Run3ModelGen/scans/scan_7, with 3 models [Run3ModelGen.ntupling]
2024-08-09 13:58:50 [info     ] 	Filling values for model: 0   [Run3ModelGen.ntupling]
2024-08-09 13:58:50 [info     ] Saving NTuple in /u/dvoss/al_pmssmwithgp/Run3ModelGen/source/Run3ModelGen/scans/scan_7/ntuple.0.0.root ... [Run3ModelGen.ntupling]
Completed iteration 7
Starting iteration 8
Initial Training points:  tensor([0.5980, 1.0000, 0.6798, 0.1852, 0.0000], device='cuda:0') torch.Size([5])
Training points after adding:  tensor([0.5980, 1.0000, 0.6798, 0.1852, 0.0000, 0.1877, 0.6387, 0.9396, 0.1877,
        0.7292, 0.2407, 0.1942, 0.2790, 0.1877, 0.1877, 0.4168, 0.3206, 0.3483,
        0.2529, 0.1877, 0.3483, 0.1877, 0.6852, 0.4609, 0.1877, 0.2301],
       device='cuda:0') torch.Size([26])
These training_points are used in the GP tensor([0.5980, 1.0000, 0.6798, 0.1852, 0.0000, 0.1877, 0.6387, 0.9396, 0.1877,
        0.7292, 0.2407, 0.1942, 0.2790, 0.1877, 0.1877, 0.4168, 0.3206, 0.3483,
        0.2529, 0.1877, 0.3483, 0.1877, 0.6852, 0.4609, 0.1877, 0.2301],
       device='cuda:0')
points: {0, 97, 31}
new xs normalized:  tensor([0.0000, 0.0971, 0.0310], device='cuda:0')
Corresponding xs: tensor([-1981.6007, -1652.1526, -1876.3131], device='cuda:0')
Plot saved to /raven/u/dvoss/al_pmssmwithgp/model/plots/Iter8/gp_plot.png
YAML file has been created: /u/dvoss/al_pmssmwithgp/Run3ModelGen/source/Run3ModelGen/data/new_config.yaml
Note: detected 144 virtual cores but NumExpr set to maximum of 64, check "NUMEXPR_MAX_THREADS" environment variable.
Note: NumExpr detected 144 cores but "NUMEXPR_MAX_THREADS" not set, so enforcing safe limit of 8.
NumExpr defaulting to 8 threads.

  ___              ____ __  __          _       _   ___            
 | _ \ _  _  _ _  |__ /|  \/  | ___  __| | ___ | | / __| ___  _ _  
 |   /| || || ' \  |_ \| |\/| |/ _ \/ _` |/ -_)| || (_ |/ -_)| ' \ 
 |_|_\ \_,_||_||_||___/|_|  |_|\___/\__,_|\___||_| \___|\___||_||_|
                                                                   

2024-08-09 13:59:29 [info     ] Initialised ModelGenerator with: [Run3ModelGen.modelgen]
2024-08-09 13:59:29 [info     ] 	config_file = /u/dvoss/al_pmssmwithgp/Run3ModelGen/source/Run3ModelGen/data/new_config.yaml [Run3ModelGen.modelgen]
2024-08-09 13:59:29 [info     ] 	scan_dir = /u/dvoss/al_pmssmwithgp/Run3ModelGen/source/Run3ModelGen/scans/scan_8 [Run3ModelGen.modelgen]
2024-08-09 13:59:29 [info     ] 	rawfilen = /u/dvoss/al_pmssmwithgp/Run3ModelGen/source/Run3ModelGen/data/raw.slha [Run3ModelGen.modelgen]
2024-08-09 13:59:29 [info     ] 	seed = 123                    [Run3ModelGen.modelgen]
2024-08-09 13:59:29 [info     ] 	points = {}                   [Run3ModelGen.modelgen]
2024-08-09 13:59:29 [info     ] 	prior = fixed                 [Run3ModelGen.modelgen]
2024-08-09 13:59:29 [info     ] 	num_models = 3                [Run3ModelGen.modelgen]
2024-08-09 13:59:29 [info     ] 	isGMSB = False                [Run3ModelGen.modelgen]
2024-08-09 13:59:29 [info     ] 	parameters =                  [Run3ModelGen.modelgen]
2024-08-09 13:59:29 [info     ] 		tanb: [60, 60, 60]           [Run3ModelGen.modelgen]
2024-08-09 13:59:29 [info     ] 		M_1: [-1981.6, -1652.15, -1876.31] [Run3ModelGen.modelgen]
2024-08-09 13:59:29 [info     ] 		M_2: [2000, 2000, 2000]      [Run3ModelGen.modelgen]
2024-08-09 13:59:29 [info     ] 		M_3: [4000, 4000, 4000]      [Run3ModelGen.modelgen]
2024-08-09 13:59:29 [info     ] 		AT: [4000, 4000, 4000]       [Run3ModelGen.modelgen]
2024-08-09 13:59:29 [info     ] 		Ab: [2000, 2000, 2000]       [Run3ModelGen.modelgen]
2024-08-09 13:59:29 [info     ] 		Atau: [2000, 2000, 2000]     [Run3ModelGen.modelgen]
2024-08-09 13:59:29 [info     ] 		mu: [2000, 2000, 2000]       [Run3ModelGen.modelgen]
2024-08-09 13:59:29 [info     ] 		mA: [2000, 2000, 2000]       [Run3ModelGen.modelgen]
2024-08-09 13:59:29 [info     ] 		meL: [2000, 2000, 2000]      [Run3ModelGen.modelgen]
2024-08-09 13:59:29 [info     ] 		mtauL: [2000, 2000, 2000]    [Run3ModelGen.modelgen]
2024-08-09 13:59:29 [info     ] 		meR: [2000, 2000, 2000]      [Run3ModelGen.modelgen]
2024-08-09 13:59:29 [info     ] 		mtauR: [2000, 2000, 2000]    [Run3ModelGen.modelgen]
2024-08-09 13:59:29 [info     ] 		mqL1: [4000, 4000, 4000]     [Run3ModelGen.modelgen]
2024-08-09 13:59:29 [info     ] 		mqL3: [4000, 4000, 4000]     [Run3ModelGen.modelgen]
2024-08-09 13:59:29 [info     ] 		muR: [4000, 4000, 4000]      [Run3ModelGen.modelgen]
2024-08-09 13:59:29 [info     ] 		mtR: [4000, 4000, 4000]      [Run3ModelGen.modelgen]
2024-08-09 13:59:29 [info     ] 		mdR: [4000, 4000, 4000]      [Run3ModelGen.modelgen]
2024-08-09 13:59:29 [info     ] 		mbR: [4000, 4000, 4000]      [Run3ModelGen.modelgen]
2024-08-09 13:59:29 [info     ] 	steps =                       [Run3ModelGen.modelgen]
2024-08-09 13:59:29 [info     ] 		{'name': 'prep_input', 'output_dir': 'input', 'prefix': 'IN'} [Run3ModelGen.modelgen]
2024-08-09 13:59:29 [info     ] 		{'name': 'SPheno', 'input_dir': 'input', 'output_dir': 'SPheno', 'log_dir': 'SPheno_log', 'prefix': 'SP'} [Run3ModelGen.modelgen]
2024-08-09 13:59:29 [info     ] 		{'name': 'softsusy', 'input_dir': 'input', 'output_dir': 'softsusy', 'prefix': 'SS'} [Run3ModelGen.modelgen]
2024-08-09 13:59:29 [info     ] 		{'name': 'micromegas', 'input_dir': 'SPheno', 'output_dir': 'micromegas', 'prefix': 'MO'} [Run3ModelGen.modelgen]
2024-08-09 13:59:29 [info     ] 		{'name': 'superiso', 'input_dir': 'SPheno', 'output_dir': 'superiso', 'prefix': 'SI'} [Run3ModelGen.modelgen]
2024-08-09 13:59:29 [info     ] 		{'name': 'gm2calc', 'input_dir': 'SPheno', 'output_dir': 'gm2calc', 'prefix': 'GM2'} [Run3ModelGen.modelgen]
2024-08-09 13:59:29 [info     ] 		{'name': 'evade', 'input_dir': 'SPheno', 'output_dir': 'evade', 'prefix': 'EV'} [Run3ModelGen.modelgen]
2024-08-09 13:59:29 [info     ] Starting Model Generation...   [Run3ModelGen.modelgen]
2024-08-09 13:59:29 [info     ] Setting up output directories for scan [Run3ModelGen.modelgen]
2024-08-09 13:59:29 [info     ] Generating Model: 0.slha (1/3) [Run3ModelGen.modelgen]
2024-08-09 13:59:29 [info     ] 	running step: prep_input      [Run3ModelGen.modelgen]
2024-08-09 13:59:29 [info     ] 	running step: SPheno          [Run3ModelGen.modelgen]
2024-08-09 13:59:29 [info     ] 	running step: softsusy        [Run3ModelGen.modelgen]
2024-08-09 13:59:29 [info     ] 	running step: micromegas      [Run3ModelGen.modelgen]
2024-08-09 13:59:31 [info     ] 	running step: superiso        [Run3ModelGen.modelgen]
2024-08-09 13:59:31 [info     ] 	running step: gm2calc         [Run3ModelGen.modelgen]
2024-08-09 13:59:31 [info     ] 	running step: evade           [Run3ModelGen.modelgen]
2024-08-09 13:59:31 [info     ] Generating Model: 1.slha (2/3) [Run3ModelGen.modelgen]
2024-08-09 13:59:31 [info     ] 	running step: prep_input      [Run3ModelGen.modelgen]
2024-08-09 13:59:31 [info     ] 	running step: SPheno          [Run3ModelGen.modelgen]
2024-08-09 13:59:31 [info     ] 	running step: softsusy        [Run3ModelGen.modelgen]
2024-08-09 13:59:31 [info     ] 	running step: micromegas      [Run3ModelGen.modelgen]
2024-08-09 13:59:32 [info     ] 	running step: superiso        [Run3ModelGen.modelgen]
2024-08-09 13:59:32 [info     ] 	running step: gm2calc         [Run3ModelGen.modelgen]
2024-08-09 13:59:32 [info     ] 	running step: evade           [Run3ModelGen.modelgen]
2024-08-09 13:59:32 [info     ] Generating Model: 2.slha (3/3) [Run3ModelGen.modelgen]
2024-08-09 13:59:32 [info     ] 	running step: prep_input      [Run3ModelGen.modelgen]
2024-08-09 13:59:32 [info     ] 	running step: SPheno          [Run3ModelGen.modelgen]
2024-08-09 13:59:33 [info     ] 	running step: softsusy        [Run3ModelGen.modelgen]
2024-08-09 13:59:33 [info     ] 	running step: micromegas      [Run3ModelGen.modelgen]
2024-08-09 13:59:34 [info     ] 	running step: superiso        [Run3ModelGen.modelgen]
2024-08-09 13:59:34 [info     ] 	running step: gm2calc         [Run3ModelGen.modelgen]
2024-08-09 13:59:34 [info     ] 	running step: evade           [Run3ModelGen.modelgen]
2024-08-09 13:59:34 [info     ] Finished generating models! Stats for successful generations (successful/attempted): [Run3ModelGen.modelgen]
2024-08-09 13:59:34 [info     ] 	prep_input: 3/3.              [Run3ModelGen.modelgen]
2024-08-09 13:59:34 [info     ] 	SPheno: 3/3.                  [Run3ModelGen.modelgen]
2024-08-09 13:59:34 [info     ] 	softsusy: 3/3.                [Run3ModelGen.modelgen]
2024-08-09 13:59:34 [info     ] 	micromegas: 3/3.              [Run3ModelGen.modelgen]
2024-08-09 13:59:34 [info     ] 	superiso: 3/3.                [Run3ModelGen.modelgen]
2024-08-09 13:59:34 [info     ] 	gm2calc: 3/3.                 [Run3ModelGen.modelgen]
2024-08-09 13:59:34 [info     ] 	evade: 0/3.                   [Run3ModelGen.modelgen]
2024-08-09 13:59:34 [info     ] Will make NTuple for: /u/dvoss/al_pmssmwithgp/Run3ModelGen/source/Run3ModelGen/scans/scan_8, with 3 models [Run3ModelGen.ntupling]
2024-08-09 13:59:34 [info     ] 	Filling values for model: 0   [Run3ModelGen.ntupling]
2024-08-09 13:59:34 [info     ] Saving NTuple in /u/dvoss/al_pmssmwithgp/Run3ModelGen/source/Run3ModelGen/scans/scan_8/ntuple.0.0.root ... [Run3ModelGen.ntupling]
Completed iteration 8
Starting iteration 9
Initial Training points:  tensor([0.5980, 1.0000, 0.6798, 0.1852, 0.0000], device='cuda:0') torch.Size([5])
Training points after adding:  tensor([0.5980, 1.0000, 0.6798, 0.1852, 0.0000, 0.1877, 0.6387, 0.9396, 0.1877,
        0.7292, 0.2407, 0.1942, 0.2790, 0.1877, 0.1877, 0.4168, 0.3206, 0.3483,
        0.2529, 0.1877, 0.3483, 0.1877, 0.6852, 0.4609, 0.1877, 0.2301, 0.5131,
        0.1877, 0.3190], device='cuda:0') torch.Size([29])
These training_points are used in the GP tensor([0.5980, 1.0000, 0.6798, 0.1852, 0.0000, 0.1877, 0.6387, 0.9396, 0.1877,
        0.7292, 0.2407, 0.1942, 0.2790, 0.1877, 0.1877, 0.4168, 0.3206, 0.3483,
        0.2529, 0.1877, 0.3483, 0.1877, 0.6852, 0.4609, 0.1877, 0.2301, 0.5131,
        0.1877, 0.3190], device='cuda:0')
points: {0, 188, 239}
new xs normalized:  tensor([0.0000, 0.1882, 0.2392], device='cuda:0')
Corresponding xs: tensor([-1981.6007, -1343.0825, -1169.8676], device='cuda:0')
Plot saved to /raven/u/dvoss/al_pmssmwithgp/model/plots/Iter9/gp_plot.png
YAML file has been created: /u/dvoss/al_pmssmwithgp/Run3ModelGen/source/Run3ModelGen/data/new_config.yaml
Note: detected 144 virtual cores but NumExpr set to maximum of 64, check "NUMEXPR_MAX_THREADS" environment variable.
Note: NumExpr detected 144 cores but "NUMEXPR_MAX_THREADS" not set, so enforcing safe limit of 8.
NumExpr defaulting to 8 threads.

  ___              ____ __  __          _       _   ___            
 | _ \ _  _  _ _  |__ /|  \/  | ___  __| | ___ | | / __| ___  _ _  
 |   /| || || ' \  |_ \| |\/| |/ _ \/ _` |/ -_)| || (_ |/ -_)| ' \ 
 |_|_\ \_,_||_||_||___/|_|  |_|\___/\__,_|\___||_| \___|\___||_||_|
                                                                   

2024-08-09 14:00:13 [info     ] Initialised ModelGenerator with: [Run3ModelGen.modelgen]
2024-08-09 14:00:13 [info     ] 	config_file = /u/dvoss/al_pmssmwithgp/Run3ModelGen/source/Run3ModelGen/data/new_config.yaml [Run3ModelGen.modelgen]
2024-08-09 14:00:13 [info     ] 	scan_dir = /u/dvoss/al_pmssmwithgp/Run3ModelGen/source/Run3ModelGen/scans/scan_9 [Run3ModelGen.modelgen]
2024-08-09 14:00:13 [info     ] 	rawfilen = /u/dvoss/al_pmssmwithgp/Run3ModelGen/source/Run3ModelGen/data/raw.slha [Run3ModelGen.modelgen]
2024-08-09 14:00:13 [info     ] 	seed = 123                    [Run3ModelGen.modelgen]
2024-08-09 14:00:13 [info     ] 	points = {}                   [Run3ModelGen.modelgen]
2024-08-09 14:00:13 [info     ] 	prior = fixed                 [Run3ModelGen.modelgen]
2024-08-09 14:00:13 [info     ] 	num_models = 3                [Run3ModelGen.modelgen]
2024-08-09 14:00:13 [info     ] 	isGMSB = False                [Run3ModelGen.modelgen]
2024-08-09 14:00:13 [info     ] 	parameters =                  [Run3ModelGen.modelgen]
2024-08-09 14:00:13 [info     ] 		tanb: [60, 60, 60]           [Run3ModelGen.modelgen]
2024-08-09 14:00:13 [info     ] 		M_1: [-1981.6, -1343.08, -1169.87] [Run3ModelGen.modelgen]
2024-08-09 14:00:13 [info     ] 		M_2: [2000, 2000, 2000]      [Run3ModelGen.modelgen]
2024-08-09 14:00:13 [info     ] 		M_3: [4000, 4000, 4000]      [Run3ModelGen.modelgen]
2024-08-09 14:00:13 [info     ] 		AT: [4000, 4000, 4000]       [Run3ModelGen.modelgen]
2024-08-09 14:00:13 [info     ] 		Ab: [2000, 2000, 2000]       [Run3ModelGen.modelgen]
2024-08-09 14:00:13 [info     ] 		Atau: [2000, 2000, 2000]     [Run3ModelGen.modelgen]
2024-08-09 14:00:13 [info     ] 		mu: [2000, 2000, 2000]       [Run3ModelGen.modelgen]
2024-08-09 14:00:13 [info     ] 		mA: [2000, 2000, 2000]       [Run3ModelGen.modelgen]
2024-08-09 14:00:13 [info     ] 		meL: [2000, 2000, 2000]      [Run3ModelGen.modelgen]
2024-08-09 14:00:13 [info     ] 		mtauL: [2000, 2000, 2000]    [Run3ModelGen.modelgen]
2024-08-09 14:00:13 [info     ] 		meR: [2000, 2000, 2000]      [Run3ModelGen.modelgen]
2024-08-09 14:00:13 [info     ] 		mtauR: [2000, 2000, 2000]    [Run3ModelGen.modelgen]
2024-08-09 14:00:13 [info     ] 		mqL1: [4000, 4000, 4000]     [Run3ModelGen.modelgen]
2024-08-09 14:00:13 [info     ] 		mqL3: [4000, 4000, 4000]     [Run3ModelGen.modelgen]
2024-08-09 14:00:13 [info     ] 		muR: [4000, 4000, 4000]      [Run3ModelGen.modelgen]
2024-08-09 14:00:13 [info     ] 		mtR: [4000, 4000, 4000]      [Run3ModelGen.modelgen]
2024-08-09 14:00:13 [info     ] 		mdR: [4000, 4000, 4000]      [Run3ModelGen.modelgen]
2024-08-09 14:00:13 [info     ] 		mbR: [4000, 4000, 4000]      [Run3ModelGen.modelgen]
2024-08-09 14:00:13 [info     ] 	steps =                       [Run3ModelGen.modelgen]
2024-08-09 14:00:13 [info     ] 		{'name': 'prep_input', 'output_dir': 'input', 'prefix': 'IN'} [Run3ModelGen.modelgen]
2024-08-09 14:00:13 [info     ] 		{'name': 'SPheno', 'input_dir': 'input', 'output_dir': 'SPheno', 'log_dir': 'SPheno_log', 'prefix': 'SP'} [Run3ModelGen.modelgen]
2024-08-09 14:00:13 [info     ] 		{'name': 'softsusy', 'input_dir': 'input', 'output_dir': 'softsusy', 'prefix': 'SS'} [Run3ModelGen.modelgen]
2024-08-09 14:00:13 [info     ] 		{'name': 'micromegas', 'input_dir': 'SPheno', 'output_dir': 'micromegas', 'prefix': 'MO'} [Run3ModelGen.modelgen]
2024-08-09 14:00:13 [info     ] 		{'name': 'superiso', 'input_dir': 'SPheno', 'output_dir': 'superiso', 'prefix': 'SI'} [Run3ModelGen.modelgen]
2024-08-09 14:00:13 [info     ] 		{'name': 'gm2calc', 'input_dir': 'SPheno', 'output_dir': 'gm2calc', 'prefix': 'GM2'} [Run3ModelGen.modelgen]
2024-08-09 14:00:13 [info     ] 		{'name': 'evade', 'input_dir': 'SPheno', 'output_dir': 'evade', 'prefix': 'EV'} [Run3ModelGen.modelgen]
2024-08-09 14:00:13 [info     ] Starting Model Generation...   [Run3ModelGen.modelgen]
2024-08-09 14:00:13 [info     ] Setting up output directories for scan [Run3ModelGen.modelgen]
2024-08-09 14:00:13 [info     ] Generating Model: 0.slha (1/3) [Run3ModelGen.modelgen]
2024-08-09 14:00:13 [info     ] 	running step: prep_input      [Run3ModelGen.modelgen]
2024-08-09 14:00:13 [info     ] 	running step: SPheno          [Run3ModelGen.modelgen]
2024-08-09 14:00:13 [info     ] 	running step: softsusy        [Run3ModelGen.modelgen]
2024-08-09 14:00:13 [info     ] 	running step: micromegas      [Run3ModelGen.modelgen]
2024-08-09 14:00:14 [info     ] 	running step: superiso        [Run3ModelGen.modelgen]
2024-08-09 14:00:15 [info     ] 	running step: gm2calc         [Run3ModelGen.modelgen]
2024-08-09 14:00:15 [info     ] 	running step: evade           [Run3ModelGen.modelgen]
2024-08-09 14:00:15 [info     ] Generating Model: 1.slha (2/3) [Run3ModelGen.modelgen]
2024-08-09 14:00:15 [info     ] 	running step: prep_input      [Run3ModelGen.modelgen]
2024-08-09 14:00:15 [info     ] 	running step: SPheno          [Run3ModelGen.modelgen]
2024-08-09 14:00:15 [info     ] 	running step: softsusy        [Run3ModelGen.modelgen]
2024-08-09 14:00:15 [info     ] 	running step: micromegas      [Run3ModelGen.modelgen]
2024-08-09 14:00:15 [info     ] 	running step: superiso        [Run3ModelGen.modelgen]
2024-08-09 14:00:15 [info     ] 	running step: gm2calc         [Run3ModelGen.modelgen]
2024-08-09 14:00:15 [info     ] 	running step: evade           [Run3ModelGen.modelgen]
2024-08-09 14:00:15 [info     ] Generating Model: 2.slha (3/3) [Run3ModelGen.modelgen]
2024-08-09 14:00:15 [info     ] 	running step: prep_input      [Run3ModelGen.modelgen]
2024-08-09 14:00:15 [info     ] 	running step: SPheno          [Run3ModelGen.modelgen]
2024-08-09 14:00:16 [info     ] 	running step: softsusy        [Run3ModelGen.modelgen]
2024-08-09 14:00:16 [info     ] 	running step: micromegas      [Run3ModelGen.modelgen]
2024-08-09 14:00:16 [info     ] 	running step: superiso        [Run3ModelGen.modelgen]
2024-08-09 14:00:16 [info     ] 	running step: gm2calc         [Run3ModelGen.modelgen]
2024-08-09 14:00:16 [info     ] 	running step: evade           [Run3ModelGen.modelgen]
2024-08-09 14:00:16 [info     ] Finished generating models! Stats for successful generations (successful/attempted): [Run3ModelGen.modelgen]
2024-08-09 14:00:16 [info     ] 	prep_input: 3/3.              [Run3ModelGen.modelgen]
2024-08-09 14:00:16 [info     ] 	SPheno: 3/3.                  [Run3ModelGen.modelgen]
2024-08-09 14:00:16 [info     ] 	softsusy: 3/3.                [Run3ModelGen.modelgen]
2024-08-09 14:00:16 [info     ] 	micromegas: 3/3.              [Run3ModelGen.modelgen]
2024-08-09 14:00:16 [info     ] 	superiso: 3/3.                [Run3ModelGen.modelgen]
2024-08-09 14:00:16 [info     ] 	gm2calc: 3/3.                 [Run3ModelGen.modelgen]
2024-08-09 14:00:16 [info     ] 	evade: 0/3.                   [Run3ModelGen.modelgen]
2024-08-09 14:00:16 [info     ] Will make NTuple for: /u/dvoss/al_pmssmwithgp/Run3ModelGen/source/Run3ModelGen/scans/scan_9, with 3 models [Run3ModelGen.ntupling]
2024-08-09 14:00:16 [info     ] 	Filling values for model: 0   [Run3ModelGen.ntupling]
2024-08-09 14:00:16 [info     ] Saving NTuple in /u/dvoss/al_pmssmwithgp/Run3ModelGen/source/Run3ModelGen/scans/scan_9/ntuple.0.0.root ... [Run3ModelGen.ntupling]
Completed iteration 9
Starting iteration 10
Initial Training points:  tensor([0.5980, 1.0000, 0.6798, 0.1852, 0.0000], device='cuda:0') torch.Size([5])
Training points after adding:  tensor([0.5980, 1.0000, 0.6798, 0.1852, 0.0000, 0.1877, 0.6387, 0.9396, 0.1877,
        0.7292, 0.2407, 0.1942, 0.2790, 0.1877, 0.1877, 0.4168, 0.3206, 0.3483,
        0.2529, 0.1877, 0.3483, 0.1877, 0.6852, 0.4609, 0.1877, 0.2301, 0.5131,
        0.1877, 0.3190, 0.2839, 0.1877, 0.9984], device='cuda:0') torch.Size([32])
These training_points are used in the GP tensor([0.5980, 1.0000, 0.6798, 0.1852, 0.0000, 0.1877, 0.6387, 0.9396, 0.1877,
        0.7292, 0.2407, 0.1942, 0.2790, 0.1877, 0.1877, 0.4168, 0.3206, 0.3483,
        0.2529, 0.1877, 0.3483, 0.1877, 0.6852, 0.4609, 0.1877, 0.2301, 0.5131,
        0.1877, 0.3190, 0.2839, 0.1877, 0.9984], device='cuda:0')
points: {0, 61, 29}
new xs normalized:  tensor([0.0000, 0.0611, 0.0290], device='cuda:0')
Corresponding xs: tensor([-1981.6007, -1774.4220, -1883.1060], device='cuda:0')
Plot saved to /raven/u/dvoss/al_pmssmwithgp/model/plots/Iter10/gp_plot.png
YAML file has been created: /u/dvoss/al_pmssmwithgp/Run3ModelGen/source/Run3ModelGen/data/new_config.yaml
Note: detected 144 virtual cores but NumExpr set to maximum of 64, check "NUMEXPR_MAX_THREADS" environment variable.
Note: NumExpr detected 144 cores but "NUMEXPR_MAX_THREADS" not set, so enforcing safe limit of 8.
NumExpr defaulting to 8 threads.

  ___              ____ __  __          _       _   ___            
 | _ \ _  _  _ _  |__ /|  \/  | ___  __| | ___ | | / __| ___  _ _  
 |   /| || || ' \  |_ \| |\/| |/ _ \/ _` |/ -_)| || (_ |/ -_)| ' \ 
 |_|_\ \_,_||_||_||___/|_|  |_|\___/\__,_|\___||_| \___|\___||_||_|
                                                                   

2024-08-09 14:00:55 [info     ] Initialised ModelGenerator with: [Run3ModelGen.modelgen]
2024-08-09 14:00:55 [info     ] 	config_file = /u/dvoss/al_pmssmwithgp/Run3ModelGen/source/Run3ModelGen/data/new_config.yaml [Run3ModelGen.modelgen]
2024-08-09 14:00:55 [info     ] 	scan_dir = /u/dvoss/al_pmssmwithgp/Run3ModelGen/source/Run3ModelGen/scans/scan_10 [Run3ModelGen.modelgen]
2024-08-09 14:00:55 [info     ] 	rawfilen = /u/dvoss/al_pmssmwithgp/Run3ModelGen/source/Run3ModelGen/data/raw.slha [Run3ModelGen.modelgen]
2024-08-09 14:00:55 [info     ] 	seed = 123                    [Run3ModelGen.modelgen]
2024-08-09 14:00:55 [info     ] 	points = {}                   [Run3ModelGen.modelgen]
2024-08-09 14:00:55 [info     ] 	prior = fixed                 [Run3ModelGen.modelgen]
2024-08-09 14:00:55 [info     ] 	num_models = 3                [Run3ModelGen.modelgen]
2024-08-09 14:00:55 [info     ] 	isGMSB = False                [Run3ModelGen.modelgen]
2024-08-09 14:00:55 [info     ] 	parameters =                  [Run3ModelGen.modelgen]
2024-08-09 14:00:55 [info     ] 		tanb: [60, 60, 60]           [Run3ModelGen.modelgen]
2024-08-09 14:00:55 [info     ] 		M_1: [-1981.6, -1774.42, -1883.11] [Run3ModelGen.modelgen]
2024-08-09 14:00:55 [info     ] 		M_2: [2000, 2000, 2000]      [Run3ModelGen.modelgen]
2024-08-09 14:00:55 [info     ] 		M_3: [4000, 4000, 4000]      [Run3ModelGen.modelgen]
2024-08-09 14:00:55 [info     ] 		AT: [4000, 4000, 4000]       [Run3ModelGen.modelgen]
2024-08-09 14:00:55 [info     ] 		Ab: [2000, 2000, 2000]       [Run3ModelGen.modelgen]
2024-08-09 14:00:55 [info     ] 		Atau: [2000, 2000, 2000]     [Run3ModelGen.modelgen]
2024-08-09 14:00:55 [info     ] 		mu: [2000, 2000, 2000]       [Run3ModelGen.modelgen]
2024-08-09 14:00:55 [info     ] 		mA: [2000, 2000, 2000]       [Run3ModelGen.modelgen]
2024-08-09 14:00:55 [info     ] 		meL: [2000, 2000, 2000]      [Run3ModelGen.modelgen]
2024-08-09 14:00:55 [info     ] 		mtauL: [2000, 2000, 2000]    [Run3ModelGen.modelgen]
2024-08-09 14:00:55 [info     ] 		meR: [2000, 2000, 2000]      [Run3ModelGen.modelgen]
2024-08-09 14:00:55 [info     ] 		mtauR: [2000, 2000, 2000]    [Run3ModelGen.modelgen]
2024-08-09 14:00:55 [info     ] 		mqL1: [4000, 4000, 4000]     [Run3ModelGen.modelgen]
2024-08-09 14:00:55 [info     ] 		mqL3: [4000, 4000, 4000]     [Run3ModelGen.modelgen]
2024-08-09 14:00:55 [info     ] 		muR: [4000, 4000, 4000]      [Run3ModelGen.modelgen]
2024-08-09 14:00:55 [info     ] 		mtR: [4000, 4000, 4000]      [Run3ModelGen.modelgen]
2024-08-09 14:00:55 [info     ] 		mdR: [4000, 4000, 4000]      [Run3ModelGen.modelgen]
2024-08-09 14:00:55 [info     ] 		mbR: [4000, 4000, 4000]      [Run3ModelGen.modelgen]
2024-08-09 14:00:55 [info     ] 	steps =                       [Run3ModelGen.modelgen]
2024-08-09 14:00:55 [info     ] 		{'name': 'prep_input', 'output_dir': 'input', 'prefix': 'IN'} [Run3ModelGen.modelgen]
2024-08-09 14:00:55 [info     ] 		{'name': 'SPheno', 'input_dir': 'input', 'output_dir': 'SPheno', 'log_dir': 'SPheno_log', 'prefix': 'SP'} [Run3ModelGen.modelgen]
2024-08-09 14:00:55 [info     ] 		{'name': 'softsusy', 'input_dir': 'input', 'output_dir': 'softsusy', 'prefix': 'SS'} [Run3ModelGen.modelgen]
2024-08-09 14:00:55 [info     ] 		{'name': 'micromegas', 'input_dir': 'SPheno', 'output_dir': 'micromegas', 'prefix': 'MO'} [Run3ModelGen.modelgen]
2024-08-09 14:00:55 [info     ] 		{'name': 'superiso', 'input_dir': 'SPheno', 'output_dir': 'superiso', 'prefix': 'SI'} [Run3ModelGen.modelgen]
2024-08-09 14:00:55 [info     ] 		{'name': 'gm2calc', 'input_dir': 'SPheno', 'output_dir': 'gm2calc', 'prefix': 'GM2'} [Run3ModelGen.modelgen]
2024-08-09 14:00:55 [info     ] 		{'name': 'evade', 'input_dir': 'SPheno', 'output_dir': 'evade', 'prefix': 'EV'} [Run3ModelGen.modelgen]
2024-08-09 14:00:55 [info     ] Starting Model Generation...   [Run3ModelGen.modelgen]
2024-08-09 14:00:55 [info     ] Setting up output directories for scan [Run3ModelGen.modelgen]
2024-08-09 14:00:55 [info     ] Generating Model: 0.slha (1/3) [Run3ModelGen.modelgen]
2024-08-09 14:00:55 [info     ] 	running step: prep_input      [Run3ModelGen.modelgen]
2024-08-09 14:00:55 [info     ] 	running step: SPheno          [Run3ModelGen.modelgen]
2024-08-09 14:00:56 [info     ] 	running step: softsusy        [Run3ModelGen.modelgen]
2024-08-09 14:00:56 [info     ] 	running step: micromegas      [Run3ModelGen.modelgen]
2024-08-09 14:00:57 [info     ] 	running step: superiso        [Run3ModelGen.modelgen]
2024-08-09 14:00:57 [info     ] 	running step: gm2calc         [Run3ModelGen.modelgen]
2024-08-09 14:00:57 [info     ] 	running step: evade           [Run3ModelGen.modelgen]
2024-08-09 14:00:57 [info     ] Generating Model: 1.slha (2/3) [Run3ModelGen.modelgen]
2024-08-09 14:00:57 [info     ] 	running step: prep_input      [Run3ModelGen.modelgen]
2024-08-09 14:00:57 [info     ] 	running step: SPheno          [Run3ModelGen.modelgen]
2024-08-09 14:00:57 [info     ] 	running step: softsusy        [Run3ModelGen.modelgen]
2024-08-09 14:00:57 [info     ] 	running step: micromegas      [Run3ModelGen.modelgen]
2024-08-09 14:00:59 [info     ] 	running step: superiso        [Run3ModelGen.modelgen]
2024-08-09 14:00:59 [info     ] 	running step: gm2calc         [Run3ModelGen.modelgen]
2024-08-09 14:00:59 [info     ] 	running step: evade           [Run3ModelGen.modelgen]
2024-08-09 14:00:59 [info     ] Generating Model: 2.slha (3/3) [Run3ModelGen.modelgen]
2024-08-09 14:00:59 [info     ] 	running step: prep_input      [Run3ModelGen.modelgen]
2024-08-09 14:00:59 [info     ] 	running step: SPheno          [Run3ModelGen.modelgen]
2024-08-09 14:00:59 [info     ] 	running step: softsusy        [Run3ModelGen.modelgen]
2024-08-09 14:00:59 [info     ] 	running step: micromegas      [Run3ModelGen.modelgen]
2024-08-09 14:01:00 [info     ] 	running step: superiso        [Run3ModelGen.modelgen]
2024-08-09 14:01:01 [info     ] 	running step: gm2calc         [Run3ModelGen.modelgen]
2024-08-09 14:01:01 [info     ] 	running step: evade           [Run3ModelGen.modelgen]
2024-08-09 14:01:01 [info     ] Finished generating models! Stats for successful generations (successful/attempted): [Run3ModelGen.modelgen]
2024-08-09 14:01:01 [info     ] 	prep_input: 3/3.              [Run3ModelGen.modelgen]
2024-08-09 14:01:01 [info     ] 	SPheno: 3/3.                  [Run3ModelGen.modelgen]
2024-08-09 14:01:01 [info     ] 	softsusy: 3/3.                [Run3ModelGen.modelgen]
2024-08-09 14:01:01 [info     ] 	micromegas: 3/3.              [Run3ModelGen.modelgen]
2024-08-09 14:01:01 [info     ] 	superiso: 3/3.                [Run3ModelGen.modelgen]
2024-08-09 14:01:01 [info     ] 	gm2calc: 3/3.                 [Run3ModelGen.modelgen]
2024-08-09 14:01:01 [info     ] 	evade: 0/3.                   [Run3ModelGen.modelgen]
2024-08-09 14:01:01 [info     ] Will make NTuple for: /u/dvoss/al_pmssmwithgp/Run3ModelGen/source/Run3ModelGen/scans/scan_10, with 3 models [Run3ModelGen.ntupling]
2024-08-09 14:01:01 [info     ] 	Filling values for model: 0   [Run3ModelGen.ntupling]
2024-08-09 14:01:01 [info     ] Saving NTuple in /u/dvoss/al_pmssmwithgp/Run3ModelGen/source/Run3ModelGen/scans/scan_10/ntuple.0.0.root ... [Run3ModelGen.ntupling]
Completed iteration 10
All iterations completed.
                                  
================================= 
Global information about the job: 
================================= 
  
Job owner: dvoss(54815)
Job name:  test
Node list: ravg1076
Job start: Fri Aug  9 13:53:01 CEST 2024
Job end:   Fri Aug  9 14:01:07 CEST 2024
Work dir:  /raven/u/dvoss/al_pmssmwithgp/model
Command:   /raven/u/dvoss/al_pmssmwithgp/model/slurm/single_job.sbatch
  
  
  
==========================================================================================
Information on jobsteps (Note: MaxRSS/AveRSS is the maximum/average over all 
tasks of the per-task memory high-water marks; cf. "man sacct"): 
==========================================================================================
  
JobID            JobName NNodes NTasks  NCPUS       MaxRSS       AveRSS    Elapsed ExitCode
------------- ---------- ------ ------ ------ ------------ ------------ ---------- --------
12297651            test      1             4                             00:08:06      0:0
12297651.0        job.sh      1      1      4     2393.31M     2393.31M   00:07:47      0:0
  
Maximum memory per node: 2.509566 GB (defined as MaxRSS*Ntasks/NNodes)
CPU utilization: 18.5 %
  
