Defaulting to user installation because normal site-packages is not writeable
Requirement already satisfied: uproot in /raven/u/dvoss/.local/lib/python3.9/site-packages (5.3.10)
Requirement already satisfied: fsspec in /raven/u/dvoss/.local/lib/python3.9/site-packages (from uproot) (2024.6.1)
Requirement already satisfied: awkward>=2.4.6 in /raven/u/dvoss/.local/lib/python3.9/site-packages (from uproot) (2.6.6)
Requirement already satisfied: numpy in /raven/u/dvoss/.local/lib/python3.9/site-packages (from uproot) (1.22.4)
Requirement already satisfied: packaging in /raven/u/system/soft/SLE_15/packages/x86_64/anaconda/3/2021.11/lib/python3.9/site-packages (from uproot) (21.0)
Requirement already satisfied: cramjam>=2.5.0 in /raven/u/dvoss/.local/lib/python3.9/site-packages (from uproot) (2.8.3)
Requirement already satisfied: typing-extensions>=4.1.0 in /raven/u/dvoss/.local/lib/python3.9/site-packages (from uproot) (4.12.2)
Requirement already satisfied: importlib-metadata>=4.13.0 in /raven/u/dvoss/.local/lib/python3.9/site-packages (from awkward>=2.4.6->uproot) (8.0.0)
Requirement already satisfied: awkward-cpp==35 in /raven/u/dvoss/.local/lib/python3.9/site-packages (from awkward>=2.4.6->uproot) (35)
Requirement already satisfied: zipp>=0.5 in /raven/u/system/soft/SLE_15/packages/x86_64/anaconda/3/2021.11/lib/python3.9/site-packages (from importlib-metadata>=4.13.0->awkward>=2.4.6->uproot) (3.6.0)
Requirement already satisfied: pyparsing>=2.0.2 in /raven/u/system/soft/SLE_15/packages/x86_64/anaconda/3/2021.11/lib/python3.9/site-packages (from packaging->uproot) (3.0.4)
Defaulting to user installation because normal site-packages is not writeable
Collecting argparse
  Using cached argparse-1.4.0-py2.py3-none-any.whl (23 kB)
Installing collected packages: argparse
Successfully installed argparse-1.4.0
Defaulting to user installation because normal site-packages is not writeable
Requirement already satisfied: pyslha in /raven/u/dvoss/.local/lib/python3.9/site-packages (3.2.6)
Requirement already satisfied: tex2pix>=0.1.5 in /raven/u/dvoss/.local/lib/python3.9/site-packages (from pyslha) (0.3.1)
Defaulting to user installation because normal site-packages is not writeable
Requirement already satisfied: structlog in /raven/u/dvoss/.local/lib/python3.9/site-packages (24.4.0)
Defaulting to user installation because normal site-packages is not writeable
Requirement already satisfied: imageio[ffmpeg] in /raven/u/system/soft/SLE_15/packages/x86_64/anaconda/3/2021.11/lib/python3.9/site-packages (2.9.0)
Requirement already satisfied: Pillow in /raven/u/system/soft/SLE_15/packages/x86_64/anaconda/3/2021.11/lib/python3.9/site-packages (8.4.0)
Requirement already satisfied: numpy in /raven/u/dvoss/.local/lib/python3.9/site-packages (from imageio[ffmpeg]) (1.22.4)
Requirement already satisfied: imageio-ffmpeg in /raven/u/dvoss/.local/lib/python3.9/site-packages (from imageio[ffmpeg]) (0.5.1)
Requirement already satisfied: setuptools in /raven/u/system/soft/SLE_15/packages/x86_64/anaconda/3/2021.11/lib/python3.9/site-packages (from imageio-ffmpeg->imageio[ffmpeg]) (58.0.4)
Defaulting to user installation because normal site-packages is not writeable
Requirement already satisfied: seaborn in /raven/u/system/soft/SLE_15/packages/x86_64/anaconda/3/2021.11/lib/python3.9/site-packages (0.11.2)
Requirement already satisfied: scipy>=1.0 in /raven/u/system/soft/SLE_15/packages/x86_64/anaconda/3/2021.11/lib/python3.9/site-packages (from seaborn) (1.7.1)
Requirement already satisfied: matplotlib>=2.2 in /raven/u/system/soft/SLE_15/packages/x86_64/anaconda/3/2021.11/lib/python3.9/site-packages (from seaborn) (3.4.3)
Requirement already satisfied: pandas>=0.23 in /raven/u/system/soft/SLE_15/packages/x86_64/anaconda/3/2021.11/lib/python3.9/site-packages (from seaborn) (1.3.4)
Requirement already satisfied: numpy>=1.15 in /raven/u/dvoss/.local/lib/python3.9/site-packages (from seaborn) (1.22.4)
Requirement already satisfied: pyparsing>=2.2.1 in /raven/u/system/soft/SLE_15/packages/x86_64/anaconda/3/2021.11/lib/python3.9/site-packages (from matplotlib>=2.2->seaborn) (3.0.4)
Requirement already satisfied: cycler>=0.10 in /raven/u/system/soft/SLE_15/packages/x86_64/anaconda/3/2021.11/lib/python3.9/site-packages (from matplotlib>=2.2->seaborn) (0.10.0)
Requirement already satisfied: python-dateutil>=2.7 in /raven/u/system/soft/SLE_15/packages/x86_64/anaconda/3/2021.11/lib/python3.9/site-packages (from matplotlib>=2.2->seaborn) (2.8.2)
Requirement already satisfied: kiwisolver>=1.0.1 in /raven/u/system/soft/SLE_15/packages/x86_64/anaconda/3/2021.11/lib/python3.9/site-packages (from matplotlib>=2.2->seaborn) (1.3.1)
Requirement already satisfied: pillow>=6.2.0 in /raven/u/system/soft/SLE_15/packages/x86_64/anaconda/3/2021.11/lib/python3.9/site-packages (from matplotlib>=2.2->seaborn) (8.4.0)
Requirement already satisfied: six in /raven/u/system/soft/SLE_15/packages/x86_64/anaconda/3/2021.11/lib/python3.9/site-packages (from cycler>=0.10->matplotlib>=2.2->seaborn) (1.16.0)
Requirement already satisfied: pytz>=2017.3 in /raven/u/system/soft/SLE_15/packages/x86_64/anaconda/3/2021.11/lib/python3.9/site-packages (from pandas>=0.23->seaborn) (2021.3)
Defaulting to user installation because normal site-packages is not writeable
Defaulting to user installation because normal site-packages is not writeable
Defaulting to user installation because normal site-packages is not writeable
Requirement already satisfied: matplotlib in /raven/u/system/soft/SLE_15/packages/x86_64/anaconda/3/2021.11/lib/python3.9/site-packages (3.4.3)
Requirement already satisfied: numpy>=1.16 in /raven/u/dvoss/.local/lib/python3.9/site-packages (from matplotlib) (1.22.4)
Requirement already satisfied: pyparsing>=2.2.1 in /raven/u/system/soft/SLE_15/packages/x86_64/anaconda/3/2021.11/lib/python3.9/site-packages (from matplotlib) (3.0.4)
Requirement already satisfied: kiwisolver>=1.0.1 in /raven/u/system/soft/SLE_15/packages/x86_64/anaconda/3/2021.11/lib/python3.9/site-packages (from matplotlib) (1.3.1)
Requirement already satisfied: pillow>=6.2.0 in /raven/u/system/soft/SLE_15/packages/x86_64/anaconda/3/2021.11/lib/python3.9/site-packages (from matplotlib) (8.4.0)
Requirement already satisfied: cycler>=0.10 in /raven/u/system/soft/SLE_15/packages/x86_64/anaconda/3/2021.11/lib/python3.9/site-packages (from matplotlib) (0.10.0)
Requirement already satisfied: python-dateutil>=2.7 in /raven/u/system/soft/SLE_15/packages/x86_64/anaconda/3/2021.11/lib/python3.9/site-packages (from matplotlib) (2.8.2)
Requirement already satisfied: six in /raven/u/system/soft/SLE_15/packages/x86_64/anaconda/3/2021.11/lib/python3.9/site-packages (from cycler>=0.10->matplotlib) (1.16.0)
Defaulting to user installation because normal site-packages is not writeable
Requirement already satisfied: numpy in /raven/u/dvoss/.local/lib/python3.9/site-packages (1.22.4)
Defaulting to user installation because normal site-packages is not writeable
Requirement already satisfied: pandas in /raven/u/system/soft/SLE_15/packages/x86_64/anaconda/3/2021.11/lib/python3.9/site-packages (1.3.4)
Requirement already satisfied: python-dateutil>=2.7.3 in /raven/u/system/soft/SLE_15/packages/x86_64/anaconda/3/2021.11/lib/python3.9/site-packages (from pandas) (2.8.2)
Requirement already satisfied: pytz>=2017.3 in /raven/u/system/soft/SLE_15/packages/x86_64/anaconda/3/2021.11/lib/python3.9/site-packages (from pandas) (2021.3)
Requirement already satisfied: numpy>=1.17.3 in /raven/u/dvoss/.local/lib/python3.9/site-packages (from pandas) (1.22.4)
Requirement already satisfied: six>=1.5 in /raven/u/system/soft/SLE_15/packages/x86_64/anaconda/3/2021.11/lib/python3.9/site-packages (from python-dateutil>=2.7.3->pandas) (1.16.0)
Defaulting to user installation because normal site-packages is not writeable
Defaulting to user installation because normal site-packages is not writeable
Requirement already satisfied: linear_operator in /raven/u/dvoss/.local/lib/python3.9/site-packages (0.5.3)
Collecting torch>=1.11
  Using cached torch-2.5.1-cp39-cp39-manylinux1_x86_64.whl (906.5 MB)
Requirement already satisfied: mpmath<=1.3,>=0.19 in /raven/u/system/soft/SLE_15/packages/x86_64/anaconda/3/2021.11/lib/python3.9/site-packages (from linear_operator) (1.2.1)
Requirement already satisfied: scipy in /raven/u/system/soft/SLE_15/packages/x86_64/anaconda/3/2021.11/lib/python3.9/site-packages (from linear_operator) (1.7.1)
Requirement already satisfied: jaxtyping==0.2.19 in /raven/u/dvoss/.local/lib/python3.9/site-packages (from linear_operator) (0.2.19)
Requirement already satisfied: typing-extensions>=3.7.4.1 in /raven/u/dvoss/.local/lib/python3.9/site-packages (from jaxtyping==0.2.19->linear_operator) (4.12.2)
Requirement already satisfied: typeguard>=2.13.3 in /raven/u/dvoss/.local/lib/python3.9/site-packages (from jaxtyping==0.2.19->linear_operator) (4.4.1)
Requirement already satisfied: numpy>=1.20.0 in /raven/u/dvoss/.local/lib/python3.9/site-packages (from jaxtyping==0.2.19->linear_operator) (1.22.4)
Requirement already satisfied: nvidia-cuda-runtime-cu12==12.4.127 in /raven/u/dvoss/.local/lib/python3.9/site-packages (from torch>=1.11->linear_operator) (12.4.127)
Requirement already satisfied: nvidia-cuda-cupti-cu12==12.4.127 in /raven/u/dvoss/.local/lib/python3.9/site-packages (from torch>=1.11->linear_operator) (12.4.127)
Requirement already satisfied: nvidia-cublas-cu12==12.4.5.8 in /raven/u/dvoss/.local/lib/python3.9/site-packages (from torch>=1.11->linear_operator) (12.4.5.8)
Requirement already satisfied: nvidia-cudnn-cu12==9.1.0.70 in /raven/u/dvoss/.local/lib/python3.9/site-packages (from torch>=1.11->linear_operator) (9.1.0.70)
Requirement already satisfied: nvidia-cuda-nvrtc-cu12==12.4.127 in /raven/u/dvoss/.local/lib/python3.9/site-packages (from torch>=1.11->linear_operator) (12.4.127)
Requirement already satisfied: sympy==1.13.1 in /raven/u/dvoss/.local/lib/python3.9/site-packages (from torch>=1.11->linear_operator) (1.13.1)
Requirement already satisfied: nvidia-cusparse-cu12==12.3.1.170 in /raven/u/dvoss/.local/lib/python3.9/site-packages (from torch>=1.11->linear_operator) (12.3.1.170)
Requirement already satisfied: jinja2 in /raven/u/system/soft/SLE_15/packages/x86_64/anaconda/3/2021.11/lib/python3.9/site-packages (from torch>=1.11->linear_operator) (2.11.3)
Requirement already satisfied: nvidia-cufft-cu12==11.2.1.3 in /raven/u/dvoss/.local/lib/python3.9/site-packages (from torch>=1.11->linear_operator) (11.2.1.3)
Requirement already satisfied: triton==3.1.0 in /raven/u/dvoss/.local/lib/python3.9/site-packages (from torch>=1.11->linear_operator) (3.1.0)
Requirement already satisfied: fsspec in /raven/u/dvoss/.local/lib/python3.9/site-packages (from torch>=1.11->linear_operator) (2024.6.1)
Requirement already satisfied: nvidia-nvjitlink-cu12==12.4.127 in /raven/u/dvoss/.local/lib/python3.9/site-packages (from torch>=1.11->linear_operator) (12.4.127)
Requirement already satisfied: nvidia-nvtx-cu12==12.4.127 in /raven/u/dvoss/.local/lib/python3.9/site-packages (from torch>=1.11->linear_operator) (12.4.127)
Requirement already satisfied: networkx in /raven/u/system/soft/SLE_15/packages/x86_64/anaconda/3/2021.11/lib/python3.9/site-packages (from torch>=1.11->linear_operator) (2.6.3)
Requirement already satisfied: nvidia-nccl-cu12==2.21.5 in /raven/u/dvoss/.local/lib/python3.9/site-packages (from torch>=1.11->linear_operator) (2.21.5)
Requirement already satisfied: nvidia-cusolver-cu12==11.6.1.9 in /raven/u/dvoss/.local/lib/python3.9/site-packages (from torch>=1.11->linear_operator) (11.6.1.9)
Requirement already satisfied: nvidia-curand-cu12==10.3.5.147 in /raven/u/dvoss/.local/lib/python3.9/site-packages (from torch>=1.11->linear_operator) (10.3.5.147)
Requirement already satisfied: filelock in /raven/u/system/soft/SLE_15/packages/x86_64/anaconda/3/2021.11/lib/python3.9/site-packages (from torch>=1.11->linear_operator) (3.3.1)
Requirement already satisfied: importlib-metadata>=3.6 in /raven/u/dvoss/.local/lib/python3.9/site-packages (from typeguard>=2.13.3->jaxtyping==0.2.19->linear_operator) (8.0.0)
Requirement already satisfied: zipp>=0.5 in /raven/u/system/soft/SLE_15/packages/x86_64/anaconda/3/2021.11/lib/python3.9/site-packages (from importlib-metadata>=3.6->typeguard>=2.13.3->jaxtyping==0.2.19->linear_operator) (3.6.0)
Requirement already satisfied: MarkupSafe>=0.23 in /raven/u/system/soft/SLE_15/packages/x86_64/anaconda/3/2021.11/lib/python3.9/site-packages (from jinja2->torch>=1.11->linear_operator) (1.1.1)
Installing collected packages: torch
Successfully installed torch-2.5.1
Defaulting to user installation because normal site-packages is not writeable
Starting iteration 1
Starting Iteration 1 with Active Learning
Initial Training Points:
X Train: tensor([[0.3852, 0.0924]], device='cuda:0'), Shape: torch.Size([1, 2])
Y Train: tensor([2.2948], device='cuda:0'), Shape: torch.Size([1])
These training_points are used in the GP tensor([[0.3852, 0.0924]], device='cuda:0')
Iter 1 / 1000 - Loss (Train): 1.666 - Loss (Val): 1.178
Iter 101 / 1000 - Loss (Train): 1.069 - Loss (Val): 0.752
Iter 201 / 1000 - Loss (Train): 1.000 - Loss (Val): 0.393
Iter 301 / 1000 - Loss (Train): 0.977 - Loss (Val): 0.149
Iter 401 / 1000 - Loss (Train): 0.966 - Loss (Val): -0.037
Iter 501 / 1000 - Loss (Train): 0.960 - Loss (Val): -0.179
Iter 601 / 1000 - Loss (Train): 0.956 - Loss (Val): -0.302
Iter 701 / 1000 - Loss (Train): 0.953 - Loss (Val): -0.411
Iter 801 / 1000 - Loss (Train): 0.951 - Loss (Val): 3.035
Iter 901 / 1000 - Loss (Train): 0.950 - Loss (Val): 8.431
best model parameters:  OrderedDict([('likelihood.noise_covar.raw_noise', tensor([-4.5357], device='cuda:0')), ('likelihood.noise_covar.raw_noise_constraint.lower_bound', tensor(1.0000e-04, device='cuda:0')), ('likelihood.noise_covar.raw_noise_constraint.upper_bound', tensor(inf, device='cuda:0')), ('mean_module.weights', tensor([[0.9440],
        [0.9440]], device='cuda:0')), ('mean_module.bias', tensor([1.8440], device='cuda:0')), ('covar_module.raw_lengthscale', tensor([[-5.2958]], device='cuda:0')), ('covar_module.raw_lengthscale_constraint.lower_bound', tensor(0.1000, device='cuda:0')), ('covar_module.raw_lengthscale_constraint.upper_bound', tensor(inf, device='cuda:0')), ('task_covar_module.covar_factor', tensor([[0.3367]], device='cuda:0')), ('task_covar_module.raw_var', tensor([0.1288], device='cuda:0')), ('task_covar_module.IndexKernelPrior.a', tensor([0.], device='cuda:0')), ('task_covar_module.IndexKernelPrior.b', tensor([1.], device='cuda:0')), ('task_covar_module.IndexKernelPrior.sigma', tensor([0.0100], device='cuda:0')), ('task_covar_module.IndexKernelPrior.tails.loc', tensor([0.], device='cuda:0')), ('task_covar_module.IndexKernelPrior.tails.scale', tensor([0.0100], device='cuda:0')), ('task_covar_module.raw_var_constraint.lower_bound', tensor(0., device='cuda:0')), ('task_covar_module.raw_var_constraint.upper_bound', tensor(inf, device='cuda:0'))])
Plot saved to /raven/u/dvoss/al_pmssmwithgp/model/plots/plots_two_circles/Iter1/loss_plot_two_circles2D_raven.png
Likelihood MultivariateNormal(loc: torch.Size([2025]))
Mean:  tensor([[1.8440],
        [1.8654],
        [1.8869],
        ...,
        [3.6890],
        [3.7104],
        [3.7319]], device='cuda:0')
Variance:  tensor([[1.0108],
        [1.0108],
        [1.0107],
        ...,
        [1.0108],
        [1.0108],
        [1.0108]], device='cuda:0')
Entropy:  tensor([0.8064, 0.9066, 0.9534,  ..., 0.8393, 0.4806, 0.9324], device='cuda:0')
Selected points (indices): {615, 785, 1875, 1236, 604, 1727}
Selected new x values (normalized): tensor([[0.2992, 0.9261],
        [0.5179, 0.7576],
        [0.6283, 0.4764],
        [0.9358, 0.3152],
        [0.7141, 0.4052],
        [0.7106, 0.5986]], device='cuda:0')
The shape of the input_data is: torch.Size([2025, 2])
The shape of the mean is: torch.Size([2025])
Shapes of TP, FP, FN, TN: 190, 440, 256, 1139
self.x_train shape: torch.Size([1, 2])
additional_x_train shape: torch.Size([6, 2])
additional_x_train: tensor([[0.2992, 0.9261],
        [0.5179, 0.7576],
        [0.6283, 0.4764],
        [0.9358, 0.3152],
        [0.7141, 0.4052],
        [0.7106, 0.5986]], device='cuda:0')
Training points after adding:  tensor([[0.5179, 0.7576],
        [0.7141, 0.4052],
        [0.2992, 0.9261],
        [0.7106, 0.5986],
        [0.9358, 0.3152],
        [0.3852, 0.0924],
        [0.6283, 0.4764]], device='cuda:0') torch.Size([7, 2])
Iteration 1 completed. Output saved to /raven/u/dvoss/al_pmssmwithgp/model/plots/plots_two_circles/Iter1
Completed iteration 1
Starting iteration 2
Starting Iteration 2 with Active Learning
Initial Training Points:
X Train: tensor([[0.9985, 0.9537]], device='cuda:0'), Shape: torch.Size([1, 2])
Y Train: tensor([0.4112], device='cuda:0'), Shape: torch.Size([1])
These training_points are used in the GP tensor([[0.5179, 0.7576],
        [0.7141, 0.4052],
        [0.2992, 0.9261],
        [0.7106, 0.5986],
        [0.9358, 0.3152],
        [0.3852, 0.0924],
        [0.6283, 0.4764]], device='cuda:0')
Iter 1 / 1000 - Loss (Train): 1.959 - Loss (Val): 1.171
Iter 101 / 1000 - Loss (Train): 1.784 - Loss (Val): 1.337
Iter 201 / 1000 - Loss (Train): 1.777 - Loss (Val): 1.326
Iter 301 / 1000 - Loss (Train): 1.774 - Loss (Val): 1.307
Iter 401 / 1000 - Loss (Train): 1.773 - Loss (Val): 1.307
Iter 501 / 1000 - Loss (Train): 1.773 - Loss (Val): 1.309
Iter 601 / 1000 - Loss (Train): 1.773 - Loss (Val): 1.307
Iter 701 / 1000 - Loss (Train): 1.772 - Loss (Val): 1.304
Iter 801 / 1000 - Loss (Train): 1.772 - Loss (Val): 1.306
Iter 901 / 1000 - Loss (Train): 1.772 - Loss (Val): 1.301
best model parameters:  OrderedDict([('likelihood.noise_covar.raw_noise', tensor([0.4770], device='cuda:0')), ('likelihood.noise_covar.raw_noise_constraint.lower_bound', tensor(1.0000e-04, device='cuda:0')), ('likelihood.noise_covar.raw_noise_constraint.upper_bound', tensor(inf, device='cuda:0')), ('mean_module.weights', tensor([[ 0.1222],
        [-0.0838]], device='cuda:0')), ('mean_module.bias', tensor([1.8384], device='cuda:0')), ('covar_module.raw_lengthscale', tensor([[-2.9632]], device='cuda:0')), ('covar_module.raw_lengthscale_constraint.lower_bound', tensor(0.1000, device='cuda:0')), ('covar_module.raw_lengthscale_constraint.upper_bound', tensor(inf, device='cuda:0')), ('task_covar_module.covar_factor', tensor([[0.3367]], device='cuda:0')), ('task_covar_module.raw_var', tensor([0.1288], device='cuda:0')), ('task_covar_module.IndexKernelPrior.a', tensor([0.], device='cuda:0')), ('task_covar_module.IndexKernelPrior.b', tensor([1.], device='cuda:0')), ('task_covar_module.IndexKernelPrior.sigma', tensor([0.0100], device='cuda:0')), ('task_covar_module.IndexKernelPrior.tails.loc', tensor([0.], device='cuda:0')), ('task_covar_module.IndexKernelPrior.tails.scale', tensor([0.0100], device='cuda:0')), ('task_covar_module.raw_var_constraint.lower_bound', tensor(0., device='cuda:0')), ('task_covar_module.raw_var_constraint.upper_bound', tensor(inf, device='cuda:0'))])
Plot saved to /raven/u/dvoss/al_pmssmwithgp/model/plots/plots_two_circles/Iter2/loss_plot_two_circles2D_raven.png
Likelihood MultivariateNormal(loc: torch.Size([2025]))
Mean:  tensor([[1.8451],
        [1.8509],
        [1.8577],
        ...,
        [1.8834],
        [1.8832],
        [1.8836]], device='cuda:0')
Variance:  tensor([[1.9594],
        [1.9588],
        [1.9578],
        ...,
        [1.9599],
        [1.9599],
        [1.9599]], device='cuda:0')
Entropy:  tensor([0.3355, 0.4995, 0.5971,  ..., 0.9369, 0.7624, 0.8745], device='cuda:0')
Selected points (indices): {833, 1220, 1734, 1753, 473, 2014}
Selected new x values (normalized): tensor([[0.5778, 0.7012],
        [0.5627, 0.6781],
        [0.5733, 0.6259],
        [0.5583, 0.6117],
        [0.7537, 0.6660],
        [0.6891, 0.5477]], device='cuda:0')
The shape of the input_data is: torch.Size([2025, 2])
The shape of the mean is: torch.Size([2025])
Shapes of TP, FP, FN, TN: 60, 0, 386, 1579
self.x_train shape: torch.Size([7, 2])
additional_x_train shape: torch.Size([6, 2])
additional_x_train: tensor([[0.5778, 0.7012],
        [0.5627, 0.6781],
        [0.5733, 0.6259],
        [0.5583, 0.6117],
        [0.7537, 0.6660],
        [0.6891, 0.5477]], device='cuda:0')
Training points after adding:  tensor([[0.7141, 0.4052],
        [0.7106, 0.5986],
        [0.6283, 0.4764],
        [0.9358, 0.3152],
        [0.7537, 0.6660],
        [0.5778, 0.7012],
        [0.5583, 0.6117],
        [0.5627, 0.6781],
        [0.2992, 0.9261],
        [0.5733, 0.6259],
        [0.3852, 0.0924],
        [0.6891, 0.5477],
        [0.5179, 0.7576]], device='cuda:0') torch.Size([13, 2])
Iteration 2 completed. Output saved to /raven/u/dvoss/al_pmssmwithgp/model/plots/plots_two_circles/Iter2
Completed iteration 2
Starting iteration 3
                                  
================================= 
Global information about the job: 
================================= 
  
Job owner: dvoss(54815)
Job name:  al_gp_iter
Node list: ravg1070
Job start: Tue Jan 21 09:14:34 CET 2025
Job end:   Tue Jan 21 09:22:47 CET 2025
Work dir:  /raven/u/dvoss/al_pmssmwithgp/model
Command:   /raven/u/dvoss/al_pmssmwithgp/model/slurm/single_job_two_circles_iteration.sbatch
  
  
  
==========================================================================================
Information on jobsteps (Note: MaxRSS/AveRSS is the maximum/average over all 
tasks of the per-task memory high-water marks; cf. "man sacct"): 
==========================================================================================
  
JobID            JobName NNodes NTasks  NCPUS       MaxRSS       AveRSS    Elapsed ExitCode
------------- ---------- ------ ------ ------ ------------ ------------ ---------- --------
15158857      al_gp_iter      1             4                             00:08:13      0:0
15158857.0    job_two_ci      1      1      4     2361.75M     2361.75M   00:06:02     0:15
  
Maximum memory per node: 2.476479 GB (defined as MaxRSS*Ntasks/NNodes)
CPU utilization: 24.9 %
  
