Defaulting to user installation because normal site-packages is not writeable
Requirement already satisfied: uproot in /raven/u/dvoss/.local/lib/python3.9/site-packages (5.3.10)
Requirement already satisfied: numpy in /raven/u/system/soft/SLE_15/packages/x86_64/anaconda/3/2021.11/lib/python3.9/site-packages (from uproot) (1.20.3)
Requirement already satisfied: typing-extensions>=4.1.0 in /raven/u/dvoss/.local/lib/python3.9/site-packages (from uproot) (4.12.2)
Requirement already satisfied: fsspec in /raven/u/dvoss/.local/lib/python3.9/site-packages (from uproot) (2024.6.1)
Requirement already satisfied: awkward>=2.4.6 in /raven/u/dvoss/.local/lib/python3.9/site-packages (from uproot) (2.6.6)
Requirement already satisfied: packaging in /raven/u/system/soft/SLE_15/packages/x86_64/anaconda/3/2021.11/lib/python3.9/site-packages (from uproot) (21.0)
Requirement already satisfied: cramjam>=2.5.0 in /raven/u/dvoss/.local/lib/python3.9/site-packages (from uproot) (2.8.3)
Requirement already satisfied: importlib-metadata>=4.13.0 in /raven/u/dvoss/.local/lib/python3.9/site-packages (from awkward>=2.4.6->uproot) (8.0.0)
Requirement already satisfied: awkward-cpp==35 in /raven/u/dvoss/.local/lib/python3.9/site-packages (from awkward>=2.4.6->uproot) (35)
Requirement already satisfied: zipp>=0.5 in /raven/u/system/soft/SLE_15/packages/x86_64/anaconda/3/2021.11/lib/python3.9/site-packages (from importlib-metadata>=4.13.0->awkward>=2.4.6->uproot) (3.6.0)
Requirement already satisfied: pyparsing>=2.0.2 in /raven/u/system/soft/SLE_15/packages/x86_64/anaconda/3/2021.11/lib/python3.9/site-packages (from packaging->uproot) (3.0.4)
Defaulting to user installation because normal site-packages is not writeable
Collecting argparse
  Using cached argparse-1.4.0-py2.py3-none-any.whl (23 kB)
Installing collected packages: argparse
Successfully installed argparse-1.4.0
Defaulting to user installation because normal site-packages is not writeable
Requirement already satisfied: pyslha in /raven/u/dvoss/.local/lib/python3.9/site-packages (3.2.6)
Requirement already satisfied: tex2pix>=0.1.5 in /raven/u/dvoss/.local/lib/python3.9/site-packages (from pyslha) (0.3.1)
Defaulting to user installation because normal site-packages is not writeable
Requirement already satisfied: structlog in /raven/u/dvoss/.local/lib/python3.9/site-packages (24.4.0)
Starting iteration 1
Initial Training points:  tensor([0.0000, 1.0000, 0.2034], device='cuda:0') torch.Size([3])
points: {872, 913, 999}
Corresponding xs: tensor([1237.9918, 1293.9662, 1411.3759], device='cuda:0')
Plot saved to /raven/u/dvoss/al_pmssmwithgp/model/plots/Iter1/gp_plot.png
YAML file has been created: /u/dvoss/al_pmssmwithgp/Run3ModelGen/source/Run3ModelGen/data/new_config.yaml
Note: detected 144 virtual cores but NumExpr set to maximum of 64, check "NUMEXPR_MAX_THREADS" environment variable.
Note: NumExpr detected 144 cores but "NUMEXPR_MAX_THREADS" not set, so enforcing safe limit of 8.
NumExpr defaulting to 8 threads.

  ___              ____ __  __          _       _   ___            
 | _ \ _  _  _ _  |__ /|  \/  | ___  __| | ___ | | / __| ___  _ _  
 |   /| || || ' \  |_ \| |\/| |/ _ \/ _` |/ -_)| || (_ |/ -_)| ' \ 
 |_|_\ \_,_||_||_||___/|_|  |_|\___/\__,_|\___||_| \___|\___||_||_|
                                                                   

2024-08-09 12:28:28 [info     ] Initialised ModelGenerator with: [Run3ModelGen.modelgen]
2024-08-09 12:28:28 [info     ] 	config_file = /u/dvoss/al_pmssmwithgp/Run3ModelGen/source/Run3ModelGen/data/new_config.yaml [Run3ModelGen.modelgen]
2024-08-09 12:28:28 [info     ] 	scan_dir = /u/dvoss/al_pmssmwithgp/Run3ModelGen/source/Run3ModelGen/scans/scan_1 [Run3ModelGen.modelgen]
2024-08-09 12:28:28 [info     ] 	rawfilen = /u/dvoss/al_pmssmwithgp/Run3ModelGen/source/Run3ModelGen/data/raw.slha [Run3ModelGen.modelgen]
2024-08-09 12:28:28 [info     ] 	seed = 123                    [Run3ModelGen.modelgen]
2024-08-09 12:28:28 [info     ] 	points = {}                   [Run3ModelGen.modelgen]
2024-08-09 12:28:28 [info     ] 	prior = fixed                 [Run3ModelGen.modelgen]
2024-08-09 12:28:28 [info     ] 	num_models = 3                [Run3ModelGen.modelgen]
2024-08-09 12:28:28 [info     ] 	isGMSB = False                [Run3ModelGen.modelgen]
2024-08-09 12:28:28 [info     ] 	parameters =                  [Run3ModelGen.modelgen]
2024-08-09 12:28:28 [info     ] 		tanb: [60, 60, 60]           [Run3ModelGen.modelgen]
2024-08-09 12:28:28 [info     ] 		M_1: [1237.99, 1293.97, 1411.38] [Run3ModelGen.modelgen]
2024-08-09 12:28:28 [info     ] 		M_2: [2000, 2000, 2000]      [Run3ModelGen.modelgen]
2024-08-09 12:28:28 [info     ] 		M_3: [4000, 4000, 4000]      [Run3ModelGen.modelgen]
2024-08-09 12:28:28 [info     ] 		AT: [4000, 4000, 4000]       [Run3ModelGen.modelgen]
2024-08-09 12:28:28 [info     ] 		Ab: [2000, 2000, 2000]       [Run3ModelGen.modelgen]
2024-08-09 12:28:28 [info     ] 		Atau: [2000, 2000, 2000]     [Run3ModelGen.modelgen]
2024-08-09 12:28:28 [info     ] 		mu: [2000, 2000, 2000]       [Run3ModelGen.modelgen]
2024-08-09 12:28:28 [info     ] 		mA: [2000, 2000, 2000]       [Run3ModelGen.modelgen]
2024-08-09 12:28:28 [info     ] 		meL: [2000, 2000, 2000]      [Run3ModelGen.modelgen]
2024-08-09 12:28:28 [info     ] 		mtauL: [2000, 2000, 2000]    [Run3ModelGen.modelgen]
2024-08-09 12:28:28 [info     ] 		meR: [2000, 2000, 2000]      [Run3ModelGen.modelgen]
2024-08-09 12:28:28 [info     ] 		mtauR: [2000, 2000, 2000]    [Run3ModelGen.modelgen]
2024-08-09 12:28:28 [info     ] 		mqL1: [4000, 4000, 4000]     [Run3ModelGen.modelgen]
2024-08-09 12:28:28 [info     ] 		mqL3: [4000, 4000, 4000]     [Run3ModelGen.modelgen]
2024-08-09 12:28:28 [info     ] 		muR: [4000, 4000, 4000]      [Run3ModelGen.modelgen]
2024-08-09 12:28:28 [info     ] 		mtR: [4000, 4000, 4000]      [Run3ModelGen.modelgen]
2024-08-09 12:28:28 [info     ] 		mdR: [4000, 4000, 4000]      [Run3ModelGen.modelgen]
2024-08-09 12:28:28 [info     ] 		mbR: [4000, 4000, 4000]      [Run3ModelGen.modelgen]
2024-08-09 12:28:28 [info     ] 	steps =                       [Run3ModelGen.modelgen]
2024-08-09 12:28:28 [info     ] 		{'name': 'prep_input', 'output_dir': 'input', 'prefix': 'IN'} [Run3ModelGen.modelgen]
2024-08-09 12:28:28 [info     ] 		{'name': 'SPheno', 'input_dir': 'input', 'output_dir': 'SPheno', 'log_dir': 'SPheno_log', 'prefix': 'SP'} [Run3ModelGen.modelgen]
2024-08-09 12:28:28 [info     ] 		{'name': 'softsusy', 'input_dir': 'input', 'output_dir': 'softsusy', 'prefix': 'SS'} [Run3ModelGen.modelgen]
2024-08-09 12:28:28 [info     ] 		{'name': 'micromegas', 'input_dir': 'SPheno', 'output_dir': 'micromegas', 'prefix': 'MO'} [Run3ModelGen.modelgen]
2024-08-09 12:28:28 [info     ] 		{'name': 'superiso', 'input_dir': 'SPheno', 'output_dir': 'superiso', 'prefix': 'SI'} [Run3ModelGen.modelgen]
2024-08-09 12:28:28 [info     ] 		{'name': 'gm2calc', 'input_dir': 'SPheno', 'output_dir': 'gm2calc', 'prefix': 'GM2'} [Run3ModelGen.modelgen]
2024-08-09 12:28:28 [info     ] 		{'name': 'evade', 'input_dir': 'SPheno', 'output_dir': 'evade', 'prefix': 'EV'} [Run3ModelGen.modelgen]
2024-08-09 12:28:28 [info     ] Starting Model Generation...   [Run3ModelGen.modelgen]
2024-08-09 12:28:28 [info     ] Setting up output directories for scan [Run3ModelGen.modelgen]
2024-08-09 12:28:28 [info     ] Generating Model: 0.slha (1/3) [Run3ModelGen.modelgen]
2024-08-09 12:28:28 [info     ] 	running step: prep_input      [Run3ModelGen.modelgen]
2024-08-09 12:28:28 [info     ] 	running step: SPheno          [Run3ModelGen.modelgen]
2024-08-09 12:28:29 [info     ] 	running step: softsusy        [Run3ModelGen.modelgen]
2024-08-09 12:28:29 [info     ] 	running step: micromegas      [Run3ModelGen.modelgen]
2024-08-09 12:28:30 [info     ] 	running step: superiso        [Run3ModelGen.modelgen]
2024-08-09 12:28:30 [info     ] 	running step: gm2calc         [Run3ModelGen.modelgen]
2024-08-09 12:28:30 [info     ] 	running step: evade           [Run3ModelGen.modelgen]
2024-08-09 12:28:30 [info     ] Generating Model: 1.slha (2/3) [Run3ModelGen.modelgen]
2024-08-09 12:28:30 [info     ] 	running step: prep_input      [Run3ModelGen.modelgen]
2024-08-09 12:28:30 [info     ] 	running step: SPheno          [Run3ModelGen.modelgen]
2024-08-09 12:28:31 [info     ] 	running step: softsusy        [Run3ModelGen.modelgen]
2024-08-09 12:28:31 [info     ] 	running step: micromegas      [Run3ModelGen.modelgen]
2024-08-09 12:28:31 [info     ] 	running step: superiso        [Run3ModelGen.modelgen]
2024-08-09 12:28:31 [info     ] 	running step: gm2calc         [Run3ModelGen.modelgen]
2024-08-09 12:28:31 [info     ] 	running step: evade           [Run3ModelGen.modelgen]
2024-08-09 12:28:31 [info     ] Generating Model: 2.slha (3/3) [Run3ModelGen.modelgen]
2024-08-09 12:28:31 [info     ] 	running step: prep_input      [Run3ModelGen.modelgen]
2024-08-09 12:28:31 [info     ] 	running step: SPheno          [Run3ModelGen.modelgen]
2024-08-09 12:28:31 [info     ] 	running step: softsusy        [Run3ModelGen.modelgen]
2024-08-09 12:28:32 [info     ] 	running step: micromegas      [Run3ModelGen.modelgen]
2024-08-09 12:28:32 [info     ] 	running step: superiso        [Run3ModelGen.modelgen]
2024-08-09 12:28:32 [info     ] 	running step: gm2calc         [Run3ModelGen.modelgen]
2024-08-09 12:28:32 [info     ] 	running step: evade           [Run3ModelGen.modelgen]
2024-08-09 12:28:32 [info     ] Finished generating models! Stats for successful generations (successful/attempted): [Run3ModelGen.modelgen]
2024-08-09 12:28:32 [info     ] 	prep_input: 3/3.              [Run3ModelGen.modelgen]
2024-08-09 12:28:32 [info     ] 	SPheno: 3/3.                  [Run3ModelGen.modelgen]
2024-08-09 12:28:32 [info     ] 	softsusy: 3/3.                [Run3ModelGen.modelgen]
2024-08-09 12:28:32 [info     ] 	micromegas: 3/3.              [Run3ModelGen.modelgen]
2024-08-09 12:28:32 [info     ] 	superiso: 3/3.                [Run3ModelGen.modelgen]
2024-08-09 12:28:32 [info     ] 	gm2calc: 3/3.                 [Run3ModelGen.modelgen]
2024-08-09 12:28:32 [info     ] 	evade: 0/3.                   [Run3ModelGen.modelgen]
2024-08-09 12:28:32 [info     ] Will make NTuple for: /u/dvoss/al_pmssmwithgp/Run3ModelGen/source/Run3ModelGen/scans/scan_1, with 3 models [Run3ModelGen.ntupling]
2024-08-09 12:28:32 [info     ] 	Filling values for model: 0   [Run3ModelGen.ntupling]
2024-08-09 12:28:32 [info     ] Saving NTuple in /u/dvoss/al_pmssmwithgp/Run3ModelGen/source/Run3ModelGen/scans/scan_1/ntuple.0.0.root ... [Run3ModelGen.ntupling]
Completed iteration 1
Starting iteration 2
Initial Training points:  tensor([0.0000, 1.0000, 0.2034], device='cuda:0') torch.Size([3])
Training points after adding:  tensor([ 0.0000,  1.0000,  0.2034, -1.0209,  0.1011,  0.8499], device='cuda:0') torch.Size([6])
points: {338, 238, 999}
Corresponding xs: tensor([ 508.9595,  372.4366, 1411.3759], device='cuda:0')
Plot saved to /raven/u/dvoss/al_pmssmwithgp/model/plots/Iter2/gp_plot.png
YAML file has been created: /u/dvoss/al_pmssmwithgp/Run3ModelGen/source/Run3ModelGen/data/new_config.yaml
Note: detected 144 virtual cores but NumExpr set to maximum of 64, check "NUMEXPR_MAX_THREADS" environment variable.
Note: NumExpr detected 144 cores but "NUMEXPR_MAX_THREADS" not set, so enforcing safe limit of 8.
NumExpr defaulting to 8 threads.

  ___              ____ __  __          _       _   ___            
 | _ \ _  _  _ _  |__ /|  \/  | ___  __| | ___ | | / __| ___  _ _  
 |   /| || || ' \  |_ \| |\/| |/ _ \/ _` |/ -_)| || (_ |/ -_)| ' \ 
 |_|_\ \_,_||_||_||___/|_|  |_|\___/\__,_|\___||_| \___|\___||_||_|
                                                                   

2024-08-09 12:29:13 [info     ] Initialised ModelGenerator with: [Run3ModelGen.modelgen]
2024-08-09 12:29:13 [info     ] 	config_file = /u/dvoss/al_pmssmwithgp/Run3ModelGen/source/Run3ModelGen/data/new_config.yaml [Run3ModelGen.modelgen]
2024-08-09 12:29:13 [info     ] 	scan_dir = /u/dvoss/al_pmssmwithgp/Run3ModelGen/source/Run3ModelGen/scans/scan_2 [Run3ModelGen.modelgen]
2024-08-09 12:29:13 [info     ] 	rawfilen = /u/dvoss/al_pmssmwithgp/Run3ModelGen/source/Run3ModelGen/data/raw.slha [Run3ModelGen.modelgen]
2024-08-09 12:29:13 [info     ] 	seed = 123                    [Run3ModelGen.modelgen]
2024-08-09 12:29:13 [info     ] 	points = {}                   [Run3ModelGen.modelgen]
2024-08-09 12:29:13 [info     ] 	prior = fixed                 [Run3ModelGen.modelgen]
2024-08-09 12:29:13 [info     ] 	num_models = 3                [Run3ModelGen.modelgen]
2024-08-09 12:29:13 [info     ] 	isGMSB = False                [Run3ModelGen.modelgen]
2024-08-09 12:29:13 [info     ] 	parameters =                  [Run3ModelGen.modelgen]
2024-08-09 12:29:13 [info     ] 		tanb: [60, 60, 60]           [Run3ModelGen.modelgen]
2024-08-09 12:29:13 [info     ] 		M_1: [508.96, 372.44, 1411.38] [Run3ModelGen.modelgen]
2024-08-09 12:29:13 [info     ] 		M_2: [2000, 2000, 2000]      [Run3ModelGen.modelgen]
2024-08-09 12:29:13 [info     ] 		M_3: [4000, 4000, 4000]      [Run3ModelGen.modelgen]
2024-08-09 12:29:13 [info     ] 		AT: [4000, 4000, 4000]       [Run3ModelGen.modelgen]
2024-08-09 12:29:13 [info     ] 		Ab: [2000, 2000, 2000]       [Run3ModelGen.modelgen]
2024-08-09 12:29:13 [info     ] 		Atau: [2000, 2000, 2000]     [Run3ModelGen.modelgen]
2024-08-09 12:29:13 [info     ] 		mu: [2000, 2000, 2000]       [Run3ModelGen.modelgen]
2024-08-09 12:29:13 [info     ] 		mA: [2000, 2000, 2000]       [Run3ModelGen.modelgen]
2024-08-09 12:29:13 [info     ] 		meL: [2000, 2000, 2000]      [Run3ModelGen.modelgen]
2024-08-09 12:29:13 [info     ] 		mtauL: [2000, 2000, 2000]    [Run3ModelGen.modelgen]
2024-08-09 12:29:13 [info     ] 		meR: [2000, 2000, 2000]      [Run3ModelGen.modelgen]
2024-08-09 12:29:13 [info     ] 		mtauR: [2000, 2000, 2000]    [Run3ModelGen.modelgen]
2024-08-09 12:29:13 [info     ] 		mqL1: [4000, 4000, 4000]     [Run3ModelGen.modelgen]
2024-08-09 12:29:13 [info     ] 		mqL3: [4000, 4000, 4000]     [Run3ModelGen.modelgen]
2024-08-09 12:29:13 [info     ] 		muR: [4000, 4000, 4000]      [Run3ModelGen.modelgen]
2024-08-09 12:29:13 [info     ] 		mtR: [4000, 4000, 4000]      [Run3ModelGen.modelgen]
2024-08-09 12:29:13 [info     ] 		mdR: [4000, 4000, 4000]      [Run3ModelGen.modelgen]
2024-08-09 12:29:13 [info     ] 		mbR: [4000, 4000, 4000]      [Run3ModelGen.modelgen]
2024-08-09 12:29:13 [info     ] 	steps =                       [Run3ModelGen.modelgen]
2024-08-09 12:29:13 [info     ] 		{'name': 'prep_input', 'output_dir': 'input', 'prefix': 'IN'} [Run3ModelGen.modelgen]
2024-08-09 12:29:13 [info     ] 		{'name': 'SPheno', 'input_dir': 'input', 'output_dir': 'SPheno', 'log_dir': 'SPheno_log', 'prefix': 'SP'} [Run3ModelGen.modelgen]
2024-08-09 12:29:13 [info     ] 		{'name': 'softsusy', 'input_dir': 'input', 'output_dir': 'softsusy', 'prefix': 'SS'} [Run3ModelGen.modelgen]
2024-08-09 12:29:13 [info     ] 		{'name': 'micromegas', 'input_dir': 'SPheno', 'output_dir': 'micromegas', 'prefix': 'MO'} [Run3ModelGen.modelgen]
2024-08-09 12:29:13 [info     ] 		{'name': 'superiso', 'input_dir': 'SPheno', 'output_dir': 'superiso', 'prefix': 'SI'} [Run3ModelGen.modelgen]
2024-08-09 12:29:13 [info     ] 		{'name': 'gm2calc', 'input_dir': 'SPheno', 'output_dir': 'gm2calc', 'prefix': 'GM2'} [Run3ModelGen.modelgen]
2024-08-09 12:29:13 [info     ] 		{'name': 'evade', 'input_dir': 'SPheno', 'output_dir': 'evade', 'prefix': 'EV'} [Run3ModelGen.modelgen]
2024-08-09 12:29:13 [info     ] Starting Model Generation...   [Run3ModelGen.modelgen]
2024-08-09 12:29:13 [info     ] Setting up output directories for scan [Run3ModelGen.modelgen]
2024-08-09 12:29:13 [info     ] Generating Model: 0.slha (1/3) [Run3ModelGen.modelgen]
2024-08-09 12:29:13 [info     ] 	running step: prep_input      [Run3ModelGen.modelgen]
2024-08-09 12:29:13 [info     ] 	running step: SPheno          [Run3ModelGen.modelgen]
2024-08-09 12:29:13 [info     ] 	running step: softsusy        [Run3ModelGen.modelgen]
2024-08-09 12:29:13 [info     ] 	running step: micromegas      [Run3ModelGen.modelgen]
2024-08-09 12:29:13 [info     ] 	running step: superiso        [Run3ModelGen.modelgen]
2024-08-09 12:29:13 [info     ] 	running step: gm2calc         [Run3ModelGen.modelgen]
2024-08-09 12:29:13 [info     ] 	running step: evade           [Run3ModelGen.modelgen]
2024-08-09 12:29:13 [info     ] Generating Model: 1.slha (2/3) [Run3ModelGen.modelgen]
2024-08-09 12:29:13 [info     ] 	running step: prep_input      [Run3ModelGen.modelgen]
2024-08-09 12:29:13 [info     ] 	running step: SPheno          [Run3ModelGen.modelgen]
2024-08-09 12:29:13 [info     ] 	running step: softsusy        [Run3ModelGen.modelgen]
2024-08-09 12:29:14 [info     ] 	running step: micromegas      [Run3ModelGen.modelgen]
2024-08-09 12:29:14 [info     ] 	running step: superiso        [Run3ModelGen.modelgen]
2024-08-09 12:29:14 [info     ] 	running step: gm2calc         [Run3ModelGen.modelgen]
2024-08-09 12:29:14 [info     ] 	running step: evade           [Run3ModelGen.modelgen]
2024-08-09 12:29:14 [info     ] Generating Model: 2.slha (3/3) [Run3ModelGen.modelgen]
2024-08-09 12:29:14 [info     ] 	running step: prep_input      [Run3ModelGen.modelgen]
2024-08-09 12:29:14 [info     ] 	running step: SPheno          [Run3ModelGen.modelgen]
2024-08-09 12:29:14 [info     ] 	running step: softsusy        [Run3ModelGen.modelgen]
2024-08-09 12:29:14 [info     ] 	running step: micromegas      [Run3ModelGen.modelgen]
2024-08-09 12:29:15 [info     ] 	running step: superiso        [Run3ModelGen.modelgen]
2024-08-09 12:29:15 [info     ] 	running step: gm2calc         [Run3ModelGen.modelgen]
2024-08-09 12:29:15 [info     ] 	running step: evade           [Run3ModelGen.modelgen]
2024-08-09 12:29:15 [info     ] Finished generating models! Stats for successful generations (successful/attempted): [Run3ModelGen.modelgen]
2024-08-09 12:29:15 [info     ] 	prep_input: 3/3.              [Run3ModelGen.modelgen]
2024-08-09 12:29:15 [info     ] 	SPheno: 3/3.                  [Run3ModelGen.modelgen]
2024-08-09 12:29:15 [info     ] 	softsusy: 3/3.                [Run3ModelGen.modelgen]
2024-08-09 12:29:15 [info     ] 	micromegas: 3/3.              [Run3ModelGen.modelgen]
2024-08-09 12:29:15 [info     ] 	superiso: 3/3.                [Run3ModelGen.modelgen]
2024-08-09 12:29:15 [info     ] 	gm2calc: 3/3.                 [Run3ModelGen.modelgen]
2024-08-09 12:29:15 [info     ] 	evade: 0/3.                   [Run3ModelGen.modelgen]
2024-08-09 12:29:15 [info     ] Will make NTuple for: /u/dvoss/al_pmssmwithgp/Run3ModelGen/source/Run3ModelGen/scans/scan_2, with 3 models [Run3ModelGen.ntupling]
2024-08-09 12:29:15 [info     ] 	Filling values for model: 0   [Run3ModelGen.ntupling]
2024-08-09 12:29:15 [info     ] Saving NTuple in /u/dvoss/al_pmssmwithgp/Run3ModelGen/source/Run3ModelGen/scans/scan_2/ntuple.0.0.root ... [Run3ModelGen.ntupling]
Completed iteration 2
Starting iteration 3
Initial Training points:  tensor([0.0000, 1.0000, 0.2034], device='cuda:0') torch.Size([3])
Training points after adding:  tensor([ 0.0000,  1.0000,  0.2034, -1.0209,  0.1011,  0.8499, -1.0209,  0.3264,
        -0.8890], device='cuda:0') torch.Size([9])
points: {151, 843, 999}
Corresponding xs: tensor([ 253.6617, 1198.4001, 1411.3759], device='cuda:0')
Plot saved to /raven/u/dvoss/al_pmssmwithgp/model/plots/Iter3/gp_plot.png
YAML file has been created: /u/dvoss/al_pmssmwithgp/Run3ModelGen/source/Run3ModelGen/data/new_config.yaml
Note: detected 144 virtual cores but NumExpr set to maximum of 64, check "NUMEXPR_MAX_THREADS" environment variable.
Note: NumExpr detected 144 cores but "NUMEXPR_MAX_THREADS" not set, so enforcing safe limit of 8.
NumExpr defaulting to 8 threads.

  ___              ____ __  __          _       _   ___            
 | _ \ _  _  _ _  |__ /|  \/  | ___  __| | ___ | | / __| ___  _ _  
 |   /| || || ' \  |_ \| |\/| |/ _ \/ _` |/ -_)| || (_ |/ -_)| ' \ 
 |_|_\ \_,_||_||_||___/|_|  |_|\___/\__,_|\___||_| \___|\___||_||_|
                                                                   

2024-08-09 12:29:54 [info     ] Initialised ModelGenerator with: [Run3ModelGen.modelgen]
2024-08-09 12:29:54 [info     ] 	config_file = /u/dvoss/al_pmssmwithgp/Run3ModelGen/source/Run3ModelGen/data/new_config.yaml [Run3ModelGen.modelgen]
2024-08-09 12:29:54 [info     ] 	scan_dir = /u/dvoss/al_pmssmwithgp/Run3ModelGen/source/Run3ModelGen/scans/scan_3 [Run3ModelGen.modelgen]
2024-08-09 12:29:54 [info     ] 	rawfilen = /u/dvoss/al_pmssmwithgp/Run3ModelGen/source/Run3ModelGen/data/raw.slha [Run3ModelGen.modelgen]
2024-08-09 12:29:54 [info     ] 	seed = 123                    [Run3ModelGen.modelgen]
2024-08-09 12:29:54 [info     ] 	points = {}                   [Run3ModelGen.modelgen]
2024-08-09 12:29:54 [info     ] 	prior = fixed                 [Run3ModelGen.modelgen]
2024-08-09 12:29:54 [info     ] 	num_models = 3                [Run3ModelGen.modelgen]
2024-08-09 12:29:54 [info     ] 	isGMSB = False                [Run3ModelGen.modelgen]
2024-08-09 12:29:54 [info     ] 	parameters =                  [Run3ModelGen.modelgen]
2024-08-09 12:29:54 [info     ] 		tanb: [60, 60, 60]           [Run3ModelGen.modelgen]
2024-08-09 12:29:54 [info     ] 		M_1: [253.66, 1198.4, 1411.38] [Run3ModelGen.modelgen]
2024-08-09 12:29:54 [info     ] 		M_2: [2000, 2000, 2000]      [Run3ModelGen.modelgen]
2024-08-09 12:29:54 [info     ] 		M_3: [4000, 4000, 4000]      [Run3ModelGen.modelgen]
2024-08-09 12:29:54 [info     ] 		AT: [4000, 4000, 4000]       [Run3ModelGen.modelgen]
2024-08-09 12:29:54 [info     ] 		Ab: [2000, 2000, 2000]       [Run3ModelGen.modelgen]
2024-08-09 12:29:54 [info     ] 		Atau: [2000, 2000, 2000]     [Run3ModelGen.modelgen]
2024-08-09 12:29:54 [info     ] 		mu: [2000, 2000, 2000]       [Run3ModelGen.modelgen]
2024-08-09 12:29:54 [info     ] 		mA: [2000, 2000, 2000]       [Run3ModelGen.modelgen]
2024-08-09 12:29:54 [info     ] 		meL: [2000, 2000, 2000]      [Run3ModelGen.modelgen]
2024-08-09 12:29:54 [info     ] 		mtauL: [2000, 2000, 2000]    [Run3ModelGen.modelgen]
2024-08-09 12:29:54 [info     ] 		meR: [2000, 2000, 2000]      [Run3ModelGen.modelgen]
2024-08-09 12:29:54 [info     ] 		mtauR: [2000, 2000, 2000]    [Run3ModelGen.modelgen]
2024-08-09 12:29:54 [info     ] 		mqL1: [4000, 4000, 4000]     [Run3ModelGen.modelgen]
2024-08-09 12:29:54 [info     ] 		mqL3: [4000, 4000, 4000]     [Run3ModelGen.modelgen]
2024-08-09 12:29:54 [info     ] 		muR: [4000, 4000, 4000]      [Run3ModelGen.modelgen]
2024-08-09 12:29:54 [info     ] 		mtR: [4000, 4000, 4000]      [Run3ModelGen.modelgen]
2024-08-09 12:29:54 [info     ] 		mdR: [4000, 4000, 4000]      [Run3ModelGen.modelgen]
2024-08-09 12:29:54 [info     ] 		mbR: [4000, 4000, 4000]      [Run3ModelGen.modelgen]
2024-08-09 12:29:54 [info     ] 	steps =                       [Run3ModelGen.modelgen]
2024-08-09 12:29:54 [info     ] 		{'name': 'prep_input', 'output_dir': 'input', 'prefix': 'IN'} [Run3ModelGen.modelgen]
2024-08-09 12:29:54 [info     ] 		{'name': 'SPheno', 'input_dir': 'input', 'output_dir': 'SPheno', 'log_dir': 'SPheno_log', 'prefix': 'SP'} [Run3ModelGen.modelgen]
2024-08-09 12:29:54 [info     ] 		{'name': 'softsusy', 'input_dir': 'input', 'output_dir': 'softsusy', 'prefix': 'SS'} [Run3ModelGen.modelgen]
2024-08-09 12:29:54 [info     ] 		{'name': 'micromegas', 'input_dir': 'SPheno', 'output_dir': 'micromegas', 'prefix': 'MO'} [Run3ModelGen.modelgen]
2024-08-09 12:29:54 [info     ] 		{'name': 'superiso', 'input_dir': 'SPheno', 'output_dir': 'superiso', 'prefix': 'SI'} [Run3ModelGen.modelgen]
2024-08-09 12:29:54 [info     ] 		{'name': 'gm2calc', 'input_dir': 'SPheno', 'output_dir': 'gm2calc', 'prefix': 'GM2'} [Run3ModelGen.modelgen]
2024-08-09 12:29:54 [info     ] 		{'name': 'evade', 'input_dir': 'SPheno', 'output_dir': 'evade', 'prefix': 'EV'} [Run3ModelGen.modelgen]
2024-08-09 12:29:54 [info     ] Starting Model Generation...   [Run3ModelGen.modelgen]
2024-08-09 12:29:54 [info     ] Setting up output directories for scan [Run3ModelGen.modelgen]
2024-08-09 12:29:54 [info     ] Generating Model: 0.slha (1/3) [Run3ModelGen.modelgen]
2024-08-09 12:29:54 [info     ] 	running step: prep_input      [Run3ModelGen.modelgen]
2024-08-09 12:29:54 [info     ] 	running step: SPheno          [Run3ModelGen.modelgen]
2024-08-09 12:29:54 [info     ] 	running step: softsusy        [Run3ModelGen.modelgen]
2024-08-09 12:29:54 [info     ] 	running step: micromegas      [Run3ModelGen.modelgen]
2024-08-09 12:29:54 [info     ] 	running step: superiso        [Run3ModelGen.modelgen]
2024-08-09 12:29:54 [info     ] 	running step: gm2calc         [Run3ModelGen.modelgen]
2024-08-09 12:29:54 [info     ] 	running step: evade           [Run3ModelGen.modelgen]
2024-08-09 12:29:54 [info     ] Generating Model: 1.slha (2/3) [Run3ModelGen.modelgen]
2024-08-09 12:29:54 [info     ] 	running step: prep_input      [Run3ModelGen.modelgen]
2024-08-09 12:29:54 [info     ] 	running step: SPheno          [Run3ModelGen.modelgen]
2024-08-09 12:29:55 [info     ] 	running step: softsusy        [Run3ModelGen.modelgen]
2024-08-09 12:29:55 [info     ] 	running step: micromegas      [Run3ModelGen.modelgen]
2024-08-09 12:29:55 [info     ] 	running step: superiso        [Run3ModelGen.modelgen]
2024-08-09 12:29:55 [info     ] 	running step: gm2calc         [Run3ModelGen.modelgen]
2024-08-09 12:29:55 [info     ] 	running step: evade           [Run3ModelGen.modelgen]
2024-08-09 12:29:55 [info     ] Generating Model: 2.slha (3/3) [Run3ModelGen.modelgen]
2024-08-09 12:29:55 [info     ] 	running step: prep_input      [Run3ModelGen.modelgen]
2024-08-09 12:29:55 [info     ] 	running step: SPheno          [Run3ModelGen.modelgen]
2024-08-09 12:29:55 [info     ] 	running step: softsusy        [Run3ModelGen.modelgen]
2024-08-09 12:29:55 [info     ] 	running step: micromegas      [Run3ModelGen.modelgen]
2024-08-09 12:29:56 [info     ] 	running step: superiso        [Run3ModelGen.modelgen]
2024-08-09 12:29:56 [info     ] 	running step: gm2calc         [Run3ModelGen.modelgen]
2024-08-09 12:29:56 [info     ] 	running step: evade           [Run3ModelGen.modelgen]
2024-08-09 12:29:56 [info     ] Finished generating models! Stats for successful generations (successful/attempted): [Run3ModelGen.modelgen]
2024-08-09 12:29:56 [info     ] 	prep_input: 3/3.              [Run3ModelGen.modelgen]
2024-08-09 12:29:56 [info     ] 	SPheno: 3/3.                  [Run3ModelGen.modelgen]
2024-08-09 12:29:56 [info     ] 	softsusy: 3/3.                [Run3ModelGen.modelgen]
2024-08-09 12:29:56 [info     ] 	micromegas: 3/3.              [Run3ModelGen.modelgen]
2024-08-09 12:29:56 [info     ] 	superiso: 3/3.                [Run3ModelGen.modelgen]
2024-08-09 12:29:56 [info     ] 	gm2calc: 3/3.                 [Run3ModelGen.modelgen]
2024-08-09 12:29:56 [info     ] 	evade: 0/3.                   [Run3ModelGen.modelgen]
2024-08-09 12:29:56 [info     ] Will make NTuple for: /u/dvoss/al_pmssmwithgp/Run3ModelGen/source/Run3ModelGen/scans/scan_3, with 3 models [Run3ModelGen.ntupling]
2024-08-09 12:29:56 [info     ] 	Filling values for model: 0   [Run3ModelGen.ntupling]
2024-08-09 12:29:56 [info     ] Saving NTuple in /u/dvoss/al_pmssmwithgp/Run3ModelGen/source/Run3ModelGen/scans/scan_3/ntuple.0.0.root ... [Run3ModelGen.ntupling]
Completed iteration 3
Starting iteration 4
Initial Training points:  tensor([0.0000, 1.0000, 0.2034], device='cuda:0') torch.Size([3])
Training points after adding:  tensor([ 0.0000,  1.0000,  0.2034, -1.0209,  0.1011,  0.8499, -1.0209,  0.3264,
        -0.8890, -1.0047, -0.7937, -1.0209], device='cuda:0') torch.Size([12])
points: {0}
Corresponding xs: tensor([47.5121], device='cuda:0')
Plot saved to /raven/u/dvoss/al_pmssmwithgp/model/plots/Iter4/gp_plot.png
YAML file has been created: /u/dvoss/al_pmssmwithgp/Run3ModelGen/source/Run3ModelGen/data/new_config.yaml
Note: detected 144 virtual cores but NumExpr set to maximum of 64, check "NUMEXPR_MAX_THREADS" environment variable.
Note: NumExpr detected 144 cores but "NUMEXPR_MAX_THREADS" not set, so enforcing safe limit of 8.
NumExpr defaulting to 8 threads.

  ___              ____ __  __          _       _   ___            
 | _ \ _  _  _ _  |__ /|  \/  | ___  __| | ___ | | / __| ___  _ _  
 |   /| || || ' \  |_ \| |\/| |/ _ \/ _` |/ -_)| || (_ |/ -_)| ' \ 
 |_|_\ \_,_||_||_||___/|_|  |_|\___/\__,_|\___||_| \___|\___||_||_|
                                                                   

2024-08-09 12:30:35 [info     ] Initialised ModelGenerator with: [Run3ModelGen.modelgen]
2024-08-09 12:30:35 [info     ] 	config_file = /u/dvoss/al_pmssmwithgp/Run3ModelGen/source/Run3ModelGen/data/new_config.yaml [Run3ModelGen.modelgen]
2024-08-09 12:30:35 [info     ] 	scan_dir = /u/dvoss/al_pmssmwithgp/Run3ModelGen/source/Run3ModelGen/scans/scan_4 [Run3ModelGen.modelgen]
2024-08-09 12:30:35 [info     ] 	rawfilen = /u/dvoss/al_pmssmwithgp/Run3ModelGen/source/Run3ModelGen/data/raw.slha [Run3ModelGen.modelgen]
2024-08-09 12:30:35 [info     ] 	seed = 123                    [Run3ModelGen.modelgen]
2024-08-09 12:30:35 [info     ] 	points = {}                   [Run3ModelGen.modelgen]
2024-08-09 12:30:35 [info     ] 	prior = fixed                 [Run3ModelGen.modelgen]
2024-08-09 12:30:35 [info     ] 	num_models = 1                [Run3ModelGen.modelgen]
2024-08-09 12:30:35 [info     ] 	isGMSB = False                [Run3ModelGen.modelgen]
2024-08-09 12:30:35 [info     ] 	parameters =                  [Run3ModelGen.modelgen]
2024-08-09 12:30:35 [info     ] 		tanb: [60]                   [Run3ModelGen.modelgen]
2024-08-09 12:30:35 [info     ] 		M_1: [47.51]                 [Run3ModelGen.modelgen]
2024-08-09 12:30:35 [info     ] 		M_2: [2000]                  [Run3ModelGen.modelgen]
2024-08-09 12:30:35 [info     ] 		M_3: [4000]                  [Run3ModelGen.modelgen]
2024-08-09 12:30:35 [info     ] 		AT: [4000]                   [Run3ModelGen.modelgen]
2024-08-09 12:30:35 [info     ] 		Ab: [2000]                   [Run3ModelGen.modelgen]
2024-08-09 12:30:35 [info     ] 		Atau: [2000]                 [Run3ModelGen.modelgen]
2024-08-09 12:30:35 [info     ] 		mu: [2000]                   [Run3ModelGen.modelgen]
2024-08-09 12:30:35 [info     ] 		mA: [2000]                   [Run3ModelGen.modelgen]
2024-08-09 12:30:35 [info     ] 		meL: [2000]                  [Run3ModelGen.modelgen]
2024-08-09 12:30:35 [info     ] 		mtauL: [2000]                [Run3ModelGen.modelgen]
2024-08-09 12:30:35 [info     ] 		meR: [2000]                  [Run3ModelGen.modelgen]
2024-08-09 12:30:35 [info     ] 		mtauR: [2000]                [Run3ModelGen.modelgen]
2024-08-09 12:30:35 [info     ] 		mqL1: [4000]                 [Run3ModelGen.modelgen]
2024-08-09 12:30:35 [info     ] 		mqL3: [4000]                 [Run3ModelGen.modelgen]
2024-08-09 12:30:35 [info     ] 		muR: [4000]                  [Run3ModelGen.modelgen]
2024-08-09 12:30:35 [info     ] 		mtR: [4000]                  [Run3ModelGen.modelgen]
2024-08-09 12:30:35 [info     ] 		mdR: [4000]                  [Run3ModelGen.modelgen]
2024-08-09 12:30:35 [info     ] 		mbR: [4000]                  [Run3ModelGen.modelgen]
2024-08-09 12:30:35 [info     ] 	steps =                       [Run3ModelGen.modelgen]
2024-08-09 12:30:35 [info     ] 		{'name': 'prep_input', 'output_dir': 'input', 'prefix': 'IN'} [Run3ModelGen.modelgen]
2024-08-09 12:30:35 [info     ] 		{'name': 'SPheno', 'input_dir': 'input', 'output_dir': 'SPheno', 'log_dir': 'SPheno_log', 'prefix': 'SP'} [Run3ModelGen.modelgen]
2024-08-09 12:30:35 [info     ] 		{'name': 'softsusy', 'input_dir': 'input', 'output_dir': 'softsusy', 'prefix': 'SS'} [Run3ModelGen.modelgen]
2024-08-09 12:30:35 [info     ] 		{'name': 'micromegas', 'input_dir': 'SPheno', 'output_dir': 'micromegas', 'prefix': 'MO'} [Run3ModelGen.modelgen]
2024-08-09 12:30:35 [info     ] 		{'name': 'superiso', 'input_dir': 'SPheno', 'output_dir': 'superiso', 'prefix': 'SI'} [Run3ModelGen.modelgen]
2024-08-09 12:30:35 [info     ] 		{'name': 'gm2calc', 'input_dir': 'SPheno', 'output_dir': 'gm2calc', 'prefix': 'GM2'} [Run3ModelGen.modelgen]
2024-08-09 12:30:35 [info     ] 		{'name': 'evade', 'input_dir': 'SPheno', 'output_dir': 'evade', 'prefix': 'EV'} [Run3ModelGen.modelgen]
2024-08-09 12:30:35 [info     ] Starting Model Generation...   [Run3ModelGen.modelgen]
2024-08-09 12:30:35 [info     ] Setting up output directories for scan [Run3ModelGen.modelgen]
2024-08-09 12:30:35 [info     ] Generating Model: 0.slha (1/1) [Run3ModelGen.modelgen]
2024-08-09 12:30:35 [info     ] 	running step: prep_input      [Run3ModelGen.modelgen]
2024-08-09 12:30:35 [info     ] 	running step: SPheno          [Run3ModelGen.modelgen]
2024-08-09 12:30:36 [info     ] 	running step: softsusy        [Run3ModelGen.modelgen]
2024-08-09 12:30:36 [info     ] 	running step: micromegas      [Run3ModelGen.modelgen]
2024-08-09 12:30:36 [info     ] 	running step: superiso        [Run3ModelGen.modelgen]
2024-08-09 12:30:36 [info     ] 	running step: gm2calc         [Run3ModelGen.modelgen]
2024-08-09 12:30:36 [info     ] 	running step: evade           [Run3ModelGen.modelgen]
2024-08-09 12:30:36 [info     ] Finished generating models! Stats for successful generations (successful/attempted): [Run3ModelGen.modelgen]
2024-08-09 12:30:36 [info     ] 	prep_input: 1/1.              [Run3ModelGen.modelgen]
2024-08-09 12:30:36 [info     ] 	SPheno: 1/1.                  [Run3ModelGen.modelgen]
2024-08-09 12:30:36 [info     ] 	softsusy: 1/1.                [Run3ModelGen.modelgen]
2024-08-09 12:30:36 [info     ] 	micromegas: 1/1.              [Run3ModelGen.modelgen]
2024-08-09 12:30:36 [info     ] 	superiso: 1/1.                [Run3ModelGen.modelgen]
2024-08-09 12:30:36 [info     ] 	gm2calc: 1/1.                 [Run3ModelGen.modelgen]
2024-08-09 12:30:36 [info     ] 	evade: 0/1.                   [Run3ModelGen.modelgen]
2024-08-09 12:30:36 [info     ] Will make NTuple for: /u/dvoss/al_pmssmwithgp/Run3ModelGen/source/Run3ModelGen/scans/scan_4, with 1 models [Run3ModelGen.ntupling]
2024-08-09 12:30:36 [info     ] 	Filling values for model: 0   [Run3ModelGen.ntupling]
2024-08-09 12:30:36 [info     ] Saving NTuple in /u/dvoss/al_pmssmwithgp/Run3ModelGen/source/Run3ModelGen/scans/scan_4/ntuple.0.0.root ... [Run3ModelGen.ntupling]
Completed iteration 4
Starting iteration 5
Initial Training points:  tensor([0.0000, 1.0000, 0.2034], device='cuda:0') torch.Size([3])
Training points after adding:  tensor([ 0.0000,  1.0000,  0.2034, -1.0209,  0.1011,  0.8499, -1.0209,  0.3264,
        -0.8890, -1.0047, -0.7937, -1.0209, -1.0209, -0.4507, -0.6902],
       device='cuda:0') torch.Size([15])
points: {0}
Corresponding xs: tensor([47.5121], device='cuda:0')
Plot saved to /raven/u/dvoss/al_pmssmwithgp/model/plots/Iter5/gp_plot.png
YAML file has been created: /u/dvoss/al_pmssmwithgp/Run3ModelGen/source/Run3ModelGen/data/new_config.yaml
Note: detected 144 virtual cores but NumExpr set to maximum of 64, check "NUMEXPR_MAX_THREADS" environment variable.
Note: NumExpr detected 144 cores but "NUMEXPR_MAX_THREADS" not set, so enforcing safe limit of 8.
NumExpr defaulting to 8 threads.

  ___              ____ __  __          _       _   ___            
 | _ \ _  _  _ _  |__ /|  \/  | ___  __| | ___ | | / __| ___  _ _  
 |   /| || || ' \  |_ \| |\/| |/ _ \/ _` |/ -_)| || (_ |/ -_)| ' \ 
 |_|_\ \_,_||_||_||___/|_|  |_|\___/\__,_|\___||_| \___|\___||_||_|
                                                                   

2024-08-09 12:31:15 [info     ] Initialised ModelGenerator with: [Run3ModelGen.modelgen]
2024-08-09 12:31:15 [info     ] 	config_file = /u/dvoss/al_pmssmwithgp/Run3ModelGen/source/Run3ModelGen/data/new_config.yaml [Run3ModelGen.modelgen]
2024-08-09 12:31:15 [info     ] 	scan_dir = /u/dvoss/al_pmssmwithgp/Run3ModelGen/source/Run3ModelGen/scans/scan_5 [Run3ModelGen.modelgen]
2024-08-09 12:31:15 [info     ] 	rawfilen = /u/dvoss/al_pmssmwithgp/Run3ModelGen/source/Run3ModelGen/data/raw.slha [Run3ModelGen.modelgen]
2024-08-09 12:31:15 [info     ] 	seed = 123                    [Run3ModelGen.modelgen]
2024-08-09 12:31:15 [info     ] 	points = {}                   [Run3ModelGen.modelgen]
2024-08-09 12:31:15 [info     ] 	prior = fixed                 [Run3ModelGen.modelgen]
2024-08-09 12:31:15 [info     ] 	num_models = 1                [Run3ModelGen.modelgen]
2024-08-09 12:31:15 [info     ] 	isGMSB = False                [Run3ModelGen.modelgen]
2024-08-09 12:31:15 [info     ] 	parameters =                  [Run3ModelGen.modelgen]
2024-08-09 12:31:15 [info     ] 		tanb: [60]                   [Run3ModelGen.modelgen]
2024-08-09 12:31:15 [info     ] 		M_1: [47.51]                 [Run3ModelGen.modelgen]
2024-08-09 12:31:15 [info     ] 		M_2: [2000]                  [Run3ModelGen.modelgen]
2024-08-09 12:31:15 [info     ] 		M_3: [4000]                  [Run3ModelGen.modelgen]
2024-08-09 12:31:15 [info     ] 		AT: [4000]                   [Run3ModelGen.modelgen]
2024-08-09 12:31:15 [info     ] 		Ab: [2000]                   [Run3ModelGen.modelgen]
2024-08-09 12:31:15 [info     ] 		Atau: [2000]                 [Run3ModelGen.modelgen]
2024-08-09 12:31:15 [info     ] 		mu: [2000]                   [Run3ModelGen.modelgen]
2024-08-09 12:31:15 [info     ] 		mA: [2000]                   [Run3ModelGen.modelgen]
2024-08-09 12:31:15 [info     ] 		meL: [2000]                  [Run3ModelGen.modelgen]
2024-08-09 12:31:15 [info     ] 		mtauL: [2000]                [Run3ModelGen.modelgen]
2024-08-09 12:31:15 [info     ] 		meR: [2000]                  [Run3ModelGen.modelgen]
2024-08-09 12:31:15 [info     ] 		mtauR: [2000]                [Run3ModelGen.modelgen]
2024-08-09 12:31:15 [info     ] 		mqL1: [4000]                 [Run3ModelGen.modelgen]
2024-08-09 12:31:15 [info     ] 		mqL3: [4000]                 [Run3ModelGen.modelgen]
2024-08-09 12:31:15 [info     ] 		muR: [4000]                  [Run3ModelGen.modelgen]
2024-08-09 12:31:15 [info     ] 		mtR: [4000]                  [Run3ModelGen.modelgen]
2024-08-09 12:31:15 [info     ] 		mdR: [4000]                  [Run3ModelGen.modelgen]
2024-08-09 12:31:15 [info     ] 		mbR: [4000]                  [Run3ModelGen.modelgen]
2024-08-09 12:31:15 [info     ] 	steps =                       [Run3ModelGen.modelgen]
2024-08-09 12:31:15 [info     ] 		{'name': 'prep_input', 'output_dir': 'input', 'prefix': 'IN'} [Run3ModelGen.modelgen]
2024-08-09 12:31:15 [info     ] 		{'name': 'SPheno', 'input_dir': 'input', 'output_dir': 'SPheno', 'log_dir': 'SPheno_log', 'prefix': 'SP'} [Run3ModelGen.modelgen]
2024-08-09 12:31:15 [info     ] 		{'name': 'softsusy', 'input_dir': 'input', 'output_dir': 'softsusy', 'prefix': 'SS'} [Run3ModelGen.modelgen]
2024-08-09 12:31:15 [info     ] 		{'name': 'micromegas', 'input_dir': 'SPheno', 'output_dir': 'micromegas', 'prefix': 'MO'} [Run3ModelGen.modelgen]
2024-08-09 12:31:15 [info     ] 		{'name': 'superiso', 'input_dir': 'SPheno', 'output_dir': 'superiso', 'prefix': 'SI'} [Run3ModelGen.modelgen]
2024-08-09 12:31:15 [info     ] 		{'name': 'gm2calc', 'input_dir': 'SPheno', 'output_dir': 'gm2calc', 'prefix': 'GM2'} [Run3ModelGen.modelgen]
2024-08-09 12:31:15 [info     ] 		{'name': 'evade', 'input_dir': 'SPheno', 'output_dir': 'evade', 'prefix': 'EV'} [Run3ModelGen.modelgen]
2024-08-09 12:31:15 [info     ] Starting Model Generation...   [Run3ModelGen.modelgen]
2024-08-09 12:31:15 [info     ] Setting up output directories for scan [Run3ModelGen.modelgen]
2024-08-09 12:31:16 [info     ] Generating Model: 0.slha (1/1) [Run3ModelGen.modelgen]
2024-08-09 12:31:16 [info     ] 	running step: prep_input      [Run3ModelGen.modelgen]
2024-08-09 12:31:16 [info     ] 	running step: SPheno          [Run3ModelGen.modelgen]
2024-08-09 12:31:16 [info     ] 	running step: softsusy        [Run3ModelGen.modelgen]
2024-08-09 12:31:16 [info     ] 	running step: micromegas      [Run3ModelGen.modelgen]
2024-08-09 12:31:16 [info     ] 	running step: superiso        [Run3ModelGen.modelgen]
2024-08-09 12:31:16 [info     ] 	running step: gm2calc         [Run3ModelGen.modelgen]
2024-08-09 12:31:16 [info     ] 	running step: evade           [Run3ModelGen.modelgen]
2024-08-09 12:31:16 [info     ] Finished generating models! Stats for successful generations (successful/attempted): [Run3ModelGen.modelgen]
2024-08-09 12:31:16 [info     ] 	prep_input: 1/1.              [Run3ModelGen.modelgen]
2024-08-09 12:31:16 [info     ] 	SPheno: 1/1.                  [Run3ModelGen.modelgen]
2024-08-09 12:31:16 [info     ] 	softsusy: 1/1.                [Run3ModelGen.modelgen]
2024-08-09 12:31:16 [info     ] 	micromegas: 1/1.              [Run3ModelGen.modelgen]
2024-08-09 12:31:16 [info     ] 	superiso: 1/1.                [Run3ModelGen.modelgen]
2024-08-09 12:31:16 [info     ] 	gm2calc: 1/1.                 [Run3ModelGen.modelgen]
2024-08-09 12:31:16 [info     ] 	evade: 0/1.                   [Run3ModelGen.modelgen]
2024-08-09 12:31:16 [info     ] Will make NTuple for: /u/dvoss/al_pmssmwithgp/Run3ModelGen/source/Run3ModelGen/scans/scan_5, with 1 models [Run3ModelGen.ntupling]
2024-08-09 12:31:16 [info     ] 	Filling values for model: 0   [Run3ModelGen.ntupling]
2024-08-09 12:31:16 [info     ] Saving NTuple in /u/dvoss/al_pmssmwithgp/Run3ModelGen/source/Run3ModelGen/scans/scan_5/ntuple.0.0.root ... [Run3ModelGen.ntupling]
Completed iteration 5
Starting iteration 6
Initial Training points:  tensor([0.0000, 1.0000, 0.2034], device='cuda:0') torch.Size([3])
Training points after adding:  tensor([ 0.0000,  1.0000,  0.2034, -1.0209,  0.1011,  0.8499, -1.0209,  0.3264,
        -0.8890, -1.0047, -0.7937, -1.0209, -1.0209, -0.4507, -0.6902, -0.6212,
        -0.8586, -1.0209], device='cuda:0') torch.Size([18])
points: {0}
Corresponding xs: tensor([47.5121], device='cuda:0')
Plot saved to /raven/u/dvoss/al_pmssmwithgp/model/plots/Iter6/gp_plot.png
YAML file has been created: /u/dvoss/al_pmssmwithgp/Run3ModelGen/source/Run3ModelGen/data/new_config.yaml
Note: detected 144 virtual cores but NumExpr set to maximum of 64, check "NUMEXPR_MAX_THREADS" environment variable.
Note: NumExpr detected 144 cores but "NUMEXPR_MAX_THREADS" not set, so enforcing safe limit of 8.
NumExpr defaulting to 8 threads.

  ___              ____ __  __          _       _   ___            
 | _ \ _  _  _ _  |__ /|  \/  | ___  __| | ___ | | / __| ___  _ _  
 |   /| || || ' \  |_ \| |\/| |/ _ \/ _` |/ -_)| || (_ |/ -_)| ' \ 
 |_|_\ \_,_||_||_||___/|_|  |_|\___/\__,_|\___||_| \___|\___||_||_|
                                                                   

2024-08-09 12:31:56 [info     ] Initialised ModelGenerator with: [Run3ModelGen.modelgen]
2024-08-09 12:31:56 [info     ] 	config_file = /u/dvoss/al_pmssmwithgp/Run3ModelGen/source/Run3ModelGen/data/new_config.yaml [Run3ModelGen.modelgen]
2024-08-09 12:31:56 [info     ] 	scan_dir = /u/dvoss/al_pmssmwithgp/Run3ModelGen/source/Run3ModelGen/scans/scan_6 [Run3ModelGen.modelgen]
2024-08-09 12:31:56 [info     ] 	rawfilen = /u/dvoss/al_pmssmwithgp/Run3ModelGen/source/Run3ModelGen/data/raw.slha [Run3ModelGen.modelgen]
2024-08-09 12:31:56 [info     ] 	seed = 123                    [Run3ModelGen.modelgen]
2024-08-09 12:31:56 [info     ] 	points = {}                   [Run3ModelGen.modelgen]
2024-08-09 12:31:56 [info     ] 	prior = fixed                 [Run3ModelGen.modelgen]
2024-08-09 12:31:56 [info     ] 	num_models = 1                [Run3ModelGen.modelgen]
2024-08-09 12:31:56 [info     ] 	isGMSB = False                [Run3ModelGen.modelgen]
2024-08-09 12:31:56 [info     ] 	parameters =                  [Run3ModelGen.modelgen]
2024-08-09 12:31:56 [info     ] 		tanb: [60]                   [Run3ModelGen.modelgen]
2024-08-09 12:31:56 [info     ] 		M_1: [47.51]                 [Run3ModelGen.modelgen]
2024-08-09 12:31:56 [info     ] 		M_2: [2000]                  [Run3ModelGen.modelgen]
2024-08-09 12:31:56 [info     ] 		M_3: [4000]                  [Run3ModelGen.modelgen]
2024-08-09 12:31:56 [info     ] 		AT: [4000]                   [Run3ModelGen.modelgen]
2024-08-09 12:31:56 [info     ] 		Ab: [2000]                   [Run3ModelGen.modelgen]
2024-08-09 12:31:56 [info     ] 		Atau: [2000]                 [Run3ModelGen.modelgen]
2024-08-09 12:31:56 [info     ] 		mu: [2000]                   [Run3ModelGen.modelgen]
2024-08-09 12:31:56 [info     ] 		mA: [2000]                   [Run3ModelGen.modelgen]
2024-08-09 12:31:56 [info     ] 		meL: [2000]                  [Run3ModelGen.modelgen]
2024-08-09 12:31:56 [info     ] 		mtauL: [2000]                [Run3ModelGen.modelgen]
2024-08-09 12:31:56 [info     ] 		meR: [2000]                  [Run3ModelGen.modelgen]
2024-08-09 12:31:56 [info     ] 		mtauR: [2000]                [Run3ModelGen.modelgen]
2024-08-09 12:31:56 [info     ] 		mqL1: [4000]                 [Run3ModelGen.modelgen]
2024-08-09 12:31:56 [info     ] 		mqL3: [4000]                 [Run3ModelGen.modelgen]
2024-08-09 12:31:56 [info     ] 		muR: [4000]                  [Run3ModelGen.modelgen]
2024-08-09 12:31:56 [info     ] 		mtR: [4000]                  [Run3ModelGen.modelgen]
2024-08-09 12:31:56 [info     ] 		mdR: [4000]                  [Run3ModelGen.modelgen]
2024-08-09 12:31:56 [info     ] 		mbR: [4000]                  [Run3ModelGen.modelgen]
2024-08-09 12:31:56 [info     ] 	steps =                       [Run3ModelGen.modelgen]
2024-08-09 12:31:56 [info     ] 		{'name': 'prep_input', 'output_dir': 'input', 'prefix': 'IN'} [Run3ModelGen.modelgen]
2024-08-09 12:31:56 [info     ] 		{'name': 'SPheno', 'input_dir': 'input', 'output_dir': 'SPheno', 'log_dir': 'SPheno_log', 'prefix': 'SP'} [Run3ModelGen.modelgen]
2024-08-09 12:31:56 [info     ] 		{'name': 'softsusy', 'input_dir': 'input', 'output_dir': 'softsusy', 'prefix': 'SS'} [Run3ModelGen.modelgen]
2024-08-09 12:31:56 [info     ] 		{'name': 'micromegas', 'input_dir': 'SPheno', 'output_dir': 'micromegas', 'prefix': 'MO'} [Run3ModelGen.modelgen]
2024-08-09 12:31:56 [info     ] 		{'name': 'superiso', 'input_dir': 'SPheno', 'output_dir': 'superiso', 'prefix': 'SI'} [Run3ModelGen.modelgen]
2024-08-09 12:31:56 [info     ] 		{'name': 'gm2calc', 'input_dir': 'SPheno', 'output_dir': 'gm2calc', 'prefix': 'GM2'} [Run3ModelGen.modelgen]
2024-08-09 12:31:56 [info     ] 		{'name': 'evade', 'input_dir': 'SPheno', 'output_dir': 'evade', 'prefix': 'EV'} [Run3ModelGen.modelgen]
2024-08-09 12:31:56 [info     ] Starting Model Generation...   [Run3ModelGen.modelgen]
2024-08-09 12:31:56 [info     ] Setting up output directories for scan [Run3ModelGen.modelgen]
2024-08-09 12:31:56 [info     ] Generating Model: 0.slha (1/1) [Run3ModelGen.modelgen]
2024-08-09 12:31:56 [info     ] 	running step: prep_input      [Run3ModelGen.modelgen]
2024-08-09 12:31:56 [info     ] 	running step: SPheno          [Run3ModelGen.modelgen]
2024-08-09 12:31:56 [info     ] 	running step: softsusy        [Run3ModelGen.modelgen]
2024-08-09 12:31:56 [info     ] 	running step: micromegas      [Run3ModelGen.modelgen]
2024-08-09 12:31:56 [info     ] 	running step: superiso        [Run3ModelGen.modelgen]
2024-08-09 12:31:56 [info     ] 	running step: gm2calc         [Run3ModelGen.modelgen]
2024-08-09 12:31:56 [info     ] 	running step: evade           [Run3ModelGen.modelgen]
2024-08-09 12:31:56 [info     ] Finished generating models! Stats for successful generations (successful/attempted): [Run3ModelGen.modelgen]
2024-08-09 12:31:56 [info     ] 	prep_input: 1/1.              [Run3ModelGen.modelgen]
2024-08-09 12:31:56 [info     ] 	SPheno: 1/1.                  [Run3ModelGen.modelgen]
2024-08-09 12:31:56 [info     ] 	softsusy: 1/1.                [Run3ModelGen.modelgen]
2024-08-09 12:31:56 [info     ] 	micromegas: 1/1.              [Run3ModelGen.modelgen]
2024-08-09 12:31:56 [info     ] 	superiso: 1/1.                [Run3ModelGen.modelgen]
2024-08-09 12:31:56 [info     ] 	gm2calc: 1/1.                 [Run3ModelGen.modelgen]
2024-08-09 12:31:56 [info     ] 	evade: 0/1.                   [Run3ModelGen.modelgen]
2024-08-09 12:31:56 [info     ] Will make NTuple for: /u/dvoss/al_pmssmwithgp/Run3ModelGen/source/Run3ModelGen/scans/scan_6, with 1 models [Run3ModelGen.ntupling]
2024-08-09 12:31:56 [info     ] 	Filling values for model: 0   [Run3ModelGen.ntupling]
2024-08-09 12:31:56 [info     ] Saving NTuple in /u/dvoss/al_pmssmwithgp/Run3ModelGen/source/Run3ModelGen/scans/scan_6/ntuple.0.0.root ... [Run3ModelGen.ntupling]
Completed iteration 6
Starting iteration 7
Initial Training points:  tensor([0.0000, 1.0000, 0.2034], device='cuda:0') torch.Size([3])
Training points after adding:  tensor([ 0.0000,  1.0000,  0.2034, -1.0209,  0.1011,  0.8499, -1.0209,  0.3264,
        -0.8890, -1.0047, -0.7937, -1.0209, -1.0209, -0.4507, -0.6902, -0.6212,
        -0.8586, -1.0209, -0.6212, -1.0209,  0.2168], device='cuda:0') torch.Size([21])
points: {801, 725, 999}
Corresponding xs: tensor([1141.0605, 1037.3031, 1411.3759], device='cuda:0')
Plot saved to /raven/u/dvoss/al_pmssmwithgp/model/plots/Iter7/gp_plot.png
YAML file has been created: /u/dvoss/al_pmssmwithgp/Run3ModelGen/source/Run3ModelGen/data/new_config.yaml
Note: detected 144 virtual cores but NumExpr set to maximum of 64, check "NUMEXPR_MAX_THREADS" environment variable.
Note: NumExpr detected 144 cores but "NUMEXPR_MAX_THREADS" not set, so enforcing safe limit of 8.
NumExpr defaulting to 8 threads.

  ___              ____ __  __          _       _   ___            
 | _ \ _  _  _ _  |__ /|  \/  | ___  __| | ___ | | / __| ___  _ _  
 |   /| || || ' \  |_ \| |\/| |/ _ \/ _` |/ -_)| || (_ |/ -_)| ' \ 
 |_|_\ \_,_||_||_||___/|_|  |_|\___/\__,_|\___||_| \___|\___||_||_|
                                                                   

2024-08-09 12:32:35 [info     ] Initialised ModelGenerator with: [Run3ModelGen.modelgen]
2024-08-09 12:32:35 [info     ] 	config_file = /u/dvoss/al_pmssmwithgp/Run3ModelGen/source/Run3ModelGen/data/new_config.yaml [Run3ModelGen.modelgen]
2024-08-09 12:32:35 [info     ] 	scan_dir = /u/dvoss/al_pmssmwithgp/Run3ModelGen/source/Run3ModelGen/scans/scan_7 [Run3ModelGen.modelgen]
2024-08-09 12:32:35 [info     ] 	rawfilen = /u/dvoss/al_pmssmwithgp/Run3ModelGen/source/Run3ModelGen/data/raw.slha [Run3ModelGen.modelgen]
2024-08-09 12:32:35 [info     ] 	seed = 123                    [Run3ModelGen.modelgen]
2024-08-09 12:32:35 [info     ] 	points = {}                   [Run3ModelGen.modelgen]
2024-08-09 12:32:35 [info     ] 	prior = fixed                 [Run3ModelGen.modelgen]
2024-08-09 12:32:35 [info     ] 	num_models = 3                [Run3ModelGen.modelgen]
2024-08-09 12:32:35 [info     ] 	isGMSB = False                [Run3ModelGen.modelgen]
2024-08-09 12:32:35 [info     ] 	parameters =                  [Run3ModelGen.modelgen]
2024-08-09 12:32:35 [info     ] 		tanb: [60, 60, 60]           [Run3ModelGen.modelgen]
2024-08-09 12:32:35 [info     ] 		M_1: [1141.06, 1037.3, 1411.38] [Run3ModelGen.modelgen]
2024-08-09 12:32:35 [info     ] 		M_2: [2000, 2000, 2000]      [Run3ModelGen.modelgen]
2024-08-09 12:32:35 [info     ] 		M_3: [4000, 4000, 4000]      [Run3ModelGen.modelgen]
2024-08-09 12:32:35 [info     ] 		AT: [4000, 4000, 4000]       [Run3ModelGen.modelgen]
2024-08-09 12:32:35 [info     ] 		Ab: [2000, 2000, 2000]       [Run3ModelGen.modelgen]
2024-08-09 12:32:35 [info     ] 		Atau: [2000, 2000, 2000]     [Run3ModelGen.modelgen]
2024-08-09 12:32:35 [info     ] 		mu: [2000, 2000, 2000]       [Run3ModelGen.modelgen]
2024-08-09 12:32:35 [info     ] 		mA: [2000, 2000, 2000]       [Run3ModelGen.modelgen]
2024-08-09 12:32:35 [info     ] 		meL: [2000, 2000, 2000]      [Run3ModelGen.modelgen]
2024-08-09 12:32:35 [info     ] 		mtauL: [2000, 2000, 2000]    [Run3ModelGen.modelgen]
2024-08-09 12:32:35 [info     ] 		meR: [2000, 2000, 2000]      [Run3ModelGen.modelgen]
2024-08-09 12:32:35 [info     ] 		mtauR: [2000, 2000, 2000]    [Run3ModelGen.modelgen]
2024-08-09 12:32:35 [info     ] 		mqL1: [4000, 4000, 4000]     [Run3ModelGen.modelgen]
2024-08-09 12:32:35 [info     ] 		mqL3: [4000, 4000, 4000]     [Run3ModelGen.modelgen]
2024-08-09 12:32:35 [info     ] 		muR: [4000, 4000, 4000]      [Run3ModelGen.modelgen]
2024-08-09 12:32:35 [info     ] 		mtR: [4000, 4000, 4000]      [Run3ModelGen.modelgen]
2024-08-09 12:32:35 [info     ] 		mdR: [4000, 4000, 4000]      [Run3ModelGen.modelgen]
2024-08-09 12:32:35 [info     ] 		mbR: [4000, 4000, 4000]      [Run3ModelGen.modelgen]
2024-08-09 12:32:35 [info     ] 	steps =                       [Run3ModelGen.modelgen]
2024-08-09 12:32:35 [info     ] 		{'name': 'prep_input', 'output_dir': 'input', 'prefix': 'IN'} [Run3ModelGen.modelgen]
2024-08-09 12:32:35 [info     ] 		{'name': 'SPheno', 'input_dir': 'input', 'output_dir': 'SPheno', 'log_dir': 'SPheno_log', 'prefix': 'SP'} [Run3ModelGen.modelgen]
2024-08-09 12:32:35 [info     ] 		{'name': 'softsusy', 'input_dir': 'input', 'output_dir': 'softsusy', 'prefix': 'SS'} [Run3ModelGen.modelgen]
2024-08-09 12:32:35 [info     ] 		{'name': 'micromegas', 'input_dir': 'SPheno', 'output_dir': 'micromegas', 'prefix': 'MO'} [Run3ModelGen.modelgen]
2024-08-09 12:32:35 [info     ] 		{'name': 'superiso', 'input_dir': 'SPheno', 'output_dir': 'superiso', 'prefix': 'SI'} [Run3ModelGen.modelgen]
2024-08-09 12:32:35 [info     ] 		{'name': 'gm2calc', 'input_dir': 'SPheno', 'output_dir': 'gm2calc', 'prefix': 'GM2'} [Run3ModelGen.modelgen]
2024-08-09 12:32:35 [info     ] 		{'name': 'evade', 'input_dir': 'SPheno', 'output_dir': 'evade', 'prefix': 'EV'} [Run3ModelGen.modelgen]
2024-08-09 12:32:35 [info     ] Starting Model Generation...   [Run3ModelGen.modelgen]
2024-08-09 12:32:35 [info     ] Setting up output directories for scan [Run3ModelGen.modelgen]
2024-08-09 12:32:35 [info     ] Generating Model: 0.slha (1/3) [Run3ModelGen.modelgen]
2024-08-09 12:32:35 [info     ] 	running step: prep_input      [Run3ModelGen.modelgen]
2024-08-09 12:32:35 [info     ] 	running step: SPheno          [Run3ModelGen.modelgen]
2024-08-09 12:32:35 [info     ] 	running step: softsusy        [Run3ModelGen.modelgen]
2024-08-09 12:32:36 [info     ] 	running step: micromegas      [Run3ModelGen.modelgen]
2024-08-09 12:32:36 [info     ] 	running step: superiso        [Run3ModelGen.modelgen]
2024-08-09 12:32:36 [info     ] 	running step: gm2calc         [Run3ModelGen.modelgen]
2024-08-09 12:32:36 [info     ] 	running step: evade           [Run3ModelGen.modelgen]
2024-08-09 12:32:36 [info     ] Generating Model: 1.slha (2/3) [Run3ModelGen.modelgen]
2024-08-09 12:32:36 [info     ] 	running step: prep_input      [Run3ModelGen.modelgen]
2024-08-09 12:32:36 [info     ] 	running step: SPheno          [Run3ModelGen.modelgen]
2024-08-09 12:32:36 [info     ] 	running step: softsusy        [Run3ModelGen.modelgen]
2024-08-09 12:32:36 [info     ] 	running step: micromegas      [Run3ModelGen.modelgen]
2024-08-09 12:32:37 [info     ] 	running step: superiso        [Run3ModelGen.modelgen]
2024-08-09 12:32:37 [info     ] 	running step: gm2calc         [Run3ModelGen.modelgen]
2024-08-09 12:32:37 [info     ] 	running step: evade           [Run3ModelGen.modelgen]
2024-08-09 12:32:37 [info     ] Generating Model: 2.slha (3/3) [Run3ModelGen.modelgen]
2024-08-09 12:32:37 [info     ] 	running step: prep_input      [Run3ModelGen.modelgen]
2024-08-09 12:32:37 [info     ] 	running step: SPheno          [Run3ModelGen.modelgen]
2024-08-09 12:32:37 [info     ] 	running step: softsusy        [Run3ModelGen.modelgen]
2024-08-09 12:32:37 [info     ] 	running step: micromegas      [Run3ModelGen.modelgen]
2024-08-09 12:32:37 [info     ] 	running step: superiso        [Run3ModelGen.modelgen]
2024-08-09 12:32:38 [info     ] 	running step: gm2calc         [Run3ModelGen.modelgen]
2024-08-09 12:32:38 [info     ] 	running step: evade           [Run3ModelGen.modelgen]
2024-08-09 12:32:38 [info     ] Finished generating models! Stats for successful generations (successful/attempted): [Run3ModelGen.modelgen]
2024-08-09 12:32:38 [info     ] 	prep_input: 3/3.              [Run3ModelGen.modelgen]
2024-08-09 12:32:38 [info     ] 	SPheno: 3/3.                  [Run3ModelGen.modelgen]
2024-08-09 12:32:38 [info     ] 	softsusy: 3/3.                [Run3ModelGen.modelgen]
2024-08-09 12:32:38 [info     ] 	micromegas: 3/3.              [Run3ModelGen.modelgen]
2024-08-09 12:32:38 [info     ] 	superiso: 3/3.                [Run3ModelGen.modelgen]
2024-08-09 12:32:38 [info     ] 	gm2calc: 3/3.                 [Run3ModelGen.modelgen]
2024-08-09 12:32:38 [info     ] 	evade: 0/3.                   [Run3ModelGen.modelgen]
2024-08-09 12:32:38 [info     ] Will make NTuple for: /u/dvoss/al_pmssmwithgp/Run3ModelGen/source/Run3ModelGen/scans/scan_7, with 3 models [Run3ModelGen.ntupling]
2024-08-09 12:32:38 [info     ] 	Filling values for model: 0   [Run3ModelGen.ntupling]
2024-08-09 12:32:38 [info     ] Saving NTuple in /u/dvoss/al_pmssmwithgp/Run3ModelGen/source/Run3ModelGen/scans/scan_7/ntuple.0.0.root ... [Run3ModelGen.ntupling]
Completed iteration 7
Starting iteration 8
Initial Training points:  tensor([0.0000, 1.0000, 0.2034], device='cuda:0') torch.Size([3])
Training points after adding:  tensor([ 0.0000,  1.0000,  0.2034, -1.0209,  0.1011,  0.8499, -1.0209,  0.3264,
        -0.8890, -1.0047, -0.7937, -1.0209, -1.0209, -0.4507, -0.6902, -0.6212,
        -0.8586, -1.0209, -0.6212, -1.0209,  0.2168, -0.3412, -1.0209, -0.9154],
       device='cuda:0') torch.Size([24])
points: {600, 255, 999}
Corresponding xs: tensor([ 866.6495,  395.6455, 1411.3759], device='cuda:0')
Plot saved to /raven/u/dvoss/al_pmssmwithgp/model/plots/Iter8/gp_plot.png
YAML file has been created: /u/dvoss/al_pmssmwithgp/Run3ModelGen/source/Run3ModelGen/data/new_config.yaml
Note: detected 144 virtual cores but NumExpr set to maximum of 64, check "NUMEXPR_MAX_THREADS" environment variable.
Note: NumExpr detected 144 cores but "NUMEXPR_MAX_THREADS" not set, so enforcing safe limit of 8.
NumExpr defaulting to 8 threads.

  ___              ____ __  __          _       _   ___            
 | _ \ _  _  _ _  |__ /|  \/  | ___  __| | ___ | | / __| ___  _ _  
 |   /| || || ' \  |_ \| |\/| |/ _ \/ _` |/ -_)| || (_ |/ -_)| ' \ 
 |_|_\ \_,_||_||_||___/|_|  |_|\___/\__,_|\___||_| \___|\___||_||_|
                                                                   

2024-08-09 12:33:16 [info     ] Initialised ModelGenerator with: [Run3ModelGen.modelgen]
2024-08-09 12:33:16 [info     ] 	config_file = /u/dvoss/al_pmssmwithgp/Run3ModelGen/source/Run3ModelGen/data/new_config.yaml [Run3ModelGen.modelgen]
2024-08-09 12:33:16 [info     ] 	scan_dir = /u/dvoss/al_pmssmwithgp/Run3ModelGen/source/Run3ModelGen/scans/scan_8 [Run3ModelGen.modelgen]
2024-08-09 12:33:16 [info     ] 	rawfilen = /u/dvoss/al_pmssmwithgp/Run3ModelGen/source/Run3ModelGen/data/raw.slha [Run3ModelGen.modelgen]
2024-08-09 12:33:16 [info     ] 	seed = 123                    [Run3ModelGen.modelgen]
2024-08-09 12:33:16 [info     ] 	points = {}                   [Run3ModelGen.modelgen]
2024-08-09 12:33:16 [info     ] 	prior = fixed                 [Run3ModelGen.modelgen]
2024-08-09 12:33:16 [info     ] 	num_models = 3                [Run3ModelGen.modelgen]
2024-08-09 12:33:16 [info     ] 	isGMSB = False                [Run3ModelGen.modelgen]
2024-08-09 12:33:16 [info     ] 	parameters =                  [Run3ModelGen.modelgen]
2024-08-09 12:33:16 [info     ] 		tanb: [60, 60, 60]           [Run3ModelGen.modelgen]
2024-08-09 12:33:16 [info     ] 		M_1: [866.65, 395.65, 1411.38] [Run3ModelGen.modelgen]
2024-08-09 12:33:16 [info     ] 		M_2: [2000, 2000, 2000]      [Run3ModelGen.modelgen]
2024-08-09 12:33:16 [info     ] 		M_3: [4000, 4000, 4000]      [Run3ModelGen.modelgen]
2024-08-09 12:33:16 [info     ] 		AT: [4000, 4000, 4000]       [Run3ModelGen.modelgen]
2024-08-09 12:33:16 [info     ] 		Ab: [2000, 2000, 2000]       [Run3ModelGen.modelgen]
2024-08-09 12:33:16 [info     ] 		Atau: [2000, 2000, 2000]     [Run3ModelGen.modelgen]
2024-08-09 12:33:16 [info     ] 		mu: [2000, 2000, 2000]       [Run3ModelGen.modelgen]
2024-08-09 12:33:16 [info     ] 		mA: [2000, 2000, 2000]       [Run3ModelGen.modelgen]
2024-08-09 12:33:16 [info     ] 		meL: [2000, 2000, 2000]      [Run3ModelGen.modelgen]
2024-08-09 12:33:16 [info     ] 		mtauL: [2000, 2000, 2000]    [Run3ModelGen.modelgen]
2024-08-09 12:33:16 [info     ] 		meR: [2000, 2000, 2000]      [Run3ModelGen.modelgen]
2024-08-09 12:33:16 [info     ] 		mtauR: [2000, 2000, 2000]    [Run3ModelGen.modelgen]
2024-08-09 12:33:16 [info     ] 		mqL1: [4000, 4000, 4000]     [Run3ModelGen.modelgen]
2024-08-09 12:33:16 [info     ] 		mqL3: [4000, 4000, 4000]     [Run3ModelGen.modelgen]
2024-08-09 12:33:16 [info     ] 		muR: [4000, 4000, 4000]      [Run3ModelGen.modelgen]
2024-08-09 12:33:16 [info     ] 		mtR: [4000, 4000, 4000]      [Run3ModelGen.modelgen]
2024-08-09 12:33:16 [info     ] 		mdR: [4000, 4000, 4000]      [Run3ModelGen.modelgen]
2024-08-09 12:33:16 [info     ] 		mbR: [4000, 4000, 4000]      [Run3ModelGen.modelgen]
2024-08-09 12:33:16 [info     ] 	steps =                       [Run3ModelGen.modelgen]
2024-08-09 12:33:16 [info     ] 		{'name': 'prep_input', 'output_dir': 'input', 'prefix': 'IN'} [Run3ModelGen.modelgen]
2024-08-09 12:33:16 [info     ] 		{'name': 'SPheno', 'input_dir': 'input', 'output_dir': 'SPheno', 'log_dir': 'SPheno_log', 'prefix': 'SP'} [Run3ModelGen.modelgen]
2024-08-09 12:33:16 [info     ] 		{'name': 'softsusy', 'input_dir': 'input', 'output_dir': 'softsusy', 'prefix': 'SS'} [Run3ModelGen.modelgen]
2024-08-09 12:33:16 [info     ] 		{'name': 'micromegas', 'input_dir': 'SPheno', 'output_dir': 'micromegas', 'prefix': 'MO'} [Run3ModelGen.modelgen]
2024-08-09 12:33:16 [info     ] 		{'name': 'superiso', 'input_dir': 'SPheno', 'output_dir': 'superiso', 'prefix': 'SI'} [Run3ModelGen.modelgen]
2024-08-09 12:33:16 [info     ] 		{'name': 'gm2calc', 'input_dir': 'SPheno', 'output_dir': 'gm2calc', 'prefix': 'GM2'} [Run3ModelGen.modelgen]
2024-08-09 12:33:16 [info     ] 		{'name': 'evade', 'input_dir': 'SPheno', 'output_dir': 'evade', 'prefix': 'EV'} [Run3ModelGen.modelgen]
2024-08-09 12:33:16 [info     ] Starting Model Generation...   [Run3ModelGen.modelgen]
2024-08-09 12:33:17 [info     ] Setting up output directories for scan [Run3ModelGen.modelgen]
2024-08-09 12:33:17 [info     ] Generating Model: 0.slha (1/3) [Run3ModelGen.modelgen]
2024-08-09 12:33:17 [info     ] 	running step: prep_input      [Run3ModelGen.modelgen]
2024-08-09 12:33:17 [info     ] 	running step: SPheno          [Run3ModelGen.modelgen]
2024-08-09 12:33:17 [info     ] 	running step: softsusy        [Run3ModelGen.modelgen]
2024-08-09 12:33:17 [info     ] 	running step: micromegas      [Run3ModelGen.modelgen]
2024-08-09 12:33:17 [info     ] 	running step: superiso        [Run3ModelGen.modelgen]
2024-08-09 12:33:17 [info     ] 	running step: gm2calc         [Run3ModelGen.modelgen]
2024-08-09 12:33:17 [info     ] 	running step: evade           [Run3ModelGen.modelgen]
2024-08-09 12:33:17 [info     ] Generating Model: 1.slha (2/3) [Run3ModelGen.modelgen]
2024-08-09 12:33:17 [info     ] 	running step: prep_input      [Run3ModelGen.modelgen]
2024-08-09 12:33:17 [info     ] 	running step: SPheno          [Run3ModelGen.modelgen]
2024-08-09 12:33:18 [info     ] 	running step: softsusy        [Run3ModelGen.modelgen]
2024-08-09 12:33:18 [info     ] 	running step: micromegas      [Run3ModelGen.modelgen]
2024-08-09 12:33:18 [info     ] 	running step: superiso        [Run3ModelGen.modelgen]
2024-08-09 12:33:18 [info     ] 	running step: gm2calc         [Run3ModelGen.modelgen]
2024-08-09 12:33:18 [info     ] 	running step: evade           [Run3ModelGen.modelgen]
2024-08-09 12:33:18 [info     ] Generating Model: 2.slha (3/3) [Run3ModelGen.modelgen]
2024-08-09 12:33:18 [info     ] 	running step: prep_input      [Run3ModelGen.modelgen]
2024-08-09 12:33:18 [info     ] 	running step: SPheno          [Run3ModelGen.modelgen]
2024-08-09 12:33:18 [info     ] 	running step: softsusy        [Run3ModelGen.modelgen]
2024-08-09 12:33:18 [info     ] 	running step: micromegas      [Run3ModelGen.modelgen]
2024-08-09 12:33:19 [info     ] 	running step: superiso        [Run3ModelGen.modelgen]
2024-08-09 12:33:19 [info     ] 	running step: gm2calc         [Run3ModelGen.modelgen]
2024-08-09 12:33:19 [info     ] 	running step: evade           [Run3ModelGen.modelgen]
2024-08-09 12:33:19 [info     ] Finished generating models! Stats for successful generations (successful/attempted): [Run3ModelGen.modelgen]
2024-08-09 12:33:19 [info     ] 	prep_input: 3/3.              [Run3ModelGen.modelgen]
2024-08-09 12:33:19 [info     ] 	SPheno: 3/3.                  [Run3ModelGen.modelgen]
2024-08-09 12:33:19 [info     ] 	softsusy: 3/3.                [Run3ModelGen.modelgen]
2024-08-09 12:33:19 [info     ] 	micromegas: 3/3.              [Run3ModelGen.modelgen]
2024-08-09 12:33:19 [info     ] 	superiso: 3/3.                [Run3ModelGen.modelgen]
2024-08-09 12:33:19 [info     ] 	gm2calc: 3/3.                 [Run3ModelGen.modelgen]
2024-08-09 12:33:19 [info     ] 	evade: 0/3.                   [Run3ModelGen.modelgen]
2024-08-09 12:33:19 [info     ] Will make NTuple for: /u/dvoss/al_pmssmwithgp/Run3ModelGen/source/Run3ModelGen/scans/scan_8, with 3 models [Run3ModelGen.ntupling]
2024-08-09 12:33:19 [info     ] 	Filling values for model: 0   [Run3ModelGen.ntupling]
2024-08-09 12:33:19 [info     ] Saving NTuple in /u/dvoss/al_pmssmwithgp/Run3ModelGen/source/Run3ModelGen/scans/scan_8/ntuple.0.0.root ... [Run3ModelGen.ntupling]
Completed iteration 8
Starting iteration 9
Initial Training points:  tensor([0.0000, 1.0000, 0.2034], device='cuda:0') torch.Size([3])
Training points after adding:  tensor([ 0.0000,  1.0000,  0.2034, -1.0209,  0.1011,  0.8499, -1.0209,  0.3264,
        -0.8890, -1.0047, -0.7937, -1.0209, -1.0209, -0.4507, -0.6902, -0.6212,
        -0.8586, -1.0209, -0.6212, -1.0209,  0.2168, -0.3412, -1.0209, -0.9154,
        -0.2113, -1.0209, -0.6942], device='cuda:0') torch.Size([27])
points: {176, 836, 999}
Corresponding xs: tensor([ 287.7924, 1188.8435, 1411.3759], device='cuda:0')
Plot saved to /raven/u/dvoss/al_pmssmwithgp/model/plots/Iter9/gp_plot.png
YAML file has been created: /u/dvoss/al_pmssmwithgp/Run3ModelGen/source/Run3ModelGen/data/new_config.yaml
Note: detected 144 virtual cores but NumExpr set to maximum of 64, check "NUMEXPR_MAX_THREADS" environment variable.
Note: NumExpr detected 144 cores but "NUMEXPR_MAX_THREADS" not set, so enforcing safe limit of 8.
NumExpr defaulting to 8 threads.

  ___              ____ __  __          _       _   ___            
 | _ \ _  _  _ _  |__ /|  \/  | ___  __| | ___ | | / __| ___  _ _  
 |   /| || || ' \  |_ \| |\/| |/ _ \/ _` |/ -_)| || (_ |/ -_)| ' \ 
 |_|_\ \_,_||_||_||___/|_|  |_|\___/\__,_|\___||_| \___|\___||_||_|
                                                                   

2024-08-09 12:33:58 [info     ] Initialised ModelGenerator with: [Run3ModelGen.modelgen]
2024-08-09 12:33:58 [info     ] 	config_file = /u/dvoss/al_pmssmwithgp/Run3ModelGen/source/Run3ModelGen/data/new_config.yaml [Run3ModelGen.modelgen]
2024-08-09 12:33:58 [info     ] 	scan_dir = /u/dvoss/al_pmssmwithgp/Run3ModelGen/source/Run3ModelGen/scans/scan_9 [Run3ModelGen.modelgen]
2024-08-09 12:33:58 [info     ] 	rawfilen = /u/dvoss/al_pmssmwithgp/Run3ModelGen/source/Run3ModelGen/data/raw.slha [Run3ModelGen.modelgen]
2024-08-09 12:33:58 [info     ] 	seed = 123                    [Run3ModelGen.modelgen]
2024-08-09 12:33:58 [info     ] 	points = {}                   [Run3ModelGen.modelgen]
2024-08-09 12:33:58 [info     ] 	prior = fixed                 [Run3ModelGen.modelgen]
2024-08-09 12:33:58 [info     ] 	num_models = 3                [Run3ModelGen.modelgen]
2024-08-09 12:33:58 [info     ] 	isGMSB = False                [Run3ModelGen.modelgen]
2024-08-09 12:33:58 [info     ] 	parameters =                  [Run3ModelGen.modelgen]
2024-08-09 12:33:58 [info     ] 		tanb: [60, 60, 60]           [Run3ModelGen.modelgen]
2024-08-09 12:33:58 [info     ] 		M_1: [287.79, 1188.84, 1411.38] [Run3ModelGen.modelgen]
2024-08-09 12:33:58 [info     ] 		M_2: [2000, 2000, 2000]      [Run3ModelGen.modelgen]
2024-08-09 12:33:58 [info     ] 		M_3: [4000, 4000, 4000]      [Run3ModelGen.modelgen]
2024-08-09 12:33:58 [info     ] 		AT: [4000, 4000, 4000]       [Run3ModelGen.modelgen]
2024-08-09 12:33:58 [info     ] 		Ab: [2000, 2000, 2000]       [Run3ModelGen.modelgen]
2024-08-09 12:33:58 [info     ] 		Atau: [2000, 2000, 2000]     [Run3ModelGen.modelgen]
2024-08-09 12:33:58 [info     ] 		mu: [2000, 2000, 2000]       [Run3ModelGen.modelgen]
2024-08-09 12:33:58 [info     ] 		mA: [2000, 2000, 2000]       [Run3ModelGen.modelgen]
2024-08-09 12:33:58 [info     ] 		meL: [2000, 2000, 2000]      [Run3ModelGen.modelgen]
2024-08-09 12:33:58 [info     ] 		mtauL: [2000, 2000, 2000]    [Run3ModelGen.modelgen]
2024-08-09 12:33:58 [info     ] 		meR: [2000, 2000, 2000]      [Run3ModelGen.modelgen]
2024-08-09 12:33:58 [info     ] 		mtauR: [2000, 2000, 2000]    [Run3ModelGen.modelgen]
2024-08-09 12:33:58 [info     ] 		mqL1: [4000, 4000, 4000]     [Run3ModelGen.modelgen]
2024-08-09 12:33:58 [info     ] 		mqL3: [4000, 4000, 4000]     [Run3ModelGen.modelgen]
2024-08-09 12:33:58 [info     ] 		muR: [4000, 4000, 4000]      [Run3ModelGen.modelgen]
2024-08-09 12:33:58 [info     ] 		mtR: [4000, 4000, 4000]      [Run3ModelGen.modelgen]
2024-08-09 12:33:58 [info     ] 		mdR: [4000, 4000, 4000]      [Run3ModelGen.modelgen]
2024-08-09 12:33:58 [info     ] 		mbR: [4000, 4000, 4000]      [Run3ModelGen.modelgen]
2024-08-09 12:33:58 [info     ] 	steps =                       [Run3ModelGen.modelgen]
2024-08-09 12:33:58 [info     ] 		{'name': 'prep_input', 'output_dir': 'input', 'prefix': 'IN'} [Run3ModelGen.modelgen]
2024-08-09 12:33:58 [info     ] 		{'name': 'SPheno', 'input_dir': 'input', 'output_dir': 'SPheno', 'log_dir': 'SPheno_log', 'prefix': 'SP'} [Run3ModelGen.modelgen]
2024-08-09 12:33:58 [info     ] 		{'name': 'softsusy', 'input_dir': 'input', 'output_dir': 'softsusy', 'prefix': 'SS'} [Run3ModelGen.modelgen]
2024-08-09 12:33:58 [info     ] 		{'name': 'micromegas', 'input_dir': 'SPheno', 'output_dir': 'micromegas', 'prefix': 'MO'} [Run3ModelGen.modelgen]
2024-08-09 12:33:58 [info     ] 		{'name': 'superiso', 'input_dir': 'SPheno', 'output_dir': 'superiso', 'prefix': 'SI'} [Run3ModelGen.modelgen]
2024-08-09 12:33:58 [info     ] 		{'name': 'gm2calc', 'input_dir': 'SPheno', 'output_dir': 'gm2calc', 'prefix': 'GM2'} [Run3ModelGen.modelgen]
2024-08-09 12:33:58 [info     ] 		{'name': 'evade', 'input_dir': 'SPheno', 'output_dir': 'evade', 'prefix': 'EV'} [Run3ModelGen.modelgen]
2024-08-09 12:33:58 [info     ] Starting Model Generation...   [Run3ModelGen.modelgen]
2024-08-09 12:33:58 [info     ] Setting up output directories for scan [Run3ModelGen.modelgen]
2024-08-09 12:33:58 [info     ] Generating Model: 0.slha (1/3) [Run3ModelGen.modelgen]
2024-08-09 12:33:58 [info     ] 	running step: prep_input      [Run3ModelGen.modelgen]
2024-08-09 12:33:58 [info     ] 	running step: SPheno          [Run3ModelGen.modelgen]
2024-08-09 12:33:58 [info     ] 	running step: softsusy        [Run3ModelGen.modelgen]
2024-08-09 12:33:58 [info     ] 	running step: micromegas      [Run3ModelGen.modelgen]
2024-08-09 12:33:58 [info     ] 	running step: superiso        [Run3ModelGen.modelgen]
2024-08-09 12:33:58 [info     ] 	running step: gm2calc         [Run3ModelGen.modelgen]
2024-08-09 12:33:58 [info     ] 	running step: evade           [Run3ModelGen.modelgen]
2024-08-09 12:33:58 [info     ] Generating Model: 1.slha (2/3) [Run3ModelGen.modelgen]
2024-08-09 12:33:58 [info     ] 	running step: prep_input      [Run3ModelGen.modelgen]
2024-08-09 12:33:58 [info     ] 	running step: SPheno          [Run3ModelGen.modelgen]
2024-08-09 12:33:59 [info     ] 	running step: softsusy        [Run3ModelGen.modelgen]
2024-08-09 12:33:59 [info     ] 	running step: micromegas      [Run3ModelGen.modelgen]
2024-08-09 12:33:59 [info     ] 	running step: superiso        [Run3ModelGen.modelgen]
2024-08-09 12:33:59 [info     ] 	running step: gm2calc         [Run3ModelGen.modelgen]
2024-08-09 12:33:59 [info     ] 	running step: evade           [Run3ModelGen.modelgen]
2024-08-09 12:33:59 [info     ] Generating Model: 2.slha (3/3) [Run3ModelGen.modelgen]
2024-08-09 12:33:59 [info     ] 	running step: prep_input      [Run3ModelGen.modelgen]
2024-08-09 12:33:59 [info     ] 	running step: SPheno          [Run3ModelGen.modelgen]
2024-08-09 12:33:59 [info     ] 	running step: softsusy        [Run3ModelGen.modelgen]
2024-08-09 12:33:59 [info     ] 	running step: micromegas      [Run3ModelGen.modelgen]
2024-08-09 12:34:00 [info     ] 	running step: superiso        [Run3ModelGen.modelgen]
2024-08-09 12:34:00 [info     ] 	running step: gm2calc         [Run3ModelGen.modelgen]
2024-08-09 12:34:00 [info     ] 	running step: evade           [Run3ModelGen.modelgen]
2024-08-09 12:34:00 [info     ] Finished generating models! Stats for successful generations (successful/attempted): [Run3ModelGen.modelgen]
2024-08-09 12:34:00 [info     ] 	prep_input: 3/3.              [Run3ModelGen.modelgen]
2024-08-09 12:34:00 [info     ] 	SPheno: 3/3.                  [Run3ModelGen.modelgen]
2024-08-09 12:34:00 [info     ] 	softsusy: 3/3.                [Run3ModelGen.modelgen]
2024-08-09 12:34:00 [info     ] 	micromegas: 3/3.              [Run3ModelGen.modelgen]
2024-08-09 12:34:00 [info     ] 	superiso: 3/3.                [Run3ModelGen.modelgen]
2024-08-09 12:34:00 [info     ] 	gm2calc: 3/3.                 [Run3ModelGen.modelgen]
2024-08-09 12:34:00 [info     ] 	evade: 0/3.                   [Run3ModelGen.modelgen]
2024-08-09 12:34:00 [info     ] Will make NTuple for: /u/dvoss/al_pmssmwithgp/Run3ModelGen/source/Run3ModelGen/scans/scan_9, with 3 models [Run3ModelGen.ntupling]
2024-08-09 12:34:00 [info     ] 	Filling values for model: 0   [Run3ModelGen.ntupling]
2024-08-09 12:34:00 [info     ] Saving NTuple in /u/dvoss/al_pmssmwithgp/Run3ModelGen/source/Run3ModelGen/scans/scan_9/ntuple.0.0.root ... [Run3ModelGen.ntupling]
Completed iteration 9
Starting iteration 10
Initial Training points:  tensor([0.0000, 1.0000, 0.2034], device='cuda:0') torch.Size([3])
Training points after adding:  tensor([ 0.0000,  1.0000,  0.2034, -1.0209,  0.1011,  0.8499, -1.0209,  0.3264,
        -0.8890, -1.0047, -0.7937, -1.0209, -1.0209, -0.4507, -0.6902, -0.6212,
        -0.8586, -1.0209, -0.6212, -1.0209,  0.2168, -0.3412, -1.0209, -0.9154,
        -0.2113, -1.0209, -0.6942, -0.7815, -1.0209,  0.9959], device='cuda:0') torch.Size([30])
points: {715, 180, 596}
Corresponding xs: tensor([1023.6508,  293.2533,  861.1886], device='cuda:0')
Plot saved to /raven/u/dvoss/al_pmssmwithgp/model/plots/Iter10/gp_plot.png
YAML file has been created: /u/dvoss/al_pmssmwithgp/Run3ModelGen/source/Run3ModelGen/data/new_config.yaml
Note: detected 144 virtual cores but NumExpr set to maximum of 64, check "NUMEXPR_MAX_THREADS" environment variable.
Note: NumExpr detected 144 cores but "NUMEXPR_MAX_THREADS" not set, so enforcing safe limit of 8.
NumExpr defaulting to 8 threads.

  ___              ____ __  __          _       _   ___            
 | _ \ _  _  _ _  |__ /|  \/  | ___  __| | ___ | | / __| ___  _ _  
 |   /| || || ' \  |_ \| |\/| |/ _ \/ _` |/ -_)| || (_ |/ -_)| ' \ 
 |_|_\ \_,_||_||_||___/|_|  |_|\___/\__,_|\___||_| \___|\___||_||_|
                                                                   

2024-08-09 12:34:39 [info     ] Initialised ModelGenerator with: [Run3ModelGen.modelgen]
2024-08-09 12:34:39 [info     ] 	config_file = /u/dvoss/al_pmssmwithgp/Run3ModelGen/source/Run3ModelGen/data/new_config.yaml [Run3ModelGen.modelgen]
2024-08-09 12:34:39 [info     ] 	scan_dir = /u/dvoss/al_pmssmwithgp/Run3ModelGen/source/Run3ModelGen/scans/scan_10 [Run3ModelGen.modelgen]
2024-08-09 12:34:39 [info     ] 	rawfilen = /u/dvoss/al_pmssmwithgp/Run3ModelGen/source/Run3ModelGen/data/raw.slha [Run3ModelGen.modelgen]
2024-08-09 12:34:39 [info     ] 	seed = 123                    [Run3ModelGen.modelgen]
2024-08-09 12:34:39 [info     ] 	points = {}                   [Run3ModelGen.modelgen]
2024-08-09 12:34:39 [info     ] 	prior = fixed                 [Run3ModelGen.modelgen]
2024-08-09 12:34:39 [info     ] 	num_models = 3                [Run3ModelGen.modelgen]
2024-08-09 12:34:39 [info     ] 	isGMSB = False                [Run3ModelGen.modelgen]
2024-08-09 12:34:39 [info     ] 	parameters =                  [Run3ModelGen.modelgen]
2024-08-09 12:34:39 [info     ] 		tanb: [60, 60, 60]           [Run3ModelGen.modelgen]
2024-08-09 12:34:39 [info     ] 		M_1: [1023.65, 293.25, 861.19] [Run3ModelGen.modelgen]
2024-08-09 12:34:39 [info     ] 		M_2: [2000, 2000, 2000]      [Run3ModelGen.modelgen]
2024-08-09 12:34:39 [info     ] 		M_3: [4000, 4000, 4000]      [Run3ModelGen.modelgen]
2024-08-09 12:34:39 [info     ] 		AT: [4000, 4000, 4000]       [Run3ModelGen.modelgen]
2024-08-09 12:34:39 [info     ] 		Ab: [2000, 2000, 2000]       [Run3ModelGen.modelgen]
2024-08-09 12:34:39 [info     ] 		Atau: [2000, 2000, 2000]     [Run3ModelGen.modelgen]
2024-08-09 12:34:39 [info     ] 		mu: [2000, 2000, 2000]       [Run3ModelGen.modelgen]
2024-08-09 12:34:39 [info     ] 		mA: [2000, 2000, 2000]       [Run3ModelGen.modelgen]
2024-08-09 12:34:39 [info     ] 		meL: [2000, 2000, 2000]      [Run3ModelGen.modelgen]
2024-08-09 12:34:39 [info     ] 		mtauL: [2000, 2000, 2000]    [Run3ModelGen.modelgen]
2024-08-09 12:34:39 [info     ] 		meR: [2000, 2000, 2000]      [Run3ModelGen.modelgen]
2024-08-09 12:34:39 [info     ] 		mtauR: [2000, 2000, 2000]    [Run3ModelGen.modelgen]
2024-08-09 12:34:39 [info     ] 		mqL1: [4000, 4000, 4000]     [Run3ModelGen.modelgen]
2024-08-09 12:34:39 [info     ] 		mqL3: [4000, 4000, 4000]     [Run3ModelGen.modelgen]
2024-08-09 12:34:39 [info     ] 		muR: [4000, 4000, 4000]      [Run3ModelGen.modelgen]
2024-08-09 12:34:39 [info     ] 		mtR: [4000, 4000, 4000]      [Run3ModelGen.modelgen]
2024-08-09 12:34:39 [info     ] 		mdR: [4000, 4000, 4000]      [Run3ModelGen.modelgen]
2024-08-09 12:34:39 [info     ] 		mbR: [4000, 4000, 4000]      [Run3ModelGen.modelgen]
2024-08-09 12:34:39 [info     ] 	steps =                       [Run3ModelGen.modelgen]
2024-08-09 12:34:39 [info     ] 		{'name': 'prep_input', 'output_dir': 'input', 'prefix': 'IN'} [Run3ModelGen.modelgen]
2024-08-09 12:34:39 [info     ] 		{'name': 'SPheno', 'input_dir': 'input', 'output_dir': 'SPheno', 'log_dir': 'SPheno_log', 'prefix': 'SP'} [Run3ModelGen.modelgen]
2024-08-09 12:34:39 [info     ] 		{'name': 'softsusy', 'input_dir': 'input', 'output_dir': 'softsusy', 'prefix': 'SS'} [Run3ModelGen.modelgen]
2024-08-09 12:34:39 [info     ] 		{'name': 'micromegas', 'input_dir': 'SPheno', 'output_dir': 'micromegas', 'prefix': 'MO'} [Run3ModelGen.modelgen]
2024-08-09 12:34:39 [info     ] 		{'name': 'superiso', 'input_dir': 'SPheno', 'output_dir': 'superiso', 'prefix': 'SI'} [Run3ModelGen.modelgen]
2024-08-09 12:34:39 [info     ] 		{'name': 'gm2calc', 'input_dir': 'SPheno', 'output_dir': 'gm2calc', 'prefix': 'GM2'} [Run3ModelGen.modelgen]
2024-08-09 12:34:39 [info     ] 		{'name': 'evade', 'input_dir': 'SPheno', 'output_dir': 'evade', 'prefix': 'EV'} [Run3ModelGen.modelgen]
2024-08-09 12:34:39 [info     ] Starting Model Generation...   [Run3ModelGen.modelgen]
2024-08-09 12:34:39 [info     ] Setting up output directories for scan [Run3ModelGen.modelgen]
2024-08-09 12:34:39 [info     ] Generating Model: 0.slha (1/3) [Run3ModelGen.modelgen]
2024-08-09 12:34:39 [info     ] 	running step: prep_input      [Run3ModelGen.modelgen]
2024-08-09 12:34:39 [info     ] 	running step: SPheno          [Run3ModelGen.modelgen]
2024-08-09 12:34:39 [info     ] 	running step: softsusy        [Run3ModelGen.modelgen]
2024-08-09 12:34:39 [info     ] 	running step: micromegas      [Run3ModelGen.modelgen]
2024-08-09 12:34:40 [info     ] 	running step: superiso        [Run3ModelGen.modelgen]
2024-08-09 12:34:40 [info     ] 	running step: gm2calc         [Run3ModelGen.modelgen]
2024-08-09 12:34:40 [info     ] 	running step: evade           [Run3ModelGen.modelgen]
2024-08-09 12:34:40 [info     ] Generating Model: 1.slha (2/3) [Run3ModelGen.modelgen]
2024-08-09 12:34:40 [info     ] 	running step: prep_input      [Run3ModelGen.modelgen]
2024-08-09 12:34:40 [info     ] 	running step: SPheno          [Run3ModelGen.modelgen]
2024-08-09 12:34:40 [info     ] 	running step: softsusy        [Run3ModelGen.modelgen]
2024-08-09 12:34:40 [info     ] 	running step: micromegas      [Run3ModelGen.modelgen]
2024-08-09 12:34:40 [info     ] 	running step: superiso        [Run3ModelGen.modelgen]
2024-08-09 12:34:40 [info     ] 	running step: gm2calc         [Run3ModelGen.modelgen]
2024-08-09 12:34:40 [info     ] 	running step: evade           [Run3ModelGen.modelgen]
2024-08-09 12:34:40 [info     ] Generating Model: 2.slha (3/3) [Run3ModelGen.modelgen]
2024-08-09 12:34:40 [info     ] 	running step: prep_input      [Run3ModelGen.modelgen]
2024-08-09 12:34:40 [info     ] 	running step: SPheno          [Run3ModelGen.modelgen]
2024-08-09 12:34:41 [info     ] 	running step: softsusy        [Run3ModelGen.modelgen]
2024-08-09 12:34:41 [info     ] 	running step: micromegas      [Run3ModelGen.modelgen]
2024-08-09 12:34:41 [info     ] 	running step: superiso        [Run3ModelGen.modelgen]
2024-08-09 12:34:41 [info     ] 	running step: gm2calc         [Run3ModelGen.modelgen]
2024-08-09 12:34:41 [info     ] 	running step: evade           [Run3ModelGen.modelgen]
2024-08-09 12:34:41 [info     ] Finished generating models! Stats for successful generations (successful/attempted): [Run3ModelGen.modelgen]
2024-08-09 12:34:41 [info     ] 	prep_input: 3/3.              [Run3ModelGen.modelgen]
2024-08-09 12:34:41 [info     ] 	SPheno: 3/3.                  [Run3ModelGen.modelgen]
2024-08-09 12:34:41 [info     ] 	softsusy: 3/3.                [Run3ModelGen.modelgen]
2024-08-09 12:34:41 [info     ] 	micromegas: 3/3.              [Run3ModelGen.modelgen]
2024-08-09 12:34:41 [info     ] 	superiso: 3/3.                [Run3ModelGen.modelgen]
2024-08-09 12:34:41 [info     ] 	gm2calc: 3/3.                 [Run3ModelGen.modelgen]
2024-08-09 12:34:41 [info     ] 	evade: 0/3.                   [Run3ModelGen.modelgen]
2024-08-09 12:34:41 [info     ] Will make NTuple for: /u/dvoss/al_pmssmwithgp/Run3ModelGen/source/Run3ModelGen/scans/scan_10, with 3 models [Run3ModelGen.ntupling]
2024-08-09 12:34:41 [info     ] 	Filling values for model: 0   [Run3ModelGen.ntupling]
2024-08-09 12:34:41 [info     ] Saving NTuple in /u/dvoss/al_pmssmwithgp/Run3ModelGen/source/Run3ModelGen/scans/scan_10/ntuple.0.0.root ... [Run3ModelGen.ntupling]
Completed iteration 10
All iterations completed.
                                  
================================= 
Global information about the job: 
================================= 
  
Job owner: dvoss(54815)
Job name:  test
Node list: ravg1131
Job start: Fri Aug  9 12:26:58 CEST 2024
Job end:   Fri Aug  9 12:34:49 CEST 2024
Work dir:  /raven/u/dvoss/al_pmssmwithgp/model
Command:   /raven/u/dvoss/al_pmssmwithgp/model/slurm/single_job.sbatch
  
  
  
==========================================================================================
Information on jobsteps (Note: MaxRSS/AveRSS is the maximum/average over all 
tasks of the per-task memory high-water marks; cf. "man sacct"): 
==========================================================================================
  
JobID            JobName NNodes NTasks  NCPUS       MaxRSS       AveRSS    Elapsed ExitCode
------------- ---------- ------ ------ ------ ------------ ------------ ---------- --------
12297030            test      1             4                             00:07:51      0:0
12297030.0        job.sh      1      1      4     2391.16M     2391.16M   00:07:33      0:0
  
Maximum memory per node: 2.507309 GB (defined as MaxRSS*Ntasks/NNodes)
CPU utilization: 15.3 %
  
