Defaulting to user installation because normal site-packages is not writeable
Requirement already satisfied: uproot in /raven/u/dvoss/.local/lib/python3.9/site-packages (5.3.10)
Requirement already satisfied: typing-extensions>=4.1.0 in /raven/u/dvoss/.local/lib/python3.9/site-packages (from uproot) (4.12.2)
Requirement already satisfied: packaging in /raven/u/system/soft/SLE_15/packages/x86_64/anaconda/3/2021.11/lib/python3.9/site-packages (from uproot) (21.0)
Requirement already satisfied: awkward>=2.4.6 in /raven/u/dvoss/.local/lib/python3.9/site-packages (from uproot) (2.6.6)
Requirement already satisfied: numpy in /raven/u/system/soft/SLE_15/packages/x86_64/anaconda/3/2021.11/lib/python3.9/site-packages (from uproot) (1.20.3)
Requirement already satisfied: fsspec in /raven/u/dvoss/.local/lib/python3.9/site-packages (from uproot) (2024.6.1)
Requirement already satisfied: cramjam>=2.5.0 in /raven/u/dvoss/.local/lib/python3.9/site-packages (from uproot) (2.8.3)
Requirement already satisfied: importlib-metadata>=4.13.0 in /raven/u/dvoss/.local/lib/python3.9/site-packages (from awkward>=2.4.6->uproot) (8.0.0)
Requirement already satisfied: awkward-cpp==35 in /raven/u/dvoss/.local/lib/python3.9/site-packages (from awkward>=2.4.6->uproot) (35)
Requirement already satisfied: zipp>=0.5 in /raven/u/system/soft/SLE_15/packages/x86_64/anaconda/3/2021.11/lib/python3.9/site-packages (from importlib-metadata>=4.13.0->awkward>=2.4.6->uproot) (3.6.0)
Requirement already satisfied: pyparsing>=2.0.2 in /raven/u/system/soft/SLE_15/packages/x86_64/anaconda/3/2021.11/lib/python3.9/site-packages (from packaging->uproot) (3.0.4)
Defaulting to user installation because normal site-packages is not writeable
Collecting argparse
  Downloading argparse-1.4.0-py2.py3-none-any.whl (23 kB)
Installing collected packages: argparse
Successfully installed argparse-1.4.0
Defaulting to user installation because normal site-packages is not writeable
Collecting pyslha
  Downloading pyslha-3.2.6.tar.gz (41 kB)
Collecting tex2pix>=0.1.5
  Downloading tex2pix-0.3.1.tar.gz (5.4 kB)
Building wheels for collected packages: pyslha, tex2pix
  Building wheel for pyslha (setup.py): started
  Building wheel for pyslha (setup.py): finished with status 'done'
  Created wheel for pyslha: filename=pyslha-3.2.6-py3-none-any.whl size=30494 sha256=93fab742b8bc01de9d6904f8ab57e6a8de80ce255d2396b4da619d981398ec6d
  Stored in directory: /raven/u/dvoss/.cache/pip/wheels/69/10/3c/a22797a166282c440d799959c6c991f7db63cda9953ce8af40
  Building wheel for tex2pix (setup.py): started
  Building wheel for tex2pix (setup.py): finished with status 'done'
  Created wheel for tex2pix: filename=tex2pix-0.3.1-py3-none-any.whl size=4974 sha256=d64d960895498402c0341fb25a89bdfd0206dc7cf660f51864936c43d74eee21
  Stored in directory: /raven/u/dvoss/.cache/pip/wheels/6f/98/75/ba672b5b1f11cca3184b07a4cdc656261e49001c6a4d37b5ac
Successfully built pyslha tex2pix
Installing collected packages: tex2pix, pyslha
Successfully installed pyslha-3.2.6 tex2pix-0.3.1
Defaulting to user installation because normal site-packages is not writeable
Collecting structlog
  Downloading structlog-24.4.0-py3-none-any.whl (67 kB)
Installing collected packages: structlog
Successfully installed structlog-24.4.0
Starting iteration 1
Error during GP model script execution
                                  
================================= 
Global information about the job: 
================================= 
  
Job owner: dvoss(54815)
Job name:  test
Node list: ravg1162
Job start: Wed Aug  7 17:50:38 CEST 2024
Job end:   Wed Aug  7 17:51:17 CEST 2024
Work dir:  /raven/u/dvoss/al_pmssmwithgp/model
Command:   /raven/u/dvoss/al_pmssmwithgp/model/slurm/single_job.sbatch
  
  
  
==========================================================================================
Information on jobsteps (Note: MaxRSS/AveRSS is the maximum/average over all 
tasks of the per-task memory high-water marks; cf. "man sacct"): 
==========================================================================================
  
JobID            JobName NNodes NTasks  NCPUS       MaxRSS       AveRSS    Elapsed ExitCode
------------- ---------- ------ ------ ------ ------------ ------------ ---------- --------
12280681            test      1             4                             00:00:39      1:0
12280681.0        job.sh      1      1      4        1.38M        1.38M   00:00:13      1:0
  
Maximum memory per node: 0.006803 GB (defined as MaxRSS*Ntasks/NNodes)
CPU utilization: 0.0 %
  
