Loading gpytorch/gpu-cuda-11.6/pytorch-1.11.0/1.8.0
  Loading requirement: cudnn/8.4.1 pytorch/gpu-cuda-11.6/1.11.0
ERROR: Could not find a version that satisfies the requirement scipy.stats (from versions: none)
ERROR: No matching distribution found for scipy.stats
ERROR: Could not find a version that satisfies the requirement scipy.interpolate (from versions: none)
ERROR: No matching distribution found for scipy.interpolate
/mpcdf/soft/SLE_15/packages/skylake/pytorch/gpu-cuda-11.6/anaconda_3_2021.11-2021.11/1.11.0/lib/python3.9/site-packages/torch/functional.py:568: UserWarning: torch.meshgrid: in an upcoming release, it will be required to pass the indexing argument. (Triggered internally at  /home/abuild/rpmbuild/BUILD/pytorch-1.11.0/aten/src/ATen/native/TensorShape.cpp:2227.)
  return _VF.meshgrid(tensors, **kwargs)  # type: ignore[attr-defined]
/mpcdf/soft/SLE_15/packages/skylake/gpytorch/gpu-cuda-11.6/pytorch-1.11.0/anaconda_3_2021.11-2021.11/1.8.0/lib/python3.9/site-packages/gpytorch/lazy/triangular_lazy_tensor.py:136: UserWarning: torch.triangular_solve is deprecated in favor of torch.linalg.solve_triangularand will be removed in a future PyTorch release.
torch.linalg.solve_triangular has its arguments reversed and does not return a copy of one of the inputs.
X = torch.triangular_solve(B, A).solution
should be replaced with
X = torch.linalg.solve_triangular(A, B). (Triggered internally at  /home/abuild/rpmbuild/BUILD/pytorch-1.11.0/aten/src/ATen/native/BatchLinearAlgebra.cpp:1666.)
  res = torch.triangular_solve(right_tensor, self.evaluate(), upper=self.upper).solution
/mpcdf/soft/SLE_15/packages/skylake/gpytorch/gpu-cuda-11.6/pytorch-1.11.0/anaconda_3_2021.11-2021.11/1.8.0/lib/python3.9/site-packages/gpytorch/utils/linear_cg.py:321: NumericalWarning: CG terminated in 1000 iterations with average residual norm 6.307693183771335e-06 which is larger than the tolerance of 1e-06 specified by gpytorch.settings.cg_tolerance. If performance is affected, consider raising the maximum number of CG iterations by running code in a gpytorch.settings.max_cg_iterations(value) context.
  warnings.warn(
/mpcdf/soft/SLE_15/packages/skylake/gpytorch/gpu-cuda-11.6/pytorch-1.11.0/anaconda_3_2021.11-2021.11/1.8.0/lib/python3.9/site-packages/gpytorch/utils/linear_cg.py:321: NumericalWarning: CG terminated in 1000 iterations with average residual norm 6.081834271753905e-06 which is larger than the tolerance of 1e-06 specified by gpytorch.settings.cg_tolerance. If performance is affected, consider raising the maximum number of CG iterations by running code in a gpytorch.settings.max_cg_iterations(value) context.
  warnings.warn(
/mpcdf/soft/SLE_15/packages/skylake/gpytorch/gpu-cuda-11.6/pytorch-1.11.0/anaconda_3_2021.11-2021.11/1.8.0/lib/python3.9/site-packages/gpytorch/utils/linear_cg.py:321: NumericalWarning: CG terminated in 1000 iterations with average residual norm 5.7944357649830636e-06 which is larger than the tolerance of 1e-06 specified by gpytorch.settings.cg_tolerance. If performance is affected, consider raising the maximum number of CG iterations by running code in a gpytorch.settings.max_cg_iterations(value) context.
  warnings.warn(
/mpcdf/soft/SLE_15/packages/skylake/gpytorch/gpu-cuda-11.6/pytorch-1.11.0/anaconda_3_2021.11-2021.11/1.8.0/lib/python3.9/site-packages/gpytorch/utils/linear_cg.py:321: NumericalWarning: CG terminated in 1000 iterations with average residual norm 6.164706064737402e-06 which is larger than the tolerance of 1e-06 specified by gpytorch.settings.cg_tolerance. If performance is affected, consider raising the maximum number of CG iterations by running code in a gpytorch.settings.max_cg_iterations(value) context.
  warnings.warn(
/mpcdf/soft/SLE_15/packages/skylake/gpytorch/gpu-cuda-11.6/pytorch-1.11.0/anaconda_3_2021.11-2021.11/1.8.0/lib/python3.9/site-packages/gpytorch/utils/linear_cg.py:321: NumericalWarning: CG terminated in 1000 iterations with average residual norm 5.8115906540479045e-06 which is larger than the tolerance of 1e-06 specified by gpytorch.settings.cg_tolerance. If performance is affected, consider raising the maximum number of CG iterations by running code in a gpytorch.settings.max_cg_iterations(value) context.
  warnings.warn(
/mpcdf/soft/SLE_15/packages/skylake/gpytorch/gpu-cuda-11.6/pytorch-1.11.0/anaconda_3_2021.11-2021.11/1.8.0/lib/python3.9/site-packages/gpytorch/utils/linear_cg.py:321: NumericalWarning: CG terminated in 1000 iterations with average residual norm 5.544517534872284e-06 which is larger than the tolerance of 1e-06 specified by gpytorch.settings.cg_tolerance. If performance is affected, consider raising the maximum number of CG iterations by running code in a gpytorch.settings.max_cg_iterations(value) context.
  warnings.warn(
/mpcdf/soft/SLE_15/packages/skylake/gpytorch/gpu-cuda-11.6/pytorch-1.11.0/anaconda_3_2021.11-2021.11/1.8.0/lib/python3.9/site-packages/gpytorch/utils/linear_cg.py:321: NumericalWarning: CG terminated in 1000 iterations with average residual norm 6.232336090761237e-06 which is larger than the tolerance of 1e-06 specified by gpytorch.settings.cg_tolerance. If performance is affected, consider raising the maximum number of CG iterations by running code in a gpytorch.settings.max_cg_iterations(value) context.
  warnings.warn(
/mpcdf/soft/SLE_15/packages/skylake/gpytorch/gpu-cuda-11.6/pytorch-1.11.0/anaconda_3_2021.11-2021.11/1.8.0/lib/python3.9/site-packages/gpytorch/utils/linear_cg.py:321: NumericalWarning: CG terminated in 1000 iterations with average residual norm 6.175408998387866e-06 which is larger than the tolerance of 1e-06 specified by gpytorch.settings.cg_tolerance. If performance is affected, consider raising the maximum number of CG iterations by running code in a gpytorch.settings.max_cg_iterations(value) context.
  warnings.warn(
/mpcdf/soft/SLE_15/packages/skylake/gpytorch/gpu-cuda-11.6/pytorch-1.11.0/anaconda_3_2021.11-2021.11/1.8.0/lib/python3.9/site-packages/gpytorch/utils/linear_cg.py:321: NumericalWarning: CG terminated in 1000 iterations with average residual norm 6.683401352347573e-06 which is larger than the tolerance of 1e-06 specified by gpytorch.settings.cg_tolerance. If performance is affected, consider raising the maximum number of CG iterations by running code in a gpytorch.settings.max_cg_iterations(value) context.
  warnings.warn(
/mpcdf/soft/SLE_15/packages/skylake/gpytorch/gpu-cuda-11.6/pytorch-1.11.0/anaconda_3_2021.11-2021.11/1.8.0/lib/python3.9/site-packages/gpytorch/utils/linear_cg.py:321: NumericalWarning: CG terminated in 1000 iterations with average residual norm 6.7146902438253164e-06 which is larger than the tolerance of 1e-06 specified by gpytorch.settings.cg_tolerance. If performance is affected, consider raising the maximum number of CG iterations by running code in a gpytorch.settings.max_cg_iterations(value) context.
  warnings.warn(
/mpcdf/soft/SLE_15/packages/skylake/gpytorch/gpu-cuda-11.6/pytorch-1.11.0/anaconda_3_2021.11-2021.11/1.8.0/lib/python3.9/site-packages/gpytorch/utils/linear_cg.py:321: NumericalWarning: CG terminated in 1000 iterations with average residual norm 5.6656849665159825e-06 which is larger than the tolerance of 1e-06 specified by gpytorch.settings.cg_tolerance. If performance is affected, consider raising the maximum number of CG iterations by running code in a gpytorch.settings.max_cg_iterations(value) context.
  warnings.warn(
/mpcdf/soft/SLE_15/packages/skylake/gpytorch/gpu-cuda-11.6/pytorch-1.11.0/anaconda_3_2021.11-2021.11/1.8.0/lib/python3.9/site-packages/gpytorch/utils/linear_cg.py:321: NumericalWarning: CG terminated in 1000 iterations with average residual norm 6.436206604121253e-06 which is larger than the tolerance of 1e-06 specified by gpytorch.settings.cg_tolerance. If performance is affected, consider raising the maximum number of CG iterations by running code in a gpytorch.settings.max_cg_iterations(value) context.
  warnings.warn(
/mpcdf/soft/SLE_15/packages/skylake/gpytorch/gpu-cuda-11.6/pytorch-1.11.0/anaconda_3_2021.11-2021.11/1.8.0/lib/python3.9/site-packages/gpytorch/utils/linear_cg.py:321: NumericalWarning: CG terminated in 1000 iterations with average residual norm 5.524172138393624e-06 which is larger than the tolerance of 1e-06 specified by gpytorch.settings.cg_tolerance. If performance is affected, consider raising the maximum number of CG iterations by running code in a gpytorch.settings.max_cg_iterations(value) context.
  warnings.warn(
/mpcdf/soft/SLE_15/packages/skylake/gpytorch/gpu-cuda-11.6/pytorch-1.11.0/anaconda_3_2021.11-2021.11/1.8.0/lib/python3.9/site-packages/gpytorch/utils/linear_cg.py:321: NumericalWarning: CG terminated in 1000 iterations with average residual norm 5.093898380437167e-06 which is larger than the tolerance of 1e-06 specified by gpytorch.settings.cg_tolerance. If performance is affected, consider raising the maximum number of CG iterations by running code in a gpytorch.settings.max_cg_iterations(value) context.
  warnings.warn(
/mpcdf/soft/SLE_15/packages/skylake/gpytorch/gpu-cuda-11.6/pytorch-1.11.0/anaconda_3_2021.11-2021.11/1.8.0/lib/python3.9/site-packages/gpytorch/utils/linear_cg.py:321: NumericalWarning: CG terminated in 1000 iterations with average residual norm 4.152605470153503e-06 which is larger than the tolerance of 1e-06 specified by gpytorch.settings.cg_tolerance. If performance is affected, consider raising the maximum number of CG iterations by running code in a gpytorch.settings.max_cg_iterations(value) context.
  warnings.warn(
/mpcdf/soft/SLE_15/packages/skylake/gpytorch/gpu-cuda-11.6/pytorch-1.11.0/anaconda_3_2021.11-2021.11/1.8.0/lib/python3.9/site-packages/gpytorch/utils/linear_cg.py:321: NumericalWarning: CG terminated in 1000 iterations with average residual norm 4.493401320360135e-06 which is larger than the tolerance of 1e-06 specified by gpytorch.settings.cg_tolerance. If performance is affected, consider raising the maximum number of CG iterations by running code in a gpytorch.settings.max_cg_iterations(value) context.
  warnings.warn(
/mpcdf/soft/SLE_15/packages/skylake/gpytorch/gpu-cuda-11.6/pytorch-1.11.0/anaconda_3_2021.11-2021.11/1.8.0/lib/python3.9/site-packages/gpytorch/utils/linear_cg.py:321: NumericalWarning: CG terminated in 1000 iterations with average residual norm 3.4770380352711072e-06 which is larger than the tolerance of 1e-06 specified by gpytorch.settings.cg_tolerance. If performance is affected, consider raising the maximum number of CG iterations by running code in a gpytorch.settings.max_cg_iterations(value) context.
  warnings.warn(
/mpcdf/soft/SLE_15/packages/skylake/gpytorch/gpu-cuda-11.6/pytorch-1.11.0/anaconda_3_2021.11-2021.11/1.8.0/lib/python3.9/site-packages/gpytorch/utils/linear_cg.py:321: NumericalWarning: CG terminated in 1000 iterations with average residual norm 3.4900301670859335e-06 which is larger than the tolerance of 1e-06 specified by gpytorch.settings.cg_tolerance. If performance is affected, consider raising the maximum number of CG iterations by running code in a gpytorch.settings.max_cg_iterations(value) context.
  warnings.warn(
/mpcdf/soft/SLE_15/packages/skylake/gpytorch/gpu-cuda-11.6/pytorch-1.11.0/anaconda_3_2021.11-2021.11/1.8.0/lib/python3.9/site-packages/gpytorch/utils/linear_cg.py:321: NumericalWarning: CG terminated in 1000 iterations with average residual norm 3.184835577485501e-06 which is larger than the tolerance of 1e-06 specified by gpytorch.settings.cg_tolerance. If performance is affected, consider raising the maximum number of CG iterations by running code in a gpytorch.settings.max_cg_iterations(value) context.
  warnings.warn(
/mpcdf/soft/SLE_15/packages/skylake/gpytorch/gpu-cuda-11.6/pytorch-1.11.0/anaconda_3_2021.11-2021.11/1.8.0/lib/python3.9/site-packages/gpytorch/utils/linear_cg.py:321: NumericalWarning: CG terminated in 1000 iterations with average residual norm 3.2174020816455595e-06 which is larger than the tolerance of 1e-06 specified by gpytorch.settings.cg_tolerance. If performance is affected, consider raising the maximum number of CG iterations by running code in a gpytorch.settings.max_cg_iterations(value) context.
  warnings.warn(
/mpcdf/soft/SLE_15/packages/skylake/gpytorch/gpu-cuda-11.6/pytorch-1.11.0/anaconda_3_2021.11-2021.11/1.8.0/lib/python3.9/site-packages/gpytorch/utils/linear_cg.py:321: NumericalWarning: CG terminated in 1000 iterations with average residual norm 3.1958447834767867e-06 which is larger than the tolerance of 1e-06 specified by gpytorch.settings.cg_tolerance. If performance is affected, consider raising the maximum number of CG iterations by running code in a gpytorch.settings.max_cg_iterations(value) context.
  warnings.warn(
/mpcdf/soft/SLE_15/packages/skylake/gpytorch/gpu-cuda-11.6/pytorch-1.11.0/anaconda_3_2021.11-2021.11/1.8.0/lib/python3.9/site-packages/gpytorch/utils/linear_cg.py:321: NumericalWarning: CG terminated in 1000 iterations with average residual norm 3.242216735088732e-06 which is larger than the tolerance of 1e-06 specified by gpytorch.settings.cg_tolerance. If performance is affected, consider raising the maximum number of CG iterations by running code in a gpytorch.settings.max_cg_iterations(value) context.
  warnings.warn(
/mpcdf/soft/SLE_15/packages/skylake/gpytorch/gpu-cuda-11.6/pytorch-1.11.0/anaconda_3_2021.11-2021.11/1.8.0/lib/python3.9/site-packages/gpytorch/utils/linear_cg.py:321: NumericalWarning: CG terminated in 1000 iterations with average residual norm 3.284968215666595e-06 which is larger than the tolerance of 1e-06 specified by gpytorch.settings.cg_tolerance. If performance is affected, consider raising the maximum number of CG iterations by running code in a gpytorch.settings.max_cg_iterations(value) context.
  warnings.warn(
/mpcdf/soft/SLE_15/packages/skylake/gpytorch/gpu-cuda-11.6/pytorch-1.11.0/anaconda_3_2021.11-2021.11/1.8.0/lib/python3.9/site-packages/gpytorch/utils/linear_cg.py:321: NumericalWarning: CG terminated in 1000 iterations with average residual norm 3.3279602575930767e-06 which is larger than the tolerance of 1e-06 specified by gpytorch.settings.cg_tolerance. If performance is affected, consider raising the maximum number of CG iterations by running code in a gpytorch.settings.max_cg_iterations(value) context.
  warnings.warn(
/mpcdf/soft/SLE_15/packages/skylake/gpytorch/gpu-cuda-11.6/pytorch-1.11.0/anaconda_3_2021.11-2021.11/1.8.0/lib/python3.9/site-packages/gpytorch/utils/linear_cg.py:321: NumericalWarning: CG terminated in 1000 iterations with average residual norm 3.4421718737576157e-06 which is larger than the tolerance of 1e-06 specified by gpytorch.settings.cg_tolerance. If performance is affected, consider raising the maximum number of CG iterations by running code in a gpytorch.settings.max_cg_iterations(value) context.
  warnings.warn(
/mpcdf/soft/SLE_15/packages/skylake/gpytorch/gpu-cuda-11.6/pytorch-1.11.0/anaconda_3_2021.11-2021.11/1.8.0/lib/python3.9/site-packages/gpytorch/utils/linear_cg.py:321: NumericalWarning: CG terminated in 1000 iterations with average residual norm 3.4832669371098746e-06 which is larger than the tolerance of 1e-06 specified by gpytorch.settings.cg_tolerance. If performance is affected, consider raising the maximum number of CG iterations by running code in a gpytorch.settings.max_cg_iterations(value) context.
  warnings.warn(
/mpcdf/soft/SLE_15/packages/skylake/gpytorch/gpu-cuda-11.6/pytorch-1.11.0/anaconda_3_2021.11-2021.11/1.8.0/lib/python3.9/site-packages/gpytorch/utils/linear_cg.py:321: NumericalWarning: CG terminated in 1000 iterations with average residual norm 3.5436523830867372e-06 which is larger than the tolerance of 1e-06 specified by gpytorch.settings.cg_tolerance. If performance is affected, consider raising the maximum number of CG iterations by running code in a gpytorch.settings.max_cg_iterations(value) context.
  warnings.warn(
/mpcdf/soft/SLE_15/packages/skylake/gpytorch/gpu-cuda-11.6/pytorch-1.11.0/anaconda_3_2021.11-2021.11/1.8.0/lib/python3.9/site-packages/gpytorch/utils/linear_cg.py:321: NumericalWarning: CG terminated in 1000 iterations with average residual norm 3.746524043890531e-06 which is larger than the tolerance of 1e-06 specified by gpytorch.settings.cg_tolerance. If performance is affected, consider raising the maximum number of CG iterations by running code in a gpytorch.settings.max_cg_iterations(value) context.
  warnings.warn(
/mpcdf/soft/SLE_15/packages/skylake/gpytorch/gpu-cuda-11.6/pytorch-1.11.0/anaconda_3_2021.11-2021.11/1.8.0/lib/python3.9/site-packages/gpytorch/utils/linear_cg.py:321: NumericalWarning: CG terminated in 1000 iterations with average residual norm 3.7735233036073623e-06 which is larger than the tolerance of 1e-06 specified by gpytorch.settings.cg_tolerance. If performance is affected, consider raising the maximum number of CG iterations by running code in a gpytorch.settings.max_cg_iterations(value) context.
  warnings.warn(
/mpcdf/soft/SLE_15/packages/skylake/gpytorch/gpu-cuda-11.6/pytorch-1.11.0/anaconda_3_2021.11-2021.11/1.8.0/lib/python3.9/site-packages/gpytorch/utils/linear_cg.py:321: NumericalWarning: CG terminated in 1000 iterations with average residual norm 3.896213911502855e-06 which is larger than the tolerance of 1e-06 specified by gpytorch.settings.cg_tolerance. If performance is affected, consider raising the maximum number of CG iterations by running code in a gpytorch.settings.max_cg_iterations(value) context.
  warnings.warn(
/mpcdf/soft/SLE_15/packages/skylake/gpytorch/gpu-cuda-11.6/pytorch-1.11.0/anaconda_3_2021.11-2021.11/1.8.0/lib/python3.9/site-packages/gpytorch/utils/linear_cg.py:321: NumericalWarning: CG terminated in 1000 iterations with average residual norm 3.97447820432717e-06 which is larger than the tolerance of 1e-06 specified by gpytorch.settings.cg_tolerance. If performance is affected, consider raising the maximum number of CG iterations by running code in a gpytorch.settings.max_cg_iterations(value) context.
  warnings.warn(
/mpcdf/soft/SLE_15/packages/skylake/gpytorch/gpu-cuda-11.6/pytorch-1.11.0/anaconda_3_2021.11-2021.11/1.8.0/lib/python3.9/site-packages/gpytorch/utils/linear_cg.py:321: NumericalWarning: CG terminated in 1000 iterations with average residual norm 4.135260041948641e-06 which is larger than the tolerance of 1e-06 specified by gpytorch.settings.cg_tolerance. If performance is affected, consider raising the maximum number of CG iterations by running code in a gpytorch.settings.max_cg_iterations(value) context.
  warnings.warn(
/mpcdf/soft/SLE_15/packages/skylake/gpytorch/gpu-cuda-11.6/pytorch-1.11.0/anaconda_3_2021.11-2021.11/1.8.0/lib/python3.9/site-packages/gpytorch/utils/linear_cg.py:321: NumericalWarning: CG terminated in 1000 iterations with average residual norm 4.252763574186247e-06 which is larger than the tolerance of 1e-06 specified by gpytorch.settings.cg_tolerance. If performance is affected, consider raising the maximum number of CG iterations by running code in a gpytorch.settings.max_cg_iterations(value) context.
  warnings.warn(
/mpcdf/soft/SLE_15/packages/skylake/gpytorch/gpu-cuda-11.6/pytorch-1.11.0/anaconda_3_2021.11-2021.11/1.8.0/lib/python3.9/site-packages/gpytorch/utils/linear_cg.py:321: NumericalWarning: CG terminated in 1000 iterations with average residual norm 4.263288701622514e-06 which is larger than the tolerance of 1e-06 specified by gpytorch.settings.cg_tolerance. If performance is affected, consider raising the maximum number of CG iterations by running code in a gpytorch.settings.max_cg_iterations(value) context.
  warnings.warn(
/mpcdf/soft/SLE_15/packages/skylake/gpytorch/gpu-cuda-11.6/pytorch-1.11.0/anaconda_3_2021.11-2021.11/1.8.0/lib/python3.9/site-packages/gpytorch/utils/linear_cg.py:321: NumericalWarning: CG terminated in 1000 iterations with average residual norm 4.333687684265897e-06 which is larger than the tolerance of 1e-06 specified by gpytorch.settings.cg_tolerance. If performance is affected, consider raising the maximum number of CG iterations by running code in a gpytorch.settings.max_cg_iterations(value) context.
  warnings.warn(
/mpcdf/soft/SLE_15/packages/skylake/gpytorch/gpu-cuda-11.6/pytorch-1.11.0/anaconda_3_2021.11-2021.11/1.8.0/lib/python3.9/site-packages/gpytorch/utils/linear_cg.py:321: NumericalWarning: CG terminated in 1000 iterations with average residual norm 4.580013865052024e-06 which is larger than the tolerance of 1e-06 specified by gpytorch.settings.cg_tolerance. If performance is affected, consider raising the maximum number of CG iterations by running code in a gpytorch.settings.max_cg_iterations(value) context.
  warnings.warn(
/mpcdf/soft/SLE_15/packages/skylake/gpytorch/gpu-cuda-11.6/pytorch-1.11.0/anaconda_3_2021.11-2021.11/1.8.0/lib/python3.9/site-packages/gpytorch/utils/linear_cg.py:321: NumericalWarning: CG terminated in 1000 iterations with average residual norm 4.576876563078258e-06 which is larger than the tolerance of 1e-06 specified by gpytorch.settings.cg_tolerance. If performance is affected, consider raising the maximum number of CG iterations by running code in a gpytorch.settings.max_cg_iterations(value) context.
  warnings.warn(
/mpcdf/soft/SLE_15/packages/skylake/gpytorch/gpu-cuda-11.6/pytorch-1.11.0/anaconda_3_2021.11-2021.11/1.8.0/lib/python3.9/site-packages/gpytorch/utils/linear_cg.py:321: NumericalWarning: CG terminated in 1000 iterations with average residual norm 4.704552338807844e-06 which is larger than the tolerance of 1e-06 specified by gpytorch.settings.cg_tolerance. If performance is affected, consider raising the maximum number of CG iterations by running code in a gpytorch.settings.max_cg_iterations(value) context.
  warnings.warn(
/mpcdf/soft/SLE_15/packages/skylake/gpytorch/gpu-cuda-11.6/pytorch-1.11.0/anaconda_3_2021.11-2021.11/1.8.0/lib/python3.9/site-packages/gpytorch/utils/linear_cg.py:321: NumericalWarning: CG terminated in 1000 iterations with average residual norm 4.75448996439809e-06 which is larger than the tolerance of 1e-06 specified by gpytorch.settings.cg_tolerance. If performance is affected, consider raising the maximum number of CG iterations by running code in a gpytorch.settings.max_cg_iterations(value) context.
  warnings.warn(
/mpcdf/soft/SLE_15/packages/skylake/gpytorch/gpu-cuda-11.6/pytorch-1.11.0/anaconda_3_2021.11-2021.11/1.8.0/lib/python3.9/site-packages/gpytorch/utils/linear_cg.py:321: NumericalWarning: CG terminated in 1000 iterations with average residual norm 4.9414593377150595e-06 which is larger than the tolerance of 1e-06 specified by gpytorch.settings.cg_tolerance. If performance is affected, consider raising the maximum number of CG iterations by running code in a gpytorch.settings.max_cg_iterations(value) context.
  warnings.warn(
/mpcdf/soft/SLE_15/packages/skylake/gpytorch/gpu-cuda-11.6/pytorch-1.11.0/anaconda_3_2021.11-2021.11/1.8.0/lib/python3.9/site-packages/gpytorch/utils/linear_cg.py:321: NumericalWarning: CG terminated in 1000 iterations with average residual norm 5.021815468353452e-06 which is larger than the tolerance of 1e-06 specified by gpytorch.settings.cg_tolerance. If performance is affected, consider raising the maximum number of CG iterations by running code in a gpytorch.settings.max_cg_iterations(value) context.
  warnings.warn(
/mpcdf/soft/SLE_15/packages/skylake/gpytorch/gpu-cuda-11.6/pytorch-1.11.0/anaconda_3_2021.11-2021.11/1.8.0/lib/python3.9/site-packages/gpytorch/utils/linear_cg.py:321: NumericalWarning: CG terminated in 1000 iterations with average residual norm 5.245972715783864e-06 which is larger than the tolerance of 1e-06 specified by gpytorch.settings.cg_tolerance. If performance is affected, consider raising the maximum number of CG iterations by running code in a gpytorch.settings.max_cg_iterations(value) context.
  warnings.warn(
/mpcdf/soft/SLE_15/packages/skylake/gpytorch/gpu-cuda-11.6/pytorch-1.11.0/anaconda_3_2021.11-2021.11/1.8.0/lib/python3.9/site-packages/gpytorch/utils/linear_cg.py:321: NumericalWarning: CG terminated in 1000 iterations with average residual norm 5.278106982586905e-06 which is larger than the tolerance of 1e-06 specified by gpytorch.settings.cg_tolerance. If performance is affected, consider raising the maximum number of CG iterations by running code in a gpytorch.settings.max_cg_iterations(value) context.
  warnings.warn(
/mpcdf/soft/SLE_15/packages/skylake/gpytorch/gpu-cuda-11.6/pytorch-1.11.0/anaconda_3_2021.11-2021.11/1.8.0/lib/python3.9/site-packages/gpytorch/utils/linear_cg.py:321: NumericalWarning: CG terminated in 1000 iterations with average residual norm 5.401972885010764e-06 which is larger than the tolerance of 1e-06 specified by gpytorch.settings.cg_tolerance. If performance is affected, consider raising the maximum number of CG iterations by running code in a gpytorch.settings.max_cg_iterations(value) context.
  warnings.warn(
/mpcdf/soft/SLE_15/packages/skylake/gpytorch/gpu-cuda-11.6/pytorch-1.11.0/anaconda_3_2021.11-2021.11/1.8.0/lib/python3.9/site-packages/gpytorch/utils/linear_cg.py:321: NumericalWarning: CG terminated in 1000 iterations with average residual norm 5.018302090320503e-06 which is larger than the tolerance of 1e-06 specified by gpytorch.settings.cg_tolerance. If performance is affected, consider raising the maximum number of CG iterations by running code in a gpytorch.settings.max_cg_iterations(value) context.
  warnings.warn(
/mpcdf/soft/SLE_15/packages/skylake/gpytorch/gpu-cuda-11.6/pytorch-1.11.0/anaconda_3_2021.11-2021.11/1.8.0/lib/python3.9/site-packages/gpytorch/utils/linear_cg.py:321: NumericalWarning: CG terminated in 1000 iterations with average residual norm 5.324764060787857e-06 which is larger than the tolerance of 1e-06 specified by gpytorch.settings.cg_tolerance. If performance is affected, consider raising the maximum number of CG iterations by running code in a gpytorch.settings.max_cg_iterations(value) context.
  warnings.warn(
/mpcdf/soft/SLE_15/packages/skylake/gpytorch/gpu-cuda-11.6/pytorch-1.11.0/anaconda_3_2021.11-2021.11/1.8.0/lib/python3.9/site-packages/gpytorch/utils/linear_cg.py:321: NumericalWarning: CG terminated in 1000 iterations with average residual norm 5.336018148227595e-06 which is larger than the tolerance of 1e-06 specified by gpytorch.settings.cg_tolerance. If performance is affected, consider raising the maximum number of CG iterations by running code in a gpytorch.settings.max_cg_iterations(value) context.
  warnings.warn(
/mpcdf/soft/SLE_15/packages/skylake/gpytorch/gpu-cuda-11.6/pytorch-1.11.0/anaconda_3_2021.11-2021.11/1.8.0/lib/python3.9/site-packages/gpytorch/utils/linear_cg.py:321: NumericalWarning: CG terminated in 1000 iterations with average residual norm 5.274432623991743e-06 which is larger than the tolerance of 1e-06 specified by gpytorch.settings.cg_tolerance. If performance is affected, consider raising the maximum number of CG iterations by running code in a gpytorch.settings.max_cg_iterations(value) context.
  warnings.warn(
/mpcdf/soft/SLE_15/packages/skylake/gpytorch/gpu-cuda-11.6/pytorch-1.11.0/anaconda_3_2021.11-2021.11/1.8.0/lib/python3.9/site-packages/gpytorch/utils/linear_cg.py:321: NumericalWarning: CG terminated in 1000 iterations with average residual norm 5.402374881668948e-06 which is larger than the tolerance of 1e-06 specified by gpytorch.settings.cg_tolerance. If performance is affected, consider raising the maximum number of CG iterations by running code in a gpytorch.settings.max_cg_iterations(value) context.
  warnings.warn(
/mpcdf/soft/SLE_15/packages/skylake/gpytorch/gpu-cuda-11.6/pytorch-1.11.0/anaconda_3_2021.11-2021.11/1.8.0/lib/python3.9/site-packages/gpytorch/utils/linear_cg.py:321: NumericalWarning: CG terminated in 1000 iterations with average residual norm 5.462246008391958e-06 which is larger than the tolerance of 1e-06 specified by gpytorch.settings.cg_tolerance. If performance is affected, consider raising the maximum number of CG iterations by running code in a gpytorch.settings.max_cg_iterations(value) context.
  warnings.warn(
/mpcdf/soft/SLE_15/packages/skylake/gpytorch/gpu-cuda-11.6/pytorch-1.11.0/anaconda_3_2021.11-2021.11/1.8.0/lib/python3.9/site-packages/gpytorch/utils/linear_cg.py:321: NumericalWarning: CG terminated in 1000 iterations with average residual norm 5.6618077906023245e-06 which is larger than the tolerance of 1e-06 specified by gpytorch.settings.cg_tolerance. If performance is affected, consider raising the maximum number of CG iterations by running code in a gpytorch.settings.max_cg_iterations(value) context.
  warnings.warn(
/mpcdf/soft/SLE_15/packages/skylake/gpytorch/gpu-cuda-11.6/pytorch-1.11.0/anaconda_3_2021.11-2021.11/1.8.0/lib/python3.9/site-packages/gpytorch/utils/linear_cg.py:321: NumericalWarning: CG terminated in 1000 iterations with average residual norm 5.803874046250712e-06 which is larger than the tolerance of 1e-06 specified by gpytorch.settings.cg_tolerance. If performance is affected, consider raising the maximum number of CG iterations by running code in a gpytorch.settings.max_cg_iterations(value) context.
  warnings.warn(
/mpcdf/soft/SLE_15/packages/skylake/gpytorch/gpu-cuda-11.6/pytorch-1.11.0/anaconda_3_2021.11-2021.11/1.8.0/lib/python3.9/site-packages/gpytorch/utils/linear_cg.py:321: NumericalWarning: CG terminated in 1000 iterations with average residual norm 5.758505722042173e-06 which is larger than the tolerance of 1e-06 specified by gpytorch.settings.cg_tolerance. If performance is affected, consider raising the maximum number of CG iterations by running code in a gpytorch.settings.max_cg_iterations(value) context.
  warnings.warn(
/mpcdf/soft/SLE_15/packages/skylake/gpytorch/gpu-cuda-11.6/pytorch-1.11.0/anaconda_3_2021.11-2021.11/1.8.0/lib/python3.9/site-packages/gpytorch/utils/linear_cg.py:321: NumericalWarning: CG terminated in 1000 iterations with average residual norm 6.01859028392937e-06 which is larger than the tolerance of 1e-06 specified by gpytorch.settings.cg_tolerance. If performance is affected, consider raising the maximum number of CG iterations by running code in a gpytorch.settings.max_cg_iterations(value) context.
  warnings.warn(
/mpcdf/soft/SLE_15/packages/skylake/gpytorch/gpu-cuda-11.6/pytorch-1.11.0/anaconda_3_2021.11-2021.11/1.8.0/lib/python3.9/site-packages/gpytorch/utils/linear_cg.py:321: NumericalWarning: CG terminated in 1000 iterations with average residual norm 5.99192981098895e-06 which is larger than the tolerance of 1e-06 specified by gpytorch.settings.cg_tolerance. If performance is affected, consider raising the maximum number of CG iterations by running code in a gpytorch.settings.max_cg_iterations(value) context.
  warnings.warn(
/mpcdf/soft/SLE_15/packages/skylake/gpytorch/gpu-cuda-11.6/pytorch-1.11.0/anaconda_3_2021.11-2021.11/1.8.0/lib/python3.9/site-packages/gpytorch/utils/linear_cg.py:321: NumericalWarning: CG terminated in 1000 iterations with average residual norm 6.126152129581897e-06 which is larger than the tolerance of 1e-06 specified by gpytorch.settings.cg_tolerance. If performance is affected, consider raising the maximum number of CG iterations by running code in a gpytorch.settings.max_cg_iterations(value) context.
  warnings.warn(
/mpcdf/soft/SLE_15/packages/skylake/gpytorch/gpu-cuda-11.6/pytorch-1.11.0/anaconda_3_2021.11-2021.11/1.8.0/lib/python3.9/site-packages/gpytorch/utils/linear_cg.py:321: NumericalWarning: CG terminated in 1000 iterations with average residual norm 6.206157650012756e-06 which is larger than the tolerance of 1e-06 specified by gpytorch.settings.cg_tolerance. If performance is affected, consider raising the maximum number of CG iterations by running code in a gpytorch.settings.max_cg_iterations(value) context.
  warnings.warn(
/mpcdf/soft/SLE_15/packages/skylake/gpytorch/gpu-cuda-11.6/pytorch-1.11.0/anaconda_3_2021.11-2021.11/1.8.0/lib/python3.9/site-packages/gpytorch/utils/linear_cg.py:321: NumericalWarning: CG terminated in 1000 iterations with average residual norm 6.541681614180561e-06 which is larger than the tolerance of 1e-06 specified by gpytorch.settings.cg_tolerance. If performance is affected, consider raising the maximum number of CG iterations by running code in a gpytorch.settings.max_cg_iterations(value) context.
  warnings.warn(
/mpcdf/soft/SLE_15/packages/skylake/gpytorch/gpu-cuda-11.6/pytorch-1.11.0/anaconda_3_2021.11-2021.11/1.8.0/lib/python3.9/site-packages/gpytorch/utils/linear_cg.py:321: NumericalWarning: CG terminated in 1000 iterations with average residual norm 6.626275080634514e-06 which is larger than the tolerance of 1e-06 specified by gpytorch.settings.cg_tolerance. If performance is affected, consider raising the maximum number of CG iterations by running code in a gpytorch.settings.max_cg_iterations(value) context.
  warnings.warn(
/mpcdf/soft/SLE_15/packages/skylake/gpytorch/gpu-cuda-11.6/pytorch-1.11.0/anaconda_3_2021.11-2021.11/1.8.0/lib/python3.9/site-packages/gpytorch/utils/linear_cg.py:321: NumericalWarning: CG terminated in 1000 iterations with average residual norm 6.640827450610232e-06 which is larger than the tolerance of 1e-06 specified by gpytorch.settings.cg_tolerance. If performance is affected, consider raising the maximum number of CG iterations by running code in a gpytorch.settings.max_cg_iterations(value) context.
  warnings.warn(
/mpcdf/soft/SLE_15/packages/skylake/gpytorch/gpu-cuda-11.6/pytorch-1.11.0/anaconda_3_2021.11-2021.11/1.8.0/lib/python3.9/site-packages/gpytorch/utils/linear_cg.py:321: NumericalWarning: CG terminated in 1000 iterations with average residual norm 6.6019401856465265e-06 which is larger than the tolerance of 1e-06 specified by gpytorch.settings.cg_tolerance. If performance is affected, consider raising the maximum number of CG iterations by running code in a gpytorch.settings.max_cg_iterations(value) context.
  warnings.warn(
/mpcdf/soft/SLE_15/packages/skylake/gpytorch/gpu-cuda-11.6/pytorch-1.11.0/anaconda_3_2021.11-2021.11/1.8.0/lib/python3.9/site-packages/gpytorch/utils/linear_cg.py:321: NumericalWarning: CG terminated in 1000 iterations with average residual norm 6.804668828408467e-06 which is larger than the tolerance of 1e-06 specified by gpytorch.settings.cg_tolerance. If performance is affected, consider raising the maximum number of CG iterations by running code in a gpytorch.settings.max_cg_iterations(value) context.
  warnings.warn(
/mpcdf/soft/SLE_15/packages/skylake/gpytorch/gpu-cuda-11.6/pytorch-1.11.0/anaconda_3_2021.11-2021.11/1.8.0/lib/python3.9/site-packages/gpytorch/utils/linear_cg.py:321: NumericalWarning: CG terminated in 1000 iterations with average residual norm 7.11892334948061e-06 which is larger than the tolerance of 1e-06 specified by gpytorch.settings.cg_tolerance. If performance is affected, consider raising the maximum number of CG iterations by running code in a gpytorch.settings.max_cg_iterations(value) context.
  warnings.warn(
/mpcdf/soft/SLE_15/packages/skylake/gpytorch/gpu-cuda-11.6/pytorch-1.11.0/anaconda_3_2021.11-2021.11/1.8.0/lib/python3.9/site-packages/gpytorch/utils/linear_cg.py:321: NumericalWarning: CG terminated in 1000 iterations with average residual norm 6.73568865749985e-06 which is larger than the tolerance of 1e-06 specified by gpytorch.settings.cg_tolerance. If performance is affected, consider raising the maximum number of CG iterations by running code in a gpytorch.settings.max_cg_iterations(value) context.
  warnings.warn(
/mpcdf/soft/SLE_15/packages/skylake/gpytorch/gpu-cuda-11.6/pytorch-1.11.0/anaconda_3_2021.11-2021.11/1.8.0/lib/python3.9/site-packages/gpytorch/utils/linear_cg.py:321: NumericalWarning: CG terminated in 1000 iterations with average residual norm 7.140064099075971e-06 which is larger than the tolerance of 1e-06 specified by gpytorch.settings.cg_tolerance. If performance is affected, consider raising the maximum number of CG iterations by running code in a gpytorch.settings.max_cg_iterations(value) context.
  warnings.warn(
/mpcdf/soft/SLE_15/packages/skylake/gpytorch/gpu-cuda-11.6/pytorch-1.11.0/anaconda_3_2021.11-2021.11/1.8.0/lib/python3.9/site-packages/gpytorch/utils/linear_cg.py:321: NumericalWarning: CG terminated in 1000 iterations with average residual norm 7.246096174640115e-06 which is larger than the tolerance of 1e-06 specified by gpytorch.settings.cg_tolerance. If performance is affected, consider raising the maximum number of CG iterations by running code in a gpytorch.settings.max_cg_iterations(value) context.
  warnings.warn(
/mpcdf/soft/SLE_15/packages/skylake/gpytorch/gpu-cuda-11.6/pytorch-1.11.0/anaconda_3_2021.11-2021.11/1.8.0/lib/python3.9/site-packages/gpytorch/utils/linear_cg.py:321: NumericalWarning: CG terminated in 1000 iterations with average residual norm 6.832688086433336e-06 which is larger than the tolerance of 1e-06 specified by gpytorch.settings.cg_tolerance. If performance is affected, consider raising the maximum number of CG iterations by running code in a gpytorch.settings.max_cg_iterations(value) context.
  warnings.warn(
/mpcdf/soft/SLE_15/packages/skylake/gpytorch/gpu-cuda-11.6/pytorch-1.11.0/anaconda_3_2021.11-2021.11/1.8.0/lib/python3.9/site-packages/gpytorch/utils/linear_cg.py:321: NumericalWarning: CG terminated in 1000 iterations with average residual norm 6.608502644667169e-06 which is larger than the tolerance of 1e-06 specified by gpytorch.settings.cg_tolerance. If performance is affected, consider raising the maximum number of CG iterations by running code in a gpytorch.settings.max_cg_iterations(value) context.
  warnings.warn(
/mpcdf/soft/SLE_15/packages/skylake/gpytorch/gpu-cuda-11.6/pytorch-1.11.0/anaconda_3_2021.11-2021.11/1.8.0/lib/python3.9/site-packages/gpytorch/utils/linear_cg.py:321: NumericalWarning: CG terminated in 1000 iterations with average residual norm 6.321934961306397e-06 which is larger than the tolerance of 1e-06 specified by gpytorch.settings.cg_tolerance. If performance is affected, consider raising the maximum number of CG iterations by running code in a gpytorch.settings.max_cg_iterations(value) context.
  warnings.warn(
/mpcdf/soft/SLE_15/packages/skylake/gpytorch/gpu-cuda-11.6/pytorch-1.11.0/anaconda_3_2021.11-2021.11/1.8.0/lib/python3.9/site-packages/gpytorch/utils/linear_cg.py:321: NumericalWarning: CG terminated in 1000 iterations with average residual norm 6.5965091380348895e-06 which is larger than the tolerance of 1e-06 specified by gpytorch.settings.cg_tolerance. If performance is affected, consider raising the maximum number of CG iterations by running code in a gpytorch.settings.max_cg_iterations(value) context.
  warnings.warn(
/mpcdf/soft/SLE_15/packages/skylake/gpytorch/gpu-cuda-11.6/pytorch-1.11.0/anaconda_3_2021.11-2021.11/1.8.0/lib/python3.9/site-packages/gpytorch/utils/linear_cg.py:321: NumericalWarning: CG terminated in 1000 iterations with average residual norm 7.048117367958184e-06 which is larger than the tolerance of 1e-06 specified by gpytorch.settings.cg_tolerance. If performance is affected, consider raising the maximum number of CG iterations by running code in a gpytorch.settings.max_cg_iterations(value) context.
  warnings.warn(
/mpcdf/soft/SLE_15/packages/skylake/gpytorch/gpu-cuda-11.6/pytorch-1.11.0/anaconda_3_2021.11-2021.11/1.8.0/lib/python3.9/site-packages/gpytorch/utils/linear_cg.py:321: NumericalWarning: CG terminated in 1000 iterations with average residual norm 7.335896498261718e-06 which is larger than the tolerance of 1e-06 specified by gpytorch.settings.cg_tolerance. If performance is affected, consider raising the maximum number of CG iterations by running code in a gpytorch.settings.max_cg_iterations(value) context.
  warnings.warn(
/mpcdf/soft/SLE_15/packages/skylake/gpytorch/gpu-cuda-11.6/pytorch-1.11.0/anaconda_3_2021.11-2021.11/1.8.0/lib/python3.9/site-packages/gpytorch/utils/linear_cg.py:321: NumericalWarning: CG terminated in 1000 iterations with average residual norm 6.659001428488409e-06 which is larger than the tolerance of 1e-06 specified by gpytorch.settings.cg_tolerance. If performance is affected, consider raising the maximum number of CG iterations by running code in a gpytorch.settings.max_cg_iterations(value) context.
  warnings.warn(
/mpcdf/soft/SLE_15/packages/skylake/gpytorch/gpu-cuda-11.6/pytorch-1.11.0/anaconda_3_2021.11-2021.11/1.8.0/lib/python3.9/site-packages/gpytorch/utils/linear_cg.py:321: NumericalWarning: CG terminated in 1000 iterations with average residual norm 6.704225597786717e-06 which is larger than the tolerance of 1e-06 specified by gpytorch.settings.cg_tolerance. If performance is affected, consider raising the maximum number of CG iterations by running code in a gpytorch.settings.max_cg_iterations(value) context.
  warnings.warn(
/mpcdf/soft/SLE_15/packages/skylake/gpytorch/gpu-cuda-11.6/pytorch-1.11.0/anaconda_3_2021.11-2021.11/1.8.0/lib/python3.9/site-packages/gpytorch/utils/linear_cg.py:321: NumericalWarning: CG terminated in 1000 iterations with average residual norm 5.598653842753265e-06 which is larger than the tolerance of 1e-06 specified by gpytorch.settings.cg_tolerance. If performance is affected, consider raising the maximum number of CG iterations by running code in a gpytorch.settings.max_cg_iterations(value) context.
  warnings.warn(
/mpcdf/soft/SLE_15/packages/skylake/gpytorch/gpu-cuda-11.6/pytorch-1.11.0/anaconda_3_2021.11-2021.11/1.8.0/lib/python3.9/site-packages/gpytorch/utils/linear_cg.py:321: NumericalWarning: CG terminated in 1000 iterations with average residual norm 5.333848093869165e-06 which is larger than the tolerance of 1e-06 specified by gpytorch.settings.cg_tolerance. If performance is affected, consider raising the maximum number of CG iterations by running code in a gpytorch.settings.max_cg_iterations(value) context.
  warnings.warn(
/mpcdf/soft/SLE_15/packages/skylake/gpytorch/gpu-cuda-11.6/pytorch-1.11.0/anaconda_3_2021.11-2021.11/1.8.0/lib/python3.9/site-packages/gpytorch/utils/linear_cg.py:321: NumericalWarning: CG terminated in 1000 iterations with average residual norm 5.379818048822926e-06 which is larger than the tolerance of 1e-06 specified by gpytorch.settings.cg_tolerance. If performance is affected, consider raising the maximum number of CG iterations by running code in a gpytorch.settings.max_cg_iterations(value) context.
  warnings.warn(
/mpcdf/soft/SLE_15/packages/skylake/gpytorch/gpu-cuda-11.6/pytorch-1.11.0/anaconda_3_2021.11-2021.11/1.8.0/lib/python3.9/site-packages/gpytorch/utils/linear_cg.py:321: NumericalWarning: CG terminated in 1000 iterations with average residual norm 5.388286808738485e-06 which is larger than the tolerance of 1e-06 specified by gpytorch.settings.cg_tolerance. If performance is affected, consider raising the maximum number of CG iterations by running code in a gpytorch.settings.max_cg_iterations(value) context.
  warnings.warn(
/mpcdf/soft/SLE_15/packages/skylake/gpytorch/gpu-cuda-11.6/pytorch-1.11.0/anaconda_3_2021.11-2021.11/1.8.0/lib/python3.9/site-packages/gpytorch/utils/linear_cg.py:321: NumericalWarning: CG terminated in 1000 iterations with average residual norm 4.994951723347185e-06 which is larger than the tolerance of 1e-06 specified by gpytorch.settings.cg_tolerance. If performance is affected, consider raising the maximum number of CG iterations by running code in a gpytorch.settings.max_cg_iterations(value) context.
  warnings.warn(
/mpcdf/soft/SLE_15/packages/skylake/gpytorch/gpu-cuda-11.6/pytorch-1.11.0/anaconda_3_2021.11-2021.11/1.8.0/lib/python3.9/site-packages/gpytorch/utils/linear_cg.py:321: NumericalWarning: CG terminated in 1000 iterations with average residual norm 6.120475973148132e-06 which is larger than the tolerance of 1e-06 specified by gpytorch.settings.cg_tolerance. If performance is affected, consider raising the maximum number of CG iterations by running code in a gpytorch.settings.max_cg_iterations(value) context.
  warnings.warn(
/mpcdf/soft/SLE_15/packages/skylake/gpytorch/gpu-cuda-11.6/pytorch-1.11.0/anaconda_3_2021.11-2021.11/1.8.0/lib/python3.9/site-packages/gpytorch/utils/linear_cg.py:321: NumericalWarning: CG terminated in 1000 iterations with average residual norm 4.320071184338303e-06 which is larger than the tolerance of 1e-06 specified by gpytorch.settings.cg_tolerance. If performance is affected, consider raising the maximum number of CG iterations by running code in a gpytorch.settings.max_cg_iterations(value) context.
  warnings.warn(
/mpcdf/soft/SLE_15/packages/skylake/gpytorch/gpu-cuda-11.6/pytorch-1.11.0/anaconda_3_2021.11-2021.11/1.8.0/lib/python3.9/site-packages/gpytorch/utils/linear_cg.py:321: NumericalWarning: CG terminated in 1000 iterations with average residual norm 5.302013505570358e-06 which is larger than the tolerance of 1e-06 specified by gpytorch.settings.cg_tolerance. If performance is affected, consider raising the maximum number of CG iterations by running code in a gpytorch.settings.max_cg_iterations(value) context.
  warnings.warn(
/mpcdf/soft/SLE_15/packages/skylake/gpytorch/gpu-cuda-11.6/pytorch-1.11.0/anaconda_3_2021.11-2021.11/1.8.0/lib/python3.9/site-packages/gpytorch/utils/linear_cg.py:321: NumericalWarning: CG terminated in 1000 iterations with average residual norm 4.182062639301876e-06 which is larger than the tolerance of 1e-06 specified by gpytorch.settings.cg_tolerance. If performance is affected, consider raising the maximum number of CG iterations by running code in a gpytorch.settings.max_cg_iterations(value) context.
  warnings.warn(
/mpcdf/soft/SLE_15/packages/skylake/gpytorch/gpu-cuda-11.6/pytorch-1.11.0/anaconda_3_2021.11-2021.11/1.8.0/lib/python3.9/site-packages/gpytorch/utils/linear_cg.py:321: NumericalWarning: CG terminated in 1000 iterations with average residual norm 4.54766268376261e-06 which is larger than the tolerance of 1e-06 specified by gpytorch.settings.cg_tolerance. If performance is affected, consider raising the maximum number of CG iterations by running code in a gpytorch.settings.max_cg_iterations(value) context.
  warnings.warn(
/mpcdf/soft/SLE_15/packages/skylake/gpytorch/gpu-cuda-11.6/pytorch-1.11.0/anaconda_3_2021.11-2021.11/1.8.0/lib/python3.9/site-packages/gpytorch/utils/linear_cg.py:321: NumericalWarning: CG terminated in 1000 iterations with average residual norm 4.262624315742869e-06 which is larger than the tolerance of 1e-06 specified by gpytorch.settings.cg_tolerance. If performance is affected, consider raising the maximum number of CG iterations by running code in a gpytorch.settings.max_cg_iterations(value) context.
  warnings.warn(
/mpcdf/soft/SLE_15/packages/skylake/gpytorch/gpu-cuda-11.6/pytorch-1.11.0/anaconda_3_2021.11-2021.11/1.8.0/lib/python3.9/site-packages/gpytorch/utils/linear_cg.py:321: NumericalWarning: CG terminated in 1000 iterations with average residual norm 4.6922323235776275e-06 which is larger than the tolerance of 1e-06 specified by gpytorch.settings.cg_tolerance. If performance is affected, consider raising the maximum number of CG iterations by running code in a gpytorch.settings.max_cg_iterations(value) context.
  warnings.warn(
/mpcdf/soft/SLE_15/packages/skylake/gpytorch/gpu-cuda-11.6/pytorch-1.11.0/anaconda_3_2021.11-2021.11/1.8.0/lib/python3.9/site-packages/gpytorch/utils/linear_cg.py:321: NumericalWarning: CG terminated in 1000 iterations with average residual norm 4.688890385295963e-06 which is larger than the tolerance of 1e-06 specified by gpytorch.settings.cg_tolerance. If performance is affected, consider raising the maximum number of CG iterations by running code in a gpytorch.settings.max_cg_iterations(value) context.
  warnings.warn(
/mpcdf/soft/SLE_15/packages/skylake/gpytorch/gpu-cuda-11.6/pytorch-1.11.0/anaconda_3_2021.11-2021.11/1.8.0/lib/python3.9/site-packages/gpytorch/utils/linear_cg.py:321: NumericalWarning: CG terminated in 1000 iterations with average residual norm 4.3249410737189464e-06 which is larger than the tolerance of 1e-06 specified by gpytorch.settings.cg_tolerance. If performance is affected, consider raising the maximum number of CG iterations by running code in a gpytorch.settings.max_cg_iterations(value) context.
  warnings.warn(
/mpcdf/soft/SLE_15/packages/skylake/gpytorch/gpu-cuda-11.6/pytorch-1.11.0/anaconda_3_2021.11-2021.11/1.8.0/lib/python3.9/site-packages/gpytorch/utils/linear_cg.py:321: NumericalWarning: CG terminated in 1000 iterations with average residual norm 4.256839019944891e-06 which is larger than the tolerance of 1e-06 specified by gpytorch.settings.cg_tolerance. If performance is affected, consider raising the maximum number of CG iterations by running code in a gpytorch.settings.max_cg_iterations(value) context.
  warnings.warn(
/mpcdf/soft/SLE_15/packages/skylake/gpytorch/gpu-cuda-11.6/pytorch-1.11.0/anaconda_3_2021.11-2021.11/1.8.0/lib/python3.9/site-packages/gpytorch/utils/linear_cg.py:321: NumericalWarning: CG terminated in 1000 iterations with average residual norm 4.438052656041691e-06 which is larger than the tolerance of 1e-06 specified by gpytorch.settings.cg_tolerance. If performance is affected, consider raising the maximum number of CG iterations by running code in a gpytorch.settings.max_cg_iterations(value) context.
  warnings.warn(
/mpcdf/soft/SLE_15/packages/skylake/gpytorch/gpu-cuda-11.6/pytorch-1.11.0/anaconda_3_2021.11-2021.11/1.8.0/lib/python3.9/site-packages/gpytorch/utils/linear_cg.py:321: NumericalWarning: CG terminated in 1000 iterations with average residual norm 4.1910989239113405e-06 which is larger than the tolerance of 1e-06 specified by gpytorch.settings.cg_tolerance. If performance is affected, consider raising the maximum number of CG iterations by running code in a gpytorch.settings.max_cg_iterations(value) context.
  warnings.warn(
/mpcdf/soft/SLE_15/packages/skylake/gpytorch/gpu-cuda-11.6/pytorch-1.11.0/anaconda_3_2021.11-2021.11/1.8.0/lib/python3.9/site-packages/gpytorch/utils/linear_cg.py:321: NumericalWarning: CG terminated in 1000 iterations with average residual norm 4.41796328232158e-06 which is larger than the tolerance of 1e-06 specified by gpytorch.settings.cg_tolerance. If performance is affected, consider raising the maximum number of CG iterations by running code in a gpytorch.settings.max_cg_iterations(value) context.
  warnings.warn(
/mpcdf/soft/SLE_15/packages/skylake/gpytorch/gpu-cuda-11.6/pytorch-1.11.0/anaconda_3_2021.11-2021.11/1.8.0/lib/python3.9/site-packages/gpytorch/utils/linear_cg.py:321: NumericalWarning: CG terminated in 1000 iterations with average residual norm 4.310109943617135e-06 which is larger than the tolerance of 1e-06 specified by gpytorch.settings.cg_tolerance. If performance is affected, consider raising the maximum number of CG iterations by running code in a gpytorch.settings.max_cg_iterations(value) context.
  warnings.warn(
/mpcdf/soft/SLE_15/packages/skylake/gpytorch/gpu-cuda-11.6/pytorch-1.11.0/anaconda_3_2021.11-2021.11/1.8.0/lib/python3.9/site-packages/gpytorch/utils/linear_cg.py:321: NumericalWarning: CG terminated in 1000 iterations with average residual norm 4.2655738070607185e-06 which is larger than the tolerance of 1e-06 specified by gpytorch.settings.cg_tolerance. If performance is affected, consider raising the maximum number of CG iterations by running code in a gpytorch.settings.max_cg_iterations(value) context.
  warnings.warn(
/mpcdf/soft/SLE_15/packages/skylake/gpytorch/gpu-cuda-11.6/pytorch-1.11.0/anaconda_3_2021.11-2021.11/1.8.0/lib/python3.9/site-packages/gpytorch/utils/linear_cg.py:321: NumericalWarning: CG terminated in 1000 iterations with average residual norm 4.303446075937245e-06 which is larger than the tolerance of 1e-06 specified by gpytorch.settings.cg_tolerance. If performance is affected, consider raising the maximum number of CG iterations by running code in a gpytorch.settings.max_cg_iterations(value) context.
  warnings.warn(
/mpcdf/soft/SLE_15/packages/skylake/gpytorch/gpu-cuda-11.6/pytorch-1.11.0/anaconda_3_2021.11-2021.11/1.8.0/lib/python3.9/site-packages/gpytorch/utils/linear_cg.py:321: NumericalWarning: CG terminated in 1000 iterations with average residual norm 4.315598289394984e-06 which is larger than the tolerance of 1e-06 specified by gpytorch.settings.cg_tolerance. If performance is affected, consider raising the maximum number of CG iterations by running code in a gpytorch.settings.max_cg_iterations(value) context.
  warnings.warn(
/mpcdf/soft/SLE_15/packages/skylake/gpytorch/gpu-cuda-11.6/pytorch-1.11.0/anaconda_3_2021.11-2021.11/1.8.0/lib/python3.9/site-packages/gpytorch/utils/linear_cg.py:321: NumericalWarning: CG terminated in 1000 iterations with average residual norm 4.397866177896503e-06 which is larger than the tolerance of 1e-06 specified by gpytorch.settings.cg_tolerance. If performance is affected, consider raising the maximum number of CG iterations by running code in a gpytorch.settings.max_cg_iterations(value) context.
  warnings.warn(
/mpcdf/soft/SLE_15/packages/skylake/gpytorch/gpu-cuda-11.6/pytorch-1.11.0/anaconda_3_2021.11-2021.11/1.8.0/lib/python3.9/site-packages/gpytorch/utils/linear_cg.py:321: NumericalWarning: CG terminated in 1000 iterations with average residual norm 4.354667453299044e-06 which is larger than the tolerance of 1e-06 specified by gpytorch.settings.cg_tolerance. If performance is affected, consider raising the maximum number of CG iterations by running code in a gpytorch.settings.max_cg_iterations(value) context.
  warnings.warn(
/mpcdf/soft/SLE_15/packages/skylake/gpytorch/gpu-cuda-11.6/pytorch-1.11.0/anaconda_3_2021.11-2021.11/1.8.0/lib/python3.9/site-packages/gpytorch/utils/linear_cg.py:321: NumericalWarning: CG terminated in 1000 iterations with average residual norm 4.38094593846472e-06 which is larger than the tolerance of 1e-06 specified by gpytorch.settings.cg_tolerance. If performance is affected, consider raising the maximum number of CG iterations by running code in a gpytorch.settings.max_cg_iterations(value) context.
  warnings.warn(
/mpcdf/soft/SLE_15/packages/skylake/gpytorch/gpu-cuda-11.6/pytorch-1.11.0/anaconda_3_2021.11-2021.11/1.8.0/lib/python3.9/site-packages/gpytorch/utils/linear_cg.py:321: NumericalWarning: CG terminated in 1000 iterations with average residual norm 4.433285539562348e-06 which is larger than the tolerance of 1e-06 specified by gpytorch.settings.cg_tolerance. If performance is affected, consider raising the maximum number of CG iterations by running code in a gpytorch.settings.max_cg_iterations(value) context.
  warnings.warn(
/mpcdf/soft/SLE_15/packages/skylake/gpytorch/gpu-cuda-11.6/pytorch-1.11.0/anaconda_3_2021.11-2021.11/1.8.0/lib/python3.9/site-packages/gpytorch/utils/linear_cg.py:321: NumericalWarning: CG terminated in 1000 iterations with average residual norm 4.542591796052875e-06 which is larger than the tolerance of 1e-06 specified by gpytorch.settings.cg_tolerance. If performance is affected, consider raising the maximum number of CG iterations by running code in a gpytorch.settings.max_cg_iterations(value) context.
  warnings.warn(
/mpcdf/soft/SLE_15/packages/skylake/gpytorch/gpu-cuda-11.6/pytorch-1.11.0/anaconda_3_2021.11-2021.11/1.8.0/lib/python3.9/site-packages/gpytorch/utils/linear_cg.py:321: NumericalWarning: CG terminated in 1000 iterations with average residual norm 4.572819761961e-06 which is larger than the tolerance of 1e-06 specified by gpytorch.settings.cg_tolerance. If performance is affected, consider raising the maximum number of CG iterations by running code in a gpytorch.settings.max_cg_iterations(value) context.
  warnings.warn(
/mpcdf/soft/SLE_15/packages/skylake/gpytorch/gpu-cuda-11.6/pytorch-1.11.0/anaconda_3_2021.11-2021.11/1.8.0/lib/python3.9/site-packages/gpytorch/utils/linear_cg.py:321: NumericalWarning: CG terminated in 1000 iterations with average residual norm 4.529626494331751e-06 which is larger than the tolerance of 1e-06 specified by gpytorch.settings.cg_tolerance. If performance is affected, consider raising the maximum number of CG iterations by running code in a gpytorch.settings.max_cg_iterations(value) context.
  warnings.warn(
/mpcdf/soft/SLE_15/packages/skylake/gpytorch/gpu-cuda-11.6/pytorch-1.11.0/anaconda_3_2021.11-2021.11/1.8.0/lib/python3.9/site-packages/gpytorch/utils/linear_cg.py:321: NumericalWarning: CG terminated in 1000 iterations with average residual norm 4.566908501146827e-06 which is larger than the tolerance of 1e-06 specified by gpytorch.settings.cg_tolerance. If performance is affected, consider raising the maximum number of CG iterations by running code in a gpytorch.settings.max_cg_iterations(value) context.
  warnings.warn(
/mpcdf/soft/SLE_15/packages/skylake/gpytorch/gpu-cuda-11.6/pytorch-1.11.0/anaconda_3_2021.11-2021.11/1.8.0/lib/python3.9/site-packages/gpytorch/utils/linear_cg.py:321: NumericalWarning: CG terminated in 1000 iterations with average residual norm 4.58788645119057e-06 which is larger than the tolerance of 1e-06 specified by gpytorch.settings.cg_tolerance. If performance is affected, consider raising the maximum number of CG iterations by running code in a gpytorch.settings.max_cg_iterations(value) context.
  warnings.warn(
/mpcdf/soft/SLE_15/packages/skylake/gpytorch/gpu-cuda-11.6/pytorch-1.11.0/anaconda_3_2021.11-2021.11/1.8.0/lib/python3.9/site-packages/gpytorch/utils/linear_cg.py:321: NumericalWarning: CG terminated in 1000 iterations with average residual norm 4.759491275763139e-06 which is larger than the tolerance of 1e-06 specified by gpytorch.settings.cg_tolerance. If performance is affected, consider raising the maximum number of CG iterations by running code in a gpytorch.settings.max_cg_iterations(value) context.
  warnings.warn(
/mpcdf/soft/SLE_15/packages/skylake/gpytorch/gpu-cuda-11.6/pytorch-1.11.0/anaconda_3_2021.11-2021.11/1.8.0/lib/python3.9/site-packages/gpytorch/utils/linear_cg.py:321: NumericalWarning: CG terminated in 1000 iterations with average residual norm 4.699771125160623e-06 which is larger than the tolerance of 1e-06 specified by gpytorch.settings.cg_tolerance. If performance is affected, consider raising the maximum number of CG iterations by running code in a gpytorch.settings.max_cg_iterations(value) context.
  warnings.warn(
/mpcdf/soft/SLE_15/packages/skylake/gpytorch/gpu-cuda-11.6/pytorch-1.11.0/anaconda_3_2021.11-2021.11/1.8.0/lib/python3.9/site-packages/gpytorch/utils/linear_cg.py:321: NumericalWarning: CG terminated in 1000 iterations with average residual norm 4.665266715164762e-06 which is larger than the tolerance of 1e-06 specified by gpytorch.settings.cg_tolerance. If performance is affected, consider raising the maximum number of CG iterations by running code in a gpytorch.settings.max_cg_iterations(value) context.
  warnings.warn(
/mpcdf/soft/SLE_15/packages/skylake/gpytorch/gpu-cuda-11.6/pytorch-1.11.0/anaconda_3_2021.11-2021.11/1.8.0/lib/python3.9/site-packages/gpytorch/utils/linear_cg.py:321: NumericalWarning: CG terminated in 1000 iterations with average residual norm 4.669603185902815e-06 which is larger than the tolerance of 1e-06 specified by gpytorch.settings.cg_tolerance. If performance is affected, consider raising the maximum number of CG iterations by running code in a gpytorch.settings.max_cg_iterations(value) context.
  warnings.warn(
/mpcdf/soft/SLE_15/packages/skylake/gpytorch/gpu-cuda-11.6/pytorch-1.11.0/anaconda_3_2021.11-2021.11/1.8.0/lib/python3.9/site-packages/gpytorch/utils/linear_cg.py:321: NumericalWarning: CG terminated in 1000 iterations with average residual norm 4.717756837635534e-06 which is larger than the tolerance of 1e-06 specified by gpytorch.settings.cg_tolerance. If performance is affected, consider raising the maximum number of CG iterations by running code in a gpytorch.settings.max_cg_iterations(value) context.
  warnings.warn(
/mpcdf/soft/SLE_15/packages/skylake/gpytorch/gpu-cuda-11.6/pytorch-1.11.0/anaconda_3_2021.11-2021.11/1.8.0/lib/python3.9/site-packages/gpytorch/utils/linear_cg.py:321: NumericalWarning: CG terminated in 1000 iterations with average residual norm 4.757003353006439e-06 which is larger than the tolerance of 1e-06 specified by gpytorch.settings.cg_tolerance. If performance is affected, consider raising the maximum number of CG iterations by running code in a gpytorch.settings.max_cg_iterations(value) context.
  warnings.warn(
/mpcdf/soft/SLE_15/packages/skylake/gpytorch/gpu-cuda-11.6/pytorch-1.11.0/anaconda_3_2021.11-2021.11/1.8.0/lib/python3.9/site-packages/gpytorch/utils/linear_cg.py:321: NumericalWarning: CG terminated in 1000 iterations with average residual norm 4.773114142153645e-06 which is larger than the tolerance of 1e-06 specified by gpytorch.settings.cg_tolerance. If performance is affected, consider raising the maximum number of CG iterations by running code in a gpytorch.settings.max_cg_iterations(value) context.
  warnings.warn(
/mpcdf/soft/SLE_15/packages/skylake/gpytorch/gpu-cuda-11.6/pytorch-1.11.0/anaconda_3_2021.11-2021.11/1.8.0/lib/python3.9/site-packages/gpytorch/utils/linear_cg.py:321: NumericalWarning: CG terminated in 1000 iterations with average residual norm 4.8587216952000745e-06 which is larger than the tolerance of 1e-06 specified by gpytorch.settings.cg_tolerance. If performance is affected, consider raising the maximum number of CG iterations by running code in a gpytorch.settings.max_cg_iterations(value) context.
  warnings.warn(
/mpcdf/soft/SLE_15/packages/skylake/gpytorch/gpu-cuda-11.6/pytorch-1.11.0/anaconda_3_2021.11-2021.11/1.8.0/lib/python3.9/site-packages/gpytorch/utils/linear_cg.py:321: NumericalWarning: CG terminated in 1000 iterations with average residual norm 4.783737040270353e-06 which is larger than the tolerance of 1e-06 specified by gpytorch.settings.cg_tolerance. If performance is affected, consider raising the maximum number of CG iterations by running code in a gpytorch.settings.max_cg_iterations(value) context.
  warnings.warn(
/mpcdf/soft/SLE_15/packages/skylake/gpytorch/gpu-cuda-11.6/pytorch-1.11.0/anaconda_3_2021.11-2021.11/1.8.0/lib/python3.9/site-packages/gpytorch/utils/linear_cg.py:321: NumericalWarning: CG terminated in 1000 iterations with average residual norm 4.923692813463276e-06 which is larger than the tolerance of 1e-06 specified by gpytorch.settings.cg_tolerance. If performance is affected, consider raising the maximum number of CG iterations by running code in a gpytorch.settings.max_cg_iterations(value) context.
  warnings.warn(
/mpcdf/soft/SLE_15/packages/skylake/gpytorch/gpu-cuda-11.6/pytorch-1.11.0/anaconda_3_2021.11-2021.11/1.8.0/lib/python3.9/site-packages/gpytorch/utils/linear_cg.py:321: NumericalWarning: CG terminated in 1000 iterations with average residual norm 4.853673090110533e-06 which is larger than the tolerance of 1e-06 specified by gpytorch.settings.cg_tolerance. If performance is affected, consider raising the maximum number of CG iterations by running code in a gpytorch.settings.max_cg_iterations(value) context.
  warnings.warn(
/mpcdf/soft/SLE_15/packages/skylake/gpytorch/gpu-cuda-11.6/pytorch-1.11.0/anaconda_3_2021.11-2021.11/1.8.0/lib/python3.9/site-packages/gpytorch/utils/linear_cg.py:321: NumericalWarning: CG terminated in 1000 iterations with average residual norm 4.963693299941951e-06 which is larger than the tolerance of 1e-06 specified by gpytorch.settings.cg_tolerance. If performance is affected, consider raising the maximum number of CG iterations by running code in a gpytorch.settings.max_cg_iterations(value) context.
  warnings.warn(
/mpcdf/soft/SLE_15/packages/skylake/gpytorch/gpu-cuda-11.6/pytorch-1.11.0/anaconda_3_2021.11-2021.11/1.8.0/lib/python3.9/site-packages/gpytorch/utils/linear_cg.py:321: NumericalWarning: CG terminated in 1000 iterations with average residual norm 4.923684173263609e-06 which is larger than the tolerance of 1e-06 specified by gpytorch.settings.cg_tolerance. If performance is affected, consider raising the maximum number of CG iterations by running code in a gpytorch.settings.max_cg_iterations(value) context.
  warnings.warn(
/mpcdf/soft/SLE_15/packages/skylake/gpytorch/gpu-cuda-11.6/pytorch-1.11.0/anaconda_3_2021.11-2021.11/1.8.0/lib/python3.9/site-packages/gpytorch/utils/linear_cg.py:321: NumericalWarning: CG terminated in 1000 iterations with average residual norm 4.929610440740362e-06 which is larger than the tolerance of 1e-06 specified by gpytorch.settings.cg_tolerance. If performance is affected, consider raising the maximum number of CG iterations by running code in a gpytorch.settings.max_cg_iterations(value) context.
  warnings.warn(
/mpcdf/soft/SLE_15/packages/skylake/gpytorch/gpu-cuda-11.6/pytorch-1.11.0/anaconda_3_2021.11-2021.11/1.8.0/lib/python3.9/site-packages/gpytorch/utils/linear_cg.py:321: NumericalWarning: CG terminated in 1000 iterations with average residual norm 4.987307875126135e-06 which is larger than the tolerance of 1e-06 specified by gpytorch.settings.cg_tolerance. If performance is affected, consider raising the maximum number of CG iterations by running code in a gpytorch.settings.max_cg_iterations(value) context.
  warnings.warn(
/mpcdf/soft/SLE_15/packages/skylake/gpytorch/gpu-cuda-11.6/pytorch-1.11.0/anaconda_3_2021.11-2021.11/1.8.0/lib/python3.9/site-packages/gpytorch/utils/linear_cg.py:321: NumericalWarning: CG terminated in 1000 iterations with average residual norm 5.046990281698527e-06 which is larger than the tolerance of 1e-06 specified by gpytorch.settings.cg_tolerance. If performance is affected, consider raising the maximum number of CG iterations by running code in a gpytorch.settings.max_cg_iterations(value) context.
  warnings.warn(
/mpcdf/soft/SLE_15/packages/skylake/gpytorch/gpu-cuda-11.6/pytorch-1.11.0/anaconda_3_2021.11-2021.11/1.8.0/lib/python3.9/site-packages/gpytorch/utils/linear_cg.py:321: NumericalWarning: CG terminated in 1000 iterations with average residual norm 5.016181148675969e-06 which is larger than the tolerance of 1e-06 specified by gpytorch.settings.cg_tolerance. If performance is affected, consider raising the maximum number of CG iterations by running code in a gpytorch.settings.max_cg_iterations(value) context.
  warnings.warn(
/mpcdf/soft/SLE_15/packages/skylake/gpytorch/gpu-cuda-11.6/pytorch-1.11.0/anaconda_3_2021.11-2021.11/1.8.0/lib/python3.9/site-packages/gpytorch/utils/linear_cg.py:321: NumericalWarning: CG terminated in 1000 iterations with average residual norm 5.118581611895934e-06 which is larger than the tolerance of 1e-06 specified by gpytorch.settings.cg_tolerance. If performance is affected, consider raising the maximum number of CG iterations by running code in a gpytorch.settings.max_cg_iterations(value) context.
  warnings.warn(
/mpcdf/soft/SLE_15/packages/skylake/gpytorch/gpu-cuda-11.6/pytorch-1.11.0/anaconda_3_2021.11-2021.11/1.8.0/lib/python3.9/site-packages/gpytorch/utils/linear_cg.py:321: NumericalWarning: CG terminated in 1000 iterations with average residual norm 5.1382089623075444e-06 which is larger than the tolerance of 1e-06 specified by gpytorch.settings.cg_tolerance. If performance is affected, consider raising the maximum number of CG iterations by running code in a gpytorch.settings.max_cg_iterations(value) context.
  warnings.warn(
/mpcdf/soft/SLE_15/packages/skylake/gpytorch/gpu-cuda-11.6/pytorch-1.11.0/anaconda_3_2021.11-2021.11/1.8.0/lib/python3.9/site-packages/gpytorch/utils/linear_cg.py:321: NumericalWarning: CG terminated in 1000 iterations with average residual norm 5.106106527819065e-06 which is larger than the tolerance of 1e-06 specified by gpytorch.settings.cg_tolerance. If performance is affected, consider raising the maximum number of CG iterations by running code in a gpytorch.settings.max_cg_iterations(value) context.
  warnings.warn(
/mpcdf/soft/SLE_15/packages/skylake/gpytorch/gpu-cuda-11.6/pytorch-1.11.0/anaconda_3_2021.11-2021.11/1.8.0/lib/python3.9/site-packages/gpytorch/utils/linear_cg.py:321: NumericalWarning: CG terminated in 1000 iterations with average residual norm 5.161879016668536e-06 which is larger than the tolerance of 1e-06 specified by gpytorch.settings.cg_tolerance. If performance is affected, consider raising the maximum number of CG iterations by running code in a gpytorch.settings.max_cg_iterations(value) context.
  warnings.warn(
/mpcdf/soft/SLE_15/packages/skylake/gpytorch/gpu-cuda-11.6/pytorch-1.11.0/anaconda_3_2021.11-2021.11/1.8.0/lib/python3.9/site-packages/gpytorch/utils/linear_cg.py:321: NumericalWarning: CG terminated in 1000 iterations with average residual norm 5.25117729921476e-06 which is larger than the tolerance of 1e-06 specified by gpytorch.settings.cg_tolerance. If performance is affected, consider raising the maximum number of CG iterations by running code in a gpytorch.settings.max_cg_iterations(value) context.
  warnings.warn(
/mpcdf/soft/SLE_15/packages/skylake/gpytorch/gpu-cuda-11.6/pytorch-1.11.0/anaconda_3_2021.11-2021.11/1.8.0/lib/python3.9/site-packages/gpytorch/utils/linear_cg.py:321: NumericalWarning: CG terminated in 1000 iterations with average residual norm 5.24413417224423e-06 which is larger than the tolerance of 1e-06 specified by gpytorch.settings.cg_tolerance. If performance is affected, consider raising the maximum number of CG iterations by running code in a gpytorch.settings.max_cg_iterations(value) context.
  warnings.warn(
/mpcdf/soft/SLE_15/packages/skylake/gpytorch/gpu-cuda-11.6/pytorch-1.11.0/anaconda_3_2021.11-2021.11/1.8.0/lib/python3.9/site-packages/gpytorch/utils/linear_cg.py:321: NumericalWarning: CG terminated in 1000 iterations with average residual norm 5.275399416859727e-06 which is larger than the tolerance of 1e-06 specified by gpytorch.settings.cg_tolerance. If performance is affected, consider raising the maximum number of CG iterations by running code in a gpytorch.settings.max_cg_iterations(value) context.
  warnings.warn(
/mpcdf/soft/SLE_15/packages/skylake/gpytorch/gpu-cuda-11.6/pytorch-1.11.0/anaconda_3_2021.11-2021.11/1.8.0/lib/python3.9/site-packages/gpytorch/utils/linear_cg.py:321: NumericalWarning: CG terminated in 1000 iterations with average residual norm 5.368519396142801e-06 which is larger than the tolerance of 1e-06 specified by gpytorch.settings.cg_tolerance. If performance is affected, consider raising the maximum number of CG iterations by running code in a gpytorch.settings.max_cg_iterations(value) context.
  warnings.warn(
/mpcdf/soft/SLE_15/packages/skylake/gpytorch/gpu-cuda-11.6/pytorch-1.11.0/anaconda_3_2021.11-2021.11/1.8.0/lib/python3.9/site-packages/gpytorch/utils/linear_cg.py:321: NumericalWarning: CG terminated in 1000 iterations with average residual norm 5.474241334013641e-06 which is larger than the tolerance of 1e-06 specified by gpytorch.settings.cg_tolerance. If performance is affected, consider raising the maximum number of CG iterations by running code in a gpytorch.settings.max_cg_iterations(value) context.
  warnings.warn(
/mpcdf/soft/SLE_15/packages/skylake/gpytorch/gpu-cuda-11.6/pytorch-1.11.0/anaconda_3_2021.11-2021.11/1.8.0/lib/python3.9/site-packages/gpytorch/utils/linear_cg.py:321: NumericalWarning: CG terminated in 1000 iterations with average residual norm 5.4777756304247305e-06 which is larger than the tolerance of 1e-06 specified by gpytorch.settings.cg_tolerance. If performance is affected, consider raising the maximum number of CG iterations by running code in a gpytorch.settings.max_cg_iterations(value) context.
  warnings.warn(
/mpcdf/soft/SLE_15/packages/skylake/gpytorch/gpu-cuda-11.6/pytorch-1.11.0/anaconda_3_2021.11-2021.11/1.8.0/lib/python3.9/site-packages/gpytorch/utils/linear_cg.py:321: NumericalWarning: CG terminated in 1000 iterations with average residual norm 5.4590063882642426e-06 which is larger than the tolerance of 1e-06 specified by gpytorch.settings.cg_tolerance. If performance is affected, consider raising the maximum number of CG iterations by running code in a gpytorch.settings.max_cg_iterations(value) context.
  warnings.warn(
/mpcdf/soft/SLE_15/packages/skylake/gpytorch/gpu-cuda-11.6/pytorch-1.11.0/anaconda_3_2021.11-2021.11/1.8.0/lib/python3.9/site-packages/gpytorch/utils/linear_cg.py:321: NumericalWarning: CG terminated in 1000 iterations with average residual norm 5.5329369388346095e-06 which is larger than the tolerance of 1e-06 specified by gpytorch.settings.cg_tolerance. If performance is affected, consider raising the maximum number of CG iterations by running code in a gpytorch.settings.max_cg_iterations(value) context.
  warnings.warn(
/mpcdf/soft/SLE_15/packages/skylake/gpytorch/gpu-cuda-11.6/pytorch-1.11.0/anaconda_3_2021.11-2021.11/1.8.0/lib/python3.9/site-packages/gpytorch/utils/linear_cg.py:321: NumericalWarning: CG terminated in 1000 iterations with average residual norm 5.662098828906892e-06 which is larger than the tolerance of 1e-06 specified by gpytorch.settings.cg_tolerance. If performance is affected, consider raising the maximum number of CG iterations by running code in a gpytorch.settings.max_cg_iterations(value) context.
  warnings.warn(
/mpcdf/soft/SLE_15/packages/skylake/gpytorch/gpu-cuda-11.6/pytorch-1.11.0/anaconda_3_2021.11-2021.11/1.8.0/lib/python3.9/site-packages/gpytorch/utils/linear_cg.py:321: NumericalWarning: CG terminated in 1000 iterations with average residual norm 5.663102911057649e-06 which is larger than the tolerance of 1e-06 specified by gpytorch.settings.cg_tolerance. If performance is affected, consider raising the maximum number of CG iterations by running code in a gpytorch.settings.max_cg_iterations(value) context.
  warnings.warn(
/mpcdf/soft/SLE_15/packages/skylake/gpytorch/gpu-cuda-11.6/pytorch-1.11.0/anaconda_3_2021.11-2021.11/1.8.0/lib/python3.9/site-packages/gpytorch/utils/linear_cg.py:321: NumericalWarning: CG terminated in 1000 iterations with average residual norm 5.819302259624237e-06 which is larger than the tolerance of 1e-06 specified by gpytorch.settings.cg_tolerance. If performance is affected, consider raising the maximum number of CG iterations by running code in a gpytorch.settings.max_cg_iterations(value) context.
  warnings.warn(
/mpcdf/soft/SLE_15/packages/skylake/gpytorch/gpu-cuda-11.6/pytorch-1.11.0/anaconda_3_2021.11-2021.11/1.8.0/lib/python3.9/site-packages/gpytorch/utils/linear_cg.py:321: NumericalWarning: CG terminated in 1000 iterations with average residual norm 5.8546320360619575e-06 which is larger than the tolerance of 1e-06 specified by gpytorch.settings.cg_tolerance. If performance is affected, consider raising the maximum number of CG iterations by running code in a gpytorch.settings.max_cg_iterations(value) context.
  warnings.warn(
/mpcdf/soft/SLE_15/packages/skylake/gpytorch/gpu-cuda-11.6/pytorch-1.11.0/anaconda_3_2021.11-2021.11/1.8.0/lib/python3.9/site-packages/gpytorch/utils/linear_cg.py:321: NumericalWarning: CG terminated in 1000 iterations with average residual norm 5.952482297288952e-06 which is larger than the tolerance of 1e-06 specified by gpytorch.settings.cg_tolerance. If performance is affected, consider raising the maximum number of CG iterations by running code in a gpytorch.settings.max_cg_iterations(value) context.
  warnings.warn(
/mpcdf/soft/SLE_15/packages/skylake/gpytorch/gpu-cuda-11.6/pytorch-1.11.0/anaconda_3_2021.11-2021.11/1.8.0/lib/python3.9/site-packages/gpytorch/utils/linear_cg.py:321: NumericalWarning: CG terminated in 1000 iterations with average residual norm 6.008966010995209e-06 which is larger than the tolerance of 1e-06 specified by gpytorch.settings.cg_tolerance. If performance is affected, consider raising the maximum number of CG iterations by running code in a gpytorch.settings.max_cg_iterations(value) context.
  warnings.warn(
/mpcdf/soft/SLE_15/packages/skylake/gpytorch/gpu-cuda-11.6/pytorch-1.11.0/anaconda_3_2021.11-2021.11/1.8.0/lib/python3.9/site-packages/gpytorch/utils/linear_cg.py:321: NumericalWarning: CG terminated in 1000 iterations with average residual norm 5.928775408392539e-06 which is larger than the tolerance of 1e-06 specified by gpytorch.settings.cg_tolerance. If performance is affected, consider raising the maximum number of CG iterations by running code in a gpytorch.settings.max_cg_iterations(value) context.
  warnings.warn(
/mpcdf/soft/SLE_15/packages/skylake/gpytorch/gpu-cuda-11.6/pytorch-1.11.0/anaconda_3_2021.11-2021.11/1.8.0/lib/python3.9/site-packages/gpytorch/utils/linear_cg.py:321: NumericalWarning: CG terminated in 1000 iterations with average residual norm 6.131136160547612e-06 which is larger than the tolerance of 1e-06 specified by gpytorch.settings.cg_tolerance. If performance is affected, consider raising the maximum number of CG iterations by running code in a gpytorch.settings.max_cg_iterations(value) context.
  warnings.warn(
/mpcdf/soft/SLE_15/packages/skylake/gpytorch/gpu-cuda-11.6/pytorch-1.11.0/anaconda_3_2021.11-2021.11/1.8.0/lib/python3.9/site-packages/gpytorch/utils/linear_cg.py:321: NumericalWarning: CG terminated in 1000 iterations with average residual norm 5.731975761591457e-06 which is larger than the tolerance of 1e-06 specified by gpytorch.settings.cg_tolerance. If performance is affected, consider raising the maximum number of CG iterations by running code in a gpytorch.settings.max_cg_iterations(value) context.
  warnings.warn(
/mpcdf/soft/SLE_15/packages/skylake/gpytorch/gpu-cuda-11.6/pytorch-1.11.0/anaconda_3_2021.11-2021.11/1.8.0/lib/python3.9/site-packages/gpytorch/utils/linear_cg.py:321: NumericalWarning: CG terminated in 1000 iterations with average residual norm 5.8454875215829816e-06 which is larger than the tolerance of 1e-06 specified by gpytorch.settings.cg_tolerance. If performance is affected, consider raising the maximum number of CG iterations by running code in a gpytorch.settings.max_cg_iterations(value) context.
  warnings.warn(
/mpcdf/soft/SLE_15/packages/skylake/gpytorch/gpu-cuda-11.6/pytorch-1.11.0/anaconda_3_2021.11-2021.11/1.8.0/lib/python3.9/site-packages/gpytorch/utils/linear_cg.py:321: NumericalWarning: CG terminated in 1000 iterations with average residual norm 5.8927903410221916e-06 which is larger than the tolerance of 1e-06 specified by gpytorch.settings.cg_tolerance. If performance is affected, consider raising the maximum number of CG iterations by running code in a gpytorch.settings.max_cg_iterations(value) context.
  warnings.warn(
/mpcdf/soft/SLE_15/packages/skylake/gpytorch/gpu-cuda-11.6/pytorch-1.11.0/anaconda_3_2021.11-2021.11/1.8.0/lib/python3.9/site-packages/gpytorch/utils/linear_cg.py:321: NumericalWarning: CG terminated in 1000 iterations with average residual norm 5.921723641222343e-06 which is larger than the tolerance of 1e-06 specified by gpytorch.settings.cg_tolerance. If performance is affected, consider raising the maximum number of CG iterations by running code in a gpytorch.settings.max_cg_iterations(value) context.
  warnings.warn(
/mpcdf/soft/SLE_15/packages/skylake/gpytorch/gpu-cuda-11.6/pytorch-1.11.0/anaconda_3_2021.11-2021.11/1.8.0/lib/python3.9/site-packages/gpytorch/utils/linear_cg.py:321: NumericalWarning: CG terminated in 1000 iterations with average residual norm 6.1138644014135934e-06 which is larger than the tolerance of 1e-06 specified by gpytorch.settings.cg_tolerance. If performance is affected, consider raising the maximum number of CG iterations by running code in a gpytorch.settings.max_cg_iterations(value) context.
  warnings.warn(
/mpcdf/soft/SLE_15/packages/skylake/gpytorch/gpu-cuda-11.6/pytorch-1.11.0/anaconda_3_2021.11-2021.11/1.8.0/lib/python3.9/site-packages/gpytorch/utils/linear_cg.py:321: NumericalWarning: CG terminated in 1000 iterations with average residual norm 6.154969469207572e-06 which is larger than the tolerance of 1e-06 specified by gpytorch.settings.cg_tolerance. If performance is affected, consider raising the maximum number of CG iterations by running code in a gpytorch.settings.max_cg_iterations(value) context.
  warnings.warn(
/mpcdf/soft/SLE_15/packages/skylake/gpytorch/gpu-cuda-11.6/pytorch-1.11.0/anaconda_3_2021.11-2021.11/1.8.0/lib/python3.9/site-packages/gpytorch/utils/linear_cg.py:321: NumericalWarning: CG terminated in 1000 iterations with average residual norm 6.160644261399284e-06 which is larger than the tolerance of 1e-06 specified by gpytorch.settings.cg_tolerance. If performance is affected, consider raising the maximum number of CG iterations by running code in a gpytorch.settings.max_cg_iterations(value) context.
  warnings.warn(
/mpcdf/soft/SLE_15/packages/skylake/gpytorch/gpu-cuda-11.6/pytorch-1.11.0/anaconda_3_2021.11-2021.11/1.8.0/lib/python3.9/site-packages/gpytorch/utils/linear_cg.py:321: NumericalWarning: CG terminated in 1000 iterations with average residual norm 6.118333658378106e-06 which is larger than the tolerance of 1e-06 specified by gpytorch.settings.cg_tolerance. If performance is affected, consider raising the maximum number of CG iterations by running code in a gpytorch.settings.max_cg_iterations(value) context.
  warnings.warn(
/mpcdf/soft/SLE_15/packages/skylake/gpytorch/gpu-cuda-11.6/pytorch-1.11.0/anaconda_3_2021.11-2021.11/1.8.0/lib/python3.9/site-packages/gpytorch/utils/linear_cg.py:321: NumericalWarning: CG terminated in 1000 iterations with average residual norm 6.237625257199397e-06 which is larger than the tolerance of 1e-06 specified by gpytorch.settings.cg_tolerance. If performance is affected, consider raising the maximum number of CG iterations by running code in a gpytorch.settings.max_cg_iterations(value) context.
  warnings.warn(
/mpcdf/soft/SLE_15/packages/skylake/gpytorch/gpu-cuda-11.6/pytorch-1.11.0/anaconda_3_2021.11-2021.11/1.8.0/lib/python3.9/site-packages/gpytorch/utils/linear_cg.py:321: NumericalWarning: CG terminated in 1000 iterations with average residual norm 6.297946583799785e-06 which is larger than the tolerance of 1e-06 specified by gpytorch.settings.cg_tolerance. If performance is affected, consider raising the maximum number of CG iterations by running code in a gpytorch.settings.max_cg_iterations(value) context.
  warnings.warn(
/mpcdf/soft/SLE_15/packages/skylake/gpytorch/gpu-cuda-11.6/pytorch-1.11.0/anaconda_3_2021.11-2021.11/1.8.0/lib/python3.9/site-packages/gpytorch/utils/linear_cg.py:321: NumericalWarning: CG terminated in 1000 iterations with average residual norm 6.48728882879368e-06 which is larger than the tolerance of 1e-06 specified by gpytorch.settings.cg_tolerance. If performance is affected, consider raising the maximum number of CG iterations by running code in a gpytorch.settings.max_cg_iterations(value) context.
  warnings.warn(
/mpcdf/soft/SLE_15/packages/skylake/gpytorch/gpu-cuda-11.6/pytorch-1.11.0/anaconda_3_2021.11-2021.11/1.8.0/lib/python3.9/site-packages/gpytorch/utils/linear_cg.py:321: NumericalWarning: CG terminated in 1000 iterations with average residual norm 6.608427611354273e-06 which is larger than the tolerance of 1e-06 specified by gpytorch.settings.cg_tolerance. If performance is affected, consider raising the maximum number of CG iterations by running code in a gpytorch.settings.max_cg_iterations(value) context.
  warnings.warn(
/mpcdf/soft/SLE_15/packages/skylake/gpytorch/gpu-cuda-11.6/pytorch-1.11.0/anaconda_3_2021.11-2021.11/1.8.0/lib/python3.9/site-packages/gpytorch/utils/linear_cg.py:321: NumericalWarning: CG terminated in 1000 iterations with average residual norm 6.682413186354097e-06 which is larger than the tolerance of 1e-06 specified by gpytorch.settings.cg_tolerance. If performance is affected, consider raising the maximum number of CG iterations by running code in a gpytorch.settings.max_cg_iterations(value) context.
  warnings.warn(
/mpcdf/soft/SLE_15/packages/skylake/gpytorch/gpu-cuda-11.6/pytorch-1.11.0/anaconda_3_2021.11-2021.11/1.8.0/lib/python3.9/site-packages/gpytorch/utils/linear_cg.py:321: NumericalWarning: CG terminated in 1000 iterations with average residual norm 6.791610758227762e-06 which is larger than the tolerance of 1e-06 specified by gpytorch.settings.cg_tolerance. If performance is affected, consider raising the maximum number of CG iterations by running code in a gpytorch.settings.max_cg_iterations(value) context.
  warnings.warn(
/mpcdf/soft/SLE_15/packages/skylake/gpytorch/gpu-cuda-11.6/pytorch-1.11.0/anaconda_3_2021.11-2021.11/1.8.0/lib/python3.9/site-packages/gpytorch/utils/linear_cg.py:321: NumericalWarning: CG terminated in 1000 iterations with average residual norm 6.838171884737676e-06 which is larger than the tolerance of 1e-06 specified by gpytorch.settings.cg_tolerance. If performance is affected, consider raising the maximum number of CG iterations by running code in a gpytorch.settings.max_cg_iterations(value) context.
  warnings.warn(
/mpcdf/soft/SLE_15/packages/skylake/gpytorch/gpu-cuda-11.6/pytorch-1.11.0/anaconda_3_2021.11-2021.11/1.8.0/lib/python3.9/site-packages/gpytorch/utils/linear_cg.py:321: NumericalWarning: CG terminated in 1000 iterations with average residual norm 6.762900738976896e-06 which is larger than the tolerance of 1e-06 specified by gpytorch.settings.cg_tolerance. If performance is affected, consider raising the maximum number of CG iterations by running code in a gpytorch.settings.max_cg_iterations(value) context.
  warnings.warn(
/mpcdf/soft/SLE_15/packages/skylake/gpytorch/gpu-cuda-11.6/pytorch-1.11.0/anaconda_3_2021.11-2021.11/1.8.0/lib/python3.9/site-packages/gpytorch/utils/linear_cg.py:321: NumericalWarning: CG terminated in 1000 iterations with average residual norm 6.931695224920986e-06 which is larger than the tolerance of 1e-06 specified by gpytorch.settings.cg_tolerance. If performance is affected, consider raising the maximum number of CG iterations by running code in a gpytorch.settings.max_cg_iterations(value) context.
  warnings.warn(
/mpcdf/soft/SLE_15/packages/skylake/gpytorch/gpu-cuda-11.6/pytorch-1.11.0/anaconda_3_2021.11-2021.11/1.8.0/lib/python3.9/site-packages/gpytorch/utils/linear_cg.py:321: NumericalWarning: CG terminated in 1000 iterations with average residual norm 7.302970061573433e-06 which is larger than the tolerance of 1e-06 specified by gpytorch.settings.cg_tolerance. If performance is affected, consider raising the maximum number of CG iterations by running code in a gpytorch.settings.max_cg_iterations(value) context.
  warnings.warn(
/mpcdf/soft/SLE_15/packages/skylake/gpytorch/gpu-cuda-11.6/pytorch-1.11.0/anaconda_3_2021.11-2021.11/1.8.0/lib/python3.9/site-packages/gpytorch/utils/linear_cg.py:321: NumericalWarning: CG terminated in 1000 iterations with average residual norm 7.3044247983489186e-06 which is larger than the tolerance of 1e-06 specified by gpytorch.settings.cg_tolerance. If performance is affected, consider raising the maximum number of CG iterations by running code in a gpytorch.settings.max_cg_iterations(value) context.
  warnings.warn(
/mpcdf/soft/SLE_15/packages/skylake/gpytorch/gpu-cuda-11.6/pytorch-1.11.0/anaconda_3_2021.11-2021.11/1.8.0/lib/python3.9/site-packages/gpytorch/utils/linear_cg.py:321: NumericalWarning: CG terminated in 1000 iterations with average residual norm 7.4717672760016285e-06 which is larger than the tolerance of 1e-06 specified by gpytorch.settings.cg_tolerance. If performance is affected, consider raising the maximum number of CG iterations by running code in a gpytorch.settings.max_cg_iterations(value) context.
  warnings.warn(
/mpcdf/soft/SLE_15/packages/skylake/gpytorch/gpu-cuda-11.6/pytorch-1.11.0/anaconda_3_2021.11-2021.11/1.8.0/lib/python3.9/site-packages/gpytorch/utils/linear_cg.py:321: NumericalWarning: CG terminated in 1000 iterations with average residual norm 7.530061338911764e-06 which is larger than the tolerance of 1e-06 specified by gpytorch.settings.cg_tolerance. If performance is affected, consider raising the maximum number of CG iterations by running code in a gpytorch.settings.max_cg_iterations(value) context.
  warnings.warn(
/mpcdf/soft/SLE_15/packages/skylake/gpytorch/gpu-cuda-11.6/pytorch-1.11.0/anaconda_3_2021.11-2021.11/1.8.0/lib/python3.9/site-packages/gpytorch/utils/linear_cg.py:321: NumericalWarning: CG terminated in 1000 iterations with average residual norm 7.678728252358269e-06 which is larger than the tolerance of 1e-06 specified by gpytorch.settings.cg_tolerance. If performance is affected, consider raising the maximum number of CG iterations by running code in a gpytorch.settings.max_cg_iterations(value) context.
  warnings.warn(
/mpcdf/soft/SLE_15/packages/skylake/gpytorch/gpu-cuda-11.6/pytorch-1.11.0/anaconda_3_2021.11-2021.11/1.8.0/lib/python3.9/site-packages/gpytorch/utils/linear_cg.py:321: NumericalWarning: CG terminated in 1000 iterations with average residual norm 7.884515980549622e-06 which is larger than the tolerance of 1e-06 specified by gpytorch.settings.cg_tolerance. If performance is affected, consider raising the maximum number of CG iterations by running code in a gpytorch.settings.max_cg_iterations(value) context.
  warnings.warn(
/mpcdf/soft/SLE_15/packages/skylake/gpytorch/gpu-cuda-11.6/pytorch-1.11.0/anaconda_3_2021.11-2021.11/1.8.0/lib/python3.9/site-packages/gpytorch/utils/linear_cg.py:321: NumericalWarning: CG terminated in 1000 iterations with average residual norm 8.091538802545983e-06 which is larger than the tolerance of 1e-06 specified by gpytorch.settings.cg_tolerance. If performance is affected, consider raising the maximum number of CG iterations by running code in a gpytorch.settings.max_cg_iterations(value) context.
  warnings.warn(
/mpcdf/soft/SLE_15/packages/skylake/gpytorch/gpu-cuda-11.6/pytorch-1.11.0/anaconda_3_2021.11-2021.11/1.8.0/lib/python3.9/site-packages/gpytorch/utils/linear_cg.py:321: NumericalWarning: CG terminated in 1000 iterations with average residual norm 8.13339738670038e-06 which is larger than the tolerance of 1e-06 specified by gpytorch.settings.cg_tolerance. If performance is affected, consider raising the maximum number of CG iterations by running code in a gpytorch.settings.max_cg_iterations(value) context.
  warnings.warn(
/mpcdf/soft/SLE_15/packages/skylake/gpytorch/gpu-cuda-11.6/pytorch-1.11.0/anaconda_3_2021.11-2021.11/1.8.0/lib/python3.9/site-packages/gpytorch/utils/linear_cg.py:321: NumericalWarning: CG terminated in 1000 iterations with average residual norm 8.583077033108566e-06 which is larger than the tolerance of 1e-06 specified by gpytorch.settings.cg_tolerance. If performance is affected, consider raising the maximum number of CG iterations by running code in a gpytorch.settings.max_cg_iterations(value) context.
  warnings.warn(
/mpcdf/soft/SLE_15/packages/skylake/gpytorch/gpu-cuda-11.6/pytorch-1.11.0/anaconda_3_2021.11-2021.11/1.8.0/lib/python3.9/site-packages/gpytorch/utils/linear_cg.py:321: NumericalWarning: CG terminated in 1000 iterations with average residual norm 8.57773920870386e-06 which is larger than the tolerance of 1e-06 specified by gpytorch.settings.cg_tolerance. If performance is affected, consider raising the maximum number of CG iterations by running code in a gpytorch.settings.max_cg_iterations(value) context.
  warnings.warn(
/mpcdf/soft/SLE_15/packages/skylake/gpytorch/gpu-cuda-11.6/pytorch-1.11.0/anaconda_3_2021.11-2021.11/1.8.0/lib/python3.9/site-packages/gpytorch/utils/linear_cg.py:321: NumericalWarning: CG terminated in 1000 iterations with average residual norm 8.675043318362441e-06 which is larger than the tolerance of 1e-06 specified by gpytorch.settings.cg_tolerance. If performance is affected, consider raising the maximum number of CG iterations by running code in a gpytorch.settings.max_cg_iterations(value) context.
  warnings.warn(
/mpcdf/soft/SLE_15/packages/skylake/gpytorch/gpu-cuda-11.6/pytorch-1.11.0/anaconda_3_2021.11-2021.11/1.8.0/lib/python3.9/site-packages/gpytorch/utils/linear_cg.py:321: NumericalWarning: CG terminated in 1000 iterations with average residual norm 7.833473318896722e-06 which is larger than the tolerance of 1e-06 specified by gpytorch.settings.cg_tolerance. If performance is affected, consider raising the maximum number of CG iterations by running code in a gpytorch.settings.max_cg_iterations(value) context.
  warnings.warn(
/mpcdf/soft/SLE_15/packages/skylake/gpytorch/gpu-cuda-11.6/pytorch-1.11.0/anaconda_3_2021.11-2021.11/1.8.0/lib/python3.9/site-packages/gpytorch/utils/linear_cg.py:321: NumericalWarning: CG terminated in 1000 iterations with average residual norm 6.674199539702386e-06 which is larger than the tolerance of 1e-06 specified by gpytorch.settings.cg_tolerance. If performance is affected, consider raising the maximum number of CG iterations by running code in a gpytorch.settings.max_cg_iterations(value) context.
  warnings.warn(
/mpcdf/soft/SLE_15/packages/skylake/gpytorch/gpu-cuda-11.6/pytorch-1.11.0/anaconda_3_2021.11-2021.11/1.8.0/lib/python3.9/site-packages/gpytorch/utils/linear_cg.py:321: NumericalWarning: CG terminated in 1000 iterations with average residual norm 6.113490599091165e-06 which is larger than the tolerance of 1e-06 specified by gpytorch.settings.cg_tolerance. If performance is affected, consider raising the maximum number of CG iterations by running code in a gpytorch.settings.max_cg_iterations(value) context.
  warnings.warn(
/mpcdf/soft/SLE_15/packages/skylake/gpytorch/gpu-cuda-11.6/pytorch-1.11.0/anaconda_3_2021.11-2021.11/1.8.0/lib/python3.9/site-packages/gpytorch/utils/linear_cg.py:321: NumericalWarning: CG terminated in 1000 iterations with average residual norm 5.7228571677114815e-06 which is larger than the tolerance of 1e-06 specified by gpytorch.settings.cg_tolerance. If performance is affected, consider raising the maximum number of CG iterations by running code in a gpytorch.settings.max_cg_iterations(value) context.
  warnings.warn(
/mpcdf/soft/SLE_15/packages/skylake/gpytorch/gpu-cuda-11.6/pytorch-1.11.0/anaconda_3_2021.11-2021.11/1.8.0/lib/python3.9/site-packages/gpytorch/utils/linear_cg.py:321: NumericalWarning: CG terminated in 1000 iterations with average residual norm 5.303244506649207e-06 which is larger than the tolerance of 1e-06 specified by gpytorch.settings.cg_tolerance. If performance is affected, consider raising the maximum number of CG iterations by running code in a gpytorch.settings.max_cg_iterations(value) context.
  warnings.warn(
/mpcdf/soft/SLE_15/packages/skylake/gpytorch/gpu-cuda-11.6/pytorch-1.11.0/anaconda_3_2021.11-2021.11/1.8.0/lib/python3.9/site-packages/gpytorch/utils/linear_cg.py:321: NumericalWarning: CG terminated in 1000 iterations with average residual norm 5.066389803687343e-06 which is larger than the tolerance of 1e-06 specified by gpytorch.settings.cg_tolerance. If performance is affected, consider raising the maximum number of CG iterations by running code in a gpytorch.settings.max_cg_iterations(value) context.
  warnings.warn(
/mpcdf/soft/SLE_15/packages/skylake/gpytorch/gpu-cuda-11.6/pytorch-1.11.0/anaconda_3_2021.11-2021.11/1.8.0/lib/python3.9/site-packages/gpytorch/utils/linear_cg.py:321: NumericalWarning: CG terminated in 1000 iterations with average residual norm 5.2432524171308614e-06 which is larger than the tolerance of 1e-06 specified by gpytorch.settings.cg_tolerance. If performance is affected, consider raising the maximum number of CG iterations by running code in a gpytorch.settings.max_cg_iterations(value) context.
  warnings.warn(
/mpcdf/soft/SLE_15/packages/skylake/gpytorch/gpu-cuda-11.6/pytorch-1.11.0/anaconda_3_2021.11-2021.11/1.8.0/lib/python3.9/site-packages/gpytorch/utils/linear_cg.py:321: NumericalWarning: CG terminated in 1000 iterations with average residual norm 5.424738446890842e-06 which is larger than the tolerance of 1e-06 specified by gpytorch.settings.cg_tolerance. If performance is affected, consider raising the maximum number of CG iterations by running code in a gpytorch.settings.max_cg_iterations(value) context.
  warnings.warn(
