Loading gpytorch/gpu-cuda-11.6/pytorch-1.11.0/1.8.0
  Loading requirement: cudnn/8.4.1 pytorch/gpu-cuda-11.6/1.11.0
ERROR: Could not find a version that satisfies the requirement scipy.stats (from versions: none)
ERROR: No matching distribution found for scipy.stats
ERROR: Could not find a version that satisfies the requirement scipy.interpolate (from versions: none)
ERROR: No matching distribution found for scipy.interpolate
/mpcdf/soft/SLE_15/packages/skylake/pytorch/gpu-cuda-11.6/anaconda_3_2021.11-2021.11/1.11.0/lib/python3.9/site-packages/torch/functional.py:568: UserWarning: torch.meshgrid: in an upcoming release, it will be required to pass the indexing argument. (Triggered internally at  /home/abuild/rpmbuild/BUILD/pytorch-1.11.0/aten/src/ATen/native/TensorShape.cpp:2227.)
  return _VF.meshgrid(tensors, **kwargs)  # type: ignore[attr-defined]
/mpcdf/soft/SLE_15/packages/skylake/gpytorch/gpu-cuda-11.6/pytorch-1.11.0/anaconda_3_2021.11-2021.11/1.8.0/lib/python3.9/site-packages/gpytorch/lazy/triangular_lazy_tensor.py:136: UserWarning: torch.triangular_solve is deprecated in favor of torch.linalg.solve_triangularand will be removed in a future PyTorch release.
torch.linalg.solve_triangular has its arguments reversed and does not return a copy of one of the inputs.
X = torch.triangular_solve(B, A).solution
should be replaced with
X = torch.linalg.solve_triangular(A, B). (Triggered internally at  /home/abuild/rpmbuild/BUILD/pytorch-1.11.0/aten/src/ATen/native/BatchLinearAlgebra.cpp:1666.)
  res = torch.triangular_solve(right_tensor, self.evaluate(), upper=self.upper).solution
/raven/u/dvoss/al_pmssmwithgp/model/metrics.py:50: UserWarning: To copy construct from a tensor, it is recommended to use sourceTensor.clone().detach() or sourceTensor.clone().detach().requires_grad_(True), rather than torch.tensor(sourceTensor).
  torch.tensor(M_1_filtered, dtype=torch.float32),
/raven/u/dvoss/al_pmssmwithgp/model/metrics.py:51: UserWarning: To copy construct from a tensor, it is recommended to use sourceTensor.clone().detach() or sourceTensor.clone().detach().requires_grad_(True), rather than torch.tensor(sourceTensor).
  torch.tensor(M_2_filtered, dtype=torch.float32)
/raven/u/dvoss/al_pmssmwithgp/model/plots.py:214: UserWarning: To copy construct from a tensor, it is recommended to use sourceTensor.clone().detach() or sourceTensor.clone().detach().requires_grad_(True), rather than torch.tensor(sourceTensor).
  torch.tensor(M_1_filtered, dtype=torch.float32),
/raven/u/dvoss/al_pmssmwithgp/model/plots.py:215: UserWarning: To copy construct from a tensor, it is recommended to use sourceTensor.clone().detach() or sourceTensor.clone().detach().requires_grad_(True), rather than torch.tensor(sourceTensor).
  torch.tensor(M_2_filtered, dtype=torch.float32)
/raven/u/dvoss/al_pmssmwithgp/model/plots.py:238: RuntimeWarning: invalid value encountered in true_divide
  heatmap = heatmap/heatmap_counts
/raven/u/dvoss/al_pmssmwithgp/model/plots.py:287: UserWarning: To copy construct from a tensor, it is recommended to use sourceTensor.clone().detach() or sourceTensor.clone().detach().requires_grad_(True), rather than torch.tensor(sourceTensor).
  torch.tensor(M_1_filtered, dtype=torch.float32),
/raven/u/dvoss/al_pmssmwithgp/model/plots.py:288: UserWarning: To copy construct from a tensor, it is recommended to use sourceTensor.clone().detach() or sourceTensor.clone().detach().requires_grad_(True), rather than torch.tensor(sourceTensor).
  torch.tensor(M_2_filtered, dtype=torch.float32)
/raven/u/dvoss/al_pmssmwithgp/model/plots.py:311: RuntimeWarning: invalid value encountered in true_divide
  heatmap = heatmap/heatmap_counts
/raven/u/dvoss/al_pmssmwithgp/model/plots.py:387: RuntimeWarning: invalid value encountered in true_divide
  heatmap = heatmap/heatmap_counts
Warning: DR-bar to on-shell conversion for Mu, M1, M2 failed (reached absolute accuracy: 0.000178315 GeV),
Warning: DR-bar to on-shell conversion for Mu, M1, M2 failed (reached absolute accuracy: 0.00199418 GeV),
Warning: DR-bar to on-shell conversion for Mu, M1, M2 failed (reached absolute accuracy: 0.0191153 GeV),
/mpcdf/soft/SLE_15/packages/skylake/pytorch/gpu-cuda-11.6/anaconda_3_2021.11-2021.11/1.11.0/lib/python3.9/site-packages/torch/functional.py:568: UserWarning: torch.meshgrid: in an upcoming release, it will be required to pass the indexing argument. (Triggered internally at  /home/abuild/rpmbuild/BUILD/pytorch-1.11.0/aten/src/ATen/native/TensorShape.cpp:2227.)
  return _VF.meshgrid(tensors, **kwargs)  # type: ignore[attr-defined]
/mpcdf/soft/SLE_15/packages/skylake/gpytorch/gpu-cuda-11.6/pytorch-1.11.0/anaconda_3_2021.11-2021.11/1.8.0/lib/python3.9/site-packages/gpytorch/lazy/triangular_lazy_tensor.py:136: UserWarning: torch.triangular_solve is deprecated in favor of torch.linalg.solve_triangularand will be removed in a future PyTorch release.
torch.linalg.solve_triangular has its arguments reversed and does not return a copy of one of the inputs.
X = torch.triangular_solve(B, A).solution
should be replaced with
X = torch.linalg.solve_triangular(A, B). (Triggered internally at  /home/abuild/rpmbuild/BUILD/pytorch-1.11.0/aten/src/ATen/native/BatchLinearAlgebra.cpp:1666.)
  res = torch.triangular_solve(right_tensor, self.evaluate(), upper=self.upper).solution
/raven/u/dvoss/al_pmssmwithgp/model/metrics.py:50: UserWarning: To copy construct from a tensor, it is recommended to use sourceTensor.clone().detach() or sourceTensor.clone().detach().requires_grad_(True), rather than torch.tensor(sourceTensor).
  torch.tensor(M_1_filtered, dtype=torch.float32),
/raven/u/dvoss/al_pmssmwithgp/model/metrics.py:51: UserWarning: To copy construct from a tensor, it is recommended to use sourceTensor.clone().detach() or sourceTensor.clone().detach().requires_grad_(True), rather than torch.tensor(sourceTensor).
  torch.tensor(M_2_filtered, dtype=torch.float32)
/raven/u/dvoss/al_pmssmwithgp/model/plots.py:214: UserWarning: To copy construct from a tensor, it is recommended to use sourceTensor.clone().detach() or sourceTensor.clone().detach().requires_grad_(True), rather than torch.tensor(sourceTensor).
  torch.tensor(M_1_filtered, dtype=torch.float32),
/raven/u/dvoss/al_pmssmwithgp/model/plots.py:215: UserWarning: To copy construct from a tensor, it is recommended to use sourceTensor.clone().detach() or sourceTensor.clone().detach().requires_grad_(True), rather than torch.tensor(sourceTensor).
  torch.tensor(M_2_filtered, dtype=torch.float32)
/raven/u/dvoss/al_pmssmwithgp/model/plots.py:238: RuntimeWarning: invalid value encountered in true_divide
  heatmap = heatmap/heatmap_counts
/raven/u/dvoss/al_pmssmwithgp/model/plots.py:287: UserWarning: To copy construct from a tensor, it is recommended to use sourceTensor.clone().detach() or sourceTensor.clone().detach().requires_grad_(True), rather than torch.tensor(sourceTensor).
  torch.tensor(M_1_filtered, dtype=torch.float32),
/raven/u/dvoss/al_pmssmwithgp/model/plots.py:288: UserWarning: To copy construct from a tensor, it is recommended to use sourceTensor.clone().detach() or sourceTensor.clone().detach().requires_grad_(True), rather than torch.tensor(sourceTensor).
  torch.tensor(M_2_filtered, dtype=torch.float32)
/raven/u/dvoss/al_pmssmwithgp/model/plots.py:311: RuntimeWarning: invalid value encountered in true_divide
  heatmap = heatmap/heatmap_counts
/raven/u/dvoss/al_pmssmwithgp/model/plots.py:387: RuntimeWarning: invalid value encountered in true_divide
  heatmap = heatmap/heatmap_counts
Warning: DR-bar to on-shell conversion for Mu, M1, M2 failed (reached absolute accuracy: 0.000178315 GeV),
Warning: DR-bar to on-shell conversion for Mu, M1, M2 failed (reached absolute accuracy: 0.00199418 GeV),
Warning: DR-bar to on-shell conversion for Mu, M1, M2 failed (reached absolute accuracy: 0.0191153 GeV),
/mpcdf/soft/SLE_15/packages/skylake/pytorch/gpu-cuda-11.6/anaconda_3_2021.11-2021.11/1.11.0/lib/python3.9/site-packages/torch/functional.py:568: UserWarning: torch.meshgrid: in an upcoming release, it will be required to pass the indexing argument. (Triggered internally at  /home/abuild/rpmbuild/BUILD/pytorch-1.11.0/aten/src/ATen/native/TensorShape.cpp:2227.)
  return _VF.meshgrid(tensors, **kwargs)  # type: ignore[attr-defined]
/mpcdf/soft/SLE_15/packages/skylake/gpytorch/gpu-cuda-11.6/pytorch-1.11.0/anaconda_3_2021.11-2021.11/1.8.0/lib/python3.9/site-packages/gpytorch/lazy/triangular_lazy_tensor.py:136: UserWarning: torch.triangular_solve is deprecated in favor of torch.linalg.solve_triangularand will be removed in a future PyTorch release.
torch.linalg.solve_triangular has its arguments reversed and does not return a copy of one of the inputs.
X = torch.triangular_solve(B, A).solution
should be replaced with
X = torch.linalg.solve_triangular(A, B). (Triggered internally at  /home/abuild/rpmbuild/BUILD/pytorch-1.11.0/aten/src/ATen/native/BatchLinearAlgebra.cpp:1666.)
  res = torch.triangular_solve(right_tensor, self.evaluate(), upper=self.upper).solution
/raven/u/dvoss/al_pmssmwithgp/model/metrics.py:50: UserWarning: To copy construct from a tensor, it is recommended to use sourceTensor.clone().detach() or sourceTensor.clone().detach().requires_grad_(True), rather than torch.tensor(sourceTensor).
  torch.tensor(M_1_filtered, dtype=torch.float32),
/raven/u/dvoss/al_pmssmwithgp/model/metrics.py:51: UserWarning: To copy construct from a tensor, it is recommended to use sourceTensor.clone().detach() or sourceTensor.clone().detach().requires_grad_(True), rather than torch.tensor(sourceTensor).
  torch.tensor(M_2_filtered, dtype=torch.float32)
/raven/u/dvoss/al_pmssmwithgp/model/plots.py:214: UserWarning: To copy construct from a tensor, it is recommended to use sourceTensor.clone().detach() or sourceTensor.clone().detach().requires_grad_(True), rather than torch.tensor(sourceTensor).
  torch.tensor(M_1_filtered, dtype=torch.float32),
/raven/u/dvoss/al_pmssmwithgp/model/plots.py:215: UserWarning: To copy construct from a tensor, it is recommended to use sourceTensor.clone().detach() or sourceTensor.clone().detach().requires_grad_(True), rather than torch.tensor(sourceTensor).
  torch.tensor(M_2_filtered, dtype=torch.float32)
/raven/u/dvoss/al_pmssmwithgp/model/plots.py:238: RuntimeWarning: invalid value encountered in true_divide
  heatmap = heatmap/heatmap_counts
/raven/u/dvoss/al_pmssmwithgp/model/plots.py:287: UserWarning: To copy construct from a tensor, it is recommended to use sourceTensor.clone().detach() or sourceTensor.clone().detach().requires_grad_(True), rather than torch.tensor(sourceTensor).
  torch.tensor(M_1_filtered, dtype=torch.float32),
/raven/u/dvoss/al_pmssmwithgp/model/plots.py:288: UserWarning: To copy construct from a tensor, it is recommended to use sourceTensor.clone().detach() or sourceTensor.clone().detach().requires_grad_(True), rather than torch.tensor(sourceTensor).
  torch.tensor(M_2_filtered, dtype=torch.float32)
/raven/u/dvoss/al_pmssmwithgp/model/plots.py:311: RuntimeWarning: invalid value encountered in true_divide
  heatmap = heatmap/heatmap_counts
/raven/u/dvoss/al_pmssmwithgp/model/plots.py:387: RuntimeWarning: invalid value encountered in true_divide
  heatmap = heatmap/heatmap_counts
Warning: DR-bar to on-shell conversion for Mu, M1, M2 failed (reached absolute accuracy: 0.000178315 GeV),
Warning: DR-bar to on-shell conversion for Mu, M1, M2 failed (reached absolute accuracy: 0.00199418 GeV),
Warning: DR-bar to on-shell conversion for Mu, M1, M2 failed (reached absolute accuracy: 0.0191153 GeV),
/mpcdf/soft/SLE_15/packages/skylake/pytorch/gpu-cuda-11.6/anaconda_3_2021.11-2021.11/1.11.0/lib/python3.9/site-packages/torch/functional.py:568: UserWarning: torch.meshgrid: in an upcoming release, it will be required to pass the indexing argument. (Triggered internally at  /home/abuild/rpmbuild/BUILD/pytorch-1.11.0/aten/src/ATen/native/TensorShape.cpp:2227.)
  return _VF.meshgrid(tensors, **kwargs)  # type: ignore[attr-defined]
/mpcdf/soft/SLE_15/packages/skylake/gpytorch/gpu-cuda-11.6/pytorch-1.11.0/anaconda_3_2021.11-2021.11/1.8.0/lib/python3.9/site-packages/gpytorch/lazy/triangular_lazy_tensor.py:136: UserWarning: torch.triangular_solve is deprecated in favor of torch.linalg.solve_triangularand will be removed in a future PyTorch release.
torch.linalg.solve_triangular has its arguments reversed and does not return a copy of one of the inputs.
X = torch.triangular_solve(B, A).solution
should be replaced with
X = torch.linalg.solve_triangular(A, B). (Triggered internally at  /home/abuild/rpmbuild/BUILD/pytorch-1.11.0/aten/src/ATen/native/BatchLinearAlgebra.cpp:1666.)
  res = torch.triangular_solve(right_tensor, self.evaluate(), upper=self.upper).solution
/raven/u/dvoss/al_pmssmwithgp/model/metrics.py:50: UserWarning: To copy construct from a tensor, it is recommended to use sourceTensor.clone().detach() or sourceTensor.clone().detach().requires_grad_(True), rather than torch.tensor(sourceTensor).
  torch.tensor(M_1_filtered, dtype=torch.float32),
/raven/u/dvoss/al_pmssmwithgp/model/metrics.py:51: UserWarning: To copy construct from a tensor, it is recommended to use sourceTensor.clone().detach() or sourceTensor.clone().detach().requires_grad_(True), rather than torch.tensor(sourceTensor).
  torch.tensor(M_2_filtered, dtype=torch.float32)
/raven/u/dvoss/al_pmssmwithgp/model/plots.py:214: UserWarning: To copy construct from a tensor, it is recommended to use sourceTensor.clone().detach() or sourceTensor.clone().detach().requires_grad_(True), rather than torch.tensor(sourceTensor).
  torch.tensor(M_1_filtered, dtype=torch.float32),
/raven/u/dvoss/al_pmssmwithgp/model/plots.py:215: UserWarning: To copy construct from a tensor, it is recommended to use sourceTensor.clone().detach() or sourceTensor.clone().detach().requires_grad_(True), rather than torch.tensor(sourceTensor).
  torch.tensor(M_2_filtered, dtype=torch.float32)
/raven/u/dvoss/al_pmssmwithgp/model/plots.py:238: RuntimeWarning: invalid value encountered in true_divide
  heatmap = heatmap/heatmap_counts
/raven/u/dvoss/al_pmssmwithgp/model/plots.py:287: UserWarning: To copy construct from a tensor, it is recommended to use sourceTensor.clone().detach() or sourceTensor.clone().detach().requires_grad_(True), rather than torch.tensor(sourceTensor).
  torch.tensor(M_1_filtered, dtype=torch.float32),
/raven/u/dvoss/al_pmssmwithgp/model/plots.py:288: UserWarning: To copy construct from a tensor, it is recommended to use sourceTensor.clone().detach() or sourceTensor.clone().detach().requires_grad_(True), rather than torch.tensor(sourceTensor).
  torch.tensor(M_2_filtered, dtype=torch.float32)
/raven/u/dvoss/al_pmssmwithgp/model/plots.py:311: RuntimeWarning: invalid value encountered in true_divide
  heatmap = heatmap/heatmap_counts
/raven/u/dvoss/al_pmssmwithgp/model/plots.py:387: RuntimeWarning: invalid value encountered in true_divide
  heatmap = heatmap/heatmap_counts
Warning: DR-bar to on-shell conversion for Mu, M1, M2 failed (reached absolute accuracy: 0.000178315 GeV),
Warning: DR-bar to on-shell conversion for Mu, M1, M2 failed (reached absolute accuracy: 0.00199418 GeV),
Warning: DR-bar to on-shell conversion for Mu, M1, M2 failed (reached absolute accuracy: 0.0191153 GeV),
/mpcdf/soft/SLE_15/packages/skylake/pytorch/gpu-cuda-11.6/anaconda_3_2021.11-2021.11/1.11.0/lib/python3.9/site-packages/torch/functional.py:568: UserWarning: torch.meshgrid: in an upcoming release, it will be required to pass the indexing argument. (Triggered internally at  /home/abuild/rpmbuild/BUILD/pytorch-1.11.0/aten/src/ATen/native/TensorShape.cpp:2227.)
  return _VF.meshgrid(tensors, **kwargs)  # type: ignore[attr-defined]
/mpcdf/soft/SLE_15/packages/skylake/gpytorch/gpu-cuda-11.6/pytorch-1.11.0/anaconda_3_2021.11-2021.11/1.8.0/lib/python3.9/site-packages/gpytorch/lazy/triangular_lazy_tensor.py:136: UserWarning: torch.triangular_solve is deprecated in favor of torch.linalg.solve_triangularand will be removed in a future PyTorch release.
torch.linalg.solve_triangular has its arguments reversed and does not return a copy of one of the inputs.
X = torch.triangular_solve(B, A).solution
should be replaced with
X = torch.linalg.solve_triangular(A, B). (Triggered internally at  /home/abuild/rpmbuild/BUILD/pytorch-1.11.0/aten/src/ATen/native/BatchLinearAlgebra.cpp:1666.)
  res = torch.triangular_solve(right_tensor, self.evaluate(), upper=self.upper).solution
/raven/u/dvoss/al_pmssmwithgp/model/metrics.py:50: UserWarning: To copy construct from a tensor, it is recommended to use sourceTensor.clone().detach() or sourceTensor.clone().detach().requires_grad_(True), rather than torch.tensor(sourceTensor).
  torch.tensor(M_1_filtered, dtype=torch.float32),
/raven/u/dvoss/al_pmssmwithgp/model/metrics.py:51: UserWarning: To copy construct from a tensor, it is recommended to use sourceTensor.clone().detach() or sourceTensor.clone().detach().requires_grad_(True), rather than torch.tensor(sourceTensor).
  torch.tensor(M_2_filtered, dtype=torch.float32)
/raven/u/dvoss/al_pmssmwithgp/model/plots.py:214: UserWarning: To copy construct from a tensor, it is recommended to use sourceTensor.clone().detach() or sourceTensor.clone().detach().requires_grad_(True), rather than torch.tensor(sourceTensor).
  torch.tensor(M_1_filtered, dtype=torch.float32),
/raven/u/dvoss/al_pmssmwithgp/model/plots.py:215: UserWarning: To copy construct from a tensor, it is recommended to use sourceTensor.clone().detach() or sourceTensor.clone().detach().requires_grad_(True), rather than torch.tensor(sourceTensor).
  torch.tensor(M_2_filtered, dtype=torch.float32)
/raven/u/dvoss/al_pmssmwithgp/model/plots.py:238: RuntimeWarning: invalid value encountered in true_divide
  heatmap = heatmap/heatmap_counts
/raven/u/dvoss/al_pmssmwithgp/model/plots.py:287: UserWarning: To copy construct from a tensor, it is recommended to use sourceTensor.clone().detach() or sourceTensor.clone().detach().requires_grad_(True), rather than torch.tensor(sourceTensor).
  torch.tensor(M_1_filtered, dtype=torch.float32),
/raven/u/dvoss/al_pmssmwithgp/model/plots.py:288: UserWarning: To copy construct from a tensor, it is recommended to use sourceTensor.clone().detach() or sourceTensor.clone().detach().requires_grad_(True), rather than torch.tensor(sourceTensor).
  torch.tensor(M_2_filtered, dtype=torch.float32)
/raven/u/dvoss/al_pmssmwithgp/model/plots.py:311: RuntimeWarning: invalid value encountered in true_divide
  heatmap = heatmap/heatmap_counts
/raven/u/dvoss/al_pmssmwithgp/model/plots.py:387: RuntimeWarning: invalid value encountered in true_divide
  heatmap = heatmap/heatmap_counts
Warning: DR-bar to on-shell conversion for Mu, M1, M2 failed (reached absolute accuracy: 0.000178315 GeV),
Warning: DR-bar to on-shell conversion for Mu, M1, M2 failed (reached absolute accuracy: 0.00199418 GeV),
Warning: DR-bar to on-shell conversion for Mu, M1, M2 failed (reached absolute accuracy: 0.0191153 GeV),
/mpcdf/soft/SLE_15/packages/skylake/pytorch/gpu-cuda-11.6/anaconda_3_2021.11-2021.11/1.11.0/lib/python3.9/site-packages/torch/functional.py:568: UserWarning: torch.meshgrid: in an upcoming release, it will be required to pass the indexing argument. (Triggered internally at  /home/abuild/rpmbuild/BUILD/pytorch-1.11.0/aten/src/ATen/native/TensorShape.cpp:2227.)
  return _VF.meshgrid(tensors, **kwargs)  # type: ignore[attr-defined]
/mpcdf/soft/SLE_15/packages/skylake/gpytorch/gpu-cuda-11.6/pytorch-1.11.0/anaconda_3_2021.11-2021.11/1.8.0/lib/python3.9/site-packages/gpytorch/lazy/triangular_lazy_tensor.py:136: UserWarning: torch.triangular_solve is deprecated in favor of torch.linalg.solve_triangularand will be removed in a future PyTorch release.
torch.linalg.solve_triangular has its arguments reversed and does not return a copy of one of the inputs.
X = torch.triangular_solve(B, A).solution
should be replaced with
X = torch.linalg.solve_triangular(A, B). (Triggered internally at  /home/abuild/rpmbuild/BUILD/pytorch-1.11.0/aten/src/ATen/native/BatchLinearAlgebra.cpp:1666.)
  res = torch.triangular_solve(right_tensor, self.evaluate(), upper=self.upper).solution
/raven/u/dvoss/al_pmssmwithgp/model/metrics.py:50: UserWarning: To copy construct from a tensor, it is recommended to use sourceTensor.clone().detach() or sourceTensor.clone().detach().requires_grad_(True), rather than torch.tensor(sourceTensor).
  torch.tensor(M_1_filtered, dtype=torch.float32),
/raven/u/dvoss/al_pmssmwithgp/model/metrics.py:51: UserWarning: To copy construct from a tensor, it is recommended to use sourceTensor.clone().detach() or sourceTensor.clone().detach().requires_grad_(True), rather than torch.tensor(sourceTensor).
  torch.tensor(M_2_filtered, dtype=torch.float32)
/raven/u/dvoss/al_pmssmwithgp/model/plots.py:214: UserWarning: To copy construct from a tensor, it is recommended to use sourceTensor.clone().detach() or sourceTensor.clone().detach().requires_grad_(True), rather than torch.tensor(sourceTensor).
  torch.tensor(M_1_filtered, dtype=torch.float32),
/raven/u/dvoss/al_pmssmwithgp/model/plots.py:215: UserWarning: To copy construct from a tensor, it is recommended to use sourceTensor.clone().detach() or sourceTensor.clone().detach().requires_grad_(True), rather than torch.tensor(sourceTensor).
  torch.tensor(M_2_filtered, dtype=torch.float32)
/raven/u/dvoss/al_pmssmwithgp/model/plots.py:238: RuntimeWarning: invalid value encountered in true_divide
  heatmap = heatmap/heatmap_counts
/raven/u/dvoss/al_pmssmwithgp/model/plots.py:287: UserWarning: To copy construct from a tensor, it is recommended to use sourceTensor.clone().detach() or sourceTensor.clone().detach().requires_grad_(True), rather than torch.tensor(sourceTensor).
  torch.tensor(M_1_filtered, dtype=torch.float32),
/raven/u/dvoss/al_pmssmwithgp/model/plots.py:288: UserWarning: To copy construct from a tensor, it is recommended to use sourceTensor.clone().detach() or sourceTensor.clone().detach().requires_grad_(True), rather than torch.tensor(sourceTensor).
  torch.tensor(M_2_filtered, dtype=torch.float32)
/raven/u/dvoss/al_pmssmwithgp/model/plots.py:311: RuntimeWarning: invalid value encountered in true_divide
  heatmap = heatmap/heatmap_counts
/raven/u/dvoss/al_pmssmwithgp/model/plots.py:387: RuntimeWarning: invalid value encountered in true_divide
  heatmap = heatmap/heatmap_counts
Warning: DR-bar to on-shell conversion for Mu, M1, M2 failed (reached absolute accuracy: 0.000178315 GeV),
Warning: DR-bar to on-shell conversion for Mu, M1, M2 failed (reached absolute accuracy: 0.00199418 GeV),
Warning: DR-bar to on-shell conversion for Mu, M1, M2 failed (reached absolute accuracy: 0.0191153 GeV),
/mpcdf/soft/SLE_15/packages/skylake/pytorch/gpu-cuda-11.6/anaconda_3_2021.11-2021.11/1.11.0/lib/python3.9/site-packages/torch/functional.py:568: UserWarning: torch.meshgrid: in an upcoming release, it will be required to pass the indexing argument. (Triggered internally at  /home/abuild/rpmbuild/BUILD/pytorch-1.11.0/aten/src/ATen/native/TensorShape.cpp:2227.)
  return _VF.meshgrid(tensors, **kwargs)  # type: ignore[attr-defined]
/mpcdf/soft/SLE_15/packages/skylake/gpytorch/gpu-cuda-11.6/pytorch-1.11.0/anaconda_3_2021.11-2021.11/1.8.0/lib/python3.9/site-packages/gpytorch/lazy/triangular_lazy_tensor.py:136: UserWarning: torch.triangular_solve is deprecated in favor of torch.linalg.solve_triangularand will be removed in a future PyTorch release.
torch.linalg.solve_triangular has its arguments reversed and does not return a copy of one of the inputs.
X = torch.triangular_solve(B, A).solution
should be replaced with
X = torch.linalg.solve_triangular(A, B). (Triggered internally at  /home/abuild/rpmbuild/BUILD/pytorch-1.11.0/aten/src/ATen/native/BatchLinearAlgebra.cpp:1666.)
  res = torch.triangular_solve(right_tensor, self.evaluate(), upper=self.upper).solution
/raven/u/dvoss/al_pmssmwithgp/model/metrics.py:50: UserWarning: To copy construct from a tensor, it is recommended to use sourceTensor.clone().detach() or sourceTensor.clone().detach().requires_grad_(True), rather than torch.tensor(sourceTensor).
  torch.tensor(M_1_filtered, dtype=torch.float32),
/raven/u/dvoss/al_pmssmwithgp/model/metrics.py:51: UserWarning: To copy construct from a tensor, it is recommended to use sourceTensor.clone().detach() or sourceTensor.clone().detach().requires_grad_(True), rather than torch.tensor(sourceTensor).
  torch.tensor(M_2_filtered, dtype=torch.float32)
/raven/u/dvoss/al_pmssmwithgp/model/plots.py:214: UserWarning: To copy construct from a tensor, it is recommended to use sourceTensor.clone().detach() or sourceTensor.clone().detach().requires_grad_(True), rather than torch.tensor(sourceTensor).
  torch.tensor(M_1_filtered, dtype=torch.float32),
/raven/u/dvoss/al_pmssmwithgp/model/plots.py:215: UserWarning: To copy construct from a tensor, it is recommended to use sourceTensor.clone().detach() or sourceTensor.clone().detach().requires_grad_(True), rather than torch.tensor(sourceTensor).
  torch.tensor(M_2_filtered, dtype=torch.float32)
/raven/u/dvoss/al_pmssmwithgp/model/plots.py:238: RuntimeWarning: invalid value encountered in true_divide
  heatmap = heatmap/heatmap_counts
/raven/u/dvoss/al_pmssmwithgp/model/plots.py:287: UserWarning: To copy construct from a tensor, it is recommended to use sourceTensor.clone().detach() or sourceTensor.clone().detach().requires_grad_(True), rather than torch.tensor(sourceTensor).
  torch.tensor(M_1_filtered, dtype=torch.float32),
/raven/u/dvoss/al_pmssmwithgp/model/plots.py:288: UserWarning: To copy construct from a tensor, it is recommended to use sourceTensor.clone().detach() or sourceTensor.clone().detach().requires_grad_(True), rather than torch.tensor(sourceTensor).
  torch.tensor(M_2_filtered, dtype=torch.float32)
/raven/u/dvoss/al_pmssmwithgp/model/plots.py:311: RuntimeWarning: invalid value encountered in true_divide
  heatmap = heatmap/heatmap_counts
/raven/u/dvoss/al_pmssmwithgp/model/plots.py:387: RuntimeWarning: invalid value encountered in true_divide
  heatmap = heatmap/heatmap_counts
Warning: DR-bar to on-shell conversion for Mu, M1, M2 failed (reached absolute accuracy: 0.000178315 GeV),
Warning: DR-bar to on-shell conversion for Mu, M1, M2 failed (reached absolute accuracy: 0.00199418 GeV),
Warning: DR-bar to on-shell conversion for Mu, M1, M2 failed (reached absolute accuracy: 0.0191153 GeV),
/mpcdf/soft/SLE_15/packages/skylake/pytorch/gpu-cuda-11.6/anaconda_3_2021.11-2021.11/1.11.0/lib/python3.9/site-packages/torch/functional.py:568: UserWarning: torch.meshgrid: in an upcoming release, it will be required to pass the indexing argument. (Triggered internally at  /home/abuild/rpmbuild/BUILD/pytorch-1.11.0/aten/src/ATen/native/TensorShape.cpp:2227.)
  return _VF.meshgrid(tensors, **kwargs)  # type: ignore[attr-defined]
/mpcdf/soft/SLE_15/packages/skylake/gpytorch/gpu-cuda-11.6/pytorch-1.11.0/anaconda_3_2021.11-2021.11/1.8.0/lib/python3.9/site-packages/gpytorch/lazy/triangular_lazy_tensor.py:136: UserWarning: torch.triangular_solve is deprecated in favor of torch.linalg.solve_triangularand will be removed in a future PyTorch release.
torch.linalg.solve_triangular has its arguments reversed and does not return a copy of one of the inputs.
X = torch.triangular_solve(B, A).solution
should be replaced with
X = torch.linalg.solve_triangular(A, B). (Triggered internally at  /home/abuild/rpmbuild/BUILD/pytorch-1.11.0/aten/src/ATen/native/BatchLinearAlgebra.cpp:1666.)
  res = torch.triangular_solve(right_tensor, self.evaluate(), upper=self.upper).solution
/raven/u/dvoss/al_pmssmwithgp/model/metrics.py:50: UserWarning: To copy construct from a tensor, it is recommended to use sourceTensor.clone().detach() or sourceTensor.clone().detach().requires_grad_(True), rather than torch.tensor(sourceTensor).
  torch.tensor(M_1_filtered, dtype=torch.float32),
/raven/u/dvoss/al_pmssmwithgp/model/metrics.py:51: UserWarning: To copy construct from a tensor, it is recommended to use sourceTensor.clone().detach() or sourceTensor.clone().detach().requires_grad_(True), rather than torch.tensor(sourceTensor).
  torch.tensor(M_2_filtered, dtype=torch.float32)
/raven/u/dvoss/al_pmssmwithgp/model/plots.py:214: UserWarning: To copy construct from a tensor, it is recommended to use sourceTensor.clone().detach() or sourceTensor.clone().detach().requires_grad_(True), rather than torch.tensor(sourceTensor).
  torch.tensor(M_1_filtered, dtype=torch.float32),
/raven/u/dvoss/al_pmssmwithgp/model/plots.py:215: UserWarning: To copy construct from a tensor, it is recommended to use sourceTensor.clone().detach() or sourceTensor.clone().detach().requires_grad_(True), rather than torch.tensor(sourceTensor).
  torch.tensor(M_2_filtered, dtype=torch.float32)
/raven/u/dvoss/al_pmssmwithgp/model/plots.py:238: RuntimeWarning: invalid value encountered in true_divide
  heatmap = heatmap/heatmap_counts
/raven/u/dvoss/al_pmssmwithgp/model/plots.py:287: UserWarning: To copy construct from a tensor, it is recommended to use sourceTensor.clone().detach() or sourceTensor.clone().detach().requires_grad_(True), rather than torch.tensor(sourceTensor).
  torch.tensor(M_1_filtered, dtype=torch.float32),
/raven/u/dvoss/al_pmssmwithgp/model/plots.py:288: UserWarning: To copy construct from a tensor, it is recommended to use sourceTensor.clone().detach() or sourceTensor.clone().detach().requires_grad_(True), rather than torch.tensor(sourceTensor).
  torch.tensor(M_2_filtered, dtype=torch.float32)
/raven/u/dvoss/al_pmssmwithgp/model/plots.py:311: RuntimeWarning: invalid value encountered in true_divide
  heatmap = heatmap/heatmap_counts
/raven/u/dvoss/al_pmssmwithgp/model/plots.py:387: RuntimeWarning: invalid value encountered in true_divide
  heatmap = heatmap/heatmap_counts
Warning: DR-bar to on-shell conversion for Mu, M1, M2 failed (reached absolute accuracy: 0.000178315 GeV),
Warning: DR-bar to on-shell conversion for Mu, M1, M2 failed (reached absolute accuracy: 0.00199418 GeV),
Warning: DR-bar to on-shell conversion for Mu, M1, M2 failed (reached absolute accuracy: 0.0191153 GeV),
/mpcdf/soft/SLE_15/packages/skylake/pytorch/gpu-cuda-11.6/anaconda_3_2021.11-2021.11/1.11.0/lib/python3.9/site-packages/torch/functional.py:568: UserWarning: torch.meshgrid: in an upcoming release, it will be required to pass the indexing argument. (Triggered internally at  /home/abuild/rpmbuild/BUILD/pytorch-1.11.0/aten/src/ATen/native/TensorShape.cpp:2227.)
  return _VF.meshgrid(tensors, **kwargs)  # type: ignore[attr-defined]
/mpcdf/soft/SLE_15/packages/skylake/gpytorch/gpu-cuda-11.6/pytorch-1.11.0/anaconda_3_2021.11-2021.11/1.8.0/lib/python3.9/site-packages/gpytorch/lazy/triangular_lazy_tensor.py:136: UserWarning: torch.triangular_solve is deprecated in favor of torch.linalg.solve_triangularand will be removed in a future PyTorch release.
torch.linalg.solve_triangular has its arguments reversed and does not return a copy of one of the inputs.
X = torch.triangular_solve(B, A).solution
should be replaced with
X = torch.linalg.solve_triangular(A, B). (Triggered internally at  /home/abuild/rpmbuild/BUILD/pytorch-1.11.0/aten/src/ATen/native/BatchLinearAlgebra.cpp:1666.)
  res = torch.triangular_solve(right_tensor, self.evaluate(), upper=self.upper).solution
/raven/u/dvoss/al_pmssmwithgp/model/metrics.py:50: UserWarning: To copy construct from a tensor, it is recommended to use sourceTensor.clone().detach() or sourceTensor.clone().detach().requires_grad_(True), rather than torch.tensor(sourceTensor).
  torch.tensor(M_1_filtered, dtype=torch.float32),
/raven/u/dvoss/al_pmssmwithgp/model/metrics.py:51: UserWarning: To copy construct from a tensor, it is recommended to use sourceTensor.clone().detach() or sourceTensor.clone().detach().requires_grad_(True), rather than torch.tensor(sourceTensor).
  torch.tensor(M_2_filtered, dtype=torch.float32)
/raven/u/dvoss/al_pmssmwithgp/model/plots.py:214: UserWarning: To copy construct from a tensor, it is recommended to use sourceTensor.clone().detach() or sourceTensor.clone().detach().requires_grad_(True), rather than torch.tensor(sourceTensor).
  torch.tensor(M_1_filtered, dtype=torch.float32),
/raven/u/dvoss/al_pmssmwithgp/model/plots.py:215: UserWarning: To copy construct from a tensor, it is recommended to use sourceTensor.clone().detach() or sourceTensor.clone().detach().requires_grad_(True), rather than torch.tensor(sourceTensor).
  torch.tensor(M_2_filtered, dtype=torch.float32)
/raven/u/dvoss/al_pmssmwithgp/model/plots.py:238: RuntimeWarning: invalid value encountered in true_divide
  heatmap = heatmap/heatmap_counts
/raven/u/dvoss/al_pmssmwithgp/model/plots.py:287: UserWarning: To copy construct from a tensor, it is recommended to use sourceTensor.clone().detach() or sourceTensor.clone().detach().requires_grad_(True), rather than torch.tensor(sourceTensor).
  torch.tensor(M_1_filtered, dtype=torch.float32),
/raven/u/dvoss/al_pmssmwithgp/model/plots.py:288: UserWarning: To copy construct from a tensor, it is recommended to use sourceTensor.clone().detach() or sourceTensor.clone().detach().requires_grad_(True), rather than torch.tensor(sourceTensor).
  torch.tensor(M_2_filtered, dtype=torch.float32)
/raven/u/dvoss/al_pmssmwithgp/model/plots.py:311: RuntimeWarning: invalid value encountered in true_divide
  heatmap = heatmap/heatmap_counts
/raven/u/dvoss/al_pmssmwithgp/model/plots.py:387: RuntimeWarning: invalid value encountered in true_divide
  heatmap = heatmap/heatmap_counts
Warning: DR-bar to on-shell conversion for Mu, M1, M2 failed (reached absolute accuracy: 0.000178315 GeV),
Warning: DR-bar to on-shell conversion for Mu, M1, M2 failed (reached absolute accuracy: 0.00199418 GeV),
Warning: DR-bar to on-shell conversion for Mu, M1, M2 failed (reached absolute accuracy: 0.0191153 GeV),
/mpcdf/soft/SLE_15/packages/skylake/pytorch/gpu-cuda-11.6/anaconda_3_2021.11-2021.11/1.11.0/lib/python3.9/site-packages/torch/functional.py:568: UserWarning: torch.meshgrid: in an upcoming release, it will be required to pass the indexing argument. (Triggered internally at  /home/abuild/rpmbuild/BUILD/pytorch-1.11.0/aten/src/ATen/native/TensorShape.cpp:2227.)
  return _VF.meshgrid(tensors, **kwargs)  # type: ignore[attr-defined]
/mpcdf/soft/SLE_15/packages/skylake/gpytorch/gpu-cuda-11.6/pytorch-1.11.0/anaconda_3_2021.11-2021.11/1.8.0/lib/python3.9/site-packages/gpytorch/lazy/triangular_lazy_tensor.py:136: UserWarning: torch.triangular_solve is deprecated in favor of torch.linalg.solve_triangularand will be removed in a future PyTorch release.
torch.linalg.solve_triangular has its arguments reversed and does not return a copy of one of the inputs.
X = torch.triangular_solve(B, A).solution
should be replaced with
X = torch.linalg.solve_triangular(A, B). (Triggered internally at  /home/abuild/rpmbuild/BUILD/pytorch-1.11.0/aten/src/ATen/native/BatchLinearAlgebra.cpp:1666.)
  res = torch.triangular_solve(right_tensor, self.evaluate(), upper=self.upper).solution
/raven/u/dvoss/al_pmssmwithgp/model/metrics.py:50: UserWarning: To copy construct from a tensor, it is recommended to use sourceTensor.clone().detach() or sourceTensor.clone().detach().requires_grad_(True), rather than torch.tensor(sourceTensor).
  torch.tensor(M_1_filtered, dtype=torch.float32),
/raven/u/dvoss/al_pmssmwithgp/model/metrics.py:51: UserWarning: To copy construct from a tensor, it is recommended to use sourceTensor.clone().detach() or sourceTensor.clone().detach().requires_grad_(True), rather than torch.tensor(sourceTensor).
  torch.tensor(M_2_filtered, dtype=torch.float32)
/raven/u/dvoss/al_pmssmwithgp/model/plots.py:214: UserWarning: To copy construct from a tensor, it is recommended to use sourceTensor.clone().detach() or sourceTensor.clone().detach().requires_grad_(True), rather than torch.tensor(sourceTensor).
  torch.tensor(M_1_filtered, dtype=torch.float32),
/raven/u/dvoss/al_pmssmwithgp/model/plots.py:215: UserWarning: To copy construct from a tensor, it is recommended to use sourceTensor.clone().detach() or sourceTensor.clone().detach().requires_grad_(True), rather than torch.tensor(sourceTensor).
  torch.tensor(M_2_filtered, dtype=torch.float32)
/raven/u/dvoss/al_pmssmwithgp/model/plots.py:238: RuntimeWarning: invalid value encountered in true_divide
  heatmap = heatmap/heatmap_counts
/raven/u/dvoss/al_pmssmwithgp/model/plots.py:287: UserWarning: To copy construct from a tensor, it is recommended to use sourceTensor.clone().detach() or sourceTensor.clone().detach().requires_grad_(True), rather than torch.tensor(sourceTensor).
  torch.tensor(M_1_filtered, dtype=torch.float32),
/raven/u/dvoss/al_pmssmwithgp/model/plots.py:288: UserWarning: To copy construct from a tensor, it is recommended to use sourceTensor.clone().detach() or sourceTensor.clone().detach().requires_grad_(True), rather than torch.tensor(sourceTensor).
  torch.tensor(M_2_filtered, dtype=torch.float32)
/raven/u/dvoss/al_pmssmwithgp/model/plots.py:311: RuntimeWarning: invalid value encountered in true_divide
  heatmap = heatmap/heatmap_counts
/raven/u/dvoss/al_pmssmwithgp/model/plots.py:387: RuntimeWarning: invalid value encountered in true_divide
  heatmap = heatmap/heatmap_counts
Warning: DR-bar to on-shell conversion for Mu, M1, M2 failed (reached absolute accuracy: 0.000178315 GeV),
Warning: DR-bar to on-shell conversion for Mu, M1, M2 failed (reached absolute accuracy: 0.00199418 GeV),
Warning: DR-bar to on-shell conversion for Mu, M1, M2 failed (reached absolute accuracy: 0.0191153 GeV),
