Defaulting to user installation because normal site-packages is not writeable
Requirement already satisfied: uproot in /raven/u/dvoss/.local/lib/python3.9/site-packages (5.3.10)
Requirement already satisfied: numpy in /raven/u/dvoss/.local/lib/python3.9/site-packages (from uproot) (1.22.4)
Requirement already satisfied: cramjam>=2.5.0 in /raven/u/dvoss/.local/lib/python3.9/site-packages (from uproot) (2.8.3)
Requirement already satisfied: awkward>=2.4.6 in /raven/u/dvoss/.local/lib/python3.9/site-packages (from uproot) (2.6.6)
Requirement already satisfied: packaging in /raven/u/system/soft/SLE_15/packages/x86_64/anaconda/3/2021.11/lib/python3.9/site-packages (from uproot) (21.0)
Requirement already satisfied: fsspec in /raven/u/dvoss/.local/lib/python3.9/site-packages (from uproot) (2024.6.1)
Requirement already satisfied: typing-extensions>=4.1.0 in /raven/u/dvoss/.local/lib/python3.9/site-packages (from uproot) (4.12.2)
Requirement already satisfied: awkward-cpp==35 in /raven/u/dvoss/.local/lib/python3.9/site-packages (from awkward>=2.4.6->uproot) (35)
Requirement already satisfied: importlib-metadata>=4.13.0 in /raven/u/dvoss/.local/lib/python3.9/site-packages (from awkward>=2.4.6->uproot) (8.0.0)
Requirement already satisfied: zipp>=0.5 in /raven/u/system/soft/SLE_15/packages/x86_64/anaconda/3/2021.11/lib/python3.9/site-packages (from importlib-metadata>=4.13.0->awkward>=2.4.6->uproot) (3.6.0)
Requirement already satisfied: pyparsing>=2.0.2 in /raven/u/system/soft/SLE_15/packages/x86_64/anaconda/3/2021.11/lib/python3.9/site-packages (from packaging->uproot) (3.0.4)
Defaulting to user installation because normal site-packages is not writeable
Collecting argparse
  Using cached argparse-1.4.0-py2.py3-none-any.whl (23 kB)
Installing collected packages: argparse
Successfully installed argparse-1.4.0
Defaulting to user installation because normal site-packages is not writeable
Requirement already satisfied: pyslha in /raven/u/dvoss/.local/lib/python3.9/site-packages (3.2.6)
Requirement already satisfied: tex2pix>=0.1.5 in /raven/u/dvoss/.local/lib/python3.9/site-packages (from pyslha) (0.3.1)
Defaulting to user installation because normal site-packages is not writeable
Requirement already satisfied: structlog in /raven/u/dvoss/.local/lib/python3.9/site-packages (24.4.0)
Defaulting to user installation because normal site-packages is not writeable
Requirement already satisfied: imageio[ffmpeg] in /raven/u/system/soft/SLE_15/packages/x86_64/anaconda/3/2021.11/lib/python3.9/site-packages (2.9.0)
Requirement already satisfied: Pillow in /raven/u/system/soft/SLE_15/packages/x86_64/anaconda/3/2021.11/lib/python3.9/site-packages (8.4.0)
Requirement already satisfied: numpy in /raven/u/dvoss/.local/lib/python3.9/site-packages (from imageio[ffmpeg]) (1.22.4)
Requirement already satisfied: imageio-ffmpeg in /raven/u/dvoss/.local/lib/python3.9/site-packages (from imageio[ffmpeg]) (0.5.1)
Requirement already satisfied: setuptools in /raven/u/system/soft/SLE_15/packages/x86_64/anaconda/3/2021.11/lib/python3.9/site-packages (from imageio-ffmpeg->imageio[ffmpeg]) (58.0.4)
Defaulting to user installation because normal site-packages is not writeable
Requirement already satisfied: seaborn in /raven/u/system/soft/SLE_15/packages/x86_64/anaconda/3/2021.11/lib/python3.9/site-packages (0.11.2)
Requirement already satisfied: scipy>=1.0 in /raven/u/system/soft/SLE_15/packages/x86_64/anaconda/3/2021.11/lib/python3.9/site-packages (from seaborn) (1.7.1)
Requirement already satisfied: numpy>=1.15 in /raven/u/dvoss/.local/lib/python3.9/site-packages (from seaborn) (1.22.4)
Requirement already satisfied: matplotlib>=2.2 in /raven/u/system/soft/SLE_15/packages/x86_64/anaconda/3/2021.11/lib/python3.9/site-packages (from seaborn) (3.4.3)
Requirement already satisfied: pandas>=0.23 in /raven/u/system/soft/SLE_15/packages/x86_64/anaconda/3/2021.11/lib/python3.9/site-packages (from seaborn) (1.3.4)
Requirement already satisfied: python-dateutil>=2.7 in /raven/u/system/soft/SLE_15/packages/x86_64/anaconda/3/2021.11/lib/python3.9/site-packages (from matplotlib>=2.2->seaborn) (2.8.2)
Requirement already satisfied: pillow>=6.2.0 in /raven/u/system/soft/SLE_15/packages/x86_64/anaconda/3/2021.11/lib/python3.9/site-packages (from matplotlib>=2.2->seaborn) (8.4.0)
Requirement already satisfied: pyparsing>=2.2.1 in /raven/u/system/soft/SLE_15/packages/x86_64/anaconda/3/2021.11/lib/python3.9/site-packages (from matplotlib>=2.2->seaborn) (3.0.4)
Requirement already satisfied: cycler>=0.10 in /raven/u/system/soft/SLE_15/packages/x86_64/anaconda/3/2021.11/lib/python3.9/site-packages (from matplotlib>=2.2->seaborn) (0.10.0)
Requirement already satisfied: kiwisolver>=1.0.1 in /raven/u/system/soft/SLE_15/packages/x86_64/anaconda/3/2021.11/lib/python3.9/site-packages (from matplotlib>=2.2->seaborn) (1.3.1)
Requirement already satisfied: six in /raven/u/system/soft/SLE_15/packages/x86_64/anaconda/3/2021.11/lib/python3.9/site-packages (from cycler>=0.10->matplotlib>=2.2->seaborn) (1.16.0)
Requirement already satisfied: pytz>=2017.3 in /raven/u/system/soft/SLE_15/packages/x86_64/anaconda/3/2021.11/lib/python3.9/site-packages (from pandas>=0.23->seaborn) (2021.3)
Defaulting to user installation because normal site-packages is not writeable
Defaulting to user installation because normal site-packages is not writeable
Defaulting to user installation because normal site-packages is not writeable
Requirement already satisfied: matplotlib in /raven/u/system/soft/SLE_15/packages/x86_64/anaconda/3/2021.11/lib/python3.9/site-packages (3.4.3)
Requirement already satisfied: pillow>=6.2.0 in /raven/u/system/soft/SLE_15/packages/x86_64/anaconda/3/2021.11/lib/python3.9/site-packages (from matplotlib) (8.4.0)
Requirement already satisfied: cycler>=0.10 in /raven/u/system/soft/SLE_15/packages/x86_64/anaconda/3/2021.11/lib/python3.9/site-packages (from matplotlib) (0.10.0)
Requirement already satisfied: numpy>=1.16 in /raven/u/dvoss/.local/lib/python3.9/site-packages (from matplotlib) (1.22.4)
Requirement already satisfied: pyparsing>=2.2.1 in /raven/u/system/soft/SLE_15/packages/x86_64/anaconda/3/2021.11/lib/python3.9/site-packages (from matplotlib) (3.0.4)
Requirement already satisfied: kiwisolver>=1.0.1 in /raven/u/system/soft/SLE_15/packages/x86_64/anaconda/3/2021.11/lib/python3.9/site-packages (from matplotlib) (1.3.1)
Requirement already satisfied: python-dateutil>=2.7 in /raven/u/system/soft/SLE_15/packages/x86_64/anaconda/3/2021.11/lib/python3.9/site-packages (from matplotlib) (2.8.2)
Requirement already satisfied: six in /raven/u/system/soft/SLE_15/packages/x86_64/anaconda/3/2021.11/lib/python3.9/site-packages (from cycler>=0.10->matplotlib) (1.16.0)
Defaulting to user installation because normal site-packages is not writeable
Requirement already satisfied: numpy in /raven/u/dvoss/.local/lib/python3.9/site-packages (1.22.4)
Defaulting to user installation because normal site-packages is not writeable
Requirement already satisfied: pandas in /raven/u/system/soft/SLE_15/packages/x86_64/anaconda/3/2021.11/lib/python3.9/site-packages (1.3.4)
Requirement already satisfied: python-dateutil>=2.7.3 in /raven/u/system/soft/SLE_15/packages/x86_64/anaconda/3/2021.11/lib/python3.9/site-packages (from pandas) (2.8.2)
Requirement already satisfied: pytz>=2017.3 in /raven/u/system/soft/SLE_15/packages/x86_64/anaconda/3/2021.11/lib/python3.9/site-packages (from pandas) (2021.3)
Requirement already satisfied: numpy>=1.17.3 in /raven/u/dvoss/.local/lib/python3.9/site-packages (from pandas) (1.22.4)
Requirement already satisfied: six>=1.5 in /raven/u/system/soft/SLE_15/packages/x86_64/anaconda/3/2021.11/lib/python3.9/site-packages (from python-dateutil>=2.7.3->pandas) (1.16.0)
Defaulting to user installation because normal site-packages is not writeable
Defaulting to user installation because normal site-packages is not writeable
Requirement already satisfied: linear_operator in /raven/u/dvoss/.local/lib/python3.9/site-packages (0.5.3)
Requirement already satisfied: scipy in /raven/u/system/soft/SLE_15/packages/x86_64/anaconda/3/2021.11/lib/python3.9/site-packages (from linear_operator) (1.7.1)
Requirement already satisfied: mpmath<=1.3,>=0.19 in /raven/u/system/soft/SLE_15/packages/x86_64/anaconda/3/2021.11/lib/python3.9/site-packages (from linear_operator) (1.2.1)
Collecting torch>=1.11
  Using cached torch-2.5.1-cp39-cp39-manylinux1_x86_64.whl (906.5 MB)
Requirement already satisfied: jaxtyping==0.2.19 in /raven/u/dvoss/.local/lib/python3.9/site-packages (from linear_operator) (0.2.19)
Requirement already satisfied: numpy>=1.20.0 in /raven/u/dvoss/.local/lib/python3.9/site-packages (from jaxtyping==0.2.19->linear_operator) (1.22.4)
Requirement already satisfied: typing-extensions>=3.7.4.1 in /raven/u/dvoss/.local/lib/python3.9/site-packages (from jaxtyping==0.2.19->linear_operator) (4.12.2)
Requirement already satisfied: typeguard>=2.13.3 in /raven/u/dvoss/.local/lib/python3.9/site-packages (from jaxtyping==0.2.19->linear_operator) (4.4.1)
Requirement already satisfied: sympy==1.13.1 in /raven/u/dvoss/.local/lib/python3.9/site-packages (from torch>=1.11->linear_operator) (1.13.1)
Requirement already satisfied: nvidia-cuda-runtime-cu12==12.4.127 in /raven/u/dvoss/.local/lib/python3.9/site-packages (from torch>=1.11->linear_operator) (12.4.127)
Requirement already satisfied: nvidia-cuda-nvrtc-cu12==12.4.127 in /raven/u/dvoss/.local/lib/python3.9/site-packages (from torch>=1.11->linear_operator) (12.4.127)
Requirement already satisfied: nvidia-nccl-cu12==2.21.5 in /raven/u/dvoss/.local/lib/python3.9/site-packages (from torch>=1.11->linear_operator) (2.21.5)
Requirement already satisfied: fsspec in /raven/u/dvoss/.local/lib/python3.9/site-packages (from torch>=1.11->linear_operator) (2024.6.1)
Requirement already satisfied: nvidia-cudnn-cu12==9.1.0.70 in /raven/u/dvoss/.local/lib/python3.9/site-packages (from torch>=1.11->linear_operator) (9.1.0.70)
Requirement already satisfied: nvidia-cublas-cu12==12.4.5.8 in /raven/u/dvoss/.local/lib/python3.9/site-packages (from torch>=1.11->linear_operator) (12.4.5.8)
Requirement already satisfied: nvidia-cufft-cu12==11.2.1.3 in /raven/u/dvoss/.local/lib/python3.9/site-packages (from torch>=1.11->linear_operator) (11.2.1.3)
Requirement already satisfied: filelock in /raven/u/system/soft/SLE_15/packages/x86_64/anaconda/3/2021.11/lib/python3.9/site-packages (from torch>=1.11->linear_operator) (3.3.1)
Requirement already satisfied: nvidia-cusparse-cu12==12.3.1.170 in /raven/u/dvoss/.local/lib/python3.9/site-packages (from torch>=1.11->linear_operator) (12.3.1.170)
Requirement already satisfied: networkx in /raven/u/system/soft/SLE_15/packages/x86_64/anaconda/3/2021.11/lib/python3.9/site-packages (from torch>=1.11->linear_operator) (2.6.3)
Requirement already satisfied: nvidia-curand-cu12==10.3.5.147 in /raven/u/dvoss/.local/lib/python3.9/site-packages (from torch>=1.11->linear_operator) (10.3.5.147)
Requirement already satisfied: nvidia-nvjitlink-cu12==12.4.127 in /raven/u/dvoss/.local/lib/python3.9/site-packages (from torch>=1.11->linear_operator) (12.4.127)
Requirement already satisfied: nvidia-cuda-cupti-cu12==12.4.127 in /raven/u/dvoss/.local/lib/python3.9/site-packages (from torch>=1.11->linear_operator) (12.4.127)
Requirement already satisfied: jinja2 in /raven/u/system/soft/SLE_15/packages/x86_64/anaconda/3/2021.11/lib/python3.9/site-packages (from torch>=1.11->linear_operator) (2.11.3)
Requirement already satisfied: nvidia-nvtx-cu12==12.4.127 in /raven/u/dvoss/.local/lib/python3.9/site-packages (from torch>=1.11->linear_operator) (12.4.127)
Requirement already satisfied: triton==3.1.0 in /raven/u/dvoss/.local/lib/python3.9/site-packages (from torch>=1.11->linear_operator) (3.1.0)
Requirement already satisfied: nvidia-cusolver-cu12==11.6.1.9 in /raven/u/dvoss/.local/lib/python3.9/site-packages (from torch>=1.11->linear_operator) (11.6.1.9)
Requirement already satisfied: importlib-metadata>=3.6 in /raven/u/dvoss/.local/lib/python3.9/site-packages (from typeguard>=2.13.3->jaxtyping==0.2.19->linear_operator) (8.0.0)
Requirement already satisfied: zipp>=0.5 in /raven/u/system/soft/SLE_15/packages/x86_64/anaconda/3/2021.11/lib/python3.9/site-packages (from importlib-metadata>=3.6->typeguard>=2.13.3->jaxtyping==0.2.19->linear_operator) (3.6.0)
Requirement already satisfied: MarkupSafe>=0.23 in /raven/u/system/soft/SLE_15/packages/x86_64/anaconda/3/2021.11/lib/python3.9/site-packages (from jinja2->torch>=1.11->linear_operator) (1.1.1)
Installing collected packages: torch
Successfully installed torch-2.5.1
Defaulting to user installation because normal site-packages is not writeable
Starting iteration 1
Starting Iteration 1 with Active Learning
Initial Training Points:
X Train: tensor([[0.9364, 0.6520, 0.2654, 0.9865, 0.4206, 0.6505]], device='cuda:0'), Shape: torch.Size([1, 6])
Y Train: tensor([0.1617], device='cuda:0'), Shape: torch.Size([1])
These training_points are used in the GP tensor([[0.9364, 0.6520, 0.2654, 0.9865, 0.4206, 0.6505]], device='cuda:0')
Iter 1 / 1000 - Loss (Train): 1.653 - Loss (Val): 8.196
Iter 101 / 1000 - Loss (Train): 1.075 - Loss (Val): 11.529
Iter 201 / 1000 - Loss (Train): 1.014 - Loss (Val): 13.595
Iter 301 / 1000 - Loss (Train): 0.986 - Loss (Val): 14.737
Iter 401 / 1000 - Loss (Train): 0.972 - Loss (Val): 15.381
Iter 501 / 1000 - Loss (Train): 0.964 - Loss (Val): 15.766
Iter 601 / 1000 - Loss (Train): 0.959 - Loss (Val): 16.016
Iter 701 / 1000 - Loss (Train): 0.956 - Loss (Val): 16.187
Iter 801 / 1000 - Loss (Train): 0.954 - Loss (Val): 16.309
Iter 901 / 1000 - Loss (Train): 0.952 - Loss (Val): 16.399
best model parameters:  OrderedDict([('likelihood.noise_covar.raw_noise', tensor([-4.2821], device='cuda:0')), ('likelihood.noise_covar.raw_noise_constraint.lower_bound', tensor(1.0000e-04, device='cuda:0')), ('likelihood.noise_covar.raw_noise_constraint.upper_bound', tensor(inf, device='cuda:0')), ('mean_module.weights', tensor([[-0.1503],
        [-0.1503],
        [-0.1503],
        [-0.1503],
        [-0.1503],
        [-0.1503]], device='cuda:0')), ('mean_module.bias', tensor([0.7497], device='cuda:0')), ('covar_module.raw_lengthscale', tensor([[-5.2958]], device='cuda:0')), ('covar_module.raw_lengthscale_constraint.lower_bound', tensor(0.1000, device='cuda:0')), ('covar_module.raw_lengthscale_constraint.upper_bound', tensor(inf, device='cuda:0')), ('task_covar_module.covar_factor', tensor([[0.3367]], device='cuda:0')), ('task_covar_module.raw_var', tensor([0.1288], device='cuda:0')), ('task_covar_module.IndexKernelPrior.a', tensor([0.], device='cuda:0')), ('task_covar_module.IndexKernelPrior.b', tensor([1.], device='cuda:0')), ('task_covar_module.IndexKernelPrior.sigma', tensor([0.0100], device='cuda:0')), ('task_covar_module.IndexKernelPrior.tails.loc', tensor([0.], device='cuda:0')), ('task_covar_module.IndexKernelPrior.tails.scale', tensor([0.0100], device='cuda:0')), ('task_covar_module.raw_var_constraint.lower_bound', tensor(0., device='cuda:0')), ('task_covar_module.raw_var_constraint.upper_bound', tensor(inf, device='cuda:0'))])
Plot saved to /raven/u/dvoss/al_pmssmwithgp/model/plots/plots_two_circles/Iter1/loss_plot_two_circles6D_bs12_raven.png
Likelihood MultivariateNormal(loc: torch.Size([4096]))
Mean:  tensor([[ 0.7497],
        [ 0.6996],
        [ 0.6494],
        ...,
        [-0.0521],
        [-0.1022],
        [-0.1523]], device='cuda:0')
Variance:  tensor([[1.0138],
        [1.0138],
        [1.0138],
        ...,
        [1.0138],
        [1.0138],
        [1.0138]], device='cuda:0')
Entropy:  tensor([0.0205, 0.0207, 0.0225,  ..., 0.0201, 0.0198, 0.0203], device='cuda:0')
Selected points (indices): {39}
Selected new x values (normalized): tensor([[0.0723, 0.0851, 0.0669, 0.1219, 0.1781, 0.1446]], device='cuda:0')
The shape of the input_data is: torch.Size([4096, 6])
The shape of the mean is: torch.Size([4096])
Shapes of TP, FP, FN, TN: 0, 0, 56, 4040
self.x_train shape: torch.Size([1, 6])
additional_x_train shape: torch.Size([1, 6])
additional_x_train: tensor([[0.0723, 0.0851, 0.0669, 0.1219, 0.1781, 0.1446]], device='cuda:0')
Training points after adding:  tensor([[0.0723, 0.0851, 0.0669, 0.1219, 0.1781, 0.1446],
        [0.9364, 0.6520, 0.2654, 0.9865, 0.4206, 0.6505]], device='cuda:0') torch.Size([2, 6])
Iteration 1 completed. Output saved to /raven/u/dvoss/al_pmssmwithgp/model/plots/plots_two_circles/Iter1
Completed iteration 1
Starting iteration 2
Starting Iteration 2 with Active Learning
Initial Training Points:
X Train: tensor([[0.9326, 0.0286, 0.1107, 0.4712, 0.2980, 0.2704]], device='cuda:0'), Shape: torch.Size([1, 6])
Y Train: tensor([0.0185], device='cuda:0'), Shape: torch.Size([1])
These training_points are used in the GP tensor([[0.0723, 0.0851, 0.0669, 0.1219, 0.1781, 0.1446],
        [0.9364, 0.6520, 0.2654, 0.9865, 0.4206, 0.6505]], device='cuda:0')
Iter 1 / 1000 - Loss (Train): 2.386 - Loss (Val): 5.594
Iter 101 / 1000 - Loss (Train): 1.668 - Loss (Val): 4.965
Iter 201 / 1000 - Loss (Train): 1.305 - Loss (Val): 6.218
Iter 301 / 1000 - Loss (Train): 1.061 - Loss (Val): 8.338
Iter 401 / 1000 - Loss (Train): 0.985 - Loss (Val): 9.661
Iter 501 / 1000 - Loss (Train): 0.964 - Loss (Val): 10.276
Iter 601 / 1000 - Loss (Train): 0.954 - Loss (Val): 10.587
Iter 701 / 1000 - Loss (Train): 0.948 - Loss (Val): 10.772
Iter 801 / 1000 - Loss (Train): 0.944 - Loss (Val): 10.891
Iter 901 / 1000 - Loss (Train): 0.942 - Loss (Val): 10.975
best model parameters:  OrderedDict([('likelihood.noise_covar.raw_noise', tensor([-4.0534], device='cuda:0')), ('likelihood.noise_covar.raw_noise_constraint.lower_bound', tensor(1.0000e-04, device='cuda:0')), ('likelihood.noise_covar.raw_noise_constraint.upper_bound', tensor(inf, device='cuda:0')), ('mean_module.weights', tensor([[-1.8079],
        [-1.6011],
        [ 0.1334],
        [-1.6356],
        [ 2.9393],
        [-0.6340]], device='cuda:0')), ('mean_module.bias', tensor([3.6527], device='cuda:0')), ('covar_module.raw_lengthscale', tensor([[-5.2958]], device='cuda:0')), ('covar_module.raw_lengthscale_constraint.lower_bound', tensor(0.1000, device='cuda:0')), ('covar_module.raw_lengthscale_constraint.upper_bound', tensor(inf, device='cuda:0')), ('task_covar_module.covar_factor', tensor([[0.3367]], device='cuda:0')), ('task_covar_module.raw_var', tensor([0.1288], device='cuda:0')), ('task_covar_module.IndexKernelPrior.a', tensor([0.], device='cuda:0')), ('task_covar_module.IndexKernelPrior.b', tensor([1.], device='cuda:0')), ('task_covar_module.IndexKernelPrior.sigma', tensor([0.0100], device='cuda:0')), ('task_covar_module.IndexKernelPrior.tails.loc', tensor([0.], device='cuda:0')), ('task_covar_module.IndexKernelPrior.tails.scale', tensor([0.0100], device='cuda:0')), ('task_covar_module.raw_var_constraint.lower_bound', tensor(0., device='cuda:0')), ('task_covar_module.raw_var_constraint.upper_bound', tensor(inf, device='cuda:0'))])
Plot saved to /raven/u/dvoss/al_pmssmwithgp/model/plots/plots_two_circles/Iter2/loss_plot_two_circles6D_bs12_raven.png
Likelihood MultivariateNormal(loc: torch.Size([4096]))
Mean:  tensor([[3.6527],
        [3.4414],
        [3.2301],
        ...,
        [1.4696],
        [1.2582],
        [1.0469]], device='cuda:0')
Variance:  tensor([[1.0168],
        [1.0172],
        [1.0173],
        ...,
        [1.0173],
        [1.0173],
        [1.0173]], device='cuda:0')
Entropy:  tensor([0.0750, 0.3085, 0.0729,  ..., 0.2247, 0.0353, 0.0371], device='cuda:0')
Selected points (indices): {3006}
Selected new x values (normalized): tensor([[0.2172, 0.0872, 0.8100, 0.1138, 0.9022, 0.0024]], device='cuda:0')
The shape of the input_data is: torch.Size([4096, 6])
The shape of the mean is: torch.Size([4096])
Shapes of TP, FP, FN, TN: 0, 26, 56, 4014
self.x_train shape: torch.Size([2, 6])
additional_x_train shape: torch.Size([1, 6])
additional_x_train: tensor([[0.2172, 0.0872, 0.8100, 0.1138, 0.9022, 0.0024]], device='cuda:0')
Training points after adding:  tensor([[0.2172, 0.0872, 0.8100, 0.1138, 0.9022, 0.0024],
        [0.9364, 0.6520, 0.2654, 0.9865, 0.4206, 0.6505],
        [0.0723, 0.0851, 0.0669, 0.1219, 0.1781, 0.1446]], device='cuda:0') torch.Size([3, 6])
Iteration 2 completed. Output saved to /raven/u/dvoss/al_pmssmwithgp/model/plots/plots_two_circles/Iter2
Completed iteration 2
Starting iteration 3
Starting Iteration 3 with Active Learning
Initial Training Points:
X Train: tensor([[0.2898, 0.9645, 0.0207, 0.7613, 0.1306, 0.5085]], device='cuda:0'), Shape: torch.Size([1, 6])
Y Train: tensor([0.0002], device='cuda:0'), Shape: torch.Size([1])
These training_points are used in the GP tensor([[0.2172, 0.0872, 0.8100, 0.1138, 0.9022, 0.0024],
        [0.9364, 0.6520, 0.2654, 0.9865, 0.4206, 0.6505],
        [0.0723, 0.0851, 0.0669, 0.1219, 0.1781, 0.1446]], device='cuda:0')
Iter 1 / 1000 - Loss (Train): 2.129 - Loss (Val): 5.607
Iter 101 / 1000 - Loss (Train): 1.577 - Loss (Val): 5.342
Iter 201 / 1000 - Loss (Train): 1.223 - Loss (Val): 7.274
Iter 301 / 1000 - Loss (Train): 1.019 - Loss (Val): 9.065
Iter 401 / 1000 - Loss (Train): 0.963 - Loss (Val): 9.903
Iter 501 / 1000 - Loss (Train): 0.948 - Loss (Val): 10.282
Iter 601 / 1000 - Loss (Train): 0.942 - Loss (Val): 10.475
Iter 701 / 1000 - Loss (Train): 0.938 - Loss (Val): 10.590
Iter 801 / 1000 - Loss (Train): 0.936 - Loss (Val): 10.663
Iter 901 / 1000 - Loss (Train): 0.934 - Loss (Val): 10.716
best model parameters:  OrderedDict([('likelihood.noise_covar.raw_noise', tensor([-4.4386], device='cuda:0')), ('likelihood.noise_covar.raw_noise_constraint.lower_bound', tensor(1.0000e-04, device='cuda:0')), ('likelihood.noise_covar.raw_noise_constraint.upper_bound', tensor(inf, device='cuda:0')), ('mean_module.weights', tensor([[-1.7559],
        [-1.2277],
        [-2.2617],
        [-1.2375],
        [-2.0506],
        [ 1.5097]], device='cuda:0')), ('mean_module.bias', tensor([4.3078], device='cuda:0')), ('covar_module.raw_lengthscale', tensor([[-5.2958]], device='cuda:0')), ('covar_module.raw_lengthscale_constraint.lower_bound', tensor(0.1000, device='cuda:0')), ('covar_module.raw_lengthscale_constraint.upper_bound', tensor(inf, device='cuda:0')), ('task_covar_module.covar_factor', tensor([[0.3367]], device='cuda:0')), ('task_covar_module.raw_var', tensor([0.1288], device='cuda:0')), ('task_covar_module.IndexKernelPrior.a', tensor([0.], device='cuda:0')), ('task_covar_module.IndexKernelPrior.b', tensor([1.], device='cuda:0')), ('task_covar_module.IndexKernelPrior.sigma', tensor([0.0100], device='cuda:0')), ('task_covar_module.IndexKernelPrior.tails.loc', tensor([0.], device='cuda:0')), ('task_covar_module.IndexKernelPrior.tails.scale', tensor([0.0100], device='cuda:0')), ('task_covar_module.raw_var_constraint.lower_bound', tensor(0., device='cuda:0')), ('task_covar_module.raw_var_constraint.upper_bound', tensor(inf, device='cuda:0'))])
Plot saved to /raven/u/dvoss/al_pmssmwithgp/model/plots/plots_two_circles/Iter3/loss_plot_two_circles6D_bs12_raven.png
Likelihood MultivariateNormal(loc: torch.Size([4096]))
Mean:  tensor([[ 4.3078],
        [ 4.8110],
        [ 5.3143],
        ...,
        [-3.7224],
        [-3.2191],
        [-2.7159]], device='cuda:0')
Variance:  tensor([[1.0114],
        [1.0117],
        [1.0118],
        ...,
        [1.0118],
        [1.0118],
        [1.0118]], device='cuda:0')
Entropy:  tensor([0.0301, 0.0293, 0.0194,  ..., 0.0154, 0.0225, 0.0155], device='cuda:0')
Selected points (indices): {2095}
Selected new x values (normalized): tensor([[0.0260, 0.1190, 0.1798, 0.0424, 0.0623, 0.9057]], device='cuda:0')
The shape of the input_data is: torch.Size([4096, 6])
The shape of the mean is: torch.Size([4096])
Shapes of TP, FP, FN, TN: 0, 0, 56, 4040
self.x_train shape: torch.Size([3, 6])
additional_x_train shape: torch.Size([1, 6])
additional_x_train: tensor([[0.0260, 0.1190, 0.1798, 0.0424, 0.0623, 0.9057]], device='cuda:0')
Training points after adding:  tensor([[0.0723, 0.0851, 0.0669, 0.1219, 0.1781, 0.1446],
        [0.0260, 0.1190, 0.1798, 0.0424, 0.0623, 0.9057],
        [0.9364, 0.6520, 0.2654, 0.9865, 0.4206, 0.6505],
        [0.2172, 0.0872, 0.8100, 0.1138, 0.9022, 0.0024]], device='cuda:0') torch.Size([4, 6])
Iteration 3 completed. Output saved to /raven/u/dvoss/al_pmssmwithgp/model/plots/plots_two_circles/Iter3
Completed iteration 3
Starting iteration 4
Starting Iteration 4 with Active Learning
Initial Training Points:
X Train: tensor([[0.4920, 0.4468, 0.8314, 0.0375, 0.5935, 0.5411]], device='cuda:0'), Shape: torch.Size([1, 6])
Y Train: tensor([0.0213], device='cuda:0'), Shape: torch.Size([1])
These training_points are used in the GP tensor([[0.0723, 0.0851, 0.0669, 0.1219, 0.1781, 0.1446],
        [0.0260, 0.1190, 0.1798, 0.0424, 0.0623, 0.9057],
        [0.9364, 0.6520, 0.2654, 0.9865, 0.4206, 0.6505],
        [0.2172, 0.0872, 0.8100, 0.1138, 0.9022, 0.0024]], device='cuda:0')
Iter 1 / 1000 - Loss (Train): 1.986 - Loss (Val): 11.849
Iter 101 / 1000 - Loss (Train): 1.643 - Loss (Val): 11.255
Iter 201 / 1000 - Loss (Train): 1.381 - Loss (Val): 15.815
Iter 301 / 1000 - Loss (Train): 1.138 - Loss (Val): 20.510
Iter 401 / 1000 - Loss (Train): 1.008 - Loss (Val): 22.911
Iter 501 / 1000 - Loss (Train): 0.957 - Loss (Val): 24.079
Iter 601 / 1000 - Loss (Train): 0.940 - Loss (Val): 24.707
Iter 701 / 1000 - Loss (Train): 0.934 - Loss (Val): 25.054
Iter 801 / 1000 - Loss (Train): 0.931 - Loss (Val): 25.247
Iter 901 / 1000 - Loss (Train): 0.930 - Loss (Val): 25.371
best model parameters:  OrderedDict([('likelihood.noise_covar.raw_noise', tensor([-4.8322], device='cuda:0')), ('likelihood.noise_covar.raw_noise_constraint.lower_bound', tensor(1.0000e-04, device='cuda:0')), ('likelihood.noise_covar.raw_noise_constraint.upper_bound', tensor(inf, device='cuda:0')), ('mean_module.weights', tensor([[-0.9383],
        [-0.9553],
        [-3.5418],
        [ 1.5101],
        [-2.0243],
        [-4.3922]], device='cuda:0')), ('mean_module.bias', tensor([4.8218], device='cuda:0')), ('covar_module.raw_lengthscale', tensor([[-5.2960]], device='cuda:0')), ('covar_module.raw_lengthscale_constraint.lower_bound', tensor(0.1000, device='cuda:0')), ('covar_module.raw_lengthscale_constraint.upper_bound', tensor(inf, device='cuda:0')), ('task_covar_module.covar_factor', tensor([[0.3367]], device='cuda:0')), ('task_covar_module.raw_var', tensor([0.1288], device='cuda:0')), ('task_covar_module.IndexKernelPrior.a', tensor([0.], device='cuda:0')), ('task_covar_module.IndexKernelPrior.b', tensor([1.], device='cuda:0')), ('task_covar_module.IndexKernelPrior.sigma', tensor([0.0100], device='cuda:0')), ('task_covar_module.IndexKernelPrior.tails.loc', tensor([0.], device='cuda:0')), ('task_covar_module.IndexKernelPrior.tails.scale', tensor([0.0100], device='cuda:0')), ('task_covar_module.raw_var_constraint.lower_bound', tensor(0., device='cuda:0')), ('task_covar_module.raw_var_constraint.upper_bound', tensor(inf, device='cuda:0'))])
Plot saved to /raven/u/dvoss/al_pmssmwithgp/model/plots/plots_two_circles/Iter4/loss_plot_two_circles6D_bs12_raven.png
Likelihood MultivariateNormal(loc: torch.Size([4096]))
Mean:  tensor([[ 4.8219],
        [ 3.3578],
        [ 1.8936],
        ...,
        [-2.5918],
        [-4.0559],
        [-5.5200]], device='cuda:0')
Variance:  tensor([[1.0076],
        [1.0079],
        [1.0080],
        ...,
        [1.0080],
        [1.0080],
        [1.0080]], device='cuda:0')
Entropy:  tensor([0.0122, 0.0315, 0.2642,  ..., 0.0251, 0.0080, 0.0279], device='cuda:0')
Selected points (indices): {2420}
Selected new x values (normalized): tensor([[4.6407e-01, 5.8645e-02, 4.1070e-04, 6.1285e-01, 1.7338e-03, 5.0678e-02]],
       device='cuda:0')
The shape of the input_data is: torch.Size([4096, 6])
The shape of the mean is: torch.Size([4096])
Shapes of TP, FP, FN, TN: 0, 3, 56, 4037
self.x_train shape: torch.Size([4, 6])
additional_x_train shape: torch.Size([1, 6])
additional_x_train: tensor([[4.6407e-01, 5.8645e-02, 4.1070e-04, 6.1285e-01, 1.7338e-03, 5.0678e-02]],
       device='cuda:0')
Training points after adding:  tensor([[9.3642e-01, 6.5204e-01, 2.6535e-01, 9.8646e-01, 4.2059e-01, 6.5046e-01],
        [2.6015e-02, 1.1903e-01, 1.7978e-01, 4.2420e-02, 6.2274e-02, 9.0567e-01],
        [2.1717e-01, 8.7230e-02, 8.1001e-01, 1.1380e-01, 9.0216e-01, 2.4168e-03],
        [7.2313e-02, 8.5139e-02, 6.6935e-02, 1.2192e-01, 1.7811e-01, 1.4457e-01],
        [4.6407e-01, 5.8645e-02, 4.1070e-04, 6.1285e-01, 1.7338e-03, 5.0678e-02]],
       device='cuda:0') torch.Size([5, 6])
Iteration 4 completed. Output saved to /raven/u/dvoss/al_pmssmwithgp/model/plots/plots_two_circles/Iter4
Completed iteration 4
Starting iteration 5
                                  
================================= 
Global information about the job: 
================================= 
  
Job owner: dvoss(54815)
Job name:  al_gp_iter
Node list: ravg1018
Job start: Sun Jan 19 16:50:03 CET 2025
Job end:   Sun Jan 19 17:20:04 CET 2025
Work dir:  /raven/u/dvoss/al_pmssmwithgp/model
Command:   /raven/u/dvoss/al_pmssmwithgp/model/slurm/single_job_two_circles_iteration.sbatch
  
  
  
==========================================================================================
Information on jobsteps (Note: MaxRSS/AveRSS is the maximum/average over all 
tasks of the per-task memory high-water marks; cf. "man sacct"): 
==========================================================================================
  
JobID            JobName NNodes NTasks  NCPUS       MaxRSS       AveRSS    Elapsed ExitCode
------------- ---------- ------ ------ ------ ------------ ------------ ---------- --------
15124470      al_gp_iter      1             4                             00:30:01      0:0
15124470.0    job_two_ci      1      1      4     2364.59M     2364.59M   00:27:55     0:15
  
Maximum memory per node: 2.479455 GB (defined as MaxRSS*Ntasks/NNodes)
CPU utilization: 43.4 %
  
