Defaulting to user installation because normal site-packages is not writeable
Requirement already satisfied: uproot in /raven/u/dvoss/.local/lib/python3.9/site-packages (5.3.10)
Requirement already satisfied: awkward>=2.4.6 in /raven/u/dvoss/.local/lib/python3.9/site-packages (from uproot) (2.6.6)
Requirement already satisfied: typing-extensions>=4.1.0 in /raven/u/dvoss/.local/lib/python3.9/site-packages (from uproot) (4.12.2)
Requirement already satisfied: fsspec in /raven/u/dvoss/.local/lib/python3.9/site-packages (from uproot) (2024.6.1)
Requirement already satisfied: numpy in /raven/u/dvoss/.local/lib/python3.9/site-packages (from uproot) (1.22.4)
Requirement already satisfied: packaging in /raven/u/system/soft/SLE_15/packages/x86_64/anaconda/3/2021.11/lib/python3.9/site-packages (from uproot) (21.0)
Requirement already satisfied: cramjam>=2.5.0 in /raven/u/dvoss/.local/lib/python3.9/site-packages (from uproot) (2.8.3)
Requirement already satisfied: importlib-metadata>=4.13.0 in /raven/u/dvoss/.local/lib/python3.9/site-packages (from awkward>=2.4.6->uproot) (8.0.0)
Requirement already satisfied: awkward-cpp==35 in /raven/u/dvoss/.local/lib/python3.9/site-packages (from awkward>=2.4.6->uproot) (35)
Requirement already satisfied: zipp>=0.5 in /raven/u/system/soft/SLE_15/packages/x86_64/anaconda/3/2021.11/lib/python3.9/site-packages (from importlib-metadata>=4.13.0->awkward>=2.4.6->uproot) (3.6.0)
Requirement already satisfied: pyparsing>=2.0.2 in /raven/u/system/soft/SLE_15/packages/x86_64/anaconda/3/2021.11/lib/python3.9/site-packages (from packaging->uproot) (3.0.4)
Defaulting to user installation because normal site-packages is not writeable
Collecting argparse
  Using cached argparse-1.4.0-py2.py3-none-any.whl (23 kB)
Installing collected packages: argparse
Successfully installed argparse-1.4.0
Defaulting to user installation because normal site-packages is not writeable
Requirement already satisfied: pyslha in /raven/u/dvoss/.local/lib/python3.9/site-packages (3.2.6)
Requirement already satisfied: tex2pix>=0.1.5 in /raven/u/dvoss/.local/lib/python3.9/site-packages (from pyslha) (0.3.1)
Defaulting to user installation because normal site-packages is not writeable
Requirement already satisfied: structlog in /raven/u/dvoss/.local/lib/python3.9/site-packages (24.4.0)
Defaulting to user installation because normal site-packages is not writeable
Requirement already satisfied: imageio[ffmpeg] in /raven/u/system/soft/SLE_15/packages/x86_64/anaconda/3/2021.11/lib/python3.9/site-packages (2.9.0)
Requirement already satisfied: Pillow in /raven/u/system/soft/SLE_15/packages/x86_64/anaconda/3/2021.11/lib/python3.9/site-packages (8.4.0)
Requirement already satisfied: numpy in /raven/u/dvoss/.local/lib/python3.9/site-packages (from imageio[ffmpeg]) (1.22.4)
Requirement already satisfied: imageio-ffmpeg in /raven/u/dvoss/.local/lib/python3.9/site-packages (from imageio[ffmpeg]) (0.5.1)
Requirement already satisfied: setuptools in /raven/u/system/soft/SLE_15/packages/x86_64/anaconda/3/2021.11/lib/python3.9/site-packages (from imageio-ffmpeg->imageio[ffmpeg]) (58.0.4)
Defaulting to user installation because normal site-packages is not writeable
Requirement already satisfied: seaborn in /raven/u/system/soft/SLE_15/packages/x86_64/anaconda/3/2021.11/lib/python3.9/site-packages (0.11.2)
Requirement already satisfied: pandas>=0.23 in /raven/u/system/soft/SLE_15/packages/x86_64/anaconda/3/2021.11/lib/python3.9/site-packages (from seaborn) (1.3.4)
Requirement already satisfied: numpy>=1.15 in /raven/u/dvoss/.local/lib/python3.9/site-packages (from seaborn) (1.22.4)
Requirement already satisfied: matplotlib>=2.2 in /raven/u/system/soft/SLE_15/packages/x86_64/anaconda/3/2021.11/lib/python3.9/site-packages (from seaborn) (3.4.3)
Requirement already satisfied: scipy>=1.0 in /raven/u/system/soft/SLE_15/packages/x86_64/anaconda/3/2021.11/lib/python3.9/site-packages (from seaborn) (1.7.1)
Requirement already satisfied: python-dateutil>=2.7 in /raven/u/system/soft/SLE_15/packages/x86_64/anaconda/3/2021.11/lib/python3.9/site-packages (from matplotlib>=2.2->seaborn) (2.8.2)
Requirement already satisfied: pillow>=6.2.0 in /raven/u/system/soft/SLE_15/packages/x86_64/anaconda/3/2021.11/lib/python3.9/site-packages (from matplotlib>=2.2->seaborn) (8.4.0)
Requirement already satisfied: pyparsing>=2.2.1 in /raven/u/system/soft/SLE_15/packages/x86_64/anaconda/3/2021.11/lib/python3.9/site-packages (from matplotlib>=2.2->seaborn) (3.0.4)
Requirement already satisfied: cycler>=0.10 in /raven/u/system/soft/SLE_15/packages/x86_64/anaconda/3/2021.11/lib/python3.9/site-packages (from matplotlib>=2.2->seaborn) (0.10.0)
Requirement already satisfied: kiwisolver>=1.0.1 in /raven/u/system/soft/SLE_15/packages/x86_64/anaconda/3/2021.11/lib/python3.9/site-packages (from matplotlib>=2.2->seaborn) (1.3.1)
Requirement already satisfied: six in /raven/u/system/soft/SLE_15/packages/x86_64/anaconda/3/2021.11/lib/python3.9/site-packages (from cycler>=0.10->matplotlib>=2.2->seaborn) (1.16.0)
Requirement already satisfied: pytz>=2017.3 in /raven/u/system/soft/SLE_15/packages/x86_64/anaconda/3/2021.11/lib/python3.9/site-packages (from pandas>=0.23->seaborn) (2021.3)
Defaulting to user installation because normal site-packages is not writeable
Defaulting to user installation because normal site-packages is not writeable
Defaulting to user installation because normal site-packages is not writeable
Requirement already satisfied: matplotlib in /raven/u/system/soft/SLE_15/packages/x86_64/anaconda/3/2021.11/lib/python3.9/site-packages (3.4.3)
Requirement already satisfied: pyparsing>=2.2.1 in /raven/u/system/soft/SLE_15/packages/x86_64/anaconda/3/2021.11/lib/python3.9/site-packages (from matplotlib) (3.0.4)
Requirement already satisfied: pillow>=6.2.0 in /raven/u/system/soft/SLE_15/packages/x86_64/anaconda/3/2021.11/lib/python3.9/site-packages (from matplotlib) (8.4.0)
Requirement already satisfied: python-dateutil>=2.7 in /raven/u/system/soft/SLE_15/packages/x86_64/anaconda/3/2021.11/lib/python3.9/site-packages (from matplotlib) (2.8.2)
Requirement already satisfied: cycler>=0.10 in /raven/u/system/soft/SLE_15/packages/x86_64/anaconda/3/2021.11/lib/python3.9/site-packages (from matplotlib) (0.10.0)
Requirement already satisfied: numpy>=1.16 in /raven/u/dvoss/.local/lib/python3.9/site-packages (from matplotlib) (1.22.4)
Requirement already satisfied: kiwisolver>=1.0.1 in /raven/u/system/soft/SLE_15/packages/x86_64/anaconda/3/2021.11/lib/python3.9/site-packages (from matplotlib) (1.3.1)
Requirement already satisfied: six in /raven/u/system/soft/SLE_15/packages/x86_64/anaconda/3/2021.11/lib/python3.9/site-packages (from cycler>=0.10->matplotlib) (1.16.0)
Defaulting to user installation because normal site-packages is not writeable
Requirement already satisfied: numpy in /raven/u/dvoss/.local/lib/python3.9/site-packages (1.22.4)
Defaulting to user installation because normal site-packages is not writeable
Requirement already satisfied: pandas in /raven/u/system/soft/SLE_15/packages/x86_64/anaconda/3/2021.11/lib/python3.9/site-packages (1.3.4)
Requirement already satisfied: python-dateutil>=2.7.3 in /raven/u/system/soft/SLE_15/packages/x86_64/anaconda/3/2021.11/lib/python3.9/site-packages (from pandas) (2.8.2)
Requirement already satisfied: pytz>=2017.3 in /raven/u/system/soft/SLE_15/packages/x86_64/anaconda/3/2021.11/lib/python3.9/site-packages (from pandas) (2021.3)
Requirement already satisfied: numpy>=1.17.3 in /raven/u/dvoss/.local/lib/python3.9/site-packages (from pandas) (1.22.4)
Requirement already satisfied: six>=1.5 in /raven/u/system/soft/SLE_15/packages/x86_64/anaconda/3/2021.11/lib/python3.9/site-packages (from python-dateutil>=2.7.3->pandas) (1.16.0)
Defaulting to user installation because normal site-packages is not writeable
Defaulting to user installation because normal site-packages is not writeable
Requirement already satisfied: linear_operator in /raven/u/dvoss/.local/lib/python3.9/site-packages (0.5.3)
Requirement already satisfied: jaxtyping==0.2.19 in /raven/u/dvoss/.local/lib/python3.9/site-packages (from linear_operator) (0.2.19)
Requirement already satisfied: scipy in /raven/u/system/soft/SLE_15/packages/x86_64/anaconda/3/2021.11/lib/python3.9/site-packages (from linear_operator) (1.7.1)
Requirement already satisfied: mpmath<=1.3,>=0.19 in /raven/u/system/soft/SLE_15/packages/x86_64/anaconda/3/2021.11/lib/python3.9/site-packages (from linear_operator) (1.2.1)
Collecting torch>=1.11
  Using cached torch-2.5.1-cp39-cp39-manylinux1_x86_64.whl (906.5 MB)
Requirement already satisfied: typeguard>=2.13.3 in /raven/u/dvoss/.local/lib/python3.9/site-packages (from jaxtyping==0.2.19->linear_operator) (4.4.1)
Requirement already satisfied: numpy>=1.20.0 in /raven/u/dvoss/.local/lib/python3.9/site-packages (from jaxtyping==0.2.19->linear_operator) (1.22.4)
Requirement already satisfied: typing-extensions>=3.7.4.1 in /raven/u/dvoss/.local/lib/python3.9/site-packages (from jaxtyping==0.2.19->linear_operator) (4.12.2)
Requirement already satisfied: nvidia-cuda-runtime-cu12==12.4.127 in /raven/u/dvoss/.local/lib/python3.9/site-packages (from torch>=1.11->linear_operator) (12.4.127)
Requirement already satisfied: fsspec in /raven/u/dvoss/.local/lib/python3.9/site-packages (from torch>=1.11->linear_operator) (2024.6.1)
Requirement already satisfied: nvidia-cusparse-cu12==12.3.1.170 in /raven/u/dvoss/.local/lib/python3.9/site-packages (from torch>=1.11->linear_operator) (12.3.1.170)
Requirement already satisfied: nvidia-nvjitlink-cu12==12.4.127 in /raven/u/dvoss/.local/lib/python3.9/site-packages (from torch>=1.11->linear_operator) (12.4.127)
Requirement already satisfied: jinja2 in /raven/u/system/soft/SLE_15/packages/x86_64/anaconda/3/2021.11/lib/python3.9/site-packages (from torch>=1.11->linear_operator) (2.11.3)
Requirement already satisfied: nvidia-curand-cu12==10.3.5.147 in /raven/u/dvoss/.local/lib/python3.9/site-packages (from torch>=1.11->linear_operator) (10.3.5.147)
Requirement already satisfied: nvidia-cusolver-cu12==11.6.1.9 in /raven/u/dvoss/.local/lib/python3.9/site-packages (from torch>=1.11->linear_operator) (11.6.1.9)
Requirement already satisfied: nvidia-nvtx-cu12==12.4.127 in /raven/u/dvoss/.local/lib/python3.9/site-packages (from torch>=1.11->linear_operator) (12.4.127)
Requirement already satisfied: nvidia-cublas-cu12==12.4.5.8 in /raven/u/dvoss/.local/lib/python3.9/site-packages (from torch>=1.11->linear_operator) (12.4.5.8)
Requirement already satisfied: nvidia-cuda-cupti-cu12==12.4.127 in /raven/u/dvoss/.local/lib/python3.9/site-packages (from torch>=1.11->linear_operator) (12.4.127)
Requirement already satisfied: sympy==1.13.1 in /raven/u/dvoss/.local/lib/python3.9/site-packages (from torch>=1.11->linear_operator) (1.13.1)
Requirement already satisfied: nvidia-nccl-cu12==2.21.5 in /raven/u/dvoss/.local/lib/python3.9/site-packages (from torch>=1.11->linear_operator) (2.21.5)
Requirement already satisfied: triton==3.1.0 in /raven/u/dvoss/.local/lib/python3.9/site-packages (from torch>=1.11->linear_operator) (3.1.0)
Requirement already satisfied: filelock in /raven/u/system/soft/SLE_15/packages/x86_64/anaconda/3/2021.11/lib/python3.9/site-packages (from torch>=1.11->linear_operator) (3.3.1)
Requirement already satisfied: networkx in /raven/u/system/soft/SLE_15/packages/x86_64/anaconda/3/2021.11/lib/python3.9/site-packages (from torch>=1.11->linear_operator) (2.6.3)
Requirement already satisfied: nvidia-cudnn-cu12==9.1.0.70 in /raven/u/dvoss/.local/lib/python3.9/site-packages (from torch>=1.11->linear_operator) (9.1.0.70)
Requirement already satisfied: nvidia-cuda-nvrtc-cu12==12.4.127 in /raven/u/dvoss/.local/lib/python3.9/site-packages (from torch>=1.11->linear_operator) (12.4.127)
Requirement already satisfied: nvidia-cufft-cu12==11.2.1.3 in /raven/u/dvoss/.local/lib/python3.9/site-packages (from torch>=1.11->linear_operator) (11.2.1.3)
Requirement already satisfied: importlib-metadata>=3.6 in /raven/u/dvoss/.local/lib/python3.9/site-packages (from typeguard>=2.13.3->jaxtyping==0.2.19->linear_operator) (8.0.0)
Requirement already satisfied: zipp>=0.5 in /raven/u/system/soft/SLE_15/packages/x86_64/anaconda/3/2021.11/lib/python3.9/site-packages (from importlib-metadata>=3.6->typeguard>=2.13.3->jaxtyping==0.2.19->linear_operator) (3.6.0)
Requirement already satisfied: MarkupSafe>=0.23 in /raven/u/system/soft/SLE_15/packages/x86_64/anaconda/3/2021.11/lib/python3.9/site-packages (from jinja2->torch>=1.11->linear_operator) (1.1.1)
Installing collected packages: torch
Successfully installed torch-2.5.1
Defaulting to user installation because normal site-packages is not writeable
Starting iteration 1
Starting Iteration 1 with Active Learning
Initial Training Points:
X Train: tensor([[0.7133, 0.0476]], device='cuda:0'), Shape: torch.Size([1, 2])
Y Train: tensor([0.1108], device='cuda:0'), Shape: torch.Size([1])
These training_points are used in the GP tensor([[0.7133, 0.0476]], device='cuda:0')
Iter 1 / 1000 - Loss (Train): 1.482 - Loss (Val): 1.170
Iter 101 / 1000 - Loss (Train): 1.074 - Loss (Val): 0.804
Iter 201 / 1000 - Loss (Train): 1.012 - Loss (Val): 0.477
Iter 301 / 1000 - Loss (Train): 0.985 - Loss (Val): 0.228
Iter 401 / 1000 - Loss (Train): 0.971 - Loss (Val): 0.043
Iter 501 / 1000 - Loss (Train): 0.963 - Loss (Val): -0.094
Iter 601 / 1000 - Loss (Train): 0.959 - Loss (Val): -0.214
Iter 701 / 1000 - Loss (Train): 0.955 - Loss (Val): -0.333
Iter 801 / 1000 - Loss (Train): 0.953 - Loss (Val): -0.430
Iter 901 / 1000 - Loss (Train): 0.952 - Loss (Val): -0.580
best model parameters:  OrderedDict([('likelihood.noise_covar.raw_noise', tensor([-4.3203], device='cuda:0')), ('likelihood.noise_covar.raw_noise_constraint.lower_bound', tensor(1.0000e-04, device='cuda:0')), ('likelihood.noise_covar.raw_noise_constraint.upper_bound', tensor(inf, device='cuda:0')), ('mean_module.weights', tensor([[-0.4482],
        [-0.4482]], device='cuda:0')), ('mean_module.bias', tensor([0.4518], device='cuda:0')), ('covar_module.raw_lengthscale', tensor([[-5.2958]], device='cuda:0')), ('covar_module.raw_lengthscale_constraint.lower_bound', tensor(0.1000, device='cuda:0')), ('covar_module.raw_lengthscale_constraint.upper_bound', tensor(inf, device='cuda:0')), ('task_covar_module.covar_factor', tensor([[0.3367]], device='cuda:0')), ('task_covar_module.raw_var', tensor([0.1288], device='cuda:0')), ('task_covar_module.IndexKernelPrior.a', tensor([0.], device='cuda:0')), ('task_covar_module.IndexKernelPrior.b', tensor([1.], device='cuda:0')), ('task_covar_module.IndexKernelPrior.sigma', tensor([0.0100], device='cuda:0')), ('task_covar_module.IndexKernelPrior.tails.loc', tensor([0.], device='cuda:0')), ('task_covar_module.IndexKernelPrior.tails.scale', tensor([0.0100], device='cuda:0')), ('task_covar_module.raw_var_constraint.lower_bound', tensor(0., device='cuda:0')), ('task_covar_module.raw_var_constraint.upper_bound', tensor(inf, device='cuda:0'))])
Plot saved to /raven/u/dvoss/al_pmssmwithgp/model/plots/plots_two_circles/Iter1/loss_plot_two_circles2D_raven.png
Likelihood MultivariateNormal(loc: torch.Size([2025]))
Mean:  tensor([[ 0.4518],
        [ 0.4417],
        [ 0.4315],
        ...,
        [-0.4241],
        [-0.4343],
        [-0.4445]], device='cuda:0')
Variance:  tensor([[1.0133],
        [1.0133],
        [1.0133],
        ...,
        [1.0133],
        [1.0133],
        [1.0133]], device='cuda:0')
Entropy:  tensor([0.0607, 0.0670, 0.0605,  ..., 0.0700, 0.0731, 0.0703], device='cuda:0')
Selected points (indices): {1601, 516, 783, 1903, 1627, 1213}
Selected new x values (normalized): tensor([[0.0186, 0.5625],
        [0.3756, 0.7804],
        [0.0235, 0.3762],
        [0.0448, 0.5209],
        [0.0156, 0.0015],
        [0.4715, 0.3918]], device='cuda:0')
The shape of the input_data is: torch.Size([2025, 2])
The shape of the mean is: torch.Size([2025])
Shapes of TP, FP, FN, TN: 0, 0, 446, 1579
self.x_train shape: torch.Size([1, 2])
additional_x_train shape: torch.Size([6, 2])
additional_x_train: tensor([[0.0186, 0.5625],
        [0.3756, 0.7804],
        [0.0235, 0.3762],
        [0.0448, 0.5209],
        [0.0156, 0.0015],
        [0.4715, 0.3918]], device='cuda:0')
Training points after adding:  tensor([[0.0235, 0.3762],
        [0.0186, 0.5625],
        [0.4715, 0.3918],
        [0.3756, 0.7804],
        [0.7133, 0.0476],
        [0.0448, 0.5209],
        [0.0156, 0.0015]], device='cuda:0') torch.Size([7, 2])
Iteration 1 completed. Output saved to /raven/u/dvoss/al_pmssmwithgp/model/plots/plots_two_circles/Iter1
Completed iteration 1
Starting iteration 2
Starting Iteration 2 with Active Learning
Initial Training Points:
X Train: tensor([[0.7490, 0.8752]], device='cuda:0'), Shape: torch.Size([1, 2])
Y Train: tensor([3.0571], device='cuda:0'), Shape: torch.Size([1])
These training_points are used in the GP tensor([[0.0235, 0.3762],
        [0.0186, 0.5625],
        [0.4715, 0.3918],
        [0.3756, 0.7804],
        [0.7133, 0.0476],
        [0.0448, 0.5209],
        [0.0156, 0.0015]], device='cuda:0')
Iter 1 / 1000 - Loss (Train): 1.444 - Loss (Val): 1.178
Iter 101 / 1000 - Loss (Train): 1.347 - Loss (Val): 0.806
Iter 201 / 1000 - Loss (Train): 1.299 - Loss (Val): 0.444
Iter 301 / 1000 - Loss (Train): 1.269 - Loss (Val): 0.111
Iter 401 / 1000 - Loss (Train): 1.247 - Loss (Val): -0.174
Iter 501 / 1000 - Loss (Train): 1.233 - Loss (Val): -0.426
Iter 601 / 1000 - Loss (Train): 1.225 - Loss (Val): -0.636
Iter 701 / 1000 - Loss (Train): 1.219 - Loss (Val): -0.816
Iter 801 / 1000 - Loss (Train): 1.212 - Loss (Val): -0.975
Iter 901 / 1000 - Loss (Train): 1.211 - Loss (Val): -1.120
best model parameters:  OrderedDict([('likelihood.noise_covar.raw_noise', tensor([-5.4591], device='cuda:0')), ('likelihood.noise_covar.raw_noise_constraint.lower_bound', tensor(1.0000e-04, device='cuda:0')), ('likelihood.noise_covar.raw_noise_constraint.upper_bound', tensor(inf, device='cuda:0')), ('mean_module.weights', tensor([[0.9491],
        [0.8440]], device='cuda:0')), ('mean_module.bias', tensor([0.4248], device='cuda:0')), ('covar_module.raw_lengthscale', tensor([[-2.4925]], device='cuda:0')), ('covar_module.raw_lengthscale_constraint.lower_bound', tensor(0.1000, device='cuda:0')), ('covar_module.raw_lengthscale_constraint.upper_bound', tensor(inf, device='cuda:0')), ('task_covar_module.covar_factor', tensor([[0.3367]], device='cuda:0')), ('task_covar_module.raw_var', tensor([0.1288], device='cuda:0')), ('task_covar_module.IndexKernelPrior.a', tensor([0.], device='cuda:0')), ('task_covar_module.IndexKernelPrior.b', tensor([1.], device='cuda:0')), ('task_covar_module.IndexKernelPrior.sigma', tensor([0.0100], device='cuda:0')), ('task_covar_module.IndexKernelPrior.tails.loc', tensor([0.], device='cuda:0')), ('task_covar_module.IndexKernelPrior.tails.scale', tensor([0.0100], device='cuda:0')), ('task_covar_module.raw_var_constraint.lower_bound', tensor(0., device='cuda:0')), ('task_covar_module.raw_var_constraint.upper_bound', tensor(inf, device='cuda:0'))])
Plot saved to /raven/u/dvoss/al_pmssmwithgp/model/plots/plots_two_circles/Iter2/loss_plot_two_circles2D_raven.png
Likelihood MultivariateNormal(loc: torch.Size([2025]))
Mean:  tensor([[0.2944],
        [0.3182],
        [0.3455],
        ...,
        [2.1733],
        [2.1954],
        [2.2173]], device='cuda:0')
Variance:  tensor([[0.0257],
        [0.0132],
        [0.0416],
        ...,
        [1.0043],
        [1.0043],
        [1.0043]], device='cuda:0')
Entropy:  tensor([0.1356, 0.2399, 0.0313,  ..., 0.2260, 0.3285, 0.0333], device='cuda:0')
Selected points (indices): {1417, 906, 1649, 406, 1242, 895}
Selected new x values (normalized): tensor([[0.8860, 0.9672],
        [0.5629, 0.4560],
        [0.4889, 0.3232],
        [0.3880, 0.4468],
        [0.3848, 0.3581],
        [0.5558, 0.3643]], device='cuda:0')
The shape of the input_data is: torch.Size([2025, 2])
The shape of the mean is: torch.Size([2025])
Shapes of TP, FP, FN, TN: 28, 24, 418, 1555
self.x_train shape: torch.Size([7, 2])
additional_x_train shape: torch.Size([6, 2])
additional_x_train: tensor([[0.8860, 0.9672],
        [0.5629, 0.4560],
        [0.4889, 0.3232],
        [0.3880, 0.4468],
        [0.3848, 0.3581],
        [0.5558, 0.3643]], device='cuda:0')
Training points after adding:  tensor([[0.8860, 0.9672],
        [0.3848, 0.3581],
        [0.0448, 0.5209],
        [0.0235, 0.3762],
        [0.4889, 0.3232],
        [0.3756, 0.7804],
        [0.0156, 0.0015],
        [0.0186, 0.5625],
        [0.5629, 0.4560],
        [0.3880, 0.4468],
        [0.7133, 0.0476],
        [0.5558, 0.3643],
        [0.4715, 0.3918]], device='cuda:0') torch.Size([13, 2])
Iteration 2 completed. Output saved to /raven/u/dvoss/al_pmssmwithgp/model/plots/plots_two_circles/Iter2
Completed iteration 2
Starting iteration 3
Starting Iteration 3 with Active Learning
Initial Training Points:
X Train: tensor([[0.1067, 0.0046]], device='cuda:0'), Shape: torch.Size([1, 2])
Y Train: tensor([0.6649], device='cuda:0'), Shape: torch.Size([1])
These training_points are used in the GP tensor([[0.8860, 0.9672],
        [0.3848, 0.3581],
        [0.0448, 0.5209],
        [0.0235, 0.3762],
        [0.4889, 0.3232],
        [0.3756, 0.7804],
        [0.0156, 0.0015],
        [0.0186, 0.5625],
        [0.5629, 0.4560],
        [0.3880, 0.4468],
        [0.7133, 0.0476],
        [0.5558, 0.3643],
        [0.4715, 0.3918]], device='cuda:0')
Iter 1 / 1000 - Loss (Train): 1.515 - Loss (Val): 1.167
Iter 101 / 1000 - Loss (Train): 1.380 - Loss (Val): 0.802
Iter 201 / 1000 - Loss (Train): 1.267 - Loss (Val): 0.407
Iter 301 / 1000 - Loss (Train): 1.243 - Loss (Val): 0.156
Iter 401 / 1000 - Loss (Train): 1.237 - Loss (Val): 0.035
Iter 501 / 1000 - Loss (Train): 1.235 - Loss (Val): -0.059
Iter 601 / 1000 - Loss (Train): 1.235 - Loss (Val): -0.116
Iter 701 / 1000 - Loss (Train): 1.232 - Loss (Val): -0.158
Iter 801 / 1000 - Loss (Train): 1.234 - Loss (Val): -0.180
Iter 901 / 1000 - Loss (Train): 1.231 - Loss (Val): -0.215
best model parameters:  OrderedDict([('likelihood.noise_covar.raw_noise', tensor([-3.1923], device='cuda:0')), ('likelihood.noise_covar.raw_noise_constraint.lower_bound', tensor(1.0000e-04, device='cuda:0')), ('likelihood.noise_covar.raw_noise_constraint.upper_bound', tensor(inf, device='cuda:0')), ('mean_module.weights', tensor([[0.0594],
        [0.1906]], device='cuda:0')), ('mean_module.bias', tensor([1.1286], device='cuda:0')), ('covar_module.raw_lengthscale', tensor([[-2.7963]], device='cuda:0')), ('covar_module.raw_lengthscale_constraint.lower_bound', tensor(0.1000, device='cuda:0')), ('covar_module.raw_lengthscale_constraint.upper_bound', tensor(inf, device='cuda:0')), ('task_covar_module.covar_factor', tensor([[0.3367]], device='cuda:0')), ('task_covar_module.raw_var', tensor([0.1288], device='cuda:0')), ('task_covar_module.IndexKernelPrior.a', tensor([0.], device='cuda:0')), ('task_covar_module.IndexKernelPrior.b', tensor([1.], device='cuda:0')), ('task_covar_module.IndexKernelPrior.sigma', tensor([0.0100], device='cuda:0')), ('task_covar_module.IndexKernelPrior.tails.loc', tensor([0.], device='cuda:0')), ('task_covar_module.IndexKernelPrior.tails.scale', tensor([0.0100], device='cuda:0')), ('task_covar_module.raw_var_constraint.lower_bound', tensor(0., device='cuda:0')), ('task_covar_module.raw_var_constraint.upper_bound', tensor(inf, device='cuda:0'))])
Plot saved to /raven/u/dvoss/al_pmssmwithgp/model/plots/plots_two_circles/Iter3/loss_plot_two_circles2D_raven.png
Likelihood MultivariateNormal(loc: torch.Size([2025]))
Mean:  tensor([[0.3371],
        [0.3479],
        [0.3673],
        ...,
        [0.9814],
        [1.0100],
        [1.0436]], device='cuda:0')
Variance:  tensor([[0.0791],
        [0.0791],
        [0.0933],
        ...,
        [0.2727],
        [0.3751],
        [0.4868]], device='cuda:0')
Entropy:  tensor([0.0707, 0.1058, 0.4206,  ..., 0.2348, 0.0363, 0.2695], device='cuda:0')
Selected points (indices): {1806, 374, 1335, 601, 1114, 191}
Selected new x values (normalized): tensor([[0.3238, 0.4942],
        [0.3309, 0.1704],
        [0.2274, 0.2277],
        [0.4564, 0.4820],
        [0.4267, 0.2026],
        [0.2148, 0.4278]], device='cuda:0')
The shape of the input_data is: torch.Size([2025, 2])
The shape of the mean is: torch.Size([2025])
Shapes of TP, FP, FN, TN: 155, 8, 291, 1571
self.x_train shape: torch.Size([13, 2])
additional_x_train shape: torch.Size([6, 2])
additional_x_train: tensor([[0.3238, 0.4942],
        [0.3309, 0.1704],
        [0.2274, 0.2277],
        [0.4564, 0.4820],
        [0.4267, 0.2026],
        [0.2148, 0.4278]], device='cuda:0')
Training points after adding:  tensor([[0.8860, 0.9672],
        [0.3756, 0.7804],
        [0.4267, 0.2026],
        [0.0186, 0.5625],
        [0.3309, 0.1704],
        [0.4715, 0.3918],
        [0.4889, 0.3232],
        [0.3848, 0.3581],
        [0.4564, 0.4820],
        [0.5558, 0.3643],
        [0.3238, 0.4942],
        [0.0448, 0.5209],
        [0.0235, 0.3762],
        [0.0156, 0.0015],
        [0.7133, 0.0476],
        [0.2148, 0.4278],
        [0.3880, 0.4468],
        [0.5629, 0.4560],
        [0.2274, 0.2277]], device='cuda:0') torch.Size([19, 2])
Iteration 3 completed. Output saved to /raven/u/dvoss/al_pmssmwithgp/model/plots/plots_two_circles/Iter3
Completed iteration 3
Starting iteration 4
Starting Iteration 4 with Active Learning
Initial Training Points:
X Train: tensor([[0.0951, 0.5167]], device='cuda:0'), Shape: torch.Size([1, 2])
Y Train: tensor([1.2109], device='cuda:0'), Shape: torch.Size([1])
These training_points are used in the GP tensor([[0.8860, 0.9672],
        [0.3756, 0.7804],
        [0.4267, 0.2026],
        [0.0186, 0.5625],
        [0.3309, 0.1704],
        [0.4715, 0.3918],
        [0.4889, 0.3232],
        [0.3848, 0.3581],
        [0.4564, 0.4820],
        [0.5558, 0.3643],
        [0.3238, 0.4942],
        [0.0448, 0.5209],
        [0.0235, 0.3762],
        [0.0156, 0.0015],
        [0.7133, 0.0476],
        [0.2148, 0.4278],
        [0.3880, 0.4468],
        [0.5629, 0.4560],
        [0.2274, 0.2277]], device='cuda:0')
Iter 1 / 1000 - Loss (Train): 1.652 - Loss (Val): 1.160
Iter 101 / 1000 - Loss (Train): 1.405 - Loss (Val): 0.783
Iter 201 / 1000 - Loss (Train): 1.104 - Loss (Val): 0.265
Iter 301 / 1000 - Loss (Train): 0.960 - Loss (Val): -0.233
Iter 401 / 1000 - Loss (Train): 0.887 - Loss (Val): -0.605
Iter 501 / 1000 - Loss (Train): 0.842 - Loss (Val): -0.914
Iter 601 / 1000 - Loss (Train): 0.810 - Loss (Val): -1.178
Iter 701 / 1000 - Loss (Train): 0.787 - Loss (Val): -0.743
Iter 801 / 1000 - Loss (Train): 0.772 - Loss (Val): 180.675
Iter 901 / 1000 - Loss (Train): 0.772 - Loss (Val): 6.190
best model parameters:  OrderedDict([('likelihood.noise_covar.raw_noise', tensor([-6.7436], device='cuda:0')), ('likelihood.noise_covar.raw_noise_constraint.lower_bound', tensor(1.0000e-04, device='cuda:0')), ('likelihood.noise_covar.raw_noise_constraint.upper_bound', tensor(inf, device='cuda:0')), ('mean_module.weights', tensor([[0.5261],
        [0.1419]], device='cuda:0')), ('mean_module.bias', tensor([0.9385], device='cuda:0')), ('covar_module.raw_lengthscale', tensor([[-2.4133]], device='cuda:0')), ('covar_module.raw_lengthscale_constraint.lower_bound', tensor(0.1000, device='cuda:0')), ('covar_module.raw_lengthscale_constraint.upper_bound', tensor(inf, device='cuda:0')), ('task_covar_module.covar_factor', tensor([[0.3367]], device='cuda:0')), ('task_covar_module.raw_var', tensor([0.1288], device='cuda:0')), ('task_covar_module.IndexKernelPrior.a', tensor([0.], device='cuda:0')), ('task_covar_module.IndexKernelPrior.b', tensor([1.], device='cuda:0')), ('task_covar_module.IndexKernelPrior.sigma', tensor([0.0100], device='cuda:0')), ('task_covar_module.IndexKernelPrior.tails.loc', tensor([0.], device='cuda:0')), ('task_covar_module.IndexKernelPrior.tails.scale', tensor([0.0100], device='cuda:0')), ('task_covar_module.raw_var_constraint.lower_bound', tensor(0., device='cuda:0')), ('task_covar_module.raw_var_constraint.upper_bound', tensor(inf, device='cuda:0'))])
Plot saved to /raven/u/dvoss/al_pmssmwithgp/model/plots/plots_two_circles/Iter4/loss_plot_two_circles2D_raven.png
Likelihood MultivariateNormal(loc: torch.Size([2025]))
Mean:  tensor([[0.2688],
        [0.3359],
        [0.4219],
        ...,
        [0.9835],
        [1.0249],
        [1.0736]], device='cuda:0')
Variance:  tensor([[0.0205],
        [0.0125],
        [0.0304],
        ...,
        [0.1587],
        [0.2432],
        [0.3405]], device='cuda:0')
Entropy:  tensor([0.0543, 0.1119, 0.0053,  ..., 0.0069, 0.0294, 0.1553], device='cuda:0')
Selected points (indices): {416, 198, 9, 1749, 1374, 511}
Selected new x values (normalized): tensor([[0.2727, 0.1149],
        [0.6763, 0.6059],
        [0.1177, 0.2524],
        [0.9999, 0.2956],
        [0.9267, 0.5838],
        [0.8028, 0.5517]], device='cuda:0')
The shape of the input_data is: torch.Size([2025, 2])
The shape of the mean is: torch.Size([2025])
Shapes of TP, FP, FN, TN: 223, 2, 223, 1577
self.x_train shape: torch.Size([19, 2])
additional_x_train shape: torch.Size([6, 2])
additional_x_train: tensor([[0.2727, 0.1149],
        [0.6763, 0.6059],
        [0.1177, 0.2524],
        [0.9999, 0.2956],
        [0.9267, 0.5838],
        [0.8028, 0.5517]], device='cuda:0')
Training points after adding:  tensor([[0.3756, 0.7804],
        [0.0186, 0.5625],
        [0.4267, 0.2026],
        [0.1177, 0.2524],
        [0.4564, 0.4820],
        [0.4715, 0.3918],
        [0.9267, 0.5838],
        [0.4889, 0.3232],
        [0.3309, 0.1704],
        [0.3848, 0.3581],
        [0.3238, 0.4942],
        [0.2727, 0.1149],
        [0.9999, 0.2956],
        [0.5558, 0.3643],
        [0.0448, 0.5209],
        [0.0235, 0.3762],
        [0.0156, 0.0015],
        [0.7133, 0.0476],
        [0.2148, 0.4278],
        [0.2274, 0.2277],
        [0.6763, 0.6059],
        [0.8028, 0.5517],
        [0.3880, 0.4468],
        [0.5629, 0.4560],
        [0.8860, 0.9672]], device='cuda:0') torch.Size([25, 2])
Iteration 4 completed. Output saved to /raven/u/dvoss/al_pmssmwithgp/model/plots/plots_two_circles/Iter4
Completed iteration 4
Starting iteration 5
Starting Iteration 5 with Active Learning
Initial Training Points:
X Train: tensor([[0.9879, 0.6045]], device='cuda:0'), Shape: torch.Size([1, 2])
Y Train: tensor([1.1455], device='cuda:0'), Shape: torch.Size([1])
These training_points are used in the GP tensor([[0.3756, 0.7804],
        [0.0186, 0.5625],
        [0.4267, 0.2026],
        [0.1177, 0.2524],
        [0.4564, 0.4820],
        [0.4715, 0.3918],
        [0.9267, 0.5838],
        [0.4889, 0.3232],
        [0.3309, 0.1704],
        [0.3848, 0.3581],
        [0.3238, 0.4942],
        [0.2727, 0.1149],
        [0.9999, 0.2956],
        [0.5558, 0.3643],
        [0.0448, 0.5209],
        [0.0235, 0.3762],
        [0.0156, 0.0015],
        [0.7133, 0.0476],
        [0.2148, 0.4278],
        [0.2274, 0.2277],
        [0.6763, 0.6059],
        [0.8028, 0.5517],
        [0.3880, 0.4468],
        [0.5629, 0.4560],
        [0.8860, 0.9672]], device='cuda:0')
Iter 1 / 1000 - Loss (Train): 1.705 - Loss (Val): 1.160
Iter 101 / 1000 - Loss (Train): 1.464 - Loss (Val): 0.780
Iter 201 / 1000 - Loss (Train): 1.241 - Loss (Val): 0.259
Iter 301 / 1000 - Loss (Train): 1.122 - Loss (Val): -0.259
Iter 401 / 1000 - Loss (Train): 1.035 - Loss (Val): -0.601
Iter 501 / 1000 - Loss (Train): 0.974 - Loss (Val): -1.755
Iter 601 / 1000 - Loss (Train): 0.933 - Loss (Val): 1.149
Iter 701 / 1000 - Loss (Train): 0.905 - Loss (Val): 24.536
Iter 801 / 1000 - Loss (Train): 0.887 - Loss (Val): -0.292
Iter 901 / 1000 - Loss (Train): 0.874 - Loss (Val): -1.248
best model parameters:  OrderedDict([('likelihood.noise_covar.raw_noise', tensor([-7.5366], device='cuda:0')), ('likelihood.noise_covar.raw_noise_constraint.lower_bound', tensor(1.0000e-04, device='cuda:0')), ('likelihood.noise_covar.raw_noise_constraint.upper_bound', tensor(inf, device='cuda:0')), ('mean_module.weights', tensor([[-0.0206],
        [ 0.7127]], device='cuda:0')), ('mean_module.bias', tensor([0.9363], device='cuda:0')), ('covar_module.raw_lengthscale', tensor([[-2.4148]], device='cuda:0')), ('covar_module.raw_lengthscale_constraint.lower_bound', tensor(0.1000, device='cuda:0')), ('covar_module.raw_lengthscale_constraint.upper_bound', tensor(inf, device='cuda:0')), ('task_covar_module.covar_factor', tensor([[0.3367]], device='cuda:0')), ('task_covar_module.raw_var', tensor([0.1288], device='cuda:0')), ('task_covar_module.IndexKernelPrior.a', tensor([0.], device='cuda:0')), ('task_covar_module.IndexKernelPrior.b', tensor([1.], device='cuda:0')), ('task_covar_module.IndexKernelPrior.sigma', tensor([0.0100], device='cuda:0')), ('task_covar_module.IndexKernelPrior.tails.loc', tensor([0.], device='cuda:0')), ('task_covar_module.IndexKernelPrior.tails.scale', tensor([0.0100], device='cuda:0')), ('task_covar_module.raw_var_constraint.lower_bound', tensor(0., device='cuda:0')), ('task_covar_module.raw_var_constraint.upper_bound', tensor(inf, device='cuda:0'))])
Plot saved to /raven/u/dvoss/al_pmssmwithgp/model/plots/plots_two_circles/Iter5/loss_plot_two_circles2D_raven.png
Likelihood MultivariateNormal(loc: torch.Size([2025]))
Mean:  tensor([[0.2932],
        [0.3222],
        [0.3719],
        ...,
        [0.7517],
        [0.7671],
        [0.8035]], device='cuda:0')
Variance:  tensor([[0.0146],
        [0.0009],
        [0.0117],
        ...,
        [0.1478],
        [0.2322],
        [0.3350]], device='cuda:0')
Entropy:  tensor([0.0057, 0.0212, 0.0091,  ..., 0.0024, 0.1381, 0.0150], device='cuda:0')
Selected points (indices): {1858, 1732, 13, 2000, 146, 1723}
Selected new x values (normalized): tensor([[0.1642, 0.1777],
        [0.6535, 0.8712],
        [0.5494, 0.8018],
        [0.7446, 0.8486],
        [0.8581, 0.7341],
        [0.5051, 0.6388]], device='cuda:0')
The shape of the input_data is: torch.Size([2025, 2])
The shape of the mean is: torch.Size([2025])
Shapes of TP, FP, FN, TN: 426, 5, 20, 1574
self.x_train shape: torch.Size([25, 2])
additional_x_train shape: torch.Size([6, 2])
additional_x_train: tensor([[0.1642, 0.1777],
        [0.6535, 0.8712],
        [0.5494, 0.8018],
        [0.7446, 0.8486],
        [0.8581, 0.7341],
        [0.5051, 0.6388]], device='cuda:0')
Training points after adding:  tensor([[0.8860, 0.9672],
        [0.3756, 0.7804],
        [0.1177, 0.2524],
        [0.0186, 0.5625],
        [0.4267, 0.2026],
        [0.1642, 0.1777],
        [0.4564, 0.4820],
        [0.6535, 0.8712],
        [0.9999, 0.2956],
        [0.4715, 0.3918],
        [0.4889, 0.3232],
        [0.3309, 0.1704],
        [0.3848, 0.3581],
        [0.3238, 0.4942],
        [0.5558, 0.3643],
        [0.0448, 0.5209],
        [0.0235, 0.3762],
        [0.0156, 0.0015],
        [0.7133, 0.0476],
        [0.8581, 0.7341],
        [0.2148, 0.4278],
        [0.2274, 0.2277],
        [0.9267, 0.5838],
        [0.5494, 0.8018],
        [0.3880, 0.4468],
        [0.6763, 0.6059],
        [0.2727, 0.1149],
        [0.7446, 0.8486],
        [0.5629, 0.4560],
        [0.8028, 0.5517],
        [0.5051, 0.6388]], device='cuda:0') torch.Size([31, 2])
Iteration 5 completed. Output saved to /raven/u/dvoss/al_pmssmwithgp/model/plots/plots_two_circles/Iter5
Completed iteration 5
Starting iteration 6
                                  
================================= 
Global information about the job: 
================================= 
  
Job owner: dvoss(54815)
Job name:  al_gp_iter
Node list: ravg1116
Job start: Tue Jan 21 08:38:59 CET 2025
Job end:   Tue Jan 21 08:55:27 CET 2025
Work dir:  /raven/u/dvoss/al_pmssmwithgp/model
Command:   /raven/u/dvoss/al_pmssmwithgp/model/slurm/single_job_two_circles_iteration.sbatch
  
  
  
==========================================================================================
Information on jobsteps (Note: MaxRSS/AveRSS is the maximum/average over all 
tasks of the per-task memory high-water marks; cf. "man sacct"): 
==========================================================================================
  
JobID            JobName NNodes NTasks  NCPUS       MaxRSS       AveRSS    Elapsed ExitCode
------------- ---------- ------ ------ ------ ------------ ------------ ---------- --------
15158450      al_gp_iter      1             4                             00:16:28      0:0
15158450.0    job_two_ci      1      1      4     2402.58M     2402.58M   00:14:49     0:15
  
Maximum memory per node: 2.519293 GB (defined as MaxRSS*Ntasks/NNodes)
CPU utilization: 38.6 %
  
