Defaulting to user installation because normal site-packages is not writeable
Requirement already satisfied: uproot in /raven/u/dvoss/.local/lib/python3.9/site-packages (5.3.10)
Requirement already satisfied: packaging in /raven/u/system/soft/SLE_15/packages/x86_64/anaconda/3/2021.11/lib/python3.9/site-packages (from uproot) (21.0)
Requirement already satisfied: cramjam>=2.5.0 in /raven/u/dvoss/.local/lib/python3.9/site-packages (from uproot) (2.8.3)
Requirement already satisfied: typing-extensions>=4.1.0 in /raven/u/dvoss/.local/lib/python3.9/site-packages (from uproot) (4.12.2)
Requirement already satisfied: numpy in /raven/u/system/soft/SLE_15/packages/x86_64/anaconda/3/2021.11/lib/python3.9/site-packages (from uproot) (1.20.3)
Requirement already satisfied: fsspec in /raven/u/dvoss/.local/lib/python3.9/site-packages (from uproot) (2024.6.1)
Requirement already satisfied: awkward>=2.4.6 in /raven/u/dvoss/.local/lib/python3.9/site-packages (from uproot) (2.6.6)
Requirement already satisfied: importlib-metadata>=4.13.0 in /raven/u/dvoss/.local/lib/python3.9/site-packages (from awkward>=2.4.6->uproot) (8.0.0)
Requirement already satisfied: awkward-cpp==35 in /raven/u/dvoss/.local/lib/python3.9/site-packages (from awkward>=2.4.6->uproot) (35)
Requirement already satisfied: zipp>=0.5 in /raven/u/system/soft/SLE_15/packages/x86_64/anaconda/3/2021.11/lib/python3.9/site-packages (from importlib-metadata>=4.13.0->awkward>=2.4.6->uproot) (3.6.0)
Requirement already satisfied: pyparsing>=2.0.2 in /raven/u/system/soft/SLE_15/packages/x86_64/anaconda/3/2021.11/lib/python3.9/site-packages (from packaging->uproot) (3.0.4)
Defaulting to user installation because normal site-packages is not writeable
Collecting argparse
  Using cached argparse-1.4.0-py2.py3-none-any.whl (23 kB)
Installing collected packages: argparse
Successfully installed argparse-1.4.0
Defaulting to user installation because normal site-packages is not writeable
Requirement already satisfied: pyslha in /raven/u/dvoss/.local/lib/python3.9/site-packages (3.2.6)
Requirement already satisfied: tex2pix>=0.1.5 in /raven/u/dvoss/.local/lib/python3.9/site-packages (from pyslha) (0.3.1)
Defaulting to user installation because normal site-packages is not writeable
Requirement already satisfied: structlog in /raven/u/dvoss/.local/lib/python3.9/site-packages (24.4.0)
Starting iteration 1
Initial Training points:  tensor([0.5119, 0.8528, 0.5812], device='cuda:0') torch.Size([3])
These training_points are used in the GP tensor([0.5119, 0.8528, 0.5812], device='cuda:0')
points: {0, 169, 655}
new xs normalized:  tensor([0.0000, 0.1692, 0.6557], device='cuda:0')
Corresponding xs: tensor([-2000.0000, -1323.3234,   622.6226], device='cuda:0')
Plot saved to /raven/u/dvoss/al_pmssmwithgp/model/plots/Iter1/gp_plot.png
YAML file has been created: /u/dvoss/al_pmssmwithgp/Run3ModelGen/source/Run3ModelGen/data/new_config.yaml
Note: detected 144 virtual cores but NumExpr set to maximum of 64, check "NUMEXPR_MAX_THREADS" environment variable.
Note: NumExpr detected 144 cores but "NUMEXPR_MAX_THREADS" not set, so enforcing safe limit of 8.
NumExpr defaulting to 8 threads.

  ___              ____ __  __          _       _   ___            
 | _ \ _  _  _ _  |__ /|  \/  | ___  __| | ___ | | / __| ___  _ _  
 |   /| || || ' \  |_ \| |\/| |/ _ \/ _` |/ -_)| || (_ |/ -_)| ' \ 
 |_|_\ \_,_||_||_||___/|_|  |_|\___/\__,_|\___||_| \___|\___||_||_|
                                                                   

2024-08-09 15:37:53 [info     ] Initialised ModelGenerator with: [Run3ModelGen.modelgen]
2024-08-09 15:37:53 [info     ] 	config_file = /u/dvoss/al_pmssmwithgp/Run3ModelGen/source/Run3ModelGen/data/new_config.yaml [Run3ModelGen.modelgen]
2024-08-09 15:37:53 [info     ] 	scan_dir = /u/dvoss/al_pmssmwithgp/Run3ModelGen/source/Run3ModelGen/scans/scan_1 [Run3ModelGen.modelgen]
2024-08-09 15:37:53 [info     ] 	rawfilen = /u/dvoss/al_pmssmwithgp/Run3ModelGen/source/Run3ModelGen/data/raw.slha [Run3ModelGen.modelgen]
2024-08-09 15:37:53 [info     ] 	seed = 123                    [Run3ModelGen.modelgen]
2024-08-09 15:37:53 [info     ] 	points = {}                   [Run3ModelGen.modelgen]
2024-08-09 15:37:53 [info     ] 	prior = fixed                 [Run3ModelGen.modelgen]
2024-08-09 15:37:53 [info     ] 	num_models = 3                [Run3ModelGen.modelgen]
2024-08-09 15:37:53 [info     ] 	isGMSB = False                [Run3ModelGen.modelgen]
2024-08-09 15:37:53 [info     ] 	parameters =                  [Run3ModelGen.modelgen]
2024-08-09 15:37:53 [info     ] 		tanb: [60, 60, 60]           [Run3ModelGen.modelgen]
2024-08-09 15:37:53 [info     ] 		M_1: [-2000.0, -1323.32, 622.62] [Run3ModelGen.modelgen]
2024-08-09 15:37:53 [info     ] 		M_2: [2000, 2000, 2000]      [Run3ModelGen.modelgen]
2024-08-09 15:37:53 [info     ] 		M_3: [4000, 4000, 4000]      [Run3ModelGen.modelgen]
2024-08-09 15:37:53 [info     ] 		AT: [4000, 4000, 4000]       [Run3ModelGen.modelgen]
2024-08-09 15:37:53 [info     ] 		Ab: [2000, 2000, 2000]       [Run3ModelGen.modelgen]
2024-08-09 15:37:53 [info     ] 		Atau: [2000, 2000, 2000]     [Run3ModelGen.modelgen]
2024-08-09 15:37:53 [info     ] 		mu: [2000, 2000, 2000]       [Run3ModelGen.modelgen]
2024-08-09 15:37:53 [info     ] 		mA: [2000, 2000, 2000]       [Run3ModelGen.modelgen]
2024-08-09 15:37:53 [info     ] 		meL: [2000, 2000, 2000]      [Run3ModelGen.modelgen]
2024-08-09 15:37:53 [info     ] 		mtauL: [2000, 2000, 2000]    [Run3ModelGen.modelgen]
2024-08-09 15:37:53 [info     ] 		meR: [2000, 2000, 2000]      [Run3ModelGen.modelgen]
2024-08-09 15:37:53 [info     ] 		mtauR: [2000, 2000, 2000]    [Run3ModelGen.modelgen]
2024-08-09 15:37:53 [info     ] 		mqL1: [4000, 4000, 4000]     [Run3ModelGen.modelgen]
2024-08-09 15:37:53 [info     ] 		mqL3: [4000, 4000, 4000]     [Run3ModelGen.modelgen]
2024-08-09 15:37:53 [info     ] 		muR: [4000, 4000, 4000]      [Run3ModelGen.modelgen]
2024-08-09 15:37:53 [info     ] 		mtR: [4000, 4000, 4000]      [Run3ModelGen.modelgen]
2024-08-09 15:37:53 [info     ] 		mdR: [4000, 4000, 4000]      [Run3ModelGen.modelgen]
2024-08-09 15:37:53 [info     ] 		mbR: [4000, 4000, 4000]      [Run3ModelGen.modelgen]
2024-08-09 15:37:53 [info     ] 	steps =                       [Run3ModelGen.modelgen]
2024-08-09 15:37:53 [info     ] 		{'name': 'prep_input', 'output_dir': 'input', 'prefix': 'IN'} [Run3ModelGen.modelgen]
2024-08-09 15:37:53 [info     ] 		{'name': 'SPheno', 'input_dir': 'input', 'output_dir': 'SPheno', 'log_dir': 'SPheno_log', 'prefix': 'SP'} [Run3ModelGen.modelgen]
2024-08-09 15:37:53 [info     ] 		{'name': 'softsusy', 'input_dir': 'input', 'output_dir': 'softsusy', 'prefix': 'SS'} [Run3ModelGen.modelgen]
2024-08-09 15:37:53 [info     ] 		{'name': 'micromegas', 'input_dir': 'SPheno', 'output_dir': 'micromegas', 'prefix': 'MO'} [Run3ModelGen.modelgen]
2024-08-09 15:37:53 [info     ] 		{'name': 'superiso', 'input_dir': 'SPheno', 'output_dir': 'superiso', 'prefix': 'SI'} [Run3ModelGen.modelgen]
2024-08-09 15:37:53 [info     ] 		{'name': 'gm2calc', 'input_dir': 'SPheno', 'output_dir': 'gm2calc', 'prefix': 'GM2'} [Run3ModelGen.modelgen]
2024-08-09 15:37:53 [info     ] 		{'name': 'evade', 'input_dir': 'SPheno', 'output_dir': 'evade', 'prefix': 'EV'} [Run3ModelGen.modelgen]
2024-08-09 15:37:53 [info     ] Starting Model Generation...   [Run3ModelGen.modelgen]
2024-08-09 15:37:53 [info     ] Setting up output directories for scan [Run3ModelGen.modelgen]
2024-08-09 15:37:53 [info     ] Generating Model: 0.slha (1/3) [Run3ModelGen.modelgen]
2024-08-09 15:37:53 [info     ] 	running step: prep_input      [Run3ModelGen.modelgen]
2024-08-09 15:37:53 [info     ] 	running step: SPheno          [Run3ModelGen.modelgen]
2024-08-09 15:37:54 [info     ] 	running step: softsusy        [Run3ModelGen.modelgen]
2024-08-09 15:37:54 [info     ] 	running step: micromegas      [Run3ModelGen.modelgen]
2024-08-09 15:37:58 [info     ] 	running step: superiso        [Run3ModelGen.modelgen]
2024-08-09 15:37:59 [info     ] 	running step: gm2calc         [Run3ModelGen.modelgen]
2024-08-09 15:37:59 [info     ] 	running step: evade           [Run3ModelGen.modelgen]
2024-08-09 15:37:59 [info     ] Generating Model: 1.slha (2/3) [Run3ModelGen.modelgen]
2024-08-09 15:37:59 [info     ] 	running step: prep_input      [Run3ModelGen.modelgen]
2024-08-09 15:37:59 [info     ] 	running step: SPheno          [Run3ModelGen.modelgen]
2024-08-09 15:37:59 [info     ] 	running step: softsusy        [Run3ModelGen.modelgen]
2024-08-09 15:37:59 [info     ] 	running step: micromegas      [Run3ModelGen.modelgen]
2024-08-09 15:37:59 [info     ] 	running step: superiso        [Run3ModelGen.modelgen]
2024-08-09 15:37:59 [info     ] 	running step: gm2calc         [Run3ModelGen.modelgen]
2024-08-09 15:37:59 [info     ] 	running step: evade           [Run3ModelGen.modelgen]
2024-08-09 15:37:59 [info     ] Generating Model: 2.slha (3/3) [Run3ModelGen.modelgen]
2024-08-09 15:37:59 [info     ] 	running step: prep_input      [Run3ModelGen.modelgen]
2024-08-09 15:37:59 [info     ] 	running step: SPheno          [Run3ModelGen.modelgen]
2024-08-09 15:38:00 [info     ] 	running step: softsusy        [Run3ModelGen.modelgen]
2024-08-09 15:38:00 [info     ] 	running step: micromegas      [Run3ModelGen.modelgen]
2024-08-09 15:38:00 [info     ] 	running step: superiso        [Run3ModelGen.modelgen]
2024-08-09 15:38:00 [info     ] 	running step: gm2calc         [Run3ModelGen.modelgen]
2024-08-09 15:38:00 [info     ] 	running step: evade           [Run3ModelGen.modelgen]
2024-08-09 15:38:00 [info     ] Finished generating models! Stats for successful generations (successful/attempted): [Run3ModelGen.modelgen]
2024-08-09 15:38:00 [info     ] 	prep_input: 3/3.              [Run3ModelGen.modelgen]
2024-08-09 15:38:00 [info     ] 	SPheno: 3/3.                  [Run3ModelGen.modelgen]
2024-08-09 15:38:00 [info     ] 	softsusy: 3/3.                [Run3ModelGen.modelgen]
2024-08-09 15:38:00 [info     ] 	micromegas: 3/3.              [Run3ModelGen.modelgen]
2024-08-09 15:38:00 [info     ] 	superiso: 3/3.                [Run3ModelGen.modelgen]
2024-08-09 15:38:00 [info     ] 	gm2calc: 3/3.                 [Run3ModelGen.modelgen]
2024-08-09 15:38:00 [info     ] 	evade: 0/3.                   [Run3ModelGen.modelgen]
2024-08-09 15:38:00 [info     ] Will make NTuple for: /u/dvoss/al_pmssmwithgp/Run3ModelGen/source/Run3ModelGen/scans/scan_1, with 3 models [Run3ModelGen.ntupling]
2024-08-09 15:38:00 [info     ] 	Filling values for model: 0   [Run3ModelGen.ntupling]
2024-08-09 15:38:00 [info     ] Saving NTuple in /u/dvoss/al_pmssmwithgp/Run3ModelGen/source/Run3ModelGen/scans/scan_1/ntuple.0.0.root ... [Run3ModelGen.ntupling]
Completed iteration 1
Starting iteration 2
Initial Training points:  tensor([0.5119, 0.8528, 0.5812], device='cuda:0') torch.Size([3])
Training points after adding:  tensor([0.5119, 0.8528, 0.5812, 0.1638, 0.5464, 0.8017], device='cuda:0') torch.Size([6])
These training_points are used in the GP tensor([0.5119, 0.8528, 0.5812, 0.1638, 0.5464, 0.8017], device='cuda:0')
points: {0, 786, 7}
new xs normalized:  tensor([0.0000, 0.7868, 0.0070], device='cuda:0')
Corresponding xs: tensor([-2000.0000,  1147.1472, -1971.9719], device='cuda:0')
Plot saved to /raven/u/dvoss/al_pmssmwithgp/model/plots/Iter2/gp_plot.png
YAML file has been created: /u/dvoss/al_pmssmwithgp/Run3ModelGen/source/Run3ModelGen/data/new_config.yaml
Note: detected 144 virtual cores but NumExpr set to maximum of 64, check "NUMEXPR_MAX_THREADS" environment variable.
Note: NumExpr detected 144 cores but "NUMEXPR_MAX_THREADS" not set, so enforcing safe limit of 8.
NumExpr defaulting to 8 threads.

  ___              ____ __  __          _       _   ___            
 | _ \ _  _  _ _  |__ /|  \/  | ___  __| | ___ | | / __| ___  _ _  
 |   /| || || ' \  |_ \| |\/| |/ _ \/ _` |/ -_)| || (_ |/ -_)| ' \ 
 |_|_\ \_,_||_||_||___/|_|  |_|\___/\__,_|\___||_| \___|\___||_||_|
                                                                   

2024-08-09 15:38:39 [info     ] Initialised ModelGenerator with: [Run3ModelGen.modelgen]
2024-08-09 15:38:39 [info     ] 	config_file = /u/dvoss/al_pmssmwithgp/Run3ModelGen/source/Run3ModelGen/data/new_config.yaml [Run3ModelGen.modelgen]
2024-08-09 15:38:39 [info     ] 	scan_dir = /u/dvoss/al_pmssmwithgp/Run3ModelGen/source/Run3ModelGen/scans/scan_2 [Run3ModelGen.modelgen]
2024-08-09 15:38:39 [info     ] 	rawfilen = /u/dvoss/al_pmssmwithgp/Run3ModelGen/source/Run3ModelGen/data/raw.slha [Run3ModelGen.modelgen]
2024-08-09 15:38:39 [info     ] 	seed = 123                    [Run3ModelGen.modelgen]
2024-08-09 15:38:39 [info     ] 	points = {}                   [Run3ModelGen.modelgen]
2024-08-09 15:38:39 [info     ] 	prior = fixed                 [Run3ModelGen.modelgen]
2024-08-09 15:38:39 [info     ] 	num_models = 3                [Run3ModelGen.modelgen]
2024-08-09 15:38:39 [info     ] 	isGMSB = False                [Run3ModelGen.modelgen]
2024-08-09 15:38:39 [info     ] 	parameters =                  [Run3ModelGen.modelgen]
2024-08-09 15:38:39 [info     ] 		tanb: [60, 60, 60]           [Run3ModelGen.modelgen]
2024-08-09 15:38:39 [info     ] 		M_1: [-2000.0, 1147.15, -1971.97] [Run3ModelGen.modelgen]
2024-08-09 15:38:39 [info     ] 		M_2: [2000, 2000, 2000]      [Run3ModelGen.modelgen]
2024-08-09 15:38:39 [info     ] 		M_3: [4000, 4000, 4000]      [Run3ModelGen.modelgen]
2024-08-09 15:38:39 [info     ] 		AT: [4000, 4000, 4000]       [Run3ModelGen.modelgen]
2024-08-09 15:38:39 [info     ] 		Ab: [2000, 2000, 2000]       [Run3ModelGen.modelgen]
2024-08-09 15:38:39 [info     ] 		Atau: [2000, 2000, 2000]     [Run3ModelGen.modelgen]
2024-08-09 15:38:39 [info     ] 		mu: [2000, 2000, 2000]       [Run3ModelGen.modelgen]
2024-08-09 15:38:39 [info     ] 		mA: [2000, 2000, 2000]       [Run3ModelGen.modelgen]
2024-08-09 15:38:39 [info     ] 		meL: [2000, 2000, 2000]      [Run3ModelGen.modelgen]
2024-08-09 15:38:39 [info     ] 		mtauL: [2000, 2000, 2000]    [Run3ModelGen.modelgen]
2024-08-09 15:38:39 [info     ] 		meR: [2000, 2000, 2000]      [Run3ModelGen.modelgen]
2024-08-09 15:38:39 [info     ] 		mtauR: [2000, 2000, 2000]    [Run3ModelGen.modelgen]
2024-08-09 15:38:39 [info     ] 		mqL1: [4000, 4000, 4000]     [Run3ModelGen.modelgen]
2024-08-09 15:38:39 [info     ] 		mqL3: [4000, 4000, 4000]     [Run3ModelGen.modelgen]
2024-08-09 15:38:39 [info     ] 		muR: [4000, 4000, 4000]      [Run3ModelGen.modelgen]
2024-08-09 15:38:39 [info     ] 		mtR: [4000, 4000, 4000]      [Run3ModelGen.modelgen]
2024-08-09 15:38:39 [info     ] 		mdR: [4000, 4000, 4000]      [Run3ModelGen.modelgen]
2024-08-09 15:38:39 [info     ] 		mbR: [4000, 4000, 4000]      [Run3ModelGen.modelgen]
2024-08-09 15:38:39 [info     ] 	steps =                       [Run3ModelGen.modelgen]
2024-08-09 15:38:39 [info     ] 		{'name': 'prep_input', 'output_dir': 'input', 'prefix': 'IN'} [Run3ModelGen.modelgen]
2024-08-09 15:38:39 [info     ] 		{'name': 'SPheno', 'input_dir': 'input', 'output_dir': 'SPheno', 'log_dir': 'SPheno_log', 'prefix': 'SP'} [Run3ModelGen.modelgen]
2024-08-09 15:38:39 [info     ] 		{'name': 'softsusy', 'input_dir': 'input', 'output_dir': 'softsusy', 'prefix': 'SS'} [Run3ModelGen.modelgen]
2024-08-09 15:38:39 [info     ] 		{'name': 'micromegas', 'input_dir': 'SPheno', 'output_dir': 'micromegas', 'prefix': 'MO'} [Run3ModelGen.modelgen]
2024-08-09 15:38:39 [info     ] 		{'name': 'superiso', 'input_dir': 'SPheno', 'output_dir': 'superiso', 'prefix': 'SI'} [Run3ModelGen.modelgen]
2024-08-09 15:38:39 [info     ] 		{'name': 'gm2calc', 'input_dir': 'SPheno', 'output_dir': 'gm2calc', 'prefix': 'GM2'} [Run3ModelGen.modelgen]
2024-08-09 15:38:39 [info     ] 		{'name': 'evade', 'input_dir': 'SPheno', 'output_dir': 'evade', 'prefix': 'EV'} [Run3ModelGen.modelgen]
2024-08-09 15:38:39 [info     ] Starting Model Generation...   [Run3ModelGen.modelgen]
2024-08-09 15:38:39 [info     ] Setting up output directories for scan [Run3ModelGen.modelgen]
2024-08-09 15:38:39 [info     ] Generating Model: 0.slha (1/3) [Run3ModelGen.modelgen]
2024-08-09 15:38:39 [info     ] 	running step: prep_input      [Run3ModelGen.modelgen]
2024-08-09 15:38:39 [info     ] 	running step: SPheno          [Run3ModelGen.modelgen]
2024-08-09 15:38:40 [info     ] 	running step: softsusy        [Run3ModelGen.modelgen]
2024-08-09 15:38:40 [info     ] 	running step: micromegas      [Run3ModelGen.modelgen]
2024-08-09 15:38:41 [info     ] 	running step: superiso        [Run3ModelGen.modelgen]
2024-08-09 15:38:41 [info     ] 	running step: gm2calc         [Run3ModelGen.modelgen]
2024-08-09 15:38:41 [info     ] 	running step: evade           [Run3ModelGen.modelgen]
2024-08-09 15:38:41 [info     ] Generating Model: 1.slha (2/3) [Run3ModelGen.modelgen]
2024-08-09 15:38:41 [info     ] 	running step: prep_input      [Run3ModelGen.modelgen]
2024-08-09 15:38:41 [info     ] 	running step: SPheno          [Run3ModelGen.modelgen]
2024-08-09 15:38:41 [info     ] 	running step: softsusy        [Run3ModelGen.modelgen]
2024-08-09 15:38:42 [info     ] 	running step: micromegas      [Run3ModelGen.modelgen]
2024-08-09 15:38:42 [info     ] 	running step: superiso        [Run3ModelGen.modelgen]
2024-08-09 15:38:42 [info     ] 	running step: gm2calc         [Run3ModelGen.modelgen]
2024-08-09 15:38:42 [info     ] 	running step: evade           [Run3ModelGen.modelgen]
2024-08-09 15:38:42 [info     ] Generating Model: 2.slha (3/3) [Run3ModelGen.modelgen]
2024-08-09 15:38:42 [info     ] 	running step: prep_input      [Run3ModelGen.modelgen]
2024-08-09 15:38:42 [info     ] 	running step: SPheno          [Run3ModelGen.modelgen]
2024-08-09 15:38:42 [info     ] 	running step: softsusy        [Run3ModelGen.modelgen]
2024-08-09 15:38:42 [info     ] 	running step: micromegas      [Run3ModelGen.modelgen]
2024-08-09 15:38:44 [info     ] 	running step: superiso        [Run3ModelGen.modelgen]
2024-08-09 15:38:44 [info     ] 	running step: gm2calc         [Run3ModelGen.modelgen]
2024-08-09 15:38:44 [info     ] 	running step: evade           [Run3ModelGen.modelgen]
2024-08-09 15:38:44 [info     ] Finished generating models! Stats for successful generations (successful/attempted): [Run3ModelGen.modelgen]
2024-08-09 15:38:44 [info     ] 	prep_input: 3/3.              [Run3ModelGen.modelgen]
2024-08-09 15:38:44 [info     ] 	SPheno: 3/3.                  [Run3ModelGen.modelgen]
2024-08-09 15:38:44 [info     ] 	softsusy: 3/3.                [Run3ModelGen.modelgen]
2024-08-09 15:38:44 [info     ] 	micromegas: 3/3.              [Run3ModelGen.modelgen]
2024-08-09 15:38:44 [info     ] 	superiso: 3/3.                [Run3ModelGen.modelgen]
2024-08-09 15:38:44 [info     ] 	gm2calc: 3/3.                 [Run3ModelGen.modelgen]
2024-08-09 15:38:44 [info     ] 	evade: 0/3.                   [Run3ModelGen.modelgen]
2024-08-09 15:38:44 [info     ] Will make NTuple for: /u/dvoss/al_pmssmwithgp/Run3ModelGen/source/Run3ModelGen/scans/scan_2, with 3 models [Run3ModelGen.ntupling]
2024-08-09 15:38:44 [info     ] 	Filling values for model: 0   [Run3ModelGen.ntupling]
2024-08-09 15:38:44 [info     ] Saving NTuple in /u/dvoss/al_pmssmwithgp/Run3ModelGen/source/Run3ModelGen/scans/scan_2/ntuple.0.0.root ... [Run3ModelGen.ntupling]
Completed iteration 2
Starting iteration 3
Initial Training points:  tensor([0.5119, 0.8528, 0.5812], device='cuda:0') torch.Size([3])
Training points after adding:  tensor([0.5119, 0.8528, 0.5812, 0.1638, 0.5464, 0.8017, 0.1638, 0.6232, 0.2088],
       device='cuda:0') torch.Size([9])
These training_points are used in the GP tensor([0.5119, 0.8528, 0.5812, 0.1638, 0.5464, 0.8017, 0.1638, 0.6232, 0.2088],
       device='cuda:0')
points: {0, 659, 68}
new xs normalized:  tensor([0.0000, 0.6597, 0.0681], device='cuda:0')
Corresponding xs: tensor([-2000.0000,   638.6387, -1727.7278], device='cuda:0')
Plot saved to /raven/u/dvoss/al_pmssmwithgp/model/plots/Iter3/gp_plot.png
YAML file has been created: /u/dvoss/al_pmssmwithgp/Run3ModelGen/source/Run3ModelGen/data/new_config.yaml
Note: detected 144 virtual cores but NumExpr set to maximum of 64, check "NUMEXPR_MAX_THREADS" environment variable.
Note: NumExpr detected 144 cores but "NUMEXPR_MAX_THREADS" not set, so enforcing safe limit of 8.
NumExpr defaulting to 8 threads.

  ___              ____ __  __          _       _   ___            
 | _ \ _  _  _ _  |__ /|  \/  | ___  __| | ___ | | / __| ___  _ _  
 |   /| || || ' \  |_ \| |\/| |/ _ \/ _` |/ -_)| || (_ |/ -_)| ' \ 
 |_|_\ \_,_||_||_||___/|_|  |_|\___/\__,_|\___||_| \___|\___||_||_|
                                                                   

2024-08-09 15:39:23 [info     ] Initialised ModelGenerator with: [Run3ModelGen.modelgen]
2024-08-09 15:39:23 [info     ] 	config_file = /u/dvoss/al_pmssmwithgp/Run3ModelGen/source/Run3ModelGen/data/new_config.yaml [Run3ModelGen.modelgen]
2024-08-09 15:39:23 [info     ] 	scan_dir = /u/dvoss/al_pmssmwithgp/Run3ModelGen/source/Run3ModelGen/scans/scan_3 [Run3ModelGen.modelgen]
2024-08-09 15:39:23 [info     ] 	rawfilen = /u/dvoss/al_pmssmwithgp/Run3ModelGen/source/Run3ModelGen/data/raw.slha [Run3ModelGen.modelgen]
2024-08-09 15:39:23 [info     ] 	seed = 123                    [Run3ModelGen.modelgen]
2024-08-09 15:39:23 [info     ] 	points = {}                   [Run3ModelGen.modelgen]
2024-08-09 15:39:23 [info     ] 	prior = fixed                 [Run3ModelGen.modelgen]
2024-08-09 15:39:23 [info     ] 	num_models = 3                [Run3ModelGen.modelgen]
2024-08-09 15:39:23 [info     ] 	isGMSB = False                [Run3ModelGen.modelgen]
2024-08-09 15:39:23 [info     ] 	parameters =                  [Run3ModelGen.modelgen]
2024-08-09 15:39:23 [info     ] 		tanb: [60, 60, 60]           [Run3ModelGen.modelgen]
2024-08-09 15:39:23 [info     ] 		M_1: [-2000.0, 638.64, -1727.73] [Run3ModelGen.modelgen]
2024-08-09 15:39:23 [info     ] 		M_2: [2000, 2000, 2000]      [Run3ModelGen.modelgen]
2024-08-09 15:39:23 [info     ] 		M_3: [4000, 4000, 4000]      [Run3ModelGen.modelgen]
2024-08-09 15:39:23 [info     ] 		AT: [4000, 4000, 4000]       [Run3ModelGen.modelgen]
2024-08-09 15:39:23 [info     ] 		Ab: [2000, 2000, 2000]       [Run3ModelGen.modelgen]
2024-08-09 15:39:23 [info     ] 		Atau: [2000, 2000, 2000]     [Run3ModelGen.modelgen]
2024-08-09 15:39:23 [info     ] 		mu: [2000, 2000, 2000]       [Run3ModelGen.modelgen]
2024-08-09 15:39:23 [info     ] 		mA: [2000, 2000, 2000]       [Run3ModelGen.modelgen]
2024-08-09 15:39:23 [info     ] 		meL: [2000, 2000, 2000]      [Run3ModelGen.modelgen]
2024-08-09 15:39:23 [info     ] 		mtauL: [2000, 2000, 2000]    [Run3ModelGen.modelgen]
2024-08-09 15:39:23 [info     ] 		meR: [2000, 2000, 2000]      [Run3ModelGen.modelgen]
2024-08-09 15:39:23 [info     ] 		mtauR: [2000, 2000, 2000]    [Run3ModelGen.modelgen]
2024-08-09 15:39:23 [info     ] 		mqL1: [4000, 4000, 4000]     [Run3ModelGen.modelgen]
2024-08-09 15:39:23 [info     ] 		mqL3: [4000, 4000, 4000]     [Run3ModelGen.modelgen]
2024-08-09 15:39:23 [info     ] 		muR: [4000, 4000, 4000]      [Run3ModelGen.modelgen]
2024-08-09 15:39:23 [info     ] 		mtR: [4000, 4000, 4000]      [Run3ModelGen.modelgen]
2024-08-09 15:39:23 [info     ] 		mdR: [4000, 4000, 4000]      [Run3ModelGen.modelgen]
2024-08-09 15:39:23 [info     ] 		mbR: [4000, 4000, 4000]      [Run3ModelGen.modelgen]
2024-08-09 15:39:23 [info     ] 	steps =                       [Run3ModelGen.modelgen]
2024-08-09 15:39:23 [info     ] 		{'name': 'prep_input', 'output_dir': 'input', 'prefix': 'IN'} [Run3ModelGen.modelgen]
2024-08-09 15:39:23 [info     ] 		{'name': 'SPheno', 'input_dir': 'input', 'output_dir': 'SPheno', 'log_dir': 'SPheno_log', 'prefix': 'SP'} [Run3ModelGen.modelgen]
2024-08-09 15:39:23 [info     ] 		{'name': 'softsusy', 'input_dir': 'input', 'output_dir': 'softsusy', 'prefix': 'SS'} [Run3ModelGen.modelgen]
2024-08-09 15:39:23 [info     ] 		{'name': 'micromegas', 'input_dir': 'SPheno', 'output_dir': 'micromegas', 'prefix': 'MO'} [Run3ModelGen.modelgen]
2024-08-09 15:39:23 [info     ] 		{'name': 'superiso', 'input_dir': 'SPheno', 'output_dir': 'superiso', 'prefix': 'SI'} [Run3ModelGen.modelgen]
2024-08-09 15:39:23 [info     ] 		{'name': 'gm2calc', 'input_dir': 'SPheno', 'output_dir': 'gm2calc', 'prefix': 'GM2'} [Run3ModelGen.modelgen]
2024-08-09 15:39:23 [info     ] 		{'name': 'evade', 'input_dir': 'SPheno', 'output_dir': 'evade', 'prefix': 'EV'} [Run3ModelGen.modelgen]
2024-08-09 15:39:23 [info     ] Starting Model Generation...   [Run3ModelGen.modelgen]
2024-08-09 15:39:23 [info     ] Setting up output directories for scan [Run3ModelGen.modelgen]
2024-08-09 15:39:23 [info     ] Generating Model: 0.slha (1/3) [Run3ModelGen.modelgen]
2024-08-09 15:39:23 [info     ] 	running step: prep_input      [Run3ModelGen.modelgen]
2024-08-09 15:39:23 [info     ] 	running step: SPheno          [Run3ModelGen.modelgen]
2024-08-09 15:39:23 [info     ] 	running step: softsusy        [Run3ModelGen.modelgen]
2024-08-09 15:39:23 [info     ] 	running step: micromegas      [Run3ModelGen.modelgen]
2024-08-09 15:39:24 [info     ] 	running step: superiso        [Run3ModelGen.modelgen]
2024-08-09 15:39:25 [info     ] 	running step: gm2calc         [Run3ModelGen.modelgen]
2024-08-09 15:39:25 [info     ] 	running step: evade           [Run3ModelGen.modelgen]
2024-08-09 15:39:25 [info     ] Generating Model: 1.slha (2/3) [Run3ModelGen.modelgen]
2024-08-09 15:39:25 [info     ] 	running step: prep_input      [Run3ModelGen.modelgen]
2024-08-09 15:39:25 [info     ] 	running step: SPheno          [Run3ModelGen.modelgen]
2024-08-09 15:39:25 [info     ] 	running step: softsusy        [Run3ModelGen.modelgen]
2024-08-09 15:39:25 [info     ] 	running step: micromegas      [Run3ModelGen.modelgen]
2024-08-09 15:39:25 [info     ] 	running step: superiso        [Run3ModelGen.modelgen]
2024-08-09 15:39:25 [info     ] 	running step: gm2calc         [Run3ModelGen.modelgen]
2024-08-09 15:39:25 [info     ] 	running step: evade           [Run3ModelGen.modelgen]
2024-08-09 15:39:25 [info     ] Generating Model: 2.slha (3/3) [Run3ModelGen.modelgen]
2024-08-09 15:39:25 [info     ] 	running step: prep_input      [Run3ModelGen.modelgen]
2024-08-09 15:39:25 [info     ] 	running step: SPheno          [Run3ModelGen.modelgen]
2024-08-09 15:39:25 [info     ] 	running step: softsusy        [Run3ModelGen.modelgen]
2024-08-09 15:39:26 [info     ] 	running step: micromegas      [Run3ModelGen.modelgen]
2024-08-09 15:39:27 [info     ] 	running step: superiso        [Run3ModelGen.modelgen]
2024-08-09 15:39:27 [info     ] 	running step: gm2calc         [Run3ModelGen.modelgen]
2024-08-09 15:39:27 [info     ] 	running step: evade           [Run3ModelGen.modelgen]
2024-08-09 15:39:27 [info     ] Finished generating models! Stats for successful generations (successful/attempted): [Run3ModelGen.modelgen]
2024-08-09 15:39:27 [info     ] 	prep_input: 3/3.              [Run3ModelGen.modelgen]
2024-08-09 15:39:27 [info     ] 	SPheno: 3/3.                  [Run3ModelGen.modelgen]
2024-08-09 15:39:27 [info     ] 	softsusy: 3/3.                [Run3ModelGen.modelgen]
2024-08-09 15:39:27 [info     ] 	micromegas: 3/3.              [Run3ModelGen.modelgen]
2024-08-09 15:39:27 [info     ] 	superiso: 3/3.                [Run3ModelGen.modelgen]
2024-08-09 15:39:27 [info     ] 	gm2calc: 3/3.                 [Run3ModelGen.modelgen]
2024-08-09 15:39:27 [info     ] 	evade: 0/3.                   [Run3ModelGen.modelgen]
2024-08-09 15:39:27 [info     ] Will make NTuple for: /u/dvoss/al_pmssmwithgp/Run3ModelGen/source/Run3ModelGen/scans/scan_3, with 3 models [Run3ModelGen.ntupling]
2024-08-09 15:39:27 [info     ] 	Filling values for model: 0   [Run3ModelGen.ntupling]
2024-08-09 15:39:27 [info     ] Saving NTuple in /u/dvoss/al_pmssmwithgp/Run3ModelGen/source/Run3ModelGen/scans/scan_3/ntuple.0.0.root ... [Run3ModelGen.ntupling]
Completed iteration 3
Starting iteration 4
Initial Training points:  tensor([0.5119, 0.8528, 0.5812], device='cuda:0') torch.Size([3])
Training points after adding:  tensor([0.5119, 0.8528, 0.5812, 0.1638, 0.5464, 0.8017, 0.1638, 0.6232, 0.2088,
        0.1693, 0.2413, 0.1638], device='cuda:0') torch.Size([12])
These training_points are used in the GP tensor([0.5119, 0.8528, 0.5812, 0.1638, 0.5464, 0.8017, 0.1638, 0.6232, 0.2088,
        0.1693, 0.2413, 0.1638], device='cuda:0')
points: {0}
new xs normalized:  tensor([0.], device='cuda:0')
Corresponding xs: tensor([-2000.], device='cuda:0')
Plot saved to /raven/u/dvoss/al_pmssmwithgp/model/plots/Iter4/gp_plot.png
YAML file has been created: /u/dvoss/al_pmssmwithgp/Run3ModelGen/source/Run3ModelGen/data/new_config.yaml
Note: detected 144 virtual cores but NumExpr set to maximum of 64, check "NUMEXPR_MAX_THREADS" environment variable.
Note: NumExpr detected 144 cores but "NUMEXPR_MAX_THREADS" not set, so enforcing safe limit of 8.
NumExpr defaulting to 8 threads.

  ___              ____ __  __          _       _   ___            
 | _ \ _  _  _ _  |__ /|  \/  | ___  __| | ___ | | / __| ___  _ _  
 |   /| || || ' \  |_ \| |\/| |/ _ \/ _` |/ -_)| || (_ |/ -_)| ' \ 
 |_|_\ \_,_||_||_||___/|_|  |_|\___/\__,_|\___||_| \___|\___||_||_|
                                                                   

2024-08-09 15:40:06 [info     ] Initialised ModelGenerator with: [Run3ModelGen.modelgen]
2024-08-09 15:40:06 [info     ] 	config_file = /u/dvoss/al_pmssmwithgp/Run3ModelGen/source/Run3ModelGen/data/new_config.yaml [Run3ModelGen.modelgen]
2024-08-09 15:40:06 [info     ] 	scan_dir = /u/dvoss/al_pmssmwithgp/Run3ModelGen/source/Run3ModelGen/scans/scan_4 [Run3ModelGen.modelgen]
2024-08-09 15:40:06 [info     ] 	rawfilen = /u/dvoss/al_pmssmwithgp/Run3ModelGen/source/Run3ModelGen/data/raw.slha [Run3ModelGen.modelgen]
2024-08-09 15:40:06 [info     ] 	seed = 123                    [Run3ModelGen.modelgen]
2024-08-09 15:40:06 [info     ] 	points = {}                   [Run3ModelGen.modelgen]
2024-08-09 15:40:06 [info     ] 	prior = fixed                 [Run3ModelGen.modelgen]
2024-08-09 15:40:06 [info     ] 	num_models = 1                [Run3ModelGen.modelgen]
2024-08-09 15:40:06 [info     ] 	isGMSB = False                [Run3ModelGen.modelgen]
2024-08-09 15:40:06 [info     ] 	parameters =                  [Run3ModelGen.modelgen]
2024-08-09 15:40:06 [info     ] 		tanb: [60]                   [Run3ModelGen.modelgen]
2024-08-09 15:40:06 [info     ] 		M_1: [-2000.0]               [Run3ModelGen.modelgen]
2024-08-09 15:40:06 [info     ] 		M_2: [2000]                  [Run3ModelGen.modelgen]
2024-08-09 15:40:06 [info     ] 		M_3: [4000]                  [Run3ModelGen.modelgen]
2024-08-09 15:40:06 [info     ] 		AT: [4000]                   [Run3ModelGen.modelgen]
2024-08-09 15:40:06 [info     ] 		Ab: [2000]                   [Run3ModelGen.modelgen]
2024-08-09 15:40:06 [info     ] 		Atau: [2000]                 [Run3ModelGen.modelgen]
2024-08-09 15:40:06 [info     ] 		mu: [2000]                   [Run3ModelGen.modelgen]
2024-08-09 15:40:06 [info     ] 		mA: [2000]                   [Run3ModelGen.modelgen]
2024-08-09 15:40:06 [info     ] 		meL: [2000]                  [Run3ModelGen.modelgen]
2024-08-09 15:40:06 [info     ] 		mtauL: [2000]                [Run3ModelGen.modelgen]
2024-08-09 15:40:06 [info     ] 		meR: [2000]                  [Run3ModelGen.modelgen]
2024-08-09 15:40:06 [info     ] 		mtauR: [2000]                [Run3ModelGen.modelgen]
2024-08-09 15:40:06 [info     ] 		mqL1: [4000]                 [Run3ModelGen.modelgen]
2024-08-09 15:40:06 [info     ] 		mqL3: [4000]                 [Run3ModelGen.modelgen]
2024-08-09 15:40:06 [info     ] 		muR: [4000]                  [Run3ModelGen.modelgen]
2024-08-09 15:40:06 [info     ] 		mtR: [4000]                  [Run3ModelGen.modelgen]
2024-08-09 15:40:06 [info     ] 		mdR: [4000]                  [Run3ModelGen.modelgen]
2024-08-09 15:40:06 [info     ] 		mbR: [4000]                  [Run3ModelGen.modelgen]
2024-08-09 15:40:06 [info     ] 	steps =                       [Run3ModelGen.modelgen]
2024-08-09 15:40:06 [info     ] 		{'name': 'prep_input', 'output_dir': 'input', 'prefix': 'IN'} [Run3ModelGen.modelgen]
2024-08-09 15:40:06 [info     ] 		{'name': 'SPheno', 'input_dir': 'input', 'output_dir': 'SPheno', 'log_dir': 'SPheno_log', 'prefix': 'SP'} [Run3ModelGen.modelgen]
2024-08-09 15:40:06 [info     ] 		{'name': 'softsusy', 'input_dir': 'input', 'output_dir': 'softsusy', 'prefix': 'SS'} [Run3ModelGen.modelgen]
2024-08-09 15:40:06 [info     ] 		{'name': 'micromegas', 'input_dir': 'SPheno', 'output_dir': 'micromegas', 'prefix': 'MO'} [Run3ModelGen.modelgen]
2024-08-09 15:40:06 [info     ] 		{'name': 'superiso', 'input_dir': 'SPheno', 'output_dir': 'superiso', 'prefix': 'SI'} [Run3ModelGen.modelgen]
2024-08-09 15:40:06 [info     ] 		{'name': 'gm2calc', 'input_dir': 'SPheno', 'output_dir': 'gm2calc', 'prefix': 'GM2'} [Run3ModelGen.modelgen]
2024-08-09 15:40:06 [info     ] 		{'name': 'evade', 'input_dir': 'SPheno', 'output_dir': 'evade', 'prefix': 'EV'} [Run3ModelGen.modelgen]
2024-08-09 15:40:06 [info     ] Starting Model Generation...   [Run3ModelGen.modelgen]
2024-08-09 15:40:06 [info     ] Setting up output directories for scan [Run3ModelGen.modelgen]
2024-08-09 15:40:06 [info     ] Generating Model: 0.slha (1/1) [Run3ModelGen.modelgen]
2024-08-09 15:40:06 [info     ] 	running step: prep_input      [Run3ModelGen.modelgen]
2024-08-09 15:40:06 [info     ] 	running step: SPheno          [Run3ModelGen.modelgen]
2024-08-09 15:40:06 [info     ] 	running step: softsusy        [Run3ModelGen.modelgen]
2024-08-09 15:40:07 [info     ] 	running step: micromegas      [Run3ModelGen.modelgen]
2024-08-09 15:40:08 [info     ] 	running step: superiso        [Run3ModelGen.modelgen]
2024-08-09 15:40:08 [info     ] 	running step: gm2calc         [Run3ModelGen.modelgen]
2024-08-09 15:40:08 [info     ] 	running step: evade           [Run3ModelGen.modelgen]
2024-08-09 15:40:08 [info     ] Finished generating models! Stats for successful generations (successful/attempted): [Run3ModelGen.modelgen]
2024-08-09 15:40:08 [info     ] 	prep_input: 1/1.              [Run3ModelGen.modelgen]
2024-08-09 15:40:08 [info     ] 	SPheno: 1/1.                  [Run3ModelGen.modelgen]
2024-08-09 15:40:08 [info     ] 	softsusy: 1/1.                [Run3ModelGen.modelgen]
2024-08-09 15:40:08 [info     ] 	micromegas: 1/1.              [Run3ModelGen.modelgen]
2024-08-09 15:40:08 [info     ] 	superiso: 1/1.                [Run3ModelGen.modelgen]
2024-08-09 15:40:08 [info     ] 	gm2calc: 1/1.                 [Run3ModelGen.modelgen]
2024-08-09 15:40:08 [info     ] 	evade: 0/1.                   [Run3ModelGen.modelgen]
2024-08-09 15:40:08 [info     ] Will make NTuple for: /u/dvoss/al_pmssmwithgp/Run3ModelGen/source/Run3ModelGen/scans/scan_4, with 1 models [Run3ModelGen.ntupling]
2024-08-09 15:40:08 [info     ] 	Filling values for model: 0   [Run3ModelGen.ntupling]
2024-08-09 15:40:08 [info     ] Saving NTuple in /u/dvoss/al_pmssmwithgp/Run3ModelGen/source/Run3ModelGen/scans/scan_4/ntuple.0.0.root ... [Run3ModelGen.ntupling]
Completed iteration 4
Starting iteration 5
Initial Training points:  tensor([0.5119, 0.8528, 0.5812], device='cuda:0') torch.Size([3])
Training points after adding:  tensor([0.5119, 0.8528, 0.5812, 0.1638, 0.5464, 0.8017, 0.1638, 0.6232, 0.2088,
        0.1693, 0.2413, 0.1638, 0.1638, 0.3582, 0.2766], device='cuda:0') torch.Size([15])
These training_points are used in the GP tensor([0.5119, 0.8528, 0.5812, 0.1638, 0.5464, 0.8017, 0.1638, 0.6232, 0.2088,
        0.1693, 0.2413, 0.1638, 0.1638, 0.3582, 0.2766], device='cuda:0')
points: {0, 170, 307}
new xs normalized:  tensor([0.0000, 0.1702, 0.3073], device='cuda:0')
Corresponding xs: tensor([-2000.0000, -1319.3193,  -770.7708], device='cuda:0')
Plot saved to /raven/u/dvoss/al_pmssmwithgp/model/plots/Iter5/gp_plot.png
YAML file has been created: /u/dvoss/al_pmssmwithgp/Run3ModelGen/source/Run3ModelGen/data/new_config.yaml
Note: detected 144 virtual cores but NumExpr set to maximum of 64, check "NUMEXPR_MAX_THREADS" environment variable.
Note: NumExpr detected 144 cores but "NUMEXPR_MAX_THREADS" not set, so enforcing safe limit of 8.
NumExpr defaulting to 8 threads.

  ___              ____ __  __          _       _   ___            
 | _ \ _  _  _ _  |__ /|  \/  | ___  __| | ___ | | / __| ___  _ _  
 |   /| || || ' \  |_ \| |\/| |/ _ \/ _` |/ -_)| || (_ |/ -_)| ' \ 
 |_|_\ \_,_||_||_||___/|_|  |_|\___/\__,_|\___||_| \___|\___||_||_|
                                                                   

2024-08-09 15:40:47 [info     ] Initialised ModelGenerator with: [Run3ModelGen.modelgen]
2024-08-09 15:40:47 [info     ] 	config_file = /u/dvoss/al_pmssmwithgp/Run3ModelGen/source/Run3ModelGen/data/new_config.yaml [Run3ModelGen.modelgen]
2024-08-09 15:40:47 [info     ] 	scan_dir = /u/dvoss/al_pmssmwithgp/Run3ModelGen/source/Run3ModelGen/scans/scan_5 [Run3ModelGen.modelgen]
2024-08-09 15:40:47 [info     ] 	rawfilen = /u/dvoss/al_pmssmwithgp/Run3ModelGen/source/Run3ModelGen/data/raw.slha [Run3ModelGen.modelgen]
2024-08-09 15:40:47 [info     ] 	seed = 123                    [Run3ModelGen.modelgen]
2024-08-09 15:40:47 [info     ] 	points = {}                   [Run3ModelGen.modelgen]
2024-08-09 15:40:47 [info     ] 	prior = fixed                 [Run3ModelGen.modelgen]
2024-08-09 15:40:47 [info     ] 	num_models = 3                [Run3ModelGen.modelgen]
2024-08-09 15:40:47 [info     ] 	isGMSB = False                [Run3ModelGen.modelgen]
2024-08-09 15:40:47 [info     ] 	parameters =                  [Run3ModelGen.modelgen]
2024-08-09 15:40:47 [info     ] 		tanb: [60, 60, 60]           [Run3ModelGen.modelgen]
2024-08-09 15:40:47 [info     ] 		M_1: [-2000.0, -1319.32, -770.77] [Run3ModelGen.modelgen]
2024-08-09 15:40:47 [info     ] 		M_2: [2000, 2000, 2000]      [Run3ModelGen.modelgen]
2024-08-09 15:40:47 [info     ] 		M_3: [4000, 4000, 4000]      [Run3ModelGen.modelgen]
2024-08-09 15:40:47 [info     ] 		AT: [4000, 4000, 4000]       [Run3ModelGen.modelgen]
2024-08-09 15:40:47 [info     ] 		Ab: [2000, 2000, 2000]       [Run3ModelGen.modelgen]
2024-08-09 15:40:47 [info     ] 		Atau: [2000, 2000, 2000]     [Run3ModelGen.modelgen]
2024-08-09 15:40:47 [info     ] 		mu: [2000, 2000, 2000]       [Run3ModelGen.modelgen]
2024-08-09 15:40:47 [info     ] 		mA: [2000, 2000, 2000]       [Run3ModelGen.modelgen]
2024-08-09 15:40:47 [info     ] 		meL: [2000, 2000, 2000]      [Run3ModelGen.modelgen]
2024-08-09 15:40:47 [info     ] 		mtauL: [2000, 2000, 2000]    [Run3ModelGen.modelgen]
2024-08-09 15:40:47 [info     ] 		meR: [2000, 2000, 2000]      [Run3ModelGen.modelgen]
2024-08-09 15:40:47 [info     ] 		mtauR: [2000, 2000, 2000]    [Run3ModelGen.modelgen]
2024-08-09 15:40:47 [info     ] 		mqL1: [4000, 4000, 4000]     [Run3ModelGen.modelgen]
2024-08-09 15:40:47 [info     ] 		mqL3: [4000, 4000, 4000]     [Run3ModelGen.modelgen]
2024-08-09 15:40:47 [info     ] 		muR: [4000, 4000, 4000]      [Run3ModelGen.modelgen]
2024-08-09 15:40:47 [info     ] 		mtR: [4000, 4000, 4000]      [Run3ModelGen.modelgen]
2024-08-09 15:40:47 [info     ] 		mdR: [4000, 4000, 4000]      [Run3ModelGen.modelgen]
2024-08-09 15:40:47 [info     ] 		mbR: [4000, 4000, 4000]      [Run3ModelGen.modelgen]
2024-08-09 15:40:47 [info     ] 	steps =                       [Run3ModelGen.modelgen]
2024-08-09 15:40:47 [info     ] 		{'name': 'prep_input', 'output_dir': 'input', 'prefix': 'IN'} [Run3ModelGen.modelgen]
2024-08-09 15:40:47 [info     ] 		{'name': 'SPheno', 'input_dir': 'input', 'output_dir': 'SPheno', 'log_dir': 'SPheno_log', 'prefix': 'SP'} [Run3ModelGen.modelgen]
2024-08-09 15:40:47 [info     ] 		{'name': 'softsusy', 'input_dir': 'input', 'output_dir': 'softsusy', 'prefix': 'SS'} [Run3ModelGen.modelgen]
2024-08-09 15:40:47 [info     ] 		{'name': 'micromegas', 'input_dir': 'SPheno', 'output_dir': 'micromegas', 'prefix': 'MO'} [Run3ModelGen.modelgen]
2024-08-09 15:40:47 [info     ] 		{'name': 'superiso', 'input_dir': 'SPheno', 'output_dir': 'superiso', 'prefix': 'SI'} [Run3ModelGen.modelgen]
2024-08-09 15:40:47 [info     ] 		{'name': 'gm2calc', 'input_dir': 'SPheno', 'output_dir': 'gm2calc', 'prefix': 'GM2'} [Run3ModelGen.modelgen]
2024-08-09 15:40:47 [info     ] 		{'name': 'evade', 'input_dir': 'SPheno', 'output_dir': 'evade', 'prefix': 'EV'} [Run3ModelGen.modelgen]
2024-08-09 15:40:47 [info     ] Starting Model Generation...   [Run3ModelGen.modelgen]
2024-08-09 15:40:47 [info     ] Setting up output directories for scan [Run3ModelGen.modelgen]
2024-08-09 15:40:47 [info     ] Generating Model: 0.slha (1/3) [Run3ModelGen.modelgen]
2024-08-09 15:40:47 [info     ] 	running step: prep_input      [Run3ModelGen.modelgen]
2024-08-09 15:40:47 [info     ] 	running step: SPheno          [Run3ModelGen.modelgen]
2024-08-09 15:40:47 [info     ] 	running step: softsusy        [Run3ModelGen.modelgen]
2024-08-09 15:40:48 [info     ] 	running step: micromegas      [Run3ModelGen.modelgen]
2024-08-09 15:40:49 [info     ] 	running step: superiso        [Run3ModelGen.modelgen]
2024-08-09 15:40:49 [info     ] 	running step: gm2calc         [Run3ModelGen.modelgen]
2024-08-09 15:40:49 [info     ] 	running step: evade           [Run3ModelGen.modelgen]
2024-08-09 15:40:49 [info     ] Generating Model: 1.slha (2/3) [Run3ModelGen.modelgen]
2024-08-09 15:40:49 [info     ] 	running step: prep_input      [Run3ModelGen.modelgen]
2024-08-09 15:40:49 [info     ] 	running step: SPheno          [Run3ModelGen.modelgen]
2024-08-09 15:40:49 [info     ] 	running step: softsusy        [Run3ModelGen.modelgen]
2024-08-09 15:40:49 [info     ] 	running step: micromegas      [Run3ModelGen.modelgen]
2024-08-09 15:40:50 [info     ] 	running step: superiso        [Run3ModelGen.modelgen]
2024-08-09 15:40:50 [info     ] 	running step: gm2calc         [Run3ModelGen.modelgen]
2024-08-09 15:40:50 [info     ] 	running step: evade           [Run3ModelGen.modelgen]
2024-08-09 15:40:50 [info     ] Generating Model: 2.slha (3/3) [Run3ModelGen.modelgen]
2024-08-09 15:40:50 [info     ] 	running step: prep_input      [Run3ModelGen.modelgen]
2024-08-09 15:40:50 [info     ] 	running step: SPheno          [Run3ModelGen.modelgen]
2024-08-09 15:40:50 [info     ] 	running step: softsusy        [Run3ModelGen.modelgen]
2024-08-09 15:40:50 [info     ] 	running step: micromegas      [Run3ModelGen.modelgen]
2024-08-09 15:40:50 [info     ] 	running step: superiso        [Run3ModelGen.modelgen]
2024-08-09 15:40:50 [info     ] 	running step: gm2calc         [Run3ModelGen.modelgen]
2024-08-09 15:40:50 [info     ] 	running step: evade           [Run3ModelGen.modelgen]
2024-08-09 15:40:51 [info     ] Finished generating models! Stats for successful generations (successful/attempted): [Run3ModelGen.modelgen]
2024-08-09 15:40:51 [info     ] 	prep_input: 3/3.              [Run3ModelGen.modelgen]
2024-08-09 15:40:51 [info     ] 	SPheno: 3/3.                  [Run3ModelGen.modelgen]
2024-08-09 15:40:51 [info     ] 	softsusy: 3/3.                [Run3ModelGen.modelgen]
2024-08-09 15:40:51 [info     ] 	micromegas: 3/3.              [Run3ModelGen.modelgen]
2024-08-09 15:40:51 [info     ] 	superiso: 3/3.                [Run3ModelGen.modelgen]
2024-08-09 15:40:51 [info     ] 	gm2calc: 3/3.                 [Run3ModelGen.modelgen]
2024-08-09 15:40:51 [info     ] 	evade: 0/3.                   [Run3ModelGen.modelgen]
2024-08-09 15:40:51 [info     ] Will make NTuple for: /u/dvoss/al_pmssmwithgp/Run3ModelGen/source/Run3ModelGen/scans/scan_5, with 3 models [Run3ModelGen.ntupling]
2024-08-09 15:40:51 [info     ] 	Filling values for model: 0   [Run3ModelGen.ntupling]
2024-08-09 15:40:51 [info     ] Saving NTuple in /u/dvoss/al_pmssmwithgp/Run3ModelGen/source/Run3ModelGen/scans/scan_5/ntuple.0.0.root ... [Run3ModelGen.ntupling]
Completed iteration 5
Starting iteration 6
Initial Training points:  tensor([0.5119, 0.8528, 0.5812], device='cuda:0') torch.Size([3])
Training points after adding:  tensor([0.5119, 0.8528, 0.5812, 0.1638, 0.5464, 0.8017, 0.1638, 0.6232, 0.2088,
        0.1693, 0.2413, 0.1638, 0.1638, 0.3582, 0.2766, 0.3001, 0.2191, 0.1638],
       device='cuda:0') torch.Size([18])
These training_points are used in the GP tensor([0.5119, 0.8528, 0.5812, 0.1638, 0.5464, 0.8017, 0.1638, 0.6232, 0.2088,
        0.1693, 0.2413, 0.1638, 0.1638, 0.3582, 0.2766, 0.3001, 0.2191, 0.1638],
       device='cuda:0')
points: {0}
new xs normalized:  tensor([0.], device='cuda:0')
Corresponding xs: tensor([-2000.], device='cuda:0')
Plot saved to /raven/u/dvoss/al_pmssmwithgp/model/plots/Iter6/gp_plot.png
YAML file has been created: /u/dvoss/al_pmssmwithgp/Run3ModelGen/source/Run3ModelGen/data/new_config.yaml
Note: detected 144 virtual cores but NumExpr set to maximum of 64, check "NUMEXPR_MAX_THREADS" environment variable.
Note: NumExpr detected 144 cores but "NUMEXPR_MAX_THREADS" not set, so enforcing safe limit of 8.
NumExpr defaulting to 8 threads.

  ___              ____ __  __          _       _   ___            
 | _ \ _  _  _ _  |__ /|  \/  | ___  __| | ___ | | / __| ___  _ _  
 |   /| || || ' \  |_ \| |\/| |/ _ \/ _` |/ -_)| || (_ |/ -_)| ' \ 
 |_|_\ \_,_||_||_||___/|_|  |_|\___/\__,_|\___||_| \___|\___||_||_|
                                                                   

2024-08-09 15:41:30 [info     ] Initialised ModelGenerator with: [Run3ModelGen.modelgen]
2024-08-09 15:41:30 [info     ] 	config_file = /u/dvoss/al_pmssmwithgp/Run3ModelGen/source/Run3ModelGen/data/new_config.yaml [Run3ModelGen.modelgen]
2024-08-09 15:41:30 [info     ] 	scan_dir = /u/dvoss/al_pmssmwithgp/Run3ModelGen/source/Run3ModelGen/scans/scan_6 [Run3ModelGen.modelgen]
2024-08-09 15:41:30 [info     ] 	rawfilen = /u/dvoss/al_pmssmwithgp/Run3ModelGen/source/Run3ModelGen/data/raw.slha [Run3ModelGen.modelgen]
2024-08-09 15:41:30 [info     ] 	seed = 123                    [Run3ModelGen.modelgen]
2024-08-09 15:41:30 [info     ] 	points = {}                   [Run3ModelGen.modelgen]
2024-08-09 15:41:30 [info     ] 	prior = fixed                 [Run3ModelGen.modelgen]
2024-08-09 15:41:30 [info     ] 	num_models = 1                [Run3ModelGen.modelgen]
2024-08-09 15:41:30 [info     ] 	isGMSB = False                [Run3ModelGen.modelgen]
2024-08-09 15:41:30 [info     ] 	parameters =                  [Run3ModelGen.modelgen]
2024-08-09 15:41:30 [info     ] 		tanb: [60]                   [Run3ModelGen.modelgen]
2024-08-09 15:41:30 [info     ] 		M_1: [-2000.0]               [Run3ModelGen.modelgen]
2024-08-09 15:41:30 [info     ] 		M_2: [2000]                  [Run3ModelGen.modelgen]
2024-08-09 15:41:30 [info     ] 		M_3: [4000]                  [Run3ModelGen.modelgen]
2024-08-09 15:41:30 [info     ] 		AT: [4000]                   [Run3ModelGen.modelgen]
2024-08-09 15:41:30 [info     ] 		Ab: [2000]                   [Run3ModelGen.modelgen]
2024-08-09 15:41:30 [info     ] 		Atau: [2000]                 [Run3ModelGen.modelgen]
2024-08-09 15:41:30 [info     ] 		mu: [2000]                   [Run3ModelGen.modelgen]
2024-08-09 15:41:30 [info     ] 		mA: [2000]                   [Run3ModelGen.modelgen]
2024-08-09 15:41:30 [info     ] 		meL: [2000]                  [Run3ModelGen.modelgen]
2024-08-09 15:41:30 [info     ] 		mtauL: [2000]                [Run3ModelGen.modelgen]
2024-08-09 15:41:30 [info     ] 		meR: [2000]                  [Run3ModelGen.modelgen]
2024-08-09 15:41:30 [info     ] 		mtauR: [2000]                [Run3ModelGen.modelgen]
2024-08-09 15:41:30 [info     ] 		mqL1: [4000]                 [Run3ModelGen.modelgen]
2024-08-09 15:41:30 [info     ] 		mqL3: [4000]                 [Run3ModelGen.modelgen]
2024-08-09 15:41:30 [info     ] 		muR: [4000]                  [Run3ModelGen.modelgen]
2024-08-09 15:41:30 [info     ] 		mtR: [4000]                  [Run3ModelGen.modelgen]
2024-08-09 15:41:30 [info     ] 		mdR: [4000]                  [Run3ModelGen.modelgen]
2024-08-09 15:41:30 [info     ] 		mbR: [4000]                  [Run3ModelGen.modelgen]
2024-08-09 15:41:30 [info     ] 	steps =                       [Run3ModelGen.modelgen]
2024-08-09 15:41:30 [info     ] 		{'name': 'prep_input', 'output_dir': 'input', 'prefix': 'IN'} [Run3ModelGen.modelgen]
2024-08-09 15:41:30 [info     ] 		{'name': 'SPheno', 'input_dir': 'input', 'output_dir': 'SPheno', 'log_dir': 'SPheno_log', 'prefix': 'SP'} [Run3ModelGen.modelgen]
2024-08-09 15:41:30 [info     ] 		{'name': 'softsusy', 'input_dir': 'input', 'output_dir': 'softsusy', 'prefix': 'SS'} [Run3ModelGen.modelgen]
2024-08-09 15:41:30 [info     ] 		{'name': 'micromegas', 'input_dir': 'SPheno', 'output_dir': 'micromegas', 'prefix': 'MO'} [Run3ModelGen.modelgen]
2024-08-09 15:41:30 [info     ] 		{'name': 'superiso', 'input_dir': 'SPheno', 'output_dir': 'superiso', 'prefix': 'SI'} [Run3ModelGen.modelgen]
2024-08-09 15:41:30 [info     ] 		{'name': 'gm2calc', 'input_dir': 'SPheno', 'output_dir': 'gm2calc', 'prefix': 'GM2'} [Run3ModelGen.modelgen]
2024-08-09 15:41:30 [info     ] 		{'name': 'evade', 'input_dir': 'SPheno', 'output_dir': 'evade', 'prefix': 'EV'} [Run3ModelGen.modelgen]
2024-08-09 15:41:30 [info     ] Starting Model Generation...   [Run3ModelGen.modelgen]
2024-08-09 15:41:30 [info     ] Setting up output directories for scan [Run3ModelGen.modelgen]
2024-08-09 15:41:30 [info     ] Generating Model: 0.slha (1/1) [Run3ModelGen.modelgen]
2024-08-09 15:41:30 [info     ] 	running step: prep_input      [Run3ModelGen.modelgen]
2024-08-09 15:41:30 [info     ] 	running step: SPheno          [Run3ModelGen.modelgen]
2024-08-09 15:41:30 [info     ] 	running step: softsusy        [Run3ModelGen.modelgen]
2024-08-09 15:41:30 [info     ] 	running step: micromegas      [Run3ModelGen.modelgen]
2024-08-09 15:41:31 [info     ] 	running step: superiso        [Run3ModelGen.modelgen]
2024-08-09 15:41:32 [info     ] 	running step: gm2calc         [Run3ModelGen.modelgen]
2024-08-09 15:41:32 [info     ] 	running step: evade           [Run3ModelGen.modelgen]
2024-08-09 15:41:32 [info     ] Finished generating models! Stats for successful generations (successful/attempted): [Run3ModelGen.modelgen]
2024-08-09 15:41:32 [info     ] 	prep_input: 1/1.              [Run3ModelGen.modelgen]
2024-08-09 15:41:32 [info     ] 	SPheno: 1/1.                  [Run3ModelGen.modelgen]
2024-08-09 15:41:32 [info     ] 	softsusy: 1/1.                [Run3ModelGen.modelgen]
2024-08-09 15:41:32 [info     ] 	micromegas: 1/1.              [Run3ModelGen.modelgen]
2024-08-09 15:41:32 [info     ] 	superiso: 1/1.                [Run3ModelGen.modelgen]
2024-08-09 15:41:32 [info     ] 	gm2calc: 1/1.                 [Run3ModelGen.modelgen]
2024-08-09 15:41:32 [info     ] 	evade: 0/1.                   [Run3ModelGen.modelgen]
2024-08-09 15:41:32 [info     ] Will make NTuple for: /u/dvoss/al_pmssmwithgp/Run3ModelGen/source/Run3ModelGen/scans/scan_6, with 1 models [Run3ModelGen.ntupling]
2024-08-09 15:41:32 [info     ] 	Filling values for model: 0   [Run3ModelGen.ntupling]
2024-08-09 15:41:32 [info     ] Saving NTuple in /u/dvoss/al_pmssmwithgp/Run3ModelGen/source/Run3ModelGen/scans/scan_6/ntuple.0.0.root ... [Run3ModelGen.ntupling]
Completed iteration 6
Starting iteration 7
Initial Training points:  tensor([0.5119, 0.8528, 0.5812], device='cuda:0') torch.Size([3])
Training points after adding:  tensor([0.5119, 0.8528, 0.5812, 0.1638, 0.5464, 0.8017, 0.1638, 0.6232, 0.2088,
        0.1693, 0.2413, 0.1638, 0.1638, 0.3582, 0.2766, 0.3001, 0.2191, 0.1638,
        0.3001, 0.1638, 0.5858], device='cuda:0') torch.Size([21])
These training_points are used in the GP tensor([0.5119, 0.8528, 0.5812, 0.1638, 0.5464, 0.8017, 0.1638, 0.6232, 0.2088,
        0.1693, 0.2413, 0.1638, 0.1638, 0.3582, 0.2766, 0.3001, 0.2191, 0.1638,
        0.3001, 0.1638, 0.5858], device='cuda:0')
points: {0, 988, 366}
new xs normalized:  tensor([0.0000, 0.9890, 0.3664], device='cuda:0')
Corresponding xs: tensor([-2000.0000,  1955.9561,  -534.5345], device='cuda:0')
Plot saved to /raven/u/dvoss/al_pmssmwithgp/model/plots/Iter7/gp_plot.png
YAML file has been created: /u/dvoss/al_pmssmwithgp/Run3ModelGen/source/Run3ModelGen/data/new_config.yaml
Note: detected 144 virtual cores but NumExpr set to maximum of 64, check "NUMEXPR_MAX_THREADS" environment variable.
Note: NumExpr detected 144 cores but "NUMEXPR_MAX_THREADS" not set, so enforcing safe limit of 8.
NumExpr defaulting to 8 threads.

  ___              ____ __  __          _       _   ___            
 | _ \ _  _  _ _  |__ /|  \/  | ___  __| | ___ | | / __| ___  _ _  
 |   /| || || ' \  |_ \| |\/| |/ _ \/ _` |/ -_)| || (_ |/ -_)| ' \ 
 |_|_\ \_,_||_||_||___/|_|  |_|\___/\__,_|\___||_| \___|\___||_||_|
                                                                   

2024-08-09 15:42:11 [info     ] Initialised ModelGenerator with: [Run3ModelGen.modelgen]
2024-08-09 15:42:11 [info     ] 	config_file = /u/dvoss/al_pmssmwithgp/Run3ModelGen/source/Run3ModelGen/data/new_config.yaml [Run3ModelGen.modelgen]
2024-08-09 15:42:11 [info     ] 	scan_dir = /u/dvoss/al_pmssmwithgp/Run3ModelGen/source/Run3ModelGen/scans/scan_7 [Run3ModelGen.modelgen]
2024-08-09 15:42:11 [info     ] 	rawfilen = /u/dvoss/al_pmssmwithgp/Run3ModelGen/source/Run3ModelGen/data/raw.slha [Run3ModelGen.modelgen]
2024-08-09 15:42:11 [info     ] 	seed = 123                    [Run3ModelGen.modelgen]
2024-08-09 15:42:11 [info     ] 	points = {}                   [Run3ModelGen.modelgen]
2024-08-09 15:42:11 [info     ] 	prior = fixed                 [Run3ModelGen.modelgen]
2024-08-09 15:42:11 [info     ] 	num_models = 3                [Run3ModelGen.modelgen]
2024-08-09 15:42:11 [info     ] 	isGMSB = False                [Run3ModelGen.modelgen]
2024-08-09 15:42:11 [info     ] 	parameters =                  [Run3ModelGen.modelgen]
2024-08-09 15:42:11 [info     ] 		tanb: [60, 60, 60]           [Run3ModelGen.modelgen]
2024-08-09 15:42:11 [info     ] 		M_1: [-2000.0, 1955.96, -534.53] [Run3ModelGen.modelgen]
2024-08-09 15:42:11 [info     ] 		M_2: [2000, 2000, 2000]      [Run3ModelGen.modelgen]
2024-08-09 15:42:11 [info     ] 		M_3: [4000, 4000, 4000]      [Run3ModelGen.modelgen]
2024-08-09 15:42:11 [info     ] 		AT: [4000, 4000, 4000]       [Run3ModelGen.modelgen]
2024-08-09 15:42:11 [info     ] 		Ab: [2000, 2000, 2000]       [Run3ModelGen.modelgen]
2024-08-09 15:42:11 [info     ] 		Atau: [2000, 2000, 2000]     [Run3ModelGen.modelgen]
2024-08-09 15:42:11 [info     ] 		mu: [2000, 2000, 2000]       [Run3ModelGen.modelgen]
2024-08-09 15:42:11 [info     ] 		mA: [2000, 2000, 2000]       [Run3ModelGen.modelgen]
2024-08-09 15:42:11 [info     ] 		meL: [2000, 2000, 2000]      [Run3ModelGen.modelgen]
2024-08-09 15:42:11 [info     ] 		mtauL: [2000, 2000, 2000]    [Run3ModelGen.modelgen]
2024-08-09 15:42:11 [info     ] 		meR: [2000, 2000, 2000]      [Run3ModelGen.modelgen]
2024-08-09 15:42:11 [info     ] 		mtauR: [2000, 2000, 2000]    [Run3ModelGen.modelgen]
2024-08-09 15:42:11 [info     ] 		mqL1: [4000, 4000, 4000]     [Run3ModelGen.modelgen]
2024-08-09 15:42:11 [info     ] 		mqL3: [4000, 4000, 4000]     [Run3ModelGen.modelgen]
2024-08-09 15:42:11 [info     ] 		muR: [4000, 4000, 4000]      [Run3ModelGen.modelgen]
2024-08-09 15:42:11 [info     ] 		mtR: [4000, 4000, 4000]      [Run3ModelGen.modelgen]
2024-08-09 15:42:11 [info     ] 		mdR: [4000, 4000, 4000]      [Run3ModelGen.modelgen]
2024-08-09 15:42:11 [info     ] 		mbR: [4000, 4000, 4000]      [Run3ModelGen.modelgen]
2024-08-09 15:42:11 [info     ] 	steps =                       [Run3ModelGen.modelgen]
2024-08-09 15:42:11 [info     ] 		{'name': 'prep_input', 'output_dir': 'input', 'prefix': 'IN'} [Run3ModelGen.modelgen]
2024-08-09 15:42:11 [info     ] 		{'name': 'SPheno', 'input_dir': 'input', 'output_dir': 'SPheno', 'log_dir': 'SPheno_log', 'prefix': 'SP'} [Run3ModelGen.modelgen]
2024-08-09 15:42:11 [info     ] 		{'name': 'softsusy', 'input_dir': 'input', 'output_dir': 'softsusy', 'prefix': 'SS'} [Run3ModelGen.modelgen]
2024-08-09 15:42:11 [info     ] 		{'name': 'micromegas', 'input_dir': 'SPheno', 'output_dir': 'micromegas', 'prefix': 'MO'} [Run3ModelGen.modelgen]
2024-08-09 15:42:11 [info     ] 		{'name': 'superiso', 'input_dir': 'SPheno', 'output_dir': 'superiso', 'prefix': 'SI'} [Run3ModelGen.modelgen]
2024-08-09 15:42:11 [info     ] 		{'name': 'gm2calc', 'input_dir': 'SPheno', 'output_dir': 'gm2calc', 'prefix': 'GM2'} [Run3ModelGen.modelgen]
2024-08-09 15:42:11 [info     ] 		{'name': 'evade', 'input_dir': 'SPheno', 'output_dir': 'evade', 'prefix': 'EV'} [Run3ModelGen.modelgen]
2024-08-09 15:42:11 [info     ] Starting Model Generation...   [Run3ModelGen.modelgen]
2024-08-09 15:42:11 [info     ] Setting up output directories for scan [Run3ModelGen.modelgen]
2024-08-09 15:42:11 [info     ] Generating Model: 0.slha (1/3) [Run3ModelGen.modelgen]
2024-08-09 15:42:11 [info     ] 	running step: prep_input      [Run3ModelGen.modelgen]
2024-08-09 15:42:11 [info     ] 	running step: SPheno          [Run3ModelGen.modelgen]
2024-08-09 15:42:11 [info     ] 	running step: softsusy        [Run3ModelGen.modelgen]
2024-08-09 15:42:11 [info     ] 	running step: micromegas      [Run3ModelGen.modelgen]
2024-08-09 15:42:12 [info     ] 	running step: superiso        [Run3ModelGen.modelgen]
2024-08-09 15:42:12 [info     ] 	running step: gm2calc         [Run3ModelGen.modelgen]
2024-08-09 15:42:12 [info     ] 	running step: evade           [Run3ModelGen.modelgen]
2024-08-09 15:42:12 [info     ] Generating Model: 1.slha (2/3) [Run3ModelGen.modelgen]
2024-08-09 15:42:12 [info     ] 	running step: prep_input      [Run3ModelGen.modelgen]
2024-08-09 15:42:12 [info     ] 	running step: SPheno          [Run3ModelGen.modelgen]
2024-08-09 15:42:13 [info     ] 	running step: softsusy        [Run3ModelGen.modelgen]
2024-08-09 15:42:13 [info     ] 	running step: micromegas      [Run3ModelGen.modelgen]
2024-08-09 15:42:14 [info     ] 	running step: superiso        [Run3ModelGen.modelgen]
2024-08-09 15:42:14 [info     ] 	running step: gm2calc         [Run3ModelGen.modelgen]
2024-08-09 15:42:14 [info     ] 	running step: evade           [Run3ModelGen.modelgen]
2024-08-09 15:42:14 [info     ] Generating Model: 2.slha (3/3) [Run3ModelGen.modelgen]
2024-08-09 15:42:14 [info     ] 	running step: prep_input      [Run3ModelGen.modelgen]
2024-08-09 15:42:14 [info     ] 	running step: SPheno          [Run3ModelGen.modelgen]
2024-08-09 15:42:15 [info     ] 	running step: softsusy        [Run3ModelGen.modelgen]
2024-08-09 15:42:15 [info     ] 	running step: micromegas      [Run3ModelGen.modelgen]
2024-08-09 15:42:15 [info     ] 	running step: superiso        [Run3ModelGen.modelgen]
2024-08-09 15:42:15 [info     ] 	running step: gm2calc         [Run3ModelGen.modelgen]
2024-08-09 15:42:15 [info     ] 	running step: evade           [Run3ModelGen.modelgen]
2024-08-09 15:42:15 [info     ] Finished generating models! Stats for successful generations (successful/attempted): [Run3ModelGen.modelgen]
2024-08-09 15:42:15 [info     ] 	prep_input: 3/3.              [Run3ModelGen.modelgen]
2024-08-09 15:42:15 [info     ] 	SPheno: 3/3.                  [Run3ModelGen.modelgen]
2024-08-09 15:42:15 [info     ] 	softsusy: 3/3.                [Run3ModelGen.modelgen]
2024-08-09 15:42:15 [info     ] 	micromegas: 3/3.              [Run3ModelGen.modelgen]
2024-08-09 15:42:15 [info     ] 	superiso: 3/3.                [Run3ModelGen.modelgen]
2024-08-09 15:42:15 [info     ] 	gm2calc: 3/3.                 [Run3ModelGen.modelgen]
2024-08-09 15:42:15 [info     ] 	evade: 0/3.                   [Run3ModelGen.modelgen]
2024-08-09 15:42:15 [info     ] Will make NTuple for: /u/dvoss/al_pmssmwithgp/Run3ModelGen/source/Run3ModelGen/scans/scan_7, with 3 models [Run3ModelGen.ntupling]
2024-08-09 15:42:15 [info     ] 	Filling values for model: 0   [Run3ModelGen.ntupling]
2024-08-09 15:42:15 [info     ] Saving NTuple in /u/dvoss/al_pmssmwithgp/Run3ModelGen/source/Run3ModelGen/scans/scan_7/ntuple.0.0.root ... [Run3ModelGen.ntupling]
Completed iteration 7
Starting iteration 8
Initial Training points:  tensor([0.5119, 0.8528, 0.5812], device='cuda:0') torch.Size([3])
Training points after adding:  tensor([0.5119, 0.8528, 0.5812, 0.1638, 0.5464, 0.8017, 0.1638, 0.6232, 0.2088,
        0.1693, 0.2413, 0.1638, 0.1638, 0.3582, 0.2766, 0.3001, 0.2191, 0.1638,
        0.3001, 0.1638, 0.5858, 0.3955, 0.1638, 0.1998], device='cuda:0') torch.Size([24])
These training_points are used in the GP tensor([0.5119, 0.8528, 0.5812, 0.1638, 0.5464, 0.8017, 0.1638, 0.6232, 0.2088,
        0.1693, 0.2413, 0.1638, 0.1638, 0.3582, 0.2766, 0.3001, 0.2191, 0.1638,
        0.3001, 0.1638, 0.5858, 0.3955, 0.1638, 0.1998], device='cuda:0')
points: {0, 233, 36}
new xs normalized:  tensor([0.0000, 0.2332, 0.0360], device='cuda:0')
Corresponding xs: tensor([-2000.0000, -1067.0671, -1855.8558], device='cuda:0')
Plot saved to /raven/u/dvoss/al_pmssmwithgp/model/plots/Iter8/gp_plot.png
YAML file has been created: /u/dvoss/al_pmssmwithgp/Run3ModelGen/source/Run3ModelGen/data/new_config.yaml
Note: detected 144 virtual cores but NumExpr set to maximum of 64, check "NUMEXPR_MAX_THREADS" environment variable.
Note: NumExpr detected 144 cores but "NUMEXPR_MAX_THREADS" not set, so enforcing safe limit of 8.
NumExpr defaulting to 8 threads.

  ___              ____ __  __          _       _   ___            
 | _ \ _  _  _ _  |__ /|  \/  | ___  __| | ___ | | / __| ___  _ _  
 |   /| || || ' \  |_ \| |\/| |/ _ \/ _` |/ -_)| || (_ |/ -_)| ' \ 
 |_|_\ \_,_||_||_||___/|_|  |_|\___/\__,_|\___||_| \___|\___||_||_|
                                                                   

2024-08-09 15:42:54 [info     ] Initialised ModelGenerator with: [Run3ModelGen.modelgen]
2024-08-09 15:42:54 [info     ] 	config_file = /u/dvoss/al_pmssmwithgp/Run3ModelGen/source/Run3ModelGen/data/new_config.yaml [Run3ModelGen.modelgen]
2024-08-09 15:42:54 [info     ] 	scan_dir = /u/dvoss/al_pmssmwithgp/Run3ModelGen/source/Run3ModelGen/scans/scan_8 [Run3ModelGen.modelgen]
2024-08-09 15:42:54 [info     ] 	rawfilen = /u/dvoss/al_pmssmwithgp/Run3ModelGen/source/Run3ModelGen/data/raw.slha [Run3ModelGen.modelgen]
2024-08-09 15:42:54 [info     ] 	seed = 123                    [Run3ModelGen.modelgen]
2024-08-09 15:42:54 [info     ] 	points = {}                   [Run3ModelGen.modelgen]
2024-08-09 15:42:54 [info     ] 	prior = fixed                 [Run3ModelGen.modelgen]
2024-08-09 15:42:54 [info     ] 	num_models = 3                [Run3ModelGen.modelgen]
2024-08-09 15:42:54 [info     ] 	isGMSB = False                [Run3ModelGen.modelgen]
2024-08-09 15:42:54 [info     ] 	parameters =                  [Run3ModelGen.modelgen]
2024-08-09 15:42:54 [info     ] 		tanb: [60, 60, 60]           [Run3ModelGen.modelgen]
2024-08-09 15:42:54 [info     ] 		M_1: [-2000.0, -1067.07, -1855.86] [Run3ModelGen.modelgen]
2024-08-09 15:42:54 [info     ] 		M_2: [2000, 2000, 2000]      [Run3ModelGen.modelgen]
2024-08-09 15:42:54 [info     ] 		M_3: [4000, 4000, 4000]      [Run3ModelGen.modelgen]
2024-08-09 15:42:54 [info     ] 		AT: [4000, 4000, 4000]       [Run3ModelGen.modelgen]
2024-08-09 15:42:54 [info     ] 		Ab: [2000, 2000, 2000]       [Run3ModelGen.modelgen]
2024-08-09 15:42:54 [info     ] 		Atau: [2000, 2000, 2000]     [Run3ModelGen.modelgen]
2024-08-09 15:42:54 [info     ] 		mu: [2000, 2000, 2000]       [Run3ModelGen.modelgen]
2024-08-09 15:42:54 [info     ] 		mA: [2000, 2000, 2000]       [Run3ModelGen.modelgen]
2024-08-09 15:42:54 [info     ] 		meL: [2000, 2000, 2000]      [Run3ModelGen.modelgen]
2024-08-09 15:42:54 [info     ] 		mtauL: [2000, 2000, 2000]    [Run3ModelGen.modelgen]
2024-08-09 15:42:54 [info     ] 		meR: [2000, 2000, 2000]      [Run3ModelGen.modelgen]
2024-08-09 15:42:54 [info     ] 		mtauR: [2000, 2000, 2000]    [Run3ModelGen.modelgen]
2024-08-09 15:42:54 [info     ] 		mqL1: [4000, 4000, 4000]     [Run3ModelGen.modelgen]
2024-08-09 15:42:54 [info     ] 		mqL3: [4000, 4000, 4000]     [Run3ModelGen.modelgen]
2024-08-09 15:42:54 [info     ] 		muR: [4000, 4000, 4000]      [Run3ModelGen.modelgen]
2024-08-09 15:42:54 [info     ] 		mtR: [4000, 4000, 4000]      [Run3ModelGen.modelgen]
2024-08-09 15:42:54 [info     ] 		mdR: [4000, 4000, 4000]      [Run3ModelGen.modelgen]
2024-08-09 15:42:54 [info     ] 		mbR: [4000, 4000, 4000]      [Run3ModelGen.modelgen]
2024-08-09 15:42:54 [info     ] 	steps =                       [Run3ModelGen.modelgen]
2024-08-09 15:42:54 [info     ] 		{'name': 'prep_input', 'output_dir': 'input', 'prefix': 'IN'} [Run3ModelGen.modelgen]
2024-08-09 15:42:54 [info     ] 		{'name': 'SPheno', 'input_dir': 'input', 'output_dir': 'SPheno', 'log_dir': 'SPheno_log', 'prefix': 'SP'} [Run3ModelGen.modelgen]
2024-08-09 15:42:54 [info     ] 		{'name': 'softsusy', 'input_dir': 'input', 'output_dir': 'softsusy', 'prefix': 'SS'} [Run3ModelGen.modelgen]
2024-08-09 15:42:54 [info     ] 		{'name': 'micromegas', 'input_dir': 'SPheno', 'output_dir': 'micromegas', 'prefix': 'MO'} [Run3ModelGen.modelgen]
2024-08-09 15:42:54 [info     ] 		{'name': 'superiso', 'input_dir': 'SPheno', 'output_dir': 'superiso', 'prefix': 'SI'} [Run3ModelGen.modelgen]
2024-08-09 15:42:54 [info     ] 		{'name': 'gm2calc', 'input_dir': 'SPheno', 'output_dir': 'gm2calc', 'prefix': 'GM2'} [Run3ModelGen.modelgen]
2024-08-09 15:42:54 [info     ] 		{'name': 'evade', 'input_dir': 'SPheno', 'output_dir': 'evade', 'prefix': 'EV'} [Run3ModelGen.modelgen]
2024-08-09 15:42:54 [info     ] Starting Model Generation...   [Run3ModelGen.modelgen]
2024-08-09 15:42:54 [info     ] Setting up output directories for scan [Run3ModelGen.modelgen]
2024-08-09 15:42:54 [info     ] Generating Model: 0.slha (1/3) [Run3ModelGen.modelgen]
2024-08-09 15:42:54 [info     ] 	running step: prep_input      [Run3ModelGen.modelgen]
2024-08-09 15:42:54 [info     ] 	running step: SPheno          [Run3ModelGen.modelgen]
2024-08-09 15:42:54 [info     ] 	running step: softsusy        [Run3ModelGen.modelgen]
2024-08-09 15:42:54 [info     ] 	running step: micromegas      [Run3ModelGen.modelgen]
2024-08-09 15:42:55 [info     ] 	running step: superiso        [Run3ModelGen.modelgen]
2024-08-09 15:42:56 [info     ] 	running step: gm2calc         [Run3ModelGen.modelgen]
2024-08-09 15:42:56 [info     ] 	running step: evade           [Run3ModelGen.modelgen]
2024-08-09 15:42:56 [info     ] Generating Model: 1.slha (2/3) [Run3ModelGen.modelgen]
2024-08-09 15:42:56 [info     ] 	running step: prep_input      [Run3ModelGen.modelgen]
2024-08-09 15:42:56 [info     ] 	running step: SPheno          [Run3ModelGen.modelgen]
2024-08-09 15:42:56 [info     ] 	running step: softsusy        [Run3ModelGen.modelgen]
2024-08-09 15:42:56 [info     ] 	running step: micromegas      [Run3ModelGen.modelgen]
2024-08-09 15:42:56 [info     ] 	running step: superiso        [Run3ModelGen.modelgen]
2024-08-09 15:42:56 [info     ] 	running step: gm2calc         [Run3ModelGen.modelgen]
2024-08-09 15:42:56 [info     ] 	running step: evade           [Run3ModelGen.modelgen]
2024-08-09 15:42:56 [info     ] Generating Model: 2.slha (3/3) [Run3ModelGen.modelgen]
2024-08-09 15:42:56 [info     ] 	running step: prep_input      [Run3ModelGen.modelgen]
2024-08-09 15:42:56 [info     ] 	running step: SPheno          [Run3ModelGen.modelgen]
2024-08-09 15:42:56 [info     ] 	running step: softsusy        [Run3ModelGen.modelgen]
2024-08-09 15:42:57 [info     ] 	running step: micromegas      [Run3ModelGen.modelgen]
2024-08-09 15:42:58 [info     ] 	running step: superiso        [Run3ModelGen.modelgen]
2024-08-09 15:42:58 [info     ] 	running step: gm2calc         [Run3ModelGen.modelgen]
2024-08-09 15:42:58 [info     ] 	running step: evade           [Run3ModelGen.modelgen]
2024-08-09 15:42:58 [info     ] Finished generating models! Stats for successful generations (successful/attempted): [Run3ModelGen.modelgen]
2024-08-09 15:42:58 [info     ] 	prep_input: 3/3.              [Run3ModelGen.modelgen]
2024-08-09 15:42:58 [info     ] 	SPheno: 3/3.                  [Run3ModelGen.modelgen]
2024-08-09 15:42:58 [info     ] 	softsusy: 3/3.                [Run3ModelGen.modelgen]
2024-08-09 15:42:58 [info     ] 	micromegas: 3/3.              [Run3ModelGen.modelgen]
2024-08-09 15:42:58 [info     ] 	superiso: 3/3.                [Run3ModelGen.modelgen]
2024-08-09 15:42:58 [info     ] 	gm2calc: 3/3.                 [Run3ModelGen.modelgen]
2024-08-09 15:42:58 [info     ] 	evade: 0/3.                   [Run3ModelGen.modelgen]
2024-08-09 15:42:58 [info     ] Will make NTuple for: /u/dvoss/al_pmssmwithgp/Run3ModelGen/source/Run3ModelGen/scans/scan_8, with 3 models [Run3ModelGen.ntupling]
2024-08-09 15:42:58 [info     ] 	Filling values for model: 0   [Run3ModelGen.ntupling]
2024-08-09 15:42:58 [info     ] Saving NTuple in /u/dvoss/al_pmssmwithgp/Run3ModelGen/source/Run3ModelGen/scans/scan_8/ntuple.0.0.root ... [Run3ModelGen.ntupling]
Completed iteration 8
Starting iteration 9
Initial Training points:  tensor([0.5119, 0.8528, 0.5812], device='cuda:0') torch.Size([3])
Training points after adding:  tensor([0.5119, 0.8528, 0.5812, 0.1638, 0.5464, 0.8017, 0.1638, 0.6232, 0.2088,
        0.1693, 0.2413, 0.1638, 0.1638, 0.3582, 0.2766, 0.3001, 0.2191, 0.1638,
        0.3001, 0.1638, 0.5858, 0.3955, 0.1638, 0.1998, 0.4398, 0.1638, 0.2752],
       device='cuda:0') torch.Size([27])
These training_points are used in the GP tensor([0.5119, 0.8528, 0.5812, 0.1638, 0.5464, 0.8017, 0.1638, 0.6232, 0.2088,
        0.1693, 0.2413, 0.1638, 0.1638, 0.3582, 0.2766, 0.3001, 0.2191, 0.1638,
        0.3001, 0.1638, 0.5858, 0.3955, 0.1638, 0.1998, 0.4398, 0.1638, 0.2752],
       device='cuda:0')
points: {0, 844, 656}
new xs normalized:  tensor([0.0000, 0.8448, 0.6567], device='cuda:0')
Corresponding xs: tensor([-2000.0000,  1379.3794,   626.6267], device='cuda:0')
Plot saved to /raven/u/dvoss/al_pmssmwithgp/model/plots/Iter9/gp_plot.png
YAML file has been created: /u/dvoss/al_pmssmwithgp/Run3ModelGen/source/Run3ModelGen/data/new_config.yaml
Note: detected 144 virtual cores but NumExpr set to maximum of 64, check "NUMEXPR_MAX_THREADS" environment variable.
Note: NumExpr detected 144 cores but "NUMEXPR_MAX_THREADS" not set, so enforcing safe limit of 8.
NumExpr defaulting to 8 threads.

  ___              ____ __  __          _       _   ___            
 | _ \ _  _  _ _  |__ /|  \/  | ___  __| | ___ | | / __| ___  _ _  
 |   /| || || ' \  |_ \| |\/| |/ _ \/ _` |/ -_)| || (_ |/ -_)| ' \ 
 |_|_\ \_,_||_||_||___/|_|  |_|\___/\__,_|\___||_| \___|\___||_||_|
                                                                   

2024-08-09 15:43:37 [info     ] Initialised ModelGenerator with: [Run3ModelGen.modelgen]
2024-08-09 15:43:37 [info     ] 	config_file = /u/dvoss/al_pmssmwithgp/Run3ModelGen/source/Run3ModelGen/data/new_config.yaml [Run3ModelGen.modelgen]
2024-08-09 15:43:37 [info     ] 	scan_dir = /u/dvoss/al_pmssmwithgp/Run3ModelGen/source/Run3ModelGen/scans/scan_9 [Run3ModelGen.modelgen]
2024-08-09 15:43:37 [info     ] 	rawfilen = /u/dvoss/al_pmssmwithgp/Run3ModelGen/source/Run3ModelGen/data/raw.slha [Run3ModelGen.modelgen]
2024-08-09 15:43:37 [info     ] 	seed = 123                    [Run3ModelGen.modelgen]
2024-08-09 15:43:37 [info     ] 	points = {}                   [Run3ModelGen.modelgen]
2024-08-09 15:43:37 [info     ] 	prior = fixed                 [Run3ModelGen.modelgen]
2024-08-09 15:43:37 [info     ] 	num_models = 3                [Run3ModelGen.modelgen]
2024-08-09 15:43:37 [info     ] 	isGMSB = False                [Run3ModelGen.modelgen]
2024-08-09 15:43:37 [info     ] 	parameters =                  [Run3ModelGen.modelgen]
2024-08-09 15:43:37 [info     ] 		tanb: [60, 60, 60]           [Run3ModelGen.modelgen]
2024-08-09 15:43:37 [info     ] 		M_1: [-2000.0, 1379.38, 626.63] [Run3ModelGen.modelgen]
2024-08-09 15:43:37 [info     ] 		M_2: [2000, 2000, 2000]      [Run3ModelGen.modelgen]
2024-08-09 15:43:37 [info     ] 		M_3: [4000, 4000, 4000]      [Run3ModelGen.modelgen]
2024-08-09 15:43:37 [info     ] 		AT: [4000, 4000, 4000]       [Run3ModelGen.modelgen]
2024-08-09 15:43:37 [info     ] 		Ab: [2000, 2000, 2000]       [Run3ModelGen.modelgen]
2024-08-09 15:43:37 [info     ] 		Atau: [2000, 2000, 2000]     [Run3ModelGen.modelgen]
2024-08-09 15:43:37 [info     ] 		mu: [2000, 2000, 2000]       [Run3ModelGen.modelgen]
2024-08-09 15:43:37 [info     ] 		mA: [2000, 2000, 2000]       [Run3ModelGen.modelgen]
2024-08-09 15:43:37 [info     ] 		meL: [2000, 2000, 2000]      [Run3ModelGen.modelgen]
2024-08-09 15:43:37 [info     ] 		mtauL: [2000, 2000, 2000]    [Run3ModelGen.modelgen]
2024-08-09 15:43:37 [info     ] 		meR: [2000, 2000, 2000]      [Run3ModelGen.modelgen]
2024-08-09 15:43:37 [info     ] 		mtauR: [2000, 2000, 2000]    [Run3ModelGen.modelgen]
2024-08-09 15:43:37 [info     ] 		mqL1: [4000, 4000, 4000]     [Run3ModelGen.modelgen]
2024-08-09 15:43:37 [info     ] 		mqL3: [4000, 4000, 4000]     [Run3ModelGen.modelgen]
2024-08-09 15:43:37 [info     ] 		muR: [4000, 4000, 4000]      [Run3ModelGen.modelgen]
2024-08-09 15:43:37 [info     ] 		mtR: [4000, 4000, 4000]      [Run3ModelGen.modelgen]
2024-08-09 15:43:37 [info     ] 		mdR: [4000, 4000, 4000]      [Run3ModelGen.modelgen]
2024-08-09 15:43:37 [info     ] 		mbR: [4000, 4000, 4000]      [Run3ModelGen.modelgen]
2024-08-09 15:43:37 [info     ] 	steps =                       [Run3ModelGen.modelgen]
2024-08-09 15:43:37 [info     ] 		{'name': 'prep_input', 'output_dir': 'input', 'prefix': 'IN'} [Run3ModelGen.modelgen]
2024-08-09 15:43:37 [info     ] 		{'name': 'SPheno', 'input_dir': 'input', 'output_dir': 'SPheno', 'log_dir': 'SPheno_log', 'prefix': 'SP'} [Run3ModelGen.modelgen]
2024-08-09 15:43:37 [info     ] 		{'name': 'softsusy', 'input_dir': 'input', 'output_dir': 'softsusy', 'prefix': 'SS'} [Run3ModelGen.modelgen]
2024-08-09 15:43:37 [info     ] 		{'name': 'micromegas', 'input_dir': 'SPheno', 'output_dir': 'micromegas', 'prefix': 'MO'} [Run3ModelGen.modelgen]
2024-08-09 15:43:37 [info     ] 		{'name': 'superiso', 'input_dir': 'SPheno', 'output_dir': 'superiso', 'prefix': 'SI'} [Run3ModelGen.modelgen]
2024-08-09 15:43:37 [info     ] 		{'name': 'gm2calc', 'input_dir': 'SPheno', 'output_dir': 'gm2calc', 'prefix': 'GM2'} [Run3ModelGen.modelgen]
2024-08-09 15:43:37 [info     ] 		{'name': 'evade', 'input_dir': 'SPheno', 'output_dir': 'evade', 'prefix': 'EV'} [Run3ModelGen.modelgen]
2024-08-09 15:43:37 [info     ] Starting Model Generation...   [Run3ModelGen.modelgen]
2024-08-09 15:43:37 [info     ] Setting up output directories for scan [Run3ModelGen.modelgen]
2024-08-09 15:43:37 [info     ] Generating Model: 0.slha (1/3) [Run3ModelGen.modelgen]
2024-08-09 15:43:37 [info     ] 	running step: prep_input      [Run3ModelGen.modelgen]
2024-08-09 15:43:37 [info     ] 	running step: SPheno          [Run3ModelGen.modelgen]
2024-08-09 15:43:38 [info     ] 	running step: softsusy        [Run3ModelGen.modelgen]
2024-08-09 15:43:38 [info     ] 	running step: micromegas      [Run3ModelGen.modelgen]
2024-08-09 15:43:39 [info     ] 	running step: superiso        [Run3ModelGen.modelgen]
2024-08-09 15:43:39 [info     ] 	running step: gm2calc         [Run3ModelGen.modelgen]
2024-08-09 15:43:39 [info     ] 	running step: evade           [Run3ModelGen.modelgen]
2024-08-09 15:43:39 [info     ] Generating Model: 1.slha (2/3) [Run3ModelGen.modelgen]
2024-08-09 15:43:39 [info     ] 	running step: prep_input      [Run3ModelGen.modelgen]
2024-08-09 15:43:39 [info     ] 	running step: SPheno          [Run3ModelGen.modelgen]
2024-08-09 15:43:39 [info     ] 	running step: softsusy        [Run3ModelGen.modelgen]
2024-08-09 15:43:39 [info     ] 	running step: micromegas      [Run3ModelGen.modelgen]
2024-08-09 15:43:40 [info     ] 	running step: superiso        [Run3ModelGen.modelgen]
2024-08-09 15:43:40 [info     ] 	running step: gm2calc         [Run3ModelGen.modelgen]
2024-08-09 15:43:40 [info     ] 	running step: evade           [Run3ModelGen.modelgen]
2024-08-09 15:43:40 [info     ] Generating Model: 2.slha (3/3) [Run3ModelGen.modelgen]
2024-08-09 15:43:40 [info     ] 	running step: prep_input      [Run3ModelGen.modelgen]
2024-08-09 15:43:40 [info     ] 	running step: SPheno          [Run3ModelGen.modelgen]
2024-08-09 15:43:40 [info     ] 	running step: softsusy        [Run3ModelGen.modelgen]
2024-08-09 15:43:40 [info     ] 	running step: micromegas      [Run3ModelGen.modelgen]
2024-08-09 15:43:40 [info     ] 	running step: superiso        [Run3ModelGen.modelgen]
2024-08-09 15:43:41 [info     ] 	running step: gm2calc         [Run3ModelGen.modelgen]
2024-08-09 15:43:41 [info     ] 	running step: evade           [Run3ModelGen.modelgen]
2024-08-09 15:43:41 [info     ] Finished generating models! Stats for successful generations (successful/attempted): [Run3ModelGen.modelgen]
2024-08-09 15:43:41 [info     ] 	prep_input: 3/3.              [Run3ModelGen.modelgen]
2024-08-09 15:43:41 [info     ] 	SPheno: 3/3.                  [Run3ModelGen.modelgen]
2024-08-09 15:43:41 [info     ] 	softsusy: 3/3.                [Run3ModelGen.modelgen]
2024-08-09 15:43:41 [info     ] 	micromegas: 3/3.              [Run3ModelGen.modelgen]
2024-08-09 15:43:41 [info     ] 	superiso: 3/3.                [Run3ModelGen.modelgen]
2024-08-09 15:43:41 [info     ] 	gm2calc: 3/3.                 [Run3ModelGen.modelgen]
2024-08-09 15:43:41 [info     ] 	evade: 0/3.                   [Run3ModelGen.modelgen]
2024-08-09 15:43:41 [info     ] Will make NTuple for: /u/dvoss/al_pmssmwithgp/Run3ModelGen/source/Run3ModelGen/scans/scan_9, with 3 models [Run3ModelGen.ntupling]
2024-08-09 15:43:41 [info     ] 	Filling values for model: 0   [Run3ModelGen.ntupling]
2024-08-09 15:43:41 [info     ] Saving NTuple in /u/dvoss/al_pmssmwithgp/Run3ModelGen/source/Run3ModelGen/scans/scan_9/ntuple.0.0.root ... [Run3ModelGen.ntupling]
Completed iteration 9
Starting iteration 10
Initial Training points:  tensor([0.5119, 0.8528, 0.5812], device='cuda:0') torch.Size([3])
Training points after adding:  tensor([0.5119, 0.8528, 0.5812, 0.1638, 0.5464, 0.8017, 0.1638, 0.6232, 0.2088,
        0.1693, 0.2413, 0.1638, 0.1638, 0.3582, 0.2766, 0.3001, 0.2191, 0.1638,
        0.3001, 0.1638, 0.5858, 0.3955, 0.1638, 0.1998, 0.4398, 0.1638, 0.2752,
        0.2454, 0.1638, 0.8515], device='cuda:0') torch.Size([30])
These training_points are used in the GP tensor([0.5119, 0.8528, 0.5812, 0.1638, 0.5464, 0.8017, 0.1638, 0.6232, 0.2088,
        0.1693, 0.2413, 0.1638, 0.1638, 0.3582, 0.2766, 0.3001, 0.2191, 0.1638,
        0.3001, 0.1638, 0.5858, 0.3955, 0.1638, 0.1998, 0.4398, 0.1638, 0.2752,
        0.2454, 0.1638, 0.8515], device='cuda:0')
points: {0, 3, 525}
new xs normalized:  tensor([0.0000, 0.0030, 0.5255], device='cuda:0')
Corresponding xs: tensor([-2000.0000, -1987.9880,   102.1021], device='cuda:0')
Plot saved to /raven/u/dvoss/al_pmssmwithgp/model/plots/Iter10/gp_plot.png
YAML file has been created: /u/dvoss/al_pmssmwithgp/Run3ModelGen/source/Run3ModelGen/data/new_config.yaml
Note: detected 144 virtual cores but NumExpr set to maximum of 64, check "NUMEXPR_MAX_THREADS" environment variable.
Note: NumExpr detected 144 cores but "NUMEXPR_MAX_THREADS" not set, so enforcing safe limit of 8.
NumExpr defaulting to 8 threads.

  ___              ____ __  __          _       _   ___            
 | _ \ _  _  _ _  |__ /|  \/  | ___  __| | ___ | | / __| ___  _ _  
 |   /| || || ' \  |_ \| |\/| |/ _ \/ _` |/ -_)| || (_ |/ -_)| ' \ 
 |_|_\ \_,_||_||_||___/|_|  |_|\___/\__,_|\___||_| \___|\___||_||_|
                                                                   

2024-08-09 15:44:20 [info     ] Initialised ModelGenerator with: [Run3ModelGen.modelgen]
2024-08-09 15:44:20 [info     ] 	config_file = /u/dvoss/al_pmssmwithgp/Run3ModelGen/source/Run3ModelGen/data/new_config.yaml [Run3ModelGen.modelgen]
2024-08-09 15:44:20 [info     ] 	scan_dir = /u/dvoss/al_pmssmwithgp/Run3ModelGen/source/Run3ModelGen/scans/scan_10 [Run3ModelGen.modelgen]
2024-08-09 15:44:20 [info     ] 	rawfilen = /u/dvoss/al_pmssmwithgp/Run3ModelGen/source/Run3ModelGen/data/raw.slha [Run3ModelGen.modelgen]
2024-08-09 15:44:20 [info     ] 	seed = 123                    [Run3ModelGen.modelgen]
2024-08-09 15:44:20 [info     ] 	points = {}                   [Run3ModelGen.modelgen]
2024-08-09 15:44:20 [info     ] 	prior = fixed                 [Run3ModelGen.modelgen]
2024-08-09 15:44:20 [info     ] 	num_models = 3                [Run3ModelGen.modelgen]
2024-08-09 15:44:20 [info     ] 	isGMSB = False                [Run3ModelGen.modelgen]
2024-08-09 15:44:20 [info     ] 	parameters =                  [Run3ModelGen.modelgen]
2024-08-09 15:44:20 [info     ] 		tanb: [60, 60, 60]           [Run3ModelGen.modelgen]
2024-08-09 15:44:20 [info     ] 		M_1: [-2000.0, -1987.99, 102.1] [Run3ModelGen.modelgen]
2024-08-09 15:44:20 [info     ] 		M_2: [2000, 2000, 2000]      [Run3ModelGen.modelgen]
2024-08-09 15:44:20 [info     ] 		M_3: [4000, 4000, 4000]      [Run3ModelGen.modelgen]
2024-08-09 15:44:20 [info     ] 		AT: [4000, 4000, 4000]       [Run3ModelGen.modelgen]
2024-08-09 15:44:20 [info     ] 		Ab: [2000, 2000, 2000]       [Run3ModelGen.modelgen]
2024-08-09 15:44:20 [info     ] 		Atau: [2000, 2000, 2000]     [Run3ModelGen.modelgen]
2024-08-09 15:44:20 [info     ] 		mu: [2000, 2000, 2000]       [Run3ModelGen.modelgen]
2024-08-09 15:44:20 [info     ] 		mA: [2000, 2000, 2000]       [Run3ModelGen.modelgen]
2024-08-09 15:44:20 [info     ] 		meL: [2000, 2000, 2000]      [Run3ModelGen.modelgen]
2024-08-09 15:44:20 [info     ] 		mtauL: [2000, 2000, 2000]    [Run3ModelGen.modelgen]
2024-08-09 15:44:20 [info     ] 		meR: [2000, 2000, 2000]      [Run3ModelGen.modelgen]
2024-08-09 15:44:20 [info     ] 		mtauR: [2000, 2000, 2000]    [Run3ModelGen.modelgen]
2024-08-09 15:44:20 [info     ] 		mqL1: [4000, 4000, 4000]     [Run3ModelGen.modelgen]
2024-08-09 15:44:20 [info     ] 		mqL3: [4000, 4000, 4000]     [Run3ModelGen.modelgen]
2024-08-09 15:44:20 [info     ] 		muR: [4000, 4000, 4000]      [Run3ModelGen.modelgen]
2024-08-09 15:44:20 [info     ] 		mtR: [4000, 4000, 4000]      [Run3ModelGen.modelgen]
2024-08-09 15:44:20 [info     ] 		mdR: [4000, 4000, 4000]      [Run3ModelGen.modelgen]
2024-08-09 15:44:20 [info     ] 		mbR: [4000, 4000, 4000]      [Run3ModelGen.modelgen]
2024-08-09 15:44:20 [info     ] 	steps =                       [Run3ModelGen.modelgen]
2024-08-09 15:44:20 [info     ] 		{'name': 'prep_input', 'output_dir': 'input', 'prefix': 'IN'} [Run3ModelGen.modelgen]
2024-08-09 15:44:20 [info     ] 		{'name': 'SPheno', 'input_dir': 'input', 'output_dir': 'SPheno', 'log_dir': 'SPheno_log', 'prefix': 'SP'} [Run3ModelGen.modelgen]
2024-08-09 15:44:20 [info     ] 		{'name': 'softsusy', 'input_dir': 'input', 'output_dir': 'softsusy', 'prefix': 'SS'} [Run3ModelGen.modelgen]
2024-08-09 15:44:20 [info     ] 		{'name': 'micromegas', 'input_dir': 'SPheno', 'output_dir': 'micromegas', 'prefix': 'MO'} [Run3ModelGen.modelgen]
2024-08-09 15:44:20 [info     ] 		{'name': 'superiso', 'input_dir': 'SPheno', 'output_dir': 'superiso', 'prefix': 'SI'} [Run3ModelGen.modelgen]
2024-08-09 15:44:20 [info     ] 		{'name': 'gm2calc', 'input_dir': 'SPheno', 'output_dir': 'gm2calc', 'prefix': 'GM2'} [Run3ModelGen.modelgen]
2024-08-09 15:44:20 [info     ] 		{'name': 'evade', 'input_dir': 'SPheno', 'output_dir': 'evade', 'prefix': 'EV'} [Run3ModelGen.modelgen]
2024-08-09 15:44:20 [info     ] Starting Model Generation...   [Run3ModelGen.modelgen]
2024-08-09 15:44:20 [info     ] Setting up output directories for scan [Run3ModelGen.modelgen]
2024-08-09 15:44:20 [info     ] Generating Model: 0.slha (1/3) [Run3ModelGen.modelgen]
2024-08-09 15:44:20 [info     ] 	running step: prep_input      [Run3ModelGen.modelgen]
2024-08-09 15:44:20 [info     ] 	running step: SPheno          [Run3ModelGen.modelgen]
2024-08-09 15:44:20 [info     ] 	running step: softsusy        [Run3ModelGen.modelgen]
2024-08-09 15:44:20 [info     ] 	running step: micromegas      [Run3ModelGen.modelgen]
2024-08-09 15:44:21 [info     ] 	running step: superiso        [Run3ModelGen.modelgen]
2024-08-09 15:44:21 [info     ] 	running step: gm2calc         [Run3ModelGen.modelgen]
2024-08-09 15:44:21 [info     ] 	running step: evade           [Run3ModelGen.modelgen]
2024-08-09 15:44:21 [info     ] Generating Model: 1.slha (2/3) [Run3ModelGen.modelgen]
2024-08-09 15:44:21 [info     ] 	running step: prep_input      [Run3ModelGen.modelgen]
2024-08-09 15:44:21 [info     ] 	running step: SPheno          [Run3ModelGen.modelgen]
2024-08-09 15:44:22 [info     ] 	running step: softsusy        [Run3ModelGen.modelgen]
2024-08-09 15:44:22 [info     ] 	running step: micromegas      [Run3ModelGen.modelgen]
2024-08-09 15:44:23 [info     ] 	running step: superiso        [Run3ModelGen.modelgen]
2024-08-09 15:44:23 [info     ] 	running step: gm2calc         [Run3ModelGen.modelgen]
2024-08-09 15:44:23 [info     ] 	running step: evade           [Run3ModelGen.modelgen]
2024-08-09 15:44:23 [info     ] Generating Model: 2.slha (3/3) [Run3ModelGen.modelgen]
2024-08-09 15:44:23 [info     ] 	running step: prep_input      [Run3ModelGen.modelgen]
2024-08-09 15:44:23 [info     ] 	running step: SPheno          [Run3ModelGen.modelgen]
2024-08-09 15:44:23 [info     ] 	running step: softsusy        [Run3ModelGen.modelgen]
2024-08-09 15:44:23 [info     ] 	running step: micromegas      [Run3ModelGen.modelgen]
2024-08-09 15:44:24 [info     ] 	running step: superiso        [Run3ModelGen.modelgen]
2024-08-09 15:44:24 [info     ] 	running step: gm2calc         [Run3ModelGen.modelgen]
2024-08-09 15:44:24 [info     ] 	running step: evade           [Run3ModelGen.modelgen]
2024-08-09 15:44:24 [info     ] Finished generating models! Stats for successful generations (successful/attempted): [Run3ModelGen.modelgen]
2024-08-09 15:44:24 [info     ] 	prep_input: 3/3.              [Run3ModelGen.modelgen]
2024-08-09 15:44:24 [info     ] 	SPheno: 3/3.                  [Run3ModelGen.modelgen]
2024-08-09 15:44:24 [info     ] 	softsusy: 3/3.                [Run3ModelGen.modelgen]
2024-08-09 15:44:24 [info     ] 	micromegas: 3/3.              [Run3ModelGen.modelgen]
2024-08-09 15:44:24 [info     ] 	superiso: 3/3.                [Run3ModelGen.modelgen]
2024-08-09 15:44:24 [info     ] 	gm2calc: 3/3.                 [Run3ModelGen.modelgen]
2024-08-09 15:44:24 [info     ] 	evade: 0/3.                   [Run3ModelGen.modelgen]
2024-08-09 15:44:24 [info     ] Will make NTuple for: /u/dvoss/al_pmssmwithgp/Run3ModelGen/source/Run3ModelGen/scans/scan_10, with 3 models [Run3ModelGen.ntupling]
2024-08-09 15:44:24 [info     ] 	Filling values for model: 0   [Run3ModelGen.ntupling]
2024-08-09 15:44:24 [info     ] Saving NTuple in /u/dvoss/al_pmssmwithgp/Run3ModelGen/source/Run3ModelGen/scans/scan_10/ntuple.0.0.root ... [Run3ModelGen.ntupling]
Completed iteration 10
All iterations completed.
                                  
================================= 
Global information about the job: 
================================= 
  
Job owner: dvoss(54815)
Job name:  test
Node list: ravg1202
Job start: Fri Aug  9 15:37:15 CEST 2024
Job end:   Fri Aug  9 15:44:30 CEST 2024
Work dir:  /raven/u/dvoss/al_pmssmwithgp/model
Command:   /raven/u/dvoss/al_pmssmwithgp/model/slurm/single_job.sbatch
  
  
  
==========================================================================================
Information on jobsteps (Note: MaxRSS/AveRSS is the maximum/average over all 
tasks of the per-task memory high-water marks; cf. "man sacct"): 
==========================================================================================
  
JobID            JobName NNodes NTasks  NCPUS       MaxRSS       AveRSS    Elapsed ExitCode
------------- ---------- ------ ------ ------ ------------ ------------ ---------- --------
12298647            test      1             4                             00:07:15      0:0
12298647.0        job.sh      1      1      4     2389.66M     2389.66M   00:07:02      0:0
  
Maximum memory per node: 2.505738 GB (defined as MaxRSS*Ntasks/NNodes)
CPU utilization: 19.3 %
  
