Loading pytorch/gpu-cuda-11.6/2.0.0
  Loading requirement: cudnn/8.8.1
Loading gpytorch/gpu-cuda-11.6/pytorch-1.11.0/1.8.0
  Loading requirement: cudnn/8.4.1 pytorch/gpu-cuda-11.6/1.11.0
ERROR: Could not find a version that satisfies the requirement scipy.stats (from versions: none)
ERROR: No matching distribution found for scipy.stats
ERROR: Could not find a version that satisfies the requirement scipy.interpolate (from versions: none)
ERROR: No matching distribution found for scipy.interpolate
/mpcdf/soft/SLE_15/packages/skylake/gpytorch/gpu-cuda-11.6/pytorch-1.11.0/anaconda_3_2021.11-2021.11/1.8.0/lib/python3.9/site-packages/gpytorch/utils/linear_cg.py:321: NumericalWarning: CG terminated in 3000 iterations with average residual norm 0.00010924699017778039 which is larger than the tolerance of 1e-06 specified by gpytorch.settings.cg_tolerance. If performance is affected, consider raising the maximum number of CG iterations by running code in a gpytorch.settings.max_cg_iterations(value) context.
  warnings.warn(
/mpcdf/soft/SLE_15/packages/skylake/gpytorch/gpu-cuda-11.6/pytorch-1.11.0/anaconda_3_2021.11-2021.11/1.8.0/lib/python3.9/site-packages/gpytorch/functions/_pivoted_cholesky.py:114: UserWarning: torch.triangular_solve is deprecated in favor of torch.linalg.solve_triangularand will be removed in a future PyTorch release.
torch.linalg.solve_triangular has its arguments reversed and does not return a copy of one of the inputs.
X = torch.triangular_solve(B, A).solution
should be replaced with
X = torch.linalg.solve_triangular(A, B). (Triggered internally at  /home/abuild/rpmbuild/BUILD/pytorch-1.11.0/aten/src/ATen/native/BatchLinearAlgebra.cpp:1666.)
  [L, torch.triangular_solve(Krows[..., m:, :].transpose(-1, -2), L, upper=False)[0].transpose(-1, -2)],
/mpcdf/soft/SLE_15/packages/skylake/gpytorch/gpu-cuda-11.6/pytorch-1.11.0/anaconda_3_2021.11-2021.11/1.8.0/lib/python3.9/site-packages/gpytorch/utils/linear_cg.py:321: NumericalWarning: CG terminated in 3000 iterations with average residual norm 6.6686006903182715e-06 which is larger than the tolerance of 1e-06 specified by gpytorch.settings.cg_tolerance. If performance is affected, consider raising the maximum number of CG iterations by running code in a gpytorch.settings.max_cg_iterations(value) context.
  warnings.warn(
/mpcdf/soft/SLE_15/packages/skylake/gpytorch/gpu-cuda-11.6/pytorch-1.11.0/anaconda_3_2021.11-2021.11/1.8.0/lib/python3.9/site-packages/gpytorch/utils/linear_cg.py:321: NumericalWarning: CG terminated in 3000 iterations with average residual norm 0.00012383762805256993 which is larger than the tolerance of 1e-06 specified by gpytorch.settings.cg_tolerance. If performance is affected, consider raising the maximum number of CG iterations by running code in a gpytorch.settings.max_cg_iterations(value) context.
  warnings.warn(
/mpcdf/soft/SLE_15/packages/skylake/gpytorch/gpu-cuda-11.6/pytorch-1.11.0/anaconda_3_2021.11-2021.11/1.8.0/lib/python3.9/site-packages/gpytorch/utils/linear_cg.py:321: NumericalWarning: CG terminated in 3000 iterations with average residual norm 4.505316610448062e-06 which is larger than the tolerance of 1e-06 specified by gpytorch.settings.cg_tolerance. If performance is affected, consider raising the maximum number of CG iterations by running code in a gpytorch.settings.max_cg_iterations(value) context.
  warnings.warn(
/mpcdf/soft/SLE_15/packages/skylake/gpytorch/gpu-cuda-11.6/pytorch-1.11.0/anaconda_3_2021.11-2021.11/1.8.0/lib/python3.9/site-packages/gpytorch/utils/linear_cg.py:321: NumericalWarning: CG terminated in 3000 iterations with average residual norm 0.00012472274829633534 which is larger than the tolerance of 1e-06 specified by gpytorch.settings.cg_tolerance. If performance is affected, consider raising the maximum number of CG iterations by running code in a gpytorch.settings.max_cg_iterations(value) context.
  warnings.warn(
/mpcdf/soft/SLE_15/packages/skylake/gpytorch/gpu-cuda-11.6/pytorch-1.11.0/anaconda_3_2021.11-2021.11/1.8.0/lib/python3.9/site-packages/gpytorch/utils/linear_cg.py:321: NumericalWarning: CG terminated in 3000 iterations with average residual norm 5.866710580448853e-06 which is larger than the tolerance of 1e-06 specified by gpytorch.settings.cg_tolerance. If performance is affected, consider raising the maximum number of CG iterations by running code in a gpytorch.settings.max_cg_iterations(value) context.
  warnings.warn(
/mpcdf/soft/SLE_15/packages/skylake/gpytorch/gpu-cuda-11.6/pytorch-1.11.0/anaconda_3_2021.11-2021.11/1.8.0/lib/python3.9/site-packages/gpytorch/utils/linear_cg.py:321: NumericalWarning: CG terminated in 3000 iterations with average residual norm 8.12751823104918e-05 which is larger than the tolerance of 1e-06 specified by gpytorch.settings.cg_tolerance. If performance is affected, consider raising the maximum number of CG iterations by running code in a gpytorch.settings.max_cg_iterations(value) context.
  warnings.warn(
/mpcdf/soft/SLE_15/packages/skylake/gpytorch/gpu-cuda-11.6/pytorch-1.11.0/anaconda_3_2021.11-2021.11/1.8.0/lib/python3.9/site-packages/gpytorch/utils/linear_cg.py:321: NumericalWarning: CG terminated in 3000 iterations with average residual norm 5.761994543718174e-06 which is larger than the tolerance of 1e-06 specified by gpytorch.settings.cg_tolerance. If performance is affected, consider raising the maximum number of CG iterations by running code in a gpytorch.settings.max_cg_iterations(value) context.
  warnings.warn(
/mpcdf/soft/SLE_15/packages/skylake/gpytorch/gpu-cuda-11.6/pytorch-1.11.0/anaconda_3_2021.11-2021.11/1.8.0/lib/python3.9/site-packages/gpytorch/utils/linear_cg.py:321: NumericalWarning: CG terminated in 3000 iterations with average residual norm 0.00019500753842294216 which is larger than the tolerance of 1e-06 specified by gpytorch.settings.cg_tolerance. If performance is affected, consider raising the maximum number of CG iterations by running code in a gpytorch.settings.max_cg_iterations(value) context.
  warnings.warn(
/mpcdf/soft/SLE_15/packages/skylake/gpytorch/gpu-cuda-11.6/pytorch-1.11.0/anaconda_3_2021.11-2021.11/1.8.0/lib/python3.9/site-packages/gpytorch/utils/linear_cg.py:321: NumericalWarning: CG terminated in 3000 iterations with average residual norm 6.648002454312518e-06 which is larger than the tolerance of 1e-06 specified by gpytorch.settings.cg_tolerance. If performance is affected, consider raising the maximum number of CG iterations by running code in a gpytorch.settings.max_cg_iterations(value) context.
  warnings.warn(
/mpcdf/soft/SLE_15/packages/skylake/gpytorch/gpu-cuda-11.6/pytorch-1.11.0/anaconda_3_2021.11-2021.11/1.8.0/lib/python3.9/site-packages/gpytorch/utils/linear_cg.py:321: NumericalWarning: CG terminated in 3000 iterations with average residual norm 0.00018498314602766186 which is larger than the tolerance of 1e-06 specified by gpytorch.settings.cg_tolerance. If performance is affected, consider raising the maximum number of CG iterations by running code in a gpytorch.settings.max_cg_iterations(value) context.
  warnings.warn(
/mpcdf/soft/SLE_15/packages/skylake/gpytorch/gpu-cuda-11.6/pytorch-1.11.0/anaconda_3_2021.11-2021.11/1.8.0/lib/python3.9/site-packages/gpytorch/utils/linear_cg.py:321: NumericalWarning: CG terminated in 3000 iterations with average residual norm 5.236311608314281e-06 which is larger than the tolerance of 1e-06 specified by gpytorch.settings.cg_tolerance. If performance is affected, consider raising the maximum number of CG iterations by running code in a gpytorch.settings.max_cg_iterations(value) context.
  warnings.warn(
/mpcdf/soft/SLE_15/packages/skylake/gpytorch/gpu-cuda-11.6/pytorch-1.11.0/anaconda_3_2021.11-2021.11/1.8.0/lib/python3.9/site-packages/gpytorch/utils/linear_cg.py:321: NumericalWarning: CG terminated in 3000 iterations with average residual norm 8.925010479288176e-05 which is larger than the tolerance of 1e-06 specified by gpytorch.settings.cg_tolerance. If performance is affected, consider raising the maximum number of CG iterations by running code in a gpytorch.settings.max_cg_iterations(value) context.
  warnings.warn(
/mpcdf/soft/SLE_15/packages/skylake/gpytorch/gpu-cuda-11.6/pytorch-1.11.0/anaconda_3_2021.11-2021.11/1.8.0/lib/python3.9/site-packages/gpytorch/utils/linear_cg.py:321: NumericalWarning: CG terminated in 3000 iterations with average residual norm 5.1609831643872894e-06 which is larger than the tolerance of 1e-06 specified by gpytorch.settings.cg_tolerance. If performance is affected, consider raising the maximum number of CG iterations by running code in a gpytorch.settings.max_cg_iterations(value) context.
  warnings.warn(
/mpcdf/soft/SLE_15/packages/skylake/gpytorch/gpu-cuda-11.6/pytorch-1.11.0/anaconda_3_2021.11-2021.11/1.8.0/lib/python3.9/site-packages/gpytorch/utils/linear_cg.py:321: NumericalWarning: CG terminated in 3000 iterations with average residual norm 0.000146428617881611 which is larger than the tolerance of 1e-06 specified by gpytorch.settings.cg_tolerance. If performance is affected, consider raising the maximum number of CG iterations by running code in a gpytorch.settings.max_cg_iterations(value) context.
  warnings.warn(
/mpcdf/soft/SLE_15/packages/skylake/gpytorch/gpu-cuda-11.6/pytorch-1.11.0/anaconda_3_2021.11-2021.11/1.8.0/lib/python3.9/site-packages/gpytorch/utils/linear_cg.py:321: NumericalWarning: CG terminated in 3000 iterations with average residual norm 5.846310159540735e-06 which is larger than the tolerance of 1e-06 specified by gpytorch.settings.cg_tolerance. If performance is affected, consider raising the maximum number of CG iterations by running code in a gpytorch.settings.max_cg_iterations(value) context.
  warnings.warn(
/mpcdf/soft/SLE_15/packages/skylake/gpytorch/gpu-cuda-11.6/pytorch-1.11.0/anaconda_3_2021.11-2021.11/1.8.0/lib/python3.9/site-packages/gpytorch/utils/linear_cg.py:321: NumericalWarning: CG terminated in 3000 iterations with average residual norm 0.00012444559251889586 which is larger than the tolerance of 1e-06 specified by gpytorch.settings.cg_tolerance. If performance is affected, consider raising the maximum number of CG iterations by running code in a gpytorch.settings.max_cg_iterations(value) context.
  warnings.warn(
/mpcdf/soft/SLE_15/packages/skylake/gpytorch/gpu-cuda-11.6/pytorch-1.11.0/anaconda_3_2021.11-2021.11/1.8.0/lib/python3.9/site-packages/gpytorch/utils/linear_cg.py:321: NumericalWarning: CG terminated in 3000 iterations with average residual norm 4.4100415834691375e-06 which is larger than the tolerance of 1e-06 specified by gpytorch.settings.cg_tolerance. If performance is affected, consider raising the maximum number of CG iterations by running code in a gpytorch.settings.max_cg_iterations(value) context.
  warnings.warn(
/mpcdf/soft/SLE_15/packages/skylake/gpytorch/gpu-cuda-11.6/pytorch-1.11.0/anaconda_3_2021.11-2021.11/1.8.0/lib/python3.9/site-packages/gpytorch/utils/linear_cg.py:321: NumericalWarning: CG terminated in 3000 iterations with average residual norm 8.976127719506621e-05 which is larger than the tolerance of 1e-06 specified by gpytorch.settings.cg_tolerance. If performance is affected, consider raising the maximum number of CG iterations by running code in a gpytorch.settings.max_cg_iterations(value) context.
  warnings.warn(
/mpcdf/soft/SLE_15/packages/skylake/gpytorch/gpu-cuda-11.6/pytorch-1.11.0/anaconda_3_2021.11-2021.11/1.8.0/lib/python3.9/site-packages/gpytorch/utils/linear_cg.py:321: NumericalWarning: CG terminated in 3000 iterations with average residual norm 4.314076250011567e-06 which is larger than the tolerance of 1e-06 specified by gpytorch.settings.cg_tolerance. If performance is affected, consider raising the maximum number of CG iterations by running code in a gpytorch.settings.max_cg_iterations(value) context.
  warnings.warn(
/mpcdf/soft/SLE_15/packages/skylake/gpytorch/gpu-cuda-11.6/pytorch-1.11.0/anaconda_3_2021.11-2021.11/1.8.0/lib/python3.9/site-packages/gpytorch/utils/linear_cg.py:321: NumericalWarning: CG terminated in 3000 iterations with average residual norm 0.00012356590013951063 which is larger than the tolerance of 1e-06 specified by gpytorch.settings.cg_tolerance. If performance is affected, consider raising the maximum number of CG iterations by running code in a gpytorch.settings.max_cg_iterations(value) context.
  warnings.warn(
/mpcdf/soft/SLE_15/packages/skylake/gpytorch/gpu-cuda-11.6/pytorch-1.11.0/anaconda_3_2021.11-2021.11/1.8.0/lib/python3.9/site-packages/gpytorch/utils/linear_cg.py:321: NumericalWarning: CG terminated in 3000 iterations with average residual norm 6.767077138647437e-06 which is larger than the tolerance of 1e-06 specified by gpytorch.settings.cg_tolerance. If performance is affected, consider raising the maximum number of CG iterations by running code in a gpytorch.settings.max_cg_iterations(value) context.
  warnings.warn(
/mpcdf/soft/SLE_15/packages/skylake/gpytorch/gpu-cuda-11.6/pytorch-1.11.0/anaconda_3_2021.11-2021.11/1.8.0/lib/python3.9/site-packages/gpytorch/utils/linear_cg.py:321: NumericalWarning: CG terminated in 3000 iterations with average residual norm 9.120397589867935e-05 which is larger than the tolerance of 1e-06 specified by gpytorch.settings.cg_tolerance. If performance is affected, consider raising the maximum number of CG iterations by running code in a gpytorch.settings.max_cg_iterations(value) context.
  warnings.warn(
/mpcdf/soft/SLE_15/packages/skylake/gpytorch/gpu-cuda-11.6/pytorch-1.11.0/anaconda_3_2021.11-2021.11/1.8.0/lib/python3.9/site-packages/gpytorch/utils/linear_cg.py:321: NumericalWarning: CG terminated in 3000 iterations with average residual norm 4.606664788298076e-06 which is larger than the tolerance of 1e-06 specified by gpytorch.settings.cg_tolerance. If performance is affected, consider raising the maximum number of CG iterations by running code in a gpytorch.settings.max_cg_iterations(value) context.
  warnings.warn(
/mpcdf/soft/SLE_15/packages/skylake/gpytorch/gpu-cuda-11.6/pytorch-1.11.0/anaconda_3_2021.11-2021.11/1.8.0/lib/python3.9/site-packages/gpytorch/utils/linear_cg.py:321: NumericalWarning: CG terminated in 3000 iterations with average residual norm 0.000115645831101574 which is larger than the tolerance of 1e-06 specified by gpytorch.settings.cg_tolerance. If performance is affected, consider raising the maximum number of CG iterations by running code in a gpytorch.settings.max_cg_iterations(value) context.
  warnings.warn(
/mpcdf/soft/SLE_15/packages/skylake/gpytorch/gpu-cuda-11.6/pytorch-1.11.0/anaconda_3_2021.11-2021.11/1.8.0/lib/python3.9/site-packages/gpytorch/utils/linear_cg.py:321: NumericalWarning: CG terminated in 3000 iterations with average residual norm 6.804106760682771e-06 which is larger than the tolerance of 1e-06 specified by gpytorch.settings.cg_tolerance. If performance is affected, consider raising the maximum number of CG iterations by running code in a gpytorch.settings.max_cg_iterations(value) context.
  warnings.warn(
/mpcdf/soft/SLE_15/packages/skylake/gpytorch/gpu-cuda-11.6/pytorch-1.11.0/anaconda_3_2021.11-2021.11/1.8.0/lib/python3.9/site-packages/gpytorch/utils/linear_cg.py:321: NumericalWarning: CG terminated in 3000 iterations with average residual norm 0.00012697040801867843 which is larger than the tolerance of 1e-06 specified by gpytorch.settings.cg_tolerance. If performance is affected, consider raising the maximum number of CG iterations by running code in a gpytorch.settings.max_cg_iterations(value) context.
  warnings.warn(
/mpcdf/soft/SLE_15/packages/skylake/gpytorch/gpu-cuda-11.6/pytorch-1.11.0/anaconda_3_2021.11-2021.11/1.8.0/lib/python3.9/site-packages/gpytorch/utils/linear_cg.py:321: NumericalWarning: CG terminated in 3000 iterations with average residual norm 5.3645094340026844e-06 which is larger than the tolerance of 1e-06 specified by gpytorch.settings.cg_tolerance. If performance is affected, consider raising the maximum number of CG iterations by running code in a gpytorch.settings.max_cg_iterations(value) context.
  warnings.warn(
/mpcdf/soft/SLE_15/packages/skylake/gpytorch/gpu-cuda-11.6/pytorch-1.11.0/anaconda_3_2021.11-2021.11/1.8.0/lib/python3.9/site-packages/gpytorch/utils/linear_cg.py:321: NumericalWarning: CG terminated in 3000 iterations with average residual norm 0.0001596709480509162 which is larger than the tolerance of 1e-06 specified by gpytorch.settings.cg_tolerance. If performance is affected, consider raising the maximum number of CG iterations by running code in a gpytorch.settings.max_cg_iterations(value) context.
  warnings.warn(
/mpcdf/soft/SLE_15/packages/skylake/gpytorch/gpu-cuda-11.6/pytorch-1.11.0/anaconda_3_2021.11-2021.11/1.8.0/lib/python3.9/site-packages/gpytorch/utils/linear_cg.py:321: NumericalWarning: CG terminated in 3000 iterations with average residual norm 6.650207069469616e-06 which is larger than the tolerance of 1e-06 specified by gpytorch.settings.cg_tolerance. If performance is affected, consider raising the maximum number of CG iterations by running code in a gpytorch.settings.max_cg_iterations(value) context.
  warnings.warn(
/mpcdf/soft/SLE_15/packages/skylake/gpytorch/gpu-cuda-11.6/pytorch-1.11.0/anaconda_3_2021.11-2021.11/1.8.0/lib/python3.9/site-packages/gpytorch/utils/linear_cg.py:321: NumericalWarning: CG terminated in 3000 iterations with average residual norm 0.00010350133379688486 which is larger than the tolerance of 1e-06 specified by gpytorch.settings.cg_tolerance. If performance is affected, consider raising the maximum number of CG iterations by running code in a gpytorch.settings.max_cg_iterations(value) context.
  warnings.warn(
/mpcdf/soft/SLE_15/packages/skylake/gpytorch/gpu-cuda-11.6/pytorch-1.11.0/anaconda_3_2021.11-2021.11/1.8.0/lib/python3.9/site-packages/gpytorch/utils/linear_cg.py:321: NumericalWarning: CG terminated in 3000 iterations with average residual norm 4.258934950485127e-06 which is larger than the tolerance of 1e-06 specified by gpytorch.settings.cg_tolerance. If performance is affected, consider raising the maximum number of CG iterations by running code in a gpytorch.settings.max_cg_iterations(value) context.
  warnings.warn(
/mpcdf/soft/SLE_15/packages/skylake/gpytorch/gpu-cuda-11.6/pytorch-1.11.0/anaconda_3_2021.11-2021.11/1.8.0/lib/python3.9/site-packages/gpytorch/utils/linear_cg.py:321: NumericalWarning: CG terminated in 3000 iterations with average residual norm 6.637963087996468e-05 which is larger than the tolerance of 1e-06 specified by gpytorch.settings.cg_tolerance. If performance is affected, consider raising the maximum number of CG iterations by running code in a gpytorch.settings.max_cg_iterations(value) context.
  warnings.warn(
/mpcdf/soft/SLE_15/packages/skylake/gpytorch/gpu-cuda-11.6/pytorch-1.11.0/anaconda_3_2021.11-2021.11/1.8.0/lib/python3.9/site-packages/gpytorch/utils/linear_cg.py:321: NumericalWarning: CG terminated in 3000 iterations with average residual norm 5.620169304165756e-06 which is larger than the tolerance of 1e-06 specified by gpytorch.settings.cg_tolerance. If performance is affected, consider raising the maximum number of CG iterations by running code in a gpytorch.settings.max_cg_iterations(value) context.
  warnings.warn(
/mpcdf/soft/SLE_15/packages/skylake/gpytorch/gpu-cuda-11.6/pytorch-1.11.0/anaconda_3_2021.11-2021.11/1.8.0/lib/python3.9/site-packages/gpytorch/utils/linear_cg.py:321: NumericalWarning: CG terminated in 3000 iterations with average residual norm 6.073974509490654e-05 which is larger than the tolerance of 1e-06 specified by gpytorch.settings.cg_tolerance. If performance is affected, consider raising the maximum number of CG iterations by running code in a gpytorch.settings.max_cg_iterations(value) context.
  warnings.warn(
/mpcdf/soft/SLE_15/packages/skylake/gpytorch/gpu-cuda-11.6/pytorch-1.11.0/anaconda_3_2021.11-2021.11/1.8.0/lib/python3.9/site-packages/gpytorch/utils/linear_cg.py:321: NumericalWarning: CG terminated in 3000 iterations with average residual norm 6.395719083229778e-06 which is larger than the tolerance of 1e-06 specified by gpytorch.settings.cg_tolerance. If performance is affected, consider raising the maximum number of CG iterations by running code in a gpytorch.settings.max_cg_iterations(value) context.
  warnings.warn(
/mpcdf/soft/SLE_15/packages/skylake/gpytorch/gpu-cuda-11.6/pytorch-1.11.0/anaconda_3_2021.11-2021.11/1.8.0/lib/python3.9/site-packages/gpytorch/utils/linear_cg.py:321: NumericalWarning: CG terminated in 3000 iterations with average residual norm 0.00010148174624191597 which is larger than the tolerance of 1e-06 specified by gpytorch.settings.cg_tolerance. If performance is affected, consider raising the maximum number of CG iterations by running code in a gpytorch.settings.max_cg_iterations(value) context.
  warnings.warn(
/mpcdf/soft/SLE_15/packages/skylake/gpytorch/gpu-cuda-11.6/pytorch-1.11.0/anaconda_3_2021.11-2021.11/1.8.0/lib/python3.9/site-packages/gpytorch/utils/linear_cg.py:321: NumericalWarning: CG terminated in 3000 iterations with average residual norm 4.749025265482487e-06 which is larger than the tolerance of 1e-06 specified by gpytorch.settings.cg_tolerance. If performance is affected, consider raising the maximum number of CG iterations by running code in a gpytorch.settings.max_cg_iterations(value) context.
  warnings.warn(
/mpcdf/soft/SLE_15/packages/skylake/gpytorch/gpu-cuda-11.6/pytorch-1.11.0/anaconda_3_2021.11-2021.11/1.8.0/lib/python3.9/site-packages/gpytorch/utils/linear_cg.py:321: NumericalWarning: CG terminated in 3000 iterations with average residual norm 9.948671504389495e-05 which is larger than the tolerance of 1e-06 specified by gpytorch.settings.cg_tolerance. If performance is affected, consider raising the maximum number of CG iterations by running code in a gpytorch.settings.max_cg_iterations(value) context.
  warnings.warn(
/mpcdf/soft/SLE_15/packages/skylake/gpytorch/gpu-cuda-11.6/pytorch-1.11.0/anaconda_3_2021.11-2021.11/1.8.0/lib/python3.9/site-packages/gpytorch/utils/linear_cg.py:321: NumericalWarning: CG terminated in 3000 iterations with average residual norm 4.071569946972886e-06 which is larger than the tolerance of 1e-06 specified by gpytorch.settings.cg_tolerance. If performance is affected, consider raising the maximum number of CG iterations by running code in a gpytorch.settings.max_cg_iterations(value) context.
  warnings.warn(
/mpcdf/soft/SLE_15/packages/skylake/gpytorch/gpu-cuda-11.6/pytorch-1.11.0/anaconda_3_2021.11-2021.11/1.8.0/lib/python3.9/site-packages/gpytorch/utils/linear_cg.py:321: NumericalWarning: CG terminated in 3000 iterations with average residual norm 0.000132175802718848 which is larger than the tolerance of 1e-06 specified by gpytorch.settings.cg_tolerance. If performance is affected, consider raising the maximum number of CG iterations by running code in a gpytorch.settings.max_cg_iterations(value) context.
  warnings.warn(
/mpcdf/soft/SLE_15/packages/skylake/gpytorch/gpu-cuda-11.6/pytorch-1.11.0/anaconda_3_2021.11-2021.11/1.8.0/lib/python3.9/site-packages/gpytorch/utils/linear_cg.py:321: NumericalWarning: CG terminated in 3000 iterations with average residual norm 4.619203991751419e-06 which is larger than the tolerance of 1e-06 specified by gpytorch.settings.cg_tolerance. If performance is affected, consider raising the maximum number of CG iterations by running code in a gpytorch.settings.max_cg_iterations(value) context.
  warnings.warn(
/mpcdf/soft/SLE_15/packages/skylake/gpytorch/gpu-cuda-11.6/pytorch-1.11.0/anaconda_3_2021.11-2021.11/1.8.0/lib/python3.9/site-packages/gpytorch/utils/linear_cg.py:321: NumericalWarning: CG terminated in 3000 iterations with average residual norm 4.757487840834074e-05 which is larger than the tolerance of 1e-06 specified by gpytorch.settings.cg_tolerance. If performance is affected, consider raising the maximum number of CG iterations by running code in a gpytorch.settings.max_cg_iterations(value) context.
  warnings.warn(
/mpcdf/soft/SLE_15/packages/skylake/gpytorch/gpu-cuda-11.6/pytorch-1.11.0/anaconda_3_2021.11-2021.11/1.8.0/lib/python3.9/site-packages/gpytorch/utils/linear_cg.py:321: NumericalWarning: CG terminated in 3000 iterations with average residual norm 4.07986181016895e-06 which is larger than the tolerance of 1e-06 specified by gpytorch.settings.cg_tolerance. If performance is affected, consider raising the maximum number of CG iterations by running code in a gpytorch.settings.max_cg_iterations(value) context.
  warnings.warn(
/mpcdf/soft/SLE_15/packages/skylake/gpytorch/gpu-cuda-11.6/pytorch-1.11.0/anaconda_3_2021.11-2021.11/1.8.0/lib/python3.9/site-packages/gpytorch/utils/linear_cg.py:321: NumericalWarning: CG terminated in 3000 iterations with average residual norm 5.746092210756615e-05 which is larger than the tolerance of 1e-06 specified by gpytorch.settings.cg_tolerance. If performance is affected, consider raising the maximum number of CG iterations by running code in a gpytorch.settings.max_cg_iterations(value) context.
  warnings.warn(
/mpcdf/soft/SLE_15/packages/skylake/gpytorch/gpu-cuda-11.6/pytorch-1.11.0/anaconda_3_2021.11-2021.11/1.8.0/lib/python3.9/site-packages/gpytorch/utils/linear_cg.py:321: NumericalWarning: CG terminated in 3000 iterations with average residual norm 5.107741799292853e-06 which is larger than the tolerance of 1e-06 specified by gpytorch.settings.cg_tolerance. If performance is affected, consider raising the maximum number of CG iterations by running code in a gpytorch.settings.max_cg_iterations(value) context.
  warnings.warn(
/mpcdf/soft/SLE_15/packages/skylake/gpytorch/gpu-cuda-11.6/pytorch-1.11.0/anaconda_3_2021.11-2021.11/1.8.0/lib/python3.9/site-packages/gpytorch/utils/linear_cg.py:321: NumericalWarning: CG terminated in 3000 iterations with average residual norm 0.0002673652779776603 which is larger than the tolerance of 1e-06 specified by gpytorch.settings.cg_tolerance. If performance is affected, consider raising the maximum number of CG iterations by running code in a gpytorch.settings.max_cg_iterations(value) context.
  warnings.warn(
/mpcdf/soft/SLE_15/packages/skylake/gpytorch/gpu-cuda-11.6/pytorch-1.11.0/anaconda_3_2021.11-2021.11/1.8.0/lib/python3.9/site-packages/gpytorch/utils/linear_cg.py:321: NumericalWarning: CG terminated in 3000 iterations with average residual norm 4.601568889484042e-06 which is larger than the tolerance of 1e-06 specified by gpytorch.settings.cg_tolerance. If performance is affected, consider raising the maximum number of CG iterations by running code in a gpytorch.settings.max_cg_iterations(value) context.
  warnings.warn(
/mpcdf/soft/SLE_15/packages/skylake/gpytorch/gpu-cuda-11.6/pytorch-1.11.0/anaconda_3_2021.11-2021.11/1.8.0/lib/python3.9/site-packages/gpytorch/utils/linear_cg.py:321: NumericalWarning: CG terminated in 3000 iterations with average residual norm 7.882156205596402e-05 which is larger than the tolerance of 1e-06 specified by gpytorch.settings.cg_tolerance. If performance is affected, consider raising the maximum number of CG iterations by running code in a gpytorch.settings.max_cg_iterations(value) context.
  warnings.warn(
/mpcdf/soft/SLE_15/packages/skylake/gpytorch/gpu-cuda-11.6/pytorch-1.11.0/anaconda_3_2021.11-2021.11/1.8.0/lib/python3.9/site-packages/gpytorch/utils/linear_cg.py:321: NumericalWarning: CG terminated in 3000 iterations with average residual norm 4.708087544713635e-06 which is larger than the tolerance of 1e-06 specified by gpytorch.settings.cg_tolerance. If performance is affected, consider raising the maximum number of CG iterations by running code in a gpytorch.settings.max_cg_iterations(value) context.
  warnings.warn(
/mpcdf/soft/SLE_15/packages/skylake/gpytorch/gpu-cuda-11.6/pytorch-1.11.0/anaconda_3_2021.11-2021.11/1.8.0/lib/python3.9/site-packages/gpytorch/utils/linear_cg.py:321: NumericalWarning: CG terminated in 3000 iterations with average residual norm 7.537977216998115e-05 which is larger than the tolerance of 1e-06 specified by gpytorch.settings.cg_tolerance. If performance is affected, consider raising the maximum number of CG iterations by running code in a gpytorch.settings.max_cg_iterations(value) context.
  warnings.warn(
/mpcdf/soft/SLE_15/packages/skylake/gpytorch/gpu-cuda-11.6/pytorch-1.11.0/anaconda_3_2021.11-2021.11/1.8.0/lib/python3.9/site-packages/gpytorch/utils/linear_cg.py:321: NumericalWarning: CG terminated in 3000 iterations with average residual norm 4.492673269851366e-06 which is larger than the tolerance of 1e-06 specified by gpytorch.settings.cg_tolerance. If performance is affected, consider raising the maximum number of CG iterations by running code in a gpytorch.settings.max_cg_iterations(value) context.
  warnings.warn(
/mpcdf/soft/SLE_15/packages/skylake/gpytorch/gpu-cuda-11.6/pytorch-1.11.0/anaconda_3_2021.11-2021.11/1.8.0/lib/python3.9/site-packages/gpytorch/utils/linear_cg.py:321: NumericalWarning: CG terminated in 3000 iterations with average residual norm 0.00010772328096209094 which is larger than the tolerance of 1e-06 specified by gpytorch.settings.cg_tolerance. If performance is affected, consider raising the maximum number of CG iterations by running code in a gpytorch.settings.max_cg_iterations(value) context.
  warnings.warn(
/mpcdf/soft/SLE_15/packages/skylake/gpytorch/gpu-cuda-11.6/pytorch-1.11.0/anaconda_3_2021.11-2021.11/1.8.0/lib/python3.9/site-packages/gpytorch/utils/linear_cg.py:321: NumericalWarning: CG terminated in 3000 iterations with average residual norm 3.043343212993932e-06 which is larger than the tolerance of 1e-06 specified by gpytorch.settings.cg_tolerance. If performance is affected, consider raising the maximum number of CG iterations by running code in a gpytorch.settings.max_cg_iterations(value) context.
  warnings.warn(
/mpcdf/soft/SLE_15/packages/skylake/gpytorch/gpu-cuda-11.6/pytorch-1.11.0/anaconda_3_2021.11-2021.11/1.8.0/lib/python3.9/site-packages/gpytorch/utils/linear_cg.py:321: NumericalWarning: CG terminated in 3000 iterations with average residual norm 8.805677498457953e-05 which is larger than the tolerance of 1e-06 specified by gpytorch.settings.cg_tolerance. If performance is affected, consider raising the maximum number of CG iterations by running code in a gpytorch.settings.max_cg_iterations(value) context.
  warnings.warn(
/mpcdf/soft/SLE_15/packages/skylake/gpytorch/gpu-cuda-11.6/pytorch-1.11.0/anaconda_3_2021.11-2021.11/1.8.0/lib/python3.9/site-packages/gpytorch/utils/linear_cg.py:321: NumericalWarning: CG terminated in 3000 iterations with average residual norm 5.433095793705434e-06 which is larger than the tolerance of 1e-06 specified by gpytorch.settings.cg_tolerance. If performance is affected, consider raising the maximum number of CG iterations by running code in a gpytorch.settings.max_cg_iterations(value) context.
  warnings.warn(
/mpcdf/soft/SLE_15/packages/skylake/gpytorch/gpu-cuda-11.6/pytorch-1.11.0/anaconda_3_2021.11-2021.11/1.8.0/lib/python3.9/site-packages/gpytorch/utils/linear_cg.py:321: NumericalWarning: CG terminated in 3000 iterations with average residual norm 0.0001003149664029479 which is larger than the tolerance of 1e-06 specified by gpytorch.settings.cg_tolerance. If performance is affected, consider raising the maximum number of CG iterations by running code in a gpytorch.settings.max_cg_iterations(value) context.
  warnings.warn(
/mpcdf/soft/SLE_15/packages/skylake/gpytorch/gpu-cuda-11.6/pytorch-1.11.0/anaconda_3_2021.11-2021.11/1.8.0/lib/python3.9/site-packages/gpytorch/utils/linear_cg.py:321: NumericalWarning: CG terminated in 3000 iterations with average residual norm 3.2406467198597966e-06 which is larger than the tolerance of 1e-06 specified by gpytorch.settings.cg_tolerance. If performance is affected, consider raising the maximum number of CG iterations by running code in a gpytorch.settings.max_cg_iterations(value) context.
  warnings.warn(
/mpcdf/soft/SLE_15/packages/skylake/gpytorch/gpu-cuda-11.6/pytorch-1.11.0/anaconda_3_2021.11-2021.11/1.8.0/lib/python3.9/site-packages/gpytorch/utils/linear_cg.py:321: NumericalWarning: CG terminated in 3000 iterations with average residual norm 0.0001373404957121238 which is larger than the tolerance of 1e-06 specified by gpytorch.settings.cg_tolerance. If performance is affected, consider raising the maximum number of CG iterations by running code in a gpytorch.settings.max_cg_iterations(value) context.
  warnings.warn(
/mpcdf/soft/SLE_15/packages/skylake/gpytorch/gpu-cuda-11.6/pytorch-1.11.0/anaconda_3_2021.11-2021.11/1.8.0/lib/python3.9/site-packages/gpytorch/utils/linear_cg.py:321: NumericalWarning: CG terminated in 3000 iterations with average residual norm 5.8930550039804075e-06 which is larger than the tolerance of 1e-06 specified by gpytorch.settings.cg_tolerance. If performance is affected, consider raising the maximum number of CG iterations by running code in a gpytorch.settings.max_cg_iterations(value) context.
  warnings.warn(
/mpcdf/soft/SLE_15/packages/skylake/gpytorch/gpu-cuda-11.6/pytorch-1.11.0/anaconda_3_2021.11-2021.11/1.8.0/lib/python3.9/site-packages/gpytorch/utils/linear_cg.py:321: NumericalWarning: CG terminated in 3000 iterations with average residual norm 0.00014979699335526675 which is larger than the tolerance of 1e-06 specified by gpytorch.settings.cg_tolerance. If performance is affected, consider raising the maximum number of CG iterations by running code in a gpytorch.settings.max_cg_iterations(value) context.
  warnings.warn(
/mpcdf/soft/SLE_15/packages/skylake/gpytorch/gpu-cuda-11.6/pytorch-1.11.0/anaconda_3_2021.11-2021.11/1.8.0/lib/python3.9/site-packages/gpytorch/utils/linear_cg.py:321: NumericalWarning: CG terminated in 3000 iterations with average residual norm 4.34370303992182e-06 which is larger than the tolerance of 1e-06 specified by gpytorch.settings.cg_tolerance. If performance is affected, consider raising the maximum number of CG iterations by running code in a gpytorch.settings.max_cg_iterations(value) context.
  warnings.warn(
/mpcdf/soft/SLE_15/packages/skylake/gpytorch/gpu-cuda-11.6/pytorch-1.11.0/anaconda_3_2021.11-2021.11/1.8.0/lib/python3.9/site-packages/gpytorch/utils/linear_cg.py:321: NumericalWarning: CG terminated in 3000 iterations with average residual norm 6.965451029827818e-05 which is larger than the tolerance of 1e-06 specified by gpytorch.settings.cg_tolerance. If performance is affected, consider raising the maximum number of CG iterations by running code in a gpytorch.settings.max_cg_iterations(value) context.
  warnings.warn(
/mpcdf/soft/SLE_15/packages/skylake/gpytorch/gpu-cuda-11.6/pytorch-1.11.0/anaconda_3_2021.11-2021.11/1.8.0/lib/python3.9/site-packages/gpytorch/utils/linear_cg.py:321: NumericalWarning: CG terminated in 3000 iterations with average residual norm 4.776424702868098e-06 which is larger than the tolerance of 1e-06 specified by gpytorch.settings.cg_tolerance. If performance is affected, consider raising the maximum number of CG iterations by running code in a gpytorch.settings.max_cg_iterations(value) context.
  warnings.warn(
/mpcdf/soft/SLE_15/packages/skylake/gpytorch/gpu-cuda-11.6/pytorch-1.11.0/anaconda_3_2021.11-2021.11/1.8.0/lib/python3.9/site-packages/gpytorch/utils/linear_cg.py:321: NumericalWarning: CG terminated in 3000 iterations with average residual norm 0.00011583701416384429 which is larger than the tolerance of 1e-06 specified by gpytorch.settings.cg_tolerance. If performance is affected, consider raising the maximum number of CG iterations by running code in a gpytorch.settings.max_cg_iterations(value) context.
  warnings.warn(
/mpcdf/soft/SLE_15/packages/skylake/gpytorch/gpu-cuda-11.6/pytorch-1.11.0/anaconda_3_2021.11-2021.11/1.8.0/lib/python3.9/site-packages/gpytorch/utils/linear_cg.py:321: NumericalWarning: CG terminated in 3000 iterations with average residual norm 4.031998287246097e-06 which is larger than the tolerance of 1e-06 specified by gpytorch.settings.cg_tolerance. If performance is affected, consider raising the maximum number of CG iterations by running code in a gpytorch.settings.max_cg_iterations(value) context.
  warnings.warn(
/mpcdf/soft/SLE_15/packages/skylake/gpytorch/gpu-cuda-11.6/pytorch-1.11.0/anaconda_3_2021.11-2021.11/1.8.0/lib/python3.9/site-packages/gpytorch/utils/linear_cg.py:321: NumericalWarning: CG terminated in 3000 iterations with average residual norm 9.619020420359448e-05 which is larger than the tolerance of 1e-06 specified by gpytorch.settings.cg_tolerance. If performance is affected, consider raising the maximum number of CG iterations by running code in a gpytorch.settings.max_cg_iterations(value) context.
  warnings.warn(
/mpcdf/soft/SLE_15/packages/skylake/gpytorch/gpu-cuda-11.6/pytorch-1.11.0/anaconda_3_2021.11-2021.11/1.8.0/lib/python3.9/site-packages/gpytorch/utils/linear_cg.py:321: NumericalWarning: CG terminated in 3000 iterations with average residual norm 5.082759344077203e-06 which is larger than the tolerance of 1e-06 specified by gpytorch.settings.cg_tolerance. If performance is affected, consider raising the maximum number of CG iterations by running code in a gpytorch.settings.max_cg_iterations(value) context.
  warnings.warn(
/mpcdf/soft/SLE_15/packages/skylake/gpytorch/gpu-cuda-11.6/pytorch-1.11.0/anaconda_3_2021.11-2021.11/1.8.0/lib/python3.9/site-packages/gpytorch/utils/linear_cg.py:321: NumericalWarning: CG terminated in 3000 iterations with average residual norm 5.937190508120693e-05 which is larger than the tolerance of 1e-06 specified by gpytorch.settings.cg_tolerance. If performance is affected, consider raising the maximum number of CG iterations by running code in a gpytorch.settings.max_cg_iterations(value) context.
  warnings.warn(
/mpcdf/soft/SLE_15/packages/skylake/gpytorch/gpu-cuda-11.6/pytorch-1.11.0/anaconda_3_2021.11-2021.11/1.8.0/lib/python3.9/site-packages/gpytorch/utils/linear_cg.py:321: NumericalWarning: CG terminated in 3000 iterations with average residual norm 5.013710506318603e-06 which is larger than the tolerance of 1e-06 specified by gpytorch.settings.cg_tolerance. If performance is affected, consider raising the maximum number of CG iterations by running code in a gpytorch.settings.max_cg_iterations(value) context.
  warnings.warn(
/mpcdf/soft/SLE_15/packages/skylake/gpytorch/gpu-cuda-11.6/pytorch-1.11.0/anaconda_3_2021.11-2021.11/1.8.0/lib/python3.9/site-packages/gpytorch/utils/linear_cg.py:321: NumericalWarning: CG terminated in 3000 iterations with average residual norm 6.938794831512496e-05 which is larger than the tolerance of 1e-06 specified by gpytorch.settings.cg_tolerance. If performance is affected, consider raising the maximum number of CG iterations by running code in a gpytorch.settings.max_cg_iterations(value) context.
  warnings.warn(
/mpcdf/soft/SLE_15/packages/skylake/gpytorch/gpu-cuda-11.6/pytorch-1.11.0/anaconda_3_2021.11-2021.11/1.8.0/lib/python3.9/site-packages/gpytorch/utils/linear_cg.py:321: NumericalWarning: CG terminated in 3000 iterations with average residual norm 2.889275265260949e-06 which is larger than the tolerance of 1e-06 specified by gpytorch.settings.cg_tolerance. If performance is affected, consider raising the maximum number of CG iterations by running code in a gpytorch.settings.max_cg_iterations(value) context.
  warnings.warn(
/mpcdf/soft/SLE_15/packages/skylake/gpytorch/gpu-cuda-11.6/pytorch-1.11.0/anaconda_3_2021.11-2021.11/1.8.0/lib/python3.9/site-packages/gpytorch/utils/linear_cg.py:321: NumericalWarning: CG terminated in 3000 iterations with average residual norm 0.00012601558410096914 which is larger than the tolerance of 1e-06 specified by gpytorch.settings.cg_tolerance. If performance is affected, consider raising the maximum number of CG iterations by running code in a gpytorch.settings.max_cg_iterations(value) context.
  warnings.warn(
/mpcdf/soft/SLE_15/packages/skylake/gpytorch/gpu-cuda-11.6/pytorch-1.11.0/anaconda_3_2021.11-2021.11/1.8.0/lib/python3.9/site-packages/gpytorch/utils/linear_cg.py:321: NumericalWarning: CG terminated in 3000 iterations with average residual norm 2.9075381462462246e-06 which is larger than the tolerance of 1e-06 specified by gpytorch.settings.cg_tolerance. If performance is affected, consider raising the maximum number of CG iterations by running code in a gpytorch.settings.max_cg_iterations(value) context.
  warnings.warn(
/mpcdf/soft/SLE_15/packages/skylake/gpytorch/gpu-cuda-11.6/pytorch-1.11.0/anaconda_3_2021.11-2021.11/1.8.0/lib/python3.9/site-packages/gpytorch/utils/linear_cg.py:321: NumericalWarning: CG terminated in 3000 iterations with average residual norm 9.43292398005724e-05 which is larger than the tolerance of 1e-06 specified by gpytorch.settings.cg_tolerance. If performance is affected, consider raising the maximum number of CG iterations by running code in a gpytorch.settings.max_cg_iterations(value) context.
  warnings.warn(
/mpcdf/soft/SLE_15/packages/skylake/gpytorch/gpu-cuda-11.6/pytorch-1.11.0/anaconda_3_2021.11-2021.11/1.8.0/lib/python3.9/site-packages/gpytorch/utils/linear_cg.py:321: NumericalWarning: CG terminated in 3000 iterations with average residual norm 5.307518677000189e-06 which is larger than the tolerance of 1e-06 specified by gpytorch.settings.cg_tolerance. If performance is affected, consider raising the maximum number of CG iterations by running code in a gpytorch.settings.max_cg_iterations(value) context.
  warnings.warn(
/mpcdf/soft/SLE_15/packages/skylake/gpytorch/gpu-cuda-11.6/pytorch-1.11.0/anaconda_3_2021.11-2021.11/1.8.0/lib/python3.9/site-packages/gpytorch/utils/linear_cg.py:321: NumericalWarning: CG terminated in 3000 iterations with average residual norm 4.856230225414038e-05 which is larger than the tolerance of 1e-06 specified by gpytorch.settings.cg_tolerance. If performance is affected, consider raising the maximum number of CG iterations by running code in a gpytorch.settings.max_cg_iterations(value) context.
  warnings.warn(
/mpcdf/soft/SLE_15/packages/skylake/gpytorch/gpu-cuda-11.6/pytorch-1.11.0/anaconda_3_2021.11-2021.11/1.8.0/lib/python3.9/site-packages/gpytorch/utils/linear_cg.py:321: NumericalWarning: CG terminated in 3000 iterations with average residual norm 4.594607162289321e-06 which is larger than the tolerance of 1e-06 specified by gpytorch.settings.cg_tolerance. If performance is affected, consider raising the maximum number of CG iterations by running code in a gpytorch.settings.max_cg_iterations(value) context.
  warnings.warn(
/mpcdf/soft/SLE_15/packages/skylake/gpytorch/gpu-cuda-11.6/pytorch-1.11.0/anaconda_3_2021.11-2021.11/1.8.0/lib/python3.9/site-packages/gpytorch/utils/linear_cg.py:321: NumericalWarning: CG terminated in 3000 iterations with average residual norm 8.138242992572486e-05 which is larger than the tolerance of 1e-06 specified by gpytorch.settings.cg_tolerance. If performance is affected, consider raising the maximum number of CG iterations by running code in a gpytorch.settings.max_cg_iterations(value) context.
  warnings.warn(
/mpcdf/soft/SLE_15/packages/skylake/gpytorch/gpu-cuda-11.6/pytorch-1.11.0/anaconda_3_2021.11-2021.11/1.8.0/lib/python3.9/site-packages/gpytorch/utils/linear_cg.py:321: NumericalWarning: CG terminated in 3000 iterations with average residual norm 5.186279395275051e-06 which is larger than the tolerance of 1e-06 specified by gpytorch.settings.cg_tolerance. If performance is affected, consider raising the maximum number of CG iterations by running code in a gpytorch.settings.max_cg_iterations(value) context.
  warnings.warn(
/mpcdf/soft/SLE_15/packages/skylake/gpytorch/gpu-cuda-11.6/pytorch-1.11.0/anaconda_3_2021.11-2021.11/1.8.0/lib/python3.9/site-packages/gpytorch/utils/linear_cg.py:321: NumericalWarning: CG terminated in 3000 iterations with average residual norm 5.242679617367685e-05 which is larger than the tolerance of 1e-06 specified by gpytorch.settings.cg_tolerance. If performance is affected, consider raising the maximum number of CG iterations by running code in a gpytorch.settings.max_cg_iterations(value) context.
  warnings.warn(
/mpcdf/soft/SLE_15/packages/skylake/gpytorch/gpu-cuda-11.6/pytorch-1.11.0/anaconda_3_2021.11-2021.11/1.8.0/lib/python3.9/site-packages/gpytorch/utils/linear_cg.py:321: NumericalWarning: CG terminated in 3000 iterations with average residual norm 3.5080524867225904e-06 which is larger than the tolerance of 1e-06 specified by gpytorch.settings.cg_tolerance. If performance is affected, consider raising the maximum number of CG iterations by running code in a gpytorch.settings.max_cg_iterations(value) context.
  warnings.warn(
/mpcdf/soft/SLE_15/packages/skylake/gpytorch/gpu-cuda-11.6/pytorch-1.11.0/anaconda_3_2021.11-2021.11/1.8.0/lib/python3.9/site-packages/gpytorch/utils/linear_cg.py:321: NumericalWarning: CG terminated in 3000 iterations with average residual norm 7.103424286469817e-05 which is larger than the tolerance of 1e-06 specified by gpytorch.settings.cg_tolerance. If performance is affected, consider raising the maximum number of CG iterations by running code in a gpytorch.settings.max_cg_iterations(value) context.
  warnings.warn(
/mpcdf/soft/SLE_15/packages/skylake/gpytorch/gpu-cuda-11.6/pytorch-1.11.0/anaconda_3_2021.11-2021.11/1.8.0/lib/python3.9/site-packages/gpytorch/utils/linear_cg.py:321: NumericalWarning: CG terminated in 3000 iterations with average residual norm 4.8159004109038506e-06 which is larger than the tolerance of 1e-06 specified by gpytorch.settings.cg_tolerance. If performance is affected, consider raising the maximum number of CG iterations by running code in a gpytorch.settings.max_cg_iterations(value) context.
  warnings.warn(
/mpcdf/soft/SLE_15/packages/skylake/gpytorch/gpu-cuda-11.6/pytorch-1.11.0/anaconda_3_2021.11-2021.11/1.8.0/lib/python3.9/site-packages/gpytorch/utils/linear_cg.py:321: NumericalWarning: CG terminated in 3000 iterations with average residual norm 9.62968697422184e-05 which is larger than the tolerance of 1e-06 specified by gpytorch.settings.cg_tolerance. If performance is affected, consider raising the maximum number of CG iterations by running code in a gpytorch.settings.max_cg_iterations(value) context.
  warnings.warn(
/mpcdf/soft/SLE_15/packages/skylake/gpytorch/gpu-cuda-11.6/pytorch-1.11.0/anaconda_3_2021.11-2021.11/1.8.0/lib/python3.9/site-packages/gpytorch/utils/linear_cg.py:321: NumericalWarning: CG terminated in 3000 iterations with average residual norm 4.8715023694967385e-06 which is larger than the tolerance of 1e-06 specified by gpytorch.settings.cg_tolerance. If performance is affected, consider raising the maximum number of CG iterations by running code in a gpytorch.settings.max_cg_iterations(value) context.
  warnings.warn(
/mpcdf/soft/SLE_15/packages/skylake/gpytorch/gpu-cuda-11.6/pytorch-1.11.0/anaconda_3_2021.11-2021.11/1.8.0/lib/python3.9/site-packages/gpytorch/utils/linear_cg.py:321: NumericalWarning: CG terminated in 3000 iterations with average residual norm 7.171049946919084e-05 which is larger than the tolerance of 1e-06 specified by gpytorch.settings.cg_tolerance. If performance is affected, consider raising the maximum number of CG iterations by running code in a gpytorch.settings.max_cg_iterations(value) context.
  warnings.warn(
/mpcdf/soft/SLE_15/packages/skylake/gpytorch/gpu-cuda-11.6/pytorch-1.11.0/anaconda_3_2021.11-2021.11/1.8.0/lib/python3.9/site-packages/gpytorch/utils/linear_cg.py:321: NumericalWarning: CG terminated in 3000 iterations with average residual norm 2.4015291728574084e-06 which is larger than the tolerance of 1e-06 specified by gpytorch.settings.cg_tolerance. If performance is affected, consider raising the maximum number of CG iterations by running code in a gpytorch.settings.max_cg_iterations(value) context.
  warnings.warn(
/mpcdf/soft/SLE_15/packages/skylake/gpytorch/gpu-cuda-11.6/pytorch-1.11.0/anaconda_3_2021.11-2021.11/1.8.0/lib/python3.9/site-packages/gpytorch/utils/linear_cg.py:321: NumericalWarning: CG terminated in 3000 iterations with average residual norm 5.5923857871675864e-05 which is larger than the tolerance of 1e-06 specified by gpytorch.settings.cg_tolerance. If performance is affected, consider raising the maximum number of CG iterations by running code in a gpytorch.settings.max_cg_iterations(value) context.
  warnings.warn(
/mpcdf/soft/SLE_15/packages/skylake/gpytorch/gpu-cuda-11.6/pytorch-1.11.0/anaconda_3_2021.11-2021.11/1.8.0/lib/python3.9/site-packages/gpytorch/utils/linear_cg.py:321: NumericalWarning: CG terminated in 3000 iterations with average residual norm 6.3484358179266565e-06 which is larger than the tolerance of 1e-06 specified by gpytorch.settings.cg_tolerance. If performance is affected, consider raising the maximum number of CG iterations by running code in a gpytorch.settings.max_cg_iterations(value) context.
  warnings.warn(
/mpcdf/soft/SLE_15/packages/skylake/gpytorch/gpu-cuda-11.6/pytorch-1.11.0/anaconda_3_2021.11-2021.11/1.8.0/lib/python3.9/site-packages/gpytorch/utils/linear_cg.py:321: NumericalWarning: CG terminated in 3000 iterations with average residual norm 6.771544576622546e-05 which is larger than the tolerance of 1e-06 specified by gpytorch.settings.cg_tolerance. If performance is affected, consider raising the maximum number of CG iterations by running code in a gpytorch.settings.max_cg_iterations(value) context.
  warnings.warn(
/mpcdf/soft/SLE_15/packages/skylake/gpytorch/gpu-cuda-11.6/pytorch-1.11.0/anaconda_3_2021.11-2021.11/1.8.0/lib/python3.9/site-packages/gpytorch/utils/linear_cg.py:321: NumericalWarning: CG terminated in 3000 iterations with average residual norm 3.5724583540286403e-06 which is larger than the tolerance of 1e-06 specified by gpytorch.settings.cg_tolerance. If performance is affected, consider raising the maximum number of CG iterations by running code in a gpytorch.settings.max_cg_iterations(value) context.
  warnings.warn(
/mpcdf/soft/SLE_15/packages/skylake/gpytorch/gpu-cuda-11.6/pytorch-1.11.0/anaconda_3_2021.11-2021.11/1.8.0/lib/python3.9/site-packages/gpytorch/utils/linear_cg.py:321: NumericalWarning: CG terminated in 3000 iterations with average residual norm 5.909605897613801e-05 which is larger than the tolerance of 1e-06 specified by gpytorch.settings.cg_tolerance. If performance is affected, consider raising the maximum number of CG iterations by running code in a gpytorch.settings.max_cg_iterations(value) context.
  warnings.warn(
/mpcdf/soft/SLE_15/packages/skylake/gpytorch/gpu-cuda-11.6/pytorch-1.11.0/anaconda_3_2021.11-2021.11/1.8.0/lib/python3.9/site-packages/gpytorch/utils/linear_cg.py:321: NumericalWarning: CG terminated in 3000 iterations with average residual norm 4.346535661170492e-06 which is larger than the tolerance of 1e-06 specified by gpytorch.settings.cg_tolerance. If performance is affected, consider raising the maximum number of CG iterations by running code in a gpytorch.settings.max_cg_iterations(value) context.
  warnings.warn(
/mpcdf/soft/SLE_15/packages/skylake/gpytorch/gpu-cuda-11.6/pytorch-1.11.0/anaconda_3_2021.11-2021.11/1.8.0/lib/python3.9/site-packages/gpytorch/utils/linear_cg.py:321: NumericalWarning: CG terminated in 3000 iterations with average residual norm 6.997978198342025e-05 which is larger than the tolerance of 1e-06 specified by gpytorch.settings.cg_tolerance. If performance is affected, consider raising the maximum number of CG iterations by running code in a gpytorch.settings.max_cg_iterations(value) context.
  warnings.warn(
/mpcdf/soft/SLE_15/packages/skylake/gpytorch/gpu-cuda-11.6/pytorch-1.11.0/anaconda_3_2021.11-2021.11/1.8.0/lib/python3.9/site-packages/gpytorch/utils/linear_cg.py:321: NumericalWarning: CG terminated in 3000 iterations with average residual norm 6.9392363002407365e-06 which is larger than the tolerance of 1e-06 specified by gpytorch.settings.cg_tolerance. If performance is affected, consider raising the maximum number of CG iterations by running code in a gpytorch.settings.max_cg_iterations(value) context.
  warnings.warn(
/mpcdf/soft/SLE_15/packages/skylake/gpytorch/gpu-cuda-11.6/pytorch-1.11.0/anaconda_3_2021.11-2021.11/1.8.0/lib/python3.9/site-packages/gpytorch/utils/linear_cg.py:321: NumericalWarning: CG terminated in 3000 iterations with average residual norm 8.866371354088187e-05 which is larger than the tolerance of 1e-06 specified by gpytorch.settings.cg_tolerance. If performance is affected, consider raising the maximum number of CG iterations by running code in a gpytorch.settings.max_cg_iterations(value) context.
  warnings.warn(
/mpcdf/soft/SLE_15/packages/skylake/gpytorch/gpu-cuda-11.6/pytorch-1.11.0/anaconda_3_2021.11-2021.11/1.8.0/lib/python3.9/site-packages/gpytorch/utils/linear_cg.py:321: NumericalWarning: CG terminated in 3000 iterations with average residual norm 5.35816161573166e-06 which is larger than the tolerance of 1e-06 specified by gpytorch.settings.cg_tolerance. If performance is affected, consider raising the maximum number of CG iterations by running code in a gpytorch.settings.max_cg_iterations(value) context.
  warnings.warn(
/mpcdf/soft/SLE_15/packages/skylake/gpytorch/gpu-cuda-11.6/pytorch-1.11.0/anaconda_3_2021.11-2021.11/1.8.0/lib/python3.9/site-packages/gpytorch/utils/linear_cg.py:321: NumericalWarning: CG terminated in 3000 iterations with average residual norm 5.3846120863454416e-05 which is larger than the tolerance of 1e-06 specified by gpytorch.settings.cg_tolerance. If performance is affected, consider raising the maximum number of CG iterations by running code in a gpytorch.settings.max_cg_iterations(value) context.
  warnings.warn(
/mpcdf/soft/SLE_15/packages/skylake/gpytorch/gpu-cuda-11.6/pytorch-1.11.0/anaconda_3_2021.11-2021.11/1.8.0/lib/python3.9/site-packages/gpytorch/utils/linear_cg.py:321: NumericalWarning: CG terminated in 3000 iterations with average residual norm 4.8109382078109775e-06 which is larger than the tolerance of 1e-06 specified by gpytorch.settings.cg_tolerance. If performance is affected, consider raising the maximum number of CG iterations by running code in a gpytorch.settings.max_cg_iterations(value) context.
  warnings.warn(
/mpcdf/soft/SLE_15/packages/skylake/gpytorch/gpu-cuda-11.6/pytorch-1.11.0/anaconda_3_2021.11-2021.11/1.8.0/lib/python3.9/site-packages/gpytorch/utils/linear_cg.py:321: NumericalWarning: CG terminated in 3000 iterations with average residual norm 0.00013968518760520965 which is larger than the tolerance of 1e-06 specified by gpytorch.settings.cg_tolerance. If performance is affected, consider raising the maximum number of CG iterations by running code in a gpytorch.settings.max_cg_iterations(value) context.
  warnings.warn(
/mpcdf/soft/SLE_15/packages/skylake/gpytorch/gpu-cuda-11.6/pytorch-1.11.0/anaconda_3_2021.11-2021.11/1.8.0/lib/python3.9/site-packages/gpytorch/utils/linear_cg.py:321: NumericalWarning: CG terminated in 3000 iterations with average residual norm 5.764405159425223e-06 which is larger than the tolerance of 1e-06 specified by gpytorch.settings.cg_tolerance. If performance is affected, consider raising the maximum number of CG iterations by running code in a gpytorch.settings.max_cg_iterations(value) context.
  warnings.warn(
/mpcdf/soft/SLE_15/packages/skylake/gpytorch/gpu-cuda-11.6/pytorch-1.11.0/anaconda_3_2021.11-2021.11/1.8.0/lib/python3.9/site-packages/gpytorch/utils/linear_cg.py:321: NumericalWarning: CG terminated in 3000 iterations with average residual norm 4.0064722270471975e-05 which is larger than the tolerance of 1e-06 specified by gpytorch.settings.cg_tolerance. If performance is affected, consider raising the maximum number of CG iterations by running code in a gpytorch.settings.max_cg_iterations(value) context.
  warnings.warn(
/mpcdf/soft/SLE_15/packages/skylake/gpytorch/gpu-cuda-11.6/pytorch-1.11.0/anaconda_3_2021.11-2021.11/1.8.0/lib/python3.9/site-packages/gpytorch/utils/linear_cg.py:321: NumericalWarning: CG terminated in 3000 iterations with average residual norm 3.667729743028758e-06 which is larger than the tolerance of 1e-06 specified by gpytorch.settings.cg_tolerance. If performance is affected, consider raising the maximum number of CG iterations by running code in a gpytorch.settings.max_cg_iterations(value) context.
  warnings.warn(
/mpcdf/soft/SLE_15/packages/skylake/gpytorch/gpu-cuda-11.6/pytorch-1.11.0/anaconda_3_2021.11-2021.11/1.8.0/lib/python3.9/site-packages/gpytorch/utils/linear_cg.py:321: NumericalWarning: CG terminated in 3000 iterations with average residual norm 5.293683352647349e-05 which is larger than the tolerance of 1e-06 specified by gpytorch.settings.cg_tolerance. If performance is affected, consider raising the maximum number of CG iterations by running code in a gpytorch.settings.max_cg_iterations(value) context.
  warnings.warn(
/mpcdf/soft/SLE_15/packages/skylake/gpytorch/gpu-cuda-11.6/pytorch-1.11.0/anaconda_3_2021.11-2021.11/1.8.0/lib/python3.9/site-packages/gpytorch/utils/linear_cg.py:321: NumericalWarning: CG terminated in 3000 iterations with average residual norm 5.880260232515866e-06 which is larger than the tolerance of 1e-06 specified by gpytorch.settings.cg_tolerance. If performance is affected, consider raising the maximum number of CG iterations by running code in a gpytorch.settings.max_cg_iterations(value) context.
  warnings.warn(
/mpcdf/soft/SLE_15/packages/skylake/gpytorch/gpu-cuda-11.6/pytorch-1.11.0/anaconda_3_2021.11-2021.11/1.8.0/lib/python3.9/site-packages/gpytorch/utils/linear_cg.py:321: NumericalWarning: CG terminated in 3000 iterations with average residual norm 4.5214681449579075e-05 which is larger than the tolerance of 1e-06 specified by gpytorch.settings.cg_tolerance. If performance is affected, consider raising the maximum number of CG iterations by running code in a gpytorch.settings.max_cg_iterations(value) context.
  warnings.warn(
/mpcdf/soft/SLE_15/packages/skylake/gpytorch/gpu-cuda-11.6/pytorch-1.11.0/anaconda_3_2021.11-2021.11/1.8.0/lib/python3.9/site-packages/gpytorch/utils/linear_cg.py:321: NumericalWarning: CG terminated in 3000 iterations with average residual norm 3.8196017158043105e-06 which is larger than the tolerance of 1e-06 specified by gpytorch.settings.cg_tolerance. If performance is affected, consider raising the maximum number of CG iterations by running code in a gpytorch.settings.max_cg_iterations(value) context.
  warnings.warn(
/mpcdf/soft/SLE_15/packages/skylake/gpytorch/gpu-cuda-11.6/pytorch-1.11.0/anaconda_3_2021.11-2021.11/1.8.0/lib/python3.9/site-packages/gpytorch/utils/linear_cg.py:321: NumericalWarning: CG terminated in 3000 iterations with average residual norm 7.338418799918145e-05 which is larger than the tolerance of 1e-06 specified by gpytorch.settings.cg_tolerance. If performance is affected, consider raising the maximum number of CG iterations by running code in a gpytorch.settings.max_cg_iterations(value) context.
  warnings.warn(
/mpcdf/soft/SLE_15/packages/skylake/gpytorch/gpu-cuda-11.6/pytorch-1.11.0/anaconda_3_2021.11-2021.11/1.8.0/lib/python3.9/site-packages/gpytorch/utils/linear_cg.py:321: NumericalWarning: CG terminated in 3000 iterations with average residual norm 5.0910862228192855e-06 which is larger than the tolerance of 1e-06 specified by gpytorch.settings.cg_tolerance. If performance is affected, consider raising the maximum number of CG iterations by running code in a gpytorch.settings.max_cg_iterations(value) context.
  warnings.warn(
/mpcdf/soft/SLE_15/packages/skylake/gpytorch/gpu-cuda-11.6/pytorch-1.11.0/anaconda_3_2021.11-2021.11/1.8.0/lib/python3.9/site-packages/gpytorch/utils/linear_cg.py:321: NumericalWarning: CG terminated in 3000 iterations with average residual norm 7.236607052618638e-05 which is larger than the tolerance of 1e-06 specified by gpytorch.settings.cg_tolerance. If performance is affected, consider raising the maximum number of CG iterations by running code in a gpytorch.settings.max_cg_iterations(value) context.
  warnings.warn(
/mpcdf/soft/SLE_15/packages/skylake/gpytorch/gpu-cuda-11.6/pytorch-1.11.0/anaconda_3_2021.11-2021.11/1.8.0/lib/python3.9/site-packages/gpytorch/utils/linear_cg.py:321: NumericalWarning: CG terminated in 3000 iterations with average residual norm 4.549842287815409e-06 which is larger than the tolerance of 1e-06 specified by gpytorch.settings.cg_tolerance. If performance is affected, consider raising the maximum number of CG iterations by running code in a gpytorch.settings.max_cg_iterations(value) context.
  warnings.warn(
/mpcdf/soft/SLE_15/packages/skylake/gpytorch/gpu-cuda-11.6/pytorch-1.11.0/anaconda_3_2021.11-2021.11/1.8.0/lib/python3.9/site-packages/gpytorch/utils/linear_cg.py:321: NumericalWarning: CG terminated in 3000 iterations with average residual norm 3.954593921662308e-05 which is larger than the tolerance of 1e-06 specified by gpytorch.settings.cg_tolerance. If performance is affected, consider raising the maximum number of CG iterations by running code in a gpytorch.settings.max_cg_iterations(value) context.
  warnings.warn(
/mpcdf/soft/SLE_15/packages/skylake/gpytorch/gpu-cuda-11.6/pytorch-1.11.0/anaconda_3_2021.11-2021.11/1.8.0/lib/python3.9/site-packages/gpytorch/utils/linear_cg.py:321: NumericalWarning: CG terminated in 3000 iterations with average residual norm 3.817533070105128e-06 which is larger than the tolerance of 1e-06 specified by gpytorch.settings.cg_tolerance. If performance is affected, consider raising the maximum number of CG iterations by running code in a gpytorch.settings.max_cg_iterations(value) context.
  warnings.warn(
/mpcdf/soft/SLE_15/packages/skylake/gpytorch/gpu-cuda-11.6/pytorch-1.11.0/anaconda_3_2021.11-2021.11/1.8.0/lib/python3.9/site-packages/gpytorch/utils/linear_cg.py:321: NumericalWarning: CG terminated in 3000 iterations with average residual norm 5.388114004745148e-05 which is larger than the tolerance of 1e-06 specified by gpytorch.settings.cg_tolerance. If performance is affected, consider raising the maximum number of CG iterations by running code in a gpytorch.settings.max_cg_iterations(value) context.
  warnings.warn(
/mpcdf/soft/SLE_15/packages/skylake/gpytorch/gpu-cuda-11.6/pytorch-1.11.0/anaconda_3_2021.11-2021.11/1.8.0/lib/python3.9/site-packages/gpytorch/utils/linear_cg.py:321: NumericalWarning: CG terminated in 3000 iterations with average residual norm 2.9044488201179774e-06 which is larger than the tolerance of 1e-06 specified by gpytorch.settings.cg_tolerance. If performance is affected, consider raising the maximum number of CG iterations by running code in a gpytorch.settings.max_cg_iterations(value) context.
  warnings.warn(
/mpcdf/soft/SLE_15/packages/skylake/gpytorch/gpu-cuda-11.6/pytorch-1.11.0/anaconda_3_2021.11-2021.11/1.8.0/lib/python3.9/site-packages/gpytorch/utils/linear_cg.py:321: NumericalWarning: CG terminated in 3000 iterations with average residual norm 3.852730878861621e-05 which is larger than the tolerance of 1e-06 specified by gpytorch.settings.cg_tolerance. If performance is affected, consider raising the maximum number of CG iterations by running code in a gpytorch.settings.max_cg_iterations(value) context.
  warnings.warn(
srun: Job step aborted: Waiting up to 32 seconds for job step to finish.
srun: got SIGCONT
slurmstepd: error: *** STEP 15861626.0 ON ravg1070 CANCELLED AT 2025-02-26T08:46:58 ***
slurmstepd: error: *** JOB 15861626 ON ravg1070 CANCELLED AT 2025-02-26T08:46:58 ***
srun: forcing job termination
