Defaulting to user installation because normal site-packages is not writeable
Collecting gpytorch
  Using cached gpytorch-1.13-py3-none-any.whl (277 kB)
Requirement already satisfied: mpmath<=1.3,>=0.19 in /raven/u/system/soft/SLE_15/packages/x86_64/anaconda/3/2023.03/lib/python3.10/site-packages/mpmath-1.2.1-py3.10.egg (from gpytorch) (1.2.1)
Collecting linear-operator>=0.5.3
  Using cached linear_operator-0.5.3-py3-none-any.whl (176 kB)
Requirement already satisfied: scikit-learn in /raven/u/system/soft/SLE_15/packages/x86_64/anaconda/3/2023.03/lib/python3.10/site-packages (from gpytorch) (1.2.1)
Requirement already satisfied: scipy>=1.6.0 in /raven/u/dvoss/.local/lib/python3.10/site-packages (from gpytorch) (1.14.1)
Collecting jaxtyping==0.2.19
  Using cached jaxtyping-0.2.19-py3-none-any.whl (24 kB)
Requirement already satisfied: typing-extensions>=3.7.4.1 in /raven/u/system/soft/SLE_15/packages/x86_64/anaconda/3/2023.03/lib/python3.10/site-packages (from jaxtyping==0.2.19->gpytorch) (4.4.0)
Collecting typeguard>=2.13.3
  Using cached typeguard-4.4.1-py3-none-any.whl (35 kB)
Requirement already satisfied: numpy>=1.20.0 in /raven/u/system/soft/SLE_15/packages/x86_64/anaconda/3/2023.03/lib/python3.10/site-packages (from jaxtyping==0.2.19->gpytorch) (1.23.5)
Collecting torch>=1.11
  Downloading torch-2.5.1-cp310-cp310-manylinux1_x86_64.whl (906.4 MB)
     ━━━━━━━━━━━━━━━━━━━━━━━━━━━━━━━━━━━━━━━ 906.4/906.4 MB 1.5 MB/s eta 0:00:00
Requirement already satisfied: threadpoolctl>=2.0.0 in /raven/u/system/soft/SLE_15/packages/x86_64/anaconda/3/2023.03/lib/python3.10/site-packages (from scikit-learn->gpytorch) (2.2.0)
Requirement already satisfied: joblib>=1.1.1 in /raven/u/system/soft/SLE_15/packages/x86_64/anaconda/3/2023.03/lib/python3.10/site-packages (from scikit-learn->gpytorch) (1.1.1)
Collecting nvidia-nccl-cu12==2.21.5
  Using cached nvidia_nccl_cu12-2.21.5-py3-none-manylinux2014_x86_64.whl (188.7 MB)
Collecting triton==3.1.0
  Downloading triton-3.1.0-cp310-cp310-manylinux_2_17_x86_64.manylinux2014_x86_64.whl (209.5 MB)
     ━━━━━━━━━━━━━━━━━━━━━━━━━━━━━━━━━━━━━━━ 209.5/209.5 MB 3.4 MB/s eta 0:00:00
Collecting nvidia-cudnn-cu12==9.1.0.70
  Using cached nvidia_cudnn_cu12-9.1.0.70-py3-none-manylinux2014_x86_64.whl (664.8 MB)
Collecting nvidia-cuda-cupti-cu12==12.4.127
  Using cached nvidia_cuda_cupti_cu12-12.4.127-py3-none-manylinux2014_x86_64.whl (13.8 MB)
Requirement already satisfied: fsspec in /raven/u/system/soft/SLE_15/packages/x86_64/anaconda/3/2023.03/lib/python3.10/site-packages (from torch>=1.11->linear-operator>=0.5.3->gpytorch) (2022.11.0)
Collecting nvidia-cufft-cu12==11.2.1.3
  Using cached nvidia_cufft_cu12-11.2.1.3-py3-none-manylinux2014_x86_64.whl (211.5 MB)
Collecting nvidia-cusparse-cu12==12.3.1.170
  Using cached nvidia_cusparse_cu12-12.3.1.170-py3-none-manylinux2014_x86_64.whl (207.5 MB)
Collecting nvidia-curand-cu12==10.3.5.147
  Using cached nvidia_curand_cu12-10.3.5.147-py3-none-manylinux2014_x86_64.whl (56.3 MB)
Requirement already satisfied: filelock in /raven/u/system/soft/SLE_15/packages/x86_64/anaconda/3/2023.03/lib/python3.10/site-packages (from torch>=1.11->linear-operator>=0.5.3->gpytorch) (3.9.0)
Collecting nvidia-cuda-nvrtc-cu12==12.4.127
  Using cached nvidia_cuda_nvrtc_cu12-12.4.127-py3-none-manylinux2014_x86_64.whl (24.6 MB)
Collecting nvidia-cuda-runtime-cu12==12.4.127
  Using cached nvidia_cuda_runtime_cu12-12.4.127-py3-none-manylinux2014_x86_64.whl (883 kB)
Collecting nvidia-cusolver-cu12==11.6.1.9
  Using cached nvidia_cusolver_cu12-11.6.1.9-py3-none-manylinux2014_x86_64.whl (127.9 MB)
Collecting sympy==1.13.1
  Using cached sympy-1.13.1-py3-none-any.whl (6.2 MB)
Collecting nvidia-cublas-cu12==12.4.5.8
  Using cached nvidia_cublas_cu12-12.4.5.8-py3-none-manylinux2014_x86_64.whl (363.4 MB)
Collecting nvidia-nvjitlink-cu12==12.4.127
  Using cached nvidia_nvjitlink_cu12-12.4.127-py3-none-manylinux2014_x86_64.whl (21.1 MB)
Requirement already satisfied: networkx in /raven/u/system/soft/SLE_15/packages/x86_64/anaconda/3/2023.03/lib/python3.10/site-packages (from torch>=1.11->linear-operator>=0.5.3->gpytorch) (2.8.4)
Collecting typing-extensions>=3.7.4.1
  Using cached typing_extensions-4.12.2-py3-none-any.whl (37 kB)
Collecting nvidia-nvtx-cu12==12.4.127
  Using cached nvidia_nvtx_cu12-12.4.127-py3-none-manylinux2014_x86_64.whl (99 kB)
Requirement already satisfied: jinja2 in /raven/u/system/soft/SLE_15/packages/x86_64/anaconda/3/2023.03/lib/python3.10/site-packages (from torch>=1.11->linear-operator>=0.5.3->gpytorch) (3.1.2)
Requirement already satisfied: MarkupSafe>=2.0 in /raven/u/system/soft/SLE_15/packages/x86_64/anaconda/3/2023.03/lib/python3.10/site-packages (from jinja2->torch>=1.11->linear-operator>=0.5.3->gpytorch) (2.1.1)
Installing collected packages: typing-extensions, triton, sympy, nvidia-nvtx-cu12, nvidia-nvjitlink-cu12, nvidia-nccl-cu12, nvidia-curand-cu12, nvidia-cufft-cu12, nvidia-cuda-runtime-cu12, nvidia-cuda-nvrtc-cu12, nvidia-cuda-cupti-cu12, nvidia-cublas-cu12, typeguard, nvidia-cusparse-cu12, nvidia-cudnn-cu12, nvidia-cusolver-cu12, jaxtyping, torch, linear-operator, gpytorch
Successfully installed gpytorch-1.13 jaxtyping-0.2.19 linear-operator-0.5.3 nvidia-cublas-cu12-12.4.5.8 nvidia-cuda-cupti-cu12-12.4.127 nvidia-cuda-nvrtc-cu12-12.4.127 nvidia-cuda-runtime-cu12-12.4.127 nvidia-cudnn-cu12-9.1.0.70 nvidia-cufft-cu12-11.2.1.3 nvidia-curand-cu12-10.3.5.147 nvidia-cusolver-cu12-11.6.1.9 nvidia-cusparse-cu12-12.3.1.170 nvidia-nccl-cu12-2.21.5 nvidia-nvjitlink-cu12-12.4.127 nvidia-nvtx-cu12-12.4.127 sympy-1.13.1 torch-2.5.1 triton-3.1.0 typeguard-4.4.1 typing-extensions-4.12.2
Defaulting to user installation because normal site-packages is not writeable
Collecting uproot
  Downloading uproot-5.5.1-py3-none-any.whl (362 kB)
     ━━━━━━━━━━━━━━━━━━━━━━━━━━━━━━━━━━━━━ 362.3/362.3 kB 316.0 kB/s eta 0:00:00
Collecting cramjam>=2.5.0
  Downloading cramjam-2.9.1-cp310-cp310-manylinux_2_17_x86_64.manylinux2014_x86_64.whl (2.4 MB)
     ━━━━━━━━━━━━━━━━━━━━━━━━━━━━━━━━━━━━━━━━ 2.4/2.4 MB 3.0 MB/s eta 0:00:00
Collecting xxhash
  Downloading xxhash-3.5.0-cp310-cp310-manylinux_2_17_x86_64.manylinux2014_x86_64.whl (194 kB)
     ━━━━━━━━━━━━━━━━━━━━━━━━━━━━━━━━━━━━━━ 194.1/194.1 kB 16.5 MB/s eta 0:00:00
Requirement already satisfied: typing-extensions>=4.1.0 in /raven/u/dvoss/.local/lib/python3.10/site-packages (from uproot) (4.12.2)
Collecting awkward>=2.4.6
  Downloading awkward-2.7.3-py3-none-any.whl (868 kB)
     ━━━━━━━━━━━━━━━━━━━━━━━━━━━━━━━━━━━━━ 868.8/868.8 kB 919.8 kB/s eta 0:00:00
Requirement already satisfied: packaging in /raven/u/system/soft/SLE_15/packages/x86_64/anaconda/3/2023.03/lib/python3.10/site-packages (from uproot) (22.0)
Requirement already satisfied: fsspec in /raven/u/system/soft/SLE_15/packages/x86_64/anaconda/3/2023.03/lib/python3.10/site-packages (from uproot) (2022.11.0)
Requirement already satisfied: numpy in /raven/u/system/soft/SLE_15/packages/x86_64/anaconda/3/2023.03/lib/python3.10/site-packages (from uproot) (1.23.5)
Collecting importlib-metadata>=4.13.0
  Downloading importlib_metadata-8.6.1-py3-none-any.whl (26 kB)
Collecting awkward-cpp==44
  Downloading awkward_cpp-44-cp310-cp310-manylinux_2_17_x86_64.manylinux2014_x86_64.whl (637 kB)
     ━━━━━━━━━━━━━━━━━━━━━━━━━━━━━━━━━━━━━ 637.7/637.7 kB 489.8 kB/s eta 0:00:00
Collecting zipp>=3.20
  Downloading zipp-3.21.0-py3-none-any.whl (9.6 kB)
Installing collected packages: zipp, xxhash, cramjam, awkward-cpp, importlib-metadata, awkward, uproot
Successfully installed awkward-2.7.3 awkward-cpp-44 cramjam-2.9.1 importlib-metadata-8.6.1 uproot-5.5.1 xxhash-3.5.0 zipp-3.21.0
Defaulting to user installation because normal site-packages is not writeable
Collecting argparse
  Using cached argparse-1.4.0-py2.py3-none-any.whl (23 kB)
Installing collected packages: argparse
Successfully installed argparse-1.4.0
Defaulting to user installation because normal site-packages is not writeable
Collecting pyslha
  Using cached pyslha-3.2.6.tar.gz (41 kB)
  Preparing metadata (setup.py): started
  Preparing metadata (setup.py): finished with status 'done'
Collecting tex2pix>=0.1.5
  Using cached tex2pix-0.3.1.tar.gz (5.4 kB)
  Preparing metadata (setup.py): started
  Preparing metadata (setup.py): finished with status 'done'
Building wheels for collected packages: pyslha, tex2pix
  Building wheel for pyslha (setup.py): started
  Building wheel for pyslha (setup.py): finished with status 'done'
  Created wheel for pyslha: filename=pyslha-3.2.6-py3-none-any.whl size=30480 sha256=7577c6db61c8e44e5b31219f156e901fd038f829f4107be5dabdc5097749359d
  Stored in directory: /raven/u/dvoss/.cache/pip/wheels/80/62/17/40e36462e8a2e3a27700c24bef9a9b351fda222f572bb43a05
  Building wheel for tex2pix (setup.py): started
  Building wheel for tex2pix (setup.py): finished with status 'done'
  Created wheel for tex2pix: filename=tex2pix-0.3.1-py3-none-any.whl size=4951 sha256=d79e2925c5d14dd25650cc76ec0528be039a7c0b36609d4da26b993ff772bf47
  Stored in directory: /raven/u/dvoss/.cache/pip/wheels/0e/a4/c7/f32d928f9abe20e75da0de5d488ed3b794d05d600ea95b1e92
Successfully built pyslha tex2pix
Installing collected packages: tex2pix, pyslha
Successfully installed pyslha-3.2.6 tex2pix-0.3.1
Defaulting to user installation because normal site-packages is not writeable
Collecting structlog
  Downloading structlog-25.1.0-py3-none-any.whl (68 kB)
     ━━━━━━━━━━━━━━━━━━━━━━━━━━━━━━━━━━━━━━━━ 68.9/68.9 kB 57.6 kB/s eta 0:00:00
Requirement already satisfied: typing-extensions in /raven/u/dvoss/.local/lib/python3.10/site-packages (from structlog) (4.12.2)
Installing collected packages: structlog
Successfully installed structlog-25.1.0
Defaulting to user installation because normal site-packages is not writeable
Requirement already satisfied: imageio[ffmpeg] in /raven/u/system/soft/SLE_15/packages/x86_64/anaconda/3/2023.03/lib/python3.10/site-packages (2.26.0)
Requirement already satisfied: Pillow in /raven/u/system/soft/SLE_15/packages/x86_64/anaconda/3/2023.03/lib/python3.10/site-packages (9.4.0)
Requirement already satisfied: numpy in /raven/u/system/soft/SLE_15/packages/x86_64/anaconda/3/2023.03/lib/python3.10/site-packages (from imageio[ffmpeg]) (1.23.5)
Requirement already satisfied: psutil in /raven/u/system/soft/SLE_15/packages/x86_64/anaconda/3/2023.03/lib/python3.10/site-packages (from imageio[ffmpeg]) (5.9.0)
Collecting imageio-ffmpeg
  Downloading imageio_ffmpeg-0.6.0-py3-none-manylinux2014_x86_64.whl (29.5 MB)
     ━━━━━━━━━━━━━━━━━━━━━━━━━━━━━━━━━━━━━━━━ 29.5/29.5 MB 4.7 MB/s eta 0:00:00
Installing collected packages: imageio-ffmpeg
Successfully installed imageio-ffmpeg-0.6.0
Defaulting to user installation because normal site-packages is not writeable
Requirement already satisfied: seaborn in /raven/u/system/soft/SLE_15/packages/x86_64/anaconda/3/2023.03/lib/python3.10/site-packages (0.12.2)
Requirement already satisfied: pandas>=0.25 in /raven/u/system/soft/SLE_15/packages/x86_64/anaconda/3/2023.03/lib/python3.10/site-packages (from seaborn) (1.5.3)
Requirement already satisfied: matplotlib!=3.6.1,>=3.1 in /raven/u/system/soft/SLE_15/packages/x86_64/anaconda/3/2023.03/lib/python3.10/site-packages (from seaborn) (3.7.0)
Requirement already satisfied: numpy!=1.24.0,>=1.17 in /raven/u/system/soft/SLE_15/packages/x86_64/anaconda/3/2023.03/lib/python3.10/site-packages (from seaborn) (1.23.5)
Requirement already satisfied: contourpy>=1.0.1 in /raven/u/system/soft/SLE_15/packages/x86_64/anaconda/3/2023.03/lib/python3.10/site-packages (from matplotlib!=3.6.1,>=3.1->seaborn) (1.0.5)
Requirement already satisfied: pyparsing>=2.3.1 in /raven/u/system/soft/SLE_15/packages/x86_64/anaconda/3/2023.03/lib/python3.10/site-packages (from matplotlib!=3.6.1,>=3.1->seaborn) (3.0.9)
Requirement already satisfied: kiwisolver>=1.0.1 in /raven/u/system/soft/SLE_15/packages/x86_64/anaconda/3/2023.03/lib/python3.10/site-packages (from matplotlib!=3.6.1,>=3.1->seaborn) (1.4.4)
Requirement already satisfied: fonttools>=4.22.0 in /raven/u/system/soft/SLE_15/packages/x86_64/anaconda/3/2023.03/lib/python3.10/site-packages (from matplotlib!=3.6.1,>=3.1->seaborn) (4.25.0)
Requirement already satisfied: python-dateutil>=2.7 in /raven/u/system/soft/SLE_15/packages/x86_64/anaconda/3/2023.03/lib/python3.10/site-packages (from matplotlib!=3.6.1,>=3.1->seaborn) (2.8.2)
Requirement already satisfied: packaging>=20.0 in /raven/u/system/soft/SLE_15/packages/x86_64/anaconda/3/2023.03/lib/python3.10/site-packages (from matplotlib!=3.6.1,>=3.1->seaborn) (22.0)
Requirement already satisfied: cycler>=0.10 in /raven/u/system/soft/SLE_15/packages/x86_64/anaconda/3/2023.03/lib/python3.10/site-packages (from matplotlib!=3.6.1,>=3.1->seaborn) (0.11.0)
Requirement already satisfied: pillow>=6.2.0 in /raven/u/system/soft/SLE_15/packages/x86_64/anaconda/3/2023.03/lib/python3.10/site-packages (from matplotlib!=3.6.1,>=3.1->seaborn) (9.4.0)
Requirement already satisfied: pytz>=2020.1 in /raven/u/system/soft/SLE_15/packages/x86_64/anaconda/3/2023.03/lib/python3.10/site-packages (from pandas>=0.25->seaborn) (2022.7)
Requirement already satisfied: six>=1.5 in /raven/u/system/soft/SLE_15/packages/x86_64/anaconda/3/2023.03/lib/python3.10/site-packages (from python-dateutil>=2.7->matplotlib!=3.6.1,>=3.1->seaborn) (1.16.0)
Defaulting to user installation because normal site-packages is not writeable
Defaulting to user installation because normal site-packages is not writeable
Starting iteration 1
Error during GP model script execution
                                  
================================= 
Global information about the job: 
================================= 
  
Job owner: dvoss(54815)
Job name:  al_gp_iter
Node list: ravg1039
Job start: Sun Jan 26 17:59:34 CET 2025
Job end:   Sun Jan 26 18:04:33 CET 2025
Work dir:  /raven/u/dvoss/al_pmssmwithgp/model
Command:   /raven/u/dvoss/al_pmssmwithgp/model/slurm/single_job_new.sbatch
  
  
  
==========================================================================================
Information on jobsteps (Note: MaxRSS/AveRSS is the maximum/average over all 
tasks of the per-task memory high-water marks; cf. "man sacct"): 
==========================================================================================
  
JobID            JobName NNodes NTasks  NCPUS       MaxRSS       AveRSS    Elapsed ExitCode
------------- ---------- ------ ------ ------ ------------ ------------ ---------- --------
15270171      al_gp_iter      1             4                             00:04:59      1:0
15270171.0    job_new.sh      1      1      4       33.25M       33.25M   00:00:53      1:0
  
Maximum memory per node: 0.120313 GB (defined as MaxRSS*Ntasks/NNodes)
CPU utilization: 11.5 %
  
