Defaulting to user installation because normal site-packages is not writeable
Requirement already satisfied: uproot in /raven/u/dvoss/.local/lib/python3.9/site-packages (5.3.10)
Requirement already satisfied: awkward>=2.4.6 in /raven/u/dvoss/.local/lib/python3.9/site-packages (from uproot) (2.6.6)
Requirement already satisfied: packaging in /raven/u/system/soft/SLE_15/packages/x86_64/anaconda/3/2021.11/lib/python3.9/site-packages (from uproot) (21.0)
Requirement already satisfied: typing-extensions>=4.1.0 in /raven/u/dvoss/.local/lib/python3.9/site-packages (from uproot) (4.12.2)
Requirement already satisfied: cramjam>=2.5.0 in /raven/u/dvoss/.local/lib/python3.9/site-packages (from uproot) (2.8.3)
Requirement already satisfied: fsspec in /raven/u/dvoss/.local/lib/python3.9/site-packages (from uproot) (2024.6.1)
Requirement already satisfied: numpy in /raven/u/dvoss/.local/lib/python3.9/site-packages (from uproot) (1.22.4)
Requirement already satisfied: importlib-metadata>=4.13.0 in /raven/u/dvoss/.local/lib/python3.9/site-packages (from awkward>=2.4.6->uproot) (8.0.0)
Requirement already satisfied: awkward-cpp==35 in /raven/u/dvoss/.local/lib/python3.9/site-packages (from awkward>=2.4.6->uproot) (35)
Requirement already satisfied: zipp>=0.5 in /raven/u/system/soft/SLE_15/packages/x86_64/anaconda/3/2021.11/lib/python3.9/site-packages (from importlib-metadata>=4.13.0->awkward>=2.4.6->uproot) (3.6.0)
Requirement already satisfied: pyparsing>=2.0.2 in /raven/u/system/soft/SLE_15/packages/x86_64/anaconda/3/2021.11/lib/python3.9/site-packages (from packaging->uproot) (3.0.4)
Defaulting to user installation because normal site-packages is not writeable
Collecting argparse
  Using cached argparse-1.4.0-py2.py3-none-any.whl (23 kB)
Installing collected packages: argparse
Successfully installed argparse-1.4.0
Defaulting to user installation because normal site-packages is not writeable
Requirement already satisfied: pyslha in /raven/u/dvoss/.local/lib/python3.9/site-packages (3.2.6)
Requirement already satisfied: tex2pix>=0.1.5 in /raven/u/dvoss/.local/lib/python3.9/site-packages (from pyslha) (0.3.1)
Defaulting to user installation because normal site-packages is not writeable
Requirement already satisfied: structlog in /raven/u/dvoss/.local/lib/python3.9/site-packages (24.4.0)
Defaulting to user installation because normal site-packages is not writeable
Requirement already satisfied: imageio[ffmpeg] in /raven/u/system/soft/SLE_15/packages/x86_64/anaconda/3/2021.11/lib/python3.9/site-packages (2.9.0)
Requirement already satisfied: Pillow in /raven/u/system/soft/SLE_15/packages/x86_64/anaconda/3/2021.11/lib/python3.9/site-packages (8.4.0)
Requirement already satisfied: numpy in /raven/u/dvoss/.local/lib/python3.9/site-packages (from imageio[ffmpeg]) (1.22.4)
Requirement already satisfied: imageio-ffmpeg in /raven/u/dvoss/.local/lib/python3.9/site-packages (from imageio[ffmpeg]) (0.5.1)
Requirement already satisfied: setuptools in /raven/u/system/soft/SLE_15/packages/x86_64/anaconda/3/2021.11/lib/python3.9/site-packages (from imageio-ffmpeg->imageio[ffmpeg]) (58.0.4)
Defaulting to user installation because normal site-packages is not writeable
Requirement already satisfied: seaborn in /raven/u/system/soft/SLE_15/packages/x86_64/anaconda/3/2021.11/lib/python3.9/site-packages (0.11.2)
Requirement already satisfied: pandas>=0.23 in /raven/u/system/soft/SLE_15/packages/x86_64/anaconda/3/2021.11/lib/python3.9/site-packages (from seaborn) (1.3.4)
Requirement already satisfied: matplotlib>=2.2 in /raven/u/system/soft/SLE_15/packages/x86_64/anaconda/3/2021.11/lib/python3.9/site-packages (from seaborn) (3.4.3)
Requirement already satisfied: scipy>=1.0 in /raven/u/system/soft/SLE_15/packages/x86_64/anaconda/3/2021.11/lib/python3.9/site-packages (from seaborn) (1.7.1)
Requirement already satisfied: numpy>=1.15 in /raven/u/dvoss/.local/lib/python3.9/site-packages (from seaborn) (1.22.4)
Requirement already satisfied: pillow>=6.2.0 in /raven/u/system/soft/SLE_15/packages/x86_64/anaconda/3/2021.11/lib/python3.9/site-packages (from matplotlib>=2.2->seaborn) (8.4.0)
Requirement already satisfied: kiwisolver>=1.0.1 in /raven/u/system/soft/SLE_15/packages/x86_64/anaconda/3/2021.11/lib/python3.9/site-packages (from matplotlib>=2.2->seaborn) (1.3.1)
Requirement already satisfied: cycler>=0.10 in /raven/u/system/soft/SLE_15/packages/x86_64/anaconda/3/2021.11/lib/python3.9/site-packages (from matplotlib>=2.2->seaborn) (0.10.0)
Requirement already satisfied: python-dateutil>=2.7 in /raven/u/system/soft/SLE_15/packages/x86_64/anaconda/3/2021.11/lib/python3.9/site-packages (from matplotlib>=2.2->seaborn) (2.8.2)
Requirement already satisfied: pyparsing>=2.2.1 in /raven/u/system/soft/SLE_15/packages/x86_64/anaconda/3/2021.11/lib/python3.9/site-packages (from matplotlib>=2.2->seaborn) (3.0.4)
Requirement already satisfied: six in /raven/u/system/soft/SLE_15/packages/x86_64/anaconda/3/2021.11/lib/python3.9/site-packages (from cycler>=0.10->matplotlib>=2.2->seaborn) (1.16.0)
Requirement already satisfied: pytz>=2017.3 in /raven/u/system/soft/SLE_15/packages/x86_64/anaconda/3/2021.11/lib/python3.9/site-packages (from pandas>=0.23->seaborn) (2021.3)
Defaulting to user installation because normal site-packages is not writeable
Defaulting to user installation because normal site-packages is not writeable
Starting iteration 1
Running for iteration 1
Initial Training points:  tensor([[0.6631, 0.0865],
        [0.8398, 0.5842],
        [0.8237, 0.4728],
        [0.3676, 0.7026],
        [0.1756, 0.4616],
        [0.1127, 0.9110],
        [0.6776, 0.0331],
        [0.9555, 0.7512],
        [0.9641, 0.5012],
        [0.3530, 0.2906],
        [0.3666, 0.0907],
        [0.5460, 0.4240],
        [0.4971, 0.3577],
        [0.1845, 0.9597],
        [0.9084, 0.2922],
        [0.0462, 0.7663],
        [0.1492, 0.2614],
        [0.0920, 0.2487],
        [0.1260, 0.4445],
        [0.4747, 0.0589],
        [0.1098, 0.7458],
        [0.1437, 0.7837],
        [0.3070, 0.5136],
        [0.5439, 0.5489],
        [0.7350, 0.6087],
        [0.7765, 0.7283],
        [0.3960, 0.5960],
        [0.0663, 0.0840],
        [0.2658, 0.1010],
        [0.1247, 0.3074],
        [0.7562, 0.8692],
        [0.8281, 0.7606],
        [0.9008, 0.8302],
        [0.8744, 0.7158],
        [0.2963, 0.1350],
        [0.4991, 0.9019],
        [0.5491, 0.9902],
        [0.7243, 0.1442],
        [0.7696, 0.9206],
        [0.4382, 0.6811],
        [0.2842, 0.3205],
        [0.2733, 0.0014],
        [0.5495, 0.5581],
        [0.7504, 0.9564],
        [0.9761, 0.1821],
        [0.5737, 0.8822],
        [0.2062, 0.2289],
        [0.8215, 0.9933],
        [0.6355, 0.0012],
        [0.3472, 0.8488]], device='cuda:0') torch.Size([50, 2])
These training_points are used in the GP tensor([[0.6631, 0.0865],
        [0.8398, 0.5842],
        [0.8237, 0.4728],
        [0.3676, 0.7026],
        [0.1756, 0.4616],
        [0.1127, 0.9110],
        [0.6776, 0.0331],
        [0.9555, 0.7512],
        [0.9641, 0.5012],
        [0.3530, 0.2906],
        [0.3666, 0.0907],
        [0.5460, 0.4240],
        [0.4971, 0.3577],
        [0.1845, 0.9597],
        [0.9084, 0.2922],
        [0.0462, 0.7663],
        [0.1492, 0.2614],
        [0.0920, 0.2487],
        [0.1260, 0.4445],
        [0.4747, 0.0589],
        [0.1098, 0.7458],
        [0.1437, 0.7837],
        [0.3070, 0.5136],
        [0.5439, 0.5489],
        [0.7350, 0.6087],
        [0.7765, 0.7283],
        [0.3960, 0.5960],
        [0.0663, 0.0840],
        [0.2658, 0.1010],
        [0.1247, 0.3074],
        [0.7562, 0.8692],
        [0.8281, 0.7606],
        [0.9008, 0.8302],
        [0.8744, 0.7158],
        [0.2963, 0.1350],
        [0.4991, 0.9019],
        [0.5491, 0.9902],
        [0.7243, 0.1442],
        [0.7696, 0.9206],
        [0.4382, 0.6811],
        [0.2842, 0.3205],
        [0.2733, 0.0014],
        [0.5495, 0.5581],
        [0.7504, 0.9564],
        [0.9761, 0.1821],
        [0.5737, 0.8822],
        [0.2062, 0.2289],
        [0.8215, 0.9933],
        [0.6355, 0.0012],
        [0.3472, 0.8488]], device='cuda:0')
Iteration 0: x_train shape: torch.Size([50, 2]), y_train shape: torch.Size([50])
Output mean shape: torch.Size([50])
Iter 1 / 1 - Loss (Train): 13.953 - Loss (Val): 4.305
best model parameters:  OrderedDict([('likelihood.noise_covar.raw_noise', tensor([0.0100], device='cuda:0')), ('likelihood.noise_covar.raw_noise_constraint.lower_bound', tensor(1.0000e-04, device='cuda:0')), ('likelihood.noise_covar.raw_noise_constraint.upper_bound', tensor(inf, device='cuda:0')), ('mean_module.weights', tensor([[0.1100],
        [0.1100]], device='cuda:0')), ('mean_module.bias', tensor([1.0100], device='cuda:0')), ('covar_module.raw_lengthscale', tensor([[-5.2858]], device='cuda:0')), ('covar_module.raw_lengthscale_constraint.lower_bound', tensor(0., device='cuda:0')), ('covar_module.raw_lengthscale_constraint.upper_bound', tensor(inf, device='cuda:0')), ('task_covar_module.covar_factor', tensor([[0.0348]], device='cuda:0')), ('task_covar_module.raw_var', tensor([0.8995], device='cuda:0')), ('task_covar_module.IndexKernelPrior.a', tensor([0.], device='cuda:0')), ('task_covar_module.IndexKernelPrior.b', tensor([1.], device='cuda:0')), ('task_covar_module.IndexKernelPrior.sigma', tensor([0.0100], device='cuda:0')), ('task_covar_module.IndexKernelPrior.tails.loc', tensor([0.], device='cuda:0')), ('task_covar_module.IndexKernelPrior.tails.scale', tensor([0.0100], device='cuda:0')), ('task_covar_module.raw_var_constraint.lower_bound', tensor(0., device='cuda:0')), ('task_covar_module.raw_var_constraint.upper_bound', tensor(inf, device='cuda:0'))])
Likelihood MultivariateNormal(loc: torch.Size([2500]))
Mean:  tensor([[1.0100],
        [1.0122],
        [1.0145],
        ...,
        [1.2255],
        [1.2278],
        [1.2300]], device='cuda:0')
Variance:  tensor([[1.6983],
        [1.6983],
        [1.6983],
        ...,
        [1.6983],
        [1.6983],
        [1.6983]], device='cuda:0')
Selected points (indices): {2049, 1, 1156, 777, 1930, 2068, 1429, 1690, 1436, 29, 1439, 1585, 1075, 435, 949, 948, 695, 2355, 1717, 2106, 955, 947, 829, 1979, 1474, 1987, 969, 1866, 2252, 1997, 976, 82, 1875, 1754, 1115, 481, 741, 358, 1513, 492, 1132, 752, 1137, 1522, 2036, 886, 2167, 633, 250, 511}
Selected new x values (normalized): tensor([[0.0334, 0.6141],
        [0.1046, 0.2485],
        [0.2498, 0.7246],
        [0.0378, 0.0987],
        [0.3653, 0.1929],
        [0.1472, 0.0232],
        [0.2692, 0.0291],
        [0.1365, 0.0463],
        [0.8327, 0.5804],
        [0.2132, 0.2059],
        [0.3514, 0.2231],
        [0.1196, 0.3008],
        [0.3178, 0.5133],
        [0.1223, 0.4544],
        [0.3064, 0.5044],
        [0.3706, 0.0531],
        [0.0044, 0.1138],
        [0.5665, 0.2444],
        [0.1213, 0.0999],
        [0.0387, 0.0082],
        [0.7269, 0.6021],
        [0.5600, 0.1132],
        [0.1285, 0.0634],
        [0.1819, 0.1296],
        [0.0627, 0.0803],
        [0.8357, 0.4753],
        [0.2357, 0.0156],
        [0.1662, 0.1532],
        [0.1342, 0.2199],
        [0.1404, 0.2586],
        [0.1993, 0.1063],
        [0.1278, 0.3008],
        [0.4129, 0.1334],
        [0.0832, 0.3060],
        [0.2402, 0.3878],
        [0.1137, 0.1491],
        [0.3708, 0.2468],
        [0.5816, 0.1993],
        [0.2092, 0.2279],
        [0.0528, 0.7712],
        [0.3518, 0.3118],
        [0.4002, 0.5941],
        [0.2859, 0.3316],
        [0.1992, 0.2289],
        [0.4185, 0.3498],
        [0.0181, 0.1897],
        [0.1130, 0.3059],
        [0.3121, 0.5260],
        [0.6281, 0.0927],
        [0.2774, 0.6406]], device='cuda:0')
Corresponding new x values (unnormalized): tensor([[-1866.4542,   456.2598],
        [-1581.4116, -1005.9453],
        [-1000.6503,   898.3057],
        [-1848.6282, -1605.2355],
        [ -538.6616, -1228.3301],
        [-1411.1366, -1907.0995],
        [ -923.2867, -1883.4017],
        [-1453.9580, -1814.6825],
        [ 1330.9270,   321.6914],
        [-1147.3119, -1176.2657],
        [ -594.2822, -1107.7993],
        [-1521.7222,  -796.7345],
        [ -728.8389,    53.1191],
        [-1510.9976,  -182.3353],
        [ -774.3933,    17.7672],
        [ -517.5461, -1787.7810],
        [-1982.4270, -1544.9840],
        [  265.8901, -1022.2616],
        [-1514.7330, -1600.4114],
        [-1845.2272, -1967.0005],
        [  907.5828,   408.4336],
        [  239.8589, -1547.3098],
        [-1485.8127, -1746.2150],
        [-1272.3535, -1481.6553],
        [-1749.3070, -1678.7498],
        [ 1342.9124,   -98.9862],
        [-1057.3064, -1937.6155],
        [-1335.1628, -1387.2711],
        [-1463.0775, -1120.5879],
        [-1438.2615,  -965.6812],
        [-1202.9695, -1574.9937],
        [-1488.9902,  -796.9731],
        [ -348.5360, -1466.5105],
        [-1667.3671,  -775.9476],
        [-1039.2150,  -448.8091],
        [-1545.1815, -1403.4248],
        [ -516.7865, -1012.9951],
        [  326.5388, -1202.9436],
        [-1163.0023, -1088.3154],
        [-1788.8660,  1084.8411],
        [ -592.9764,  -752.7034],
        [ -399.2627,   376.2319],
        [ -856.5312,  -673.5840],
        [-1203.2971, -1084.3188],
        [ -326.0237,  -600.6167],
        [-1927.6693, -1241.3435],
        [-1548.1460,  -776.4100],
        [ -751.7157,   104.0378],
        [  512.3757, -1629.0712],
        [ -890.2299,   562.5273]], device='cuda:0')
Error during GP model script execution
                                  
================================= 
Global information about the job: 
================================= 
  
Job owner: dvoss(54815)
Job name:  al_gp_iter
Node list: ravg1164
Job start: Mon Nov 25 17:34:25 CET 2024
Job end:   Mon Nov 25 17:35:26 CET 2024
Work dir:  /raven/u/dvoss/al_pmssmwithgp/model
Command:   /raven/u/dvoss/al_pmssmwithgp/model/slurm/single_job.sbatch
  
  
  
==========================================================================================
Information on jobsteps (Note: MaxRSS/AveRSS is the maximum/average over all 
tasks of the per-task memory high-water marks; cf. "man sacct"): 
==========================================================================================
  
JobID            JobName NNodes NTasks  NCPUS       MaxRSS       AveRSS    Elapsed ExitCode
------------- ---------- ------ ------ ------ ------------ ------------ ---------- --------
13824215      al_gp_iter      1             4                             00:01:01      1:0
13824215.0        job.sh      1      1      4     2496.14M     2496.14M   00:00:44      1:0
  
Maximum memory per node: 2.617394 GB (defined as MaxRSS*Ntasks/NNodes)
CPU utilization: 23.8 %
  
