                                  
================================= 
Global information about the job: 
================================= 
  
Job owner: dvoss(54815)
Job name:  test
Node list: ravg1058
Job start: Fri Jul 12 16:41:27 CEST 2024
Job end:   Fri Jul 12 16:41:57 CEST 2024
Work dir:  /raven/u/dvoss/al_pmssmwithgp
Command:   /raven/u/dvoss/al_pmssmwithgp/model/slurm/single_job.sbatch
  
  
  
==========================================================================================
Information on jobsteps (Note: MaxRSS/AveRSS is the maximum/average over all 
tasks of the per-task memory high-water marks; cf. "man sacct"): 
==========================================================================================
  
JobID            JobName NNodes NTasks  NCPUS       MaxRSS       AveRSS    Elapsed ExitCode
------------- ---------- ------ ------ ------ ------------ ------------ ---------- --------
11962648            test      1             4                             00:00:30      1:0
11962648.0        job.sh      1      1      4        1.33M        1.33M   00:00:19      1:0
  
Maximum memory per node: 0.001390 GB (defined as MaxRSS*Ntasks/NNodes)
CPU utilization: 0.0 %
  
