Defaulting to user installation because normal site-packages is not writeable
Requirement already satisfied: uproot in /raven/u/dvoss/.local/lib/python3.9/site-packages (5.3.10)
Requirement already satisfied: packaging in /raven/u/system/soft/SLE_15/packages/x86_64/anaconda/3/2021.11/lib/python3.9/site-packages (from uproot) (21.0)
Requirement already satisfied: numpy in /raven/u/system/soft/SLE_15/packages/x86_64/anaconda/3/2021.11/lib/python3.9/site-packages (from uproot) (1.20.3)
Requirement already satisfied: cramjam>=2.5.0 in /raven/u/dvoss/.local/lib/python3.9/site-packages (from uproot) (2.8.3)
Requirement already satisfied: typing-extensions>=4.1.0 in /raven/u/dvoss/.local/lib/python3.9/site-packages (from uproot) (4.12.2)
Requirement already satisfied: awkward>=2.4.6 in /raven/u/dvoss/.local/lib/python3.9/site-packages (from uproot) (2.6.6)
Requirement already satisfied: fsspec in /raven/u/dvoss/.local/lib/python3.9/site-packages (from uproot) (2024.6.1)
Requirement already satisfied: awkward-cpp==35 in /raven/u/dvoss/.local/lib/python3.9/site-packages (from awkward>=2.4.6->uproot) (35)
Requirement already satisfied: importlib-metadata>=4.13.0 in /raven/u/dvoss/.local/lib/python3.9/site-packages (from awkward>=2.4.6->uproot) (8.0.0)
Requirement already satisfied: zipp>=0.5 in /raven/u/system/soft/SLE_15/packages/x86_64/anaconda/3/2021.11/lib/python3.9/site-packages (from importlib-metadata>=4.13.0->awkward>=2.4.6->uproot) (3.6.0)
Requirement already satisfied: pyparsing>=2.0.2 in /raven/u/system/soft/SLE_15/packages/x86_64/anaconda/3/2021.11/lib/python3.9/site-packages (from packaging->uproot) (3.0.4)
Defaulting to user installation because normal site-packages is not writeable
Collecting argparse
  Using cached argparse-1.4.0-py2.py3-none-any.whl (23 kB)
Installing collected packages: argparse
Successfully installed argparse-1.4.0
Defaulting to user installation because normal site-packages is not writeable
Requirement already satisfied: pyslha in /raven/u/dvoss/.local/lib/python3.9/site-packages (3.2.6)
Requirement already satisfied: tex2pix>=0.1.5 in /raven/u/dvoss/.local/lib/python3.9/site-packages (from pyslha) (0.3.1)
Defaulting to user installation because normal site-packages is not writeable
Requirement already satisfied: structlog in /raven/u/dvoss/.local/lib/python3.9/site-packages (24.4.0)
Starting iteration 1
Initial Training points:  tensor([0.5119, 0.8528, 0.5812], device='cuda:0') torch.Size([3])
These training_points are used in the GP tensor([0.5119, 0.8528, 0.5812], device='cuda:0')
points: {0, 184, 208}
new xs normalized:  tensor([0.0000, 0.1842, 0.2082], device='cuda:0')
Corresponding xs: tensor([-2000.0000, -1263.2633, -1167.1672], device='cuda:0')
No root_file_path provided; skipping ROOT file data plotting.
Plot saved to /raven/u/dvoss/al_pmssmwithgp/model/plots/Iter1/gp_plot.png
YAML file has been created: /u/dvoss/al_pmssmwithgp/Run3ModelGen/source/Run3ModelGen/data/new_config.yaml
Note: detected 144 virtual cores but NumExpr set to maximum of 64, check "NUMEXPR_MAX_THREADS" environment variable.
Note: NumExpr detected 144 cores but "NUMEXPR_MAX_THREADS" not set, so enforcing safe limit of 8.
NumExpr defaulting to 8 threads.

  ___              ____ __  __          _       _   ___            
 | _ \ _  _  _ _  |__ /|  \/  | ___  __| | ___ | | / __| ___  _ _  
 |   /| || || ' \  |_ \| |\/| |/ _ \/ _` |/ -_)| || (_ |/ -_)| ' \ 
 |_|_\ \_,_||_||_||___/|_|  |_|\___/\__,_|\___||_| \___|\___||_||_|
                                                                   

2024-08-13 13:01:36 [info     ] Initialised ModelGenerator with: [Run3ModelGen.modelgen]
2024-08-13 13:01:36 [info     ] 	config_file = /u/dvoss/al_pmssmwithgp/Run3ModelGen/source/Run3ModelGen/data/new_config.yaml [Run3ModelGen.modelgen]
2024-08-13 13:01:36 [info     ] 	scan_dir = /u/dvoss/al_pmssmwithgp/Run3ModelGen/source/Run3ModelGen/scans/scan_1 [Run3ModelGen.modelgen]
2024-08-13 13:01:36 [info     ] 	rawfilen = /u/dvoss/al_pmssmwithgp/Run3ModelGen/source/Run3ModelGen/data/raw.slha [Run3ModelGen.modelgen]
2024-08-13 13:01:36 [info     ] 	seed = 123                    [Run3ModelGen.modelgen]
2024-08-13 13:01:36 [info     ] 	points = {}                   [Run3ModelGen.modelgen]
2024-08-13 13:01:36 [info     ] 	prior = fixed                 [Run3ModelGen.modelgen]
2024-08-13 13:01:36 [info     ] 	num_models = 3                [Run3ModelGen.modelgen]
2024-08-13 13:01:36 [info     ] 	isGMSB = False                [Run3ModelGen.modelgen]
2024-08-13 13:01:36 [info     ] 	parameters =                  [Run3ModelGen.modelgen]
2024-08-13 13:01:36 [info     ] 		tanb: [60, 60, 60]           [Run3ModelGen.modelgen]
2024-08-13 13:01:36 [info     ] 		M_1: [-2000.0, -1263.26, -1167.17] [Run3ModelGen.modelgen]
2024-08-13 13:01:36 [info     ] 		M_2: [2000, 2000, 2000]      [Run3ModelGen.modelgen]
2024-08-13 13:01:36 [info     ] 		M_3: [4000, 4000, 4000]      [Run3ModelGen.modelgen]
2024-08-13 13:01:36 [info     ] 		AT: [4000, 4000, 4000]       [Run3ModelGen.modelgen]
2024-08-13 13:01:36 [info     ] 		Ab: [2000, 2000, 2000]       [Run3ModelGen.modelgen]
2024-08-13 13:01:36 [info     ] 		Atau: [2000, 2000, 2000]     [Run3ModelGen.modelgen]
2024-08-13 13:01:36 [info     ] 		mu: [2000, 2000, 2000]       [Run3ModelGen.modelgen]
2024-08-13 13:01:36 [info     ] 		mA: [2000, 2000, 2000]       [Run3ModelGen.modelgen]
2024-08-13 13:01:36 [info     ] 		meL: [2000, 2000, 2000]      [Run3ModelGen.modelgen]
2024-08-13 13:01:36 [info     ] 		mtauL: [2000, 2000, 2000]    [Run3ModelGen.modelgen]
2024-08-13 13:01:36 [info     ] 		meR: [2000, 2000, 2000]      [Run3ModelGen.modelgen]
2024-08-13 13:01:36 [info     ] 		mtauR: [2000, 2000, 2000]    [Run3ModelGen.modelgen]
2024-08-13 13:01:36 [info     ] 		mqL1: [4000, 4000, 4000]     [Run3ModelGen.modelgen]
2024-08-13 13:01:36 [info     ] 		mqL3: [4000, 4000, 4000]     [Run3ModelGen.modelgen]
2024-08-13 13:01:36 [info     ] 		muR: [4000, 4000, 4000]      [Run3ModelGen.modelgen]
2024-08-13 13:01:36 [info     ] 		mtR: [4000, 4000, 4000]      [Run3ModelGen.modelgen]
2024-08-13 13:01:36 [info     ] 		mdR: [4000, 4000, 4000]      [Run3ModelGen.modelgen]
2024-08-13 13:01:36 [info     ] 		mbR: [4000, 4000, 4000]      [Run3ModelGen.modelgen]
2024-08-13 13:01:36 [info     ] 	steps =                       [Run3ModelGen.modelgen]
2024-08-13 13:01:36 [info     ] 		{'name': 'prep_input', 'output_dir': 'input', 'prefix': 'IN'} [Run3ModelGen.modelgen]
2024-08-13 13:01:36 [info     ] 		{'name': 'SPheno', 'input_dir': 'input', 'output_dir': 'SPheno', 'log_dir': 'SPheno_log', 'prefix': 'SP'} [Run3ModelGen.modelgen]
2024-08-13 13:01:36 [info     ] 		{'name': 'softsusy', 'input_dir': 'input', 'output_dir': 'softsusy', 'prefix': 'SS'} [Run3ModelGen.modelgen]
2024-08-13 13:01:36 [info     ] 		{'name': 'micromegas', 'input_dir': 'SPheno', 'output_dir': 'micromegas', 'prefix': 'MO'} [Run3ModelGen.modelgen]
2024-08-13 13:01:36 [info     ] 		{'name': 'superiso', 'input_dir': 'SPheno', 'output_dir': 'superiso', 'prefix': 'SI'} [Run3ModelGen.modelgen]
2024-08-13 13:01:36 [info     ] 		{'name': 'gm2calc', 'input_dir': 'SPheno', 'output_dir': 'gm2calc', 'prefix': 'GM2'} [Run3ModelGen.modelgen]
2024-08-13 13:01:36 [info     ] 		{'name': 'evade', 'input_dir': 'SPheno', 'output_dir': 'evade', 'prefix': 'EV'} [Run3ModelGen.modelgen]
2024-08-13 13:01:36 [info     ] Starting Model Generation...   [Run3ModelGen.modelgen]
2024-08-13 13:01:36 [info     ] Setting up output directories for scan [Run3ModelGen.modelgen]
2024-08-13 13:01:36 [info     ] Generating Model: 0.slha (1/3) [Run3ModelGen.modelgen]
2024-08-13 13:01:36 [info     ] 	running step: prep_input      [Run3ModelGen.modelgen]
2024-08-13 13:01:36 [info     ] 	running step: SPheno          [Run3ModelGen.modelgen]
2024-08-13 13:01:36 [info     ] 	running step: softsusy        [Run3ModelGen.modelgen]
2024-08-13 13:01:38 [info     ] 	running step: micromegas      [Run3ModelGen.modelgen]
2024-08-13 13:01:45 [info     ] 	running step: superiso        [Run3ModelGen.modelgen]
2024-08-13 13:01:45 [info     ] 	running step: gm2calc         [Run3ModelGen.modelgen]
2024-08-13 13:01:45 [info     ] 	running step: evade           [Run3ModelGen.modelgen]
2024-08-13 13:01:45 [info     ] Generating Model: 1.slha (2/3) [Run3ModelGen.modelgen]
2024-08-13 13:01:45 [info     ] 	running step: prep_input      [Run3ModelGen.modelgen]
2024-08-13 13:01:51 [info     ] 	running step: SPheno          [Run3ModelGen.modelgen]
2024-08-13 13:01:58 [info     ] 	running step: softsusy        [Run3ModelGen.modelgen]
2024-08-13 13:01:58 [info     ] 	running step: micromegas      [Run3ModelGen.modelgen]
2024-08-13 13:02:02 [info     ] 	running step: superiso        [Run3ModelGen.modelgen]
2024-08-13 13:02:02 [info     ] 	running step: gm2calc         [Run3ModelGen.modelgen]
2024-08-13 13:02:02 [info     ] 	running step: evade           [Run3ModelGen.modelgen]
2024-08-13 13:02:02 [info     ] Generating Model: 2.slha (3/3) [Run3ModelGen.modelgen]
2024-08-13 13:02:02 [info     ] 	running step: prep_input      [Run3ModelGen.modelgen]
2024-08-13 13:02:02 [info     ] 	running step: SPheno          [Run3ModelGen.modelgen]
2024-08-13 13:02:03 [info     ] 	running step: softsusy        [Run3ModelGen.modelgen]
2024-08-13 13:02:03 [info     ] 	running step: micromegas      [Run3ModelGen.modelgen]
2024-08-13 13:02:03 [info     ] 	running step: superiso        [Run3ModelGen.modelgen]
2024-08-13 13:02:03 [info     ] 	running step: gm2calc         [Run3ModelGen.modelgen]
2024-08-13 13:02:03 [info     ] 	running step: evade           [Run3ModelGen.modelgen]
2024-08-13 13:02:03 [info     ] Finished generating models! Stats for successful generations (successful/attempted): [Run3ModelGen.modelgen]
2024-08-13 13:02:03 [info     ] 	prep_input: 3/3.              [Run3ModelGen.modelgen]
2024-08-13 13:02:03 [info     ] 	SPheno: 3/3.                  [Run3ModelGen.modelgen]
2024-08-13 13:02:03 [info     ] 	softsusy: 3/3.                [Run3ModelGen.modelgen]
2024-08-13 13:02:03 [info     ] 	micromegas: 3/3.              [Run3ModelGen.modelgen]
2024-08-13 13:02:03 [info     ] 	superiso: 3/3.                [Run3ModelGen.modelgen]
2024-08-13 13:02:03 [info     ] 	gm2calc: 3/3.                 [Run3ModelGen.modelgen]
2024-08-13 13:02:03 [info     ] 	evade: 0/3.                   [Run3ModelGen.modelgen]
2024-08-13 13:02:03 [info     ] Will make NTuple for: /u/dvoss/al_pmssmwithgp/Run3ModelGen/source/Run3ModelGen/scans/scan_1, with 3 models [Run3ModelGen.ntupling]
2024-08-13 13:02:05 [info     ] 	Filling values for model: 0   [Run3ModelGen.ntupling]
2024-08-13 13:02:05 [info     ] Saving NTuple in /u/dvoss/al_pmssmwithgp/Run3ModelGen/source/Run3ModelGen/scans/scan_1/ntuple.0.0.root ... [Run3ModelGen.ntupling]
Timed out waiting for /u/dvoss/al_pmssmwithgp/Run3ModelGen/scans/scan_1/ntuple.0.0.root to be created.
                                  
================================= 
Global information about the job: 
================================= 
  
Job owner: dvoss(54815)
Job name:  test
Node list: ravg1049
Job start: Tue Aug 13 12:59:53 CEST 2024
Job end:   Tue Aug 13 13:07:13 CEST 2024
Work dir:  /raven/u/dvoss/al_pmssmwithgp/model
Command:   /raven/u/dvoss/al_pmssmwithgp/model/slurm/single_job.sbatch
  
  
  
==========================================================================================
Information on jobsteps (Note: MaxRSS/AveRSS is the maximum/average over all 
tasks of the per-task memory high-water marks; cf. "man sacct"): 
==========================================================================================
  
JobID            JobName NNodes NTasks  NCPUS       MaxRSS       AveRSS    Elapsed ExitCode
------------- ---------- ------ ------ ------ ------------ ------------ ---------- --------
12332794            test      1             4                             00:07:20      1:0
12332794.0        job.sh      1      1      4     2356.84M     2356.84M   00:06:40      1:0
  
Maximum memory per node: 2.471327 GB (defined as MaxRSS*Ntasks/NNodes)
CPU utilization: 1.8 %
  
