Defaulting to user installation because normal site-packages is not writeable
Requirement already satisfied: uproot in /raven/u/dvoss/.local/lib/python3.9/site-packages (5.3.10)
Requirement already satisfied: typing-extensions>=4.1.0 in /raven/u/dvoss/.local/lib/python3.9/site-packages (from uproot) (4.12.2)
Requirement already satisfied: packaging in /raven/u/system/soft/SLE_15/packages/x86_64/anaconda/3/2021.11/lib/python3.9/site-packages (from uproot) (21.0)
Requirement already satisfied: awkward>=2.4.6 in /raven/u/dvoss/.local/lib/python3.9/site-packages (from uproot) (2.6.6)
Requirement already satisfied: fsspec in /raven/u/dvoss/.local/lib/python3.9/site-packages (from uproot) (2024.6.1)
Requirement already satisfied: cramjam>=2.5.0 in /raven/u/dvoss/.local/lib/python3.9/site-packages (from uproot) (2.8.3)
Requirement already satisfied: numpy in /raven/u/dvoss/.local/lib/python3.9/site-packages (from uproot) (1.22.4)
Requirement already satisfied: importlib-metadata>=4.13.0 in /raven/u/dvoss/.local/lib/python3.9/site-packages (from awkward>=2.4.6->uproot) (8.0.0)
Requirement already satisfied: awkward-cpp==35 in /raven/u/dvoss/.local/lib/python3.9/site-packages (from awkward>=2.4.6->uproot) (35)
Requirement already satisfied: zipp>=0.5 in /raven/u/system/soft/SLE_15/packages/x86_64/anaconda/3/2021.11/lib/python3.9/site-packages (from importlib-metadata>=4.13.0->awkward>=2.4.6->uproot) (3.6.0)
Requirement already satisfied: pyparsing>=2.0.2 in /raven/u/system/soft/SLE_15/packages/x86_64/anaconda/3/2021.11/lib/python3.9/site-packages (from packaging->uproot) (3.0.4)
Defaulting to user installation because normal site-packages is not writeable
Collecting argparse
  Using cached argparse-1.4.0-py2.py3-none-any.whl (23 kB)
Installing collected packages: argparse
Successfully installed argparse-1.4.0
Defaulting to user installation because normal site-packages is not writeable
Requirement already satisfied: pyslha in /raven/u/dvoss/.local/lib/python3.9/site-packages (3.2.6)
Requirement already satisfied: tex2pix>=0.1.5 in /raven/u/dvoss/.local/lib/python3.9/site-packages (from pyslha) (0.3.1)
Defaulting to user installation because normal site-packages is not writeable
Requirement already satisfied: structlog in /raven/u/dvoss/.local/lib/python3.9/site-packages (24.4.0)
Defaulting to user installation because normal site-packages is not writeable
Requirement already satisfied: imageio[ffmpeg] in /raven/u/system/soft/SLE_15/packages/x86_64/anaconda/3/2021.11/lib/python3.9/site-packages (2.9.0)
Requirement already satisfied: Pillow in /raven/u/system/soft/SLE_15/packages/x86_64/anaconda/3/2021.11/lib/python3.9/site-packages (8.4.0)
Requirement already satisfied: numpy in /raven/u/dvoss/.local/lib/python3.9/site-packages (from imageio[ffmpeg]) (1.22.4)
Requirement already satisfied: imageio-ffmpeg in /raven/u/dvoss/.local/lib/python3.9/site-packages (from imageio[ffmpeg]) (0.5.1)
Requirement already satisfied: setuptools in /raven/u/system/soft/SLE_15/packages/x86_64/anaconda/3/2021.11/lib/python3.9/site-packages (from imageio-ffmpeg->imageio[ffmpeg]) (58.0.4)
Defaulting to user installation because normal site-packages is not writeable
Requirement already satisfied: seaborn in /raven/u/system/soft/SLE_15/packages/x86_64/anaconda/3/2021.11/lib/python3.9/site-packages (0.11.2)
Requirement already satisfied: numpy>=1.15 in /raven/u/dvoss/.local/lib/python3.9/site-packages (from seaborn) (1.22.4)
Requirement already satisfied: pandas>=0.23 in /raven/u/system/soft/SLE_15/packages/x86_64/anaconda/3/2021.11/lib/python3.9/site-packages (from seaborn) (1.3.4)
Requirement already satisfied: scipy>=1.0 in /raven/u/system/soft/SLE_15/packages/x86_64/anaconda/3/2021.11/lib/python3.9/site-packages (from seaborn) (1.7.1)
Requirement already satisfied: matplotlib>=2.2 in /raven/u/system/soft/SLE_15/packages/x86_64/anaconda/3/2021.11/lib/python3.9/site-packages (from seaborn) (3.4.3)
Requirement already satisfied: cycler>=0.10 in /raven/u/system/soft/SLE_15/packages/x86_64/anaconda/3/2021.11/lib/python3.9/site-packages (from matplotlib>=2.2->seaborn) (0.10.0)
Requirement already satisfied: pyparsing>=2.2.1 in /raven/u/system/soft/SLE_15/packages/x86_64/anaconda/3/2021.11/lib/python3.9/site-packages (from matplotlib>=2.2->seaborn) (3.0.4)
Requirement already satisfied: python-dateutil>=2.7 in /raven/u/system/soft/SLE_15/packages/x86_64/anaconda/3/2021.11/lib/python3.9/site-packages (from matplotlib>=2.2->seaborn) (2.8.2)
Requirement already satisfied: pillow>=6.2.0 in /raven/u/system/soft/SLE_15/packages/x86_64/anaconda/3/2021.11/lib/python3.9/site-packages (from matplotlib>=2.2->seaborn) (8.4.0)
Requirement already satisfied: kiwisolver>=1.0.1 in /raven/u/system/soft/SLE_15/packages/x86_64/anaconda/3/2021.11/lib/python3.9/site-packages (from matplotlib>=2.2->seaborn) (1.3.1)
Requirement already satisfied: six in /raven/u/system/soft/SLE_15/packages/x86_64/anaconda/3/2021.11/lib/python3.9/site-packages (from cycler>=0.10->matplotlib>=2.2->seaborn) (1.16.0)
Requirement already satisfied: pytz>=2017.3 in /raven/u/system/soft/SLE_15/packages/x86_64/anaconda/3/2021.11/lib/python3.9/site-packages (from pandas>=0.23->seaborn) (2021.3)
Defaulting to user installation because normal site-packages is not writeable
Defaulting to user installation because normal site-packages is not writeable
Defaulting to user installation because normal site-packages is not writeable
Requirement already satisfied: matplotlib in /raven/u/system/soft/SLE_15/packages/x86_64/anaconda/3/2021.11/lib/python3.9/site-packages (3.4.3)
Requirement already satisfied: pyparsing>=2.2.1 in /raven/u/system/soft/SLE_15/packages/x86_64/anaconda/3/2021.11/lib/python3.9/site-packages (from matplotlib) (3.0.4)
Requirement already satisfied: kiwisolver>=1.0.1 in /raven/u/system/soft/SLE_15/packages/x86_64/anaconda/3/2021.11/lib/python3.9/site-packages (from matplotlib) (1.3.1)
Requirement already satisfied: numpy>=1.16 in /raven/u/dvoss/.local/lib/python3.9/site-packages (from matplotlib) (1.22.4)
Requirement already satisfied: python-dateutil>=2.7 in /raven/u/system/soft/SLE_15/packages/x86_64/anaconda/3/2021.11/lib/python3.9/site-packages (from matplotlib) (2.8.2)
Requirement already satisfied: cycler>=0.10 in /raven/u/system/soft/SLE_15/packages/x86_64/anaconda/3/2021.11/lib/python3.9/site-packages (from matplotlib) (0.10.0)
Requirement already satisfied: pillow>=6.2.0 in /raven/u/system/soft/SLE_15/packages/x86_64/anaconda/3/2021.11/lib/python3.9/site-packages (from matplotlib) (8.4.0)
Requirement already satisfied: six in /raven/u/system/soft/SLE_15/packages/x86_64/anaconda/3/2021.11/lib/python3.9/site-packages (from cycler>=0.10->matplotlib) (1.16.0)
Defaulting to user installation because normal site-packages is not writeable
Requirement already satisfied: numpy in /raven/u/dvoss/.local/lib/python3.9/site-packages (1.22.4)
Defaulting to user installation because normal site-packages is not writeable
Requirement already satisfied: pandas in /raven/u/system/soft/SLE_15/packages/x86_64/anaconda/3/2021.11/lib/python3.9/site-packages (1.3.4)
Requirement already satisfied: python-dateutil>=2.7.3 in /raven/u/system/soft/SLE_15/packages/x86_64/anaconda/3/2021.11/lib/python3.9/site-packages (from pandas) (2.8.2)
Requirement already satisfied: pytz>=2017.3 in /raven/u/system/soft/SLE_15/packages/x86_64/anaconda/3/2021.11/lib/python3.9/site-packages (from pandas) (2021.3)
Requirement already satisfied: numpy>=1.17.3 in /raven/u/dvoss/.local/lib/python3.9/site-packages (from pandas) (1.22.4)
Requirement already satisfied: six>=1.5 in /raven/u/system/soft/SLE_15/packages/x86_64/anaconda/3/2021.11/lib/python3.9/site-packages (from python-dateutil>=2.7.3->pandas) (1.16.0)
Defaulting to user installation because normal site-packages is not writeable
Defaulting to user installation because normal site-packages is not writeable
Requirement already satisfied: linear_operator in /raven/u/dvoss/.local/lib/python3.9/site-packages (0.5.3)
Requirement already satisfied: scipy in /raven/u/system/soft/SLE_15/packages/x86_64/anaconda/3/2021.11/lib/python3.9/site-packages (from linear_operator) (1.7.1)
Requirement already satisfied: mpmath<=1.3,>=0.19 in /raven/u/system/soft/SLE_15/packages/x86_64/anaconda/3/2021.11/lib/python3.9/site-packages (from linear_operator) (1.2.1)
Requirement already satisfied: jaxtyping==0.2.19 in /raven/u/dvoss/.local/lib/python3.9/site-packages (from linear_operator) (0.2.19)
Collecting torch>=1.11
  Using cached torch-2.5.1-cp39-cp39-manylinux1_x86_64.whl (906.5 MB)
Requirement already satisfied: numpy>=1.20.0 in /raven/u/dvoss/.local/lib/python3.9/site-packages (from jaxtyping==0.2.19->linear_operator) (1.22.4)
Requirement already satisfied: typeguard>=2.13.3 in /raven/u/dvoss/.local/lib/python3.9/site-packages (from jaxtyping==0.2.19->linear_operator) (4.4.1)
Requirement already satisfied: typing-extensions>=3.7.4.1 in /raven/u/dvoss/.local/lib/python3.9/site-packages (from jaxtyping==0.2.19->linear_operator) (4.12.2)
Requirement already satisfied: nvidia-nccl-cu12==2.21.5 in /raven/u/dvoss/.local/lib/python3.9/site-packages (from torch>=1.11->linear_operator) (2.21.5)
Requirement already satisfied: nvidia-cuda-cupti-cu12==12.4.127 in /raven/u/dvoss/.local/lib/python3.9/site-packages (from torch>=1.11->linear_operator) (12.4.127)
Requirement already satisfied: jinja2 in /raven/u/system/soft/SLE_15/packages/x86_64/anaconda/3/2021.11/lib/python3.9/site-packages (from torch>=1.11->linear_operator) (2.11.3)
Requirement already satisfied: nvidia-cublas-cu12==12.4.5.8 in /raven/u/dvoss/.local/lib/python3.9/site-packages (from torch>=1.11->linear_operator) (12.4.5.8)
Requirement already satisfied: nvidia-cuda-nvrtc-cu12==12.4.127 in /raven/u/dvoss/.local/lib/python3.9/site-packages (from torch>=1.11->linear_operator) (12.4.127)
Requirement already satisfied: nvidia-cufft-cu12==11.2.1.3 in /raven/u/dvoss/.local/lib/python3.9/site-packages (from torch>=1.11->linear_operator) (11.2.1.3)
Requirement already satisfied: nvidia-cusolver-cu12==11.6.1.9 in /raven/u/dvoss/.local/lib/python3.9/site-packages (from torch>=1.11->linear_operator) (11.6.1.9)
Requirement already satisfied: sympy==1.13.1 in /raven/u/dvoss/.local/lib/python3.9/site-packages (from torch>=1.11->linear_operator) (1.13.1)
Requirement already satisfied: nvidia-cuda-runtime-cu12==12.4.127 in /raven/u/dvoss/.local/lib/python3.9/site-packages (from torch>=1.11->linear_operator) (12.4.127)
Requirement already satisfied: nvidia-curand-cu12==10.3.5.147 in /raven/u/dvoss/.local/lib/python3.9/site-packages (from torch>=1.11->linear_operator) (10.3.5.147)
Requirement already satisfied: nvidia-nvjitlink-cu12==12.4.127 in /raven/u/dvoss/.local/lib/python3.9/site-packages (from torch>=1.11->linear_operator) (12.4.127)
Requirement already satisfied: triton==3.1.0 in /raven/u/dvoss/.local/lib/python3.9/site-packages (from torch>=1.11->linear_operator) (3.1.0)
Requirement already satisfied: nvidia-cusparse-cu12==12.3.1.170 in /raven/u/dvoss/.local/lib/python3.9/site-packages (from torch>=1.11->linear_operator) (12.3.1.170)
Requirement already satisfied: nvidia-cudnn-cu12==9.1.0.70 in /raven/u/dvoss/.local/lib/python3.9/site-packages (from torch>=1.11->linear_operator) (9.1.0.70)
Requirement already satisfied: filelock in /raven/u/system/soft/SLE_15/packages/x86_64/anaconda/3/2021.11/lib/python3.9/site-packages (from torch>=1.11->linear_operator) (3.3.1)
Requirement already satisfied: networkx in /raven/u/system/soft/SLE_15/packages/x86_64/anaconda/3/2021.11/lib/python3.9/site-packages (from torch>=1.11->linear_operator) (2.6.3)
Requirement already satisfied: nvidia-nvtx-cu12==12.4.127 in /raven/u/dvoss/.local/lib/python3.9/site-packages (from torch>=1.11->linear_operator) (12.4.127)
Requirement already satisfied: fsspec in /raven/u/dvoss/.local/lib/python3.9/site-packages (from torch>=1.11->linear_operator) (2024.6.1)
Requirement already satisfied: importlib-metadata>=3.6 in /raven/u/dvoss/.local/lib/python3.9/site-packages (from typeguard>=2.13.3->jaxtyping==0.2.19->linear_operator) (8.0.0)
Requirement already satisfied: zipp>=0.5 in /raven/u/system/soft/SLE_15/packages/x86_64/anaconda/3/2021.11/lib/python3.9/site-packages (from importlib-metadata>=3.6->typeguard>=2.13.3->jaxtyping==0.2.19->linear_operator) (3.6.0)
Requirement already satisfied: MarkupSafe>=0.23 in /raven/u/system/soft/SLE_15/packages/x86_64/anaconda/3/2021.11/lib/python3.9/site-packages (from jinja2->torch>=1.11->linear_operator) (1.1.1)
Installing collected packages: torch
Successfully installed torch-2.5.1
Defaulting to user installation because normal site-packages is not writeable
Starting iteration 1
Starting Iteration 1 with Active Learning
Initial Training Points:
X Train: tensor([[0.5311, 0.3171]], device='cuda:0'), Shape: torch.Size([1, 2])
Y Train: tensor([2.4545], device='cuda:0'), Shape: torch.Size([1])
These training_points are used in the GP tensor([[0.5311, 0.3171]], device='cuda:0')
Iter 1 / 1000 - Loss (Train): 1.761 - Loss (Val): 1.185
Iter 101 / 1000 - Loss (Train): 1.075 - Loss (Val): 0.795
Iter 201 / 1000 - Loss (Train): 1.006 - Loss (Val): 0.426
Iter 301 / 1000 - Loss (Train): 0.980 - Loss (Val): 0.187
Iter 401 / 1000 - Loss (Train): 0.968 - Loss (Val): 0.001
Iter 501 / 1000 - Loss (Train): 0.961 - Loss (Val): -0.146
Iter 601 / 1000 - Loss (Train): 0.957 - Loss (Val): -0.284
Iter 701 / 1000 - Loss (Train): 0.954 - Loss (Val): -0.391
Iter 801 / 1000 - Loss (Train): 0.952 - Loss (Val): -0.465
Iter 901 / 1000 - Loss (Train): 0.951 - Loss (Val): 19.138
best model parameters:  OrderedDict([('likelihood.noise_covar.raw_noise', tensor([-4.4515], device='cuda:0')), ('likelihood.noise_covar.raw_noise_constraint.lower_bound', tensor(1.0000e-04, device='cuda:0')), ('likelihood.noise_covar.raw_noise_constraint.upper_bound', tensor(inf, device='cuda:0')), ('mean_module.weights', tensor([[0.8411],
        [0.8411]], device='cuda:0')), ('mean_module.bias', tensor([1.7411], device='cuda:0')), ('covar_module.raw_lengthscale', tensor([[-5.2958]], device='cuda:0')), ('covar_module.raw_lengthscale_constraint.lower_bound', tensor(0.1000, device='cuda:0')), ('covar_module.raw_lengthscale_constraint.upper_bound', tensor(inf, device='cuda:0')), ('task_covar_module.covar_factor', tensor([[0.3367]], device='cuda:0')), ('task_covar_module.raw_var', tensor([0.1288], device='cuda:0')), ('task_covar_module.IndexKernelPrior.a', tensor([0.], device='cuda:0')), ('task_covar_module.IndexKernelPrior.b', tensor([1.], device='cuda:0')), ('task_covar_module.IndexKernelPrior.sigma', tensor([0.0100], device='cuda:0')), ('task_covar_module.IndexKernelPrior.tails.loc', tensor([0.], device='cuda:0')), ('task_covar_module.IndexKernelPrior.tails.scale', tensor([0.0100], device='cuda:0')), ('task_covar_module.raw_var_constraint.lower_bound', tensor(0., device='cuda:0')), ('task_covar_module.raw_var_constraint.upper_bound', tensor(inf, device='cuda:0'))])
Plot saved to /raven/u/dvoss/al_pmssmwithgp/model/plots/plots_two_circles/Iter1/loss_plot_two_circles2D_raven.png
Likelihood MultivariateNormal(loc: torch.Size([2025]))
Mean:  tensor([[1.7411],
        [1.7602],
        [1.7793],
        ...,
        [3.3850],
        [3.4041],
        [3.4232]], device='cuda:0')
Variance:  tensor([[1.0117],
        [1.0117],
        [1.0117],
        ...,
        [1.0117],
        [1.0117],
        [1.0117]], device='cuda:0')
Entropy:  tensor([0.6737, 0.9016, 0.8757,  ..., 0.8754, 0.5927, 0.3472], device='cuda:0')
Selected points (indices): {1953, 713, 1582, 1042, 466, 1337}
Selected new x values (normalized): tensor([[0.8067, 0.9286],
        [0.8326, 0.6663],
        [0.9914, 0.4627],
        [0.5179, 0.9786],
        [0.9530, 0.5214],
        [0.6803, 0.7978]], device='cuda:0')
The shape of the input_data is: torch.Size([2025, 2])
The shape of the mean is: torch.Size([2025])
Shapes of TP, FP, FN, TN: 58, 218, 388, 1361
self.x_train shape: torch.Size([1, 2])
additional_x_train shape: torch.Size([6, 2])
additional_x_train: tensor([[0.8067, 0.9286],
        [0.8326, 0.6663],
        [0.9914, 0.4627],
        [0.5179, 0.9786],
        [0.9530, 0.5214],
        [0.6803, 0.7978]], device='cuda:0')
Training points after adding:  tensor([[0.6803, 0.7978],
        [0.5311, 0.3171],
        [0.9914, 0.4627],
        [0.9530, 0.5214],
        [0.8326, 0.6663],
        [0.5179, 0.9786],
        [0.8067, 0.9286]], device='cuda:0') torch.Size([7, 2])
Iteration 1 completed. Output saved to /raven/u/dvoss/al_pmssmwithgp/model/plots/plots_two_circles/Iter1
Completed iteration 1
Starting iteration 2
Starting Iteration 2 with Active Learning
Initial Training Points:
X Train: tensor([[0.6777, 0.7404]], device='cuda:0'), Shape: torch.Size([1, 2])
Y Train: tensor([5.1394], device='cuda:0'), Shape: torch.Size([1])
These training_points are used in the GP tensor([[0.6803, 0.7978],
        [0.5311, 0.3171],
        [0.9914, 0.4627],
        [0.9530, 0.5214],
        [0.8326, 0.6663],
        [0.5179, 0.9786],
        [0.8067, 0.9286]], device='cuda:0')
Iter 1 / 1000 - Loss (Train): 2.000 - Loss (Val): 1.178
Iter 101 / 1000 - Loss (Train): 1.749 - Loss (Val): 1.254
Iter 201 / 1000 - Loss (Train): 1.745 - Loss (Val): 1.226
Iter 301 / 1000 - Loss (Train): 1.740 - Loss (Val): 1.221
Iter 401 / 1000 - Loss (Train): 1.736 - Loss (Val): 1.209
Iter 501 / 1000 - Loss (Train): 1.731 - Loss (Val): 1.199
Iter 601 / 1000 - Loss (Train): 1.727 - Loss (Val): 1.189
Iter 701 / 1000 - Loss (Train): 1.724 - Loss (Val): 1.186
Iter 801 / 1000 - Loss (Train): 1.722 - Loss (Val): 1.177
Iter 901 / 1000 - Loss (Train): 1.720 - Loss (Val): 1.172
best model parameters:  OrderedDict([('likelihood.noise_covar.raw_noise', tensor([-0.0679], device='cuda:0')), ('likelihood.noise_covar.raw_noise_constraint.lower_bound', tensor(1.0000e-04, device='cuda:0')), ('likelihood.noise_covar.raw_noise_constraint.upper_bound', tensor(inf, device='cuda:0')), ('mean_module.weights', tensor([[-0.8876],
        [ 0.0255]], device='cuda:0')), ('mean_module.bias', tensor([2.8252], device='cuda:0')), ('covar_module.raw_lengthscale', tensor([[-6.9566]], device='cuda:0')), ('covar_module.raw_lengthscale_constraint.lower_bound', tensor(0.1000, device='cuda:0')), ('covar_module.raw_lengthscale_constraint.upper_bound', tensor(inf, device='cuda:0')), ('task_covar_module.covar_factor', tensor([[0.3367]], device='cuda:0')), ('task_covar_module.raw_var', tensor([0.1288], device='cuda:0')), ('task_covar_module.IndexKernelPrior.a', tensor([0.], device='cuda:0')), ('task_covar_module.IndexKernelPrior.b', tensor([1.], device='cuda:0')), ('task_covar_module.IndexKernelPrior.sigma', tensor([0.0100], device='cuda:0')), ('task_covar_module.IndexKernelPrior.tails.loc', tensor([0.], device='cuda:0')), ('task_covar_module.IndexKernelPrior.tails.scale', tensor([0.0100], device='cuda:0')), ('task_covar_module.raw_var_constraint.lower_bound', tensor(0., device='cuda:0')), ('task_covar_module.raw_var_constraint.upper_bound', tensor(inf, device='cuda:0'))])
Plot saved to /raven/u/dvoss/al_pmssmwithgp/model/plots/plots_two_circles/Iter2/loss_plot_two_circles2D_raven.png
Likelihood MultivariateNormal(loc: torch.Size([2025]))
Mean:  tensor([[2.8252],
        [2.8050],
        [2.7849],
        ...,
        [1.9166],
        [1.9217],
        [1.9217]], device='cuda:0')
Variance:  tensor([[1.6599],
        [1.6599],
        [1.6599],
        ...,
        [1.6165],
        [1.6385],
        [1.6504]], device='cuda:0')
Entropy:  tensor([0.7780, 0.8360, 0.7344,  ..., 0.8375, 0.8431, 0.6986], device='cuda:0')
Selected points (indices): {1512, 429, 1935, 1334, 252, 925}
Selected new x values (normalized): tensor([[0.8659, 0.6464],
        [0.8212, 0.7972],
        [0.6305, 0.8522],
        [0.6141, 0.6789],
        [0.7221, 0.6276],
        [0.5662, 0.7807]], device='cuda:0')
The shape of the input_data is: torch.Size([2025, 2])
The shape of the mean is: torch.Size([2025])
Shapes of TP, FP, FN, TN: 105, 0, 341, 1579
self.x_train shape: torch.Size([7, 2])
additional_x_train shape: torch.Size([6, 2])
additional_x_train: tensor([[0.8659, 0.6464],
        [0.8212, 0.7972],
        [0.6305, 0.8522],
        [0.6141, 0.6789],
        [0.7221, 0.6276],
        [0.5662, 0.7807]], device='cuda:0')
Training points after adding:  tensor([[0.5311, 0.3171],
        [0.6803, 0.7978],
        [0.8212, 0.7972],
        [0.5179, 0.9786],
        [0.7221, 0.6276],
        [0.9530, 0.5214],
        [0.8326, 0.6663],
        [0.8067, 0.9286],
        [0.9914, 0.4627],
        [0.5662, 0.7807],
        [0.8659, 0.6464],
        [0.6141, 0.6789],
        [0.6305, 0.8522]], device='cuda:0') torch.Size([13, 2])
Iteration 2 completed. Output saved to /raven/u/dvoss/al_pmssmwithgp/model/plots/plots_two_circles/Iter2
Completed iteration 2
Starting iteration 3
Starting Iteration 3 with Active Learning
Initial Training Points:
X Train: tensor([[0.9139, 0.2282]], device='cuda:0'), Shape: torch.Size([1, 2])
Y Train: tensor([0.0697], device='cuda:0'), Shape: torch.Size([1])
These training_points are used in the GP tensor([[0.5311, 0.3171],
        [0.6803, 0.7978],
        [0.8212, 0.7972],
        [0.5179, 0.9786],
        [0.7221, 0.6276],
        [0.9530, 0.5214],
        [0.8326, 0.6663],
        [0.8067, 0.9286],
        [0.9914, 0.4627],
        [0.5662, 0.7807],
        [0.8659, 0.6464],
        [0.6141, 0.6789],
        [0.6305, 0.8522]], device='cuda:0')
Iter 1 / 1000 - Loss (Train): 1.887 - Loss (Val): 1.167
Iter 101 / 1000 - Loss (Train): 1.460 - Loss (Val): 0.789
Iter 201 / 1000 - Loss (Train): 1.263 - Loss (Val): 0.291
Iter 301 / 1000 - Loss (Train): 1.102 - Loss (Val): -0.262
Iter 401 / 1000 - Loss (Train): 0.989 - Loss (Val): -0.728
Iter 501 / 1000 - Loss (Train): 0.912 - Loss (Val): -1.001
Iter 601 / 1000 - Loss (Train): 0.868 - Loss (Val): 2.618
Iter 701 / 1000 - Loss (Train): 0.827 - Loss (Val): -0.467
Iter 801 / 1000 - Loss (Train): 0.806 - Loss (Val): 52.972
Iter 901 / 1000 - Loss (Train): 0.784 - Loss (Val): 3.552
best model parameters:  OrderedDict([('likelihood.noise_covar.raw_noise', tensor([-7.3796], device='cuda:0')), ('likelihood.noise_covar.raw_noise_constraint.lower_bound', tensor(1.0000e-04, device='cuda:0')), ('likelihood.noise_covar.raw_noise_constraint.upper_bound', tensor(inf, device='cuda:0')), ('mean_module.weights', tensor([[-1.6358],
        [-1.2115]], device='cuda:0')), ('mean_module.bias', tensor([3.5260], device='cuda:0')), ('covar_module.raw_lengthscale', tensor([[-2.3777]], device='cuda:0')), ('covar_module.raw_lengthscale_constraint.lower_bound', tensor(0.1000, device='cuda:0')), ('covar_module.raw_lengthscale_constraint.upper_bound', tensor(inf, device='cuda:0')), ('task_covar_module.covar_factor', tensor([[0.3367]], device='cuda:0')), ('task_covar_module.raw_var', tensor([0.1288], device='cuda:0')), ('task_covar_module.IndexKernelPrior.a', tensor([0.], device='cuda:0')), ('task_covar_module.IndexKernelPrior.b', tensor([1.], device='cuda:0')), ('task_covar_module.IndexKernelPrior.sigma', tensor([0.0100], device='cuda:0')), ('task_covar_module.IndexKernelPrior.tails.loc', tensor([0.], device='cuda:0')), ('task_covar_module.IndexKernelPrior.tails.scale', tensor([0.0100], device='cuda:0')), ('task_covar_module.raw_var_constraint.lower_bound', tensor(0., device='cuda:0')), ('task_covar_module.raw_var_constraint.upper_bound', tensor(inf, device='cuda:0'))])
Plot saved to /raven/u/dvoss/al_pmssmwithgp/model/plots/plots_two_circles/Iter3/loss_plot_two_circles2D_raven.png
Likelihood MultivariateNormal(loc: torch.Size([2025]))
Mean:  tensor([[3.5262],
        [3.4891],
        [3.4521],
        ...,
        [0.2923],
        [0.2280],
        [0.1805]], device='cuda:0')
Variance:  tensor([[1.0007],
        [1.0007],
        [1.0006],
        ...,
        [0.3595],
        [0.4527],
        [0.5465]], device='cuda:0')
Entropy:  tensor([0.5173, 0.0012, 0.0115,  ..., 0.9552, 0.9559, 0.1172], device='cuda:0')
Selected points (indices): {1794, 1095, 466, 506, 700, 1213}
Selected new x values (normalized): tensor([[7.3014e-01, 4.7845e-01],
        [3.2057e-01, 2.3478e-04],
        [5.0061e-01, 5.1828e-01],
        [1.3843e-02, 4.1347e-01],
        [2.0196e-01, 1.3737e-01],
        [9.3365e-03, 6.3759e-01]], device='cuda:0')
The shape of the input_data is: torch.Size([2025, 2])
The shape of the mean is: torch.Size([2025])
Shapes of TP, FP, FN, TN: 230, 195, 216, 1384
self.x_train shape: torch.Size([13, 2])
additional_x_train shape: torch.Size([6, 2])
additional_x_train: tensor([[7.3014e-01, 4.7845e-01],
        [3.2057e-01, 2.3478e-04],
        [5.0061e-01, 5.1828e-01],
        [1.3843e-02, 4.1347e-01],
        [2.0196e-01, 1.3737e-01],
        [9.3365e-03, 6.3759e-01]], device='cuda:0')
Training points after adding:  tensor([[9.5304e-01, 5.2143e-01],
        [9.3365e-03, 6.3759e-01],
        [7.3014e-01, 4.7845e-01],
        [6.3049e-01, 8.5217e-01],
        [6.8029e-01, 7.9776e-01],
        [5.0061e-01, 5.1828e-01],
        [8.6591e-01, 6.4643e-01],
        [8.3259e-01, 6.6630e-01],
        [9.9142e-01, 4.6271e-01],
        [5.1788e-01, 9.7863e-01],
        [2.0196e-01, 1.3737e-01],
        [3.2057e-01, 2.3478e-04],
        [7.2209e-01, 6.2764e-01],
        [6.1412e-01, 6.7887e-01],
        [8.0668e-01, 9.2856e-01],
        [5.3108e-01, 3.1712e-01],
        [5.6622e-01, 7.8066e-01],
        [8.2119e-01, 7.9720e-01],
        [1.3843e-02, 4.1347e-01]], device='cuda:0') torch.Size([19, 2])
Iteration 3 completed. Output saved to /raven/u/dvoss/al_pmssmwithgp/model/plots/plots_two_circles/Iter3
Completed iteration 3
Starting iteration 4
Starting Iteration 4 with Active Learning
Initial Training Points:
X Train: tensor([[0.1202, 0.8771]], device='cuda:0'), Shape: torch.Size([1, 2])
Y Train: tensor([0.0236], device='cuda:0'), Shape: torch.Size([1])
These training_points are used in the GP tensor([[9.5304e-01, 5.2143e-01],
        [9.3365e-03, 6.3759e-01],
        [7.3014e-01, 4.7845e-01],
        [6.3049e-01, 8.5217e-01],
        [6.8029e-01, 7.9776e-01],
        [5.0061e-01, 5.1828e-01],
        [8.6591e-01, 6.4643e-01],
        [8.3259e-01, 6.6630e-01],
        [9.9142e-01, 4.6271e-01],
        [5.1788e-01, 9.7863e-01],
        [2.0196e-01, 1.3737e-01],
        [3.2057e-01, 2.3478e-04],
        [7.2209e-01, 6.2764e-01],
        [6.1412e-01, 6.7887e-01],
        [8.0668e-01, 9.2856e-01],
        [5.3108e-01, 3.1712e-01],
        [5.6622e-01, 7.8066e-01],
        [8.2119e-01, 7.9720e-01],
        [1.3843e-02, 4.1347e-01]], device='cuda:0')
Iter 1 / 1000 - Loss (Train): 1.759 - Loss (Val): 1.163
Iter 101 / 1000 - Loss (Train): 1.434 - Loss (Val): 0.794
Iter 201 / 1000 - Loss (Train): 1.278 - Loss (Val): 0.325
Iter 301 / 1000 - Loss (Train): 1.174 - Loss (Val): -0.170
Iter 401 / 1000 - Loss (Train): 1.107 - Loss (Val): -0.591
Iter 501 / 1000 - Loss (Train): 1.059 - Loss (Val): -0.943
Iter 601 / 1000 - Loss (Train): 1.029 - Loss (Val): 1.756
Iter 701 / 1000 - Loss (Train): 1.007 - Loss (Val): 0.063
Iter 801 / 1000 - Loss (Train): 0.991 - Loss (Val): 18.424
Iter 901 / 1000 - Loss (Train): 0.982 - Loss (Val): -2.284
best model parameters:  OrderedDict([('likelihood.noise_covar.raw_noise', tensor([-7.2845], device='cuda:0')), ('likelihood.noise_covar.raw_noise_constraint.lower_bound', tensor(1.0000e-04, device='cuda:0')), ('likelihood.noise_covar.raw_noise_constraint.upper_bound', tensor(inf, device='cuda:0')), ('mean_module.weights', tensor([[-0.0523],
        [-0.5819]], device='cuda:0')), ('mean_module.bias', tensor([1.7228], device='cuda:0')), ('covar_module.raw_lengthscale', tensor([[-2.4291]], device='cuda:0')), ('covar_module.raw_lengthscale_constraint.lower_bound', tensor(0.1000, device='cuda:0')), ('covar_module.raw_lengthscale_constraint.upper_bound', tensor(inf, device='cuda:0')), ('task_covar_module.covar_factor', tensor([[0.3367]], device='cuda:0')), ('task_covar_module.raw_var', tensor([0.1288], device='cuda:0')), ('task_covar_module.IndexKernelPrior.a', tensor([0.], device='cuda:0')), ('task_covar_module.IndexKernelPrior.b', tensor([1.], device='cuda:0')), ('task_covar_module.IndexKernelPrior.sigma', tensor([0.0100], device='cuda:0')), ('task_covar_module.IndexKernelPrior.tails.loc', tensor([0.], device='cuda:0')), ('task_covar_module.IndexKernelPrior.tails.scale', tensor([0.0100], device='cuda:0')), ('task_covar_module.raw_var_constraint.lower_bound', tensor(0., device='cuda:0')), ('task_covar_module.raw_var_constraint.upper_bound', tensor(inf, device='cuda:0'))])
Plot saved to /raven/u/dvoss/al_pmssmwithgp/model/plots/plots_two_circles/Iter4/loss_plot_two_circles2D_raven.png
Likelihood MultivariateNormal(loc: torch.Size([2025]))
Mean:  tensor([[2.2747],
        [2.3060],
        [2.3243],
        ...,
        [0.6344],
        [0.6216],
        [0.6215]], device='cuda:0')
Variance:  tensor([[0.8220],
        [0.7729],
        [0.7153],
        ...,
        [0.3778],
        [0.4742],
        [0.5649]], device='cuda:0')
Entropy:  tensor([0.1185, 0.1113, 0.0067,  ..., 0.0455, 0.0127, 0.0896], device='cuda:0')
Selected points (indices): {1536, 450, 1381, 1803, 1623, 1883}
Selected new x values (normalized): tensor([[0.1536, 0.2381],
        [0.4927, 0.6595],
        [0.1077, 0.1742],
        [0.6146, 0.4901],
        [0.0821, 0.0878],
        [0.2891, 0.2452]], device='cuda:0')
The shape of the input_data is: torch.Size([2025, 2])
The shape of the mean is: torch.Size([2025])
Shapes of TP, FP, FN, TN: 244, 21, 202, 1558
self.x_train shape: torch.Size([19, 2])
additional_x_train shape: torch.Size([6, 2])
additional_x_train: tensor([[0.1536, 0.2381],
        [0.4927, 0.6595],
        [0.1077, 0.1742],
        [0.6146, 0.4901],
        [0.0821, 0.0878],
        [0.2891, 0.2452]], device='cuda:0')
Training points after adding:  tensor([[7.3014e-01, 4.7845e-01],
        [9.5304e-01, 5.2143e-01],
        [2.8911e-01, 2.4522e-01],
        [1.0770e-01, 1.7415e-01],
        [6.3049e-01, 8.5217e-01],
        [6.8029e-01, 7.9776e-01],
        [8.6591e-01, 6.4643e-01],
        [9.3365e-03, 6.3759e-01],
        [8.3259e-01, 6.6630e-01],
        [2.0196e-01, 1.3737e-01],
        [6.1465e-01, 4.9013e-01],
        [9.9142e-01, 4.6271e-01],
        [4.9269e-01, 6.5949e-01],
        [8.2099e-02, 8.7792e-02],
        [5.1788e-01, 9.7863e-01],
        [5.0061e-01, 5.1828e-01],
        [7.2209e-01, 6.2764e-01],
        [6.1412e-01, 6.7887e-01],
        [8.0668e-01, 9.2856e-01],
        [1.3843e-02, 4.1347e-01],
        [5.3108e-01, 3.1712e-01],
        [5.6622e-01, 7.8066e-01],
        [1.5365e-01, 2.3811e-01],
        [8.2119e-01, 7.9720e-01],
        [3.2057e-01, 2.3478e-04]], device='cuda:0') torch.Size([25, 2])
Iteration 4 completed. Output saved to /raven/u/dvoss/al_pmssmwithgp/model/plots/plots_two_circles/Iter4
Completed iteration 4
Starting iteration 5
                                  
================================= 
Global information about the job: 
================================= 
  
Job owner: dvoss(54815)
Job name:  al_gp_iter
Node list: ravg1154
Job start: Sun Jan 19 18:02:26 CET 2025
Job end:   Sun Jan 19 18:32:51 CET 2025
Work dir:  /raven/u/dvoss/al_pmssmwithgp/model
Command:   /raven/u/dvoss/al_pmssmwithgp/model/slurm/single_job_two_circles_iteration.sbatch
  
  
  
==========================================================================================
Information on jobsteps (Note: MaxRSS/AveRSS is the maximum/average over all 
tasks of the per-task memory high-water marks; cf. "man sacct"): 
==========================================================================================
  
JobID            JobName NNodes NTasks  NCPUS       MaxRSS       AveRSS    Elapsed ExitCode
------------- ---------- ------ ------ ------ ------------ ------------ ---------- --------
15126100      al_gp_iter      1             4                             00:30:25      0:0
15126100.0    job_two_ci      1      1      4     2517.37M     2517.37M   00:28:49     0:15
  
Maximum memory per node: 2.639649 GB (defined as MaxRSS*Ntasks/NNodes)
CPU utilization: 43.8 %
  
