Defaulting to user installation because normal site-packages is not writeable
Requirement already satisfied: uproot in /raven/u/dvoss/.local/lib/python3.9/site-packages (5.3.10)
Requirement already satisfied: numpy in /raven/u/dvoss/.local/lib/python3.9/site-packages (from uproot) (1.22.4)
Requirement already satisfied: packaging in /raven/u/system/soft/SLE_15/packages/x86_64/anaconda/3/2021.11/lib/python3.9/site-packages (from uproot) (21.0)
Requirement already satisfied: cramjam>=2.5.0 in /raven/u/dvoss/.local/lib/python3.9/site-packages (from uproot) (2.8.3)
Requirement already satisfied: awkward>=2.4.6 in /raven/u/dvoss/.local/lib/python3.9/site-packages (from uproot) (2.6.6)
Requirement already satisfied: typing-extensions>=4.1.0 in /raven/u/dvoss/.local/lib/python3.9/site-packages (from uproot) (4.12.2)
Requirement already satisfied: fsspec in /raven/u/dvoss/.local/lib/python3.9/site-packages (from uproot) (2024.6.1)
Requirement already satisfied: awkward-cpp==35 in /raven/u/dvoss/.local/lib/python3.9/site-packages (from awkward>=2.4.6->uproot) (35)
Requirement already satisfied: importlib-metadata>=4.13.0 in /raven/u/dvoss/.local/lib/python3.9/site-packages (from awkward>=2.4.6->uproot) (8.0.0)
Requirement already satisfied: zipp>=0.5 in /raven/u/system/soft/SLE_15/packages/x86_64/anaconda/3/2021.11/lib/python3.9/site-packages (from importlib-metadata>=4.13.0->awkward>=2.4.6->uproot) (3.6.0)
Requirement already satisfied: pyparsing>=2.0.2 in /raven/u/system/soft/SLE_15/packages/x86_64/anaconda/3/2021.11/lib/python3.9/site-packages (from packaging->uproot) (3.0.4)
Defaulting to user installation because normal site-packages is not writeable
Collecting argparse
  Using cached argparse-1.4.0-py2.py3-none-any.whl (23 kB)
Installing collected packages: argparse
Successfully installed argparse-1.4.0
Defaulting to user installation because normal site-packages is not writeable
Requirement already satisfied: pyslha in /raven/u/dvoss/.local/lib/python3.9/site-packages (3.2.6)
Requirement already satisfied: tex2pix>=0.1.5 in /raven/u/dvoss/.local/lib/python3.9/site-packages (from pyslha) (0.3.1)
Defaulting to user installation because normal site-packages is not writeable
Requirement already satisfied: structlog in /raven/u/dvoss/.local/lib/python3.9/site-packages (24.4.0)
Defaulting to user installation because normal site-packages is not writeable
Requirement already satisfied: imageio[ffmpeg] in /raven/u/system/soft/SLE_15/packages/x86_64/anaconda/3/2021.11/lib/python3.9/site-packages (2.9.0)
Requirement already satisfied: Pillow in /raven/u/system/soft/SLE_15/packages/x86_64/anaconda/3/2021.11/lib/python3.9/site-packages (8.4.0)
Requirement already satisfied: numpy in /raven/u/dvoss/.local/lib/python3.9/site-packages (from imageio[ffmpeg]) (1.22.4)
Requirement already satisfied: imageio-ffmpeg in /raven/u/dvoss/.local/lib/python3.9/site-packages (from imageio[ffmpeg]) (0.5.1)
Requirement already satisfied: setuptools in /raven/u/system/soft/SLE_15/packages/x86_64/anaconda/3/2021.11/lib/python3.9/site-packages (from imageio-ffmpeg->imageio[ffmpeg]) (58.0.4)
Defaulting to user installation because normal site-packages is not writeable
Requirement already satisfied: seaborn in /raven/u/system/soft/SLE_15/packages/x86_64/anaconda/3/2021.11/lib/python3.9/site-packages (0.11.2)
Requirement already satisfied: numpy>=1.15 in /raven/u/dvoss/.local/lib/python3.9/site-packages (from seaborn) (1.22.4)
Requirement already satisfied: scipy>=1.0 in /raven/u/system/soft/SLE_15/packages/x86_64/anaconda/3/2021.11/lib/python3.9/site-packages (from seaborn) (1.7.1)
Requirement already satisfied: pandas>=0.23 in /raven/u/system/soft/SLE_15/packages/x86_64/anaconda/3/2021.11/lib/python3.9/site-packages (from seaborn) (1.3.4)
Requirement already satisfied: matplotlib>=2.2 in /raven/u/system/soft/SLE_15/packages/x86_64/anaconda/3/2021.11/lib/python3.9/site-packages (from seaborn) (3.4.3)
Requirement already satisfied: cycler>=0.10 in /raven/u/system/soft/SLE_15/packages/x86_64/anaconda/3/2021.11/lib/python3.9/site-packages (from matplotlib>=2.2->seaborn) (0.10.0)
Requirement already satisfied: pillow>=6.2.0 in /raven/u/system/soft/SLE_15/packages/x86_64/anaconda/3/2021.11/lib/python3.9/site-packages (from matplotlib>=2.2->seaborn) (8.4.0)
Requirement already satisfied: pyparsing>=2.2.1 in /raven/u/system/soft/SLE_15/packages/x86_64/anaconda/3/2021.11/lib/python3.9/site-packages (from matplotlib>=2.2->seaborn) (3.0.4)
Requirement already satisfied: kiwisolver>=1.0.1 in /raven/u/system/soft/SLE_15/packages/x86_64/anaconda/3/2021.11/lib/python3.9/site-packages (from matplotlib>=2.2->seaborn) (1.3.1)
Requirement already satisfied: python-dateutil>=2.7 in /raven/u/system/soft/SLE_15/packages/x86_64/anaconda/3/2021.11/lib/python3.9/site-packages (from matplotlib>=2.2->seaborn) (2.8.2)
Requirement already satisfied: six in /raven/u/system/soft/SLE_15/packages/x86_64/anaconda/3/2021.11/lib/python3.9/site-packages (from cycler>=0.10->matplotlib>=2.2->seaborn) (1.16.0)
Requirement already satisfied: pytz>=2017.3 in /raven/u/system/soft/SLE_15/packages/x86_64/anaconda/3/2021.11/lib/python3.9/site-packages (from pandas>=0.23->seaborn) (2021.3)
Defaulting to user installation because normal site-packages is not writeable
Defaulting to user installation because normal site-packages is not writeable
Starting iteration 1
Device:  cuda
Initial Training points:  tensor([[0.4521, 0.8867, 0.3550],
        [0.6271, 0.1286, 0.7500],
        [0.5642, 0.3533, 0.7394],
        ...,
        [0.8854, 0.0932, 0.7190],
        [0.4942, 0.9012, 0.5362],
        [0.1558, 0.8367, 0.7121]], device='cuda:0') torch.Size([7000, 3])
Validation points:  tensor([[0.9013, 0.6742, 0.2109],
        [0.6934, 0.7633, 0.8531],
        [0.1945, 0.1826, 0.7804],
        ...,
        [0.8005, 0.7685, 0.1139],
        [0.5829, 0.4044, 0.3318],
        [0.2657, 0.7377, 0.7289]], device='cuda:0') torch.Size([2000, 3])
All points:  tensor([[0.4521, 0.8867, 0.3550],
        [0.6271, 0.1286, 0.7500],
        [0.5642, 0.3533, 0.7394],
        ...,
        [0.8656, 0.1697, 0.6655],
        [0.8162, 0.9109, 0.8260],
        [0.7031, 0.8055, 0.5422]], device='cuda:0') torch.Size([12280, 3])
These training_points are used in the GP tensor([[0.4521, 0.8867, 0.3550],
        [0.6271, 0.1286, 0.7500],
        [0.5642, 0.3533, 0.7394],
        ...,
        [0.8854, 0.0932, 0.7190],
        [0.4942, 0.9012, 0.5362],
        [0.1558, 0.8367, 0.7121]], device='cuda:0')
Iteration 0: x_train shape: torch.Size([7000, 3]), y_train shape: torch.Size([7000])
Output mean shape: torch.Size([7000])
Iter 1 / 1000 - Loss (Train): 0.812 - Loss (Val): 1.113
Iteration 1: x_train shape: torch.Size([7000, 3]), y_train shape: torch.Size([7000])
Output mean shape: torch.Size([7000])
Iteration 2: x_train shape: torch.Size([7000, 3]), y_train shape: torch.Size([7000])
Output mean shape: torch.Size([7000])
Iteration 3: x_train shape: torch.Size([7000, 3]), y_train shape: torch.Size([7000])
Output mean shape: torch.Size([7000])
Iteration 4: x_train shape: torch.Size([7000, 3]), y_train shape: torch.Size([7000])
Output mean shape: torch.Size([7000])
Iteration 5: x_train shape: torch.Size([7000, 3]), y_train shape: torch.Size([7000])
Output mean shape: torch.Size([7000])
Iteration 6: x_train shape: torch.Size([7000, 3]), y_train shape: torch.Size([7000])
Output mean shape: torch.Size([7000])
Iteration 7: x_train shape: torch.Size([7000, 3]), y_train shape: torch.Size([7000])
Output mean shape: torch.Size([7000])
Iteration 8: x_train shape: torch.Size([7000, 3]), y_train shape: torch.Size([7000])
Output mean shape: torch.Size([7000])
Iteration 9: x_train shape: torch.Size([7000, 3]), y_train shape: torch.Size([7000])
Output mean shape: torch.Size([7000])
Iteration 10: x_train shape: torch.Size([7000, 3]), y_train shape: torch.Size([7000])
Output mean shape: torch.Size([7000])
Iteration 11: x_train shape: torch.Size([7000, 3]), y_train shape: torch.Size([7000])
Output mean shape: torch.Size([7000])
Iteration 12: x_train shape: torch.Size([7000, 3]), y_train shape: torch.Size([7000])
Output mean shape: torch.Size([7000])
Iteration 13: x_train shape: torch.Size([7000, 3]), y_train shape: torch.Size([7000])
Output mean shape: torch.Size([7000])
Iteration 14: x_train shape: torch.Size([7000, 3]), y_train shape: torch.Size([7000])
Output mean shape: torch.Size([7000])
Iteration 15: x_train shape: torch.Size([7000, 3]), y_train shape: torch.Size([7000])
Output mean shape: torch.Size([7000])
Iteration 16: x_train shape: torch.Size([7000, 3]), y_train shape: torch.Size([7000])
Output mean shape: torch.Size([7000])
Iteration 17: x_train shape: torch.Size([7000, 3]), y_train shape: torch.Size([7000])
Output mean shape: torch.Size([7000])
Iteration 18: x_train shape: torch.Size([7000, 3]), y_train shape: torch.Size([7000])
Output mean shape: torch.Size([7000])
Iteration 19: x_train shape: torch.Size([7000, 3]), y_train shape: torch.Size([7000])
Output mean shape: torch.Size([7000])
Iteration 20: x_train shape: torch.Size([7000, 3]), y_train shape: torch.Size([7000])
Output mean shape: torch.Size([7000])
Iteration 21: x_train shape: torch.Size([7000, 3]), y_train shape: torch.Size([7000])
Output mean shape: torch.Size([7000])
Iteration 22: x_train shape: torch.Size([7000, 3]), y_train shape: torch.Size([7000])
Output mean shape: torch.Size([7000])
Iteration 23: x_train shape: torch.Size([7000, 3]), y_train shape: torch.Size([7000])
Output mean shape: torch.Size([7000])
Iteration 24: x_train shape: torch.Size([7000, 3]), y_train shape: torch.Size([7000])
Output mean shape: torch.Size([7000])
Iteration 25: x_train shape: torch.Size([7000, 3]), y_train shape: torch.Size([7000])
Output mean shape: torch.Size([7000])
Iteration 26: x_train shape: torch.Size([7000, 3]), y_train shape: torch.Size([7000])
Output mean shape: torch.Size([7000])
Iteration 27: x_train shape: torch.Size([7000, 3]), y_train shape: torch.Size([7000])
Output mean shape: torch.Size([7000])
Iteration 28: x_train shape: torch.Size([7000, 3]), y_train shape: torch.Size([7000])
Output mean shape: torch.Size([7000])
Iteration 29: x_train shape: torch.Size([7000, 3]), y_train shape: torch.Size([7000])
Output mean shape: torch.Size([7000])
Iteration 30: x_train shape: torch.Size([7000, 3]), y_train shape: torch.Size([7000])
Output mean shape: torch.Size([7000])
Iteration 31: x_train shape: torch.Size([7000, 3]), y_train shape: torch.Size([7000])
Output mean shape: torch.Size([7000])
Iteration 32: x_train shape: torch.Size([7000, 3]), y_train shape: torch.Size([7000])
Output mean shape: torch.Size([7000])
Iteration 33: x_train shape: torch.Size([7000, 3]), y_train shape: torch.Size([7000])
Output mean shape: torch.Size([7000])
Iteration 34: x_train shape: torch.Size([7000, 3]), y_train shape: torch.Size([7000])
Output mean shape: torch.Size([7000])
Iteration 35: x_train shape: torch.Size([7000, 3]), y_train shape: torch.Size([7000])
Output mean shape: torch.Size([7000])
Iteration 36: x_train shape: torch.Size([7000, 3]), y_train shape: torch.Size([7000])
Output mean shape: torch.Size([7000])
Iteration 37: x_train shape: torch.Size([7000, 3]), y_train shape: torch.Size([7000])
Output mean shape: torch.Size([7000])
Iteration 38: x_train shape: torch.Size([7000, 3]), y_train shape: torch.Size([7000])
Output mean shape: torch.Size([7000])
Iteration 39: x_train shape: torch.Size([7000, 3]), y_train shape: torch.Size([7000])
Output mean shape: torch.Size([7000])
Iteration 40: x_train shape: torch.Size([7000, 3]), y_train shape: torch.Size([7000])
Output mean shape: torch.Size([7000])
Iteration 41: x_train shape: torch.Size([7000, 3]), y_train shape: torch.Size([7000])
Output mean shape: torch.Size([7000])
Iteration 42: x_train shape: torch.Size([7000, 3]), y_train shape: torch.Size([7000])
Output mean shape: torch.Size([7000])
Iteration 43: x_train shape: torch.Size([7000, 3]), y_train shape: torch.Size([7000])
Output mean shape: torch.Size([7000])
Iteration 44: x_train shape: torch.Size([7000, 3]), y_train shape: torch.Size([7000])
Output mean shape: torch.Size([7000])
Iteration 45: x_train shape: torch.Size([7000, 3]), y_train shape: torch.Size([7000])
Output mean shape: torch.Size([7000])
Iteration 46: x_train shape: torch.Size([7000, 3]), y_train shape: torch.Size([7000])
Output mean shape: torch.Size([7000])
Iteration 47: x_train shape: torch.Size([7000, 3]), y_train shape: torch.Size([7000])
Output mean shape: torch.Size([7000])
Iteration 48: x_train shape: torch.Size([7000, 3]), y_train shape: torch.Size([7000])
Output mean shape: torch.Size([7000])
Iteration 49: x_train shape: torch.Size([7000, 3]), y_train shape: torch.Size([7000])
Output mean shape: torch.Size([7000])
Iteration 50: x_train shape: torch.Size([7000, 3]), y_train shape: torch.Size([7000])
Output mean shape: torch.Size([7000])
Iteration 51: x_train shape: torch.Size([7000, 3]), y_train shape: torch.Size([7000])
Output mean shape: torch.Size([7000])
Iteration 52: x_train shape: torch.Size([7000, 3]), y_train shape: torch.Size([7000])
Output mean shape: torch.Size([7000])
Iteration 53: x_train shape: torch.Size([7000, 3]), y_train shape: torch.Size([7000])
Output mean shape: torch.Size([7000])
Iteration 54: x_train shape: torch.Size([7000, 3]), y_train shape: torch.Size([7000])
Output mean shape: torch.Size([7000])
Iteration 55: x_train shape: torch.Size([7000, 3]), y_train shape: torch.Size([7000])
Output mean shape: torch.Size([7000])
                                  
================================= 
Global information about the job: 
================================= 
  
Job owner: dvoss(54815)
Job name:  RealData
Node list: ravg1070
Job start: Wed Feb 26 08:38:10 CET 2025
Job end:   Wed Feb 26 08:46:58 CET 2025
Work dir:  /raven/u/dvoss/al_pmssmwithgp/model
Command:   /raven/u/dvoss/al_pmssmwithgp/model/slurm/single_job_RealData.sbatch
  
  
  
==========================================================================================
Information on jobsteps (Note: MaxRSS/AveRSS is the maximum/average over all 
tasks of the per-task memory high-water marks; cf. "man sacct"): 
==========================================================================================
  
JobID            JobName NNodes NTasks  NCPUS       MaxRSS       AveRSS    Elapsed ExitCode
------------- ---------- ------ ------ ------ ------------ ------------ ---------- --------
15861626        RealData      1             4                             00:08:48      0:0
15861626.0    job_RealDa      1      1      4     2410.44M     2410.44M   00:07:57     0:15
  
Maximum memory per node: 2.527531 GB (defined as MaxRSS*Ntasks/NNodes)
CPU utilization: 41.6 %
  
