Defaulting to user installation because normal site-packages is not writeable
Requirement already satisfied: uproot in /raven/u/dvoss/.local/lib/python3.9/site-packages (5.3.10)
Requirement already satisfied: fsspec in /raven/u/dvoss/.local/lib/python3.9/site-packages (from uproot) (2024.6.1)
Requirement already satisfied: cramjam>=2.5.0 in /raven/u/dvoss/.local/lib/python3.9/site-packages (from uproot) (2.8.3)
Requirement already satisfied: typing-extensions>=4.1.0 in /raven/u/dvoss/.local/lib/python3.9/site-packages (from uproot) (4.12.2)
Requirement already satisfied: packaging in /raven/u/system/soft/SLE_15/packages/x86_64/anaconda/3/2021.11/lib/python3.9/site-packages (from uproot) (21.0)
Requirement already satisfied: numpy in /raven/u/system/soft/SLE_15/packages/x86_64/anaconda/3/2021.11/lib/python3.9/site-packages (from uproot) (1.20.3)
Requirement already satisfied: awkward>=2.4.6 in /raven/u/dvoss/.local/lib/python3.9/site-packages (from uproot) (2.6.6)
Requirement already satisfied: awkward-cpp==35 in /raven/u/dvoss/.local/lib/python3.9/site-packages (from awkward>=2.4.6->uproot) (35)
Requirement already satisfied: importlib-metadata>=4.13.0 in /raven/u/dvoss/.local/lib/python3.9/site-packages (from awkward>=2.4.6->uproot) (8.0.0)
Requirement already satisfied: zipp>=0.5 in /raven/u/system/soft/SLE_15/packages/x86_64/anaconda/3/2021.11/lib/python3.9/site-packages (from importlib-metadata>=4.13.0->awkward>=2.4.6->uproot) (3.6.0)
Requirement already satisfied: pyparsing>=2.0.2 in /raven/u/system/soft/SLE_15/packages/x86_64/anaconda/3/2021.11/lib/python3.9/site-packages (from packaging->uproot) (3.0.4)
Defaulting to user installation because normal site-packages is not writeable
Collecting argparse
  Using cached argparse-1.4.0-py2.py3-none-any.whl (23 kB)
Installing collected packages: argparse
Successfully installed argparse-1.4.0
Defaulting to user installation because normal site-packages is not writeable
Requirement already satisfied: pyslha in /raven/u/dvoss/.local/lib/python3.9/site-packages (3.2.6)
Requirement already satisfied: tex2pix>=0.1.5 in /raven/u/dvoss/.local/lib/python3.9/site-packages (from pyslha) (0.3.1)
Defaulting to user installation because normal site-packages is not writeable
Requirement already satisfied: structlog in /raven/u/dvoss/.local/lib/python3.9/site-packages (24.4.0)
Starting iteration 1
Initial Training points:  tensor([0.5119, 0.8528, 0.5812, 0.1617], device='cuda:0') torch.Size([4])
These training_points are used in the GP tensor([0.5119, 0.8528, 0.5812, 0.1617], device='cuda:0')
Selected points (indices): {0, 371, 211}
Selected new x values (normalized): tensor([0.1001, 0.4715, 0.3113], device='cuda:0')
Corresponding new x values (unnormalized): tensor([-1599.5996,  -114.1141,  -754.7548], device='cuda:0')
No root_file_path provided; skipping ROOT file data plotting.
Plot saved to /raven/u/dvoss/al_pmssmwithgp/model/plots/Iter1/gp_plot.png
YAML file has been created: /u/dvoss/al_pmssmwithgp/Run3ModelGen/source/Run3ModelGen/data/new_config.yaml
Note: detected 144 virtual cores but NumExpr set to maximum of 64, check "NUMEXPR_MAX_THREADS" environment variable.
Note: NumExpr detected 144 cores but "NUMEXPR_MAX_THREADS" not set, so enforcing safe limit of 8.
NumExpr defaulting to 8 threads.

  ___              ____ __  __          _       _   ___            
 | _ \ _  _  _ _  |__ /|  \/  | ___  __| | ___ | | / __| ___  _ _  
 |   /| || || ' \  |_ \| |\/| |/ _ \/ _` |/ -_)| || (_ |/ -_)| ' \ 
 |_|_\ \_,_||_||_||___/|_|  |_|\___/\__,_|\___||_| \___|\___||_||_|
                                                                   

2024-08-13 16:06:34 [info     ] Initialised ModelGenerator with: [Run3ModelGen.modelgen]
2024-08-13 16:06:34 [info     ] 	config_file = /u/dvoss/al_pmssmwithgp/Run3ModelGen/source/Run3ModelGen/data/new_config.yaml [Run3ModelGen.modelgen]
2024-08-13 16:06:34 [info     ] 	scan_dir = /u/dvoss/al_pmssmwithgp/Run3ModelGen/source/Run3ModelGen/scans/scan_1 [Run3ModelGen.modelgen]
2024-08-13 16:06:34 [info     ] 	rawfilen = /u/dvoss/al_pmssmwithgp/Run3ModelGen/source/Run3ModelGen/data/raw.slha [Run3ModelGen.modelgen]
2024-08-13 16:06:34 [info     ] 	seed = 123                    [Run3ModelGen.modelgen]
2024-08-13 16:06:34 [info     ] 	points = {}                   [Run3ModelGen.modelgen]
2024-08-13 16:06:34 [info     ] 	prior = fixed                 [Run3ModelGen.modelgen]
2024-08-13 16:06:34 [info     ] 	num_models = 3                [Run3ModelGen.modelgen]
2024-08-13 16:06:34 [info     ] 	isGMSB = False                [Run3ModelGen.modelgen]
2024-08-13 16:06:34 [info     ] 	parameters =                  [Run3ModelGen.modelgen]
2024-08-13 16:06:34 [info     ] 		tanb: [60, 60, 60]           [Run3ModelGen.modelgen]
2024-08-13 16:06:34 [info     ] 		M_1: [-1599.6, -114.11, -754.75] [Run3ModelGen.modelgen]
2024-08-13 16:06:34 [info     ] 		M_2: [2000, 2000, 2000]      [Run3ModelGen.modelgen]
2024-08-13 16:06:34 [info     ] 		M_3: [4000, 4000, 4000]      [Run3ModelGen.modelgen]
2024-08-13 16:06:34 [info     ] 		AT: [4000, 4000, 4000]       [Run3ModelGen.modelgen]
2024-08-13 16:06:34 [info     ] 		Ab: [2000, 2000, 2000]       [Run3ModelGen.modelgen]
2024-08-13 16:06:34 [info     ] 		Atau: [2000, 2000, 2000]     [Run3ModelGen.modelgen]
2024-08-13 16:06:34 [info     ] 		mu: [2000, 2000, 2000]       [Run3ModelGen.modelgen]
2024-08-13 16:06:34 [info     ] 		mA: [2000, 2000, 2000]       [Run3ModelGen.modelgen]
2024-08-13 16:06:34 [info     ] 		meL: [2000, 2000, 2000]      [Run3ModelGen.modelgen]
2024-08-13 16:06:34 [info     ] 		mtauL: [2000, 2000, 2000]    [Run3ModelGen.modelgen]
2024-08-13 16:06:34 [info     ] 		meR: [2000, 2000, 2000]      [Run3ModelGen.modelgen]
2024-08-13 16:06:34 [info     ] 		mtauR: [2000, 2000, 2000]    [Run3ModelGen.modelgen]
2024-08-13 16:06:34 [info     ] 		mqL1: [4000, 4000, 4000]     [Run3ModelGen.modelgen]
2024-08-13 16:06:34 [info     ] 		mqL3: [4000, 4000, 4000]     [Run3ModelGen.modelgen]
2024-08-13 16:06:34 [info     ] 		muR: [4000, 4000, 4000]      [Run3ModelGen.modelgen]
2024-08-13 16:06:34 [info     ] 		mtR: [4000, 4000, 4000]      [Run3ModelGen.modelgen]
2024-08-13 16:06:34 [info     ] 		mdR: [4000, 4000, 4000]      [Run3ModelGen.modelgen]
2024-08-13 16:06:34 [info     ] 		mbR: [4000, 4000, 4000]      [Run3ModelGen.modelgen]
2024-08-13 16:06:34 [info     ] 	steps =                       [Run3ModelGen.modelgen]
2024-08-13 16:06:34 [info     ] 		{'name': 'prep_input', 'output_dir': 'input', 'prefix': 'IN'} [Run3ModelGen.modelgen]
2024-08-13 16:06:34 [info     ] 		{'name': 'SPheno', 'input_dir': 'input', 'output_dir': 'SPheno', 'log_dir': 'SPheno_log', 'prefix': 'SP'} [Run3ModelGen.modelgen]
2024-08-13 16:06:34 [info     ] 		{'name': 'softsusy', 'input_dir': 'input', 'output_dir': 'softsusy', 'prefix': 'SS'} [Run3ModelGen.modelgen]
2024-08-13 16:06:34 [info     ] 		{'name': 'micromegas', 'input_dir': 'SPheno', 'output_dir': 'micromegas', 'prefix': 'MO'} [Run3ModelGen.modelgen]
2024-08-13 16:06:34 [info     ] 		{'name': 'superiso', 'input_dir': 'SPheno', 'output_dir': 'superiso', 'prefix': 'SI'} [Run3ModelGen.modelgen]
2024-08-13 16:06:34 [info     ] 		{'name': 'gm2calc', 'input_dir': 'SPheno', 'output_dir': 'gm2calc', 'prefix': 'GM2'} [Run3ModelGen.modelgen]
2024-08-13 16:06:34 [info     ] 		{'name': 'evade', 'input_dir': 'SPheno', 'output_dir': 'evade', 'prefix': 'EV'} [Run3ModelGen.modelgen]
2024-08-13 16:06:34 [info     ] Starting Model Generation...   [Run3ModelGen.modelgen]
2024-08-13 16:06:34 [info     ] Setting up output directories for scan [Run3ModelGen.modelgen]
2024-08-13 16:06:34 [info     ] Generating Model: 0.slha (1/3) [Run3ModelGen.modelgen]
2024-08-13 16:06:34 [info     ] 	running step: prep_input      [Run3ModelGen.modelgen]
2024-08-13 16:06:34 [info     ] 	running step: SPheno          [Run3ModelGen.modelgen]
2024-08-13 16:06:35 [info     ] 	running step: softsusy        [Run3ModelGen.modelgen]
2024-08-13 16:06:35 [info     ] 	running step: micromegas      [Run3ModelGen.modelgen]
2024-08-13 16:06:41 [info     ] 	running step: superiso        [Run3ModelGen.modelgen]
2024-08-13 16:06:41 [info     ] 	running step: gm2calc         [Run3ModelGen.modelgen]
2024-08-13 16:06:41 [info     ] 	running step: evade           [Run3ModelGen.modelgen]
2024-08-13 16:06:41 [info     ] Generating Model: 1.slha (2/3) [Run3ModelGen.modelgen]
2024-08-13 16:06:41 [info     ] 	running step: prep_input      [Run3ModelGen.modelgen]
2024-08-13 16:06:41 [info     ] 	running step: SPheno          [Run3ModelGen.modelgen]
2024-08-13 16:06:42 [info     ] 	running step: softsusy        [Run3ModelGen.modelgen]
2024-08-13 16:06:42 [info     ] 	running step: micromegas      [Run3ModelGen.modelgen]
2024-08-13 16:06:42 [info     ] 	running step: superiso        [Run3ModelGen.modelgen]
2024-08-13 16:06:42 [info     ] 	running step: gm2calc         [Run3ModelGen.modelgen]
2024-08-13 16:06:42 [info     ] 	running step: evade           [Run3ModelGen.modelgen]
2024-08-13 16:06:42 [info     ] Generating Model: 2.slha (3/3) [Run3ModelGen.modelgen]
2024-08-13 16:06:42 [info     ] 	running step: prep_input      [Run3ModelGen.modelgen]
2024-08-13 16:06:42 [info     ] 	running step: SPheno          [Run3ModelGen.modelgen]
2024-08-13 16:06:42 [info     ] 	running step: softsusy        [Run3ModelGen.modelgen]
2024-08-13 16:06:42 [info     ] 	running step: micromegas      [Run3ModelGen.modelgen]
2024-08-13 16:06:43 [info     ] 	running step: superiso        [Run3ModelGen.modelgen]
2024-08-13 16:06:43 [info     ] 	running step: gm2calc         [Run3ModelGen.modelgen]
2024-08-13 16:06:43 [info     ] 	running step: evade           [Run3ModelGen.modelgen]
2024-08-13 16:06:43 [info     ] Finished generating models! Stats for successful generations (successful/attempted): [Run3ModelGen.modelgen]
2024-08-13 16:06:43 [info     ] 	prep_input: 3/3.              [Run3ModelGen.modelgen]
2024-08-13 16:06:43 [info     ] 	SPheno: 3/3.                  [Run3ModelGen.modelgen]
2024-08-13 16:06:43 [info     ] 	softsusy: 3/3.                [Run3ModelGen.modelgen]
2024-08-13 16:06:43 [info     ] 	micromegas: 3/3.              [Run3ModelGen.modelgen]
2024-08-13 16:06:43 [info     ] 	superiso: 3/3.                [Run3ModelGen.modelgen]
2024-08-13 16:06:43 [info     ] 	gm2calc: 3/3.                 [Run3ModelGen.modelgen]
2024-08-13 16:06:43 [info     ] 	evade: 0/3.                   [Run3ModelGen.modelgen]
2024-08-13 16:06:43 [info     ] Will make NTuple for: /u/dvoss/al_pmssmwithgp/Run3ModelGen/source/Run3ModelGen/scans/scan_1, with 3 models [Run3ModelGen.ntupling]
2024-08-13 16:06:43 [info     ] 	Filling values for model: 0   [Run3ModelGen.ntupling]
2024-08-13 16:06:43 [info     ] Saving NTuple in /u/dvoss/al_pmssmwithgp/Run3ModelGen/source/Run3ModelGen/scans/scan_1/ntuple.0.0.root ... [Run3ModelGen.ntupling]
Completed iteration 1
Starting iteration 2
Initial Training points:  tensor([0.5119, 0.8528, 0.5812, 0.1617], device='cuda:0') torch.Size([4])
Training points after adding:  tensor([0.5119, 0.8528, 0.5812, 0.1617, 0.1001, 0.4715, 0.3113],
       device='cuda:0') torch.Size([7])
These training_points are used in the GP tensor([0.5119, 0.8528, 0.5812, 0.1617, 0.1001, 0.4715, 0.3113],
       device='cuda:0')
Selected points (indices): {0, 76, 5}
Selected new x values (normalized): tensor([0.1001, 0.1762, 0.1051], device='cuda:0')
Corresponding new x values (unnormalized): tensor([-1599.5996, -1295.2953, -1579.5796], device='cuda:0')
Plot saved to /raven/u/dvoss/al_pmssmwithgp/model/plots/Iter2/gp_plot.png
YAML file has been created: /u/dvoss/al_pmssmwithgp/Run3ModelGen/source/Run3ModelGen/data/new_config.yaml
Note: detected 144 virtual cores but NumExpr set to maximum of 64, check "NUMEXPR_MAX_THREADS" environment variable.
Note: NumExpr detected 144 cores but "NUMEXPR_MAX_THREADS" not set, so enforcing safe limit of 8.
NumExpr defaulting to 8 threads.

  ___              ____ __  __          _       _   ___            
 | _ \ _  _  _ _  |__ /|  \/  | ___  __| | ___ | | / __| ___  _ _  
 |   /| || || ' \  |_ \| |\/| |/ _ \/ _` |/ -_)| || (_ |/ -_)| ' \ 
 |_|_\ \_,_||_||_||___/|_|  |_|\___/\__,_|\___||_| \___|\___||_||_|
                                                                   

2024-08-13 16:07:24 [info     ] Initialised ModelGenerator with: [Run3ModelGen.modelgen]
2024-08-13 16:07:24 [info     ] 	config_file = /u/dvoss/al_pmssmwithgp/Run3ModelGen/source/Run3ModelGen/data/new_config.yaml [Run3ModelGen.modelgen]
2024-08-13 16:07:24 [info     ] 	scan_dir = /u/dvoss/al_pmssmwithgp/Run3ModelGen/source/Run3ModelGen/scans/scan_2 [Run3ModelGen.modelgen]
2024-08-13 16:07:24 [info     ] 	rawfilen = /u/dvoss/al_pmssmwithgp/Run3ModelGen/source/Run3ModelGen/data/raw.slha [Run3ModelGen.modelgen]
2024-08-13 16:07:24 [info     ] 	seed = 123                    [Run3ModelGen.modelgen]
2024-08-13 16:07:24 [info     ] 	points = {}                   [Run3ModelGen.modelgen]
2024-08-13 16:07:24 [info     ] 	prior = fixed                 [Run3ModelGen.modelgen]
2024-08-13 16:07:24 [info     ] 	num_models = 3                [Run3ModelGen.modelgen]
2024-08-13 16:07:24 [info     ] 	isGMSB = False                [Run3ModelGen.modelgen]
2024-08-13 16:07:24 [info     ] 	parameters =                  [Run3ModelGen.modelgen]
2024-08-13 16:07:24 [info     ] 		tanb: [60, 60, 60]           [Run3ModelGen.modelgen]
2024-08-13 16:07:24 [info     ] 		M_1: [-1599.6, -1295.3, -1579.58] [Run3ModelGen.modelgen]
2024-08-13 16:07:24 [info     ] 		M_2: [2000, 2000, 2000]      [Run3ModelGen.modelgen]
2024-08-13 16:07:24 [info     ] 		M_3: [4000, 4000, 4000]      [Run3ModelGen.modelgen]
2024-08-13 16:07:24 [info     ] 		AT: [4000, 4000, 4000]       [Run3ModelGen.modelgen]
2024-08-13 16:07:24 [info     ] 		Ab: [2000, 2000, 2000]       [Run3ModelGen.modelgen]
2024-08-13 16:07:24 [info     ] 		Atau: [2000, 2000, 2000]     [Run3ModelGen.modelgen]
2024-08-13 16:07:24 [info     ] 		mu: [2000, 2000, 2000]       [Run3ModelGen.modelgen]
2024-08-13 16:07:24 [info     ] 		mA: [2000, 2000, 2000]       [Run3ModelGen.modelgen]
2024-08-13 16:07:24 [info     ] 		meL: [2000, 2000, 2000]      [Run3ModelGen.modelgen]
2024-08-13 16:07:24 [info     ] 		mtauL: [2000, 2000, 2000]    [Run3ModelGen.modelgen]
2024-08-13 16:07:24 [info     ] 		meR: [2000, 2000, 2000]      [Run3ModelGen.modelgen]
2024-08-13 16:07:24 [info     ] 		mtauR: [2000, 2000, 2000]    [Run3ModelGen.modelgen]
2024-08-13 16:07:24 [info     ] 		mqL1: [4000, 4000, 4000]     [Run3ModelGen.modelgen]
2024-08-13 16:07:24 [info     ] 		mqL3: [4000, 4000, 4000]     [Run3ModelGen.modelgen]
2024-08-13 16:07:24 [info     ] 		muR: [4000, 4000, 4000]      [Run3ModelGen.modelgen]
2024-08-13 16:07:24 [info     ] 		mtR: [4000, 4000, 4000]      [Run3ModelGen.modelgen]
2024-08-13 16:07:24 [info     ] 		mdR: [4000, 4000, 4000]      [Run3ModelGen.modelgen]
2024-08-13 16:07:24 [info     ] 		mbR: [4000, 4000, 4000]      [Run3ModelGen.modelgen]
2024-08-13 16:07:24 [info     ] 	steps =                       [Run3ModelGen.modelgen]
2024-08-13 16:07:24 [info     ] 		{'name': 'prep_input', 'output_dir': 'input', 'prefix': 'IN'} [Run3ModelGen.modelgen]
2024-08-13 16:07:24 [info     ] 		{'name': 'SPheno', 'input_dir': 'input', 'output_dir': 'SPheno', 'log_dir': 'SPheno_log', 'prefix': 'SP'} [Run3ModelGen.modelgen]
2024-08-13 16:07:24 [info     ] 		{'name': 'softsusy', 'input_dir': 'input', 'output_dir': 'softsusy', 'prefix': 'SS'} [Run3ModelGen.modelgen]
2024-08-13 16:07:24 [info     ] 		{'name': 'micromegas', 'input_dir': 'SPheno', 'output_dir': 'micromegas', 'prefix': 'MO'} [Run3ModelGen.modelgen]
2024-08-13 16:07:24 [info     ] 		{'name': 'superiso', 'input_dir': 'SPheno', 'output_dir': 'superiso', 'prefix': 'SI'} [Run3ModelGen.modelgen]
2024-08-13 16:07:24 [info     ] 		{'name': 'gm2calc', 'input_dir': 'SPheno', 'output_dir': 'gm2calc', 'prefix': 'GM2'} [Run3ModelGen.modelgen]
2024-08-13 16:07:24 [info     ] 		{'name': 'evade', 'input_dir': 'SPheno', 'output_dir': 'evade', 'prefix': 'EV'} [Run3ModelGen.modelgen]
2024-08-13 16:07:24 [info     ] Starting Model Generation...   [Run3ModelGen.modelgen]
2024-08-13 16:07:24 [info     ] Setting up output directories for scan [Run3ModelGen.modelgen]
2024-08-13 16:07:24 [info     ] Generating Model: 0.slha (1/3) [Run3ModelGen.modelgen]
2024-08-13 16:07:24 [info     ] 	running step: prep_input      [Run3ModelGen.modelgen]
2024-08-13 16:07:24 [info     ] 	running step: SPheno          [Run3ModelGen.modelgen]
2024-08-13 16:07:24 [info     ] 	running step: softsusy        [Run3ModelGen.modelgen]
2024-08-13 16:07:24 [info     ] 	running step: micromegas      [Run3ModelGen.modelgen]
2024-08-13 16:07:25 [info     ] 	running step: superiso        [Run3ModelGen.modelgen]
2024-08-13 16:07:25 [info     ] 	running step: gm2calc         [Run3ModelGen.modelgen]
2024-08-13 16:07:25 [info     ] 	running step: evade           [Run3ModelGen.modelgen]
2024-08-13 16:07:25 [info     ] Generating Model: 1.slha (2/3) [Run3ModelGen.modelgen]
2024-08-13 16:07:25 [info     ] 	running step: prep_input      [Run3ModelGen.modelgen]
2024-08-13 16:07:25 [info     ] 	running step: SPheno          [Run3ModelGen.modelgen]
2024-08-13 16:07:25 [info     ] 	running step: softsusy        [Run3ModelGen.modelgen]
2024-08-13 16:07:25 [info     ] 	running step: micromegas      [Run3ModelGen.modelgen]
2024-08-13 16:07:25 [info     ] 	running step: superiso        [Run3ModelGen.modelgen]
2024-08-13 16:07:26 [info     ] 	running step: gm2calc         [Run3ModelGen.modelgen]
2024-08-13 16:07:26 [info     ] 	running step: evade           [Run3ModelGen.modelgen]
2024-08-13 16:07:26 [info     ] Generating Model: 2.slha (3/3) [Run3ModelGen.modelgen]
2024-08-13 16:07:26 [info     ] 	running step: prep_input      [Run3ModelGen.modelgen]
2024-08-13 16:07:26 [info     ] 	running step: SPheno          [Run3ModelGen.modelgen]
2024-08-13 16:07:26 [info     ] 	running step: softsusy        [Run3ModelGen.modelgen]
2024-08-13 16:07:26 [info     ] 	running step: micromegas      [Run3ModelGen.modelgen]
2024-08-13 16:07:27 [info     ] 	running step: superiso        [Run3ModelGen.modelgen]
2024-08-13 16:07:27 [info     ] 	running step: gm2calc         [Run3ModelGen.modelgen]
2024-08-13 16:07:27 [info     ] 	running step: evade           [Run3ModelGen.modelgen]
2024-08-13 16:07:27 [info     ] Finished generating models! Stats for successful generations (successful/attempted): [Run3ModelGen.modelgen]
2024-08-13 16:07:27 [info     ] 	prep_input: 3/3.              [Run3ModelGen.modelgen]
2024-08-13 16:07:27 [info     ] 	SPheno: 3/3.                  [Run3ModelGen.modelgen]
2024-08-13 16:07:27 [info     ] 	softsusy: 3/3.                [Run3ModelGen.modelgen]
2024-08-13 16:07:27 [info     ] 	micromegas: 3/3.              [Run3ModelGen.modelgen]
2024-08-13 16:07:27 [info     ] 	superiso: 3/3.                [Run3ModelGen.modelgen]
2024-08-13 16:07:27 [info     ] 	gm2calc: 3/3.                 [Run3ModelGen.modelgen]
2024-08-13 16:07:27 [info     ] 	evade: 0/3.                   [Run3ModelGen.modelgen]
2024-08-13 16:07:27 [info     ] Will make NTuple for: /u/dvoss/al_pmssmwithgp/Run3ModelGen/source/Run3ModelGen/scans/scan_2, with 3 models [Run3ModelGen.ntupling]
2024-08-13 16:07:27 [info     ] 	Filling values for model: 0   [Run3ModelGen.ntupling]
2024-08-13 16:07:27 [info     ] Saving NTuple in /u/dvoss/al_pmssmwithgp/Run3ModelGen/source/Run3ModelGen/scans/scan_2/ntuple.0.0.root ... [Run3ModelGen.ntupling]
Completed iteration 2
Starting iteration 3
Initial Training points:  tensor([0.5119, 0.8528, 0.5812, 0.1617], device='cuda:0') torch.Size([4])
Training points after adding:  tensor([0.5119, 0.8528, 0.5812, 0.1617, 0.1001, 0.4715, 0.3113, 0.1001, 0.1762,
        0.1051], device='cuda:0') torch.Size([10])
These training_points are used in the GP tensor([0.5119, 0.8528, 0.5812, 0.1617, 0.1001, 0.4715, 0.3113, 0.1001, 0.1762,
        0.1051], device='cuda:0')
Selected points (indices): {47, 13, 687}
Selected new x values (normalized): tensor([0.1471, 0.1131, 0.7878], device='cuda:0')
Corresponding new x values (unnormalized): tensor([-1411.4114, -1547.5476,  1151.1511], device='cuda:0')
Plot saved to /raven/u/dvoss/al_pmssmwithgp/model/plots/Iter3/gp_plot.png
YAML file has been created: /u/dvoss/al_pmssmwithgp/Run3ModelGen/source/Run3ModelGen/data/new_config.yaml
Note: detected 144 virtual cores but NumExpr set to maximum of 64, check "NUMEXPR_MAX_THREADS" environment variable.
Note: NumExpr detected 144 cores but "NUMEXPR_MAX_THREADS" not set, so enforcing safe limit of 8.
NumExpr defaulting to 8 threads.

  ___              ____ __  __          _       _   ___            
 | _ \ _  _  _ _  |__ /|  \/  | ___  __| | ___ | | / __| ___  _ _  
 |   /| || || ' \  |_ \| |\/| |/ _ \/ _` |/ -_)| || (_ |/ -_)| ' \ 
 |_|_\ \_,_||_||_||___/|_|  |_|\___/\__,_|\___||_| \___|\___||_||_|
                                                                   

2024-08-13 16:08:05 [info     ] Initialised ModelGenerator with: [Run3ModelGen.modelgen]
2024-08-13 16:08:05 [info     ] 	config_file = /u/dvoss/al_pmssmwithgp/Run3ModelGen/source/Run3ModelGen/data/new_config.yaml [Run3ModelGen.modelgen]
2024-08-13 16:08:05 [info     ] 	scan_dir = /u/dvoss/al_pmssmwithgp/Run3ModelGen/source/Run3ModelGen/scans/scan_3 [Run3ModelGen.modelgen]
2024-08-13 16:08:05 [info     ] 	rawfilen = /u/dvoss/al_pmssmwithgp/Run3ModelGen/source/Run3ModelGen/data/raw.slha [Run3ModelGen.modelgen]
2024-08-13 16:08:05 [info     ] 	seed = 123                    [Run3ModelGen.modelgen]
2024-08-13 16:08:05 [info     ] 	points = {}                   [Run3ModelGen.modelgen]
2024-08-13 16:08:05 [info     ] 	prior = fixed                 [Run3ModelGen.modelgen]
2024-08-13 16:08:05 [info     ] 	num_models = 3                [Run3ModelGen.modelgen]
2024-08-13 16:08:05 [info     ] 	isGMSB = False                [Run3ModelGen.modelgen]
2024-08-13 16:08:05 [info     ] 	parameters =                  [Run3ModelGen.modelgen]
2024-08-13 16:08:05 [info     ] 		tanb: [60, 60, 60]           [Run3ModelGen.modelgen]
2024-08-13 16:08:05 [info     ] 		M_1: [-1411.41, -1547.55, 1151.15] [Run3ModelGen.modelgen]
2024-08-13 16:08:05 [info     ] 		M_2: [2000, 2000, 2000]      [Run3ModelGen.modelgen]
2024-08-13 16:08:05 [info     ] 		M_3: [4000, 4000, 4000]      [Run3ModelGen.modelgen]
2024-08-13 16:08:05 [info     ] 		AT: [4000, 4000, 4000]       [Run3ModelGen.modelgen]
2024-08-13 16:08:05 [info     ] 		Ab: [2000, 2000, 2000]       [Run3ModelGen.modelgen]
2024-08-13 16:08:05 [info     ] 		Atau: [2000, 2000, 2000]     [Run3ModelGen.modelgen]
2024-08-13 16:08:05 [info     ] 		mu: [2000, 2000, 2000]       [Run3ModelGen.modelgen]
2024-08-13 16:08:05 [info     ] 		mA: [2000, 2000, 2000]       [Run3ModelGen.modelgen]
2024-08-13 16:08:05 [info     ] 		meL: [2000, 2000, 2000]      [Run3ModelGen.modelgen]
2024-08-13 16:08:05 [info     ] 		mtauL: [2000, 2000, 2000]    [Run3ModelGen.modelgen]
2024-08-13 16:08:05 [info     ] 		meR: [2000, 2000, 2000]      [Run3ModelGen.modelgen]
2024-08-13 16:08:05 [info     ] 		mtauR: [2000, 2000, 2000]    [Run3ModelGen.modelgen]
2024-08-13 16:08:05 [info     ] 		mqL1: [4000, 4000, 4000]     [Run3ModelGen.modelgen]
2024-08-13 16:08:05 [info     ] 		mqL3: [4000, 4000, 4000]     [Run3ModelGen.modelgen]
2024-08-13 16:08:05 [info     ] 		muR: [4000, 4000, 4000]      [Run3ModelGen.modelgen]
2024-08-13 16:08:05 [info     ] 		mtR: [4000, 4000, 4000]      [Run3ModelGen.modelgen]
2024-08-13 16:08:05 [info     ] 		mdR: [4000, 4000, 4000]      [Run3ModelGen.modelgen]
2024-08-13 16:08:05 [info     ] 		mbR: [4000, 4000, 4000]      [Run3ModelGen.modelgen]
2024-08-13 16:08:05 [info     ] 	steps =                       [Run3ModelGen.modelgen]
2024-08-13 16:08:05 [info     ] 		{'name': 'prep_input', 'output_dir': 'input', 'prefix': 'IN'} [Run3ModelGen.modelgen]
2024-08-13 16:08:05 [info     ] 		{'name': 'SPheno', 'input_dir': 'input', 'output_dir': 'SPheno', 'log_dir': 'SPheno_log', 'prefix': 'SP'} [Run3ModelGen.modelgen]
2024-08-13 16:08:05 [info     ] 		{'name': 'softsusy', 'input_dir': 'input', 'output_dir': 'softsusy', 'prefix': 'SS'} [Run3ModelGen.modelgen]
2024-08-13 16:08:05 [info     ] 		{'name': 'micromegas', 'input_dir': 'SPheno', 'output_dir': 'micromegas', 'prefix': 'MO'} [Run3ModelGen.modelgen]
2024-08-13 16:08:05 [info     ] 		{'name': 'superiso', 'input_dir': 'SPheno', 'output_dir': 'superiso', 'prefix': 'SI'} [Run3ModelGen.modelgen]
2024-08-13 16:08:05 [info     ] 		{'name': 'gm2calc', 'input_dir': 'SPheno', 'output_dir': 'gm2calc', 'prefix': 'GM2'} [Run3ModelGen.modelgen]
2024-08-13 16:08:05 [info     ] 		{'name': 'evade', 'input_dir': 'SPheno', 'output_dir': 'evade', 'prefix': 'EV'} [Run3ModelGen.modelgen]
2024-08-13 16:08:05 [info     ] Starting Model Generation...   [Run3ModelGen.modelgen]
2024-08-13 16:08:05 [info     ] Setting up output directories for scan [Run3ModelGen.modelgen]
2024-08-13 16:08:05 [info     ] Generating Model: 0.slha (1/3) [Run3ModelGen.modelgen]
2024-08-13 16:08:05 [info     ] 	running step: prep_input      [Run3ModelGen.modelgen]
2024-08-13 16:08:05 [info     ] 	running step: SPheno          [Run3ModelGen.modelgen]
2024-08-13 16:08:06 [info     ] 	running step: softsusy        [Run3ModelGen.modelgen]
2024-08-13 16:08:06 [info     ] 	running step: micromegas      [Run3ModelGen.modelgen]
2024-08-13 16:08:06 [info     ] 	running step: superiso        [Run3ModelGen.modelgen]
2024-08-13 16:08:06 [info     ] 	running step: gm2calc         [Run3ModelGen.modelgen]
2024-08-13 16:08:06 [info     ] 	running step: evade           [Run3ModelGen.modelgen]
2024-08-13 16:08:06 [info     ] Generating Model: 1.slha (2/3) [Run3ModelGen.modelgen]
2024-08-13 16:08:06 [info     ] 	running step: prep_input      [Run3ModelGen.modelgen]
2024-08-13 16:08:06 [info     ] 	running step: SPheno          [Run3ModelGen.modelgen]
2024-08-13 16:08:06 [info     ] 	running step: softsusy        [Run3ModelGen.modelgen]
2024-08-13 16:08:06 [info     ] 	running step: micromegas      [Run3ModelGen.modelgen]
2024-08-13 16:08:07 [info     ] 	running step: superiso        [Run3ModelGen.modelgen]
2024-08-13 16:08:07 [info     ] 	running step: gm2calc         [Run3ModelGen.modelgen]
2024-08-13 16:08:07 [info     ] 	running step: evade           [Run3ModelGen.modelgen]
2024-08-13 16:08:07 [info     ] Generating Model: 2.slha (3/3) [Run3ModelGen.modelgen]
2024-08-13 16:08:07 [info     ] 	running step: prep_input      [Run3ModelGen.modelgen]
2024-08-13 16:08:07 [info     ] 	running step: SPheno          [Run3ModelGen.modelgen]
2024-08-13 16:08:07 [info     ] 	running step: softsusy        [Run3ModelGen.modelgen]
2024-08-13 16:08:07 [info     ] 	running step: micromegas      [Run3ModelGen.modelgen]
2024-08-13 16:08:08 [info     ] 	running step: superiso        [Run3ModelGen.modelgen]
2024-08-13 16:08:08 [info     ] 	running step: gm2calc         [Run3ModelGen.modelgen]
2024-08-13 16:08:08 [info     ] 	running step: evade           [Run3ModelGen.modelgen]
2024-08-13 16:08:08 [info     ] Finished generating models! Stats for successful generations (successful/attempted): [Run3ModelGen.modelgen]
2024-08-13 16:08:08 [info     ] 	prep_input: 3/3.              [Run3ModelGen.modelgen]
2024-08-13 16:08:08 [info     ] 	SPheno: 3/3.                  [Run3ModelGen.modelgen]
2024-08-13 16:08:08 [info     ] 	softsusy: 3/3.                [Run3ModelGen.modelgen]
2024-08-13 16:08:08 [info     ] 	micromegas: 3/3.              [Run3ModelGen.modelgen]
2024-08-13 16:08:08 [info     ] 	superiso: 3/3.                [Run3ModelGen.modelgen]
2024-08-13 16:08:08 [info     ] 	gm2calc: 3/3.                 [Run3ModelGen.modelgen]
2024-08-13 16:08:08 [info     ] 	evade: 0/3.                   [Run3ModelGen.modelgen]
2024-08-13 16:08:08 [info     ] Will make NTuple for: /u/dvoss/al_pmssmwithgp/Run3ModelGen/source/Run3ModelGen/scans/scan_3, with 3 models [Run3ModelGen.ntupling]
2024-08-13 16:08:08 [info     ] 	Filling values for model: 0   [Run3ModelGen.ntupling]
2024-08-13 16:08:08 [info     ] Saving NTuple in /u/dvoss/al_pmssmwithgp/Run3ModelGen/source/Run3ModelGen/scans/scan_3/ntuple.0.0.root ... [Run3ModelGen.ntupling]
Completed iteration 3
Starting iteration 4
Initial Training points:  tensor([0.5119, 0.8528, 0.5812, 0.1617], device='cuda:0') torch.Size([4])
Training points after adding:  tensor([0.5119, 0.8528, 0.5812, 0.1617, 0.1001, 0.4715, 0.3113, 0.1001, 0.1762,
        0.1051, 0.1471, 0.1131, 0.7878], device='cuda:0') torch.Size([13])
These training_points are used in the GP tensor([0.5119, 0.8528, 0.5812, 0.1617, 0.1001, 0.4715, 0.3113, 0.1001, 0.1762,
        0.1051, 0.1471, 0.1131, 0.7878], device='cuda:0')
Selected points (indices): {234, 613, 5}
Selected new x values (normalized): tensor([0.3343, 0.7137, 0.1051], device='cuda:0')
Corresponding new x values (unnormalized): tensor([ -662.6627,   854.8547, -1579.5796], device='cuda:0')
Plot saved to /raven/u/dvoss/al_pmssmwithgp/model/plots/Iter4/gp_plot.png
YAML file has been created: /u/dvoss/al_pmssmwithgp/Run3ModelGen/source/Run3ModelGen/data/new_config.yaml
Note: detected 144 virtual cores but NumExpr set to maximum of 64, check "NUMEXPR_MAX_THREADS" environment variable.
Note: NumExpr detected 144 cores but "NUMEXPR_MAX_THREADS" not set, so enforcing safe limit of 8.
NumExpr defaulting to 8 threads.

  ___              ____ __  __          _       _   ___            
 | _ \ _  _  _ _  |__ /|  \/  | ___  __| | ___ | | / __| ___  _ _  
 |   /| || || ' \  |_ \| |\/| |/ _ \/ _` |/ -_)| || (_ |/ -_)| ' \ 
 |_|_\ \_,_||_||_||___/|_|  |_|\___/\__,_|\___||_| \___|\___||_||_|
                                                                   

2024-08-13 16:08:47 [info     ] Initialised ModelGenerator with: [Run3ModelGen.modelgen]
2024-08-13 16:08:47 [info     ] 	config_file = /u/dvoss/al_pmssmwithgp/Run3ModelGen/source/Run3ModelGen/data/new_config.yaml [Run3ModelGen.modelgen]
2024-08-13 16:08:47 [info     ] 	scan_dir = /u/dvoss/al_pmssmwithgp/Run3ModelGen/source/Run3ModelGen/scans/scan_4 [Run3ModelGen.modelgen]
2024-08-13 16:08:47 [info     ] 	rawfilen = /u/dvoss/al_pmssmwithgp/Run3ModelGen/source/Run3ModelGen/data/raw.slha [Run3ModelGen.modelgen]
2024-08-13 16:08:47 [info     ] 	seed = 123                    [Run3ModelGen.modelgen]
2024-08-13 16:08:47 [info     ] 	points = {}                   [Run3ModelGen.modelgen]
2024-08-13 16:08:47 [info     ] 	prior = fixed                 [Run3ModelGen.modelgen]
2024-08-13 16:08:47 [info     ] 	num_models = 3                [Run3ModelGen.modelgen]
2024-08-13 16:08:47 [info     ] 	isGMSB = False                [Run3ModelGen.modelgen]
2024-08-13 16:08:47 [info     ] 	parameters =                  [Run3ModelGen.modelgen]
2024-08-13 16:08:47 [info     ] 		tanb: [60, 60, 60]           [Run3ModelGen.modelgen]
2024-08-13 16:08:47 [info     ] 		M_1: [-662.66, 854.85, -1579.58] [Run3ModelGen.modelgen]
2024-08-13 16:08:47 [info     ] 		M_2: [2000, 2000, 2000]      [Run3ModelGen.modelgen]
2024-08-13 16:08:47 [info     ] 		M_3: [4000, 4000, 4000]      [Run3ModelGen.modelgen]
2024-08-13 16:08:47 [info     ] 		AT: [4000, 4000, 4000]       [Run3ModelGen.modelgen]
2024-08-13 16:08:47 [info     ] 		Ab: [2000, 2000, 2000]       [Run3ModelGen.modelgen]
2024-08-13 16:08:47 [info     ] 		Atau: [2000, 2000, 2000]     [Run3ModelGen.modelgen]
2024-08-13 16:08:47 [info     ] 		mu: [2000, 2000, 2000]       [Run3ModelGen.modelgen]
2024-08-13 16:08:47 [info     ] 		mA: [2000, 2000, 2000]       [Run3ModelGen.modelgen]
2024-08-13 16:08:47 [info     ] 		meL: [2000, 2000, 2000]      [Run3ModelGen.modelgen]
2024-08-13 16:08:47 [info     ] 		mtauL: [2000, 2000, 2000]    [Run3ModelGen.modelgen]
2024-08-13 16:08:47 [info     ] 		meR: [2000, 2000, 2000]      [Run3ModelGen.modelgen]
2024-08-13 16:08:47 [info     ] 		mtauR: [2000, 2000, 2000]    [Run3ModelGen.modelgen]
2024-08-13 16:08:47 [info     ] 		mqL1: [4000, 4000, 4000]     [Run3ModelGen.modelgen]
2024-08-13 16:08:47 [info     ] 		mqL3: [4000, 4000, 4000]     [Run3ModelGen.modelgen]
2024-08-13 16:08:47 [info     ] 		muR: [4000, 4000, 4000]      [Run3ModelGen.modelgen]
2024-08-13 16:08:47 [info     ] 		mtR: [4000, 4000, 4000]      [Run3ModelGen.modelgen]
2024-08-13 16:08:47 [info     ] 		mdR: [4000, 4000, 4000]      [Run3ModelGen.modelgen]
2024-08-13 16:08:47 [info     ] 		mbR: [4000, 4000, 4000]      [Run3ModelGen.modelgen]
2024-08-13 16:08:47 [info     ] 	steps =                       [Run3ModelGen.modelgen]
2024-08-13 16:08:47 [info     ] 		{'name': 'prep_input', 'output_dir': 'input', 'prefix': 'IN'} [Run3ModelGen.modelgen]
2024-08-13 16:08:47 [info     ] 		{'name': 'SPheno', 'input_dir': 'input', 'output_dir': 'SPheno', 'log_dir': 'SPheno_log', 'prefix': 'SP'} [Run3ModelGen.modelgen]
2024-08-13 16:08:47 [info     ] 		{'name': 'softsusy', 'input_dir': 'input', 'output_dir': 'softsusy', 'prefix': 'SS'} [Run3ModelGen.modelgen]
2024-08-13 16:08:47 [info     ] 		{'name': 'micromegas', 'input_dir': 'SPheno', 'output_dir': 'micromegas', 'prefix': 'MO'} [Run3ModelGen.modelgen]
2024-08-13 16:08:47 [info     ] 		{'name': 'superiso', 'input_dir': 'SPheno', 'output_dir': 'superiso', 'prefix': 'SI'} [Run3ModelGen.modelgen]
2024-08-13 16:08:47 [info     ] 		{'name': 'gm2calc', 'input_dir': 'SPheno', 'output_dir': 'gm2calc', 'prefix': 'GM2'} [Run3ModelGen.modelgen]
2024-08-13 16:08:47 [info     ] 		{'name': 'evade', 'input_dir': 'SPheno', 'output_dir': 'evade', 'prefix': 'EV'} [Run3ModelGen.modelgen]
2024-08-13 16:08:47 [info     ] Starting Model Generation...   [Run3ModelGen.modelgen]
2024-08-13 16:08:47 [info     ] Setting up output directories for scan [Run3ModelGen.modelgen]
2024-08-13 16:08:47 [info     ] Generating Model: 0.slha (1/3) [Run3ModelGen.modelgen]
2024-08-13 16:08:47 [info     ] 	running step: prep_input      [Run3ModelGen.modelgen]
2024-08-13 16:08:47 [info     ] 	running step: SPheno          [Run3ModelGen.modelgen]
2024-08-13 16:08:47 [info     ] 	running step: softsusy        [Run3ModelGen.modelgen]
2024-08-13 16:08:47 [info     ] 	running step: micromegas      [Run3ModelGen.modelgen]
2024-08-13 16:08:48 [info     ] 	running step: superiso        [Run3ModelGen.modelgen]
2024-08-13 16:08:48 [info     ] 	running step: gm2calc         [Run3ModelGen.modelgen]
2024-08-13 16:08:48 [info     ] 	running step: evade           [Run3ModelGen.modelgen]
2024-08-13 16:08:48 [info     ] Generating Model: 1.slha (2/3) [Run3ModelGen.modelgen]
2024-08-13 16:08:48 [info     ] 	running step: prep_input      [Run3ModelGen.modelgen]
2024-08-13 16:08:48 [info     ] 	running step: SPheno          [Run3ModelGen.modelgen]
2024-08-13 16:08:48 [info     ] 	running step: softsusy        [Run3ModelGen.modelgen]
2024-08-13 16:08:48 [info     ] 	running step: micromegas      [Run3ModelGen.modelgen]
2024-08-13 16:08:48 [info     ] 	running step: superiso        [Run3ModelGen.modelgen]
2024-08-13 16:08:49 [info     ] 	running step: gm2calc         [Run3ModelGen.modelgen]
2024-08-13 16:08:49 [info     ] 	running step: evade           [Run3ModelGen.modelgen]
2024-08-13 16:08:49 [info     ] Generating Model: 2.slha (3/3) [Run3ModelGen.modelgen]
2024-08-13 16:08:49 [info     ] 	running step: prep_input      [Run3ModelGen.modelgen]
2024-08-13 16:08:49 [info     ] 	running step: SPheno          [Run3ModelGen.modelgen]
2024-08-13 16:08:49 [info     ] 	running step: softsusy        [Run3ModelGen.modelgen]
2024-08-13 16:08:49 [info     ] 	running step: micromegas      [Run3ModelGen.modelgen]
2024-08-13 16:08:50 [info     ] 	running step: superiso        [Run3ModelGen.modelgen]
2024-08-13 16:08:50 [info     ] 	running step: gm2calc         [Run3ModelGen.modelgen]
2024-08-13 16:08:50 [info     ] 	running step: evade           [Run3ModelGen.modelgen]
2024-08-13 16:08:50 [info     ] Finished generating models! Stats for successful generations (successful/attempted): [Run3ModelGen.modelgen]
2024-08-13 16:08:50 [info     ] 	prep_input: 3/3.              [Run3ModelGen.modelgen]
2024-08-13 16:08:50 [info     ] 	SPheno: 3/3.                  [Run3ModelGen.modelgen]
2024-08-13 16:08:50 [info     ] 	softsusy: 3/3.                [Run3ModelGen.modelgen]
2024-08-13 16:08:50 [info     ] 	micromegas: 3/3.              [Run3ModelGen.modelgen]
2024-08-13 16:08:50 [info     ] 	superiso: 3/3.                [Run3ModelGen.modelgen]
2024-08-13 16:08:50 [info     ] 	gm2calc: 3/3.                 [Run3ModelGen.modelgen]
2024-08-13 16:08:50 [info     ] 	evade: 0/3.                   [Run3ModelGen.modelgen]
2024-08-13 16:08:50 [info     ] Will make NTuple for: /u/dvoss/al_pmssmwithgp/Run3ModelGen/source/Run3ModelGen/scans/scan_4, with 3 models [Run3ModelGen.ntupling]
2024-08-13 16:08:50 [info     ] 	Filling values for model: 0   [Run3ModelGen.ntupling]
2024-08-13 16:08:50 [info     ] Saving NTuple in /u/dvoss/al_pmssmwithgp/Run3ModelGen/source/Run3ModelGen/scans/scan_4/ntuple.0.0.root ... [Run3ModelGen.ntupling]
Completed iteration 4
Starting iteration 5
                                  
================================= 
Global information about the job: 
================================= 
  
Job owner: dvoss(54815)
Job name:  test
Node list: ravg1161
Job start: Tue Aug 13 16:05:08 CEST 2024
Job end:   Tue Aug 13 16:09:04 CEST 2024
Work dir:  /raven/u/dvoss/al_pmssmwithgp/model
Command:   /raven/u/dvoss/al_pmssmwithgp/model/slurm/single_job.sbatch
  
  
  
==========================================================================================
Information on jobsteps (Note: MaxRSS/AveRSS is the maximum/average over all 
tasks of the per-task memory high-water marks; cf. "man sacct"): 
==========================================================================================
  
JobID            JobName NNodes NTasks  NCPUS       MaxRSS       AveRSS    Elapsed ExitCode
------------- ---------- ------ ------ ------ ------------ ------------ ---------- --------
12337544            test      1             4                             00:03:56      0:0
12337544.0        job.sh      1      1      4     2389.84M     2389.84M   00:03:38     0:15
  
Maximum memory per node: 2.505926 GB (defined as MaxRSS*Ntasks/NNodes)
CPU utilization: 14.4 %
  
