Loading pytorch/gpu-cuda-11.6/2.0.0
  Loading requirement: cudnn/8.8.1
Loading gpytorch/gpu-cuda-11.6/pytorch-1.11.0/1.8.0
  Loading requirement: cudnn/8.4.1 pytorch/gpu-cuda-11.6/1.11.0
ERROR: Could not find a version that satisfies the requirement scipy.stats (from versions: none)
ERROR: No matching distribution found for scipy.stats
ERROR: Could not find a version that satisfies the requirement scipy.interpolate (from versions: none)
ERROR: No matching distribution found for scipy.interpolate
sed: can't read param_list.txt: No such file or directory
/mpcdf/soft/SLE_15/packages/skylake/gpytorch/gpu-cuda-11.6/pytorch-1.11.0/anaconda_3_2021.11-2021.11/1.8.0/lib/python3.9/site-packages/gpytorch/utils/linear_cg.py:321: NumericalWarning: CG terminated in 1000 iterations with average residual norm 0.44963669776916504 which is larger than the tolerance of 1e-05 specified by gpytorch.settings.cg_tolerance. If performance is affected, consider raising the maximum number of CG iterations by running code in a gpytorch.settings.max_cg_iterations(value) context.
  warnings.warn(
/mpcdf/soft/SLE_15/packages/skylake/gpytorch/gpu-cuda-11.6/pytorch-1.11.0/anaconda_3_2021.11-2021.11/1.8.0/lib/python3.9/site-packages/gpytorch/functions/_pivoted_cholesky.py:114: UserWarning: torch.triangular_solve is deprecated in favor of torch.linalg.solve_triangularand will be removed in a future PyTorch release.
torch.linalg.solve_triangular has its arguments reversed and does not return a copy of one of the inputs.
X = torch.triangular_solve(B, A).solution
should be replaced with
X = torch.linalg.solve_triangular(A, B). (Triggered internally at  /home/abuild/rpmbuild/BUILD/pytorch-1.11.0/aten/src/ATen/native/BatchLinearAlgebra.cpp:1666.)
  [L, torch.triangular_solve(Krows[..., m:, :].transpose(-1, -2), L, upper=False)[0].transpose(-1, -2)],
/mpcdf/soft/SLE_15/packages/skylake/gpytorch/gpu-cuda-11.6/pytorch-1.11.0/anaconda_3_2021.11-2021.11/1.8.0/lib/python3.9/site-packages/gpytorch/lazy/added_diag_lazy_tensor.py:102: NumericalWarning: NaNs encountered in preconditioner computation. Attempting to continue without preconditioning.
  warnings.warn(
/mpcdf/soft/SLE_15/packages/skylake/gpytorch/gpu-cuda-11.6/pytorch-1.11.0/anaconda_3_2021.11-2021.11/1.8.0/lib/python3.9/site-packages/gpytorch/utils/linear_cg.py:321: NumericalWarning: CG terminated in 1000 iterations with average residual norm 11.875017166137695 which is larger than the tolerance of 1e-05 specified by gpytorch.settings.cg_tolerance. If performance is affected, consider raising the maximum number of CG iterations by running code in a gpytorch.settings.max_cg_iterations(value) context.
  warnings.warn(
/mpcdf/soft/SLE_15/packages/skylake/gpytorch/gpu-cuda-11.6/pytorch-1.11.0/anaconda_3_2021.11-2021.11/1.8.0/lib/python3.9/site-packages/gpytorch/utils/linear_cg.py:321: NumericalWarning: CG terminated in 1000 iterations with average residual norm 0.0024254091549664736 which is larger than the tolerance of 1e-05 specified by gpytorch.settings.cg_tolerance. If performance is affected, consider raising the maximum number of CG iterations by running code in a gpytorch.settings.max_cg_iterations(value) context.
  warnings.warn(
/mpcdf/soft/SLE_15/packages/skylake/gpytorch/gpu-cuda-11.6/pytorch-1.11.0/anaconda_3_2021.11-2021.11/1.8.0/lib/python3.9/site-packages/gpytorch/utils/linear_cg.py:321: NumericalWarning: CG terminated in 1000 iterations with average residual norm 47.68095397949219 which is larger than the tolerance of 1e-05 specified by gpytorch.settings.cg_tolerance. If performance is affected, consider raising the maximum number of CG iterations by running code in a gpytorch.settings.max_cg_iterations(value) context.
  warnings.warn(
/mpcdf/soft/SLE_15/packages/skylake/gpytorch/gpu-cuda-11.6/pytorch-1.11.0/anaconda_3_2021.11-2021.11/1.8.0/lib/python3.9/site-packages/gpytorch/utils/linear_cg.py:321: NumericalWarning: CG terminated in 1000 iterations with average residual norm 0.0006610790151171386 which is larger than the tolerance of 1e-05 specified by gpytorch.settings.cg_tolerance. If performance is affected, consider raising the maximum number of CG iterations by running code in a gpytorch.settings.max_cg_iterations(value) context.
  warnings.warn(
/mpcdf/soft/SLE_15/packages/skylake/gpytorch/gpu-cuda-11.6/pytorch-1.11.0/anaconda_3_2021.11-2021.11/1.8.0/lib/python3.9/site-packages/gpytorch/utils/linear_cg.py:321: NumericalWarning: CG terminated in 1000 iterations with average residual norm 9.737812042236328 which is larger than the tolerance of 1e-05 specified by gpytorch.settings.cg_tolerance. If performance is affected, consider raising the maximum number of CG iterations by running code in a gpytorch.settings.max_cg_iterations(value) context.
  warnings.warn(
/mpcdf/soft/SLE_15/packages/skylake/gpytorch/gpu-cuda-11.6/pytorch-1.11.0/anaconda_3_2021.11-2021.11/1.8.0/lib/python3.9/site-packages/gpytorch/utils/linear_cg.py:321: NumericalWarning: CG terminated in 1000 iterations with average residual norm 0.0031794263049960136 which is larger than the tolerance of 1e-05 specified by gpytorch.settings.cg_tolerance. If performance is affected, consider raising the maximum number of CG iterations by running code in a gpytorch.settings.max_cg_iterations(value) context.
  warnings.warn(
/mpcdf/soft/SLE_15/packages/skylake/gpytorch/gpu-cuda-11.6/pytorch-1.11.0/anaconda_3_2021.11-2021.11/1.8.0/lib/python3.9/site-packages/gpytorch/utils/linear_cg.py:321: NumericalWarning: CG terminated in 1000 iterations with average residual norm 48.9393310546875 which is larger than the tolerance of 1e-05 specified by gpytorch.settings.cg_tolerance. If performance is affected, consider raising the maximum number of CG iterations by running code in a gpytorch.settings.max_cg_iterations(value) context.
  warnings.warn(
/mpcdf/soft/SLE_15/packages/skylake/gpytorch/gpu-cuda-11.6/pytorch-1.11.0/anaconda_3_2021.11-2021.11/1.8.0/lib/python3.9/site-packages/gpytorch/utils/linear_cg.py:321: NumericalWarning: CG terminated in 1000 iterations with average residual norm 0.001556982402689755 which is larger than the tolerance of 1e-05 specified by gpytorch.settings.cg_tolerance. If performance is affected, consider raising the maximum number of CG iterations by running code in a gpytorch.settings.max_cg_iterations(value) context.
  warnings.warn(
/mpcdf/soft/SLE_15/packages/skylake/gpytorch/gpu-cuda-11.6/pytorch-1.11.0/anaconda_3_2021.11-2021.11/1.8.0/lib/python3.9/site-packages/gpytorch/utils/linear_cg.py:321: NumericalWarning: CG terminated in 1000 iterations with average residual norm 71.70211791992188 which is larger than the tolerance of 1e-05 specified by gpytorch.settings.cg_tolerance. If performance is affected, consider raising the maximum number of CG iterations by running code in a gpytorch.settings.max_cg_iterations(value) context.
  warnings.warn(
/mpcdf/soft/SLE_15/packages/skylake/gpytorch/gpu-cuda-11.6/pytorch-1.11.0/anaconda_3_2021.11-2021.11/1.8.0/lib/python3.9/site-packages/gpytorch/utils/linear_cg.py:321: NumericalWarning: CG terminated in 1000 iterations with average residual norm 0.003719788510352373 which is larger than the tolerance of 1e-05 specified by gpytorch.settings.cg_tolerance. If performance is affected, consider raising the maximum number of CG iterations by running code in a gpytorch.settings.max_cg_iterations(value) context.
  warnings.warn(
/mpcdf/soft/SLE_15/packages/skylake/gpytorch/gpu-cuda-11.6/pytorch-1.11.0/anaconda_3_2021.11-2021.11/1.8.0/lib/python3.9/site-packages/gpytorch/utils/linear_cg.py:321: NumericalWarning: CG terminated in 1000 iterations with average residual norm 14.729936599731445 which is larger than the tolerance of 1e-05 specified by gpytorch.settings.cg_tolerance. If performance is affected, consider raising the maximum number of CG iterations by running code in a gpytorch.settings.max_cg_iterations(value) context.
  warnings.warn(
/mpcdf/soft/SLE_15/packages/skylake/gpytorch/gpu-cuda-11.6/pytorch-1.11.0/anaconda_3_2021.11-2021.11/1.8.0/lib/python3.9/site-packages/gpytorch/utils/linear_cg.py:321: NumericalWarning: CG terminated in 1000 iterations with average residual norm 0.0016208554152399302 which is larger than the tolerance of 1e-05 specified by gpytorch.settings.cg_tolerance. If performance is affected, consider raising the maximum number of CG iterations by running code in a gpytorch.settings.max_cg_iterations(value) context.
  warnings.warn(
/mpcdf/soft/SLE_15/packages/skylake/gpytorch/gpu-cuda-11.6/pytorch-1.11.0/anaconda_3_2021.11-2021.11/1.8.0/lib/python3.9/site-packages/gpytorch/utils/linear_cg.py:321: NumericalWarning: CG terminated in 1000 iterations with average residual norm 19.82111930847168 which is larger than the tolerance of 1e-05 specified by gpytorch.settings.cg_tolerance. If performance is affected, consider raising the maximum number of CG iterations by running code in a gpytorch.settings.max_cg_iterations(value) context.
  warnings.warn(
/mpcdf/soft/SLE_15/packages/skylake/gpytorch/gpu-cuda-11.6/pytorch-1.11.0/anaconda_3_2021.11-2021.11/1.8.0/lib/python3.9/site-packages/gpytorch/utils/linear_cg.py:321: NumericalWarning: CG terminated in 1000 iterations with average residual norm 0.0013585744891315699 which is larger than the tolerance of 1e-05 specified by gpytorch.settings.cg_tolerance. If performance is affected, consider raising the maximum number of CG iterations by running code in a gpytorch.settings.max_cg_iterations(value) context.
  warnings.warn(
/mpcdf/soft/SLE_15/packages/skylake/gpytorch/gpu-cuda-11.6/pytorch-1.11.0/anaconda_3_2021.11-2021.11/1.8.0/lib/python3.9/site-packages/gpytorch/utils/linear_cg.py:321: NumericalWarning: CG terminated in 1000 iterations with average residual norm 14.761266708374023 which is larger than the tolerance of 1e-05 specified by gpytorch.settings.cg_tolerance. If performance is affected, consider raising the maximum number of CG iterations by running code in a gpytorch.settings.max_cg_iterations(value) context.
  warnings.warn(
/mpcdf/soft/SLE_15/packages/skylake/gpytorch/gpu-cuda-11.6/pytorch-1.11.0/anaconda_3_2021.11-2021.11/1.8.0/lib/python3.9/site-packages/gpytorch/utils/linear_cg.py:321: NumericalWarning: CG terminated in 1000 iterations with average residual norm 0.004292084835469723 which is larger than the tolerance of 1e-05 specified by gpytorch.settings.cg_tolerance. If performance is affected, consider raising the maximum number of CG iterations by running code in a gpytorch.settings.max_cg_iterations(value) context.
  warnings.warn(
/mpcdf/soft/SLE_15/packages/skylake/gpytorch/gpu-cuda-11.6/pytorch-1.11.0/anaconda_3_2021.11-2021.11/1.8.0/lib/python3.9/site-packages/gpytorch/utils/linear_cg.py:321: NumericalWarning: CG terminated in 1000 iterations with average residual norm 12.22398567199707 which is larger than the tolerance of 1e-05 specified by gpytorch.settings.cg_tolerance. If performance is affected, consider raising the maximum number of CG iterations by running code in a gpytorch.settings.max_cg_iterations(value) context.
  warnings.warn(
/mpcdf/soft/SLE_15/packages/skylake/gpytorch/gpu-cuda-11.6/pytorch-1.11.0/anaconda_3_2021.11-2021.11/1.8.0/lib/python3.9/site-packages/gpytorch/utils/linear_cg.py:321: NumericalWarning: CG terminated in 1000 iterations with average residual norm 0.0019980811048299074 which is larger than the tolerance of 1e-05 specified by gpytorch.settings.cg_tolerance. If performance is affected, consider raising the maximum number of CG iterations by running code in a gpytorch.settings.max_cg_iterations(value) context.
  warnings.warn(
/mpcdf/soft/SLE_15/packages/skylake/gpytorch/gpu-cuda-11.6/pytorch-1.11.0/anaconda_3_2021.11-2021.11/1.8.0/lib/python3.9/site-packages/gpytorch/utils/linear_cg.py:321: NumericalWarning: CG terminated in 1000 iterations with average residual norm 54.6504020690918 which is larger than the tolerance of 1e-05 specified by gpytorch.settings.cg_tolerance. If performance is affected, consider raising the maximum number of CG iterations by running code in a gpytorch.settings.max_cg_iterations(value) context.
  warnings.warn(
/mpcdf/soft/SLE_15/packages/skylake/gpytorch/gpu-cuda-11.6/pytorch-1.11.0/anaconda_3_2021.11-2021.11/1.8.0/lib/python3.9/site-packages/gpytorch/utils/linear_cg.py:321: NumericalWarning: CG terminated in 1000 iterations with average residual norm 0.00445170421153307 which is larger than the tolerance of 1e-05 specified by gpytorch.settings.cg_tolerance. If performance is affected, consider raising the maximum number of CG iterations by running code in a gpytorch.settings.max_cg_iterations(value) context.
  warnings.warn(
/mpcdf/soft/SLE_15/packages/skylake/gpytorch/gpu-cuda-11.6/pytorch-1.11.0/anaconda_3_2021.11-2021.11/1.8.0/lib/python3.9/site-packages/gpytorch/utils/linear_cg.py:321: NumericalWarning: CG terminated in 1000 iterations with average residual norm 150.52606201171875 which is larger than the tolerance of 1e-05 specified by gpytorch.settings.cg_tolerance. If performance is affected, consider raising the maximum number of CG iterations by running code in a gpytorch.settings.max_cg_iterations(value) context.
  warnings.warn(
/mpcdf/soft/SLE_15/packages/skylake/gpytorch/gpu-cuda-11.6/pytorch-1.11.0/anaconda_3_2021.11-2021.11/1.8.0/lib/python3.9/site-packages/gpytorch/utils/linear_cg.py:321: NumericalWarning: CG terminated in 1000 iterations with average residual norm 0.0015450946521013975 which is larger than the tolerance of 1e-05 specified by gpytorch.settings.cg_tolerance. If performance is affected, consider raising the maximum number of CG iterations by running code in a gpytorch.settings.max_cg_iterations(value) context.
  warnings.warn(
/mpcdf/soft/SLE_15/packages/skylake/gpytorch/gpu-cuda-11.6/pytorch-1.11.0/anaconda_3_2021.11-2021.11/1.8.0/lib/python3.9/site-packages/gpytorch/utils/linear_cg.py:321: NumericalWarning: CG terminated in 1000 iterations with average residual norm 18.419450759887695 which is larger than the tolerance of 1e-05 specified by gpytorch.settings.cg_tolerance. If performance is affected, consider raising the maximum number of CG iterations by running code in a gpytorch.settings.max_cg_iterations(value) context.
  warnings.warn(
/mpcdf/soft/SLE_15/packages/skylake/gpytorch/gpu-cuda-11.6/pytorch-1.11.0/anaconda_3_2021.11-2021.11/1.8.0/lib/python3.9/site-packages/gpytorch/utils/linear_cg.py:321: NumericalWarning: CG terminated in 1000 iterations with average residual norm 0.0014232549583539367 which is larger than the tolerance of 1e-05 specified by gpytorch.settings.cg_tolerance. If performance is affected, consider raising the maximum number of CG iterations by running code in a gpytorch.settings.max_cg_iterations(value) context.
  warnings.warn(
/mpcdf/soft/SLE_15/packages/skylake/gpytorch/gpu-cuda-11.6/pytorch-1.11.0/anaconda_3_2021.11-2021.11/1.8.0/lib/python3.9/site-packages/gpytorch/utils/linear_cg.py:321: NumericalWarning: CG terminated in 1000 iterations with average residual norm 10.908092498779297 which is larger than the tolerance of 1e-05 specified by gpytorch.settings.cg_tolerance. If performance is affected, consider raising the maximum number of CG iterations by running code in a gpytorch.settings.max_cg_iterations(value) context.
  warnings.warn(
/mpcdf/soft/SLE_15/packages/skylake/gpytorch/gpu-cuda-11.6/pytorch-1.11.0/anaconda_3_2021.11-2021.11/1.8.0/lib/python3.9/site-packages/gpytorch/utils/linear_cg.py:321: NumericalWarning: CG terminated in 1000 iterations with average residual norm 0.00590153643861413 which is larger than the tolerance of 1e-05 specified by gpytorch.settings.cg_tolerance. If performance is affected, consider raising the maximum number of CG iterations by running code in a gpytorch.settings.max_cg_iterations(value) context.
  warnings.warn(
/mpcdf/soft/SLE_15/packages/skylake/gpytorch/gpu-cuda-11.6/pytorch-1.11.0/anaconda_3_2021.11-2021.11/1.8.0/lib/python3.9/site-packages/gpytorch/utils/linear_cg.py:321: NumericalWarning: CG terminated in 1000 iterations with average residual norm 601.8024291992188 which is larger than the tolerance of 1e-05 specified by gpytorch.settings.cg_tolerance. If performance is affected, consider raising the maximum number of CG iterations by running code in a gpytorch.settings.max_cg_iterations(value) context.
  warnings.warn(
/mpcdf/soft/SLE_15/packages/skylake/gpytorch/gpu-cuda-11.6/pytorch-1.11.0/anaconda_3_2021.11-2021.11/1.8.0/lib/python3.9/site-packages/gpytorch/utils/linear_cg.py:321: NumericalWarning: CG terminated in 1000 iterations with average residual norm 0.0015425327001139522 which is larger than the tolerance of 1e-05 specified by gpytorch.settings.cg_tolerance. If performance is affected, consider raising the maximum number of CG iterations by running code in a gpytorch.settings.max_cg_iterations(value) context.
  warnings.warn(
/mpcdf/soft/SLE_15/packages/skylake/gpytorch/gpu-cuda-11.6/pytorch-1.11.0/anaconda_3_2021.11-2021.11/1.8.0/lib/python3.9/site-packages/gpytorch/utils/linear_cg.py:321: NumericalWarning: CG terminated in 1000 iterations with average residual norm 21.764591217041016 which is larger than the tolerance of 1e-05 specified by gpytorch.settings.cg_tolerance. If performance is affected, consider raising the maximum number of CG iterations by running code in a gpytorch.settings.max_cg_iterations(value) context.
  warnings.warn(
/mpcdf/soft/SLE_15/packages/skylake/gpytorch/gpu-cuda-11.6/pytorch-1.11.0/anaconda_3_2021.11-2021.11/1.8.0/lib/python3.9/site-packages/gpytorch/utils/linear_cg.py:321: NumericalWarning: CG terminated in 1000 iterations with average residual norm 0.011366259306669235 which is larger than the tolerance of 1e-05 specified by gpytorch.settings.cg_tolerance. If performance is affected, consider raising the maximum number of CG iterations by running code in a gpytorch.settings.max_cg_iterations(value) context.
  warnings.warn(
/mpcdf/soft/SLE_15/packages/skylake/gpytorch/gpu-cuda-11.6/pytorch-1.11.0/anaconda_3_2021.11-2021.11/1.8.0/lib/python3.9/site-packages/gpytorch/utils/linear_cg.py:321: NumericalWarning: CG terminated in 1000 iterations with average residual norm 14.492744445800781 which is larger than the tolerance of 1e-05 specified by gpytorch.settings.cg_tolerance. If performance is affected, consider raising the maximum number of CG iterations by running code in a gpytorch.settings.max_cg_iterations(value) context.
  warnings.warn(
/mpcdf/soft/SLE_15/packages/skylake/gpytorch/gpu-cuda-11.6/pytorch-1.11.0/anaconda_3_2021.11-2021.11/1.8.0/lib/python3.9/site-packages/gpytorch/utils/linear_cg.py:321: NumericalWarning: CG terminated in 1000 iterations with average residual norm 0.001834608381614089 which is larger than the tolerance of 1e-05 specified by gpytorch.settings.cg_tolerance. If performance is affected, consider raising the maximum number of CG iterations by running code in a gpytorch.settings.max_cg_iterations(value) context.
  warnings.warn(
/mpcdf/soft/SLE_15/packages/skylake/gpytorch/gpu-cuda-11.6/pytorch-1.11.0/anaconda_3_2021.11-2021.11/1.8.0/lib/python3.9/site-packages/gpytorch/utils/linear_cg.py:321: NumericalWarning: CG terminated in 1000 iterations with average residual norm 13.418780326843262 which is larger than the tolerance of 1e-05 specified by gpytorch.settings.cg_tolerance. If performance is affected, consider raising the maximum number of CG iterations by running code in a gpytorch.settings.max_cg_iterations(value) context.
  warnings.warn(
/mpcdf/soft/SLE_15/packages/skylake/gpytorch/gpu-cuda-11.6/pytorch-1.11.0/anaconda_3_2021.11-2021.11/1.8.0/lib/python3.9/site-packages/gpytorch/utils/linear_cg.py:321: NumericalWarning: CG terminated in 1000 iterations with average residual norm 0.0005205877823755145 which is larger than the tolerance of 1e-05 specified by gpytorch.settings.cg_tolerance. If performance is affected, consider raising the maximum number of CG iterations by running code in a gpytorch.settings.max_cg_iterations(value) context.
  warnings.warn(
/mpcdf/soft/SLE_15/packages/skylake/gpytorch/gpu-cuda-11.6/pytorch-1.11.0/anaconda_3_2021.11-2021.11/1.8.0/lib/python3.9/site-packages/gpytorch/utils/linear_cg.py:321: NumericalWarning: CG terminated in 1000 iterations with average residual norm 72.07564544677734 which is larger than the tolerance of 1e-05 specified by gpytorch.settings.cg_tolerance. If performance is affected, consider raising the maximum number of CG iterations by running code in a gpytorch.settings.max_cg_iterations(value) context.
  warnings.warn(
/mpcdf/soft/SLE_15/packages/skylake/gpytorch/gpu-cuda-11.6/pytorch-1.11.0/anaconda_3_2021.11-2021.11/1.8.0/lib/python3.9/site-packages/gpytorch/utils/linear_cg.py:321: NumericalWarning: CG terminated in 1000 iterations with average residual norm 0.001980149419978261 which is larger than the tolerance of 1e-05 specified by gpytorch.settings.cg_tolerance. If performance is affected, consider raising the maximum number of CG iterations by running code in a gpytorch.settings.max_cg_iterations(value) context.
  warnings.warn(
/mpcdf/soft/SLE_15/packages/skylake/gpytorch/gpu-cuda-11.6/pytorch-1.11.0/anaconda_3_2021.11-2021.11/1.8.0/lib/python3.9/site-packages/gpytorch/utils/linear_cg.py:321: NumericalWarning: CG terminated in 1000 iterations with average residual norm 13.32424259185791 which is larger than the tolerance of 1e-05 specified by gpytorch.settings.cg_tolerance. If performance is affected, consider raising the maximum number of CG iterations by running code in a gpytorch.settings.max_cg_iterations(value) context.
  warnings.warn(
/mpcdf/soft/SLE_15/packages/skylake/gpytorch/gpu-cuda-11.6/pytorch-1.11.0/anaconda_3_2021.11-2021.11/1.8.0/lib/python3.9/site-packages/gpytorch/utils/linear_cg.py:321: NumericalWarning: CG terminated in 1000 iterations with average residual norm 0.0005804100073873997 which is larger than the tolerance of 1e-05 specified by gpytorch.settings.cg_tolerance. If performance is affected, consider raising the maximum number of CG iterations by running code in a gpytorch.settings.max_cg_iterations(value) context.
  warnings.warn(
/mpcdf/soft/SLE_15/packages/skylake/gpytorch/gpu-cuda-11.6/pytorch-1.11.0/anaconda_3_2021.11-2021.11/1.8.0/lib/python3.9/site-packages/gpytorch/utils/linear_cg.py:321: NumericalWarning: CG terminated in 1000 iterations with average residual norm 1811.4171142578125 which is larger than the tolerance of 1e-05 specified by gpytorch.settings.cg_tolerance. If performance is affected, consider raising the maximum number of CG iterations by running code in a gpytorch.settings.max_cg_iterations(value) context.
  warnings.warn(
/mpcdf/soft/SLE_15/packages/skylake/gpytorch/gpu-cuda-11.6/pytorch-1.11.0/anaconda_3_2021.11-2021.11/1.8.0/lib/python3.9/site-packages/gpytorch/utils/linear_cg.py:321: NumericalWarning: CG terminated in 1000 iterations with average residual norm 0.0019042415078729391 which is larger than the tolerance of 1e-05 specified by gpytorch.settings.cg_tolerance. If performance is affected, consider raising the maximum number of CG iterations by running code in a gpytorch.settings.max_cg_iterations(value) context.
  warnings.warn(
/mpcdf/soft/SLE_15/packages/skylake/gpytorch/gpu-cuda-11.6/pytorch-1.11.0/anaconda_3_2021.11-2021.11/1.8.0/lib/python3.9/site-packages/gpytorch/utils/linear_cg.py:321: NumericalWarning: CG terminated in 1000 iterations with average residual norm 11.553058624267578 which is larger than the tolerance of 1e-05 specified by gpytorch.settings.cg_tolerance. If performance is affected, consider raising the maximum number of CG iterations by running code in a gpytorch.settings.max_cg_iterations(value) context.
  warnings.warn(
/mpcdf/soft/SLE_15/packages/skylake/gpytorch/gpu-cuda-11.6/pytorch-1.11.0/anaconda_3_2021.11-2021.11/1.8.0/lib/python3.9/site-packages/gpytorch/utils/linear_cg.py:321: NumericalWarning: CG terminated in 1000 iterations with average residual norm 0.0035578145179897547 which is larger than the tolerance of 1e-05 specified by gpytorch.settings.cg_tolerance. If performance is affected, consider raising the maximum number of CG iterations by running code in a gpytorch.settings.max_cg_iterations(value) context.
  warnings.warn(
/mpcdf/soft/SLE_15/packages/skylake/gpytorch/gpu-cuda-11.6/pytorch-1.11.0/anaconda_3_2021.11-2021.11/1.8.0/lib/python3.9/site-packages/gpytorch/utils/linear_cg.py:321: NumericalWarning: CG terminated in 1000 iterations with average residual norm 12.101323127746582 which is larger than the tolerance of 1e-05 specified by gpytorch.settings.cg_tolerance. If performance is affected, consider raising the maximum number of CG iterations by running code in a gpytorch.settings.max_cg_iterations(value) context.
  warnings.warn(
/mpcdf/soft/SLE_15/packages/skylake/gpytorch/gpu-cuda-11.6/pytorch-1.11.0/anaconda_3_2021.11-2021.11/1.8.0/lib/python3.9/site-packages/gpytorch/utils/linear_cg.py:321: NumericalWarning: CG terminated in 1000 iterations with average residual norm 0.001122153946198523 which is larger than the tolerance of 1e-05 specified by gpytorch.settings.cg_tolerance. If performance is affected, consider raising the maximum number of CG iterations by running code in a gpytorch.settings.max_cg_iterations(value) context.
  warnings.warn(
/mpcdf/soft/SLE_15/packages/skylake/gpytorch/gpu-cuda-11.6/pytorch-1.11.0/anaconda_3_2021.11-2021.11/1.8.0/lib/python3.9/site-packages/gpytorch/utils/linear_cg.py:321: NumericalWarning: CG terminated in 1000 iterations with average residual norm 22.482463836669922 which is larger than the tolerance of 1e-05 specified by gpytorch.settings.cg_tolerance. If performance is affected, consider raising the maximum number of CG iterations by running code in a gpytorch.settings.max_cg_iterations(value) context.
  warnings.warn(
/mpcdf/soft/SLE_15/packages/skylake/gpytorch/gpu-cuda-11.6/pytorch-1.11.0/anaconda_3_2021.11-2021.11/1.8.0/lib/python3.9/site-packages/gpytorch/utils/linear_cg.py:321: NumericalWarning: CG terminated in 1000 iterations with average residual norm 0.00471275532618165 which is larger than the tolerance of 1e-05 specified by gpytorch.settings.cg_tolerance. If performance is affected, consider raising the maximum number of CG iterations by running code in a gpytorch.settings.max_cg_iterations(value) context.
  warnings.warn(
/mpcdf/soft/SLE_15/packages/skylake/gpytorch/gpu-cuda-11.6/pytorch-1.11.0/anaconda_3_2021.11-2021.11/1.8.0/lib/python3.9/site-packages/gpytorch/utils/linear_cg.py:321: NumericalWarning: CG terminated in 1000 iterations with average residual norm 15.288078308105469 which is larger than the tolerance of 1e-05 specified by gpytorch.settings.cg_tolerance. If performance is affected, consider raising the maximum number of CG iterations by running code in a gpytorch.settings.max_cg_iterations(value) context.
  warnings.warn(
/mpcdf/soft/SLE_15/packages/skylake/gpytorch/gpu-cuda-11.6/pytorch-1.11.0/anaconda_3_2021.11-2021.11/1.8.0/lib/python3.9/site-packages/gpytorch/utils/linear_cg.py:321: NumericalWarning: CG terminated in 1000 iterations with average residual norm 0.00015255944163072854 which is larger than the tolerance of 1e-05 specified by gpytorch.settings.cg_tolerance. If performance is affected, consider raising the maximum number of CG iterations by running code in a gpytorch.settings.max_cg_iterations(value) context.
  warnings.warn(
/mpcdf/soft/SLE_15/packages/skylake/gpytorch/gpu-cuda-11.6/pytorch-1.11.0/anaconda_3_2021.11-2021.11/1.8.0/lib/python3.9/site-packages/gpytorch/utils/linear_cg.py:321: NumericalWarning: CG terminated in 1000 iterations with average residual norm 6.993291854858398 which is larger than the tolerance of 1e-05 specified by gpytorch.settings.cg_tolerance. If performance is affected, consider raising the maximum number of CG iterations by running code in a gpytorch.settings.max_cg_iterations(value) context.
  warnings.warn(
/mpcdf/soft/SLE_15/packages/skylake/gpytorch/gpu-cuda-11.6/pytorch-1.11.0/anaconda_3_2021.11-2021.11/1.8.0/lib/python3.9/site-packages/gpytorch/utils/linear_cg.py:321: NumericalWarning: CG terminated in 1000 iterations with average residual norm 0.0019105824176222086 which is larger than the tolerance of 1e-05 specified by gpytorch.settings.cg_tolerance. If performance is affected, consider raising the maximum number of CG iterations by running code in a gpytorch.settings.max_cg_iterations(value) context.
  warnings.warn(
/mpcdf/soft/SLE_15/packages/skylake/gpytorch/gpu-cuda-11.6/pytorch-1.11.0/anaconda_3_2021.11-2021.11/1.8.0/lib/python3.9/site-packages/gpytorch/utils/linear_cg.py:321: NumericalWarning: CG terminated in 1000 iterations with average residual norm 37.25238800048828 which is larger than the tolerance of 1e-05 specified by gpytorch.settings.cg_tolerance. If performance is affected, consider raising the maximum number of CG iterations by running code in a gpytorch.settings.max_cg_iterations(value) context.
  warnings.warn(
/mpcdf/soft/SLE_15/packages/skylake/gpytorch/gpu-cuda-11.6/pytorch-1.11.0/anaconda_3_2021.11-2021.11/1.8.0/lib/python3.9/site-packages/gpytorch/utils/linear_cg.py:321: NumericalWarning: CG terminated in 1000 iterations with average residual norm 0.0021722004748880863 which is larger than the tolerance of 1e-05 specified by gpytorch.settings.cg_tolerance. If performance is affected, consider raising the maximum number of CG iterations by running code in a gpytorch.settings.max_cg_iterations(value) context.
  warnings.warn(
/mpcdf/soft/SLE_15/packages/skylake/gpytorch/gpu-cuda-11.6/pytorch-1.11.0/anaconda_3_2021.11-2021.11/1.8.0/lib/python3.9/site-packages/gpytorch/utils/linear_cg.py:321: NumericalWarning: CG terminated in 1000 iterations with average residual norm 18.73760223388672 which is larger than the tolerance of 1e-05 specified by gpytorch.settings.cg_tolerance. If performance is affected, consider raising the maximum number of CG iterations by running code in a gpytorch.settings.max_cg_iterations(value) context.
  warnings.warn(
/mpcdf/soft/SLE_15/packages/skylake/gpytorch/gpu-cuda-11.6/pytorch-1.11.0/anaconda_3_2021.11-2021.11/1.8.0/lib/python3.9/site-packages/gpytorch/utils/linear_cg.py:321: NumericalWarning: CG terminated in 1000 iterations with average residual norm 0.00045807610149495304 which is larger than the tolerance of 1e-05 specified by gpytorch.settings.cg_tolerance. If performance is affected, consider raising the maximum number of CG iterations by running code in a gpytorch.settings.max_cg_iterations(value) context.
  warnings.warn(
/mpcdf/soft/SLE_15/packages/skylake/gpytorch/gpu-cuda-11.6/pytorch-1.11.0/anaconda_3_2021.11-2021.11/1.8.0/lib/python3.9/site-packages/gpytorch/utils/linear_cg.py:321: NumericalWarning: CG terminated in 1000 iterations with average residual norm 132.1160430908203 which is larger than the tolerance of 1e-05 specified by gpytorch.settings.cg_tolerance. If performance is affected, consider raising the maximum number of CG iterations by running code in a gpytorch.settings.max_cg_iterations(value) context.
  warnings.warn(
/mpcdf/soft/SLE_15/packages/skylake/gpytorch/gpu-cuda-11.6/pytorch-1.11.0/anaconda_3_2021.11-2021.11/1.8.0/lib/python3.9/site-packages/gpytorch/utils/linear_cg.py:321: NumericalWarning: CG terminated in 1000 iterations with average residual norm 0.004691663663834333 which is larger than the tolerance of 1e-05 specified by gpytorch.settings.cg_tolerance. If performance is affected, consider raising the maximum number of CG iterations by running code in a gpytorch.settings.max_cg_iterations(value) context.
  warnings.warn(
/mpcdf/soft/SLE_15/packages/skylake/gpytorch/gpu-cuda-11.6/pytorch-1.11.0/anaconda_3_2021.11-2021.11/1.8.0/lib/python3.9/site-packages/gpytorch/utils/linear_cg.py:321: NumericalWarning: CG terminated in 1000 iterations with average residual norm 9.664864540100098 which is larger than the tolerance of 1e-05 specified by gpytorch.settings.cg_tolerance. If performance is affected, consider raising the maximum number of CG iterations by running code in a gpytorch.settings.max_cg_iterations(value) context.
  warnings.warn(
/mpcdf/soft/SLE_15/packages/skylake/gpytorch/gpu-cuda-11.6/pytorch-1.11.0/anaconda_3_2021.11-2021.11/1.8.0/lib/python3.9/site-packages/gpytorch/utils/linear_cg.py:321: NumericalWarning: CG terminated in 1000 iterations with average residual norm 0.0007765074842609465 which is larger than the tolerance of 1e-05 specified by gpytorch.settings.cg_tolerance. If performance is affected, consider raising the maximum number of CG iterations by running code in a gpytorch.settings.max_cg_iterations(value) context.
  warnings.warn(
/mpcdf/soft/SLE_15/packages/skylake/gpytorch/gpu-cuda-11.6/pytorch-1.11.0/anaconda_3_2021.11-2021.11/1.8.0/lib/python3.9/site-packages/gpytorch/utils/linear_cg.py:321: NumericalWarning: CG terminated in 1000 iterations with average residual norm 10.154314994812012 which is larger than the tolerance of 1e-05 specified by gpytorch.settings.cg_tolerance. If performance is affected, consider raising the maximum number of CG iterations by running code in a gpytorch.settings.max_cg_iterations(value) context.
  warnings.warn(
/mpcdf/soft/SLE_15/packages/skylake/gpytorch/gpu-cuda-11.6/pytorch-1.11.0/anaconda_3_2021.11-2021.11/1.8.0/lib/python3.9/site-packages/gpytorch/utils/linear_cg.py:321: NumericalWarning: CG terminated in 1000 iterations with average residual norm 0.003655909327790141 which is larger than the tolerance of 1e-05 specified by gpytorch.settings.cg_tolerance. If performance is affected, consider raising the maximum number of CG iterations by running code in a gpytorch.settings.max_cg_iterations(value) context.
  warnings.warn(
/mpcdf/soft/SLE_15/packages/skylake/gpytorch/gpu-cuda-11.6/pytorch-1.11.0/anaconda_3_2021.11-2021.11/1.8.0/lib/python3.9/site-packages/gpytorch/utils/linear_cg.py:321: NumericalWarning: CG terminated in 1000 iterations with average residual norm 59.34828567504883 which is larger than the tolerance of 1e-05 specified by gpytorch.settings.cg_tolerance. If performance is affected, consider raising the maximum number of CG iterations by running code in a gpytorch.settings.max_cg_iterations(value) context.
  warnings.warn(
/mpcdf/soft/SLE_15/packages/skylake/gpytorch/gpu-cuda-11.6/pytorch-1.11.0/anaconda_3_2021.11-2021.11/1.8.0/lib/python3.9/site-packages/gpytorch/utils/linear_cg.py:321: NumericalWarning: CG terminated in 1000 iterations with average residual norm 0.0010776999406516552 which is larger than the tolerance of 1e-05 specified by gpytorch.settings.cg_tolerance. If performance is affected, consider raising the maximum number of CG iterations by running code in a gpytorch.settings.max_cg_iterations(value) context.
  warnings.warn(
/mpcdf/soft/SLE_15/packages/skylake/gpytorch/gpu-cuda-11.6/pytorch-1.11.0/anaconda_3_2021.11-2021.11/1.8.0/lib/python3.9/site-packages/gpytorch/utils/linear_cg.py:321: NumericalWarning: CG terminated in 1000 iterations with average residual norm 9.46426010131836 which is larger than the tolerance of 1e-05 specified by gpytorch.settings.cg_tolerance. If performance is affected, consider raising the maximum number of CG iterations by running code in a gpytorch.settings.max_cg_iterations(value) context.
  warnings.warn(
/mpcdf/soft/SLE_15/packages/skylake/gpytorch/gpu-cuda-11.6/pytorch-1.11.0/anaconda_3_2021.11-2021.11/1.8.0/lib/python3.9/site-packages/gpytorch/utils/linear_cg.py:321: NumericalWarning: CG terminated in 1000 iterations with average residual norm 0.0010260321432724595 which is larger than the tolerance of 1e-05 specified by gpytorch.settings.cg_tolerance. If performance is affected, consider raising the maximum number of CG iterations by running code in a gpytorch.settings.max_cg_iterations(value) context.
  warnings.warn(
/mpcdf/soft/SLE_15/packages/skylake/gpytorch/gpu-cuda-11.6/pytorch-1.11.0/anaconda_3_2021.11-2021.11/1.8.0/lib/python3.9/site-packages/gpytorch/utils/linear_cg.py:321: NumericalWarning: CG terminated in 1000 iterations with average residual norm 94.10604095458984 which is larger than the tolerance of 1e-05 specified by gpytorch.settings.cg_tolerance. If performance is affected, consider raising the maximum number of CG iterations by running code in a gpytorch.settings.max_cg_iterations(value) context.
  warnings.warn(
/mpcdf/soft/SLE_15/packages/skylake/gpytorch/gpu-cuda-11.6/pytorch-1.11.0/anaconda_3_2021.11-2021.11/1.8.0/lib/python3.9/site-packages/gpytorch/utils/linear_cg.py:321: NumericalWarning: CG terminated in 1000 iterations with average residual norm 0.0009806326124817133 which is larger than the tolerance of 1e-05 specified by gpytorch.settings.cg_tolerance. If performance is affected, consider raising the maximum number of CG iterations by running code in a gpytorch.settings.max_cg_iterations(value) context.
  warnings.warn(
/mpcdf/soft/SLE_15/packages/skylake/gpytorch/gpu-cuda-11.6/pytorch-1.11.0/anaconda_3_2021.11-2021.11/1.8.0/lib/python3.9/site-packages/gpytorch/utils/linear_cg.py:321: NumericalWarning: CG terminated in 1000 iterations with average residual norm 16.189504623413086 which is larger than the tolerance of 1e-05 specified by gpytorch.settings.cg_tolerance. If performance is affected, consider raising the maximum number of CG iterations by running code in a gpytorch.settings.max_cg_iterations(value) context.
  warnings.warn(
/mpcdf/soft/SLE_15/packages/skylake/gpytorch/gpu-cuda-11.6/pytorch-1.11.0/anaconda_3_2021.11-2021.11/1.8.0/lib/python3.9/site-packages/gpytorch/utils/linear_cg.py:321: NumericalWarning: CG terminated in 1000 iterations with average residual norm 0.0008212050306610763 which is larger than the tolerance of 1e-05 specified by gpytorch.settings.cg_tolerance. If performance is affected, consider raising the maximum number of CG iterations by running code in a gpytorch.settings.max_cg_iterations(value) context.
  warnings.warn(
/mpcdf/soft/SLE_15/packages/skylake/gpytorch/gpu-cuda-11.6/pytorch-1.11.0/anaconda_3_2021.11-2021.11/1.8.0/lib/python3.9/site-packages/gpytorch/utils/linear_cg.py:321: NumericalWarning: CG terminated in 1000 iterations with average residual norm 252.83021545410156 which is larger than the tolerance of 1e-05 specified by gpytorch.settings.cg_tolerance. If performance is affected, consider raising the maximum number of CG iterations by running code in a gpytorch.settings.max_cg_iterations(value) context.
  warnings.warn(
/mpcdf/soft/SLE_15/packages/skylake/gpytorch/gpu-cuda-11.6/pytorch-1.11.0/anaconda_3_2021.11-2021.11/1.8.0/lib/python3.9/site-packages/gpytorch/utils/linear_cg.py:321: NumericalWarning: CG terminated in 1000 iterations with average residual norm 0.0014684676425531507 which is larger than the tolerance of 1e-05 specified by gpytorch.settings.cg_tolerance. If performance is affected, consider raising the maximum number of CG iterations by running code in a gpytorch.settings.max_cg_iterations(value) context.
  warnings.warn(
/mpcdf/soft/SLE_15/packages/skylake/gpytorch/gpu-cuda-11.6/pytorch-1.11.0/anaconda_3_2021.11-2021.11/1.8.0/lib/python3.9/site-packages/gpytorch/utils/linear_cg.py:321: NumericalWarning: CG terminated in 1000 iterations with average residual norm 25.73312759399414 which is larger than the tolerance of 1e-05 specified by gpytorch.settings.cg_tolerance. If performance is affected, consider raising the maximum number of CG iterations by running code in a gpytorch.settings.max_cg_iterations(value) context.
  warnings.warn(
/mpcdf/soft/SLE_15/packages/skylake/gpytorch/gpu-cuda-11.6/pytorch-1.11.0/anaconda_3_2021.11-2021.11/1.8.0/lib/python3.9/site-packages/gpytorch/utils/linear_cg.py:321: NumericalWarning: CG terminated in 1000 iterations with average residual norm 0.0005272597190923989 which is larger than the tolerance of 1e-05 specified by gpytorch.settings.cg_tolerance. If performance is affected, consider raising the maximum number of CG iterations by running code in a gpytorch.settings.max_cg_iterations(value) context.
  warnings.warn(
/mpcdf/soft/SLE_15/packages/skylake/gpytorch/gpu-cuda-11.6/pytorch-1.11.0/anaconda_3_2021.11-2021.11/1.8.0/lib/python3.9/site-packages/gpytorch/utils/linear_cg.py:321: NumericalWarning: CG terminated in 1000 iterations with average residual norm 9.728483200073242 which is larger than the tolerance of 1e-05 specified by gpytorch.settings.cg_tolerance. If performance is affected, consider raising the maximum number of CG iterations by running code in a gpytorch.settings.max_cg_iterations(value) context.
  warnings.warn(
/mpcdf/soft/SLE_15/packages/skylake/gpytorch/gpu-cuda-11.6/pytorch-1.11.0/anaconda_3_2021.11-2021.11/1.8.0/lib/python3.9/site-packages/gpytorch/utils/linear_cg.py:321: NumericalWarning: CG terminated in 1000 iterations with average residual norm 0.001967925578355789 which is larger than the tolerance of 1e-05 specified by gpytorch.settings.cg_tolerance. If performance is affected, consider raising the maximum number of CG iterations by running code in a gpytorch.settings.max_cg_iterations(value) context.
  warnings.warn(
/mpcdf/soft/SLE_15/packages/skylake/gpytorch/gpu-cuda-11.6/pytorch-1.11.0/anaconda_3_2021.11-2021.11/1.8.0/lib/python3.9/site-packages/gpytorch/utils/linear_cg.py:321: NumericalWarning: CG terminated in 1000 iterations with average residual norm 21.00627326965332 which is larger than the tolerance of 1e-05 specified by gpytorch.settings.cg_tolerance. If performance is affected, consider raising the maximum number of CG iterations by running code in a gpytorch.settings.max_cg_iterations(value) context.
  warnings.warn(
/mpcdf/soft/SLE_15/packages/skylake/gpytorch/gpu-cuda-11.6/pytorch-1.11.0/anaconda_3_2021.11-2021.11/1.8.0/lib/python3.9/site-packages/gpytorch/utils/linear_cg.py:321: NumericalWarning: CG terminated in 1000 iterations with average residual norm 0.0006676568300463259 which is larger than the tolerance of 1e-05 specified by gpytorch.settings.cg_tolerance. If performance is affected, consider raising the maximum number of CG iterations by running code in a gpytorch.settings.max_cg_iterations(value) context.
  warnings.warn(
/mpcdf/soft/SLE_15/packages/skylake/gpytorch/gpu-cuda-11.6/pytorch-1.11.0/anaconda_3_2021.11-2021.11/1.8.0/lib/python3.9/site-packages/gpytorch/utils/linear_cg.py:321: NumericalWarning: CG terminated in 1000 iterations with average residual norm 22.9813175201416 which is larger than the tolerance of 1e-05 specified by gpytorch.settings.cg_tolerance. If performance is affected, consider raising the maximum number of CG iterations by running code in a gpytorch.settings.max_cg_iterations(value) context.
  warnings.warn(
/mpcdf/soft/SLE_15/packages/skylake/gpytorch/gpu-cuda-11.6/pytorch-1.11.0/anaconda_3_2021.11-2021.11/1.8.0/lib/python3.9/site-packages/gpytorch/utils/linear_cg.py:321: NumericalWarning: CG terminated in 1000 iterations with average residual norm 0.0011845608241856098 which is larger than the tolerance of 1e-05 specified by gpytorch.settings.cg_tolerance. If performance is affected, consider raising the maximum number of CG iterations by running code in a gpytorch.settings.max_cg_iterations(value) context.
  warnings.warn(
/mpcdf/soft/SLE_15/packages/skylake/gpytorch/gpu-cuda-11.6/pytorch-1.11.0/anaconda_3_2021.11-2021.11/1.8.0/lib/python3.9/site-packages/gpytorch/utils/linear_cg.py:321: NumericalWarning: CG terminated in 1000 iterations with average residual norm 29.0411434173584 which is larger than the tolerance of 1e-05 specified by gpytorch.settings.cg_tolerance. If performance is affected, consider raising the maximum number of CG iterations by running code in a gpytorch.settings.max_cg_iterations(value) context.
  warnings.warn(
/mpcdf/soft/SLE_15/packages/skylake/gpytorch/gpu-cuda-11.6/pytorch-1.11.0/anaconda_3_2021.11-2021.11/1.8.0/lib/python3.9/site-packages/gpytorch/utils/linear_cg.py:321: NumericalWarning: CG terminated in 1000 iterations with average residual norm 0.00015798164531588554 which is larger than the tolerance of 1e-05 specified by gpytorch.settings.cg_tolerance. If performance is affected, consider raising the maximum number of CG iterations by running code in a gpytorch.settings.max_cg_iterations(value) context.
  warnings.warn(
/mpcdf/soft/SLE_15/packages/skylake/gpytorch/gpu-cuda-11.6/pytorch-1.11.0/anaconda_3_2021.11-2021.11/1.8.0/lib/python3.9/site-packages/gpytorch/utils/linear_cg.py:321: NumericalWarning: CG terminated in 1000 iterations with average residual norm 17.88202476501465 which is larger than the tolerance of 1e-05 specified by gpytorch.settings.cg_tolerance. If performance is affected, consider raising the maximum number of CG iterations by running code in a gpytorch.settings.max_cg_iterations(value) context.
  warnings.warn(
/mpcdf/soft/SLE_15/packages/skylake/gpytorch/gpu-cuda-11.6/pytorch-1.11.0/anaconda_3_2021.11-2021.11/1.8.0/lib/python3.9/site-packages/gpytorch/utils/linear_cg.py:321: NumericalWarning: CG terminated in 1000 iterations with average residual norm 0.0016284523298963904 which is larger than the tolerance of 1e-05 specified by gpytorch.settings.cg_tolerance. If performance is affected, consider raising the maximum number of CG iterations by running code in a gpytorch.settings.max_cg_iterations(value) context.
  warnings.warn(
/mpcdf/soft/SLE_15/packages/skylake/gpytorch/gpu-cuda-11.6/pytorch-1.11.0/anaconda_3_2021.11-2021.11/1.8.0/lib/python3.9/site-packages/gpytorch/utils/linear_cg.py:321: NumericalWarning: CG terminated in 1000 iterations with average residual norm 10.001622200012207 which is larger than the tolerance of 1e-05 specified by gpytorch.settings.cg_tolerance. If performance is affected, consider raising the maximum number of CG iterations by running code in a gpytorch.settings.max_cg_iterations(value) context.
  warnings.warn(
/mpcdf/soft/SLE_15/packages/skylake/gpytorch/gpu-cuda-11.6/pytorch-1.11.0/anaconda_3_2021.11-2021.11/1.8.0/lib/python3.9/site-packages/gpytorch/utils/linear_cg.py:321: NumericalWarning: CG terminated in 1000 iterations with average residual norm 0.0030978545546531677 which is larger than the tolerance of 1e-05 specified by gpytorch.settings.cg_tolerance. If performance is affected, consider raising the maximum number of CG iterations by running code in a gpytorch.settings.max_cg_iterations(value) context.
  warnings.warn(
/mpcdf/soft/SLE_15/packages/skylake/gpytorch/gpu-cuda-11.6/pytorch-1.11.0/anaconda_3_2021.11-2021.11/1.8.0/lib/python3.9/site-packages/gpytorch/utils/linear_cg.py:321: NumericalWarning: CG terminated in 1000 iterations with average residual norm 24.13527488708496 which is larger than the tolerance of 1e-05 specified by gpytorch.settings.cg_tolerance. If performance is affected, consider raising the maximum number of CG iterations by running code in a gpytorch.settings.max_cg_iterations(value) context.
  warnings.warn(
/mpcdf/soft/SLE_15/packages/skylake/gpytorch/gpu-cuda-11.6/pytorch-1.11.0/anaconda_3_2021.11-2021.11/1.8.0/lib/python3.9/site-packages/gpytorch/utils/linear_cg.py:321: NumericalWarning: CG terminated in 1000 iterations with average residual norm 0.0020307234954088926 which is larger than the tolerance of 1e-05 specified by gpytorch.settings.cg_tolerance. If performance is affected, consider raising the maximum number of CG iterations by running code in a gpytorch.settings.max_cg_iterations(value) context.
  warnings.warn(
/mpcdf/soft/SLE_15/packages/skylake/gpytorch/gpu-cuda-11.6/pytorch-1.11.0/anaconda_3_2021.11-2021.11/1.8.0/lib/python3.9/site-packages/gpytorch/utils/linear_cg.py:321: NumericalWarning: CG terminated in 1000 iterations with average residual norm 18.01397132873535 which is larger than the tolerance of 1e-05 specified by gpytorch.settings.cg_tolerance. If performance is affected, consider raising the maximum number of CG iterations by running code in a gpytorch.settings.max_cg_iterations(value) context.
  warnings.warn(
/mpcdf/soft/SLE_15/packages/skylake/gpytorch/gpu-cuda-11.6/pytorch-1.11.0/anaconda_3_2021.11-2021.11/1.8.0/lib/python3.9/site-packages/gpytorch/utils/linear_cg.py:321: NumericalWarning: CG terminated in 1000 iterations with average residual norm 0.0013908043038100004 which is larger than the tolerance of 1e-05 specified by gpytorch.settings.cg_tolerance. If performance is affected, consider raising the maximum number of CG iterations by running code in a gpytorch.settings.max_cg_iterations(value) context.
  warnings.warn(
/mpcdf/soft/SLE_15/packages/skylake/gpytorch/gpu-cuda-11.6/pytorch-1.11.0/anaconda_3_2021.11-2021.11/1.8.0/lib/python3.9/site-packages/gpytorch/utils/linear_cg.py:321: NumericalWarning: CG terminated in 1000 iterations with average residual norm 22.481403350830078 which is larger than the tolerance of 1e-05 specified by gpytorch.settings.cg_tolerance. If performance is affected, consider raising the maximum number of CG iterations by running code in a gpytorch.settings.max_cg_iterations(value) context.
  warnings.warn(
/mpcdf/soft/SLE_15/packages/skylake/gpytorch/gpu-cuda-11.6/pytorch-1.11.0/anaconda_3_2021.11-2021.11/1.8.0/lib/python3.9/site-packages/gpytorch/utils/linear_cg.py:321: NumericalWarning: CG terminated in 1000 iterations with average residual norm 0.00039951576036401093 which is larger than the tolerance of 1e-05 specified by gpytorch.settings.cg_tolerance. If performance is affected, consider raising the maximum number of CG iterations by running code in a gpytorch.settings.max_cg_iterations(value) context.
  warnings.warn(
/mpcdf/soft/SLE_15/packages/skylake/gpytorch/gpu-cuda-11.6/pytorch-1.11.0/anaconda_3_2021.11-2021.11/1.8.0/lib/python3.9/site-packages/gpytorch/utils/linear_cg.py:321: NumericalWarning: CG terminated in 1000 iterations with average residual norm 8.837545394897461 which is larger than the tolerance of 1e-05 specified by gpytorch.settings.cg_tolerance. If performance is affected, consider raising the maximum number of CG iterations by running code in a gpytorch.settings.max_cg_iterations(value) context.
  warnings.warn(
/mpcdf/soft/SLE_15/packages/skylake/gpytorch/gpu-cuda-11.6/pytorch-1.11.0/anaconda_3_2021.11-2021.11/1.8.0/lib/python3.9/site-packages/gpytorch/utils/linear_cg.py:321: NumericalWarning: CG terminated in 1000 iterations with average residual norm 0.003185802372172475 which is larger than the tolerance of 1e-05 specified by gpytorch.settings.cg_tolerance. If performance is affected, consider raising the maximum number of CG iterations by running code in a gpytorch.settings.max_cg_iterations(value) context.
  warnings.warn(
/mpcdf/soft/SLE_15/packages/skylake/gpytorch/gpu-cuda-11.6/pytorch-1.11.0/anaconda_3_2021.11-2021.11/1.8.0/lib/python3.9/site-packages/gpytorch/utils/linear_cg.py:321: NumericalWarning: CG terminated in 1000 iterations with average residual norm 155.07681274414062 which is larger than the tolerance of 1e-05 specified by gpytorch.settings.cg_tolerance. If performance is affected, consider raising the maximum number of CG iterations by running code in a gpytorch.settings.max_cg_iterations(value) context.
  warnings.warn(
/mpcdf/soft/SLE_15/packages/skylake/gpytorch/gpu-cuda-11.6/pytorch-1.11.0/anaconda_3_2021.11-2021.11/1.8.0/lib/python3.9/site-packages/gpytorch/utils/linear_cg.py:321: NumericalWarning: CG terminated in 1000 iterations with average residual norm 0.0005393821047618985 which is larger than the tolerance of 1e-05 specified by gpytorch.settings.cg_tolerance. If performance is affected, consider raising the maximum number of CG iterations by running code in a gpytorch.settings.max_cg_iterations(value) context.
  warnings.warn(
/mpcdf/soft/SLE_15/packages/skylake/gpytorch/gpu-cuda-11.6/pytorch-1.11.0/anaconda_3_2021.11-2021.11/1.8.0/lib/python3.9/site-packages/gpytorch/utils/linear_cg.py:321: NumericalWarning: CG terminated in 1000 iterations with average residual norm 26.905284881591797 which is larger than the tolerance of 1e-05 specified by gpytorch.settings.cg_tolerance. If performance is affected, consider raising the maximum number of CG iterations by running code in a gpytorch.settings.max_cg_iterations(value) context.
  warnings.warn(
/mpcdf/soft/SLE_15/packages/skylake/gpytorch/gpu-cuda-11.6/pytorch-1.11.0/anaconda_3_2021.11-2021.11/1.8.0/lib/python3.9/site-packages/gpytorch/utils/linear_cg.py:321: NumericalWarning: CG terminated in 1000 iterations with average residual norm 0.7794550061225891 which is larger than the tolerance of 1e-05 specified by gpytorch.settings.cg_tolerance. If performance is affected, consider raising the maximum number of CG iterations by running code in a gpytorch.settings.max_cg_iterations(value) context.
  warnings.warn(
/mpcdf/soft/SLE_15/packages/skylake/gpytorch/gpu-cuda-11.6/pytorch-1.11.0/anaconda_3_2021.11-2021.11/1.8.0/lib/python3.9/site-packages/gpytorch/utils/linear_cg.py:321: NumericalWarning: CG terminated in 1000 iterations with average residual norm 17.045394897460938 which is larger than the tolerance of 1e-05 specified by gpytorch.settings.cg_tolerance. If performance is affected, consider raising the maximum number of CG iterations by running code in a gpytorch.settings.max_cg_iterations(value) context.
  warnings.warn(
/mpcdf/soft/SLE_15/packages/skylake/gpytorch/gpu-cuda-11.6/pytorch-1.11.0/anaconda_3_2021.11-2021.11/1.8.0/lib/python3.9/site-packages/gpytorch/utils/linear_cg.py:321: NumericalWarning: CG terminated in 1000 iterations with average residual norm 0.00046934917918406427 which is larger than the tolerance of 1e-05 specified by gpytorch.settings.cg_tolerance. If performance is affected, consider raising the maximum number of CG iterations by running code in a gpytorch.settings.max_cg_iterations(value) context.
  warnings.warn(
/mpcdf/soft/SLE_15/packages/skylake/gpytorch/gpu-cuda-11.6/pytorch-1.11.0/anaconda_3_2021.11-2021.11/1.8.0/lib/python3.9/site-packages/gpytorch/utils/linear_cg.py:321: NumericalWarning: CG terminated in 1000 iterations with average residual norm 11.96788501739502 which is larger than the tolerance of 1e-05 specified by gpytorch.settings.cg_tolerance. If performance is affected, consider raising the maximum number of CG iterations by running code in a gpytorch.settings.max_cg_iterations(value) context.
  warnings.warn(
/mpcdf/soft/SLE_15/packages/skylake/gpytorch/gpu-cuda-11.6/pytorch-1.11.0/anaconda_3_2021.11-2021.11/1.8.0/lib/python3.9/site-packages/gpytorch/utils/linear_cg.py:321: NumericalWarning: CG terminated in 1000 iterations with average residual norm 0.5487903952598572 which is larger than the tolerance of 1e-05 specified by gpytorch.settings.cg_tolerance. If performance is affected, consider raising the maximum number of CG iterations by running code in a gpytorch.settings.max_cg_iterations(value) context.
  warnings.warn(
/mpcdf/soft/SLE_15/packages/skylake/gpytorch/gpu-cuda-11.6/pytorch-1.11.0/anaconda_3_2021.11-2021.11/1.8.0/lib/python3.9/site-packages/gpytorch/utils/linear_cg.py:321: NumericalWarning: CG terminated in 1000 iterations with average residual norm 47.25162887573242 which is larger than the tolerance of 1e-05 specified by gpytorch.settings.cg_tolerance. If performance is affected, consider raising the maximum number of CG iterations by running code in a gpytorch.settings.max_cg_iterations(value) context.
  warnings.warn(
/mpcdf/soft/SLE_15/packages/skylake/gpytorch/gpu-cuda-11.6/pytorch-1.11.0/anaconda_3_2021.11-2021.11/1.8.0/lib/python3.9/site-packages/gpytorch/utils/linear_cg.py:321: NumericalWarning: CG terminated in 1000 iterations with average residual norm 0.0007035923772491515 which is larger than the tolerance of 1e-05 specified by gpytorch.settings.cg_tolerance. If performance is affected, consider raising the maximum number of CG iterations by running code in a gpytorch.settings.max_cg_iterations(value) context.
  warnings.warn(
/mpcdf/soft/SLE_15/packages/skylake/gpytorch/gpu-cuda-11.6/pytorch-1.11.0/anaconda_3_2021.11-2021.11/1.8.0/lib/python3.9/site-packages/gpytorch/utils/linear_cg.py:321: NumericalWarning: CG terminated in 1000 iterations with average residual norm 12.019872665405273 which is larger than the tolerance of 1e-05 specified by gpytorch.settings.cg_tolerance. If performance is affected, consider raising the maximum number of CG iterations by running code in a gpytorch.settings.max_cg_iterations(value) context.
  warnings.warn(
/mpcdf/soft/SLE_15/packages/skylake/gpytorch/gpu-cuda-11.6/pytorch-1.11.0/anaconda_3_2021.11-2021.11/1.8.0/lib/python3.9/site-packages/gpytorch/utils/linear_cg.py:321: NumericalWarning: CG terminated in 1000 iterations with average residual norm 0.0002784329408314079 which is larger than the tolerance of 1e-05 specified by gpytorch.settings.cg_tolerance. If performance is affected, consider raising the maximum number of CG iterations by running code in a gpytorch.settings.max_cg_iterations(value) context.
  warnings.warn(
/mpcdf/soft/SLE_15/packages/skylake/gpytorch/gpu-cuda-11.6/pytorch-1.11.0/anaconda_3_2021.11-2021.11/1.8.0/lib/python3.9/site-packages/gpytorch/utils/linear_cg.py:321: NumericalWarning: CG terminated in 1000 iterations with average residual norm 7.961257457733154 which is larger than the tolerance of 1e-05 specified by gpytorch.settings.cg_tolerance. If performance is affected, consider raising the maximum number of CG iterations by running code in a gpytorch.settings.max_cg_iterations(value) context.
  warnings.warn(
/mpcdf/soft/SLE_15/packages/skylake/gpytorch/gpu-cuda-11.6/pytorch-1.11.0/anaconda_3_2021.11-2021.11/1.8.0/lib/python3.9/site-packages/gpytorch/utils/linear_cg.py:321: NumericalWarning: CG terminated in 1000 iterations with average residual norm 0.0015937493881210685 which is larger than the tolerance of 1e-05 specified by gpytorch.settings.cg_tolerance. If performance is affected, consider raising the maximum number of CG iterations by running code in a gpytorch.settings.max_cg_iterations(value) context.
  warnings.warn(
/mpcdf/soft/SLE_15/packages/skylake/gpytorch/gpu-cuda-11.6/pytorch-1.11.0/anaconda_3_2021.11-2021.11/1.8.0/lib/python3.9/site-packages/gpytorch/utils/linear_cg.py:321: NumericalWarning: CG terminated in 1000 iterations with average residual norm 11.08840274810791 which is larger than the tolerance of 1e-05 specified by gpytorch.settings.cg_tolerance. If performance is affected, consider raising the maximum number of CG iterations by running code in a gpytorch.settings.max_cg_iterations(value) context.
  warnings.warn(
/mpcdf/soft/SLE_15/packages/skylake/gpytorch/gpu-cuda-11.6/pytorch-1.11.0/anaconda_3_2021.11-2021.11/1.8.0/lib/python3.9/site-packages/gpytorch/utils/linear_cg.py:321: NumericalWarning: CG terminated in 1000 iterations with average residual norm 0.0005422297981567681 which is larger than the tolerance of 1e-05 specified by gpytorch.settings.cg_tolerance. If performance is affected, consider raising the maximum number of CG iterations by running code in a gpytorch.settings.max_cg_iterations(value) context.
  warnings.warn(
/mpcdf/soft/SLE_15/packages/skylake/gpytorch/gpu-cuda-11.6/pytorch-1.11.0/anaconda_3_2021.11-2021.11/1.8.0/lib/python3.9/site-packages/gpytorch/utils/linear_cg.py:321: NumericalWarning: CG terminated in 1000 iterations with average residual norm 10.57650375366211 which is larger than the tolerance of 1e-05 specified by gpytorch.settings.cg_tolerance. If performance is affected, consider raising the maximum number of CG iterations by running code in a gpytorch.settings.max_cg_iterations(value) context.
  warnings.warn(
/mpcdf/soft/SLE_15/packages/skylake/gpytorch/gpu-cuda-11.6/pytorch-1.11.0/anaconda_3_2021.11-2021.11/1.8.0/lib/python3.9/site-packages/gpytorch/utils/linear_cg.py:321: NumericalWarning: CG terminated in 1000 iterations with average residual norm 0.0015454586828127503 which is larger than the tolerance of 1e-05 specified by gpytorch.settings.cg_tolerance. If performance is affected, consider raising the maximum number of CG iterations by running code in a gpytorch.settings.max_cg_iterations(value) context.
  warnings.warn(
/mpcdf/soft/SLE_15/packages/skylake/gpytorch/gpu-cuda-11.6/pytorch-1.11.0/anaconda_3_2021.11-2021.11/1.8.0/lib/python3.9/site-packages/gpytorch/utils/linear_cg.py:321: NumericalWarning: CG terminated in 1000 iterations with average residual norm 37.864356994628906 which is larger than the tolerance of 1e-05 specified by gpytorch.settings.cg_tolerance. If performance is affected, consider raising the maximum number of CG iterations by running code in a gpytorch.settings.max_cg_iterations(value) context.
  warnings.warn(
/mpcdf/soft/SLE_15/packages/skylake/gpytorch/gpu-cuda-11.6/pytorch-1.11.0/anaconda_3_2021.11-2021.11/1.8.0/lib/python3.9/site-packages/gpytorch/utils/linear_cg.py:321: NumericalWarning: CG terminated in 1000 iterations with average residual norm 0.0009744003182277083 which is larger than the tolerance of 1e-05 specified by gpytorch.settings.cg_tolerance. If performance is affected, consider raising the maximum number of CG iterations by running code in a gpytorch.settings.max_cg_iterations(value) context.
  warnings.warn(
/mpcdf/soft/SLE_15/packages/skylake/gpytorch/gpu-cuda-11.6/pytorch-1.11.0/anaconda_3_2021.11-2021.11/1.8.0/lib/python3.9/site-packages/gpytorch/utils/linear_cg.py:321: NumericalWarning: CG terminated in 1000 iterations with average residual norm 195.1944122314453 which is larger than the tolerance of 1e-05 specified by gpytorch.settings.cg_tolerance. If performance is affected, consider raising the maximum number of CG iterations by running code in a gpytorch.settings.max_cg_iterations(value) context.
  warnings.warn(
/mpcdf/soft/SLE_15/packages/skylake/gpytorch/gpu-cuda-11.6/pytorch-1.11.0/anaconda_3_2021.11-2021.11/1.8.0/lib/python3.9/site-packages/gpytorch/utils/linear_cg.py:321: NumericalWarning: CG terminated in 1000 iterations with average residual norm 0.00019972468726336956 which is larger than the tolerance of 1e-05 specified by gpytorch.settings.cg_tolerance. If performance is affected, consider raising the maximum number of CG iterations by running code in a gpytorch.settings.max_cg_iterations(value) context.
  warnings.warn(
/mpcdf/soft/SLE_15/packages/skylake/gpytorch/gpu-cuda-11.6/pytorch-1.11.0/anaconda_3_2021.11-2021.11/1.8.0/lib/python3.9/site-packages/gpytorch/utils/linear_cg.py:321: NumericalWarning: CG terminated in 1000 iterations with average residual norm 97082.9375 which is larger than the tolerance of 1e-05 specified by gpytorch.settings.cg_tolerance. If performance is affected, consider raising the maximum number of CG iterations by running code in a gpytorch.settings.max_cg_iterations(value) context.
  warnings.warn(
/mpcdf/soft/SLE_15/packages/skylake/gpytorch/gpu-cuda-11.6/pytorch-1.11.0/anaconda_3_2021.11-2021.11/1.8.0/lib/python3.9/site-packages/gpytorch/utils/linear_cg.py:321: NumericalWarning: CG terminated in 1000 iterations with average residual norm 0.0051590981893241405 which is larger than the tolerance of 1e-05 specified by gpytorch.settings.cg_tolerance. If performance is affected, consider raising the maximum number of CG iterations by running code in a gpytorch.settings.max_cg_iterations(value) context.
  warnings.warn(
/mpcdf/soft/SLE_15/packages/skylake/gpytorch/gpu-cuda-11.6/pytorch-1.11.0/anaconda_3_2021.11-2021.11/1.8.0/lib/python3.9/site-packages/gpytorch/utils/linear_cg.py:321: NumericalWarning: CG terminated in 1000 iterations with average residual norm 23.5621395111084 which is larger than the tolerance of 1e-05 specified by gpytorch.settings.cg_tolerance. If performance is affected, consider raising the maximum number of CG iterations by running code in a gpytorch.settings.max_cg_iterations(value) context.
  warnings.warn(
/mpcdf/soft/SLE_15/packages/skylake/gpytorch/gpu-cuda-11.6/pytorch-1.11.0/anaconda_3_2021.11-2021.11/1.8.0/lib/python3.9/site-packages/gpytorch/utils/linear_cg.py:321: NumericalWarning: CG terminated in 1000 iterations with average residual norm 0.0007389616221189499 which is larger than the tolerance of 1e-05 specified by gpytorch.settings.cg_tolerance. If performance is affected, consider raising the maximum number of CG iterations by running code in a gpytorch.settings.max_cg_iterations(value) context.
  warnings.warn(
/mpcdf/soft/SLE_15/packages/skylake/gpytorch/gpu-cuda-11.6/pytorch-1.11.0/anaconda_3_2021.11-2021.11/1.8.0/lib/python3.9/site-packages/gpytorch/utils/linear_cg.py:321: NumericalWarning: CG terminated in 1000 iterations with average residual norm 15.388686180114746 which is larger than the tolerance of 1e-05 specified by gpytorch.settings.cg_tolerance. If performance is affected, consider raising the maximum number of CG iterations by running code in a gpytorch.settings.max_cg_iterations(value) context.
  warnings.warn(
/mpcdf/soft/SLE_15/packages/skylake/gpytorch/gpu-cuda-11.6/pytorch-1.11.0/anaconda_3_2021.11-2021.11/1.8.0/lib/python3.9/site-packages/gpytorch/utils/linear_cg.py:321: NumericalWarning: CG terminated in 1000 iterations with average residual norm 0.0024369587190449238 which is larger than the tolerance of 1e-05 specified by gpytorch.settings.cg_tolerance. If performance is affected, consider raising the maximum number of CG iterations by running code in a gpytorch.settings.max_cg_iterations(value) context.
  warnings.warn(
/mpcdf/soft/SLE_15/packages/skylake/gpytorch/gpu-cuda-11.6/pytorch-1.11.0/anaconda_3_2021.11-2021.11/1.8.0/lib/python3.9/site-packages/gpytorch/utils/linear_cg.py:321: NumericalWarning: CG terminated in 1000 iterations with average residual norm 10.11953067779541 which is larger than the tolerance of 1e-05 specified by gpytorch.settings.cg_tolerance. If performance is affected, consider raising the maximum number of CG iterations by running code in a gpytorch.settings.max_cg_iterations(value) context.
  warnings.warn(
/mpcdf/soft/SLE_15/packages/skylake/gpytorch/gpu-cuda-11.6/pytorch-1.11.0/anaconda_3_2021.11-2021.11/1.8.0/lib/python3.9/site-packages/gpytorch/utils/linear_cg.py:321: NumericalWarning: CG terminated in 1000 iterations with average residual norm 0.0008033768972381949 which is larger than the tolerance of 1e-05 specified by gpytorch.settings.cg_tolerance. If performance is affected, consider raising the maximum number of CG iterations by running code in a gpytorch.settings.max_cg_iterations(value) context.
  warnings.warn(
/mpcdf/soft/SLE_15/packages/skylake/gpytorch/gpu-cuda-11.6/pytorch-1.11.0/anaconda_3_2021.11-2021.11/1.8.0/lib/python3.9/site-packages/gpytorch/utils/linear_cg.py:321: NumericalWarning: CG terminated in 1000 iterations with average residual norm 44.47449493408203 which is larger than the tolerance of 1e-05 specified by gpytorch.settings.cg_tolerance. If performance is affected, consider raising the maximum number of CG iterations by running code in a gpytorch.settings.max_cg_iterations(value) context.
  warnings.warn(
/mpcdf/soft/SLE_15/packages/skylake/gpytorch/gpu-cuda-11.6/pytorch-1.11.0/anaconda_3_2021.11-2021.11/1.8.0/lib/python3.9/site-packages/gpytorch/utils/linear_cg.py:321: NumericalWarning: CG terminated in 1000 iterations with average residual norm 0.0006101515027694404 which is larger than the tolerance of 1e-05 specified by gpytorch.settings.cg_tolerance. If performance is affected, consider raising the maximum number of CG iterations by running code in a gpytorch.settings.max_cg_iterations(value) context.
  warnings.warn(
/mpcdf/soft/SLE_15/packages/skylake/gpytorch/gpu-cuda-11.6/pytorch-1.11.0/anaconda_3_2021.11-2021.11/1.8.0/lib/python3.9/site-packages/gpytorch/utils/linear_cg.py:321: NumericalWarning: CG terminated in 1000 iterations with average residual norm 2582.266845703125 which is larger than the tolerance of 1e-05 specified by gpytorch.settings.cg_tolerance. If performance is affected, consider raising the maximum number of CG iterations by running code in a gpytorch.settings.max_cg_iterations(value) context.
  warnings.warn(
/mpcdf/soft/SLE_15/packages/skylake/gpytorch/gpu-cuda-11.6/pytorch-1.11.0/anaconda_3_2021.11-2021.11/1.8.0/lib/python3.9/site-packages/gpytorch/utils/linear_cg.py:321: NumericalWarning: CG terminated in 1000 iterations with average residual norm 0.0008034496568143368 which is larger than the tolerance of 1e-05 specified by gpytorch.settings.cg_tolerance. If performance is affected, consider raising the maximum number of CG iterations by running code in a gpytorch.settings.max_cg_iterations(value) context.
  warnings.warn(
/mpcdf/soft/SLE_15/packages/skylake/gpytorch/gpu-cuda-11.6/pytorch-1.11.0/anaconda_3_2021.11-2021.11/1.8.0/lib/python3.9/site-packages/gpytorch/utils/linear_cg.py:321: NumericalWarning: CG terminated in 1000 iterations with average residual norm 25.10788345336914 which is larger than the tolerance of 1e-05 specified by gpytorch.settings.cg_tolerance. If performance is affected, consider raising the maximum number of CG iterations by running code in a gpytorch.settings.max_cg_iterations(value) context.
  warnings.warn(
/mpcdf/soft/SLE_15/packages/skylake/gpytorch/gpu-cuda-11.6/pytorch-1.11.0/anaconda_3_2021.11-2021.11/1.8.0/lib/python3.9/site-packages/gpytorch/utils/linear_cg.py:321: NumericalWarning: CG terminated in 1000 iterations with average residual norm 0.0008262810297310352 which is larger than the tolerance of 1e-05 specified by gpytorch.settings.cg_tolerance. If performance is affected, consider raising the maximum number of CG iterations by running code in a gpytorch.settings.max_cg_iterations(value) context.
  warnings.warn(
/mpcdf/soft/SLE_15/packages/skylake/gpytorch/gpu-cuda-11.6/pytorch-1.11.0/anaconda_3_2021.11-2021.11/1.8.0/lib/python3.9/site-packages/gpytorch/utils/linear_cg.py:321: NumericalWarning: CG terminated in 1000 iterations with average residual norm 40.135189056396484 which is larger than the tolerance of 1e-05 specified by gpytorch.settings.cg_tolerance. If performance is affected, consider raising the maximum number of CG iterations by running code in a gpytorch.settings.max_cg_iterations(value) context.
  warnings.warn(
/mpcdf/soft/SLE_15/packages/skylake/gpytorch/gpu-cuda-11.6/pytorch-1.11.0/anaconda_3_2021.11-2021.11/1.8.0/lib/python3.9/site-packages/gpytorch/utils/linear_cg.py:321: NumericalWarning: CG terminated in 1000 iterations with average residual norm 0.0036722440272569656 which is larger than the tolerance of 1e-05 specified by gpytorch.settings.cg_tolerance. If performance is affected, consider raising the maximum number of CG iterations by running code in a gpytorch.settings.max_cg_iterations(value) context.
  warnings.warn(
/mpcdf/soft/SLE_15/packages/skylake/gpytorch/gpu-cuda-11.6/pytorch-1.11.0/anaconda_3_2021.11-2021.11/1.8.0/lib/python3.9/site-packages/gpytorch/utils/linear_cg.py:321: NumericalWarning: CG terminated in 1000 iterations with average residual norm 14.973487854003906 which is larger than the tolerance of 1e-05 specified by gpytorch.settings.cg_tolerance. If performance is affected, consider raising the maximum number of CG iterations by running code in a gpytorch.settings.max_cg_iterations(value) context.
  warnings.warn(
/mpcdf/soft/SLE_15/packages/skylake/gpytorch/gpu-cuda-11.6/pytorch-1.11.0/anaconda_3_2021.11-2021.11/1.8.0/lib/python3.9/site-packages/gpytorch/utils/linear_cg.py:321: NumericalWarning: CG terminated in 1000 iterations with average residual norm 0.00046387588372454047 which is larger than the tolerance of 1e-05 specified by gpytorch.settings.cg_tolerance. If performance is affected, consider raising the maximum number of CG iterations by running code in a gpytorch.settings.max_cg_iterations(value) context.
  warnings.warn(
/mpcdf/soft/SLE_15/packages/skylake/gpytorch/gpu-cuda-11.6/pytorch-1.11.0/anaconda_3_2021.11-2021.11/1.8.0/lib/python3.9/site-packages/gpytorch/utils/linear_cg.py:321: NumericalWarning: CG terminated in 1000 iterations with average residual norm 77.94575500488281 which is larger than the tolerance of 1e-05 specified by gpytorch.settings.cg_tolerance. If performance is affected, consider raising the maximum number of CG iterations by running code in a gpytorch.settings.max_cg_iterations(value) context.
  warnings.warn(
/mpcdf/soft/SLE_15/packages/skylake/gpytorch/gpu-cuda-11.6/pytorch-1.11.0/anaconda_3_2021.11-2021.11/1.8.0/lib/python3.9/site-packages/gpytorch/utils/linear_cg.py:321: NumericalWarning: CG terminated in 1000 iterations with average residual norm 0.0006661260267719626 which is larger than the tolerance of 1e-05 specified by gpytorch.settings.cg_tolerance. If performance is affected, consider raising the maximum number of CG iterations by running code in a gpytorch.settings.max_cg_iterations(value) context.
  warnings.warn(
/mpcdf/soft/SLE_15/packages/skylake/gpytorch/gpu-cuda-11.6/pytorch-1.11.0/anaconda_3_2021.11-2021.11/1.8.0/lib/python3.9/site-packages/gpytorch/utils/linear_cg.py:321: NumericalWarning: CG terminated in 1000 iterations with average residual norm 24.784860610961914 which is larger than the tolerance of 1e-05 specified by gpytorch.settings.cg_tolerance. If performance is affected, consider raising the maximum number of CG iterations by running code in a gpytorch.settings.max_cg_iterations(value) context.
  warnings.warn(
/mpcdf/soft/SLE_15/packages/skylake/gpytorch/gpu-cuda-11.6/pytorch-1.11.0/anaconda_3_2021.11-2021.11/1.8.0/lib/python3.9/site-packages/gpytorch/utils/linear_cg.py:321: NumericalWarning: CG terminated in 1000 iterations with average residual norm 0.005595712456852198 which is larger than the tolerance of 1e-05 specified by gpytorch.settings.cg_tolerance. If performance is affected, consider raising the maximum number of CG iterations by running code in a gpytorch.settings.max_cg_iterations(value) context.
  warnings.warn(
srun: Job step aborted: Waiting up to 32 seconds for job step to finish.
srun: got SIGCONT
slurmstepd: error: *** STEP 15766776.0 ON ravg1129 CANCELLED AT 2025-02-22T13:43:06 ***
slurmstepd: error: *** JOB 15766776 ON ravg1129 CANCELLED AT 2025-02-22T13:43:06 ***
srun: forcing job termination
