Loading gpytorch/gpu-cuda-11.6/pytorch-1.11.0/1.8.0
  Loading requirement: cudnn/8.4.1 pytorch/gpu-cuda-11.6/1.11.0
ERROR: Could not find a version that satisfies the requirement scipy.stats (from versions: none)
ERROR: No matching distribution found for scipy.stats
ERROR: Could not find a version that satisfies the requirement scipy.interpolate (from versions: none)
ERROR: No matching distribution found for scipy.interpolate
/mpcdf/soft/SLE_15/packages/skylake/pytorch/gpu-cuda-11.6/anaconda_3_2021.11-2021.11/1.11.0/lib/python3.9/site-packages/torch/functional.py:568: UserWarning: torch.meshgrid: in an upcoming release, it will be required to pass the indexing argument. (Triggered internally at  /home/abuild/rpmbuild/BUILD/pytorch-1.11.0/aten/src/ATen/native/TensorShape.cpp:2227.)
  return _VF.meshgrid(tensors, **kwargs)  # type: ignore[attr-defined]
/mpcdf/soft/SLE_15/packages/skylake/pytorch/gpu-cuda-11.6/anaconda_3_2021.11-2021.11/1.11.0/lib/python3.9/site-packages/torch/functional.py:568: UserWarning: torch.meshgrid: in an upcoming release, it will be required to pass the indexing argument. (Triggered internally at  /home/abuild/rpmbuild/BUILD/pytorch-1.11.0/aten/src/ATen/native/TensorShape.cpp:2227.)
  return _VF.meshgrid(tensors, **kwargs)  # type: ignore[attr-defined]
/mpcdf/soft/SLE_15/packages/skylake/pytorch/gpu-cuda-11.6/anaconda_3_2021.11-2021.11/1.11.0/lib/python3.9/site-packages/torch/functional.py:568: UserWarning: torch.meshgrid: in an upcoming release, it will be required to pass the indexing argument. (Triggered internally at  /home/abuild/rpmbuild/BUILD/pytorch-1.11.0/aten/src/ATen/native/TensorShape.cpp:2227.)
  return _VF.meshgrid(tensors, **kwargs)  # type: ignore[attr-defined]
/mpcdf/soft/SLE_15/packages/skylake/pytorch/gpu-cuda-11.6/anaconda_3_2021.11-2021.11/1.11.0/lib/python3.9/site-packages/torch/functional.py:568: UserWarning: torch.meshgrid: in an upcoming release, it will be required to pass the indexing argument. (Triggered internally at  /home/abuild/rpmbuild/BUILD/pytorch-1.11.0/aten/src/ATen/native/TensorShape.cpp:2227.)
  return _VF.meshgrid(tensors, **kwargs)  # type: ignore[attr-defined]
/mpcdf/soft/SLE_15/packages/skylake/pytorch/gpu-cuda-11.6/anaconda_3_2021.11-2021.11/1.11.0/lib/python3.9/site-packages/torch/functional.py:568: UserWarning: torch.meshgrid: in an upcoming release, it will be required to pass the indexing argument. (Triggered internally at  /home/abuild/rpmbuild/BUILD/pytorch-1.11.0/aten/src/ATen/native/TensorShape.cpp:2227.)
  return _VF.meshgrid(tensors, **kwargs)  # type: ignore[attr-defined]
/mpcdf/soft/SLE_15/packages/skylake/pytorch/gpu-cuda-11.6/anaconda_3_2021.11-2021.11/1.11.0/lib/python3.9/site-packages/torch/functional.py:568: UserWarning: torch.meshgrid: in an upcoming release, it will be required to pass the indexing argument. (Triggered internally at  /home/abuild/rpmbuild/BUILD/pytorch-1.11.0/aten/src/ATen/native/TensorShape.cpp:2227.)
  return _VF.meshgrid(tensors, **kwargs)  # type: ignore[attr-defined]
/mpcdf/soft/SLE_15/packages/skylake/pytorch/gpu-cuda-11.6/anaconda_3_2021.11-2021.11/1.11.0/lib/python3.9/site-packages/torch/functional.py:568: UserWarning: torch.meshgrid: in an upcoming release, it will be required to pass the indexing argument. (Triggered internally at  /home/abuild/rpmbuild/BUILD/pytorch-1.11.0/aten/src/ATen/native/TensorShape.cpp:2227.)
  return _VF.meshgrid(tensors, **kwargs)  # type: ignore[attr-defined]
/mpcdf/soft/SLE_15/packages/skylake/pytorch/gpu-cuda-11.6/anaconda_3_2021.11-2021.11/1.11.0/lib/python3.9/site-packages/torch/functional.py:568: UserWarning: torch.meshgrid: in an upcoming release, it will be required to pass the indexing argument. (Triggered internally at  /home/abuild/rpmbuild/BUILD/pytorch-1.11.0/aten/src/ATen/native/TensorShape.cpp:2227.)
  return _VF.meshgrid(tensors, **kwargs)  # type: ignore[attr-defined]
/mpcdf/soft/SLE_15/packages/skylake/pytorch/gpu-cuda-11.6/anaconda_3_2021.11-2021.11/1.11.0/lib/python3.9/site-packages/torch/functional.py:568: UserWarning: torch.meshgrid: in an upcoming release, it will be required to pass the indexing argument. (Triggered internally at  /home/abuild/rpmbuild/BUILD/pytorch-1.11.0/aten/src/ATen/native/TensorShape.cpp:2227.)
  return _VF.meshgrid(tensors, **kwargs)  # type: ignore[attr-defined]
/mpcdf/soft/SLE_15/packages/skylake/pytorch/gpu-cuda-11.6/anaconda_3_2021.11-2021.11/1.11.0/lib/python3.9/site-packages/torch/functional.py:568: UserWarning: torch.meshgrid: in an upcoming release, it will be required to pass the indexing argument. (Triggered internally at  /home/abuild/rpmbuild/BUILD/pytorch-1.11.0/aten/src/ATen/native/TensorShape.cpp:2227.)
  return _VF.meshgrid(tensors, **kwargs)  # type: ignore[attr-defined]
/mpcdf/soft/SLE_15/packages/skylake/pytorch/gpu-cuda-11.6/anaconda_3_2021.11-2021.11/1.11.0/lib/python3.9/site-packages/torch/functional.py:568: UserWarning: torch.meshgrid: in an upcoming release, it will be required to pass the indexing argument. (Triggered internally at  /home/abuild/rpmbuild/BUILD/pytorch-1.11.0/aten/src/ATen/native/TensorShape.cpp:2227.)
  return _VF.meshgrid(tensors, **kwargs)  # type: ignore[attr-defined]
/mpcdf/soft/SLE_15/packages/skylake/pytorch/gpu-cuda-11.6/anaconda_3_2021.11-2021.11/1.11.0/lib/python3.9/site-packages/torch/functional.py:568: UserWarning: torch.meshgrid: in an upcoming release, it will be required to pass the indexing argument. (Triggered internally at  /home/abuild/rpmbuild/BUILD/pytorch-1.11.0/aten/src/ATen/native/TensorShape.cpp:2227.)
  return _VF.meshgrid(tensors, **kwargs)  # type: ignore[attr-defined]
/mpcdf/soft/SLE_15/packages/skylake/pytorch/gpu-cuda-11.6/anaconda_3_2021.11-2021.11/1.11.0/lib/python3.9/site-packages/torch/functional.py:568: UserWarning: torch.meshgrid: in an upcoming release, it will be required to pass the indexing argument. (Triggered internally at  /home/abuild/rpmbuild/BUILD/pytorch-1.11.0/aten/src/ATen/native/TensorShape.cpp:2227.)
  return _VF.meshgrid(tensors, **kwargs)  # type: ignore[attr-defined]
/mpcdf/soft/SLE_15/packages/skylake/pytorch/gpu-cuda-11.6/anaconda_3_2021.11-2021.11/1.11.0/lib/python3.9/site-packages/torch/functional.py:568: UserWarning: torch.meshgrid: in an upcoming release, it will be required to pass the indexing argument. (Triggered internally at  /home/abuild/rpmbuild/BUILD/pytorch-1.11.0/aten/src/ATen/native/TensorShape.cpp:2227.)
  return _VF.meshgrid(tensors, **kwargs)  # type: ignore[attr-defined]
/mpcdf/soft/SLE_15/packages/skylake/pytorch/gpu-cuda-11.6/anaconda_3_2021.11-2021.11/1.11.0/lib/python3.9/site-packages/torch/functional.py:568: UserWarning: torch.meshgrid: in an upcoming release, it will be required to pass the indexing argument. (Triggered internally at  /home/abuild/rpmbuild/BUILD/pytorch-1.11.0/aten/src/ATen/native/TensorShape.cpp:2227.)
  return _VF.meshgrid(tensors, **kwargs)  # type: ignore[attr-defined]
/mpcdf/soft/SLE_15/packages/skylake/pytorch/gpu-cuda-11.6/anaconda_3_2021.11-2021.11/1.11.0/lib/python3.9/site-packages/torch/functional.py:568: UserWarning: torch.meshgrid: in an upcoming release, it will be required to pass the indexing argument. (Triggered internally at  /home/abuild/rpmbuild/BUILD/pytorch-1.11.0/aten/src/ATen/native/TensorShape.cpp:2227.)
  return _VF.meshgrid(tensors, **kwargs)  # type: ignore[attr-defined]
/mpcdf/soft/SLE_15/packages/skylake/pytorch/gpu-cuda-11.6/anaconda_3_2021.11-2021.11/1.11.0/lib/python3.9/site-packages/torch/functional.py:568: UserWarning: torch.meshgrid: in an upcoming release, it will be required to pass the indexing argument. (Triggered internally at  /home/abuild/rpmbuild/BUILD/pytorch-1.11.0/aten/src/ATen/native/TensorShape.cpp:2227.)
  return _VF.meshgrid(tensors, **kwargs)  # type: ignore[attr-defined]
/mpcdf/soft/SLE_15/packages/skylake/pytorch/gpu-cuda-11.6/anaconda_3_2021.11-2021.11/1.11.0/lib/python3.9/site-packages/torch/functional.py:568: UserWarning: torch.meshgrid: in an upcoming release, it will be required to pass the indexing argument. (Triggered internally at  /home/abuild/rpmbuild/BUILD/pytorch-1.11.0/aten/src/ATen/native/TensorShape.cpp:2227.)
  return _VF.meshgrid(tensors, **kwargs)  # type: ignore[attr-defined]
/mpcdf/soft/SLE_15/packages/skylake/pytorch/gpu-cuda-11.6/anaconda_3_2021.11-2021.11/1.11.0/lib/python3.9/site-packages/torch/functional.py:568: UserWarning: torch.meshgrid: in an upcoming release, it will be required to pass the indexing argument. (Triggered internally at  /home/abuild/rpmbuild/BUILD/pytorch-1.11.0/aten/src/ATen/native/TensorShape.cpp:2227.)
  return _VF.meshgrid(tensors, **kwargs)  # type: ignore[attr-defined]
srun: Job step aborted: Waiting up to 32 seconds for job step to finish.
slurmstepd: error: *** STEP 13229117.0 ON ravg1083 CANCELLED AT 2024-10-12T10:19:25 DUE TO TIME LIMIT ***
slurmstepd: error: *** JOB 13229117 ON ravg1083 CANCELLED AT 2024-10-12T10:19:25 DUE TO TIME LIMIT ***
srun: got SIGCONT
srun: forcing job termination
