Defaulting to user installation because normal site-packages is not writeable
Requirement already satisfied: gpytorch in /raven/u/dvoss/.local/lib/python3.10/site-packages (1.13)
Requirement already satisfied: scikit-learn in /raven/u/system/soft/SLE_15/packages/x86_64/anaconda/3/2023.03/lib/python3.10/site-packages (from gpytorch) (1.2.1)
Requirement already satisfied: linear-operator>=0.5.3 in /raven/u/dvoss/.local/lib/python3.10/site-packages (from gpytorch) (0.5.3)
Requirement already satisfied: jaxtyping==0.2.19 in /raven/u/dvoss/.local/lib/python3.10/site-packages (from gpytorch) (0.2.19)
Requirement already satisfied: scipy>=1.6.0 in /raven/u/dvoss/.local/lib/python3.10/site-packages (from gpytorch) (1.14.1)
Requirement already satisfied: mpmath<=1.3,>=0.19 in /raven/u/system/soft/SLE_15/packages/x86_64/anaconda/3/2023.03/lib/python3.10/site-packages/mpmath-1.2.1-py3.10.egg (from gpytorch) (1.2.1)
Requirement already satisfied: typing-extensions>=3.7.4.1 in /raven/u/dvoss/.local/lib/python3.10/site-packages (from jaxtyping==0.2.19->gpytorch) (4.12.2)
Requirement already satisfied: typeguard>=2.13.3 in /raven/u/dvoss/.local/lib/python3.10/site-packages (from jaxtyping==0.2.19->gpytorch) (4.4.1)
Requirement already satisfied: numpy>=1.20.0 in /raven/u/system/soft/SLE_15/packages/x86_64/anaconda/3/2023.03/lib/python3.10/site-packages (from jaxtyping==0.2.19->gpytorch) (1.23.5)
Requirement already satisfied: torch>=1.11 in /raven/u/system/soft/SLE_15/packages/skylake/pytorch/gpu-cuda-12.1/anaconda_3_2023.03-2023.03/2.1.0/lib/python3.10/site-packages (from linear-operator>=0.5.3->gpytorch) (2.1.0a0+gitunknown)
Requirement already satisfied: joblib>=1.1.1 in /raven/u/system/soft/SLE_15/packages/x86_64/anaconda/3/2023.03/lib/python3.10/site-packages (from scikit-learn->gpytorch) (1.1.1)
Requirement already satisfied: threadpoolctl>=2.0.0 in /raven/u/system/soft/SLE_15/packages/x86_64/anaconda/3/2023.03/lib/python3.10/site-packages (from scikit-learn->gpytorch) (2.2.0)
Requirement already satisfied: filelock in /raven/u/system/soft/SLE_15/packages/x86_64/anaconda/3/2023.03/lib/python3.10/site-packages (from torch>=1.11->linear-operator>=0.5.3->gpytorch) (3.9.0)
Requirement already satisfied: sympy in /raven/u/dvoss/.local/lib/python3.10/site-packages (from torch>=1.11->linear-operator>=0.5.3->gpytorch) (1.13.1)
Requirement already satisfied: networkx in /raven/u/system/soft/SLE_15/packages/x86_64/anaconda/3/2023.03/lib/python3.10/site-packages (from torch>=1.11->linear-operator>=0.5.3->gpytorch) (2.8.4)
Requirement already satisfied: jinja2 in /raven/u/system/soft/SLE_15/packages/x86_64/anaconda/3/2023.03/lib/python3.10/site-packages (from torch>=1.11->linear-operator>=0.5.3->gpytorch) (3.1.2)
Requirement already satisfied: fsspec in /raven/u/system/soft/SLE_15/packages/x86_64/anaconda/3/2023.03/lib/python3.10/site-packages (from torch>=1.11->linear-operator>=0.5.3->gpytorch) (2022.11.0)
Requirement already satisfied: MarkupSafe>=2.0 in /raven/u/system/soft/SLE_15/packages/x86_64/anaconda/3/2023.03/lib/python3.10/site-packages (from jinja2->torch>=1.11->linear-operator>=0.5.3->gpytorch) (2.1.1)
Defaulting to user installation because normal site-packages is not writeable
Requirement already satisfied: uproot in /raven/u/dvoss/.local/lib/python3.10/site-packages (5.5.1)
Requirement already satisfied: awkward>=2.4.6 in /raven/u/dvoss/.local/lib/python3.10/site-packages (from uproot) (2.7.3)
Requirement already satisfied: typing-extensions>=4.1.0 in /raven/u/dvoss/.local/lib/python3.10/site-packages (from uproot) (4.12.2)
Requirement already satisfied: fsspec in /raven/u/system/soft/SLE_15/packages/x86_64/anaconda/3/2023.03/lib/python3.10/site-packages (from uproot) (2022.11.0)
Requirement already satisfied: packaging in /raven/u/system/soft/SLE_15/packages/x86_64/anaconda/3/2023.03/lib/python3.10/site-packages (from uproot) (22.0)
Requirement already satisfied: xxhash in /raven/u/dvoss/.local/lib/python3.10/site-packages (from uproot) (3.5.0)
Requirement already satisfied: cramjam>=2.5.0 in /raven/u/dvoss/.local/lib/python3.10/site-packages (from uproot) (2.9.1)
Requirement already satisfied: numpy in /raven/u/system/soft/SLE_15/packages/x86_64/anaconda/3/2023.03/lib/python3.10/site-packages (from uproot) (1.23.5)
Requirement already satisfied: awkward-cpp==44 in /raven/u/dvoss/.local/lib/python3.10/site-packages (from awkward>=2.4.6->uproot) (44)
Requirement already satisfied: importlib-metadata>=4.13.0 in /raven/u/dvoss/.local/lib/python3.10/site-packages (from awkward>=2.4.6->uproot) (8.6.1)
Requirement already satisfied: zipp>=3.20 in /raven/u/dvoss/.local/lib/python3.10/site-packages (from importlib-metadata>=4.13.0->awkward>=2.4.6->uproot) (3.21.0)
Defaulting to user installation because normal site-packages is not writeable
Collecting argparse
  Using cached argparse-1.4.0-py2.py3-none-any.whl (23 kB)
Installing collected packages: argparse
Successfully installed argparse-1.4.0
Defaulting to user installation because normal site-packages is not writeable
Requirement already satisfied: pyslha in /raven/u/dvoss/.local/lib/python3.10/site-packages (3.2.6)
Requirement already satisfied: tex2pix>=0.1.5 in /raven/u/dvoss/.local/lib/python3.10/site-packages (from pyslha) (0.3.1)
Defaulting to user installation because normal site-packages is not writeable
Requirement already satisfied: structlog in /raven/u/dvoss/.local/lib/python3.10/site-packages (25.1.0)
Requirement already satisfied: typing-extensions in /raven/u/dvoss/.local/lib/python3.10/site-packages (from structlog) (4.12.2)
Defaulting to user installation because normal site-packages is not writeable
Requirement already satisfied: imageio[ffmpeg] in /raven/u/system/soft/SLE_15/packages/x86_64/anaconda/3/2023.03/lib/python3.10/site-packages (2.26.0)
Requirement already satisfied: Pillow in /raven/u/system/soft/SLE_15/packages/x86_64/anaconda/3/2023.03/lib/python3.10/site-packages (9.4.0)
Requirement already satisfied: numpy in /raven/u/system/soft/SLE_15/packages/x86_64/anaconda/3/2023.03/lib/python3.10/site-packages (from imageio[ffmpeg]) (1.23.5)
Requirement already satisfied: imageio-ffmpeg in /raven/u/dvoss/.local/lib/python3.10/site-packages (from imageio[ffmpeg]) (0.6.0)
Requirement already satisfied: psutil in /raven/u/system/soft/SLE_15/packages/x86_64/anaconda/3/2023.03/lib/python3.10/site-packages (from imageio[ffmpeg]) (5.9.0)
Defaulting to user installation because normal site-packages is not writeable
Requirement already satisfied: seaborn in /raven/u/system/soft/SLE_15/packages/x86_64/anaconda/3/2023.03/lib/python3.10/site-packages (0.12.2)
Requirement already satisfied: pandas>=0.25 in /raven/u/system/soft/SLE_15/packages/x86_64/anaconda/3/2023.03/lib/python3.10/site-packages (from seaborn) (1.5.3)
Requirement already satisfied: matplotlib!=3.6.1,>=3.1 in /raven/u/system/soft/SLE_15/packages/x86_64/anaconda/3/2023.03/lib/python3.10/site-packages (from seaborn) (3.7.0)
Requirement already satisfied: numpy!=1.24.0,>=1.17 in /raven/u/system/soft/SLE_15/packages/x86_64/anaconda/3/2023.03/lib/python3.10/site-packages (from seaborn) (1.23.5)
Requirement already satisfied: contourpy>=1.0.1 in /raven/u/system/soft/SLE_15/packages/x86_64/anaconda/3/2023.03/lib/python3.10/site-packages (from matplotlib!=3.6.1,>=3.1->seaborn) (1.0.5)
Requirement already satisfied: pyparsing>=2.3.1 in /raven/u/system/soft/SLE_15/packages/x86_64/anaconda/3/2023.03/lib/python3.10/site-packages (from matplotlib!=3.6.1,>=3.1->seaborn) (3.0.9)
Requirement already satisfied: python-dateutil>=2.7 in /raven/u/system/soft/SLE_15/packages/x86_64/anaconda/3/2023.03/lib/python3.10/site-packages (from matplotlib!=3.6.1,>=3.1->seaborn) (2.8.2)
Requirement already satisfied: pillow>=6.2.0 in /raven/u/system/soft/SLE_15/packages/x86_64/anaconda/3/2023.03/lib/python3.10/site-packages (from matplotlib!=3.6.1,>=3.1->seaborn) (9.4.0)
Requirement already satisfied: fonttools>=4.22.0 in /raven/u/system/soft/SLE_15/packages/x86_64/anaconda/3/2023.03/lib/python3.10/site-packages (from matplotlib!=3.6.1,>=3.1->seaborn) (4.25.0)
Requirement already satisfied: kiwisolver>=1.0.1 in /raven/u/system/soft/SLE_15/packages/x86_64/anaconda/3/2023.03/lib/python3.10/site-packages (from matplotlib!=3.6.1,>=3.1->seaborn) (1.4.4)
Requirement already satisfied: cycler>=0.10 in /raven/u/system/soft/SLE_15/packages/x86_64/anaconda/3/2023.03/lib/python3.10/site-packages (from matplotlib!=3.6.1,>=3.1->seaborn) (0.11.0)
Requirement already satisfied: packaging>=20.0 in /raven/u/system/soft/SLE_15/packages/x86_64/anaconda/3/2023.03/lib/python3.10/site-packages (from matplotlib!=3.6.1,>=3.1->seaborn) (22.0)
Requirement already satisfied: pytz>=2020.1 in /raven/u/system/soft/SLE_15/packages/x86_64/anaconda/3/2023.03/lib/python3.10/site-packages (from pandas>=0.25->seaborn) (2022.7)
Requirement already satisfied: six>=1.5 in /raven/u/system/soft/SLE_15/packages/x86_64/anaconda/3/2023.03/lib/python3.10/site-packages (from python-dateutil>=2.7->matplotlib!=3.6.1,>=3.1->seaborn) (1.16.0)
Defaulting to user installation because normal site-packages is not writeable
Defaulting to user installation because normal site-packages is not writeable
Starting iteration 1
Error during GP model script execution
                                  
================================= 
Global information about the job: 
================================= 
  
Job owner: dvoss(54815)
Job name:  al_gp_iter
Node list: ravg1041
Job start: Sun Jan 26 18:45:39 CET 2025
Job end:   Sun Jan 26 18:47:33 CET 2025
Work dir:  /raven/u/dvoss/al_pmssmwithgp/model
Command:   /raven/u/dvoss/al_pmssmwithgp/model/slurm/single_job_new.sbatch
  
  
  
==========================================================================================
Information on jobsteps (Note: MaxRSS/AveRSS is the maximum/average over all 
tasks of the per-task memory high-water marks; cf. "man sacct"): 
==========================================================================================
  
JobID            JobName NNodes NTasks  NCPUS       MaxRSS       AveRSS    Elapsed ExitCode
------------- ---------- ------ ------ ------ ------------ ------------ ---------- --------
15270890      al_gp_iter      1             4                             00:01:54      1:0
15270890.0    job_new.sh      1      1      4      144.02M      144.02M   00:00:31      1:0
  
Maximum memory per node: 0.151012 GB (defined as MaxRSS*Ntasks/NNodes)
CPU utilization: 1.8 %
  
