Defaulting to user installation because normal site-packages is not writeable
Requirement already satisfied: uproot in /raven/u/dvoss/.local/lib/python3.9/site-packages (5.3.10)
Requirement already satisfied: fsspec in /raven/u/dvoss/.local/lib/python3.9/site-packages (from uproot) (2024.6.1)
Requirement already satisfied: packaging in /raven/u/system/soft/SLE_15/packages/x86_64/anaconda/3/2021.11/lib/python3.9/site-packages (from uproot) (21.0)
Requirement already satisfied: cramjam>=2.5.0 in /raven/u/dvoss/.local/lib/python3.9/site-packages (from uproot) (2.8.3)
Requirement already satisfied: typing-extensions>=4.1.0 in /raven/u/dvoss/.local/lib/python3.9/site-packages (from uproot) (4.12.2)
Requirement already satisfied: awkward>=2.4.6 in /raven/u/dvoss/.local/lib/python3.9/site-packages (from uproot) (2.6.6)
Requirement already satisfied: numpy in /raven/u/dvoss/.local/lib/python3.9/site-packages (from uproot) (1.22.4)
Requirement already satisfied: awkward-cpp==35 in /raven/u/dvoss/.local/lib/python3.9/site-packages (from awkward>=2.4.6->uproot) (35)
Requirement already satisfied: importlib-metadata>=4.13.0 in /raven/u/dvoss/.local/lib/python3.9/site-packages (from awkward>=2.4.6->uproot) (8.0.0)
Requirement already satisfied: zipp>=0.5 in /raven/u/system/soft/SLE_15/packages/x86_64/anaconda/3/2021.11/lib/python3.9/site-packages (from importlib-metadata>=4.13.0->awkward>=2.4.6->uproot) (3.6.0)
Requirement already satisfied: pyparsing>=2.0.2 in /raven/u/system/soft/SLE_15/packages/x86_64/anaconda/3/2021.11/lib/python3.9/site-packages (from packaging->uproot) (3.0.4)
Defaulting to user installation because normal site-packages is not writeable
Collecting argparse
  Using cached argparse-1.4.0-py2.py3-none-any.whl (23 kB)
Installing collected packages: argparse
Successfully installed argparse-1.4.0
Defaulting to user installation because normal site-packages is not writeable
Requirement already satisfied: pyslha in /raven/u/dvoss/.local/lib/python3.9/site-packages (3.2.6)
Requirement already satisfied: tex2pix>=0.1.5 in /raven/u/dvoss/.local/lib/python3.9/site-packages (from pyslha) (0.3.1)
Defaulting to user installation because normal site-packages is not writeable
Requirement already satisfied: structlog in /raven/u/dvoss/.local/lib/python3.9/site-packages (24.4.0)
Defaulting to user installation because normal site-packages is not writeable
Requirement already satisfied: imageio[ffmpeg] in /raven/u/system/soft/SLE_15/packages/x86_64/anaconda/3/2021.11/lib/python3.9/site-packages (2.9.0)
Requirement already satisfied: Pillow in /raven/u/system/soft/SLE_15/packages/x86_64/anaconda/3/2021.11/lib/python3.9/site-packages (8.4.0)
Requirement already satisfied: numpy in /raven/u/dvoss/.local/lib/python3.9/site-packages (from imageio[ffmpeg]) (1.22.4)
Requirement already satisfied: imageio-ffmpeg in /raven/u/dvoss/.local/lib/python3.9/site-packages (from imageio[ffmpeg]) (0.5.1)
Requirement already satisfied: setuptools in /raven/u/system/soft/SLE_15/packages/x86_64/anaconda/3/2021.11/lib/python3.9/site-packages (from imageio-ffmpeg->imageio[ffmpeg]) (58.0.4)
Defaulting to user installation because normal site-packages is not writeable
Requirement already satisfied: seaborn in /raven/u/system/soft/SLE_15/packages/x86_64/anaconda/3/2021.11/lib/python3.9/site-packages (0.11.2)
Requirement already satisfied: scipy>=1.0 in /raven/u/system/soft/SLE_15/packages/x86_64/anaconda/3/2021.11/lib/python3.9/site-packages (from seaborn) (1.7.1)
Requirement already satisfied: matplotlib>=2.2 in /raven/u/system/soft/SLE_15/packages/x86_64/anaconda/3/2021.11/lib/python3.9/site-packages (from seaborn) (3.4.3)
Requirement already satisfied: numpy>=1.15 in /raven/u/dvoss/.local/lib/python3.9/site-packages (from seaborn) (1.22.4)
Requirement already satisfied: pandas>=0.23 in /raven/u/system/soft/SLE_15/packages/x86_64/anaconda/3/2021.11/lib/python3.9/site-packages (from seaborn) (1.3.4)
Requirement already satisfied: kiwisolver>=1.0.1 in /raven/u/system/soft/SLE_15/packages/x86_64/anaconda/3/2021.11/lib/python3.9/site-packages (from matplotlib>=2.2->seaborn) (1.3.1)
Requirement already satisfied: python-dateutil>=2.7 in /raven/u/system/soft/SLE_15/packages/x86_64/anaconda/3/2021.11/lib/python3.9/site-packages (from matplotlib>=2.2->seaborn) (2.8.2)
Requirement already satisfied: cycler>=0.10 in /raven/u/system/soft/SLE_15/packages/x86_64/anaconda/3/2021.11/lib/python3.9/site-packages (from matplotlib>=2.2->seaborn) (0.10.0)
Requirement already satisfied: pyparsing>=2.2.1 in /raven/u/system/soft/SLE_15/packages/x86_64/anaconda/3/2021.11/lib/python3.9/site-packages (from matplotlib>=2.2->seaborn) (3.0.4)
Requirement already satisfied: pillow>=6.2.0 in /raven/u/system/soft/SLE_15/packages/x86_64/anaconda/3/2021.11/lib/python3.9/site-packages (from matplotlib>=2.2->seaborn) (8.4.0)
Requirement already satisfied: six in /raven/u/system/soft/SLE_15/packages/x86_64/anaconda/3/2021.11/lib/python3.9/site-packages (from cycler>=0.10->matplotlib>=2.2->seaborn) (1.16.0)
Requirement already satisfied: pytz>=2017.3 in /raven/u/system/soft/SLE_15/packages/x86_64/anaconda/3/2021.11/lib/python3.9/site-packages (from pandas>=0.23->seaborn) (2021.3)
Defaulting to user installation because normal site-packages is not writeable
Defaulting to user installation because normal site-packages is not writeable
Starting iteration 1 with parameters: ls_min=1e-3, ls_max=5.0, os_min=1e-2, noise_min=1e-5, noise_max=5e-2, lr=0.001, iter=1000, opt=Adam
Device:  cuda
Initial Training points:  tensor([[0.4521, 0.8867, 0.3550,  ..., 0.6512, 0.7120, 0.8130],
        [0.6271, 0.1286, 0.7500,  ..., 0.0249, 0.6259, 0.5495],
        [0.5642, 0.3533, 0.7394,  ..., 0.8868, 0.5176, 0.2173],
        ...,
        [0.8854, 0.0932, 0.7190,  ..., 0.8791, 0.4912, 0.8636],
        [0.4942, 0.9012, 0.5362,  ..., 0.5760, 0.5991, 0.8186],
        [0.1558, 0.8367, 0.7121,  ..., 0.4215, 0.3267, 0.1245]],
       device='cuda:0') torch.Size([7000, 12])
Validation points:  tensor([[0.9013, 0.6742, 0.2109,  ..., 0.2892, 0.1909, 0.3767],
        [0.6934, 0.7633, 0.8531,  ..., 0.5223, 0.8144, 0.7083],
        [0.1945, 0.1826, 0.7804,  ..., 0.2111, 0.3781, 0.8807],
        ...,
        [0.8005, 0.7685, 0.1139,  ..., 0.6596, 0.2003, 0.2526],
        [0.5829, 0.4044, 0.3318,  ..., 0.7997, 0.3167, 0.6570],
        [0.2657, 0.7377, 0.7289,  ..., 0.6652, 0.7800, 0.2193]],
       device='cuda:0') torch.Size([2000, 12])
All points:  tensor([[0.4521, 0.8867, 0.3550,  ..., 0.6512, 0.7120, 0.8130],
        [0.6271, 0.1286, 0.7500,  ..., 0.0249, 0.6259, 0.5495],
        [0.5642, 0.3533, 0.7394,  ..., 0.8868, 0.5176, 0.2173],
        ...,
        [0.8656, 0.1697, 0.6655,  ..., 0.7720, 0.3882, 0.7712],
        [0.8162, 0.9109, 0.8260,  ..., 0.7424, 0.9696, 0.0033],
        [0.7031, 0.8055, 0.5422,  ..., 0.0879, 0.1219, 0.8939]],
       device='cuda:0') torch.Size([12280, 12])
These hyperparameters are used for initializing the model: lengthscale_min=0.001, lengthscale_max=5.0, outputscale_min=0.01, noise_min=1e-05, noise_max=0.05
These hyperparameters are used for training: learning_rate=0.001, iters=1000, optimizer=Adam
These training_points are used in the GP tensor([[0.4521, 0.8867, 0.3550,  ..., 0.6512, 0.7120, 0.8130],
        [0.6271, 0.1286, 0.7500,  ..., 0.0249, 0.6259, 0.5495],
        [0.5642, 0.3533, 0.7394,  ..., 0.8868, 0.5176, 0.2173],
        ...,
        [0.8854, 0.0932, 0.7190,  ..., 0.8791, 0.4912, 0.8636],
        [0.4942, 0.9012, 0.5362,  ..., 0.5760, 0.5991, 0.8186],
        [0.1558, 0.8367, 0.7121,  ..., 0.4215, 0.3267, 0.1245]],
       device='cuda:0')
Iteration 0: x_train shape: torch.Size([7000, 12]), y_train shape: torch.Size([7000])
Output mean shape: torch.Size([7000])
Iter 1 / 1000 - Loss (Train): nan - Loss (Val): -1.482
Iteration 1: x_train shape: torch.Size([7000, 12]), y_train shape: torch.Size([7000])
Output mean shape: torch.Size([7000])
Iteration 2: x_train shape: torch.Size([7000, 12]), y_train shape: torch.Size([7000])
Output mean shape: torch.Size([7000])
Iteration 3: x_train shape: torch.Size([7000, 12]), y_train shape: torch.Size([7000])
Output mean shape: torch.Size([7000])
Iteration 4: x_train shape: torch.Size([7000, 12]), y_train shape: torch.Size([7000])
Output mean shape: torch.Size([7000])
Iteration 5: x_train shape: torch.Size([7000, 12]), y_train shape: torch.Size([7000])
Output mean shape: torch.Size([7000])
Iteration 6: x_train shape: torch.Size([7000, 12]), y_train shape: torch.Size([7000])
Output mean shape: torch.Size([7000])
Iteration 7: x_train shape: torch.Size([7000, 12]), y_train shape: torch.Size([7000])
Output mean shape: torch.Size([7000])
Iteration 8: x_train shape: torch.Size([7000, 12]), y_train shape: torch.Size([7000])
Output mean shape: torch.Size([7000])
Iteration 9: x_train shape: torch.Size([7000, 12]), y_train shape: torch.Size([7000])
Output mean shape: torch.Size([7000])
Iteration 10: x_train shape: torch.Size([7000, 12]), y_train shape: torch.Size([7000])
Output mean shape: torch.Size([7000])
Iteration 11: x_train shape: torch.Size([7000, 12]), y_train shape: torch.Size([7000])
Output mean shape: torch.Size([7000])
Iteration 12: x_train shape: torch.Size([7000, 12]), y_train shape: torch.Size([7000])
Output mean shape: torch.Size([7000])
Iteration 13: x_train shape: torch.Size([7000, 12]), y_train shape: torch.Size([7000])
Output mean shape: torch.Size([7000])
Iteration 14: x_train shape: torch.Size([7000, 12]), y_train shape: torch.Size([7000])
Output mean shape: torch.Size([7000])
Iteration 15: x_train shape: torch.Size([7000, 12]), y_train shape: torch.Size([7000])
Output mean shape: torch.Size([7000])
Iteration 16: x_train shape: torch.Size([7000, 12]), y_train shape: torch.Size([7000])
Output mean shape: torch.Size([7000])
Iteration 17: x_train shape: torch.Size([7000, 12]), y_train shape: torch.Size([7000])
Output mean shape: torch.Size([7000])
Iteration 18: x_train shape: torch.Size([7000, 12]), y_train shape: torch.Size([7000])
Output mean shape: torch.Size([7000])
Iteration 19: x_train shape: torch.Size([7000, 12]), y_train shape: torch.Size([7000])
Output mean shape: torch.Size([7000])
Iteration 20: x_train shape: torch.Size([7000, 12]), y_train shape: torch.Size([7000])
Output mean shape: torch.Size([7000])
Iteration 21: x_train shape: torch.Size([7000, 12]), y_train shape: torch.Size([7000])
Output mean shape: torch.Size([7000])
Iteration 22: x_train shape: torch.Size([7000, 12]), y_train shape: torch.Size([7000])
Output mean shape: torch.Size([7000])
Iteration 23: x_train shape: torch.Size([7000, 12]), y_train shape: torch.Size([7000])
Output mean shape: torch.Size([7000])
Iteration 24: x_train shape: torch.Size([7000, 12]), y_train shape: torch.Size([7000])
Output mean shape: torch.Size([7000])
Iteration 25: x_train shape: torch.Size([7000, 12]), y_train shape: torch.Size([7000])
Output mean shape: torch.Size([7000])
Iteration 26: x_train shape: torch.Size([7000, 12]), y_train shape: torch.Size([7000])
Output mean shape: torch.Size([7000])
Iteration 27: x_train shape: torch.Size([7000, 12]), y_train shape: torch.Size([7000])
Output mean shape: torch.Size([7000])
Iteration 28: x_train shape: torch.Size([7000, 12]), y_train shape: torch.Size([7000])
Output mean shape: torch.Size([7000])
Iteration 29: x_train shape: torch.Size([7000, 12]), y_train shape: torch.Size([7000])
Output mean shape: torch.Size([7000])
Iteration 30: x_train shape: torch.Size([7000, 12]), y_train shape: torch.Size([7000])
Output mean shape: torch.Size([7000])
Iteration 31: x_train shape: torch.Size([7000, 12]), y_train shape: torch.Size([7000])
Output mean shape: torch.Size([7000])
Iteration 32: x_train shape: torch.Size([7000, 12]), y_train shape: torch.Size([7000])
Output mean shape: torch.Size([7000])
Iteration 33: x_train shape: torch.Size([7000, 12]), y_train shape: torch.Size([7000])
Output mean shape: torch.Size([7000])
Iteration 34: x_train shape: torch.Size([7000, 12]), y_train shape: torch.Size([7000])
Output mean shape: torch.Size([7000])
Iteration 35: x_train shape: torch.Size([7000, 12]), y_train shape: torch.Size([7000])
Output mean shape: torch.Size([7000])
Iteration 36: x_train shape: torch.Size([7000, 12]), y_train shape: torch.Size([7000])
Output mean shape: torch.Size([7000])
Iteration 37: x_train shape: torch.Size([7000, 12]), y_train shape: torch.Size([7000])
Output mean shape: torch.Size([7000])
Iteration 38: x_train shape: torch.Size([7000, 12]), y_train shape: torch.Size([7000])
Output mean shape: torch.Size([7000])
Iteration 39: x_train shape: torch.Size([7000, 12]), y_train shape: torch.Size([7000])
Output mean shape: torch.Size([7000])
Iteration 40: x_train shape: torch.Size([7000, 12]), y_train shape: torch.Size([7000])
Output mean shape: torch.Size([7000])
Iteration 41: x_train shape: torch.Size([7000, 12]), y_train shape: torch.Size([7000])
Output mean shape: torch.Size([7000])
Iteration 42: x_train shape: torch.Size([7000, 12]), y_train shape: torch.Size([7000])
Output mean shape: torch.Size([7000])
Iteration 43: x_train shape: torch.Size([7000, 12]), y_train shape: torch.Size([7000])
Output mean shape: torch.Size([7000])
Iteration 44: x_train shape: torch.Size([7000, 12]), y_train shape: torch.Size([7000])
Output mean shape: torch.Size([7000])
Iteration 45: x_train shape: torch.Size([7000, 12]), y_train shape: torch.Size([7000])
Output mean shape: torch.Size([7000])
Iteration 46: x_train shape: torch.Size([7000, 12]), y_train shape: torch.Size([7000])
Output mean shape: torch.Size([7000])
Iteration 47: x_train shape: torch.Size([7000, 12]), y_train shape: torch.Size([7000])
Output mean shape: torch.Size([7000])
                                  
================================= 
Global information about the job: 
================================= 
  
Job owner: dvoss(54815)
Job name:  RealData_hyper
Node list: ravg1129
Job start: Sat Feb 22 13:30:42 CET 2025
Job end:   Sat Feb 22 13:43:06 CET 2025
Work dir:  /raven/u/dvoss/al_pmssmwithgp/model
Command:   /raven/u/dvoss/al_pmssmwithgp/model/slurm/single_job_RealData_hyperScan.sbatch
  
  
  
==========================================================================================
Information on jobsteps (Note: MaxRSS/AveRSS is the maximum/average over all 
tasks of the per-task memory high-water marks; cf. "man sacct"): 
==========================================================================================
  
JobID            JobName NNodes NTasks  NCPUS       MaxRSS       AveRSS    Elapsed ExitCode
------------- ---------- ------ ------ ------ ------------ ------------ ---------- --------
15766776      RealData_h      1             4                             00:12:24      0:0
15766776.0    job_RealDa      1      1      4     2340.64M     2340.64M   00:12:01     0:15
  
Maximum memory per node: 2.454339 GB (defined as MaxRSS*Ntasks/NNodes)
CPU utilization: 43.0 %
  
