Defaulting to user installation because normal site-packages is not writeable
Requirement already satisfied: uproot in /raven/u/dvoss/.local/lib/python3.9/site-packages (5.3.10)
Requirement already satisfied: typing-extensions>=4.1.0 in /raven/u/dvoss/.local/lib/python3.9/site-packages (from uproot) (4.12.2)
Requirement already satisfied: cramjam>=2.5.0 in /raven/u/dvoss/.local/lib/python3.9/site-packages (from uproot) (2.8.3)
Requirement already satisfied: awkward>=2.4.6 in /raven/u/dvoss/.local/lib/python3.9/site-packages (from uproot) (2.6.6)
Requirement already satisfied: packaging in /raven/u/system/soft/SLE_15/packages/x86_64/anaconda/3/2021.11/lib/python3.9/site-packages (from uproot) (21.0)
Requirement already satisfied: numpy in /raven/u/dvoss/.local/lib/python3.9/site-packages (from uproot) (1.22.4)
Requirement already satisfied: fsspec in /raven/u/dvoss/.local/lib/python3.9/site-packages (from uproot) (2024.6.1)
Requirement already satisfied: awkward-cpp==35 in /raven/u/dvoss/.local/lib/python3.9/site-packages (from awkward>=2.4.6->uproot) (35)
Requirement already satisfied: importlib-metadata>=4.13.0 in /raven/u/dvoss/.local/lib/python3.9/site-packages (from awkward>=2.4.6->uproot) (8.0.0)
Requirement already satisfied: zipp>=0.5 in /raven/u/system/soft/SLE_15/packages/x86_64/anaconda/3/2021.11/lib/python3.9/site-packages (from importlib-metadata>=4.13.0->awkward>=2.4.6->uproot) (3.6.0)
Requirement already satisfied: pyparsing>=2.0.2 in /raven/u/system/soft/SLE_15/packages/x86_64/anaconda/3/2021.11/lib/python3.9/site-packages (from packaging->uproot) (3.0.4)
Defaulting to user installation because normal site-packages is not writeable
Collecting argparse
  Using cached argparse-1.4.0-py2.py3-none-any.whl (23 kB)
Installing collected packages: argparse
Successfully installed argparse-1.4.0
Defaulting to user installation because normal site-packages is not writeable
Requirement already satisfied: pyslha in /raven/u/dvoss/.local/lib/python3.9/site-packages (3.2.6)
Requirement already satisfied: tex2pix>=0.1.5 in /raven/u/dvoss/.local/lib/python3.9/site-packages (from pyslha) (0.3.1)
Defaulting to user installation because normal site-packages is not writeable
Requirement already satisfied: structlog in /raven/u/dvoss/.local/lib/python3.9/site-packages (24.4.0)
Defaulting to user installation because normal site-packages is not writeable
Requirement already satisfied: imageio[ffmpeg] in /raven/u/system/soft/SLE_15/packages/x86_64/anaconda/3/2021.11/lib/python3.9/site-packages (2.9.0)
Requirement already satisfied: Pillow in /raven/u/system/soft/SLE_15/packages/x86_64/anaconda/3/2021.11/lib/python3.9/site-packages (8.4.0)
Requirement already satisfied: numpy in /raven/u/dvoss/.local/lib/python3.9/site-packages (from imageio[ffmpeg]) (1.22.4)
Requirement already satisfied: imageio-ffmpeg in /raven/u/dvoss/.local/lib/python3.9/site-packages (from imageio[ffmpeg]) (0.5.1)
Requirement already satisfied: setuptools in /raven/u/system/soft/SLE_15/packages/x86_64/anaconda/3/2021.11/lib/python3.9/site-packages (from imageio-ffmpeg->imageio[ffmpeg]) (58.0.4)
Defaulting to user installation because normal site-packages is not writeable
Requirement already satisfied: seaborn in /raven/u/system/soft/SLE_15/packages/x86_64/anaconda/3/2021.11/lib/python3.9/site-packages (0.11.2)
Requirement already satisfied: matplotlib>=2.2 in /raven/u/system/soft/SLE_15/packages/x86_64/anaconda/3/2021.11/lib/python3.9/site-packages (from seaborn) (3.4.3)
Requirement already satisfied: scipy>=1.0 in /raven/u/system/soft/SLE_15/packages/x86_64/anaconda/3/2021.11/lib/python3.9/site-packages (from seaborn) (1.7.1)
Requirement already satisfied: numpy>=1.15 in /raven/u/dvoss/.local/lib/python3.9/site-packages (from seaborn) (1.22.4)
Requirement already satisfied: pandas>=0.23 in /raven/u/system/soft/SLE_15/packages/x86_64/anaconda/3/2021.11/lib/python3.9/site-packages (from seaborn) (1.3.4)
Requirement already satisfied: cycler>=0.10 in /raven/u/system/soft/SLE_15/packages/x86_64/anaconda/3/2021.11/lib/python3.9/site-packages (from matplotlib>=2.2->seaborn) (0.10.0)
Requirement already satisfied: pillow>=6.2.0 in /raven/u/system/soft/SLE_15/packages/x86_64/anaconda/3/2021.11/lib/python3.9/site-packages (from matplotlib>=2.2->seaborn) (8.4.0)
Requirement already satisfied: kiwisolver>=1.0.1 in /raven/u/system/soft/SLE_15/packages/x86_64/anaconda/3/2021.11/lib/python3.9/site-packages (from matplotlib>=2.2->seaborn) (1.3.1)
Requirement already satisfied: python-dateutil>=2.7 in /raven/u/system/soft/SLE_15/packages/x86_64/anaconda/3/2021.11/lib/python3.9/site-packages (from matplotlib>=2.2->seaborn) (2.8.2)
Requirement already satisfied: pyparsing>=2.2.1 in /raven/u/system/soft/SLE_15/packages/x86_64/anaconda/3/2021.11/lib/python3.9/site-packages (from matplotlib>=2.2->seaborn) (3.0.4)
Requirement already satisfied: six in /raven/u/system/soft/SLE_15/packages/x86_64/anaconda/3/2021.11/lib/python3.9/site-packages (from cycler>=0.10->matplotlib>=2.2->seaborn) (1.16.0)
Requirement already satisfied: pytz>=2017.3 in /raven/u/system/soft/SLE_15/packages/x86_64/anaconda/3/2021.11/lib/python3.9/site-packages (from pandas>=0.23->seaborn) (2021.3)
Defaulting to user installation because normal site-packages is not writeable
Defaulting to user installation because normal site-packages is not writeable
Defaulting to user installation because normal site-packages is not writeable
Requirement already satisfied: matplotlib in /raven/u/system/soft/SLE_15/packages/x86_64/anaconda/3/2021.11/lib/python3.9/site-packages (3.4.3)
Requirement already satisfied: kiwisolver>=1.0.1 in /raven/u/system/soft/SLE_15/packages/x86_64/anaconda/3/2021.11/lib/python3.9/site-packages (from matplotlib) (1.3.1)
Requirement already satisfied: python-dateutil>=2.7 in /raven/u/system/soft/SLE_15/packages/x86_64/anaconda/3/2021.11/lib/python3.9/site-packages (from matplotlib) (2.8.2)
Requirement already satisfied: pillow>=6.2.0 in /raven/u/system/soft/SLE_15/packages/x86_64/anaconda/3/2021.11/lib/python3.9/site-packages (from matplotlib) (8.4.0)
Requirement already satisfied: cycler>=0.10 in /raven/u/system/soft/SLE_15/packages/x86_64/anaconda/3/2021.11/lib/python3.9/site-packages (from matplotlib) (0.10.0)
Requirement already satisfied: pyparsing>=2.2.1 in /raven/u/system/soft/SLE_15/packages/x86_64/anaconda/3/2021.11/lib/python3.9/site-packages (from matplotlib) (3.0.4)
Requirement already satisfied: numpy>=1.16 in /raven/u/dvoss/.local/lib/python3.9/site-packages (from matplotlib) (1.22.4)
Requirement already satisfied: six in /raven/u/system/soft/SLE_15/packages/x86_64/anaconda/3/2021.11/lib/python3.9/site-packages (from cycler>=0.10->matplotlib) (1.16.0)
Defaulting to user installation because normal site-packages is not writeable
Requirement already satisfied: numpy in /raven/u/dvoss/.local/lib/python3.9/site-packages (1.22.4)
Defaulting to user installation because normal site-packages is not writeable
Requirement already satisfied: pandas in /raven/u/system/soft/SLE_15/packages/x86_64/anaconda/3/2021.11/lib/python3.9/site-packages (1.3.4)
Requirement already satisfied: python-dateutil>=2.7.3 in /raven/u/system/soft/SLE_15/packages/x86_64/anaconda/3/2021.11/lib/python3.9/site-packages (from pandas) (2.8.2)
Requirement already satisfied: pytz>=2017.3 in /raven/u/system/soft/SLE_15/packages/x86_64/anaconda/3/2021.11/lib/python3.9/site-packages (from pandas) (2021.3)
Requirement already satisfied: numpy>=1.17.3 in /raven/u/dvoss/.local/lib/python3.9/site-packages (from pandas) (1.22.4)
Requirement already satisfied: six>=1.5 in /raven/u/system/soft/SLE_15/packages/x86_64/anaconda/3/2021.11/lib/python3.9/site-packages (from python-dateutil>=2.7.3->pandas) (1.16.0)
Defaulting to user installation because normal site-packages is not writeable
Defaulting to user installation because normal site-packages is not writeable
Requirement already satisfied: linear_operator in /raven/u/dvoss/.local/lib/python3.9/site-packages (0.5.3)
Collecting torch>=1.11
  Using cached torch-2.5.1-cp39-cp39-manylinux1_x86_64.whl (906.5 MB)
Requirement already satisfied: scipy in /raven/u/system/soft/SLE_15/packages/x86_64/anaconda/3/2021.11/lib/python3.9/site-packages (from linear_operator) (1.7.1)
Requirement already satisfied: jaxtyping==0.2.19 in /raven/u/dvoss/.local/lib/python3.9/site-packages (from linear_operator) (0.2.19)
Requirement already satisfied: mpmath<=1.3,>=0.19 in /raven/u/system/soft/SLE_15/packages/x86_64/anaconda/3/2021.11/lib/python3.9/site-packages (from linear_operator) (1.2.1)
Requirement already satisfied: typeguard>=2.13.3 in /raven/u/dvoss/.local/lib/python3.9/site-packages (from jaxtyping==0.2.19->linear_operator) (4.4.1)
Requirement already satisfied: numpy>=1.20.0 in /raven/u/dvoss/.local/lib/python3.9/site-packages (from jaxtyping==0.2.19->linear_operator) (1.22.4)
Requirement already satisfied: typing-extensions>=3.7.4.1 in /raven/u/dvoss/.local/lib/python3.9/site-packages (from jaxtyping==0.2.19->linear_operator) (4.12.2)
Requirement already satisfied: fsspec in /raven/u/dvoss/.local/lib/python3.9/site-packages (from torch>=1.11->linear_operator) (2024.6.1)
Requirement already satisfied: sympy==1.13.1 in /raven/u/dvoss/.local/lib/python3.9/site-packages (from torch>=1.11->linear_operator) (1.13.1)
Requirement already satisfied: nvidia-nccl-cu12==2.21.5 in /raven/u/dvoss/.local/lib/python3.9/site-packages (from torch>=1.11->linear_operator) (2.21.5)
Requirement already satisfied: triton==3.1.0 in /raven/u/dvoss/.local/lib/python3.9/site-packages (from torch>=1.11->linear_operator) (3.1.0)
Requirement already satisfied: nvidia-nvjitlink-cu12==12.4.127 in /raven/u/dvoss/.local/lib/python3.9/site-packages (from torch>=1.11->linear_operator) (12.4.127)
Requirement already satisfied: nvidia-cusparse-cu12==12.3.1.170 in /raven/u/dvoss/.local/lib/python3.9/site-packages (from torch>=1.11->linear_operator) (12.3.1.170)
Requirement already satisfied: nvidia-cusolver-cu12==11.6.1.9 in /raven/u/dvoss/.local/lib/python3.9/site-packages (from torch>=1.11->linear_operator) (11.6.1.9)
Requirement already satisfied: nvidia-cuda-nvrtc-cu12==12.4.127 in /raven/u/dvoss/.local/lib/python3.9/site-packages (from torch>=1.11->linear_operator) (12.4.127)
Requirement already satisfied: nvidia-curand-cu12==10.3.5.147 in /raven/u/dvoss/.local/lib/python3.9/site-packages (from torch>=1.11->linear_operator) (10.3.5.147)
Requirement already satisfied: jinja2 in /raven/u/system/soft/SLE_15/packages/x86_64/anaconda/3/2021.11/lib/python3.9/site-packages (from torch>=1.11->linear_operator) (2.11.3)
Requirement already satisfied: nvidia-cudnn-cu12==9.1.0.70 in /raven/u/dvoss/.local/lib/python3.9/site-packages (from torch>=1.11->linear_operator) (9.1.0.70)
Requirement already satisfied: nvidia-cuda-runtime-cu12==12.4.127 in /raven/u/dvoss/.local/lib/python3.9/site-packages (from torch>=1.11->linear_operator) (12.4.127)
Requirement already satisfied: nvidia-cuda-cupti-cu12==12.4.127 in /raven/u/dvoss/.local/lib/python3.9/site-packages (from torch>=1.11->linear_operator) (12.4.127)
Requirement already satisfied: nvidia-cufft-cu12==11.2.1.3 in /raven/u/dvoss/.local/lib/python3.9/site-packages (from torch>=1.11->linear_operator) (11.2.1.3)
Requirement already satisfied: nvidia-nvtx-cu12==12.4.127 in /raven/u/dvoss/.local/lib/python3.9/site-packages (from torch>=1.11->linear_operator) (12.4.127)
Requirement already satisfied: nvidia-cublas-cu12==12.4.5.8 in /raven/u/dvoss/.local/lib/python3.9/site-packages (from torch>=1.11->linear_operator) (12.4.5.8)
Requirement already satisfied: filelock in /raven/u/system/soft/SLE_15/packages/x86_64/anaconda/3/2021.11/lib/python3.9/site-packages (from torch>=1.11->linear_operator) (3.3.1)
Requirement already satisfied: networkx in /raven/u/system/soft/SLE_15/packages/x86_64/anaconda/3/2021.11/lib/python3.9/site-packages (from torch>=1.11->linear_operator) (2.6.3)
Requirement already satisfied: importlib-metadata>=3.6 in /raven/u/dvoss/.local/lib/python3.9/site-packages (from typeguard>=2.13.3->jaxtyping==0.2.19->linear_operator) (8.0.0)
Requirement already satisfied: zipp>=0.5 in /raven/u/system/soft/SLE_15/packages/x86_64/anaconda/3/2021.11/lib/python3.9/site-packages (from importlib-metadata>=3.6->typeguard>=2.13.3->jaxtyping==0.2.19->linear_operator) (3.6.0)
Requirement already satisfied: MarkupSafe>=0.23 in /raven/u/system/soft/SLE_15/packages/x86_64/anaconda/3/2021.11/lib/python3.9/site-packages (from jinja2->torch>=1.11->linear_operator) (1.1.1)
Installing collected packages: torch
Successfully installed torch-2.5.1
Defaulting to user installation because normal site-packages is not writeable
Starting iteration 1
Initial Training Points:
X Train: tensor([[0.9594, 0.8456, 0.9641, 0.8930, 0.5143, 0.8340],
        [0.8071, 0.9162, 0.4576, 0.2709, 0.7496, 0.1876],
        [0.4939, 0.0773, 0.5403, 0.0231, 0.1088, 0.5798],
        ...,
        [0.8324, 0.8972, 0.4304, 0.1672, 0.1271, 0.5403],
        [0.3175, 0.9128, 0.2362, 0.6111, 0.2314, 0.5975],
        [0.1852, 0.3418, 0.1410, 0.1789, 0.1679, 0.1831]], device='cuda:0'), Shape: torch.Size([5000, 6])
Y Train: tensor([2.3954e+00, 1.1982e-02, 5.4831e-01,  ..., 8.7378e-04, 1.4406e-02,
        3.5620e+01], device='cuda:0'), Shape: torch.Size([5000])
These training_points are used in the GP tensor([[0.9594, 0.8456, 0.9641, 0.8930, 0.5143, 0.8340],
        [0.8071, 0.9162, 0.4576, 0.2709, 0.7496, 0.1876],
        [0.4939, 0.0773, 0.5403, 0.0231, 0.1088, 0.5798],
        ...,
        [0.8324, 0.8972, 0.4304, 0.1672, 0.1271, 0.5403],
        [0.3175, 0.9128, 0.2362, 0.6111, 0.2314, 0.5975],
        [0.1852, 0.3418, 0.1410, 0.1789, 0.1679, 0.1831]], device='cuda:0')
Iter 1 / 1000 - Loss (Train): 7.661 - Loss (Val): 3.625
Iter 101 / 1000 - Loss (Train): 5.890 - Loss (Val): 2.933
Iter 201 / 1000 - Loss (Train): 3.562 - Loss (Val): 2.012
Iter 301 / 1000 - Loss (Train): 2.973 - Loss (Val): 1.949
Iter 401 / 1000 - Loss (Train): 2.951 - Loss (Val): 1.981
Iter 501 / 1000 - Loss (Train): 2.933 - Loss (Val): 2.010
Iter 601 / 1000 - Loss (Train): 2.915 - Loss (Val): 2.039
Iter 701 / 1000 - Loss (Train): 2.900 - Loss (Val): 2.066
Iter 801 / 1000 - Loss (Train): 2.887 - Loss (Val): 2.091
Iter 901 / 1000 - Loss (Train): 2.872 - Loss (Val): 2.115
best model parameters:  OrderedDict([('likelihood.noise_covar.raw_noise', tensor([2.9455], device='cuda:0')), ('likelihood.noise_covar.raw_noise_constraint.lower_bound', tensor(1.0000e-04, device='cuda:0')), ('likelihood.noise_covar.raw_noise_constraint.upper_bound', tensor(inf, device='cuda:0')), ('mean_module.weights', tensor([[-0.0812],
        [-0.0894],
        [-0.0608],
        [-0.0400],
        [-0.0939],
        [-0.0077]], device='cuda:0')), ('mean_module.bias', tensor([0.4779], device='cuda:0')), ('covar_module.raw_lengthscale', tensor([[-1.9411]], device='cuda:0')), ('covar_module.raw_lengthscale_constraint.lower_bound', tensor(0.1000, device='cuda:0')), ('covar_module.raw_lengthscale_constraint.upper_bound', tensor(inf, device='cuda:0')), ('task_covar_module.covar_factor', tensor([[0.3367]], device='cuda:0')), ('task_covar_module.raw_var', tensor([0.1288], device='cuda:0')), ('task_covar_module.IndexKernelPrior.a', tensor([0.], device='cuda:0')), ('task_covar_module.IndexKernelPrior.b', tensor([1.], device='cuda:0')), ('task_covar_module.IndexKernelPrior.sigma', tensor([0.0100], device='cuda:0')), ('task_covar_module.IndexKernelPrior.tails.loc', tensor([0.], device='cuda:0')), ('task_covar_module.IndexKernelPrior.tails.scale', tensor([0.0100], device='cuda:0')), ('task_covar_module.raw_var_constraint.lower_bound', tensor(0., device='cuda:0')), ('task_covar_module.raw_var_constraint.upper_bound', tensor(inf, device='cuda:0'))])
Plot saved to /raven/u/dvoss/al_pmssmwithgp/model/plots/plots_two_circles/Iter1/loss_plot_two_circles6D_5000.png
Likelihood MultivariateNormal(loc: torch.Size([4096]))
Mean:  tensor([[ 0.9019],
        [ 1.3695],
        [ 0.2746],
        ...,
        [-0.3262],
        [ 0.7980],
        [ 0.0672]], device='cuda:0')
Variance:  tensor([[3.9726],
        [3.9581],
        [3.9543],
        ...,
        [3.8203],
        [3.9264],
        [3.9665]], device='cuda:0')
The shape of the input_data is: torch.Size([4096, 6])
The shape of the mean is: torch.Size([4096])
Shapes of TP, FP, FN, TN: 56, 12, 0, 4028
Error during GP model script execution
                                  
================================= 
Global information about the job: 
================================= 
  
Job owner: dvoss(54815)
Job name:  al_gp_iter
Node list: ravg1016
Job start: Sat Jan 18 20:35:17 CET 2025
Job end:   Sat Jan 18 22:08:33 CET 2025
Work dir:  /raven/u/dvoss/al_pmssmwithgp/model
Command:   /raven/u/dvoss/al_pmssmwithgp/model/slurm/single_job_two_circles_iteration.sbatch
  
  
  
==========================================================================================
Information on jobsteps (Note: MaxRSS/AveRSS is the maximum/average over all 
tasks of the per-task memory high-water marks; cf. "man sacct"): 
==========================================================================================
  
JobID            JobName NNodes NTasks  NCPUS       MaxRSS       AveRSS    Elapsed ExitCode
------------- ---------- ------ ------ ------ ------------ ------------ ---------- --------
15091185      al_gp_iter      1             4                             01:33:16      1:0
15091185.0    job_two_ci      1      1      4     2361.04M     2361.04M   01:10:58      1:0
  
Maximum memory per node: 2.475727 GB (defined as MaxRSS*Ntasks/NNodes)
CPU utilization: 37.4 %
  
