Defaulting to user installation because normal site-packages is not writeable
Requirement already satisfied: uproot in /raven/u/dvoss/.local/lib/python3.9/site-packages (5.3.10)
Requirement already satisfied: typing-extensions>=4.1.0 in /raven/u/dvoss/.local/lib/python3.9/site-packages (from uproot) (4.12.2)
Requirement already satisfied: packaging in /raven/u/system/soft/SLE_15/packages/x86_64/anaconda/3/2021.11/lib/python3.9/site-packages (from uproot) (21.0)
Requirement already satisfied: awkward>=2.4.6 in /raven/u/dvoss/.local/lib/python3.9/site-packages (from uproot) (2.6.6)
Requirement already satisfied: cramjam>=2.5.0 in /raven/u/dvoss/.local/lib/python3.9/site-packages (from uproot) (2.8.3)
Requirement already satisfied: fsspec in /raven/u/dvoss/.local/lib/python3.9/site-packages (from uproot) (2024.6.1)
Requirement already satisfied: numpy in /raven/u/dvoss/.local/lib/python3.9/site-packages (from uproot) (1.22.4)
Requirement already satisfied: awkward-cpp==35 in /raven/u/dvoss/.local/lib/python3.9/site-packages (from awkward>=2.4.6->uproot) (35)
Requirement already satisfied: importlib-metadata>=4.13.0 in /raven/u/dvoss/.local/lib/python3.9/site-packages (from awkward>=2.4.6->uproot) (8.0.0)
Requirement already satisfied: zipp>=0.5 in /raven/u/system/soft/SLE_15/packages/x86_64/anaconda/3/2021.11/lib/python3.9/site-packages (from importlib-metadata>=4.13.0->awkward>=2.4.6->uproot) (3.6.0)
Requirement already satisfied: pyparsing>=2.0.2 in /raven/u/system/soft/SLE_15/packages/x86_64/anaconda/3/2021.11/lib/python3.9/site-packages (from packaging->uproot) (3.0.4)
Defaulting to user installation because normal site-packages is not writeable
Collecting argparse
  Using cached argparse-1.4.0-py2.py3-none-any.whl (23 kB)
Installing collected packages: argparse
Successfully installed argparse-1.4.0
Defaulting to user installation because normal site-packages is not writeable
Requirement already satisfied: pyslha in /raven/u/dvoss/.local/lib/python3.9/site-packages (3.2.6)
Requirement already satisfied: tex2pix>=0.1.5 in /raven/u/dvoss/.local/lib/python3.9/site-packages (from pyslha) (0.3.1)
Defaulting to user installation because normal site-packages is not writeable
Requirement already satisfied: structlog in /raven/u/dvoss/.local/lib/python3.9/site-packages (24.4.0)
Defaulting to user installation because normal site-packages is not writeable
Requirement already satisfied: imageio[ffmpeg] in /raven/u/system/soft/SLE_15/packages/x86_64/anaconda/3/2021.11/lib/python3.9/site-packages (2.9.0)
Requirement already satisfied: Pillow in /raven/u/system/soft/SLE_15/packages/x86_64/anaconda/3/2021.11/lib/python3.9/site-packages (8.4.0)
Requirement already satisfied: numpy in /raven/u/dvoss/.local/lib/python3.9/site-packages (from imageio[ffmpeg]) (1.22.4)
Requirement already satisfied: imageio-ffmpeg in /raven/u/dvoss/.local/lib/python3.9/site-packages (from imageio[ffmpeg]) (0.5.1)
Requirement already satisfied: setuptools in /raven/u/system/soft/SLE_15/packages/x86_64/anaconda/3/2021.11/lib/python3.9/site-packages (from imageio-ffmpeg->imageio[ffmpeg]) (58.0.4)
Defaulting to user installation because normal site-packages is not writeable
Requirement already satisfied: seaborn in /raven/u/system/soft/SLE_15/packages/x86_64/anaconda/3/2021.11/lib/python3.9/site-packages (0.11.2)
Requirement already satisfied: numpy>=1.15 in /raven/u/dvoss/.local/lib/python3.9/site-packages (from seaborn) (1.22.4)
Requirement already satisfied: matplotlib>=2.2 in /raven/u/system/soft/SLE_15/packages/x86_64/anaconda/3/2021.11/lib/python3.9/site-packages (from seaborn) (3.4.3)
Requirement already satisfied: pandas>=0.23 in /raven/u/system/soft/SLE_15/packages/x86_64/anaconda/3/2021.11/lib/python3.9/site-packages (from seaborn) (1.3.4)
Requirement already satisfied: scipy>=1.0 in /raven/u/system/soft/SLE_15/packages/x86_64/anaconda/3/2021.11/lib/python3.9/site-packages (from seaborn) (1.7.1)
Requirement already satisfied: kiwisolver>=1.0.1 in /raven/u/system/soft/SLE_15/packages/x86_64/anaconda/3/2021.11/lib/python3.9/site-packages (from matplotlib>=2.2->seaborn) (1.3.1)
Requirement already satisfied: cycler>=0.10 in /raven/u/system/soft/SLE_15/packages/x86_64/anaconda/3/2021.11/lib/python3.9/site-packages (from matplotlib>=2.2->seaborn) (0.10.0)
Requirement already satisfied: pillow>=6.2.0 in /raven/u/system/soft/SLE_15/packages/x86_64/anaconda/3/2021.11/lib/python3.9/site-packages (from matplotlib>=2.2->seaborn) (8.4.0)
Requirement already satisfied: python-dateutil>=2.7 in /raven/u/system/soft/SLE_15/packages/x86_64/anaconda/3/2021.11/lib/python3.9/site-packages (from matplotlib>=2.2->seaborn) (2.8.2)
Requirement already satisfied: pyparsing>=2.2.1 in /raven/u/system/soft/SLE_15/packages/x86_64/anaconda/3/2021.11/lib/python3.9/site-packages (from matplotlib>=2.2->seaborn) (3.0.4)
Requirement already satisfied: six in /raven/u/system/soft/SLE_15/packages/x86_64/anaconda/3/2021.11/lib/python3.9/site-packages (from cycler>=0.10->matplotlib>=2.2->seaborn) (1.16.0)
Requirement already satisfied: pytz>=2017.3 in /raven/u/system/soft/SLE_15/packages/x86_64/anaconda/3/2021.11/lib/python3.9/site-packages (from pandas>=0.23->seaborn) (2021.3)
Defaulting to user installation because normal site-packages is not writeable
Defaulting to user installation because normal site-packages is not writeable
Starting iteration 1
Running for iteration 1
Initial Training points:  tensor([[0.6631, 0.0865],
        [0.8398, 0.5842],
        [0.8237, 0.4728],
        [0.3676, 0.7026],
        [0.1756, 0.4616],
        [0.1127, 0.9110],
        [0.6776, 0.0331],
        [0.9555, 0.7512],
        [0.9641, 0.5012],
        [0.3530, 0.2906],
        [0.3666, 0.0907],
        [0.5460, 0.4240],
        [0.4971, 0.3577],
        [0.1845, 0.9597],
        [0.9084, 0.2922],
        [0.0462, 0.7663],
        [0.1492, 0.2614],
        [0.0920, 0.2487],
        [0.1260, 0.4445],
        [0.4747, 0.0589],
        [0.1098, 0.7458],
        [0.1437, 0.7837],
        [0.3070, 0.5136],
        [0.5439, 0.5489],
        [0.7350, 0.6087],
        [0.7765, 0.7283],
        [0.3960, 0.5960],
        [0.0663, 0.0840],
        [0.2658, 0.1010],
        [0.1247, 0.3074],
        [0.7562, 0.8692],
        [0.8281, 0.7606],
        [0.9008, 0.8302],
        [0.8744, 0.7158],
        [0.2963, 0.1350],
        [0.4991, 0.9019],
        [0.5491, 0.9902],
        [0.7243, 0.1442],
        [0.7696, 0.9206],
        [0.4382, 0.6811],
        [0.2842, 0.3205],
        [0.2733, 0.0014],
        [0.5495, 0.5581],
        [0.7504, 0.9564],
        [0.9761, 0.1821],
        [0.5737, 0.8822],
        [0.2062, 0.2289],
        [0.8215, 0.9933],
        [0.6355, 0.0012],
        [0.3472, 0.8488]], device='cuda:0') torch.Size([50, 2])
These training_points are used in the GP tensor([[0.6631, 0.0865],
        [0.8398, 0.5842],
        [0.8237, 0.4728],
        [0.3676, 0.7026],
        [0.1756, 0.4616],
        [0.1127, 0.9110],
        [0.6776, 0.0331],
        [0.9555, 0.7512],
        [0.9641, 0.5012],
        [0.3530, 0.2906],
        [0.3666, 0.0907],
        [0.5460, 0.4240],
        [0.4971, 0.3577],
        [0.1845, 0.9597],
        [0.9084, 0.2922],
        [0.0462, 0.7663],
        [0.1492, 0.2614],
        [0.0920, 0.2487],
        [0.1260, 0.4445],
        [0.4747, 0.0589],
        [0.1098, 0.7458],
        [0.1437, 0.7837],
        [0.3070, 0.5136],
        [0.5439, 0.5489],
        [0.7350, 0.6087],
        [0.7765, 0.7283],
        [0.3960, 0.5960],
        [0.0663, 0.0840],
        [0.2658, 0.1010],
        [0.1247, 0.3074],
        [0.7562, 0.8692],
        [0.8281, 0.7606],
        [0.9008, 0.8302],
        [0.8744, 0.7158],
        [0.2963, 0.1350],
        [0.4991, 0.9019],
        [0.5491, 0.9902],
        [0.7243, 0.1442],
        [0.7696, 0.9206],
        [0.4382, 0.6811],
        [0.2842, 0.3205],
        [0.2733, 0.0014],
        [0.5495, 0.5581],
        [0.7504, 0.9564],
        [0.9761, 0.1821],
        [0.5737, 0.8822],
        [0.2062, 0.2289],
        [0.8215, 0.9933],
        [0.6355, 0.0012],
        [0.3472, 0.8488]], device='cuda:0')
Iteration 0: x_train shape: torch.Size([50, 2]), y_train shape: torch.Size([50])
Output mean shape: torch.Size([50])
Iter 1 / 1 - Loss (Train): 632.126 - Loss (Val): 7.399
best model parameters:  OrderedDict([('likelihood.noise_covar.raw_noise', tensor([0.0100], device='cuda:0')), ('likelihood.noise_covar.raw_noise_constraint.lower_bound', tensor(1.0000e-04, device='cuda:0')), ('likelihood.noise_covar.raw_noise_constraint.upper_bound', tensor(inf, device='cuda:0')), ('mean_module.weights', tensor([[0.1100],
        [0.1100]], device='cuda:0')), ('mean_module.bias', tensor([1.0100], device='cuda:0')), ('covar_module.raw_lengthscale', tensor([[-5.2858]], device='cuda:0')), ('covar_module.raw_lengthscale_constraint.lower_bound', tensor(0., device='cuda:0')), ('covar_module.raw_lengthscale_constraint.upper_bound', tensor(inf, device='cuda:0')), ('task_covar_module.covar_factor', tensor([[-1.5320]], device='cuda:0')), ('task_covar_module.raw_var', tensor([0.7167], device='cuda:0')), ('task_covar_module.IndexKernelPrior.a', tensor([0.], device='cuda:0')), ('task_covar_module.IndexKernelPrior.b', tensor([1.], device='cuda:0')), ('task_covar_module.IndexKernelPrior.sigma', tensor([0.0100], device='cuda:0')), ('task_covar_module.IndexKernelPrior.tails.loc', tensor([0.], device='cuda:0')), ('task_covar_module.IndexKernelPrior.tails.scale', tensor([0.0100], device='cuda:0')), ('task_covar_module.raw_var_constraint.lower_bound', tensor(0., device='cuda:0')), ('task_covar_module.raw_var_constraint.upper_bound', tensor(inf, device='cuda:0'))])
Likelihood MultivariateNormal(loc: torch.Size([2500]))
Mean:  tensor([[1.0100],
        [1.0122],
        [1.0145],
        ...,
        [1.2255],
        [1.2278],
        [1.2300]], device='cuda:0')
Variance:  tensor([[1.6983],
        [1.6983],
        [1.6983],
        ...,
        [1.6983],
        [1.6983],
        [1.6983]], device='cuda:0')
Selected points (indices): {132, 1285, 1400, 2186, 1930, 1684, 1941, 661, 2455, 1304, 922, 1054, 2337, 2468, 1834, 1452, 1966, 1071, 302, 1713, 1202, 1974, 189, 1864, 587, 1100, 1741, 1230, 333, 1359, 1358, 1228, 1362, 848, 1620, 982, 726, 2266, 609, 1761, 1891, 481, 1513, 1258, 363, 1646, 1912, 1530, 1404, 381}
Selected new x values (normalized): tensor([[0.2247, 0.2384],
        [0.0697, 0.0879],
        [0.1793, 0.3860],
        [0.1296, 0.0686],
        [0.3772, 0.2187],
        [0.9543, 0.4980],
        [0.0802, 0.2278],
        [0.0339, 0.1432],
        [0.1098, 0.7543],
        [0.4064, 0.5936],
        [0.2615, 0.1367],
        [0.1320, 0.2980],
        [0.0461, 0.2252],
        [0.8275, 0.7522],
        [0.9732, 0.5025],
        [0.2047, 0.2208],
        [0.2125, 0.2238],
        [0.1459, 0.2681],
        [0.0611, 0.3100],
        [0.0308, 0.1765],
        [0.7817, 0.7350],
        [0.2743, 0.4159],
        [0.2906, 0.3178],
        [0.9591, 0.7489],
        [0.9621, 0.7461],
        [0.1436, 0.7804],
        [0.8772, 0.7173],
        [0.1041, 0.7442],
        [0.7312, 0.6098],
        [0.0890, 0.2586],
        [0.0628, 0.3789],
        [0.0095, 0.1760],
        [0.0638, 0.0157],
        [0.0633, 0.0850],
        [0.0180, 0.1574],
        [0.2026, 0.2319],
        [0.3588, 0.6075],
        [0.4571, 0.5389],
        [0.0412, 0.7592],
        [0.6365, 0.3240],
        [0.2807, 0.3113],
        [0.4709, 0.2510],
        [0.3126, 0.5068],
        [0.1618, 0.1743],
        [0.1246, 0.3001],
        [0.8353, 0.5908],
        [0.2039, 0.2220],
        [0.1227, 0.3133],
        [0.1752, 0.2933],
        [0.1236, 0.5343]], device='cuda:0')
Corresponding new x values (unnormalized): tensor([[-1101.0844, -1046.3679],
        [-1721.2255, -1648.2469],
        [-1282.8514,  -455.8654],
        [-1481.5481, -1725.5726],
        [ -491.2170, -1125.1776],
        [ 1817.2571,    -8.1146],
        [-1679.1057, -1088.8151],
        [-1864.2874, -1427.1436],
        [-1560.7888,  1017.1143],
        [ -374.3544,   374.2048],
        [ -953.8987, -1453.3921],
        [-1471.8259,  -808.0076],
        [-1815.4167, -1099.0232],
        [ 1310.1179,  1008.9102],
        [ 1892.7554,     9.8579],
        [-1181.2361, -1116.9897],
        [-1150.0410, -1104.9626],
        [-1416.4263,  -927.7000],
        [-1755.7751,  -759.9314],
        [-1876.9843, -1293.8984],
        [ 1126.8787,   940.1306],
        [ -902.9191,  -336.2756],
        [ -837.5879,  -728.8186],
        [ 1836.3608,   995.7375],
        [ 1848.5710,   984.2471],
        [-1425.7417,  1121.4663],
        [ 1508.7126,   869.2312],
        [-1583.7285,   976.8103],
        [  924.6672,   439.1572],
        [-1643.9663,  -965.7634],
        [-1748.8748,  -484.4341],
        [-1961.9219, -1295.9385],
        [-1744.8707, -1937.0925],
        [-1746.8478, -1659.9258],
        [-1927.9958, -1370.3582],
        [-1189.4275, -1072.3662],
        [ -564.6885,   429.9250],
        [ -171.7443,   155.5212],
        [-1835.3250,  1036.8188],
        [  546.1677,  -703.9089],
        [ -877.2756,  -754.7867],
        [ -116.5840,  -995.9611],
        [ -749.4659,    27.2336],
        [-1352.8157, -1302.9287],
        [-1501.4423,  -799.7467],
        [ 1341.0264,   363.0591],
        [-1184.2842, -1112.1211],
        [-1509.1930,  -746.9788],
        [-1299.2715,  -826.6698],
        [-1505.6445,   137.0005]], device='cuda:0')
Error during GP model script execution
                                  
================================= 
Global information about the job: 
================================= 
  
Job owner: dvoss(54815)
Job name:  al_gp_iter
Node list: ravg1164
Job start: Mon Nov 25 17:17:26 CET 2024
Job end:   Mon Nov 25 17:19:09 CET 2024
Work dir:  /raven/u/dvoss/al_pmssmwithgp/model
Command:   /raven/u/dvoss/al_pmssmwithgp/model/slurm/single_job.sbatch
  
  
  
==========================================================================================
Information on jobsteps (Note: MaxRSS/AveRSS is the maximum/average over all 
tasks of the per-task memory high-water marks; cf. "man sacct"): 
==========================================================================================
  
JobID            JobName NNodes NTasks  NCPUS       MaxRSS       AveRSS    Elapsed ExitCode
------------- ---------- ------ ------ ------ ------------ ------------ ---------- --------
13823784      al_gp_iter      1             4                             00:01:43      1:0
13823784.0        job.sh      1      1      4     2490.25M     2490.25M   00:01:25      1:0
  
Maximum memory per node: 2.611214 GB (defined as MaxRSS*Ntasks/NNodes)
CPU utilization: 9.7 %
  
