Loading gpytorch/gpu-cuda-11.6/pytorch-1.11.0/1.8.0
  Loading requirement: cudnn/8.4.1 pytorch/gpu-cuda-11.6/1.11.0
ERROR: Could not find a version that satisfies the requirement scipy.stats (from versions: none)
ERROR: No matching distribution found for scipy.stats
ERROR: Could not find a version that satisfies the requirement scipy.interpolate (from versions: none)
ERROR: No matching distribution found for scipy.interpolate
/mpcdf/soft/SLE_15/packages/skylake/pytorch/gpu-cuda-11.6/anaconda_3_2021.11-2021.11/1.11.0/lib/python3.9/site-packages/torch/functional.py:568: UserWarning: torch.meshgrid: in an upcoming release, it will be required to pass the indexing argument. (Triggered internally at  /home/abuild/rpmbuild/BUILD/pytorch-1.11.0/aten/src/ATen/native/TensorShape.cpp:2227.)
  return _VF.meshgrid(tensors, **kwargs)  # type: ignore[attr-defined]
Warning: DR-bar to on-shell conversion for Mu, M1, M2 failed (reached absolute accuracy: 4.19316e-06 GeV),
/mpcdf/soft/SLE_15/packages/skylake/pytorch/gpu-cuda-11.6/anaconda_3_2021.11-2021.11/1.11.0/lib/python3.9/site-packages/torch/functional.py:568: UserWarning: torch.meshgrid: in an upcoming release, it will be required to pass the indexing argument. (Triggered internally at  /home/abuild/rpmbuild/BUILD/pytorch-1.11.0/aten/src/ATen/native/TensorShape.cpp:2227.)
  return _VF.meshgrid(tensors, **kwargs)  # type: ignore[attr-defined]
Traceback (most recent call last):
  File "/u/dvoss/al_pmssmwithgp/model/GPmodel2Dnew.py", line 1115, in <module>
    gp_pipeline.load_training_data(training_data_path)
  File "/u/dvoss/al_pmssmwithgp/model/GPmodel2Dnew.py", line 977, in load_training_data
    self.x_train, self.y_train, self.data_min, self.data_max = cpu_unpickler(f)
  File "/u/dvoss/al_pmssmwithgp/model/GPmodel2Dnew.py", line 972, in cpu_unpickler
    unpickler.find_class = find_class
AttributeError: '_pickle.Unpickler' object attribute 'find_class' is read-only
srun: error: ravg1095: task 0: Exited with exit code 1
srun: Terminating StepId=13274946.0
