Defaulting to user installation because normal site-packages is not writeable
Requirement already satisfied: uproot in /raven/u/dvoss/.local/lib/python3.9/site-packages (5.3.10)
Requirement already satisfied: fsspec in /raven/u/dvoss/.local/lib/python3.9/site-packages (from uproot) (2024.6.1)
Requirement already satisfied: awkward>=2.4.6 in /raven/u/dvoss/.local/lib/python3.9/site-packages (from uproot) (2.6.6)
Requirement already satisfied: numpy in /raven/u/system/soft/SLE_15/packages/x86_64/anaconda/3/2021.11/lib/python3.9/site-packages (from uproot) (1.20.3)
Requirement already satisfied: typing-extensions>=4.1.0 in /raven/u/dvoss/.local/lib/python3.9/site-packages (from uproot) (4.12.2)
Requirement already satisfied: cramjam>=2.5.0 in /raven/u/dvoss/.local/lib/python3.9/site-packages (from uproot) (2.8.3)
Requirement already satisfied: packaging in /raven/u/system/soft/SLE_15/packages/x86_64/anaconda/3/2021.11/lib/python3.9/site-packages (from uproot) (21.0)
Requirement already satisfied: importlib-metadata>=4.13.0 in /raven/u/dvoss/.local/lib/python3.9/site-packages (from awkward>=2.4.6->uproot) (8.0.0)
Requirement already satisfied: awkward-cpp==35 in /raven/u/dvoss/.local/lib/python3.9/site-packages (from awkward>=2.4.6->uproot) (35)
Requirement already satisfied: zipp>=0.5 in /raven/u/system/soft/SLE_15/packages/x86_64/anaconda/3/2021.11/lib/python3.9/site-packages (from importlib-metadata>=4.13.0->awkward>=2.4.6->uproot) (3.6.0)
Requirement already satisfied: pyparsing>=2.0.2 in /raven/u/system/soft/SLE_15/packages/x86_64/anaconda/3/2021.11/lib/python3.9/site-packages (from packaging->uproot) (3.0.4)
weights: torch.Size([2, 1])
X: torch.Size([30, 2])
X: tensor([[0.9748, 0.5321],
        [0.0338, 0.9673],
        [0.1168, 0.3059],
        [0.0902, 0.0932],
        [0.7856, 0.3647],
        [1.0000, 0.5175],
        [0.9633, 0.8769],
        [0.0471, 0.2658],
        [0.9961, 0.1429],
        [0.8443, 0.0336],
        [0.2253, 0.1593],
        [0.9319, 0.8820],
        [0.9902, 1.0000],
        [0.0000, 0.2231],
        [0.9437, 0.2160],
        [0.7382, 0.0532],
        [0.9330, 0.6097],
        [0.8570, 0.4735],
        [0.9341, 0.1979],
        [0.3211, 0.0053],
        [0.9646, 0.4286],
        [0.4255, 0.0000],
        [0.9527, 0.8403],
        [0.0119, 0.3663],
        [0.8461, 0.7199],
        [0.1102, 0.6673],
        [0.8271, 0.4166],
        [0.0361, 0.8505],
        [0.3429, 0.2890],
        [0.2054, 0.3595]])
weights: Parameter containing:
tensor([[0.1000],
        [0.1000]], requires_grad=True)
Iteration 0: x_train shape: torch.Size([30, 2]), y_train shape: torch.Size([30])
Output mean shape: torch.Size([30])
weights: torch.Size([2, 1])
X: torch.Size([30, 2])
X: tensor([[0.9748, 0.5321],
        [0.0338, 0.9673],
        [0.1168, 0.3059],
        [0.0902, 0.0932],
        [0.7856, 0.3647],
        [1.0000, 0.5175],
        [0.9633, 0.8769],
        [0.0471, 0.2658],
        [0.9961, 0.1429],
        [0.8443, 0.0336],
        [0.2253, 0.1593],
        [0.9319, 0.8820],
        [0.9902, 1.0000],
        [0.0000, 0.2231],
        [0.9437, 0.2160],
        [0.7382, 0.0532],
        [0.9330, 0.6097],
        [0.8570, 0.4735],
        [0.9341, 0.1979],
        [0.3211, 0.0053],
        [0.9646, 0.4286],
        [0.4255, 0.0000],
        [0.9527, 0.8403],
        [0.0119, 0.3663],
        [0.8461, 0.7199],
        [0.1102, 0.6673],
        [0.8271, 0.4166],
        [0.0361, 0.8505],
        [0.3429, 0.2890],
        [0.2054, 0.3595]])
weights: Parameter containing:
tensor([[0.0900],
        [0.0900]], requires_grad=True)
weights: torch.Size([2, 1])
X: torch.Size([50, 2])
X: tensor([[9.7481e-01, 5.3214e-01],
        [3.3776e-02, 9.6734e-01],
        [1.1684e-01, 3.0592e-01],
        [9.0198e-02, 9.3205e-02],
        [7.8563e-01, 3.6473e-01],
        [1.0000e+00, 5.1754e-01],
        [9.6331e-01, 8.7695e-01],
        [4.7137e-02, 2.6578e-01],
        [9.9607e-01, 1.4287e-01],
        [8.4430e-01, 3.3645e-02],
        [2.2534e-01, 1.5932e-01],
        [9.3194e-01, 8.8199e-01],
        [9.9019e-01, 1.0000e+00],
        [0.0000e+00, 2.2309e-01],
        [9.4371e-01, 2.1596e-01],
        [7.3820e-01, 5.3199e-02],
        [9.3297e-01, 6.0971e-01],
        [8.5699e-01, 4.7348e-01],
        [9.3413e-01, 1.9787e-01],
        [3.2113e-01, 5.2792e-03],
        [9.6460e-01, 4.2864e-01],
        [4.2552e-01, 0.0000e+00],
        [9.5272e-01, 8.4030e-01],
        [1.1867e-02, 3.6634e-01],
        [8.4607e-01, 7.1986e-01],
        [1.1017e-01, 6.6731e-01],
        [8.2707e-01, 4.1664e-01],
        [3.6122e-02, 8.5051e-01],
        [3.4290e-01, 2.8897e-01],
        [2.0535e-01, 3.5949e-01],
        [7.4796e-01, 9.5533e-02],
        [8.6514e-01, 6.1893e-02],
        [1.4817e-01, 9.3518e-01],
        [8.4289e-01, 4.3944e-02],
        [6.7780e-01, 7.7225e-04],
        [8.5599e-03, 2.8343e-01],
        [6.3244e-01, 9.2911e-03],
        [9.6567e-01, 0.0000e+00],
        [1.0142e-01, 2.5390e-01],
        [1.0000e+00, 1.0000e+00],
        [9.7141e-01, 7.6355e-01],
        [0.0000e+00, 8.1008e-01],
        [8.2212e-01, 5.7177e-01],
        [8.8712e-01, 2.1805e-01],
        [2.2307e-01, 6.0975e-01],
        [2.4856e-01, 4.5929e-01],
        [7.6358e-01, 4.5339e-01],
        [8.9672e-01, 9.6910e-02],
        [2.5990e-01, 2.5766e-01],
        [1.8256e-01, 5.9426e-01]])
weights: Parameter containing:
tensor([[0.0900],
        [0.0900]], requires_grad=True)
Iter 1 / 20 - Loss (Train): 389.247 - Loss (Val): 557.100
weights: torch.Size([2, 1])
X: torch.Size([30, 2])
X: tensor([[0.9748, 0.5321],
        [0.0338, 0.9673],
        [0.1168, 0.3059],
        [0.0902, 0.0932],
        [0.7856, 0.3647],
        [1.0000, 0.5175],
        [0.9633, 0.8769],
        [0.0471, 0.2658],
        [0.9961, 0.1429],
        [0.8443, 0.0336],
        [0.2253, 0.1593],
        [0.9319, 0.8820],
        [0.9902, 1.0000],
        [0.0000, 0.2231],
        [0.9437, 0.2160],
        [0.7382, 0.0532],
        [0.9330, 0.6097],
        [0.8570, 0.4735],
        [0.9341, 0.1979],
        [0.3211, 0.0053],
        [0.9646, 0.4286],
        [0.4255, 0.0000],
        [0.9527, 0.8403],
        [0.0119, 0.3663],
        [0.8461, 0.7199],
        [0.1102, 0.6673],
        [0.8271, 0.4166],
        [0.0361, 0.8505],
        [0.3429, 0.2890],
        [0.2054, 0.3595]])
weights: Parameter containing:
tensor([[0.0900],
        [0.0900]], requires_grad=True)
Iteration 1: x_train shape: torch.Size([30, 2]), y_train shape: torch.Size([30])
Output mean shape: torch.Size([30])
weights: torch.Size([2, 1])
X: torch.Size([30, 2])
X: tensor([[0.9748, 0.5321],
        [0.0338, 0.9673],
        [0.1168, 0.3059],
        [0.0902, 0.0932],
        [0.7856, 0.3647],
        [1.0000, 0.5175],
        [0.9633, 0.8769],
        [0.0471, 0.2658],
        [0.9961, 0.1429],
        [0.8443, 0.0336],
        [0.2253, 0.1593],
        [0.9319, 0.8820],
        [0.9902, 1.0000],
        [0.0000, 0.2231],
        [0.9437, 0.2160],
        [0.7382, 0.0532],
        [0.9330, 0.6097],
        [0.8570, 0.4735],
        [0.9341, 0.1979],
        [0.3211, 0.0053],
        [0.9646, 0.4286],
        [0.4255, 0.0000],
        [0.9527, 0.8403],
        [0.0119, 0.3663],
        [0.8461, 0.7199],
        [0.1102, 0.6673],
        [0.8271, 0.4166],
        [0.0361, 0.8505],
        [0.3429, 0.2890],
        [0.2054, 0.3595]])
weights: Parameter containing:
tensor([[0.0800],
        [0.0800]], requires_grad=True)
weights: torch.Size([2, 1])
X: torch.Size([50, 2])
X: tensor([[9.7481e-01, 5.3214e-01],
        [3.3776e-02, 9.6734e-01],
        [1.1684e-01, 3.0592e-01],
        [9.0198e-02, 9.3205e-02],
        [7.8563e-01, 3.6473e-01],
        [1.0000e+00, 5.1754e-01],
        [9.6331e-01, 8.7695e-01],
        [4.7137e-02, 2.6578e-01],
        [9.9607e-01, 1.4287e-01],
        [8.4430e-01, 3.3645e-02],
        [2.2534e-01, 1.5932e-01],
        [9.3194e-01, 8.8199e-01],
        [9.9019e-01, 1.0000e+00],
        [0.0000e+00, 2.2309e-01],
        [9.4371e-01, 2.1596e-01],
        [7.3820e-01, 5.3199e-02],
        [9.3297e-01, 6.0971e-01],
        [8.5699e-01, 4.7348e-01],
        [9.3413e-01, 1.9787e-01],
        [3.2113e-01, 5.2792e-03],
        [9.6460e-01, 4.2864e-01],
        [4.2552e-01, 0.0000e+00],
        [9.5272e-01, 8.4030e-01],
        [1.1867e-02, 3.6634e-01],
        [8.4607e-01, 7.1986e-01],
        [1.1017e-01, 6.6731e-01],
        [8.2707e-01, 4.1664e-01],
        [3.6122e-02, 8.5051e-01],
        [3.4290e-01, 2.8897e-01],
        [2.0535e-01, 3.5949e-01],
        [7.4796e-01, 9.5533e-02],
        [8.6514e-01, 6.1893e-02],
        [1.4817e-01, 9.3518e-01],
        [8.4289e-01, 4.3944e-02],
        [6.7780e-01, 7.7225e-04],
        [8.5599e-03, 2.8343e-01],
        [6.3244e-01, 9.2911e-03],
        [9.6567e-01, 0.0000e+00],
        [1.0142e-01, 2.5390e-01],
        [1.0000e+00, 1.0000e+00],
        [9.7141e-01, 7.6355e-01],
        [0.0000e+00, 8.1008e-01],
        [8.2212e-01, 5.7177e-01],
        [8.8712e-01, 2.1805e-01],
        [2.2307e-01, 6.0975e-01],
        [2.4856e-01, 4.5929e-01],
        [7.6358e-01, 4.5339e-01],
        [8.9672e-01, 9.6910e-02],
        [2.5990e-01, 2.5766e-01],
        [1.8256e-01, 5.9426e-01]])
weights: Parameter containing:
tensor([[0.0800],
        [0.0800]], requires_grad=True)
weights: torch.Size([2, 1])
X: torch.Size([30, 2])
X: tensor([[0.9748, 0.5321],
        [0.0338, 0.9673],
        [0.1168, 0.3059],
        [0.0902, 0.0932],
        [0.7856, 0.3647],
        [1.0000, 0.5175],
        [0.9633, 0.8769],
        [0.0471, 0.2658],
        [0.9961, 0.1429],
        [0.8443, 0.0336],
        [0.2253, 0.1593],
        [0.9319, 0.8820],
        [0.9902, 1.0000],
        [0.0000, 0.2231],
        [0.9437, 0.2160],
        [0.7382, 0.0532],
        [0.9330, 0.6097],
        [0.8570, 0.4735],
        [0.9341, 0.1979],
        [0.3211, 0.0053],
        [0.9646, 0.4286],
        [0.4255, 0.0000],
        [0.9527, 0.8403],
        [0.0119, 0.3663],
        [0.8461, 0.7199],
        [0.1102, 0.6673],
        [0.8271, 0.4166],
        [0.0361, 0.8505],
        [0.3429, 0.2890],
        [0.2054, 0.3595]])
weights: Parameter containing:
tensor([[0.0800],
        [0.0800]], requires_grad=True)
Iteration 2: x_train shape: torch.Size([30, 2]), y_train shape: torch.Size([30])
Output mean shape: torch.Size([30])
weights: torch.Size([2, 1])
X: torch.Size([30, 2])
X: tensor([[0.9748, 0.5321],
        [0.0338, 0.9673],
        [0.1168, 0.3059],
        [0.0902, 0.0932],
        [0.7856, 0.3647],
        [1.0000, 0.5175],
        [0.9633, 0.8769],
        [0.0471, 0.2658],
        [0.9961, 0.1429],
        [0.8443, 0.0336],
        [0.2253, 0.1593],
        [0.9319, 0.8820],
        [0.9902, 1.0000],
        [0.0000, 0.2231],
        [0.9437, 0.2160],
        [0.7382, 0.0532],
        [0.9330, 0.6097],
        [0.8570, 0.4735],
        [0.9341, 0.1979],
        [0.3211, 0.0053],
        [0.9646, 0.4286],
        [0.4255, 0.0000],
        [0.9527, 0.8403],
        [0.0119, 0.3663],
        [0.8461, 0.7199],
        [0.1102, 0.6673],
        [0.8271, 0.4166],
        [0.0361, 0.8505],
        [0.3429, 0.2890],
        [0.2054, 0.3595]])
weights: Parameter containing:
tensor([[0.0700],
        [0.0700]], requires_grad=True)
weights: torch.Size([2, 1])
X: torch.Size([50, 2])
X: tensor([[9.7481e-01, 5.3214e-01],
        [3.3776e-02, 9.6734e-01],
        [1.1684e-01, 3.0592e-01],
        [9.0198e-02, 9.3205e-02],
        [7.8563e-01, 3.6473e-01],
        [1.0000e+00, 5.1754e-01],
        [9.6331e-01, 8.7695e-01],
        [4.7137e-02, 2.6578e-01],
        [9.9607e-01, 1.4287e-01],
        [8.4430e-01, 3.3645e-02],
        [2.2534e-01, 1.5932e-01],
        [9.3194e-01, 8.8199e-01],
        [9.9019e-01, 1.0000e+00],
        [0.0000e+00, 2.2309e-01],
        [9.4371e-01, 2.1596e-01],
        [7.3820e-01, 5.3199e-02],
        [9.3297e-01, 6.0971e-01],
        [8.5699e-01, 4.7348e-01],
        [9.3413e-01, 1.9787e-01],
        [3.2113e-01, 5.2792e-03],
        [9.6460e-01, 4.2864e-01],
        [4.2552e-01, 0.0000e+00],
        [9.5272e-01, 8.4030e-01],
        [1.1867e-02, 3.6634e-01],
        [8.4607e-01, 7.1986e-01],
        [1.1017e-01, 6.6731e-01],
        [8.2707e-01, 4.1664e-01],
        [3.6122e-02, 8.5051e-01],
        [3.4290e-01, 2.8897e-01],
        [2.0535e-01, 3.5949e-01],
        [7.4796e-01, 9.5533e-02],
        [8.6514e-01, 6.1893e-02],
        [1.4817e-01, 9.3518e-01],
        [8.4289e-01, 4.3944e-02],
        [6.7780e-01, 7.7225e-04],
        [8.5599e-03, 2.8343e-01],
        [6.3244e-01, 9.2911e-03],
        [9.6567e-01, 0.0000e+00],
        [1.0142e-01, 2.5390e-01],
        [1.0000e+00, 1.0000e+00],
        [9.7141e-01, 7.6355e-01],
        [0.0000e+00, 8.1008e-01],
        [8.2212e-01, 5.7177e-01],
        [8.8712e-01, 2.1805e-01],
        [2.2307e-01, 6.0975e-01],
        [2.4856e-01, 4.5929e-01],
        [7.6358e-01, 4.5339e-01],
        [8.9672e-01, 9.6910e-02],
        [2.5990e-01, 2.5766e-01],
        [1.8256e-01, 5.9426e-01]])
weights: Parameter containing:
tensor([[0.0700],
        [0.0700]], requires_grad=True)
weights: torch.Size([2, 1])
X: torch.Size([30, 2])
X: tensor([[0.9748, 0.5321],
        [0.0338, 0.9673],
        [0.1168, 0.3059],
        [0.0902, 0.0932],
        [0.7856, 0.3647],
        [1.0000, 0.5175],
        [0.9633, 0.8769],
        [0.0471, 0.2658],
        [0.9961, 0.1429],
        [0.8443, 0.0336],
        [0.2253, 0.1593],
        [0.9319, 0.8820],
        [0.9902, 1.0000],
        [0.0000, 0.2231],
        [0.9437, 0.2160],
        [0.7382, 0.0532],
        [0.9330, 0.6097],
        [0.8570, 0.4735],
        [0.9341, 0.1979],
        [0.3211, 0.0053],
        [0.9646, 0.4286],
        [0.4255, 0.0000],
        [0.9527, 0.8403],
        [0.0119, 0.3663],
        [0.8461, 0.7199],
        [0.1102, 0.6673],
        [0.8271, 0.4166],
        [0.0361, 0.8505],
        [0.3429, 0.2890],
        [0.2054, 0.3595]])
weights: Parameter containing:
tensor([[0.0700],
        [0.0700]], requires_grad=True)
Iteration 3: x_train shape: torch.Size([30, 2]), y_train shape: torch.Size([30])
Output mean shape: torch.Size([30])
weights: torch.Size([2, 1])
X: torch.Size([30, 2])
X: tensor([[0.9748, 0.5321],
        [0.0338, 0.9673],
        [0.1168, 0.3059],
        [0.0902, 0.0932],
        [0.7856, 0.3647],
        [1.0000, 0.5175],
        [0.9633, 0.8769],
        [0.0471, 0.2658],
        [0.9961, 0.1429],
        [0.8443, 0.0336],
        [0.2253, 0.1593],
        [0.9319, 0.8820],
        [0.9902, 1.0000],
        [0.0000, 0.2231],
        [0.9437, 0.2160],
        [0.7382, 0.0532],
        [0.9330, 0.6097],
        [0.8570, 0.4735],
        [0.9341, 0.1979],
        [0.3211, 0.0053],
        [0.9646, 0.4286],
        [0.4255, 0.0000],
        [0.9527, 0.8403],
        [0.0119, 0.3663],
        [0.8461, 0.7199],
        [0.1102, 0.6673],
        [0.8271, 0.4166],
        [0.0361, 0.8505],
        [0.3429, 0.2890],
        [0.2054, 0.3595]])
weights: Parameter containing:
tensor([[0.0600],
        [0.0600]], requires_grad=True)
weights: torch.Size([2, 1])
X: torch.Size([50, 2])
X: tensor([[9.7481e-01, 5.3214e-01],
        [3.3776e-02, 9.6734e-01],
        [1.1684e-01, 3.0592e-01],
        [9.0198e-02, 9.3205e-02],
        [7.8563e-01, 3.6473e-01],
        [1.0000e+00, 5.1754e-01],
        [9.6331e-01, 8.7695e-01],
        [4.7137e-02, 2.6578e-01],
        [9.9607e-01, 1.4287e-01],
        [8.4430e-01, 3.3645e-02],
        [2.2534e-01, 1.5932e-01],
        [9.3194e-01, 8.8199e-01],
        [9.9019e-01, 1.0000e+00],
        [0.0000e+00, 2.2309e-01],
        [9.4371e-01, 2.1596e-01],
        [7.3820e-01, 5.3199e-02],
        [9.3297e-01, 6.0971e-01],
        [8.5699e-01, 4.7348e-01],
        [9.3413e-01, 1.9787e-01],
        [3.2113e-01, 5.2792e-03],
        [9.6460e-01, 4.2864e-01],
        [4.2552e-01, 0.0000e+00],
        [9.5272e-01, 8.4030e-01],
        [1.1867e-02, 3.6634e-01],
        [8.4607e-01, 7.1986e-01],
        [1.1017e-01, 6.6731e-01],
        [8.2707e-01, 4.1664e-01],
        [3.6122e-02, 8.5051e-01],
        [3.4290e-01, 2.8897e-01],
        [2.0535e-01, 3.5949e-01],
        [7.4796e-01, 9.5533e-02],
        [8.6514e-01, 6.1893e-02],
        [1.4817e-01, 9.3518e-01],
        [8.4289e-01, 4.3944e-02],
        [6.7780e-01, 7.7225e-04],
        [8.5599e-03, 2.8343e-01],
        [6.3244e-01, 9.2911e-03],
        [9.6567e-01, 0.0000e+00],
        [1.0142e-01, 2.5390e-01],
        [1.0000e+00, 1.0000e+00],
        [9.7141e-01, 7.6355e-01],
        [0.0000e+00, 8.1008e-01],
        [8.2212e-01, 5.7177e-01],
        [8.8712e-01, 2.1805e-01],
        [2.2307e-01, 6.0975e-01],
        [2.4856e-01, 4.5929e-01],
        [7.6358e-01, 4.5339e-01],
        [8.9672e-01, 9.6910e-02],
        [2.5990e-01, 2.5766e-01],
        [1.8256e-01, 5.9426e-01]])
weights: Parameter containing:
tensor([[0.0600],
        [0.0600]], requires_grad=True)
weights: torch.Size([2, 1])
X: torch.Size([30, 2])
X: tensor([[0.9748, 0.5321],
        [0.0338, 0.9673],
        [0.1168, 0.3059],
        [0.0902, 0.0932],
        [0.7856, 0.3647],
        [1.0000, 0.5175],
        [0.9633, 0.8769],
        [0.0471, 0.2658],
        [0.9961, 0.1429],
        [0.8443, 0.0336],
        [0.2253, 0.1593],
        [0.9319, 0.8820],
        [0.9902, 1.0000],
        [0.0000, 0.2231],
        [0.9437, 0.2160],
        [0.7382, 0.0532],
        [0.9330, 0.6097],
        [0.8570, 0.4735],
        [0.9341, 0.1979],
        [0.3211, 0.0053],
        [0.9646, 0.4286],
        [0.4255, 0.0000],
        [0.9527, 0.8403],
        [0.0119, 0.3663],
        [0.8461, 0.7199],
        [0.1102, 0.6673],
        [0.8271, 0.4166],
        [0.0361, 0.8505],
        [0.3429, 0.2890],
        [0.2054, 0.3595]])
weights: Parameter containing:
tensor([[0.0600],
        [0.0600]], requires_grad=True)
Iteration 4: x_train shape: torch.Size([30, 2]), y_train shape: torch.Size([30])
Output mean shape: torch.Size([30])
weights: torch.Size([2, 1])
X: torch.Size([30, 2])
X: tensor([[0.9748, 0.5321],
        [0.0338, 0.9673],
        [0.1168, 0.3059],
        [0.0902, 0.0932],
        [0.7856, 0.3647],
        [1.0000, 0.5175],
        [0.9633, 0.8769],
        [0.0471, 0.2658],
        [0.9961, 0.1429],
        [0.8443, 0.0336],
        [0.2253, 0.1593],
        [0.9319, 0.8820],
        [0.9902, 1.0000],
        [0.0000, 0.2231],
        [0.9437, 0.2160],
        [0.7382, 0.0532],
        [0.9330, 0.6097],
        [0.8570, 0.4735],
        [0.9341, 0.1979],
        [0.3211, 0.0053],
        [0.9646, 0.4286],
        [0.4255, 0.0000],
        [0.9527, 0.8403],
        [0.0119, 0.3663],
        [0.8461, 0.7199],
        [0.1102, 0.6673],
        [0.8271, 0.4166],
        [0.0361, 0.8505],
        [0.3429, 0.2890],
        [0.2054, 0.3595]])
weights: Parameter containing:
tensor([[0.0500],
        [0.0501]], requires_grad=True)
weights: torch.Size([2, 1])
X: torch.Size([50, 2])
X: tensor([[9.7481e-01, 5.3214e-01],
        [3.3776e-02, 9.6734e-01],
        [1.1684e-01, 3.0592e-01],
        [9.0198e-02, 9.3205e-02],
        [7.8563e-01, 3.6473e-01],
        [1.0000e+00, 5.1754e-01],
        [9.6331e-01, 8.7695e-01],
        [4.7137e-02, 2.6578e-01],
        [9.9607e-01, 1.4287e-01],
        [8.4430e-01, 3.3645e-02],
        [2.2534e-01, 1.5932e-01],
        [9.3194e-01, 8.8199e-01],
        [9.9019e-01, 1.0000e+00],
        [0.0000e+00, 2.2309e-01],
        [9.4371e-01, 2.1596e-01],
        [7.3820e-01, 5.3199e-02],
        [9.3297e-01, 6.0971e-01],
        [8.5699e-01, 4.7348e-01],
        [9.3413e-01, 1.9787e-01],
        [3.2113e-01, 5.2792e-03],
        [9.6460e-01, 4.2864e-01],
        [4.2552e-01, 0.0000e+00],
        [9.5272e-01, 8.4030e-01],
        [1.1867e-02, 3.6634e-01],
        [8.4607e-01, 7.1986e-01],
        [1.1017e-01, 6.6731e-01],
        [8.2707e-01, 4.1664e-01],
        [3.6122e-02, 8.5051e-01],
        [3.4290e-01, 2.8897e-01],
        [2.0535e-01, 3.5949e-01],
        [7.4796e-01, 9.5533e-02],
        [8.6514e-01, 6.1893e-02],
        [1.4817e-01, 9.3518e-01],
        [8.4289e-01, 4.3944e-02],
        [6.7780e-01, 7.7225e-04],
        [8.5599e-03, 2.8343e-01],
        [6.3244e-01, 9.2911e-03],
        [9.6567e-01, 0.0000e+00],
        [1.0142e-01, 2.5390e-01],
        [1.0000e+00, 1.0000e+00],
        [9.7141e-01, 7.6355e-01],
        [0.0000e+00, 8.1008e-01],
        [8.2212e-01, 5.7177e-01],
        [8.8712e-01, 2.1805e-01],
        [2.2307e-01, 6.0975e-01],
        [2.4856e-01, 4.5929e-01],
        [7.6358e-01, 4.5339e-01],
        [8.9672e-01, 9.6910e-02],
        [2.5990e-01, 2.5766e-01],
        [1.8256e-01, 5.9426e-01]])
weights: Parameter containing:
tensor([[0.0500],
        [0.0501]], requires_grad=True)
weights: torch.Size([2, 1])
X: torch.Size([30, 2])
X: tensor([[0.9748, 0.5321],
        [0.0338, 0.9673],
        [0.1168, 0.3059],
        [0.0902, 0.0932],
        [0.7856, 0.3647],
        [1.0000, 0.5175],
        [0.9633, 0.8769],
        [0.0471, 0.2658],
        [0.9961, 0.1429],
        [0.8443, 0.0336],
        [0.2253, 0.1593],
        [0.9319, 0.8820],
        [0.9902, 1.0000],
        [0.0000, 0.2231],
        [0.9437, 0.2160],
        [0.7382, 0.0532],
        [0.9330, 0.6097],
        [0.8570, 0.4735],
        [0.9341, 0.1979],
        [0.3211, 0.0053],
        [0.9646, 0.4286],
        [0.4255, 0.0000],
        [0.9527, 0.8403],
        [0.0119, 0.3663],
        [0.8461, 0.7199],
        [0.1102, 0.6673],
        [0.8271, 0.4166],
        [0.0361, 0.8505],
        [0.3429, 0.2890],
        [0.2054, 0.3595]])
weights: Parameter containing:
tensor([[0.0500],
        [0.0501]], requires_grad=True)
Iteration 5: x_train shape: torch.Size([30, 2]), y_train shape: torch.Size([30])
Output mean shape: torch.Size([30])
weights: torch.Size([2, 1])
X: torch.Size([30, 2])
X: tensor([[0.9748, 0.5321],
        [0.0338, 0.9673],
        [0.1168, 0.3059],
        [0.0902, 0.0932],
        [0.7856, 0.3647],
        [1.0000, 0.5175],
        [0.9633, 0.8769],
        [0.0471, 0.2658],
        [0.9961, 0.1429],
        [0.8443, 0.0336],
        [0.2253, 0.1593],
        [0.9319, 0.8820],
        [0.9902, 1.0000],
        [0.0000, 0.2231],
        [0.9437, 0.2160],
        [0.7382, 0.0532],
        [0.9330, 0.6097],
        [0.8570, 0.4735],
        [0.9341, 0.1979],
        [0.3211, 0.0053],
        [0.9646, 0.4286],
        [0.4255, 0.0000],
        [0.9527, 0.8403],
        [0.0119, 0.3663],
        [0.8461, 0.7199],
        [0.1102, 0.6673],
        [0.8271, 0.4166],
        [0.0361, 0.8505],
        [0.3429, 0.2890],
        [0.2054, 0.3595]])
weights: Parameter containing:
tensor([[0.0401],
        [0.0401]], requires_grad=True)
weights: torch.Size([2, 1])
X: torch.Size([50, 2])
X: tensor([[9.7481e-01, 5.3214e-01],
        [3.3776e-02, 9.6734e-01],
        [1.1684e-01, 3.0592e-01],
        [9.0198e-02, 9.3205e-02],
        [7.8563e-01, 3.6473e-01],
        [1.0000e+00, 5.1754e-01],
        [9.6331e-01, 8.7695e-01],
        [4.7137e-02, 2.6578e-01],
        [9.9607e-01, 1.4287e-01],
        [8.4430e-01, 3.3645e-02],
        [2.2534e-01, 1.5932e-01],
        [9.3194e-01, 8.8199e-01],
        [9.9019e-01, 1.0000e+00],
        [0.0000e+00, 2.2309e-01],
        [9.4371e-01, 2.1596e-01],
        [7.3820e-01, 5.3199e-02],
        [9.3297e-01, 6.0971e-01],
        [8.5699e-01, 4.7348e-01],
        [9.3413e-01, 1.9787e-01],
        [3.2113e-01, 5.2792e-03],
        [9.6460e-01, 4.2864e-01],
        [4.2552e-01, 0.0000e+00],
        [9.5272e-01, 8.4030e-01],
        [1.1867e-02, 3.6634e-01],
        [8.4607e-01, 7.1986e-01],
        [1.1017e-01, 6.6731e-01],
        [8.2707e-01, 4.1664e-01],
        [3.6122e-02, 8.5051e-01],
        [3.4290e-01, 2.8897e-01],
        [2.0535e-01, 3.5949e-01],
        [7.4796e-01, 9.5533e-02],
        [8.6514e-01, 6.1893e-02],
        [1.4817e-01, 9.3518e-01],
        [8.4289e-01, 4.3944e-02],
        [6.7780e-01, 7.7225e-04],
        [8.5599e-03, 2.8343e-01],
        [6.3244e-01, 9.2911e-03],
        [9.6567e-01, 0.0000e+00],
        [1.0142e-01, 2.5390e-01],
        [1.0000e+00, 1.0000e+00],
        [9.7141e-01, 7.6355e-01],
        [0.0000e+00, 8.1008e-01],
        [8.2212e-01, 5.7177e-01],
        [8.8712e-01, 2.1805e-01],
        [2.2307e-01, 6.0975e-01],
        [2.4856e-01, 4.5929e-01],
        [7.6358e-01, 4.5339e-01],
        [8.9672e-01, 9.6910e-02],
        [2.5990e-01, 2.5766e-01],
        [1.8256e-01, 5.9426e-01]])
weights: Parameter containing:
tensor([[0.0401],
        [0.0401]], requires_grad=True)
weights: torch.Size([2, 1])
X: torch.Size([30, 2])
X: tensor([[0.9748, 0.5321],
        [0.0338, 0.9673],
        [0.1168, 0.3059],
        [0.0902, 0.0932],
        [0.7856, 0.3647],
        [1.0000, 0.5175],
        [0.9633, 0.8769],
        [0.0471, 0.2658],
        [0.9961, 0.1429],
        [0.8443, 0.0336],
        [0.2253, 0.1593],
        [0.9319, 0.8820],
        [0.9902, 1.0000],
        [0.0000, 0.2231],
        [0.9437, 0.2160],
        [0.7382, 0.0532],
        [0.9330, 0.6097],
        [0.8570, 0.4735],
        [0.9341, 0.1979],
        [0.3211, 0.0053],
        [0.9646, 0.4286],
        [0.4255, 0.0000],
        [0.9527, 0.8403],
        [0.0119, 0.3663],
        [0.8461, 0.7199],
        [0.1102, 0.6673],
        [0.8271, 0.4166],
        [0.0361, 0.8505],
        [0.3429, 0.2890],
        [0.2054, 0.3595]])
weights: Parameter containing:
tensor([[0.0401],
        [0.0401]], requires_grad=True)
Iteration 6: x_train shape: torch.Size([30, 2]), y_train shape: torch.Size([30])
Output mean shape: torch.Size([30])
weights: torch.Size([2, 1])
X: torch.Size([30, 2])
X: tensor([[0.9748, 0.5321],
        [0.0338, 0.9673],
        [0.1168, 0.3059],
        [0.0902, 0.0932],
        [0.7856, 0.3647],
        [1.0000, 0.5175],
        [0.9633, 0.8769],
        [0.0471, 0.2658],
        [0.9961, 0.1429],
        [0.8443, 0.0336],
        [0.2253, 0.1593],
        [0.9319, 0.8820],
        [0.9902, 1.0000],
        [0.0000, 0.2231],
        [0.9437, 0.2160],
        [0.7382, 0.0532],
        [0.9330, 0.6097],
        [0.8570, 0.4735],
        [0.9341, 0.1979],
        [0.3211, 0.0053],
        [0.9646, 0.4286],
        [0.4255, 0.0000],
        [0.9527, 0.8403],
        [0.0119, 0.3663],
        [0.8461, 0.7199],
        [0.1102, 0.6673],
        [0.8271, 0.4166],
        [0.0361, 0.8505],
        [0.3429, 0.2890],
        [0.2054, 0.3595]])
weights: Parameter containing:
tensor([[0.0301],
        [0.0302]], requires_grad=True)
weights: torch.Size([2, 1])
X: torch.Size([50, 2])
X: tensor([[9.7481e-01, 5.3214e-01],
        [3.3776e-02, 9.6734e-01],
        [1.1684e-01, 3.0592e-01],
        [9.0198e-02, 9.3205e-02],
        [7.8563e-01, 3.6473e-01],
        [1.0000e+00, 5.1754e-01],
        [9.6331e-01, 8.7695e-01],
        [4.7137e-02, 2.6578e-01],
        [9.9607e-01, 1.4287e-01],
        [8.4430e-01, 3.3645e-02],
        [2.2534e-01, 1.5932e-01],
        [9.3194e-01, 8.8199e-01],
        [9.9019e-01, 1.0000e+00],
        [0.0000e+00, 2.2309e-01],
        [9.4371e-01, 2.1596e-01],
        [7.3820e-01, 5.3199e-02],
        [9.3297e-01, 6.0971e-01],
        [8.5699e-01, 4.7348e-01],
        [9.3413e-01, 1.9787e-01],
        [3.2113e-01, 5.2792e-03],
        [9.6460e-01, 4.2864e-01],
        [4.2552e-01, 0.0000e+00],
        [9.5272e-01, 8.4030e-01],
        [1.1867e-02, 3.6634e-01],
        [8.4607e-01, 7.1986e-01],
        [1.1017e-01, 6.6731e-01],
        [8.2707e-01, 4.1664e-01],
        [3.6122e-02, 8.5051e-01],
        [3.4290e-01, 2.8897e-01],
        [2.0535e-01, 3.5949e-01],
        [7.4796e-01, 9.5533e-02],
        [8.6514e-01, 6.1893e-02],
        [1.4817e-01, 9.3518e-01],
        [8.4289e-01, 4.3944e-02],
        [6.7780e-01, 7.7225e-04],
        [8.5599e-03, 2.8343e-01],
        [6.3244e-01, 9.2911e-03],
        [9.6567e-01, 0.0000e+00],
        [1.0142e-01, 2.5390e-01],
        [1.0000e+00, 1.0000e+00],
        [9.7141e-01, 7.6355e-01],
        [0.0000e+00, 8.1008e-01],
        [8.2212e-01, 5.7177e-01],
        [8.8712e-01, 2.1805e-01],
        [2.2307e-01, 6.0975e-01],
        [2.4856e-01, 4.5929e-01],
        [7.6358e-01, 4.5339e-01],
        [8.9672e-01, 9.6910e-02],
        [2.5990e-01, 2.5766e-01],
        [1.8256e-01, 5.9426e-01]])
weights: Parameter containing:
tensor([[0.0301],
        [0.0302]], requires_grad=True)
weights: torch.Size([2, 1])
X: torch.Size([30, 2])
X: tensor([[0.9748, 0.5321],
        [0.0338, 0.9673],
        [0.1168, 0.3059],
        [0.0902, 0.0932],
        [0.7856, 0.3647],
        [1.0000, 0.5175],
        [0.9633, 0.8769],
        [0.0471, 0.2658],
        [0.9961, 0.1429],
        [0.8443, 0.0336],
        [0.2253, 0.1593],
        [0.9319, 0.8820],
        [0.9902, 1.0000],
        [0.0000, 0.2231],
        [0.9437, 0.2160],
        [0.7382, 0.0532],
        [0.9330, 0.6097],
        [0.8570, 0.4735],
        [0.9341, 0.1979],
        [0.3211, 0.0053],
        [0.9646, 0.4286],
        [0.4255, 0.0000],
        [0.9527, 0.8403],
        [0.0119, 0.3663],
        [0.8461, 0.7199],
        [0.1102, 0.6673],
        [0.8271, 0.4166],
        [0.0361, 0.8505],
        [0.3429, 0.2890],
        [0.2054, 0.3595]])
weights: Parameter containing:
tensor([[0.0301],
        [0.0302]], requires_grad=True)
Iteration 7: x_train shape: torch.Size([30, 2]), y_train shape: torch.Size([30])
Output mean shape: torch.Size([30])
weights: torch.Size([2, 1])
X: torch.Size([30, 2])
X: tensor([[0.9748, 0.5321],
        [0.0338, 0.9673],
        [0.1168, 0.3059],
        [0.0902, 0.0932],
        [0.7856, 0.3647],
        [1.0000, 0.5175],
        [0.9633, 0.8769],
        [0.0471, 0.2658],
        [0.9961, 0.1429],
        [0.8443, 0.0336],
        [0.2253, 0.1593],
        [0.9319, 0.8820],
        [0.9902, 1.0000],
        [0.0000, 0.2231],
        [0.9437, 0.2160],
        [0.7382, 0.0532],
        [0.9330, 0.6097],
        [0.8570, 0.4735],
        [0.9341, 0.1979],
        [0.3211, 0.0053],
        [0.9646, 0.4286],
        [0.4255, 0.0000],
        [0.9527, 0.8403],
        [0.0119, 0.3663],
        [0.8461, 0.7199],
        [0.1102, 0.6673],
        [0.8271, 0.4166],
        [0.0361, 0.8505],
        [0.3429, 0.2890],
        [0.2054, 0.3595]])
weights: Parameter containing:
tensor([[0.0202],
        [0.0202]], requires_grad=True)
weights: torch.Size([2, 1])
X: torch.Size([50, 2])
X: tensor([[9.7481e-01, 5.3214e-01],
        [3.3776e-02, 9.6734e-01],
        [1.1684e-01, 3.0592e-01],
        [9.0198e-02, 9.3205e-02],
        [7.8563e-01, 3.6473e-01],
        [1.0000e+00, 5.1754e-01],
        [9.6331e-01, 8.7695e-01],
        [4.7137e-02, 2.6578e-01],
        [9.9607e-01, 1.4287e-01],
        [8.4430e-01, 3.3645e-02],
        [2.2534e-01, 1.5932e-01],
        [9.3194e-01, 8.8199e-01],
        [9.9019e-01, 1.0000e+00],
        [0.0000e+00, 2.2309e-01],
        [9.4371e-01, 2.1596e-01],
        [7.3820e-01, 5.3199e-02],
        [9.3297e-01, 6.0971e-01],
        [8.5699e-01, 4.7348e-01],
        [9.3413e-01, 1.9787e-01],
        [3.2113e-01, 5.2792e-03],
        [9.6460e-01, 4.2864e-01],
        [4.2552e-01, 0.0000e+00],
        [9.5272e-01, 8.4030e-01],
        [1.1867e-02, 3.6634e-01],
        [8.4607e-01, 7.1986e-01],
        [1.1017e-01, 6.6731e-01],
        [8.2707e-01, 4.1664e-01],
        [3.6122e-02, 8.5051e-01],
        [3.4290e-01, 2.8897e-01],
        [2.0535e-01, 3.5949e-01],
        [7.4796e-01, 9.5533e-02],
        [8.6514e-01, 6.1893e-02],
        [1.4817e-01, 9.3518e-01],
        [8.4289e-01, 4.3944e-02],
        [6.7780e-01, 7.7225e-04],
        [8.5599e-03, 2.8343e-01],
        [6.3244e-01, 9.2911e-03],
        [9.6567e-01, 0.0000e+00],
        [1.0142e-01, 2.5390e-01],
        [1.0000e+00, 1.0000e+00],
        [9.7141e-01, 7.6355e-01],
        [0.0000e+00, 8.1008e-01],
        [8.2212e-01, 5.7177e-01],
        [8.8712e-01, 2.1805e-01],
        [2.2307e-01, 6.0975e-01],
        [2.4856e-01, 4.5929e-01],
        [7.6358e-01, 4.5339e-01],
        [8.9672e-01, 9.6910e-02],
        [2.5990e-01, 2.5766e-01],
        [1.8256e-01, 5.9426e-01]])
weights: Parameter containing:
tensor([[0.0202],
        [0.0202]], requires_grad=True)
weights: torch.Size([2, 1])
X: torch.Size([30, 2])
X: tensor([[0.9748, 0.5321],
        [0.0338, 0.9673],
        [0.1168, 0.3059],
        [0.0902, 0.0932],
        [0.7856, 0.3647],
        [1.0000, 0.5175],
        [0.9633, 0.8769],
        [0.0471, 0.2658],
        [0.9961, 0.1429],
        [0.8443, 0.0336],
        [0.2253, 0.1593],
        [0.9319, 0.8820],
        [0.9902, 1.0000],
        [0.0000, 0.2231],
        [0.9437, 0.2160],
        [0.7382, 0.0532],
        [0.9330, 0.6097],
        [0.8570, 0.4735],
        [0.9341, 0.1979],
        [0.3211, 0.0053],
        [0.9646, 0.4286],
        [0.4255, 0.0000],
        [0.9527, 0.8403],
        [0.0119, 0.3663],
        [0.8461, 0.7199],
        [0.1102, 0.6673],
        [0.8271, 0.4166],
        [0.0361, 0.8505],
        [0.3429, 0.2890],
        [0.2054, 0.3595]])
weights: Parameter containing:
tensor([[0.0202],
        [0.0202]], requires_grad=True)
Iteration 8: x_train shape: torch.Size([30, 2]), y_train shape: torch.Size([30])
Output mean shape: torch.Size([30])
weights: torch.Size([2, 1])
X: torch.Size([30, 2])
X: tensor([[0.9748, 0.5321],
        [0.0338, 0.9673],
        [0.1168, 0.3059],
        [0.0902, 0.0932],
        [0.7856, 0.3647],
        [1.0000, 0.5175],
        [0.9633, 0.8769],
        [0.0471, 0.2658],
        [0.9961, 0.1429],
        [0.8443, 0.0336],
        [0.2253, 0.1593],
        [0.9319, 0.8820],
        [0.9902, 1.0000],
        [0.0000, 0.2231],
        [0.9437, 0.2160],
        [0.7382, 0.0532],
        [0.9330, 0.6097],
        [0.8570, 0.4735],
        [0.9341, 0.1979],
        [0.3211, 0.0053],
        [0.9646, 0.4286],
        [0.4255, 0.0000],
        [0.9527, 0.8403],
        [0.0119, 0.3663],
        [0.8461, 0.7199],
        [0.1102, 0.6673],
        [0.8271, 0.4166],
        [0.0361, 0.8505],
        [0.3429, 0.2890],
        [0.2054, 0.3595]])
weights: Parameter containing:
tensor([[0.0102],
        [0.0103]], requires_grad=True)
weights: torch.Size([2, 1])
X: torch.Size([50, 2])
X: tensor([[9.7481e-01, 5.3214e-01],
        [3.3776e-02, 9.6734e-01],
        [1.1684e-01, 3.0592e-01],
        [9.0198e-02, 9.3205e-02],
        [7.8563e-01, 3.6473e-01],
        [1.0000e+00, 5.1754e-01],
        [9.6331e-01, 8.7695e-01],
        [4.7137e-02, 2.6578e-01],
        [9.9607e-01, 1.4287e-01],
        [8.4430e-01, 3.3645e-02],
        [2.2534e-01, 1.5932e-01],
        [9.3194e-01, 8.8199e-01],
        [9.9019e-01, 1.0000e+00],
        [0.0000e+00, 2.2309e-01],
        [9.4371e-01, 2.1596e-01],
        [7.3820e-01, 5.3199e-02],
        [9.3297e-01, 6.0971e-01],
        [8.5699e-01, 4.7348e-01],
        [9.3413e-01, 1.9787e-01],
        [3.2113e-01, 5.2792e-03],
        [9.6460e-01, 4.2864e-01],
        [4.2552e-01, 0.0000e+00],
        [9.5272e-01, 8.4030e-01],
        [1.1867e-02, 3.6634e-01],
        [8.4607e-01, 7.1986e-01],
        [1.1017e-01, 6.6731e-01],
        [8.2707e-01, 4.1664e-01],
        [3.6122e-02, 8.5051e-01],
        [3.4290e-01, 2.8897e-01],
        [2.0535e-01, 3.5949e-01],
        [7.4796e-01, 9.5533e-02],
        [8.6514e-01, 6.1893e-02],
        [1.4817e-01, 9.3518e-01],
        [8.4289e-01, 4.3944e-02],
        [6.7780e-01, 7.7225e-04],
        [8.5599e-03, 2.8343e-01],
        [6.3244e-01, 9.2911e-03],
        [9.6567e-01, 0.0000e+00],
        [1.0142e-01, 2.5390e-01],
        [1.0000e+00, 1.0000e+00],
        [9.7141e-01, 7.6355e-01],
        [0.0000e+00, 8.1008e-01],
        [8.2212e-01, 5.7177e-01],
        [8.8712e-01, 2.1805e-01],
        [2.2307e-01, 6.0975e-01],
        [2.4856e-01, 4.5929e-01],
        [7.6358e-01, 4.5339e-01],
        [8.9672e-01, 9.6910e-02],
        [2.5990e-01, 2.5766e-01],
        [1.8256e-01, 5.9426e-01]])
weights: Parameter containing:
tensor([[0.0102],
        [0.0103]], requires_grad=True)
weights: torch.Size([2, 1])
X: torch.Size([30, 2])
X: tensor([[0.9748, 0.5321],
        [0.0338, 0.9673],
        [0.1168, 0.3059],
        [0.0902, 0.0932],
        [0.7856, 0.3647],
        [1.0000, 0.5175],
        [0.9633, 0.8769],
        [0.0471, 0.2658],
        [0.9961, 0.1429],
        [0.8443, 0.0336],
        [0.2253, 0.1593],
        [0.9319, 0.8820],
        [0.9902, 1.0000],
        [0.0000, 0.2231],
        [0.9437, 0.2160],
        [0.7382, 0.0532],
        [0.9330, 0.6097],
        [0.8570, 0.4735],
        [0.9341, 0.1979],
        [0.3211, 0.0053],
        [0.9646, 0.4286],
        [0.4255, 0.0000],
        [0.9527, 0.8403],
        [0.0119, 0.3663],
        [0.8461, 0.7199],
        [0.1102, 0.6673],
        [0.8271, 0.4166],
        [0.0361, 0.8505],
        [0.3429, 0.2890],
        [0.2054, 0.3595]])
weights: Parameter containing:
tensor([[0.0102],
        [0.0103]], requires_grad=True)
Iteration 9: x_train shape: torch.Size([30, 2]), y_train shape: torch.Size([30])
Output mean shape: torch.Size([30])
weights: torch.Size([2, 1])
X: torch.Size([30, 2])
X: tensor([[0.9748, 0.5321],
        [0.0338, 0.9673],
        [0.1168, 0.3059],
        [0.0902, 0.0932],
        [0.7856, 0.3647],
        [1.0000, 0.5175],
        [0.9633, 0.8769],
        [0.0471, 0.2658],
        [0.9961, 0.1429],
        [0.8443, 0.0336],
        [0.2253, 0.1593],
        [0.9319, 0.8820],
        [0.9902, 1.0000],
        [0.0000, 0.2231],
        [0.9437, 0.2160],
        [0.7382, 0.0532],
        [0.9330, 0.6097],
        [0.8570, 0.4735],
        [0.9341, 0.1979],
        [0.3211, 0.0053],
        [0.9646, 0.4286],
        [0.4255, 0.0000],
        [0.9527, 0.8403],
        [0.0119, 0.3663],
        [0.8461, 0.7199],
        [0.1102, 0.6673],
        [0.8271, 0.4166],
        [0.0361, 0.8505],
        [0.3429, 0.2890],
        [0.2054, 0.3595]])
weights: Parameter containing:
tensor([[0.0003],
        [0.0004]], requires_grad=True)
weights: torch.Size([2, 1])
X: torch.Size([50, 2])
X: tensor([[9.7481e-01, 5.3214e-01],
        [3.3776e-02, 9.6734e-01],
        [1.1684e-01, 3.0592e-01],
        [9.0198e-02, 9.3205e-02],
        [7.8563e-01, 3.6473e-01],
        [1.0000e+00, 5.1754e-01],
        [9.6331e-01, 8.7695e-01],
        [4.7137e-02, 2.6578e-01],
        [9.9607e-01, 1.4287e-01],
        [8.4430e-01, 3.3645e-02],
        [2.2534e-01, 1.5932e-01],
        [9.3194e-01, 8.8199e-01],
        [9.9019e-01, 1.0000e+00],
        [0.0000e+00, 2.2309e-01],
        [9.4371e-01, 2.1596e-01],
        [7.3820e-01, 5.3199e-02],
        [9.3297e-01, 6.0971e-01],
        [8.5699e-01, 4.7348e-01],
        [9.3413e-01, 1.9787e-01],
        [3.2113e-01, 5.2792e-03],
        [9.6460e-01, 4.2864e-01],
        [4.2552e-01, 0.0000e+00],
        [9.5272e-01, 8.4030e-01],
        [1.1867e-02, 3.6634e-01],
        [8.4607e-01, 7.1986e-01],
        [1.1017e-01, 6.6731e-01],
        [8.2707e-01, 4.1664e-01],
        [3.6122e-02, 8.5051e-01],
        [3.4290e-01, 2.8897e-01],
        [2.0535e-01, 3.5949e-01],
        [7.4796e-01, 9.5533e-02],
        [8.6514e-01, 6.1893e-02],
        [1.4817e-01, 9.3518e-01],
        [8.4289e-01, 4.3944e-02],
        [6.7780e-01, 7.7225e-04],
        [8.5599e-03, 2.8343e-01],
        [6.3244e-01, 9.2911e-03],
        [9.6567e-01, 0.0000e+00],
        [1.0142e-01, 2.5390e-01],
        [1.0000e+00, 1.0000e+00],
        [9.7141e-01, 7.6355e-01],
        [0.0000e+00, 8.1008e-01],
        [8.2212e-01, 5.7177e-01],
        [8.8712e-01, 2.1805e-01],
        [2.2307e-01, 6.0975e-01],
        [2.4856e-01, 4.5929e-01],
        [7.6358e-01, 4.5339e-01],
        [8.9672e-01, 9.6910e-02],
        [2.5990e-01, 2.5766e-01],
        [1.8256e-01, 5.9426e-01]])
weights: Parameter containing:
tensor([[0.0003],
        [0.0004]], requires_grad=True)
weights: torch.Size([2, 1])
X: torch.Size([30, 2])
X: tensor([[0.9748, 0.5321],
        [0.0338, 0.9673],
        [0.1168, 0.3059],
        [0.0902, 0.0932],
        [0.7856, 0.3647],
        [1.0000, 0.5175],
        [0.9633, 0.8769],
        [0.0471, 0.2658],
        [0.9961, 0.1429],
        [0.8443, 0.0336],
        [0.2253, 0.1593],
        [0.9319, 0.8820],
        [0.9902, 1.0000],
        [0.0000, 0.2231],
        [0.9437, 0.2160],
        [0.7382, 0.0532],
        [0.9330, 0.6097],
        [0.8570, 0.4735],
        [0.9341, 0.1979],
        [0.3211, 0.0053],
        [0.9646, 0.4286],
        [0.4255, 0.0000],
        [0.9527, 0.8403],
        [0.0119, 0.3663],
        [0.8461, 0.7199],
        [0.1102, 0.6673],
        [0.8271, 0.4166],
        [0.0361, 0.8505],
        [0.3429, 0.2890],
        [0.2054, 0.3595]])
weights: Parameter containing:
tensor([[0.0003],
        [0.0004]], requires_grad=True)
Iteration 10: x_train shape: torch.Size([30, 2]), y_train shape: torch.Size([30])
Output mean shape: torch.Size([30])
weights: torch.Size([2, 1])
X: torch.Size([30, 2])
X: tensor([[0.9748, 0.5321],
        [0.0338, 0.9673],
        [0.1168, 0.3059],
        [0.0902, 0.0932],
        [0.7856, 0.3647],
        [1.0000, 0.5175],
        [0.9633, 0.8769],
        [0.0471, 0.2658],
        [0.9961, 0.1429],
        [0.8443, 0.0336],
        [0.2253, 0.1593],
        [0.9319, 0.8820],
        [0.9902, 1.0000],
        [0.0000, 0.2231],
        [0.9437, 0.2160],
        [0.7382, 0.0532],
        [0.9330, 0.6097],
        [0.8570, 0.4735],
        [0.9341, 0.1979],
        [0.3211, 0.0053],
        [0.9646, 0.4286],
        [0.4255, 0.0000],
        [0.9527, 0.8403],
        [0.0119, 0.3663],
        [0.8461, 0.7199],
        [0.1102, 0.6673],
        [0.8271, 0.4166],
        [0.0361, 0.8505],
        [0.3429, 0.2890],
        [0.2054, 0.3595]])
weights: Parameter containing:
tensor([[-0.0096],
        [-0.0094]], requires_grad=True)
weights: torch.Size([2, 1])
X: torch.Size([50, 2])
X: tensor([[9.7481e-01, 5.3214e-01],
        [3.3776e-02, 9.6734e-01],
        [1.1684e-01, 3.0592e-01],
        [9.0198e-02, 9.3205e-02],
        [7.8563e-01, 3.6473e-01],
        [1.0000e+00, 5.1754e-01],
        [9.6331e-01, 8.7695e-01],
        [4.7137e-02, 2.6578e-01],
        [9.9607e-01, 1.4287e-01],
        [8.4430e-01, 3.3645e-02],
        [2.2534e-01, 1.5932e-01],
        [9.3194e-01, 8.8199e-01],
        [9.9019e-01, 1.0000e+00],
        [0.0000e+00, 2.2309e-01],
        [9.4371e-01, 2.1596e-01],
        [7.3820e-01, 5.3199e-02],
        [9.3297e-01, 6.0971e-01],
        [8.5699e-01, 4.7348e-01],
        [9.3413e-01, 1.9787e-01],
        [3.2113e-01, 5.2792e-03],
        [9.6460e-01, 4.2864e-01],
        [4.2552e-01, 0.0000e+00],
        [9.5272e-01, 8.4030e-01],
        [1.1867e-02, 3.6634e-01],
        [8.4607e-01, 7.1986e-01],
        [1.1017e-01, 6.6731e-01],
        [8.2707e-01, 4.1664e-01],
        [3.6122e-02, 8.5051e-01],
        [3.4290e-01, 2.8897e-01],
        [2.0535e-01, 3.5949e-01],
        [7.4796e-01, 9.5533e-02],
        [8.6514e-01, 6.1893e-02],
        [1.4817e-01, 9.3518e-01],
        [8.4289e-01, 4.3944e-02],
        [6.7780e-01, 7.7225e-04],
        [8.5599e-03, 2.8343e-01],
        [6.3244e-01, 9.2911e-03],
        [9.6567e-01, 0.0000e+00],
        [1.0142e-01, 2.5390e-01],
        [1.0000e+00, 1.0000e+00],
        [9.7141e-01, 7.6355e-01],
        [0.0000e+00, 8.1008e-01],
        [8.2212e-01, 5.7177e-01],
        [8.8712e-01, 2.1805e-01],
        [2.2307e-01, 6.0975e-01],
        [2.4856e-01, 4.5929e-01],
        [7.6358e-01, 4.5339e-01],
        [8.9672e-01, 9.6910e-02],
        [2.5990e-01, 2.5766e-01],
        [1.8256e-01, 5.9426e-01]])
weights: Parameter containing:
tensor([[-0.0096],
        [-0.0094]], requires_grad=True)
weights: torch.Size([2, 1])
X: torch.Size([30, 2])
X: tensor([[0.9748, 0.5321],
        [0.0338, 0.9673],
        [0.1168, 0.3059],
        [0.0902, 0.0932],
        [0.7856, 0.3647],
        [1.0000, 0.5175],
        [0.9633, 0.8769],
        [0.0471, 0.2658],
        [0.9961, 0.1429],
        [0.8443, 0.0336],
        [0.2253, 0.1593],
        [0.9319, 0.8820],
        [0.9902, 1.0000],
        [0.0000, 0.2231],
        [0.9437, 0.2160],
        [0.7382, 0.0532],
        [0.9330, 0.6097],
        [0.8570, 0.4735],
        [0.9341, 0.1979],
        [0.3211, 0.0053],
        [0.9646, 0.4286],
        [0.4255, 0.0000],
        [0.9527, 0.8403],
        [0.0119, 0.3663],
        [0.8461, 0.7199],
        [0.1102, 0.6673],
        [0.8271, 0.4166],
        [0.0361, 0.8505],
        [0.3429, 0.2890],
        [0.2054, 0.3595]])
weights: Parameter containing:
tensor([[-0.0096],
        [-0.0094]], requires_grad=True)
Iteration 11: x_train shape: torch.Size([30, 2]), y_train shape: torch.Size([30])
Output mean shape: torch.Size([30])
weights: torch.Size([2, 1])
X: torch.Size([30, 2])
X: tensor([[0.9748, 0.5321],
        [0.0338, 0.9673],
        [0.1168, 0.3059],
        [0.0902, 0.0932],
        [0.7856, 0.3647],
        [1.0000, 0.5175],
        [0.9633, 0.8769],
        [0.0471, 0.2658],
        [0.9961, 0.1429],
        [0.8443, 0.0336],
        [0.2253, 0.1593],
        [0.9319, 0.8820],
        [0.9902, 1.0000],
        [0.0000, 0.2231],
        [0.9437, 0.2160],
        [0.7382, 0.0532],
        [0.9330, 0.6097],
        [0.8570, 0.4735],
        [0.9341, 0.1979],
        [0.3211, 0.0053],
        [0.9646, 0.4286],
        [0.4255, 0.0000],
        [0.9527, 0.8403],
        [0.0119, 0.3663],
        [0.8461, 0.7199],
        [0.1102, 0.6673],
        [0.8271, 0.4166],
        [0.0361, 0.8505],
        [0.3429, 0.2890],
        [0.2054, 0.3595]])
weights: Parameter containing:
tensor([[-0.0194],
        [-0.0193]], requires_grad=True)
weights: torch.Size([2, 1])
X: torch.Size([50, 2])
X: tensor([[9.7481e-01, 5.3214e-01],
        [3.3776e-02, 9.6734e-01],
        [1.1684e-01, 3.0592e-01],
        [9.0198e-02, 9.3205e-02],
        [7.8563e-01, 3.6473e-01],
        [1.0000e+00, 5.1754e-01],
        [9.6331e-01, 8.7695e-01],
        [4.7137e-02, 2.6578e-01],
        [9.9607e-01, 1.4287e-01],
        [8.4430e-01, 3.3645e-02],
        [2.2534e-01, 1.5932e-01],
        [9.3194e-01, 8.8199e-01],
        [9.9019e-01, 1.0000e+00],
        [0.0000e+00, 2.2309e-01],
        [9.4371e-01, 2.1596e-01],
        [7.3820e-01, 5.3199e-02],
        [9.3297e-01, 6.0971e-01],
        [8.5699e-01, 4.7348e-01],
        [9.3413e-01, 1.9787e-01],
        [3.2113e-01, 5.2792e-03],
        [9.6460e-01, 4.2864e-01],
        [4.2552e-01, 0.0000e+00],
        [9.5272e-01, 8.4030e-01],
        [1.1867e-02, 3.6634e-01],
        [8.4607e-01, 7.1986e-01],
        [1.1017e-01, 6.6731e-01],
        [8.2707e-01, 4.1664e-01],
        [3.6122e-02, 8.5051e-01],
        [3.4290e-01, 2.8897e-01],
        [2.0535e-01, 3.5949e-01],
        [7.4796e-01, 9.5533e-02],
        [8.6514e-01, 6.1893e-02],
        [1.4817e-01, 9.3518e-01],
        [8.4289e-01, 4.3944e-02],
        [6.7780e-01, 7.7225e-04],
        [8.5599e-03, 2.8343e-01],
        [6.3244e-01, 9.2911e-03],
        [9.6567e-01, 0.0000e+00],
        [1.0142e-01, 2.5390e-01],
        [1.0000e+00, 1.0000e+00],
        [9.7141e-01, 7.6355e-01],
        [0.0000e+00, 8.1008e-01],
        [8.2212e-01, 5.7177e-01],
        [8.8712e-01, 2.1805e-01],
        [2.2307e-01, 6.0975e-01],
        [2.4856e-01, 4.5929e-01],
        [7.6358e-01, 4.5339e-01],
        [8.9672e-01, 9.6910e-02],
        [2.5990e-01, 2.5766e-01],
        [1.8256e-01, 5.9426e-01]])
weights: Parameter containing:
tensor([[-0.0194],
        [-0.0193]], requires_grad=True)
weights: torch.Size([2, 1])
X: torch.Size([30, 2])
X: tensor([[0.9748, 0.5321],
        [0.0338, 0.9673],
        [0.1168, 0.3059],
        [0.0902, 0.0932],
        [0.7856, 0.3647],
        [1.0000, 0.5175],
        [0.9633, 0.8769],
        [0.0471, 0.2658],
        [0.9961, 0.1429],
        [0.8443, 0.0336],
        [0.2253, 0.1593],
        [0.9319, 0.8820],
        [0.9902, 1.0000],
        [0.0000, 0.2231],
        [0.9437, 0.2160],
        [0.7382, 0.0532],
        [0.9330, 0.6097],
        [0.8570, 0.4735],
        [0.9341, 0.1979],
        [0.3211, 0.0053],
        [0.9646, 0.4286],
        [0.4255, 0.0000],
        [0.9527, 0.8403],
        [0.0119, 0.3663],
        [0.8461, 0.7199],
        [0.1102, 0.6673],
        [0.8271, 0.4166],
        [0.0361, 0.8505],
        [0.3429, 0.2890],
        [0.2054, 0.3595]])
weights: Parameter containing:
tensor([[-0.0194],
        [-0.0193]], requires_grad=True)
Iteration 12: x_train shape: torch.Size([30, 2]), y_train shape: torch.Size([30])
Output mean shape: torch.Size([30])
weights: torch.Size([2, 1])
X: torch.Size([30, 2])
X: tensor([[0.9748, 0.5321],
        [0.0338, 0.9673],
        [0.1168, 0.3059],
        [0.0902, 0.0932],
        [0.7856, 0.3647],
        [1.0000, 0.5175],
        [0.9633, 0.8769],
        [0.0471, 0.2658],
        [0.9961, 0.1429],
        [0.8443, 0.0336],
        [0.2253, 0.1593],
        [0.9319, 0.8820],
        [0.9902, 1.0000],
        [0.0000, 0.2231],
        [0.9437, 0.2160],
        [0.7382, 0.0532],
        [0.9330, 0.6097],
        [0.8570, 0.4735],
        [0.9341, 0.1979],
        [0.3211, 0.0053],
        [0.9646, 0.4286],
        [0.4255, 0.0000],
        [0.9527, 0.8403],
        [0.0119, 0.3663],
        [0.8461, 0.7199],
        [0.1102, 0.6673],
        [0.8271, 0.4166],
        [0.0361, 0.8505],
        [0.3429, 0.2890],
        [0.2054, 0.3595]])
weights: Parameter containing:
tensor([[-0.0293],
        [-0.0291]], requires_grad=True)
weights: torch.Size([2, 1])
X: torch.Size([50, 2])
X: tensor([[9.7481e-01, 5.3214e-01],
        [3.3776e-02, 9.6734e-01],
        [1.1684e-01, 3.0592e-01],
        [9.0198e-02, 9.3205e-02],
        [7.8563e-01, 3.6473e-01],
        [1.0000e+00, 5.1754e-01],
        [9.6331e-01, 8.7695e-01],
        [4.7137e-02, 2.6578e-01],
        [9.9607e-01, 1.4287e-01],
        [8.4430e-01, 3.3645e-02],
        [2.2534e-01, 1.5932e-01],
        [9.3194e-01, 8.8199e-01],
        [9.9019e-01, 1.0000e+00],
        [0.0000e+00, 2.2309e-01],
        [9.4371e-01, 2.1596e-01],
        [7.3820e-01, 5.3199e-02],
        [9.3297e-01, 6.0971e-01],
        [8.5699e-01, 4.7348e-01],
        [9.3413e-01, 1.9787e-01],
        [3.2113e-01, 5.2792e-03],
        [9.6460e-01, 4.2864e-01],
        [4.2552e-01, 0.0000e+00],
        [9.5272e-01, 8.4030e-01],
        [1.1867e-02, 3.6634e-01],
        [8.4607e-01, 7.1986e-01],
        [1.1017e-01, 6.6731e-01],
        [8.2707e-01, 4.1664e-01],
        [3.6122e-02, 8.5051e-01],
        [3.4290e-01, 2.8897e-01],
        [2.0535e-01, 3.5949e-01],
        [7.4796e-01, 9.5533e-02],
        [8.6514e-01, 6.1893e-02],
        [1.4817e-01, 9.3518e-01],
        [8.4289e-01, 4.3944e-02],
        [6.7780e-01, 7.7225e-04],
        [8.5599e-03, 2.8343e-01],
        [6.3244e-01, 9.2911e-03],
        [9.6567e-01, 0.0000e+00],
        [1.0142e-01, 2.5390e-01],
        [1.0000e+00, 1.0000e+00],
        [9.7141e-01, 7.6355e-01],
        [0.0000e+00, 8.1008e-01],
        [8.2212e-01, 5.7177e-01],
        [8.8712e-01, 2.1805e-01],
        [2.2307e-01, 6.0975e-01],
        [2.4856e-01, 4.5929e-01],
        [7.6358e-01, 4.5339e-01],
        [8.9672e-01, 9.6910e-02],
        [2.5990e-01, 2.5766e-01],
        [1.8256e-01, 5.9426e-01]])
weights: Parameter containing:
tensor([[-0.0293],
        [-0.0291]], requires_grad=True)
weights: torch.Size([2, 1])
X: torch.Size([30, 2])
X: tensor([[0.9748, 0.5321],
        [0.0338, 0.9673],
        [0.1168, 0.3059],
        [0.0902, 0.0932],
        [0.7856, 0.3647],
        [1.0000, 0.5175],
        [0.9633, 0.8769],
        [0.0471, 0.2658],
        [0.9961, 0.1429],
        [0.8443, 0.0336],
        [0.2253, 0.1593],
        [0.9319, 0.8820],
        [0.9902, 1.0000],
        [0.0000, 0.2231],
        [0.9437, 0.2160],
        [0.7382, 0.0532],
        [0.9330, 0.6097],
        [0.8570, 0.4735],
        [0.9341, 0.1979],
        [0.3211, 0.0053],
        [0.9646, 0.4286],
        [0.4255, 0.0000],
        [0.9527, 0.8403],
        [0.0119, 0.3663],
        [0.8461, 0.7199],
        [0.1102, 0.6673],
        [0.8271, 0.4166],
        [0.0361, 0.8505],
        [0.3429, 0.2890],
        [0.2054, 0.3595]])
weights: Parameter containing:
tensor([[-0.0293],
        [-0.0291]], requires_grad=True)
Iteration 13: x_train shape: torch.Size([30, 2]), y_train shape: torch.Size([30])
Output mean shape: torch.Size([30])
weights: torch.Size([2, 1])
X: torch.Size([30, 2])
X: tensor([[0.9748, 0.5321],
        [0.0338, 0.9673],
        [0.1168, 0.3059],
        [0.0902, 0.0932],
        [0.7856, 0.3647],
        [1.0000, 0.5175],
        [0.9633, 0.8769],
        [0.0471, 0.2658],
        [0.9961, 0.1429],
        [0.8443, 0.0336],
        [0.2253, 0.1593],
        [0.9319, 0.8820],
        [0.9902, 1.0000],
        [0.0000, 0.2231],
        [0.9437, 0.2160],
        [0.7382, 0.0532],
        [0.9330, 0.6097],
        [0.8570, 0.4735],
        [0.9341, 0.1979],
        [0.3211, 0.0053],
        [0.9646, 0.4286],
        [0.4255, 0.0000],
        [0.9527, 0.8403],
        [0.0119, 0.3663],
        [0.8461, 0.7199],
        [0.1102, 0.6673],
        [0.8271, 0.4166],
        [0.0361, 0.8505],
        [0.3429, 0.2890],
        [0.2054, 0.3595]])
weights: Parameter containing:
tensor([[-0.0391],
        [-0.0389]], requires_grad=True)
weights: torch.Size([2, 1])
X: torch.Size([50, 2])
X: tensor([[9.7481e-01, 5.3214e-01],
        [3.3776e-02, 9.6734e-01],
        [1.1684e-01, 3.0592e-01],
        [9.0198e-02, 9.3205e-02],
        [7.8563e-01, 3.6473e-01],
        [1.0000e+00, 5.1754e-01],
        [9.6331e-01, 8.7695e-01],
        [4.7137e-02, 2.6578e-01],
        [9.9607e-01, 1.4287e-01],
        [8.4430e-01, 3.3645e-02],
        [2.2534e-01, 1.5932e-01],
        [9.3194e-01, 8.8199e-01],
        [9.9019e-01, 1.0000e+00],
        [0.0000e+00, 2.2309e-01],
        [9.4371e-01, 2.1596e-01],
        [7.3820e-01, 5.3199e-02],
        [9.3297e-01, 6.0971e-01],
        [8.5699e-01, 4.7348e-01],
        [9.3413e-01, 1.9787e-01],
        [3.2113e-01, 5.2792e-03],
        [9.6460e-01, 4.2864e-01],
        [4.2552e-01, 0.0000e+00],
        [9.5272e-01, 8.4030e-01],
        [1.1867e-02, 3.6634e-01],
        [8.4607e-01, 7.1986e-01],
        [1.1017e-01, 6.6731e-01],
        [8.2707e-01, 4.1664e-01],
        [3.6122e-02, 8.5051e-01],
        [3.4290e-01, 2.8897e-01],
        [2.0535e-01, 3.5949e-01],
        [7.4796e-01, 9.5533e-02],
        [8.6514e-01, 6.1893e-02],
        [1.4817e-01, 9.3518e-01],
        [8.4289e-01, 4.3944e-02],
        [6.7780e-01, 7.7225e-04],
        [8.5599e-03, 2.8343e-01],
        [6.3244e-01, 9.2911e-03],
        [9.6567e-01, 0.0000e+00],
        [1.0142e-01, 2.5390e-01],
        [1.0000e+00, 1.0000e+00],
        [9.7141e-01, 7.6355e-01],
        [0.0000e+00, 8.1008e-01],
        [8.2212e-01, 5.7177e-01],
        [8.8712e-01, 2.1805e-01],
        [2.2307e-01, 6.0975e-01],
        [2.4856e-01, 4.5929e-01],
        [7.6358e-01, 4.5339e-01],
        [8.9672e-01, 9.6910e-02],
        [2.5990e-01, 2.5766e-01],
        [1.8256e-01, 5.9426e-01]])
weights: Parameter containing:
tensor([[-0.0391],
        [-0.0389]], requires_grad=True)
weights: torch.Size([2, 1])
X: torch.Size([30, 2])
X: tensor([[0.9748, 0.5321],
        [0.0338, 0.9673],
        [0.1168, 0.3059],
        [0.0902, 0.0932],
        [0.7856, 0.3647],
        [1.0000, 0.5175],
        [0.9633, 0.8769],
        [0.0471, 0.2658],
        [0.9961, 0.1429],
        [0.8443, 0.0336],
        [0.2253, 0.1593],
        [0.9319, 0.8820],
        [0.9902, 1.0000],
        [0.0000, 0.2231],
        [0.9437, 0.2160],
        [0.7382, 0.0532],
        [0.9330, 0.6097],
        [0.8570, 0.4735],
        [0.9341, 0.1979],
        [0.3211, 0.0053],
        [0.9646, 0.4286],
        [0.4255, 0.0000],
        [0.9527, 0.8403],
        [0.0119, 0.3663],
        [0.8461, 0.7199],
        [0.1102, 0.6673],
        [0.8271, 0.4166],
        [0.0361, 0.8505],
        [0.3429, 0.2890],
        [0.2054, 0.3595]])
weights: Parameter containing:
tensor([[-0.0391],
        [-0.0389]], requires_grad=True)
Iteration 14: x_train shape: torch.Size([30, 2]), y_train shape: torch.Size([30])
Output mean shape: torch.Size([30])
weights: torch.Size([2, 1])
X: torch.Size([30, 2])
X: tensor([[0.9748, 0.5321],
        [0.0338, 0.9673],
        [0.1168, 0.3059],
        [0.0902, 0.0932],
        [0.7856, 0.3647],
        [1.0000, 0.5175],
        [0.9633, 0.8769],
        [0.0471, 0.2658],
        [0.9961, 0.1429],
        [0.8443, 0.0336],
        [0.2253, 0.1593],
        [0.9319, 0.8820],
        [0.9902, 1.0000],
        [0.0000, 0.2231],
        [0.9437, 0.2160],
        [0.7382, 0.0532],
        [0.9330, 0.6097],
        [0.8570, 0.4735],
        [0.9341, 0.1979],
        [0.3211, 0.0053],
        [0.9646, 0.4286],
        [0.4255, 0.0000],
        [0.9527, 0.8403],
        [0.0119, 0.3663],
        [0.8461, 0.7199],
        [0.1102, 0.6673],
        [0.8271, 0.4166],
        [0.0361, 0.8505],
        [0.3429, 0.2890],
        [0.2054, 0.3595]])
weights: Parameter containing:
tensor([[-0.0489],
        [-0.0486]], requires_grad=True)
weights: torch.Size([2, 1])
X: torch.Size([50, 2])
X: tensor([[9.7481e-01, 5.3214e-01],
        [3.3776e-02, 9.6734e-01],
        [1.1684e-01, 3.0592e-01],
        [9.0198e-02, 9.3205e-02],
        [7.8563e-01, 3.6473e-01],
        [1.0000e+00, 5.1754e-01],
        [9.6331e-01, 8.7695e-01],
        [4.7137e-02, 2.6578e-01],
        [9.9607e-01, 1.4287e-01],
        [8.4430e-01, 3.3645e-02],
        [2.2534e-01, 1.5932e-01],
        [9.3194e-01, 8.8199e-01],
        [9.9019e-01, 1.0000e+00],
        [0.0000e+00, 2.2309e-01],
        [9.4371e-01, 2.1596e-01],
        [7.3820e-01, 5.3199e-02],
        [9.3297e-01, 6.0971e-01],
        [8.5699e-01, 4.7348e-01],
        [9.3413e-01, 1.9787e-01],
        [3.2113e-01, 5.2792e-03],
        [9.6460e-01, 4.2864e-01],
        [4.2552e-01, 0.0000e+00],
        [9.5272e-01, 8.4030e-01],
        [1.1867e-02, 3.6634e-01],
        [8.4607e-01, 7.1986e-01],
        [1.1017e-01, 6.6731e-01],
        [8.2707e-01, 4.1664e-01],
        [3.6122e-02, 8.5051e-01],
        [3.4290e-01, 2.8897e-01],
        [2.0535e-01, 3.5949e-01],
        [7.4796e-01, 9.5533e-02],
        [8.6514e-01, 6.1893e-02],
        [1.4817e-01, 9.3518e-01],
        [8.4289e-01, 4.3944e-02],
        [6.7780e-01, 7.7225e-04],
        [8.5599e-03, 2.8343e-01],
        [6.3244e-01, 9.2911e-03],
        [9.6567e-01, 0.0000e+00],
        [1.0142e-01, 2.5390e-01],
        [1.0000e+00, 1.0000e+00],
        [9.7141e-01, 7.6355e-01],
        [0.0000e+00, 8.1008e-01],
        [8.2212e-01, 5.7177e-01],
        [8.8712e-01, 2.1805e-01],
        [2.2307e-01, 6.0975e-01],
        [2.4856e-01, 4.5929e-01],
        [7.6358e-01, 4.5339e-01],
        [8.9672e-01, 9.6910e-02],
        [2.5990e-01, 2.5766e-01],
        [1.8256e-01, 5.9426e-01]])
weights: Parameter containing:
tensor([[-0.0489],
        [-0.0486]], requires_grad=True)
weights: torch.Size([2, 1])
X: torch.Size([30, 2])
X: tensor([[0.9748, 0.5321],
        [0.0338, 0.9673],
        [0.1168, 0.3059],
        [0.0902, 0.0932],
        [0.7856, 0.3647],
        [1.0000, 0.5175],
        [0.9633, 0.8769],
        [0.0471, 0.2658],
        [0.9961, 0.1429],
        [0.8443, 0.0336],
        [0.2253, 0.1593],
        [0.9319, 0.8820],
        [0.9902, 1.0000],
        [0.0000, 0.2231],
        [0.9437, 0.2160],
        [0.7382, 0.0532],
        [0.9330, 0.6097],
        [0.8570, 0.4735],
        [0.9341, 0.1979],
        [0.3211, 0.0053],
        [0.9646, 0.4286],
        [0.4255, 0.0000],
        [0.9527, 0.8403],
        [0.0119, 0.3663],
        [0.8461, 0.7199],
        [0.1102, 0.6673],
        [0.8271, 0.4166],
        [0.0361, 0.8505],
        [0.3429, 0.2890],
        [0.2054, 0.3595]])
weights: Parameter containing:
tensor([[-0.0489],
        [-0.0486]], requires_grad=True)
Iteration 15: x_train shape: torch.Size([30, 2]), y_train shape: torch.Size([30])
Output mean shape: torch.Size([30])
weights: torch.Size([2, 1])
X: torch.Size([30, 2])
X: tensor([[0.9748, 0.5321],
        [0.0338, 0.9673],
        [0.1168, 0.3059],
        [0.0902, 0.0932],
        [0.7856, 0.3647],
        [1.0000, 0.5175],
        [0.9633, 0.8769],
        [0.0471, 0.2658],
        [0.9961, 0.1429],
        [0.8443, 0.0336],
        [0.2253, 0.1593],
        [0.9319, 0.8820],
        [0.9902, 1.0000],
        [0.0000, 0.2231],
        [0.9437, 0.2160],
        [0.7382, 0.0532],
        [0.9330, 0.6097],
        [0.8570, 0.4735],
        [0.9341, 0.1979],
        [0.3211, 0.0053],
        [0.9646, 0.4286],
        [0.4255, 0.0000],
        [0.9527, 0.8403],
        [0.0119, 0.3663],
        [0.8461, 0.7199],
        [0.1102, 0.6673],
        [0.8271, 0.4166],
        [0.0361, 0.8505],
        [0.3429, 0.2890],
        [0.2054, 0.3595]])
weights: Parameter containing:
tensor([[-0.0587],
        [-0.0583]], requires_grad=True)
weights: torch.Size([2, 1])
X: torch.Size([50, 2])
X: tensor([[9.7481e-01, 5.3214e-01],
        [3.3776e-02, 9.6734e-01],
        [1.1684e-01, 3.0592e-01],
        [9.0198e-02, 9.3205e-02],
        [7.8563e-01, 3.6473e-01],
        [1.0000e+00, 5.1754e-01],
        [9.6331e-01, 8.7695e-01],
        [4.7137e-02, 2.6578e-01],
        [9.9607e-01, 1.4287e-01],
        [8.4430e-01, 3.3645e-02],
        [2.2534e-01, 1.5932e-01],
        [9.3194e-01, 8.8199e-01],
        [9.9019e-01, 1.0000e+00],
        [0.0000e+00, 2.2309e-01],
        [9.4371e-01, 2.1596e-01],
        [7.3820e-01, 5.3199e-02],
        [9.3297e-01, 6.0971e-01],
        [8.5699e-01, 4.7348e-01],
        [9.3413e-01, 1.9787e-01],
        [3.2113e-01, 5.2792e-03],
        [9.6460e-01, 4.2864e-01],
        [4.2552e-01, 0.0000e+00],
        [9.5272e-01, 8.4030e-01],
        [1.1867e-02, 3.6634e-01],
        [8.4607e-01, 7.1986e-01],
        [1.1017e-01, 6.6731e-01],
        [8.2707e-01, 4.1664e-01],
        [3.6122e-02, 8.5051e-01],
        [3.4290e-01, 2.8897e-01],
        [2.0535e-01, 3.5949e-01],
        [7.4796e-01, 9.5533e-02],
        [8.6514e-01, 6.1893e-02],
        [1.4817e-01, 9.3518e-01],
        [8.4289e-01, 4.3944e-02],
        [6.7780e-01, 7.7225e-04],
        [8.5599e-03, 2.8343e-01],
        [6.3244e-01, 9.2911e-03],
        [9.6567e-01, 0.0000e+00],
        [1.0142e-01, 2.5390e-01],
        [1.0000e+00, 1.0000e+00],
        [9.7141e-01, 7.6355e-01],
        [0.0000e+00, 8.1008e-01],
        [8.2212e-01, 5.7177e-01],
        [8.8712e-01, 2.1805e-01],
        [2.2307e-01, 6.0975e-01],
        [2.4856e-01, 4.5929e-01],
        [7.6358e-01, 4.5339e-01],
        [8.9672e-01, 9.6910e-02],
        [2.5990e-01, 2.5766e-01],
        [1.8256e-01, 5.9426e-01]])
weights: Parameter containing:
tensor([[-0.0587],
        [-0.0583]], requires_grad=True)
weights: torch.Size([2, 1])
X: torch.Size([30, 2])
X: tensor([[0.9748, 0.5321],
        [0.0338, 0.9673],
        [0.1168, 0.3059],
        [0.0902, 0.0932],
        [0.7856, 0.3647],
        [1.0000, 0.5175],
        [0.9633, 0.8769],
        [0.0471, 0.2658],
        [0.9961, 0.1429],
        [0.8443, 0.0336],
        [0.2253, 0.1593],
        [0.9319, 0.8820],
        [0.9902, 1.0000],
        [0.0000, 0.2231],
        [0.9437, 0.2160],
        [0.7382, 0.0532],
        [0.9330, 0.6097],
        [0.8570, 0.4735],
        [0.9341, 0.1979],
        [0.3211, 0.0053],
        [0.9646, 0.4286],
        [0.4255, 0.0000],
        [0.9527, 0.8403],
        [0.0119, 0.3663],
        [0.8461, 0.7199],
        [0.1102, 0.6673],
        [0.8271, 0.4166],
        [0.0361, 0.8505],
        [0.3429, 0.2890],
        [0.2054, 0.3595]])
weights: Parameter containing:
tensor([[-0.0587],
        [-0.0583]], requires_grad=True)
Iteration 16: x_train shape: torch.Size([30, 2]), y_train shape: torch.Size([30])
Output mean shape: torch.Size([30])
weights: torch.Size([2, 1])
X: torch.Size([30, 2])
X: tensor([[0.9748, 0.5321],
        [0.0338, 0.9673],
        [0.1168, 0.3059],
        [0.0902, 0.0932],
        [0.7856, 0.3647],
        [1.0000, 0.5175],
        [0.9633, 0.8769],
        [0.0471, 0.2658],
        [0.9961, 0.1429],
        [0.8443, 0.0336],
        [0.2253, 0.1593],
        [0.9319, 0.8820],
        [0.9902, 1.0000],
        [0.0000, 0.2231],
        [0.9437, 0.2160],
        [0.7382, 0.0532],
        [0.9330, 0.6097],
        [0.8570, 0.4735],
        [0.9341, 0.1979],
        [0.3211, 0.0053],
        [0.9646, 0.4286],
        [0.4255, 0.0000],
        [0.9527, 0.8403],
        [0.0119, 0.3663],
        [0.8461, 0.7199],
        [0.1102, 0.6673],
        [0.8271, 0.4166],
        [0.0361, 0.8505],
        [0.3429, 0.2890],
        [0.2054, 0.3595]])
weights: Parameter containing:
tensor([[-0.0685],
        [-0.0680]], requires_grad=True)
weights: torch.Size([2, 1])
X: torch.Size([50, 2])
X: tensor([[9.7481e-01, 5.3214e-01],
        [3.3776e-02, 9.6734e-01],
        [1.1684e-01, 3.0592e-01],
        [9.0198e-02, 9.3205e-02],
        [7.8563e-01, 3.6473e-01],
        [1.0000e+00, 5.1754e-01],
        [9.6331e-01, 8.7695e-01],
        [4.7137e-02, 2.6578e-01],
        [9.9607e-01, 1.4287e-01],
        [8.4430e-01, 3.3645e-02],
        [2.2534e-01, 1.5932e-01],
        [9.3194e-01, 8.8199e-01],
        [9.9019e-01, 1.0000e+00],
        [0.0000e+00, 2.2309e-01],
        [9.4371e-01, 2.1596e-01],
        [7.3820e-01, 5.3199e-02],
        [9.3297e-01, 6.0971e-01],
        [8.5699e-01, 4.7348e-01],
        [9.3413e-01, 1.9787e-01],
        [3.2113e-01, 5.2792e-03],
        [9.6460e-01, 4.2864e-01],
        [4.2552e-01, 0.0000e+00],
        [9.5272e-01, 8.4030e-01],
        [1.1867e-02, 3.6634e-01],
        [8.4607e-01, 7.1986e-01],
        [1.1017e-01, 6.6731e-01],
        [8.2707e-01, 4.1664e-01],
        [3.6122e-02, 8.5051e-01],
        [3.4290e-01, 2.8897e-01],
        [2.0535e-01, 3.5949e-01],
        [7.4796e-01, 9.5533e-02],
        [8.6514e-01, 6.1893e-02],
        [1.4817e-01, 9.3518e-01],
        [8.4289e-01, 4.3944e-02],
        [6.7780e-01, 7.7225e-04],
        [8.5599e-03, 2.8343e-01],
        [6.3244e-01, 9.2911e-03],
        [9.6567e-01, 0.0000e+00],
        [1.0142e-01, 2.5390e-01],
        [1.0000e+00, 1.0000e+00],
        [9.7141e-01, 7.6355e-01],
        [0.0000e+00, 8.1008e-01],
        [8.2212e-01, 5.7177e-01],
        [8.8712e-01, 2.1805e-01],
        [2.2307e-01, 6.0975e-01],
        [2.4856e-01, 4.5929e-01],
        [7.6358e-01, 4.5339e-01],
        [8.9672e-01, 9.6910e-02],
        [2.5990e-01, 2.5766e-01],
        [1.8256e-01, 5.9426e-01]])
weights: Parameter containing:
tensor([[-0.0685],
        [-0.0680]], requires_grad=True)
weights: torch.Size([2, 1])
X: torch.Size([30, 2])
X: tensor([[0.9748, 0.5321],
        [0.0338, 0.9673],
        [0.1168, 0.3059],
        [0.0902, 0.0932],
        [0.7856, 0.3647],
        [1.0000, 0.5175],
        [0.9633, 0.8769],
        [0.0471, 0.2658],
        [0.9961, 0.1429],
        [0.8443, 0.0336],
        [0.2253, 0.1593],
        [0.9319, 0.8820],
        [0.9902, 1.0000],
        [0.0000, 0.2231],
        [0.9437, 0.2160],
        [0.7382, 0.0532],
        [0.9330, 0.6097],
        [0.8570, 0.4735],
        [0.9341, 0.1979],
        [0.3211, 0.0053],
        [0.9646, 0.4286],
        [0.4255, 0.0000],
        [0.9527, 0.8403],
        [0.0119, 0.3663],
        [0.8461, 0.7199],
        [0.1102, 0.6673],
        [0.8271, 0.4166],
        [0.0361, 0.8505],
        [0.3429, 0.2890],
        [0.2054, 0.3595]])
weights: Parameter containing:
tensor([[-0.0685],
        [-0.0680]], requires_grad=True)
Iteration 17: x_train shape: torch.Size([30, 2]), y_train shape: torch.Size([30])
Output mean shape: torch.Size([30])
weights: torch.Size([2, 1])
X: torch.Size([30, 2])
X: tensor([[0.9748, 0.5321],
        [0.0338, 0.9673],
        [0.1168, 0.3059],
        [0.0902, 0.0932],
        [0.7856, 0.3647],
        [1.0000, 0.5175],
        [0.9633, 0.8769],
        [0.0471, 0.2658],
        [0.9961, 0.1429],
        [0.8443, 0.0336],
        [0.2253, 0.1593],
        [0.9319, 0.8820],
        [0.9902, 1.0000],
        [0.0000, 0.2231],
        [0.9437, 0.2160],
        [0.7382, 0.0532],
        [0.9330, 0.6097],
        [0.8570, 0.4735],
        [0.9341, 0.1979],
        [0.3211, 0.0053],
        [0.9646, 0.4286],
        [0.4255, 0.0000],
        [0.9527, 0.8403],
        [0.0119, 0.3663],
        [0.8461, 0.7199],
        [0.1102, 0.6673],
        [0.8271, 0.4166],
        [0.0361, 0.8505],
        [0.3429, 0.2890],
        [0.2054, 0.3595]])
weights: Parameter containing:
tensor([[-0.0782],
        [-0.0776]], requires_grad=True)
weights: torch.Size([2, 1])
X: torch.Size([50, 2])
X: tensor([[9.7481e-01, 5.3214e-01],
        [3.3776e-02, 9.6734e-01],
        [1.1684e-01, 3.0592e-01],
        [9.0198e-02, 9.3205e-02],
        [7.8563e-01, 3.6473e-01],
        [1.0000e+00, 5.1754e-01],
        [9.6331e-01, 8.7695e-01],
        [4.7137e-02, 2.6578e-01],
        [9.9607e-01, 1.4287e-01],
        [8.4430e-01, 3.3645e-02],
        [2.2534e-01, 1.5932e-01],
        [9.3194e-01, 8.8199e-01],
        [9.9019e-01, 1.0000e+00],
        [0.0000e+00, 2.2309e-01],
        [9.4371e-01, 2.1596e-01],
        [7.3820e-01, 5.3199e-02],
        [9.3297e-01, 6.0971e-01],
        [8.5699e-01, 4.7348e-01],
        [9.3413e-01, 1.9787e-01],
        [3.2113e-01, 5.2792e-03],
        [9.6460e-01, 4.2864e-01],
        [4.2552e-01, 0.0000e+00],
        [9.5272e-01, 8.4030e-01],
        [1.1867e-02, 3.6634e-01],
        [8.4607e-01, 7.1986e-01],
        [1.1017e-01, 6.6731e-01],
        [8.2707e-01, 4.1664e-01],
        [3.6122e-02, 8.5051e-01],
        [3.4290e-01, 2.8897e-01],
        [2.0535e-01, 3.5949e-01],
        [7.4796e-01, 9.5533e-02],
        [8.6514e-01, 6.1893e-02],
        [1.4817e-01, 9.3518e-01],
        [8.4289e-01, 4.3944e-02],
        [6.7780e-01, 7.7225e-04],
        [8.5599e-03, 2.8343e-01],
        [6.3244e-01, 9.2911e-03],
        [9.6567e-01, 0.0000e+00],
        [1.0142e-01, 2.5390e-01],
        [1.0000e+00, 1.0000e+00],
        [9.7141e-01, 7.6355e-01],
        [0.0000e+00, 8.1008e-01],
        [8.2212e-01, 5.7177e-01],
        [8.8712e-01, 2.1805e-01],
        [2.2307e-01, 6.0975e-01],
        [2.4856e-01, 4.5929e-01],
        [7.6358e-01, 4.5339e-01],
        [8.9672e-01, 9.6910e-02],
        [2.5990e-01, 2.5766e-01],
        [1.8256e-01, 5.9426e-01]])
weights: Parameter containing:
tensor([[-0.0782],
        [-0.0776]], requires_grad=True)
weights: torch.Size([2, 1])
X: torch.Size([30, 2])
X: tensor([[0.9748, 0.5321],
        [0.0338, 0.9673],
        [0.1168, 0.3059],
        [0.0902, 0.0932],
        [0.7856, 0.3647],
        [1.0000, 0.5175],
        [0.9633, 0.8769],
        [0.0471, 0.2658],
        [0.9961, 0.1429],
        [0.8443, 0.0336],
        [0.2253, 0.1593],
        [0.9319, 0.8820],
        [0.9902, 1.0000],
        [0.0000, 0.2231],
        [0.9437, 0.2160],
        [0.7382, 0.0532],
        [0.9330, 0.6097],
        [0.8570, 0.4735],
        [0.9341, 0.1979],
        [0.3211, 0.0053],
        [0.9646, 0.4286],
        [0.4255, 0.0000],
        [0.9527, 0.8403],
        [0.0119, 0.3663],
        [0.8461, 0.7199],
        [0.1102, 0.6673],
        [0.8271, 0.4166],
        [0.0361, 0.8505],
        [0.3429, 0.2890],
        [0.2054, 0.3595]])
weights: Parameter containing:
tensor([[-0.0782],
        [-0.0776]], requires_grad=True)
Iteration 18: x_train shape: torch.Size([30, 2]), y_train shape: torch.Size([30])
Output mean shape: torch.Size([30])
weights: torch.Size([2, 1])
X: torch.Size([30, 2])
X: tensor([[0.9748, 0.5321],
        [0.0338, 0.9673],
        [0.1168, 0.3059],
        [0.0902, 0.0932],
        [0.7856, 0.3647],
        [1.0000, 0.5175],
        [0.9633, 0.8769],
        [0.0471, 0.2658],
        [0.9961, 0.1429],
        [0.8443, 0.0336],
        [0.2253, 0.1593],
        [0.9319, 0.8820],
        [0.9902, 1.0000],
        [0.0000, 0.2231],
        [0.9437, 0.2160],
        [0.7382, 0.0532],
        [0.9330, 0.6097],
        [0.8570, 0.4735],
        [0.9341, 0.1979],
        [0.3211, 0.0053],
        [0.9646, 0.4286],
        [0.4255, 0.0000],
        [0.9527, 0.8403],
        [0.0119, 0.3663],
        [0.8461, 0.7199],
        [0.1102, 0.6673],
        [0.8271, 0.4166],
        [0.0361, 0.8505],
        [0.3429, 0.2890],
        [0.2054, 0.3595]])
weights: Parameter containing:
tensor([[-0.0879],
        [-0.0872]], requires_grad=True)
weights: torch.Size([2, 1])
X: torch.Size([50, 2])
X: tensor([[9.7481e-01, 5.3214e-01],
        [3.3776e-02, 9.6734e-01],
        [1.1684e-01, 3.0592e-01],
        [9.0198e-02, 9.3205e-02],
        [7.8563e-01, 3.6473e-01],
        [1.0000e+00, 5.1754e-01],
        [9.6331e-01, 8.7695e-01],
        [4.7137e-02, 2.6578e-01],
        [9.9607e-01, 1.4287e-01],
        [8.4430e-01, 3.3645e-02],
        [2.2534e-01, 1.5932e-01],
        [9.3194e-01, 8.8199e-01],
        [9.9019e-01, 1.0000e+00],
        [0.0000e+00, 2.2309e-01],
        [9.4371e-01, 2.1596e-01],
        [7.3820e-01, 5.3199e-02],
        [9.3297e-01, 6.0971e-01],
        [8.5699e-01, 4.7348e-01],
        [9.3413e-01, 1.9787e-01],
        [3.2113e-01, 5.2792e-03],
        [9.6460e-01, 4.2864e-01],
        [4.2552e-01, 0.0000e+00],
        [9.5272e-01, 8.4030e-01],
        [1.1867e-02, 3.6634e-01],
        [8.4607e-01, 7.1986e-01],
        [1.1017e-01, 6.6731e-01],
        [8.2707e-01, 4.1664e-01],
        [3.6122e-02, 8.5051e-01],
        [3.4290e-01, 2.8897e-01],
        [2.0535e-01, 3.5949e-01],
        [7.4796e-01, 9.5533e-02],
        [8.6514e-01, 6.1893e-02],
        [1.4817e-01, 9.3518e-01],
        [8.4289e-01, 4.3944e-02],
        [6.7780e-01, 7.7225e-04],
        [8.5599e-03, 2.8343e-01],
        [6.3244e-01, 9.2911e-03],
        [9.6567e-01, 0.0000e+00],
        [1.0142e-01, 2.5390e-01],
        [1.0000e+00, 1.0000e+00],
        [9.7141e-01, 7.6355e-01],
        [0.0000e+00, 8.1008e-01],
        [8.2212e-01, 5.7177e-01],
        [8.8712e-01, 2.1805e-01],
        [2.2307e-01, 6.0975e-01],
        [2.4856e-01, 4.5929e-01],
        [7.6358e-01, 4.5339e-01],
        [8.9672e-01, 9.6910e-02],
        [2.5990e-01, 2.5766e-01],
        [1.8256e-01, 5.9426e-01]])
weights: Parameter containing:
tensor([[-0.0879],
        [-0.0872]], requires_grad=True)
weights: torch.Size([2, 1])
X: torch.Size([30, 2])
X: tensor([[0.9748, 0.5321],
        [0.0338, 0.9673],
        [0.1168, 0.3059],
        [0.0902, 0.0932],
        [0.7856, 0.3647],
        [1.0000, 0.5175],
        [0.9633, 0.8769],
        [0.0471, 0.2658],
        [0.9961, 0.1429],
        [0.8443, 0.0336],
        [0.2253, 0.1593],
        [0.9319, 0.8820],
        [0.9902, 1.0000],
        [0.0000, 0.2231],
        [0.9437, 0.2160],
        [0.7382, 0.0532],
        [0.9330, 0.6097],
        [0.8570, 0.4735],
        [0.9341, 0.1979],
        [0.3211, 0.0053],
        [0.9646, 0.4286],
        [0.4255, 0.0000],
        [0.9527, 0.8403],
        [0.0119, 0.3663],
        [0.8461, 0.7199],
        [0.1102, 0.6673],
        [0.8271, 0.4166],
        [0.0361, 0.8505],
        [0.3429, 0.2890],
        [0.2054, 0.3595]])
weights: Parameter containing:
tensor([[-0.0879],
        [-0.0872]], requires_grad=True)
Iteration 19: x_train shape: torch.Size([30, 2]), y_train shape: torch.Size([30])
Output mean shape: torch.Size([30])
weights: torch.Size([2, 1])
X: torch.Size([30, 2])
X: tensor([[0.9748, 0.5321],
        [0.0338, 0.9673],
        [0.1168, 0.3059],
        [0.0902, 0.0932],
        [0.7856, 0.3647],
        [1.0000, 0.5175],
        [0.9633, 0.8769],
        [0.0471, 0.2658],
        [0.9961, 0.1429],
        [0.8443, 0.0336],
        [0.2253, 0.1593],
        [0.9319, 0.8820],
        [0.9902, 1.0000],
        [0.0000, 0.2231],
        [0.9437, 0.2160],
        [0.7382, 0.0532],
        [0.9330, 0.6097],
        [0.8570, 0.4735],
        [0.9341, 0.1979],
        [0.3211, 0.0053],
        [0.9646, 0.4286],
        [0.4255, 0.0000],
        [0.9527, 0.8403],
        [0.0119, 0.3663],
        [0.8461, 0.7199],
        [0.1102, 0.6673],
        [0.8271, 0.4166],
        [0.0361, 0.8505],
        [0.3429, 0.2890],
        [0.2054, 0.3595]])
weights: Parameter containing:
tensor([[-0.0976],
        [-0.0968]], requires_grad=True)
weights: torch.Size([2, 1])
X: torch.Size([50, 2])
X: tensor([[9.7481e-01, 5.3214e-01],
        [3.3776e-02, 9.6734e-01],
        [1.1684e-01, 3.0592e-01],
        [9.0198e-02, 9.3205e-02],
        [7.8563e-01, 3.6473e-01],
        [1.0000e+00, 5.1754e-01],
        [9.6331e-01, 8.7695e-01],
        [4.7137e-02, 2.6578e-01],
        [9.9607e-01, 1.4287e-01],
        [8.4430e-01, 3.3645e-02],
        [2.2534e-01, 1.5932e-01],
        [9.3194e-01, 8.8199e-01],
        [9.9019e-01, 1.0000e+00],
        [0.0000e+00, 2.2309e-01],
        [9.4371e-01, 2.1596e-01],
        [7.3820e-01, 5.3199e-02],
        [9.3297e-01, 6.0971e-01],
        [8.5699e-01, 4.7348e-01],
        [9.3413e-01, 1.9787e-01],
        [3.2113e-01, 5.2792e-03],
        [9.6460e-01, 4.2864e-01],
        [4.2552e-01, 0.0000e+00],
        [9.5272e-01, 8.4030e-01],
        [1.1867e-02, 3.6634e-01],
        [8.4607e-01, 7.1986e-01],
        [1.1017e-01, 6.6731e-01],
        [8.2707e-01, 4.1664e-01],
        [3.6122e-02, 8.5051e-01],
        [3.4290e-01, 2.8897e-01],
        [2.0535e-01, 3.5949e-01],
        [7.4796e-01, 9.5533e-02],
        [8.6514e-01, 6.1893e-02],
        [1.4817e-01, 9.3518e-01],
        [8.4289e-01, 4.3944e-02],
        [6.7780e-01, 7.7225e-04],
        [8.5599e-03, 2.8343e-01],
        [6.3244e-01, 9.2911e-03],
        [9.6567e-01, 0.0000e+00],
        [1.0142e-01, 2.5390e-01],
        [1.0000e+00, 1.0000e+00],
        [9.7141e-01, 7.6355e-01],
        [0.0000e+00, 8.1008e-01],
        [8.2212e-01, 5.7177e-01],
        [8.8712e-01, 2.1805e-01],
        [2.2307e-01, 6.0975e-01],
        [2.4856e-01, 4.5929e-01],
        [7.6358e-01, 4.5339e-01],
        [8.9672e-01, 9.6910e-02],
        [2.5990e-01, 2.5766e-01],
        [1.8256e-01, 5.9426e-01]])
weights: Parameter containing:
tensor([[-0.0976],
        [-0.0968]], requires_grad=True)
weights: torch.Size([2, 1])
X: torch.Size([9980, 2])
X: tensor([[ 0.9748,  0.5321],
        [ 0.0338,  0.9673],
        [ 0.1168,  0.3059],
        ...,
        [-0.7065,  1.4580],
        [-0.8614, -0.1603],
        [-1.6107, -0.6463]])
weights: Parameter containing:
tensor([[-0.0976],
        [-0.0968]], requires_grad=True)
                                  
================================= 
Global information about the job: 
================================= 
  
Job owner: dvoss(54815)
Job name:  test
Node list: ravg1024
Job start: Fri Jul 19 16:42:51 CEST 2024
Job end:   Fri Jul 19 16:43:46 CEST 2024
Work dir:  /raven/u/dvoss/al_pmssmwithgp
Command:   /raven/u/dvoss/al_pmssmwithgp/model/slurm/single_job.sbatch
  
  
  
==========================================================================================
Information on jobsteps (Note: MaxRSS/AveRSS is the maximum/average over all 
tasks of the per-task memory high-water marks; cf. "man sacct"): 
==========================================================================================
  
JobID            JobName NNodes NTasks  NCPUS       MaxRSS       AveRSS    Elapsed ExitCode
------------- ---------- ------ ------ ------ ------------ ------------ ---------- --------
12055255            test      1             4                             00:00:55      1:0
12055255.0        job.sh      1      1      4      726.61M      726.61M   00:00:38      1:0
  
Maximum memory per node: 0.761908 GB (defined as MaxRSS*Ntasks/NNodes)
CPU utilization: 3.6 %
  
