Defaulting to user installation because normal site-packages is not writeable
Requirement already satisfied: uproot in /raven/u/dvoss/.local/lib/python3.9/site-packages (5.3.10)
Requirement already satisfied: fsspec in /raven/u/dvoss/.local/lib/python3.9/site-packages (from uproot) (2024.6.1)
Requirement already satisfied: cramjam>=2.5.0 in /raven/u/dvoss/.local/lib/python3.9/site-packages (from uproot) (2.8.3)
Requirement already satisfied: numpy in /raven/u/system/soft/SLE_15/packages/x86_64/anaconda/3/2021.11/lib/python3.9/site-packages (from uproot) (1.20.3)
Requirement already satisfied: packaging in /raven/u/system/soft/SLE_15/packages/x86_64/anaconda/3/2021.11/lib/python3.9/site-packages (from uproot) (21.0)
Requirement already satisfied: typing-extensions>=4.1.0 in /raven/u/dvoss/.local/lib/python3.9/site-packages (from uproot) (4.12.2)
Requirement already satisfied: awkward>=2.4.6 in /raven/u/dvoss/.local/lib/python3.9/site-packages (from uproot) (2.6.6)
Requirement already satisfied: importlib-metadata>=4.13.0 in /raven/u/dvoss/.local/lib/python3.9/site-packages (from awkward>=2.4.6->uproot) (8.0.0)
Requirement already satisfied: awkward-cpp==35 in /raven/u/dvoss/.local/lib/python3.9/site-packages (from awkward>=2.4.6->uproot) (35)
Requirement already satisfied: zipp>=0.5 in /raven/u/system/soft/SLE_15/packages/x86_64/anaconda/3/2021.11/lib/python3.9/site-packages (from importlib-metadata>=4.13.0->awkward>=2.4.6->uproot) (3.6.0)
Requirement already satisfied: pyparsing>=2.0.2 in /raven/u/system/soft/SLE_15/packages/x86_64/anaconda/3/2021.11/lib/python3.9/site-packages (from packaging->uproot) (3.0.4)
Defaulting to user installation because normal site-packages is not writeable
Collecting argparse
  Using cached argparse-1.4.0-py2.py3-none-any.whl (23 kB)
Installing collected packages: argparse
Successfully installed argparse-1.4.0
Defaulting to user installation because normal site-packages is not writeable
Requirement already satisfied: pyslha in /raven/u/dvoss/.local/lib/python3.9/site-packages (3.2.6)
Requirement already satisfied: tex2pix>=0.1.5 in /raven/u/dvoss/.local/lib/python3.9/site-packages (from pyslha) (0.3.1)
Defaulting to user installation because normal site-packages is not writeable
Requirement already satisfied: structlog in /raven/u/dvoss/.local/lib/python3.9/site-packages (24.4.0)
Starting iteration 1
Initial Training points:  tensor([1.0000, 0.6070, 0.0000], device='cuda:0') torch.Size([3])
points: {120, 338, 190}
Corresponding xs: tensor([-1021.0819,  -417.8102,  -827.3708], device='cuda:0')
Plot saved to /raven/u/dvoss/al_pmssmwithgp/model/plots/Iter1/gp_plot.png
YAML file has been created: /u/dvoss/al_pmssmwithgp/Run3ModelGen/source/Run3ModelGen/data/new_config.yaml
Note: detected 144 virtual cores but NumExpr set to maximum of 64, check "NUMEXPR_MAX_THREADS" environment variable.
Note: NumExpr detected 144 cores but "NUMEXPR_MAX_THREADS" not set, so enforcing safe limit of 8.
NumExpr defaulting to 8 threads.

  ___              ____ __  __          _       _   ___            
 | _ \ _  _  _ _  |__ /|  \/  | ___  __| | ___ | | / __| ___  _ _  
 |   /| || || ' \  |_ \| |\/| |/ _ \/ _` |/ -_)| || (_ |/ -_)| ' \ 
 |_|_\ \_,_||_||_||___/|_|  |_|\___/\__,_|\___||_| \___|\___||_||_|
                                                                   

2024-08-07 18:16:55 [info     ] Initialised ModelGenerator with: [Run3ModelGen.modelgen]
2024-08-07 18:16:55 [info     ] 	config_file = /u/dvoss/al_pmssmwithgp/Run3ModelGen/source/Run3ModelGen/data/new_config.yaml [Run3ModelGen.modelgen]
2024-08-07 18:16:55 [info     ] 	scan_dir = /u/dvoss/al_pmssmwithgp/Run3ModelGen/source/Run3ModelGen/scans/scan_1 [Run3ModelGen.modelgen]
2024-08-07 18:16:55 [info     ] 	rawfilen = /u/dvoss/al_pmssmwithgp/Run3ModelGen/source/Run3ModelGen/data/raw.slha [Run3ModelGen.modelgen]
2024-08-07 18:16:55 [info     ] 	seed = 123                    [Run3ModelGen.modelgen]
2024-08-07 18:16:55 [info     ] 	points = {}                   [Run3ModelGen.modelgen]
2024-08-07 18:16:55 [info     ] 	prior = fixed                 [Run3ModelGen.modelgen]
2024-08-07 18:16:55 [info     ] 	num_models = 3                [Run3ModelGen.modelgen]
2024-08-07 18:16:55 [info     ] 	isGMSB = False                [Run3ModelGen.modelgen]
2024-08-07 18:16:55 [info     ] 	parameters =                  [Run3ModelGen.modelgen]
2024-08-07 18:16:55 [info     ] 		tanb: [60, 60, 60]           [Run3ModelGen.modelgen]
2024-08-07 18:16:55 [info     ] 		M_1: [-1021.08, -417.81, -827.37] [Run3ModelGen.modelgen]
2024-08-07 18:16:55 [info     ] 		M_2: [2000, 2000, 2000]      [Run3ModelGen.modelgen]
2024-08-07 18:16:55 [info     ] 		M_3: [4000, 4000, 4000]      [Run3ModelGen.modelgen]
2024-08-07 18:16:55 [info     ] 		AT: [4000, 4000, 4000]       [Run3ModelGen.modelgen]
2024-08-07 18:16:55 [info     ] 		Ab: [2000, 2000, 2000]       [Run3ModelGen.modelgen]
2024-08-07 18:16:55 [info     ] 		Atau: [2000, 2000, 2000]     [Run3ModelGen.modelgen]
2024-08-07 18:16:55 [info     ] 		mu: [2000, 2000, 2000]       [Run3ModelGen.modelgen]
2024-08-07 18:16:55 [info     ] 		mA: [2000, 2000, 2000]       [Run3ModelGen.modelgen]
2024-08-07 18:16:55 [info     ] 		meL: [2000, 2000, 2000]      [Run3ModelGen.modelgen]
2024-08-07 18:16:55 [info     ] 		mtauL: [2000, 2000, 2000]    [Run3ModelGen.modelgen]
2024-08-07 18:16:55 [info     ] 		meR: [2000, 2000, 2000]      [Run3ModelGen.modelgen]
2024-08-07 18:16:55 [info     ] 		mtauR: [2000, 2000, 2000]    [Run3ModelGen.modelgen]
2024-08-07 18:16:55 [info     ] 		mqL1: [4000, 4000, 4000]     [Run3ModelGen.modelgen]
2024-08-07 18:16:55 [info     ] 		mqL3: [4000, 4000, 4000]     [Run3ModelGen.modelgen]
2024-08-07 18:16:55 [info     ] 		muR: [4000, 4000, 4000]      [Run3ModelGen.modelgen]
2024-08-07 18:16:55 [info     ] 		mtR: [4000, 4000, 4000]      [Run3ModelGen.modelgen]
2024-08-07 18:16:55 [info     ] 		mdR: [4000, 4000, 4000]      [Run3ModelGen.modelgen]
2024-08-07 18:16:55 [info     ] 		mbR: [4000, 4000, 4000]      [Run3ModelGen.modelgen]
2024-08-07 18:16:55 [info     ] 	steps =                       [Run3ModelGen.modelgen]
2024-08-07 18:16:55 [info     ] 		{'name': 'prep_input', 'output_dir': 'input', 'prefix': 'IN'} [Run3ModelGen.modelgen]
2024-08-07 18:16:55 [info     ] 		{'name': 'SPheno', 'input_dir': 'input', 'output_dir': 'SPheno', 'log_dir': 'SPheno_log', 'prefix': 'SP'} [Run3ModelGen.modelgen]
2024-08-07 18:16:55 [info     ] 		{'name': 'softsusy', 'input_dir': 'input', 'output_dir': 'softsusy', 'prefix': 'SS'} [Run3ModelGen.modelgen]
2024-08-07 18:16:55 [info     ] 		{'name': 'micromegas', 'input_dir': 'SPheno', 'output_dir': 'micromegas', 'prefix': 'MO'} [Run3ModelGen.modelgen]
2024-08-07 18:16:55 [info     ] 		{'name': 'superiso', 'input_dir': 'SPheno', 'output_dir': 'superiso', 'prefix': 'SI'} [Run3ModelGen.modelgen]
2024-08-07 18:16:55 [info     ] 		{'name': 'gm2calc', 'input_dir': 'SPheno', 'output_dir': 'gm2calc', 'prefix': 'GM2'} [Run3ModelGen.modelgen]
2024-08-07 18:16:55 [info     ] 		{'name': 'evade', 'input_dir': 'SPheno', 'output_dir': 'evade', 'prefix': 'EV'} [Run3ModelGen.modelgen]
2024-08-07 18:16:55 [info     ] Starting Model Generation...   [Run3ModelGen.modelgen]
2024-08-07 18:16:55 [info     ] Setting up output directories for scan [Run3ModelGen.modelgen]
2024-08-07 18:16:55 [info     ] Generating Model: 0.slha (1/3) [Run3ModelGen.modelgen]
2024-08-07 18:16:55 [info     ] 	running step: prep_input      [Run3ModelGen.modelgen]
2024-08-07 18:16:55 [info     ] 	running step: SPheno          [Run3ModelGen.modelgen]
2024-08-07 18:16:55 [info     ] 	running step: softsusy        [Run3ModelGen.modelgen]
2024-08-07 18:16:56 [info     ] 	running step: micromegas      [Run3ModelGen.modelgen]
2024-08-07 18:16:56 [info     ] 	running step: superiso        [Run3ModelGen.modelgen]
2024-08-07 18:16:56 [info     ] 	running step: gm2calc         [Run3ModelGen.modelgen]
2024-08-07 18:16:56 [info     ] 	running step: evade           [Run3ModelGen.modelgen]
2024-08-07 18:16:56 [info     ] Generating Model: 1.slha (2/3) [Run3ModelGen.modelgen]
2024-08-07 18:16:56 [info     ] 	running step: prep_input      [Run3ModelGen.modelgen]
2024-08-07 18:16:56 [info     ] 	running step: SPheno          [Run3ModelGen.modelgen]
2024-08-07 18:16:57 [info     ] 	running step: softsusy        [Run3ModelGen.modelgen]
2024-08-07 18:16:57 [info     ] 	running step: micromegas      [Run3ModelGen.modelgen]
2024-08-07 18:16:57 [info     ] 	running step: superiso        [Run3ModelGen.modelgen]
2024-08-07 18:16:57 [info     ] 	running step: gm2calc         [Run3ModelGen.modelgen]
2024-08-07 18:16:57 [info     ] 	running step: evade           [Run3ModelGen.modelgen]
2024-08-07 18:16:57 [info     ] Generating Model: 2.slha (3/3) [Run3ModelGen.modelgen]
2024-08-07 18:16:57 [info     ] 	running step: prep_input      [Run3ModelGen.modelgen]
2024-08-07 18:16:57 [info     ] 	running step: SPheno          [Run3ModelGen.modelgen]
2024-08-07 18:16:57 [info     ] 	running step: softsusy        [Run3ModelGen.modelgen]
2024-08-07 18:16:57 [info     ] 	running step: micromegas      [Run3ModelGen.modelgen]
2024-08-07 18:16:58 [info     ] 	running step: superiso        [Run3ModelGen.modelgen]
2024-08-07 18:16:58 [info     ] 	running step: gm2calc         [Run3ModelGen.modelgen]
2024-08-07 18:16:58 [info     ] 	running step: evade           [Run3ModelGen.modelgen]
2024-08-07 18:16:58 [info     ] Finished generating models! Stats for successful generations (successful/attempted): [Run3ModelGen.modelgen]
2024-08-07 18:16:58 [info     ] 	prep_input: 3/3.              [Run3ModelGen.modelgen]
2024-08-07 18:16:58 [info     ] 	SPheno: 3/3.                  [Run3ModelGen.modelgen]
2024-08-07 18:16:58 [info     ] 	softsusy: 3/3.                [Run3ModelGen.modelgen]
2024-08-07 18:16:58 [info     ] 	micromegas: 3/3.              [Run3ModelGen.modelgen]
2024-08-07 18:16:58 [info     ] 	superiso: 3/3.                [Run3ModelGen.modelgen]
2024-08-07 18:16:58 [info     ] 	gm2calc: 3/3.                 [Run3ModelGen.modelgen]
2024-08-07 18:16:58 [info     ] 	evade: 0/3.                   [Run3ModelGen.modelgen]
2024-08-07 18:16:58 [info     ] Will make NTuple for: /u/dvoss/al_pmssmwithgp/Run3ModelGen/source/Run3ModelGen/scans/scan_1, with 3 models [Run3ModelGen.ntupling]
2024-08-07 18:16:58 [info     ] 	Filling values for model: 0   [Run3ModelGen.ntupling]
2024-08-07 18:16:58 [info     ] Saving NTuple in /u/dvoss/al_pmssmwithgp/Run3ModelGen/source/Run3ModelGen/scans/scan_1/ntuple.0.0.root ... [Run3ModelGen.ntupling]
Completed iteration 1
Starting iteration 2
Initial Training points:  tensor([1.0000, 0.6070, 0.0000], device='cuda:0') torch.Size([3])
Training points after adding:  tensor([1.0000, 0.6070, 0.0000, 0.0030, 0.5566, 0.9259], device='cuda:0') torch.Size([6])
points: {558, 795, 190}
Corresponding xs: tensor([ 190.9961,  846.8463, -827.3708], device='cuda:0')
Plot saved to /raven/u/dvoss/al_pmssmwithgp/model/plots/Iter2/gp_plot.png
YAML file has been created: /u/dvoss/al_pmssmwithgp/Run3ModelGen/source/Run3ModelGen/data/new_config.yaml
Note: detected 144 virtual cores but NumExpr set to maximum of 64, check "NUMEXPR_MAX_THREADS" environment variable.
Note: NumExpr detected 144 cores but "NUMEXPR_MAX_THREADS" not set, so enforcing safe limit of 8.
NumExpr defaulting to 8 threads.

  ___              ____ __  __          _       _   ___            
 | _ \ _  _  _ _  |__ /|  \/  | ___  __| | ___ | | / __| ___  _ _  
 |   /| || || ' \  |_ \| |\/| |/ _ \/ _` |/ -_)| || (_ |/ -_)| ' \ 
 |_|_\ \_,_||_||_||___/|_|  |_|\___/\__,_|\___||_| \___|\___||_||_|
                                                                   

2024-08-07 18:17:39 [info     ] Initialised ModelGenerator with: [Run3ModelGen.modelgen]
2024-08-07 18:17:39 [info     ] 	config_file = /u/dvoss/al_pmssmwithgp/Run3ModelGen/source/Run3ModelGen/data/new_config.yaml [Run3ModelGen.modelgen]
2024-08-07 18:17:39 [info     ] 	scan_dir = /u/dvoss/al_pmssmwithgp/Run3ModelGen/source/Run3ModelGen/scans/scan_2 [Run3ModelGen.modelgen]
2024-08-07 18:17:39 [info     ] 	rawfilen = /u/dvoss/al_pmssmwithgp/Run3ModelGen/source/Run3ModelGen/data/raw.slha [Run3ModelGen.modelgen]
2024-08-07 18:17:39 [info     ] 	seed = 123                    [Run3ModelGen.modelgen]
2024-08-07 18:17:39 [info     ] 	points = {}                   [Run3ModelGen.modelgen]
2024-08-07 18:17:39 [info     ] 	prior = fixed                 [Run3ModelGen.modelgen]
2024-08-07 18:17:39 [info     ] 	num_models = 3                [Run3ModelGen.modelgen]
2024-08-07 18:17:39 [info     ] 	isGMSB = False                [Run3ModelGen.modelgen]
2024-08-07 18:17:39 [info     ] 	parameters =                  [Run3ModelGen.modelgen]
2024-08-07 18:17:39 [info     ] 		tanb: [60, 60, 60]           [Run3ModelGen.modelgen]
2024-08-07 18:17:39 [info     ] 		M_1: [191.0, 846.85, -827.37] [Run3ModelGen.modelgen]
2024-08-07 18:17:39 [info     ] 		M_2: [2000, 2000, 2000]      [Run3ModelGen.modelgen]
2024-08-07 18:17:39 [info     ] 		M_3: [4000, 4000, 4000]      [Run3ModelGen.modelgen]
2024-08-07 18:17:39 [info     ] 		AT: [4000, 4000, 4000]       [Run3ModelGen.modelgen]
2024-08-07 18:17:39 [info     ] 		Ab: [2000, 2000, 2000]       [Run3ModelGen.modelgen]
2024-08-07 18:17:39 [info     ] 		Atau: [2000, 2000, 2000]     [Run3ModelGen.modelgen]
2024-08-07 18:17:39 [info     ] 		mu: [2000, 2000, 2000]       [Run3ModelGen.modelgen]
2024-08-07 18:17:39 [info     ] 		mA: [2000, 2000, 2000]       [Run3ModelGen.modelgen]
2024-08-07 18:17:39 [info     ] 		meL: [2000, 2000, 2000]      [Run3ModelGen.modelgen]
2024-08-07 18:17:39 [info     ] 		mtauL: [2000, 2000, 2000]    [Run3ModelGen.modelgen]
2024-08-07 18:17:39 [info     ] 		meR: [2000, 2000, 2000]      [Run3ModelGen.modelgen]
2024-08-07 18:17:39 [info     ] 		mtauR: [2000, 2000, 2000]    [Run3ModelGen.modelgen]
2024-08-07 18:17:39 [info     ] 		mqL1: [4000, 4000, 4000]     [Run3ModelGen.modelgen]
2024-08-07 18:17:39 [info     ] 		mqL3: [4000, 4000, 4000]     [Run3ModelGen.modelgen]
2024-08-07 18:17:39 [info     ] 		muR: [4000, 4000, 4000]      [Run3ModelGen.modelgen]
2024-08-07 18:17:39 [info     ] 		mtR: [4000, 4000, 4000]      [Run3ModelGen.modelgen]
2024-08-07 18:17:39 [info     ] 		mdR: [4000, 4000, 4000]      [Run3ModelGen.modelgen]
2024-08-07 18:17:39 [info     ] 		mbR: [4000, 4000, 4000]      [Run3ModelGen.modelgen]
2024-08-07 18:17:39 [info     ] 	steps =                       [Run3ModelGen.modelgen]
2024-08-07 18:17:39 [info     ] 		{'name': 'prep_input', 'output_dir': 'input', 'prefix': 'IN'} [Run3ModelGen.modelgen]
2024-08-07 18:17:39 [info     ] 		{'name': 'SPheno', 'input_dir': 'input', 'output_dir': 'SPheno', 'log_dir': 'SPheno_log', 'prefix': 'SP'} [Run3ModelGen.modelgen]
2024-08-07 18:17:39 [info     ] 		{'name': 'softsusy', 'input_dir': 'input', 'output_dir': 'softsusy', 'prefix': 'SS'} [Run3ModelGen.modelgen]
2024-08-07 18:17:39 [info     ] 		{'name': 'micromegas', 'input_dir': 'SPheno', 'output_dir': 'micromegas', 'prefix': 'MO'} [Run3ModelGen.modelgen]
2024-08-07 18:17:39 [info     ] 		{'name': 'superiso', 'input_dir': 'SPheno', 'output_dir': 'superiso', 'prefix': 'SI'} [Run3ModelGen.modelgen]
2024-08-07 18:17:39 [info     ] 		{'name': 'gm2calc', 'input_dir': 'SPheno', 'output_dir': 'gm2calc', 'prefix': 'GM2'} [Run3ModelGen.modelgen]
2024-08-07 18:17:39 [info     ] 		{'name': 'evade', 'input_dir': 'SPheno', 'output_dir': 'evade', 'prefix': 'EV'} [Run3ModelGen.modelgen]
2024-08-07 18:17:39 [info     ] Starting Model Generation...   [Run3ModelGen.modelgen]
2024-08-07 18:17:39 [info     ] Setting up output directories for scan [Run3ModelGen.modelgen]
2024-08-07 18:17:39 [info     ] Generating Model: 0.slha (1/3) [Run3ModelGen.modelgen]
2024-08-07 18:17:39 [info     ] 	running step: prep_input      [Run3ModelGen.modelgen]
2024-08-07 18:17:39 [info     ] 	running step: SPheno          [Run3ModelGen.modelgen]
2024-08-07 18:17:39 [info     ] 	running step: softsusy        [Run3ModelGen.modelgen]
2024-08-07 18:17:39 [info     ] 	running step: micromegas      [Run3ModelGen.modelgen]
2024-08-07 18:17:39 [info     ] 	running step: superiso        [Run3ModelGen.modelgen]
2024-08-07 18:17:39 [info     ] 	running step: gm2calc         [Run3ModelGen.modelgen]
2024-08-07 18:17:40 [info     ] 	running step: evade           [Run3ModelGen.modelgen]
2024-08-07 18:17:40 [info     ] Generating Model: 1.slha (2/3) [Run3ModelGen.modelgen]
2024-08-07 18:17:40 [info     ] 	running step: prep_input      [Run3ModelGen.modelgen]
2024-08-07 18:17:40 [info     ] 	running step: SPheno          [Run3ModelGen.modelgen]
2024-08-07 18:17:40 [info     ] 	running step: softsusy        [Run3ModelGen.modelgen]
2024-08-07 18:17:40 [info     ] 	running step: micromegas      [Run3ModelGen.modelgen]
2024-08-07 18:17:40 [info     ] 	running step: superiso        [Run3ModelGen.modelgen]
2024-08-07 18:17:40 [info     ] 	running step: gm2calc         [Run3ModelGen.modelgen]
2024-08-07 18:17:40 [info     ] 	running step: evade           [Run3ModelGen.modelgen]
2024-08-07 18:17:40 [info     ] Generating Model: 2.slha (3/3) [Run3ModelGen.modelgen]
2024-08-07 18:17:40 [info     ] 	running step: prep_input      [Run3ModelGen.modelgen]
2024-08-07 18:17:40 [info     ] 	running step: SPheno          [Run3ModelGen.modelgen]
2024-08-07 18:17:40 [info     ] 	running step: softsusy        [Run3ModelGen.modelgen]
2024-08-07 18:17:41 [info     ] 	running step: micromegas      [Run3ModelGen.modelgen]
2024-08-07 18:17:41 [info     ] 	running step: superiso        [Run3ModelGen.modelgen]
2024-08-07 18:17:41 [info     ] 	running step: gm2calc         [Run3ModelGen.modelgen]
2024-08-07 18:17:41 [info     ] 	running step: evade           [Run3ModelGen.modelgen]
2024-08-07 18:17:41 [info     ] Finished generating models! Stats for successful generations (successful/attempted): [Run3ModelGen.modelgen]
2024-08-07 18:17:41 [info     ] 	prep_input: 3/3.              [Run3ModelGen.modelgen]
2024-08-07 18:17:41 [info     ] 	SPheno: 3/3.                  [Run3ModelGen.modelgen]
2024-08-07 18:17:41 [info     ] 	softsusy: 3/3.                [Run3ModelGen.modelgen]
2024-08-07 18:17:41 [info     ] 	micromegas: 3/3.              [Run3ModelGen.modelgen]
2024-08-07 18:17:41 [info     ] 	superiso: 3/3.                [Run3ModelGen.modelgen]
2024-08-07 18:17:41 [info     ] 	gm2calc: 3/3.                 [Run3ModelGen.modelgen]
2024-08-07 18:17:41 [info     ] 	evade: 0/3.                   [Run3ModelGen.modelgen]
2024-08-07 18:17:41 [info     ] Will make NTuple for: /u/dvoss/al_pmssmwithgp/Run3ModelGen/source/Run3ModelGen/scans/scan_2, with 3 models [Run3ModelGen.ntupling]
2024-08-07 18:17:41 [info     ] 	Filling values for model: 0   [Run3ModelGen.ntupling]
2024-08-07 18:17:41 [info     ] Saving NTuple in /u/dvoss/al_pmssmwithgp/Run3ModelGen/source/Run3ModelGen/scans/scan_2/ntuple.0.0.root ... [Run3ModelGen.ntupling]
Completed iteration 2
Starting iteration 3
Initial Training points:  tensor([1.0000, 0.6070, 0.0000], device='cuda:0') torch.Size([3])
Training points after adding:  tensor([1.0000, 0.6070, 0.0000, 0.0030, 0.5566, 0.9259, 0.0030, 0.6677, 0.0681],
       device='cuda:0') torch.Size([9])
points: {241, 245, 190}
Corresponding xs: tensor([-686.2385, -675.1693, -827.3708], device='cuda:0')
Plot saved to /raven/u/dvoss/al_pmssmwithgp/model/plots/Iter3/gp_plot.png
YAML file has been created: /u/dvoss/al_pmssmwithgp/Run3ModelGen/source/Run3ModelGen/data/new_config.yaml
Note: detected 144 virtual cores but NumExpr set to maximum of 64, check "NUMEXPR_MAX_THREADS" environment variable.
Note: NumExpr detected 144 cores but "NUMEXPR_MAX_THREADS" not set, so enforcing safe limit of 8.
NumExpr defaulting to 8 threads.

  ___              ____ __  __          _       _   ___            
 | _ \ _  _  _ _  |__ /|  \/  | ___  __| | ___ | | / __| ___  _ _  
 |   /| || || ' \  |_ \| |\/| |/ _ \/ _` |/ -_)| || (_ |/ -_)| ' \ 
 |_|_\ \_,_||_||_||___/|_|  |_|\___/\__,_|\___||_| \___|\___||_||_|
                                                                   

2024-08-07 18:18:20 [info     ] Initialised ModelGenerator with: [Run3ModelGen.modelgen]
2024-08-07 18:18:20 [info     ] 	config_file = /u/dvoss/al_pmssmwithgp/Run3ModelGen/source/Run3ModelGen/data/new_config.yaml [Run3ModelGen.modelgen]
2024-08-07 18:18:20 [info     ] 	scan_dir = /u/dvoss/al_pmssmwithgp/Run3ModelGen/source/Run3ModelGen/scans/scan_3 [Run3ModelGen.modelgen]
2024-08-07 18:18:20 [info     ] 	rawfilen = /u/dvoss/al_pmssmwithgp/Run3ModelGen/source/Run3ModelGen/data/raw.slha [Run3ModelGen.modelgen]
2024-08-07 18:18:20 [info     ] 	seed = 123                    [Run3ModelGen.modelgen]
2024-08-07 18:18:20 [info     ] 	points = {}                   [Run3ModelGen.modelgen]
2024-08-07 18:18:20 [info     ] 	prior = fixed                 [Run3ModelGen.modelgen]
2024-08-07 18:18:20 [info     ] 	num_models = 3                [Run3ModelGen.modelgen]
2024-08-07 18:18:20 [info     ] 	isGMSB = False                [Run3ModelGen.modelgen]
2024-08-07 18:18:20 [info     ] 	parameters =                  [Run3ModelGen.modelgen]
2024-08-07 18:18:20 [info     ] 		tanb: [60, 60, 60]           [Run3ModelGen.modelgen]
2024-08-07 18:18:20 [info     ] 		M_1: [-686.24, -675.17, -827.37] [Run3ModelGen.modelgen]
2024-08-07 18:18:20 [info     ] 		M_2: [2000, 2000, 2000]      [Run3ModelGen.modelgen]
2024-08-07 18:18:20 [info     ] 		M_3: [4000, 4000, 4000]      [Run3ModelGen.modelgen]
2024-08-07 18:18:20 [info     ] 		AT: [4000, 4000, 4000]       [Run3ModelGen.modelgen]
2024-08-07 18:18:20 [info     ] 		Ab: [2000, 2000, 2000]       [Run3ModelGen.modelgen]
2024-08-07 18:18:20 [info     ] 		Atau: [2000, 2000, 2000]     [Run3ModelGen.modelgen]
2024-08-07 18:18:20 [info     ] 		mu: [2000, 2000, 2000]       [Run3ModelGen.modelgen]
2024-08-07 18:18:20 [info     ] 		mA: [2000, 2000, 2000]       [Run3ModelGen.modelgen]
2024-08-07 18:18:20 [info     ] 		meL: [2000, 2000, 2000]      [Run3ModelGen.modelgen]
2024-08-07 18:18:20 [info     ] 		mtauL: [2000, 2000, 2000]    [Run3ModelGen.modelgen]
2024-08-07 18:18:20 [info     ] 		meR: [2000, 2000, 2000]      [Run3ModelGen.modelgen]
2024-08-07 18:18:20 [info     ] 		mtauR: [2000, 2000, 2000]    [Run3ModelGen.modelgen]
2024-08-07 18:18:20 [info     ] 		mqL1: [4000, 4000, 4000]     [Run3ModelGen.modelgen]
2024-08-07 18:18:20 [info     ] 		mqL3: [4000, 4000, 4000]     [Run3ModelGen.modelgen]
2024-08-07 18:18:20 [info     ] 		muR: [4000, 4000, 4000]      [Run3ModelGen.modelgen]
2024-08-07 18:18:20 [info     ] 		mtR: [4000, 4000, 4000]      [Run3ModelGen.modelgen]
2024-08-07 18:18:20 [info     ] 		mdR: [4000, 4000, 4000]      [Run3ModelGen.modelgen]
2024-08-07 18:18:20 [info     ] 		mbR: [4000, 4000, 4000]      [Run3ModelGen.modelgen]
2024-08-07 18:18:20 [info     ] 	steps =                       [Run3ModelGen.modelgen]
2024-08-07 18:18:20 [info     ] 		{'name': 'prep_input', 'output_dir': 'input', 'prefix': 'IN'} [Run3ModelGen.modelgen]
2024-08-07 18:18:20 [info     ] 		{'name': 'SPheno', 'input_dir': 'input', 'output_dir': 'SPheno', 'log_dir': 'SPheno_log', 'prefix': 'SP'} [Run3ModelGen.modelgen]
2024-08-07 18:18:20 [info     ] 		{'name': 'softsusy', 'input_dir': 'input', 'output_dir': 'softsusy', 'prefix': 'SS'} [Run3ModelGen.modelgen]
2024-08-07 18:18:20 [info     ] 		{'name': 'micromegas', 'input_dir': 'SPheno', 'output_dir': 'micromegas', 'prefix': 'MO'} [Run3ModelGen.modelgen]
2024-08-07 18:18:20 [info     ] 		{'name': 'superiso', 'input_dir': 'SPheno', 'output_dir': 'superiso', 'prefix': 'SI'} [Run3ModelGen.modelgen]
2024-08-07 18:18:20 [info     ] 		{'name': 'gm2calc', 'input_dir': 'SPheno', 'output_dir': 'gm2calc', 'prefix': 'GM2'} [Run3ModelGen.modelgen]
2024-08-07 18:18:20 [info     ] 		{'name': 'evade', 'input_dir': 'SPheno', 'output_dir': 'evade', 'prefix': 'EV'} [Run3ModelGen.modelgen]
2024-08-07 18:18:20 [info     ] Starting Model Generation...   [Run3ModelGen.modelgen]
2024-08-07 18:18:20 [info     ] Setting up output directories for scan [Run3ModelGen.modelgen]
2024-08-07 18:18:20 [info     ] Generating Model: 0.slha (1/3) [Run3ModelGen.modelgen]
2024-08-07 18:18:20 [info     ] 	running step: prep_input      [Run3ModelGen.modelgen]
2024-08-07 18:18:20 [info     ] 	running step: SPheno          [Run3ModelGen.modelgen]
2024-08-07 18:18:21 [info     ] 	running step: softsusy        [Run3ModelGen.modelgen]
2024-08-07 18:18:21 [info     ] 	running step: micromegas      [Run3ModelGen.modelgen]
2024-08-07 18:18:21 [info     ] 	running step: superiso        [Run3ModelGen.modelgen]
2024-08-07 18:18:21 [info     ] 	running step: gm2calc         [Run3ModelGen.modelgen]
2024-08-07 18:18:21 [info     ] 	running step: evade           [Run3ModelGen.modelgen]
2024-08-07 18:18:21 [info     ] Generating Model: 1.slha (2/3) [Run3ModelGen.modelgen]
2024-08-07 18:18:21 [info     ] 	running step: prep_input      [Run3ModelGen.modelgen]
2024-08-07 18:18:21 [info     ] 	running step: SPheno          [Run3ModelGen.modelgen]
2024-08-07 18:18:21 [info     ] 	running step: softsusy        [Run3ModelGen.modelgen]
2024-08-07 18:18:21 [info     ] 	running step: micromegas      [Run3ModelGen.modelgen]
2024-08-07 18:18:22 [info     ] 	running step: superiso        [Run3ModelGen.modelgen]
2024-08-07 18:18:22 [info     ] 	running step: gm2calc         [Run3ModelGen.modelgen]
2024-08-07 18:18:22 [info     ] 	running step: evade           [Run3ModelGen.modelgen]
2024-08-07 18:18:22 [info     ] Generating Model: 2.slha (3/3) [Run3ModelGen.modelgen]
2024-08-07 18:18:22 [info     ] 	running step: prep_input      [Run3ModelGen.modelgen]
2024-08-07 18:18:22 [info     ] 	running step: SPheno          [Run3ModelGen.modelgen]
2024-08-07 18:18:22 [info     ] 	running step: softsusy        [Run3ModelGen.modelgen]
2024-08-07 18:18:22 [info     ] 	running step: micromegas      [Run3ModelGen.modelgen]
2024-08-07 18:18:22 [info     ] 	running step: superiso        [Run3ModelGen.modelgen]
2024-08-07 18:18:22 [info     ] 	running step: gm2calc         [Run3ModelGen.modelgen]
2024-08-07 18:18:22 [info     ] 	running step: evade           [Run3ModelGen.modelgen]
2024-08-07 18:18:22 [info     ] Finished generating models! Stats for successful generations (successful/attempted): [Run3ModelGen.modelgen]
2024-08-07 18:18:22 [info     ] 	prep_input: 3/3.              [Run3ModelGen.modelgen]
2024-08-07 18:18:22 [info     ] 	SPheno: 3/3.                  [Run3ModelGen.modelgen]
2024-08-07 18:18:22 [info     ] 	softsusy: 3/3.                [Run3ModelGen.modelgen]
2024-08-07 18:18:22 [info     ] 	micromegas: 3/3.              [Run3ModelGen.modelgen]
2024-08-07 18:18:22 [info     ] 	superiso: 3/3.                [Run3ModelGen.modelgen]
2024-08-07 18:18:22 [info     ] 	gm2calc: 3/3.                 [Run3ModelGen.modelgen]
2024-08-07 18:18:22 [info     ] 	evade: 0/3.                   [Run3ModelGen.modelgen]
2024-08-07 18:18:22 [info     ] Will make NTuple for: /u/dvoss/al_pmssmwithgp/Run3ModelGen/source/Run3ModelGen/scans/scan_3, with 3 models [Run3ModelGen.ntupling]
2024-08-07 18:18:22 [info     ] 	Filling values for model: 0   [Run3ModelGen.ntupling]
2024-08-07 18:18:23 [info     ] Saving NTuple in /u/dvoss/al_pmssmwithgp/Run3ModelGen/source/Run3ModelGen/scans/scan_3/ntuple.0.0.root ... [Run3ModelGen.ntupling]
Completed iteration 3
Starting iteration 4
Initial Training points:  tensor([1.0000, 0.6070, 0.0000], device='cuda:0') torch.Size([3])
Training points after adding:  tensor([1.0000, 0.6070, 0.0000, 0.0030, 0.5566, 0.9259, 0.0030, 0.6677, 0.0681,
        0.0110, 0.1151, 0.0030], device='cuda:0') torch.Size([12])
points: {442, 557, 190}
Corresponding xs: tensor([-130.0110,  188.2288, -827.3708], device='cuda:0')
Plot saved to /raven/u/dvoss/al_pmssmwithgp/model/plots/Iter4/gp_plot.png
YAML file has been created: /u/dvoss/al_pmssmwithgp/Run3ModelGen/source/Run3ModelGen/data/new_config.yaml
Note: detected 144 virtual cores but NumExpr set to maximum of 64, check "NUMEXPR_MAX_THREADS" environment variable.
Note: NumExpr detected 144 cores but "NUMEXPR_MAX_THREADS" not set, so enforcing safe limit of 8.
NumExpr defaulting to 8 threads.

  ___              ____ __  __          _       _   ___            
 | _ \ _  _  _ _  |__ /|  \/  | ___  __| | ___ | | / __| ___  _ _  
 |   /| || || ' \  |_ \| |\/| |/ _ \/ _` |/ -_)| || (_ |/ -_)| ' \ 
 |_|_\ \_,_||_||_||___/|_|  |_|\___/\__,_|\___||_| \___|\___||_||_|
                                                                   

2024-08-07 18:19:02 [info     ] Initialised ModelGenerator with: [Run3ModelGen.modelgen]
2024-08-07 18:19:02 [info     ] 	config_file = /u/dvoss/al_pmssmwithgp/Run3ModelGen/source/Run3ModelGen/data/new_config.yaml [Run3ModelGen.modelgen]
2024-08-07 18:19:02 [info     ] 	scan_dir = /u/dvoss/al_pmssmwithgp/Run3ModelGen/source/Run3ModelGen/scans/scan_4 [Run3ModelGen.modelgen]
2024-08-07 18:19:02 [info     ] 	rawfilen = /u/dvoss/al_pmssmwithgp/Run3ModelGen/source/Run3ModelGen/data/raw.slha [Run3ModelGen.modelgen]
2024-08-07 18:19:02 [info     ] 	seed = 123                    [Run3ModelGen.modelgen]
2024-08-07 18:19:02 [info     ] 	points = {}                   [Run3ModelGen.modelgen]
2024-08-07 18:19:02 [info     ] 	prior = fixed                 [Run3ModelGen.modelgen]
2024-08-07 18:19:02 [info     ] 	num_models = 3                [Run3ModelGen.modelgen]
2024-08-07 18:19:02 [info     ] 	isGMSB = False                [Run3ModelGen.modelgen]
2024-08-07 18:19:02 [info     ] 	parameters =                  [Run3ModelGen.modelgen]
2024-08-07 18:19:02 [info     ] 		tanb: [60, 60, 60]           [Run3ModelGen.modelgen]
2024-08-07 18:19:02 [info     ] 		M_1: [-130.01, 188.23, -827.37] [Run3ModelGen.modelgen]
2024-08-07 18:19:02 [info     ] 		M_2: [2000, 2000, 2000]      [Run3ModelGen.modelgen]
2024-08-07 18:19:02 [info     ] 		M_3: [4000, 4000, 4000]      [Run3ModelGen.modelgen]
2024-08-07 18:19:02 [info     ] 		AT: [4000, 4000, 4000]       [Run3ModelGen.modelgen]
2024-08-07 18:19:02 [info     ] 		Ab: [2000, 2000, 2000]       [Run3ModelGen.modelgen]
2024-08-07 18:19:02 [info     ] 		Atau: [2000, 2000, 2000]     [Run3ModelGen.modelgen]
2024-08-07 18:19:02 [info     ] 		mu: [2000, 2000, 2000]       [Run3ModelGen.modelgen]
2024-08-07 18:19:02 [info     ] 		mA: [2000, 2000, 2000]       [Run3ModelGen.modelgen]
2024-08-07 18:19:02 [info     ] 		meL: [2000, 2000, 2000]      [Run3ModelGen.modelgen]
2024-08-07 18:19:02 [info     ] 		mtauL: [2000, 2000, 2000]    [Run3ModelGen.modelgen]
2024-08-07 18:19:02 [info     ] 		meR: [2000, 2000, 2000]      [Run3ModelGen.modelgen]
2024-08-07 18:19:02 [info     ] 		mtauR: [2000, 2000, 2000]    [Run3ModelGen.modelgen]
2024-08-07 18:19:02 [info     ] 		mqL1: [4000, 4000, 4000]     [Run3ModelGen.modelgen]
2024-08-07 18:19:02 [info     ] 		mqL3: [4000, 4000, 4000]     [Run3ModelGen.modelgen]
2024-08-07 18:19:02 [info     ] 		muR: [4000, 4000, 4000]      [Run3ModelGen.modelgen]
2024-08-07 18:19:02 [info     ] 		mtR: [4000, 4000, 4000]      [Run3ModelGen.modelgen]
2024-08-07 18:19:02 [info     ] 		mdR: [4000, 4000, 4000]      [Run3ModelGen.modelgen]
2024-08-07 18:19:02 [info     ] 		mbR: [4000, 4000, 4000]      [Run3ModelGen.modelgen]
2024-08-07 18:19:02 [info     ] 	steps =                       [Run3ModelGen.modelgen]
2024-08-07 18:19:02 [info     ] 		{'name': 'prep_input', 'output_dir': 'input', 'prefix': 'IN'} [Run3ModelGen.modelgen]
2024-08-07 18:19:02 [info     ] 		{'name': 'SPheno', 'input_dir': 'input', 'output_dir': 'SPheno', 'log_dir': 'SPheno_log', 'prefix': 'SP'} [Run3ModelGen.modelgen]
2024-08-07 18:19:02 [info     ] 		{'name': 'softsusy', 'input_dir': 'input', 'output_dir': 'softsusy', 'prefix': 'SS'} [Run3ModelGen.modelgen]
2024-08-07 18:19:02 [info     ] 		{'name': 'micromegas', 'input_dir': 'SPheno', 'output_dir': 'micromegas', 'prefix': 'MO'} [Run3ModelGen.modelgen]
2024-08-07 18:19:02 [info     ] 		{'name': 'superiso', 'input_dir': 'SPheno', 'output_dir': 'superiso', 'prefix': 'SI'} [Run3ModelGen.modelgen]
2024-08-07 18:19:02 [info     ] 		{'name': 'gm2calc', 'input_dir': 'SPheno', 'output_dir': 'gm2calc', 'prefix': 'GM2'} [Run3ModelGen.modelgen]
2024-08-07 18:19:02 [info     ] 		{'name': 'evade', 'input_dir': 'SPheno', 'output_dir': 'evade', 'prefix': 'EV'} [Run3ModelGen.modelgen]
2024-08-07 18:19:02 [info     ] Starting Model Generation...   [Run3ModelGen.modelgen]
2024-08-07 18:19:02 [info     ] Setting up output directories for scan [Run3ModelGen.modelgen]
2024-08-07 18:19:02 [info     ] Generating Model: 0.slha (1/3) [Run3ModelGen.modelgen]
2024-08-07 18:19:02 [info     ] 	running step: prep_input      [Run3ModelGen.modelgen]
2024-08-07 18:19:02 [info     ] 	running step: SPheno          [Run3ModelGen.modelgen]
2024-08-07 18:19:02 [info     ] 	running step: softsusy        [Run3ModelGen.modelgen]
2024-08-07 18:19:03 [info     ] 	running step: micromegas      [Run3ModelGen.modelgen]
2024-08-07 18:19:03 [info     ] 	running step: superiso        [Run3ModelGen.modelgen]
2024-08-07 18:19:03 [info     ] 	running step: gm2calc         [Run3ModelGen.modelgen]
2024-08-07 18:19:03 [info     ] 	running step: evade           [Run3ModelGen.modelgen]
2024-08-07 18:19:03 [info     ] Generating Model: 1.slha (2/3) [Run3ModelGen.modelgen]
2024-08-07 18:19:03 [info     ] 	running step: prep_input      [Run3ModelGen.modelgen]
2024-08-07 18:19:03 [info     ] 	running step: SPheno          [Run3ModelGen.modelgen]
2024-08-07 18:19:03 [info     ] 	running step: softsusy        [Run3ModelGen.modelgen]
2024-08-07 18:19:03 [info     ] 	running step: micromegas      [Run3ModelGen.modelgen]
2024-08-07 18:19:03 [info     ] 	running step: superiso        [Run3ModelGen.modelgen]
2024-08-07 18:19:04 [info     ] 	running step: gm2calc         [Run3ModelGen.modelgen]
2024-08-07 18:19:04 [info     ] 	running step: evade           [Run3ModelGen.modelgen]
2024-08-07 18:19:04 [info     ] Generating Model: 2.slha (3/3) [Run3ModelGen.modelgen]
2024-08-07 18:19:04 [info     ] 	running step: prep_input      [Run3ModelGen.modelgen]
2024-08-07 18:19:04 [info     ] 	running step: SPheno          [Run3ModelGen.modelgen]
2024-08-07 18:19:04 [info     ] 	running step: softsusy        [Run3ModelGen.modelgen]
2024-08-07 18:19:04 [info     ] 	running step: micromegas      [Run3ModelGen.modelgen]
2024-08-07 18:19:04 [info     ] 	running step: superiso        [Run3ModelGen.modelgen]
2024-08-07 18:19:04 [info     ] 	running step: gm2calc         [Run3ModelGen.modelgen]
2024-08-07 18:19:04 [info     ] 	running step: evade           [Run3ModelGen.modelgen]
2024-08-07 18:19:04 [info     ] Finished generating models! Stats for successful generations (successful/attempted): [Run3ModelGen.modelgen]
2024-08-07 18:19:04 [info     ] 	prep_input: 3/3.              [Run3ModelGen.modelgen]
2024-08-07 18:19:04 [info     ] 	SPheno: 3/3.                  [Run3ModelGen.modelgen]
2024-08-07 18:19:04 [info     ] 	softsusy: 3/3.                [Run3ModelGen.modelgen]
2024-08-07 18:19:04 [info     ] 	micromegas: 3/3.              [Run3ModelGen.modelgen]
2024-08-07 18:19:04 [info     ] 	superiso: 3/3.                [Run3ModelGen.modelgen]
2024-08-07 18:19:04 [info     ] 	gm2calc: 3/3.                 [Run3ModelGen.modelgen]
2024-08-07 18:19:04 [info     ] 	evade: 0/3.                   [Run3ModelGen.modelgen]
2024-08-07 18:19:04 [info     ] Will make NTuple for: /u/dvoss/al_pmssmwithgp/Run3ModelGen/source/Run3ModelGen/scans/scan_4, with 3 models [Run3ModelGen.ntupling]
2024-08-07 18:19:04 [info     ] 	Filling values for model: 0   [Run3ModelGen.ntupling]
2024-08-07 18:19:04 [info     ] Saving NTuple in /u/dvoss/al_pmssmwithgp/Run3ModelGen/source/Run3ModelGen/scans/scan_4/ntuple.0.0.root ... [Run3ModelGen.ntupling]
Completed iteration 4
Starting iteration 5
Initial Training points:  tensor([1.0000, 0.6070, 0.0000], device='cuda:0') torch.Size([3])
Training points after adding:  tensor([1.0000, 0.6070, 0.0000, 0.0030, 0.5566, 0.9259, 0.0030, 0.6677, 0.0681,
        0.0110, 0.1151, 0.0030, 0.0030, 0.2843, 0.1662], device='cuda:0') torch.Size([15])
points: {136, 445, 190}
Corresponding xs: tensor([-976.8052, -121.7091, -827.3708], device='cuda:0')
Plot saved to /raven/u/dvoss/al_pmssmwithgp/model/plots/Iter5/gp_plot.png
YAML file has been created: /u/dvoss/al_pmssmwithgp/Run3ModelGen/source/Run3ModelGen/data/new_config.yaml
Note: detected 144 virtual cores but NumExpr set to maximum of 64, check "NUMEXPR_MAX_THREADS" environment variable.
Note: NumExpr detected 144 cores but "NUMEXPR_MAX_THREADS" not set, so enforcing safe limit of 8.
NumExpr defaulting to 8 threads.

  ___              ____ __  __          _       _   ___            
 | _ \ _  _  _ _  |__ /|  \/  | ___  __| | ___ | | / __| ___  _ _  
 |   /| || || ' \  |_ \| |\/| |/ _ \/ _` |/ -_)| || (_ |/ -_)| ' \ 
 |_|_\ \_,_||_||_||___/|_|  |_|\___/\__,_|\___||_| \___|\___||_||_|
                                                                   

2024-08-07 18:19:43 [info     ] Initialised ModelGenerator with: [Run3ModelGen.modelgen]
2024-08-07 18:19:43 [info     ] 	config_file = /u/dvoss/al_pmssmwithgp/Run3ModelGen/source/Run3ModelGen/data/new_config.yaml [Run3ModelGen.modelgen]
2024-08-07 18:19:43 [info     ] 	scan_dir = /u/dvoss/al_pmssmwithgp/Run3ModelGen/source/Run3ModelGen/scans/scan_5 [Run3ModelGen.modelgen]
2024-08-07 18:19:43 [info     ] 	rawfilen = /u/dvoss/al_pmssmwithgp/Run3ModelGen/source/Run3ModelGen/data/raw.slha [Run3ModelGen.modelgen]
2024-08-07 18:19:43 [info     ] 	seed = 123                    [Run3ModelGen.modelgen]
2024-08-07 18:19:43 [info     ] 	points = {}                   [Run3ModelGen.modelgen]
2024-08-07 18:19:43 [info     ] 	prior = fixed                 [Run3ModelGen.modelgen]
2024-08-07 18:19:43 [info     ] 	num_models = 3                [Run3ModelGen.modelgen]
2024-08-07 18:19:43 [info     ] 	isGMSB = False                [Run3ModelGen.modelgen]
2024-08-07 18:19:43 [info     ] 	parameters =                  [Run3ModelGen.modelgen]
2024-08-07 18:19:43 [info     ] 		tanb: [60, 60, 60]           [Run3ModelGen.modelgen]
2024-08-07 18:19:43 [info     ] 		M_1: [-976.81, -121.71, -827.37] [Run3ModelGen.modelgen]
2024-08-07 18:19:43 [info     ] 		M_2: [2000, 2000, 2000]      [Run3ModelGen.modelgen]
2024-08-07 18:19:43 [info     ] 		M_3: [4000, 4000, 4000]      [Run3ModelGen.modelgen]
2024-08-07 18:19:43 [info     ] 		AT: [4000, 4000, 4000]       [Run3ModelGen.modelgen]
2024-08-07 18:19:43 [info     ] 		Ab: [2000, 2000, 2000]       [Run3ModelGen.modelgen]
2024-08-07 18:19:43 [info     ] 		Atau: [2000, 2000, 2000]     [Run3ModelGen.modelgen]
2024-08-07 18:19:43 [info     ] 		mu: [2000, 2000, 2000]       [Run3ModelGen.modelgen]
2024-08-07 18:19:43 [info     ] 		mA: [2000, 2000, 2000]       [Run3ModelGen.modelgen]
2024-08-07 18:19:43 [info     ] 		meL: [2000, 2000, 2000]      [Run3ModelGen.modelgen]
2024-08-07 18:19:43 [info     ] 		mtauL: [2000, 2000, 2000]    [Run3ModelGen.modelgen]
2024-08-07 18:19:43 [info     ] 		meR: [2000, 2000, 2000]      [Run3ModelGen.modelgen]
2024-08-07 18:19:43 [info     ] 		mtauR: [2000, 2000, 2000]    [Run3ModelGen.modelgen]
2024-08-07 18:19:43 [info     ] 		mqL1: [4000, 4000, 4000]     [Run3ModelGen.modelgen]
2024-08-07 18:19:43 [info     ] 		mqL3: [4000, 4000, 4000]     [Run3ModelGen.modelgen]
2024-08-07 18:19:43 [info     ] 		muR: [4000, 4000, 4000]      [Run3ModelGen.modelgen]
2024-08-07 18:19:43 [info     ] 		mtR: [4000, 4000, 4000]      [Run3ModelGen.modelgen]
2024-08-07 18:19:43 [info     ] 		mdR: [4000, 4000, 4000]      [Run3ModelGen.modelgen]
2024-08-07 18:19:43 [info     ] 		mbR: [4000, 4000, 4000]      [Run3ModelGen.modelgen]
2024-08-07 18:19:43 [info     ] 	steps =                       [Run3ModelGen.modelgen]
2024-08-07 18:19:43 [info     ] 		{'name': 'prep_input', 'output_dir': 'input', 'prefix': 'IN'} [Run3ModelGen.modelgen]
2024-08-07 18:19:43 [info     ] 		{'name': 'SPheno', 'input_dir': 'input', 'output_dir': 'SPheno', 'log_dir': 'SPheno_log', 'prefix': 'SP'} [Run3ModelGen.modelgen]
2024-08-07 18:19:43 [info     ] 		{'name': 'softsusy', 'input_dir': 'input', 'output_dir': 'softsusy', 'prefix': 'SS'} [Run3ModelGen.modelgen]
2024-08-07 18:19:43 [info     ] 		{'name': 'micromegas', 'input_dir': 'SPheno', 'output_dir': 'micromegas', 'prefix': 'MO'} [Run3ModelGen.modelgen]
2024-08-07 18:19:43 [info     ] 		{'name': 'superiso', 'input_dir': 'SPheno', 'output_dir': 'superiso', 'prefix': 'SI'} [Run3ModelGen.modelgen]
2024-08-07 18:19:43 [info     ] 		{'name': 'gm2calc', 'input_dir': 'SPheno', 'output_dir': 'gm2calc', 'prefix': 'GM2'} [Run3ModelGen.modelgen]
2024-08-07 18:19:43 [info     ] 		{'name': 'evade', 'input_dir': 'SPheno', 'output_dir': 'evade', 'prefix': 'EV'} [Run3ModelGen.modelgen]
2024-08-07 18:19:43 [info     ] Starting Model Generation...   [Run3ModelGen.modelgen]
2024-08-07 18:19:43 [info     ] Setting up output directories for scan [Run3ModelGen.modelgen]
2024-08-07 18:19:43 [info     ] Generating Model: 0.slha (1/3) [Run3ModelGen.modelgen]
2024-08-07 18:19:43 [info     ] 	running step: prep_input      [Run3ModelGen.modelgen]
2024-08-07 18:19:43 [info     ] 	running step: SPheno          [Run3ModelGen.modelgen]
2024-08-07 18:19:44 [info     ] 	running step: softsusy        [Run3ModelGen.modelgen]
2024-08-07 18:19:44 [info     ] 	running step: micromegas      [Run3ModelGen.modelgen]
2024-08-07 18:19:44 [info     ] 	running step: superiso        [Run3ModelGen.modelgen]
2024-08-07 18:19:44 [info     ] 	running step: gm2calc         [Run3ModelGen.modelgen]
2024-08-07 18:19:44 [info     ] 	running step: evade           [Run3ModelGen.modelgen]
2024-08-07 18:19:44 [info     ] Generating Model: 1.slha (2/3) [Run3ModelGen.modelgen]
2024-08-07 18:19:44 [info     ] 	running step: prep_input      [Run3ModelGen.modelgen]
2024-08-07 18:19:44 [info     ] 	running step: SPheno          [Run3ModelGen.modelgen]
2024-08-07 18:19:44 [info     ] 	running step: softsusy        [Run3ModelGen.modelgen]
2024-08-07 18:19:44 [info     ] 	running step: micromegas      [Run3ModelGen.modelgen]
2024-08-07 18:19:45 [info     ] 	running step: superiso        [Run3ModelGen.modelgen]
2024-08-07 18:19:45 [info     ] 	running step: gm2calc         [Run3ModelGen.modelgen]
2024-08-07 18:19:45 [info     ] 	running step: evade           [Run3ModelGen.modelgen]
2024-08-07 18:19:45 [info     ] Generating Model: 2.slha (3/3) [Run3ModelGen.modelgen]
2024-08-07 18:19:45 [info     ] 	running step: prep_input      [Run3ModelGen.modelgen]
2024-08-07 18:19:45 [info     ] 	running step: SPheno          [Run3ModelGen.modelgen]
2024-08-07 18:19:45 [info     ] 	running step: softsusy        [Run3ModelGen.modelgen]
2024-08-07 18:19:45 [info     ] 	running step: micromegas      [Run3ModelGen.modelgen]
2024-08-07 18:19:45 [info     ] 	running step: superiso        [Run3ModelGen.modelgen]
2024-08-07 18:19:46 [info     ] 	running step: gm2calc         [Run3ModelGen.modelgen]
2024-08-07 18:19:46 [info     ] 	running step: evade           [Run3ModelGen.modelgen]
2024-08-07 18:19:46 [info     ] Finished generating models! Stats for successful generations (successful/attempted): [Run3ModelGen.modelgen]
2024-08-07 18:19:46 [info     ] 	prep_input: 3/3.              [Run3ModelGen.modelgen]
2024-08-07 18:19:46 [info     ] 	SPheno: 3/3.                  [Run3ModelGen.modelgen]
2024-08-07 18:19:46 [info     ] 	softsusy: 3/3.                [Run3ModelGen.modelgen]
2024-08-07 18:19:46 [info     ] 	micromegas: 3/3.              [Run3ModelGen.modelgen]
2024-08-07 18:19:46 [info     ] 	superiso: 3/3.                [Run3ModelGen.modelgen]
2024-08-07 18:19:46 [info     ] 	gm2calc: 3/3.                 [Run3ModelGen.modelgen]
2024-08-07 18:19:46 [info     ] 	evade: 0/3.                   [Run3ModelGen.modelgen]
2024-08-07 18:19:46 [info     ] Will make NTuple for: /u/dvoss/al_pmssmwithgp/Run3ModelGen/source/Run3ModelGen/scans/scan_5, with 3 models [Run3ModelGen.ntupling]
2024-08-07 18:19:46 [info     ] 	Filling values for model: 0   [Run3ModelGen.ntupling]
2024-08-07 18:19:46 [info     ] Saving NTuple in /u/dvoss/al_pmssmwithgp/Run3ModelGen/source/Run3ModelGen/scans/scan_5/ntuple.0.0.root ... [Run3ModelGen.ntupling]
Completed iteration 5
Starting iteration 6
Initial Training points:  tensor([1.0000, 0.6070, 0.0000], device='cuda:0') torch.Size([3])
Training points after adding:  tensor([1.0000, 0.6070, 0.0000, 0.0030, 0.5566, 0.9259, 0.0030, 0.6677, 0.0681,
        0.0110, 0.1151, 0.0030, 0.0030, 0.2843, 0.1662, 0.2002, 0.0831, 0.0030],
       device='cuda:0') torch.Size([18])
points: {915, 269, 190}
Corresponding xs: tensor([1178.9225, -608.7541, -827.3708], device='cuda:0')
Plot saved to /raven/u/dvoss/al_pmssmwithgp/model/plots/Iter6/gp_plot.png
YAML file has been created: /u/dvoss/al_pmssmwithgp/Run3ModelGen/source/Run3ModelGen/data/new_config.yaml
Note: detected 144 virtual cores but NumExpr set to maximum of 64, check "NUMEXPR_MAX_THREADS" environment variable.
Note: NumExpr detected 144 cores but "NUMEXPR_MAX_THREADS" not set, so enforcing safe limit of 8.
NumExpr defaulting to 8 threads.

  ___              ____ __  __          _       _   ___            
 | _ \ _  _  _ _  |__ /|  \/  | ___  __| | ___ | | / __| ___  _ _  
 |   /| || || ' \  |_ \| |\/| |/ _ \/ _` |/ -_)| || (_ |/ -_)| ' \ 
 |_|_\ \_,_||_||_||___/|_|  |_|\___/\__,_|\___||_| \___|\___||_||_|
                                                                   

2024-08-07 18:20:25 [info     ] Initialised ModelGenerator with: [Run3ModelGen.modelgen]
2024-08-07 18:20:25 [info     ] 	config_file = /u/dvoss/al_pmssmwithgp/Run3ModelGen/source/Run3ModelGen/data/new_config.yaml [Run3ModelGen.modelgen]
2024-08-07 18:20:25 [info     ] 	scan_dir = /u/dvoss/al_pmssmwithgp/Run3ModelGen/source/Run3ModelGen/scans/scan_6 [Run3ModelGen.modelgen]
2024-08-07 18:20:25 [info     ] 	rawfilen = /u/dvoss/al_pmssmwithgp/Run3ModelGen/source/Run3ModelGen/data/raw.slha [Run3ModelGen.modelgen]
2024-08-07 18:20:25 [info     ] 	seed = 123                    [Run3ModelGen.modelgen]
2024-08-07 18:20:25 [info     ] 	points = {}                   [Run3ModelGen.modelgen]
2024-08-07 18:20:25 [info     ] 	prior = fixed                 [Run3ModelGen.modelgen]
2024-08-07 18:20:25 [info     ] 	num_models = 3                [Run3ModelGen.modelgen]
2024-08-07 18:20:25 [info     ] 	isGMSB = False                [Run3ModelGen.modelgen]
2024-08-07 18:20:25 [info     ] 	parameters =                  [Run3ModelGen.modelgen]
2024-08-07 18:20:25 [info     ] 		tanb: [60, 60, 60]           [Run3ModelGen.modelgen]
2024-08-07 18:20:25 [info     ] 		M_1: [1178.92, -608.75, -827.37] [Run3ModelGen.modelgen]
2024-08-07 18:20:25 [info     ] 		M_2: [2000, 2000, 2000]      [Run3ModelGen.modelgen]
2024-08-07 18:20:25 [info     ] 		M_3: [4000, 4000, 4000]      [Run3ModelGen.modelgen]
2024-08-07 18:20:25 [info     ] 		AT: [4000, 4000, 4000]       [Run3ModelGen.modelgen]
2024-08-07 18:20:25 [info     ] 		Ab: [2000, 2000, 2000]       [Run3ModelGen.modelgen]
2024-08-07 18:20:25 [info     ] 		Atau: [2000, 2000, 2000]     [Run3ModelGen.modelgen]
2024-08-07 18:20:25 [info     ] 		mu: [2000, 2000, 2000]       [Run3ModelGen.modelgen]
2024-08-07 18:20:25 [info     ] 		mA: [2000, 2000, 2000]       [Run3ModelGen.modelgen]
2024-08-07 18:20:25 [info     ] 		meL: [2000, 2000, 2000]      [Run3ModelGen.modelgen]
2024-08-07 18:20:25 [info     ] 		mtauL: [2000, 2000, 2000]    [Run3ModelGen.modelgen]
2024-08-07 18:20:25 [info     ] 		meR: [2000, 2000, 2000]      [Run3ModelGen.modelgen]
2024-08-07 18:20:25 [info     ] 		mtauR: [2000, 2000, 2000]    [Run3ModelGen.modelgen]
2024-08-07 18:20:25 [info     ] 		mqL1: [4000, 4000, 4000]     [Run3ModelGen.modelgen]
2024-08-07 18:20:25 [info     ] 		mqL3: [4000, 4000, 4000]     [Run3ModelGen.modelgen]
2024-08-07 18:20:25 [info     ] 		muR: [4000, 4000, 4000]      [Run3ModelGen.modelgen]
2024-08-07 18:20:25 [info     ] 		mtR: [4000, 4000, 4000]      [Run3ModelGen.modelgen]
2024-08-07 18:20:25 [info     ] 		mdR: [4000, 4000, 4000]      [Run3ModelGen.modelgen]
2024-08-07 18:20:25 [info     ] 		mbR: [4000, 4000, 4000]      [Run3ModelGen.modelgen]
2024-08-07 18:20:25 [info     ] 	steps =                       [Run3ModelGen.modelgen]
2024-08-07 18:20:25 [info     ] 		{'name': 'prep_input', 'output_dir': 'input', 'prefix': 'IN'} [Run3ModelGen.modelgen]
2024-08-07 18:20:25 [info     ] 		{'name': 'SPheno', 'input_dir': 'input', 'output_dir': 'SPheno', 'log_dir': 'SPheno_log', 'prefix': 'SP'} [Run3ModelGen.modelgen]
2024-08-07 18:20:25 [info     ] 		{'name': 'softsusy', 'input_dir': 'input', 'output_dir': 'softsusy', 'prefix': 'SS'} [Run3ModelGen.modelgen]
2024-08-07 18:20:25 [info     ] 		{'name': 'micromegas', 'input_dir': 'SPheno', 'output_dir': 'micromegas', 'prefix': 'MO'} [Run3ModelGen.modelgen]
2024-08-07 18:20:25 [info     ] 		{'name': 'superiso', 'input_dir': 'SPheno', 'output_dir': 'superiso', 'prefix': 'SI'} [Run3ModelGen.modelgen]
2024-08-07 18:20:25 [info     ] 		{'name': 'gm2calc', 'input_dir': 'SPheno', 'output_dir': 'gm2calc', 'prefix': 'GM2'} [Run3ModelGen.modelgen]
2024-08-07 18:20:25 [info     ] 		{'name': 'evade', 'input_dir': 'SPheno', 'output_dir': 'evade', 'prefix': 'EV'} [Run3ModelGen.modelgen]
2024-08-07 18:20:25 [info     ] Starting Model Generation...   [Run3ModelGen.modelgen]
2024-08-07 18:20:25 [info     ] Setting up output directories for scan [Run3ModelGen.modelgen]
2024-08-07 18:20:25 [info     ] Generating Model: 0.slha (1/3) [Run3ModelGen.modelgen]
2024-08-07 18:20:25 [info     ] 	running step: prep_input      [Run3ModelGen.modelgen]
2024-08-07 18:20:25 [info     ] 	running step: SPheno          [Run3ModelGen.modelgen]
2024-08-07 18:20:25 [info     ] 	running step: softsusy        [Run3ModelGen.modelgen]
2024-08-07 18:20:25 [info     ] 	running step: micromegas      [Run3ModelGen.modelgen]
2024-08-07 18:20:25 [info     ] 	running step: superiso        [Run3ModelGen.modelgen]
2024-08-07 18:20:25 [info     ] 	running step: gm2calc         [Run3ModelGen.modelgen]
2024-08-07 18:20:25 [info     ] 	running step: evade           [Run3ModelGen.modelgen]
2024-08-07 18:20:25 [info     ] Generating Model: 1.slha (2/3) [Run3ModelGen.modelgen]
2024-08-07 18:20:25 [info     ] 	running step: prep_input      [Run3ModelGen.modelgen]
2024-08-07 18:20:25 [info     ] 	running step: SPheno          [Run3ModelGen.modelgen]
2024-08-07 18:20:26 [info     ] 	running step: softsusy        [Run3ModelGen.modelgen]
2024-08-07 18:20:26 [info     ] 	running step: micromegas      [Run3ModelGen.modelgen]
2024-08-07 18:20:26 [info     ] 	running step: superiso        [Run3ModelGen.modelgen]
2024-08-07 18:20:26 [info     ] 	running step: gm2calc         [Run3ModelGen.modelgen]
2024-08-07 18:20:26 [info     ] 	running step: evade           [Run3ModelGen.modelgen]
2024-08-07 18:20:26 [info     ] Generating Model: 2.slha (3/3) [Run3ModelGen.modelgen]
2024-08-07 18:20:26 [info     ] 	running step: prep_input      [Run3ModelGen.modelgen]
2024-08-07 18:20:26 [info     ] 	running step: SPheno          [Run3ModelGen.modelgen]
2024-08-07 18:20:26 [info     ] 	running step: softsusy        [Run3ModelGen.modelgen]
2024-08-07 18:20:26 [info     ] 	running step: micromegas      [Run3ModelGen.modelgen]
2024-08-07 18:20:27 [info     ] 	running step: superiso        [Run3ModelGen.modelgen]
2024-08-07 18:20:27 [info     ] 	running step: gm2calc         [Run3ModelGen.modelgen]
2024-08-07 18:20:27 [info     ] 	running step: evade           [Run3ModelGen.modelgen]
2024-08-07 18:20:27 [info     ] Finished generating models! Stats for successful generations (successful/attempted): [Run3ModelGen.modelgen]
2024-08-07 18:20:27 [info     ] 	prep_input: 3/3.              [Run3ModelGen.modelgen]
2024-08-07 18:20:27 [info     ] 	SPheno: 3/3.                  [Run3ModelGen.modelgen]
2024-08-07 18:20:27 [info     ] 	softsusy: 3/3.                [Run3ModelGen.modelgen]
2024-08-07 18:20:27 [info     ] 	micromegas: 3/3.              [Run3ModelGen.modelgen]
2024-08-07 18:20:27 [info     ] 	superiso: 3/3.                [Run3ModelGen.modelgen]
2024-08-07 18:20:27 [info     ] 	gm2calc: 3/3.                 [Run3ModelGen.modelgen]
2024-08-07 18:20:27 [info     ] 	evade: 0/3.                   [Run3ModelGen.modelgen]
2024-08-07 18:20:27 [info     ] Will make NTuple for: /u/dvoss/al_pmssmwithgp/Run3ModelGen/source/Run3ModelGen/scans/scan_6, with 3 models [Run3ModelGen.ntupling]
2024-08-07 18:20:27 [info     ] 	Filling values for model: 0   [Run3ModelGen.ntupling]
2024-08-07 18:20:27 [info     ] Saving NTuple in /u/dvoss/al_pmssmwithgp/Run3ModelGen/source/Run3ModelGen/scans/scan_6/ntuple.0.0.root ... [Run3ModelGen.ntupling]
Completed iteration 6
Starting iteration 7
Initial Training points:  tensor([1.0000, 0.6070, 0.0000], device='cuda:0') torch.Size([3])
Training points after adding:  tensor([1.0000, 0.6070, 0.0000, 0.0030, 0.5566, 0.9259, 0.0030, 0.6677, 0.0681,
        0.0110, 0.1151, 0.0030, 0.0030, 0.2843, 0.1662, 0.2002, 0.0831, 0.0030,
        0.2002, 0.0030, 0.6136], device='cuda:0') torch.Size([21])
points: {914, 188, 190}
Corresponding xs: tensor([1176.1552, -832.9055, -827.3708], device='cuda:0')
Plot saved to /raven/u/dvoss/al_pmssmwithgp/model/plots/Iter7/gp_plot.png
YAML file has been created: /u/dvoss/al_pmssmwithgp/Run3ModelGen/source/Run3ModelGen/data/new_config.yaml
Note: detected 144 virtual cores but NumExpr set to maximum of 64, check "NUMEXPR_MAX_THREADS" environment variable.
Note: NumExpr detected 144 cores but "NUMEXPR_MAX_THREADS" not set, so enforcing safe limit of 8.
NumExpr defaulting to 8 threads.

  ___              ____ __  __          _       _   ___            
 | _ \ _  _  _ _  |__ /|  \/  | ___  __| | ___ | | / __| ___  _ _  
 |   /| || || ' \  |_ \| |\/| |/ _ \/ _` |/ -_)| || (_ |/ -_)| ' \ 
 |_|_\ \_,_||_||_||___/|_|  |_|\___/\__,_|\___||_| \___|\___||_||_|
                                                                   

2024-08-07 18:21:06 [info     ] Initialised ModelGenerator with: [Run3ModelGen.modelgen]
2024-08-07 18:21:06 [info     ] 	config_file = /u/dvoss/al_pmssmwithgp/Run3ModelGen/source/Run3ModelGen/data/new_config.yaml [Run3ModelGen.modelgen]
2024-08-07 18:21:06 [info     ] 	scan_dir = /u/dvoss/al_pmssmwithgp/Run3ModelGen/source/Run3ModelGen/scans/scan_7 [Run3ModelGen.modelgen]
2024-08-07 18:21:06 [info     ] 	rawfilen = /u/dvoss/al_pmssmwithgp/Run3ModelGen/source/Run3ModelGen/data/raw.slha [Run3ModelGen.modelgen]
2024-08-07 18:21:06 [info     ] 	seed = 123                    [Run3ModelGen.modelgen]
2024-08-07 18:21:06 [info     ] 	points = {}                   [Run3ModelGen.modelgen]
2024-08-07 18:21:06 [info     ] 	prior = fixed                 [Run3ModelGen.modelgen]
2024-08-07 18:21:06 [info     ] 	num_models = 3                [Run3ModelGen.modelgen]
2024-08-07 18:21:06 [info     ] 	isGMSB = False                [Run3ModelGen.modelgen]
2024-08-07 18:21:06 [info     ] 	parameters =                  [Run3ModelGen.modelgen]
2024-08-07 18:21:06 [info     ] 		tanb: [60, 60, 60]           [Run3ModelGen.modelgen]
2024-08-07 18:21:06 [info     ] 		M_1: [1176.16, -832.91, -827.37] [Run3ModelGen.modelgen]
2024-08-07 18:21:06 [info     ] 		M_2: [2000, 2000, 2000]      [Run3ModelGen.modelgen]
2024-08-07 18:21:06 [info     ] 		M_3: [4000, 4000, 4000]      [Run3ModelGen.modelgen]
2024-08-07 18:21:06 [info     ] 		AT: [4000, 4000, 4000]       [Run3ModelGen.modelgen]
2024-08-07 18:21:06 [info     ] 		Ab: [2000, 2000, 2000]       [Run3ModelGen.modelgen]
2024-08-07 18:21:06 [info     ] 		Atau: [2000, 2000, 2000]     [Run3ModelGen.modelgen]
2024-08-07 18:21:06 [info     ] 		mu: [2000, 2000, 2000]       [Run3ModelGen.modelgen]
2024-08-07 18:21:06 [info     ] 		mA: [2000, 2000, 2000]       [Run3ModelGen.modelgen]
2024-08-07 18:21:06 [info     ] 		meL: [2000, 2000, 2000]      [Run3ModelGen.modelgen]
2024-08-07 18:21:06 [info     ] 		mtauL: [2000, 2000, 2000]    [Run3ModelGen.modelgen]
2024-08-07 18:21:06 [info     ] 		meR: [2000, 2000, 2000]      [Run3ModelGen.modelgen]
2024-08-07 18:21:06 [info     ] 		mtauR: [2000, 2000, 2000]    [Run3ModelGen.modelgen]
2024-08-07 18:21:06 [info     ] 		mqL1: [4000, 4000, 4000]     [Run3ModelGen.modelgen]
2024-08-07 18:21:06 [info     ] 		mqL3: [4000, 4000, 4000]     [Run3ModelGen.modelgen]
2024-08-07 18:21:06 [info     ] 		muR: [4000, 4000, 4000]      [Run3ModelGen.modelgen]
2024-08-07 18:21:06 [info     ] 		mtR: [4000, 4000, 4000]      [Run3ModelGen.modelgen]
2024-08-07 18:21:06 [info     ] 		mdR: [4000, 4000, 4000]      [Run3ModelGen.modelgen]
2024-08-07 18:21:06 [info     ] 		mbR: [4000, 4000, 4000]      [Run3ModelGen.modelgen]
2024-08-07 18:21:06 [info     ] 	steps =                       [Run3ModelGen.modelgen]
2024-08-07 18:21:06 [info     ] 		{'name': 'prep_input', 'output_dir': 'input', 'prefix': 'IN'} [Run3ModelGen.modelgen]
2024-08-07 18:21:06 [info     ] 		{'name': 'SPheno', 'input_dir': 'input', 'output_dir': 'SPheno', 'log_dir': 'SPheno_log', 'prefix': 'SP'} [Run3ModelGen.modelgen]
2024-08-07 18:21:06 [info     ] 		{'name': 'softsusy', 'input_dir': 'input', 'output_dir': 'softsusy', 'prefix': 'SS'} [Run3ModelGen.modelgen]
2024-08-07 18:21:06 [info     ] 		{'name': 'micromegas', 'input_dir': 'SPheno', 'output_dir': 'micromegas', 'prefix': 'MO'} [Run3ModelGen.modelgen]
2024-08-07 18:21:06 [info     ] 		{'name': 'superiso', 'input_dir': 'SPheno', 'output_dir': 'superiso', 'prefix': 'SI'} [Run3ModelGen.modelgen]
2024-08-07 18:21:06 [info     ] 		{'name': 'gm2calc', 'input_dir': 'SPheno', 'output_dir': 'gm2calc', 'prefix': 'GM2'} [Run3ModelGen.modelgen]
2024-08-07 18:21:06 [info     ] 		{'name': 'evade', 'input_dir': 'SPheno', 'output_dir': 'evade', 'prefix': 'EV'} [Run3ModelGen.modelgen]
2024-08-07 18:21:06 [info     ] Starting Model Generation...   [Run3ModelGen.modelgen]
2024-08-07 18:21:06 [info     ] Setting up output directories for scan [Run3ModelGen.modelgen]
2024-08-07 18:21:06 [info     ] Generating Model: 0.slha (1/3) [Run3ModelGen.modelgen]
2024-08-07 18:21:06 [info     ] 	running step: prep_input      [Run3ModelGen.modelgen]
2024-08-07 18:21:06 [info     ] 	running step: SPheno          [Run3ModelGen.modelgen]
2024-08-07 18:21:06 [info     ] 	running step: softsusy        [Run3ModelGen.modelgen]
2024-08-07 18:21:06 [info     ] 	running step: micromegas      [Run3ModelGen.modelgen]
2024-08-07 18:21:06 [info     ] 	running step: superiso        [Run3ModelGen.modelgen]
2024-08-07 18:21:07 [info     ] 	running step: gm2calc         [Run3ModelGen.modelgen]
2024-08-07 18:21:07 [info     ] 	running step: evade           [Run3ModelGen.modelgen]
2024-08-07 18:21:07 [info     ] Generating Model: 1.slha (2/3) [Run3ModelGen.modelgen]
2024-08-07 18:21:07 [info     ] 	running step: prep_input      [Run3ModelGen.modelgen]
2024-08-07 18:21:07 [info     ] 	running step: SPheno          [Run3ModelGen.modelgen]
2024-08-07 18:21:07 [info     ] 	running step: softsusy        [Run3ModelGen.modelgen]
2024-08-07 18:21:07 [info     ] 	running step: micromegas      [Run3ModelGen.modelgen]
2024-08-07 18:21:07 [info     ] 	running step: superiso        [Run3ModelGen.modelgen]
2024-08-07 18:21:07 [info     ] 	running step: gm2calc         [Run3ModelGen.modelgen]
2024-08-07 18:21:07 [info     ] 	running step: evade           [Run3ModelGen.modelgen]
2024-08-07 18:21:07 [info     ] Generating Model: 2.slha (3/3) [Run3ModelGen.modelgen]
2024-08-07 18:21:07 [info     ] 	running step: prep_input      [Run3ModelGen.modelgen]
2024-08-07 18:21:07 [info     ] 	running step: SPheno          [Run3ModelGen.modelgen]
2024-08-07 18:21:08 [info     ] 	running step: softsusy        [Run3ModelGen.modelgen]
2024-08-07 18:21:08 [info     ] 	running step: micromegas      [Run3ModelGen.modelgen]
2024-08-07 18:21:08 [info     ] 	running step: superiso        [Run3ModelGen.modelgen]
2024-08-07 18:21:08 [info     ] 	running step: gm2calc         [Run3ModelGen.modelgen]
2024-08-07 18:21:08 [info     ] 	running step: evade           [Run3ModelGen.modelgen]
2024-08-07 18:21:08 [info     ] Finished generating models! Stats for successful generations (successful/attempted): [Run3ModelGen.modelgen]
2024-08-07 18:21:08 [info     ] 	prep_input: 3/3.              [Run3ModelGen.modelgen]
2024-08-07 18:21:08 [info     ] 	SPheno: 3/3.                  [Run3ModelGen.modelgen]
2024-08-07 18:21:08 [info     ] 	softsusy: 3/3.                [Run3ModelGen.modelgen]
2024-08-07 18:21:08 [info     ] 	micromegas: 3/3.              [Run3ModelGen.modelgen]
2024-08-07 18:21:08 [info     ] 	superiso: 3/3.                [Run3ModelGen.modelgen]
2024-08-07 18:21:08 [info     ] 	gm2calc: 3/3.                 [Run3ModelGen.modelgen]
2024-08-07 18:21:08 [info     ] 	evade: 0/3.                   [Run3ModelGen.modelgen]
2024-08-07 18:21:08 [info     ] Will make NTuple for: /u/dvoss/al_pmssmwithgp/Run3ModelGen/source/Run3ModelGen/scans/scan_7, with 3 models [Run3ModelGen.ntupling]
2024-08-07 18:21:08 [info     ] 	Filling values for model: 0   [Run3ModelGen.ntupling]
2024-08-07 18:21:08 [info     ] Saving NTuple in /u/dvoss/al_pmssmwithgp/Run3ModelGen/source/Run3ModelGen/scans/scan_7/ntuple.0.0.root ... [Run3ModelGen.ntupling]
Completed iteration 7
Starting iteration 8
Initial Training points:  tensor([1.0000, 0.6070, 0.0000], device='cuda:0') torch.Size([3])
Training points after adding:  tensor([1.0000, 0.6070, 0.0000, 0.0030, 0.5566, 0.9259, 0.0030, 0.6677, 0.0681,
        0.0110, 0.1151, 0.0030, 0.0030, 0.2843, 0.1662, 0.2002, 0.0831, 0.0030,
        0.2002, 0.0030, 0.6136, 0.3383, 0.0030, 0.0551], device='cuda:0') torch.Size([24])
points: {454, 190, 311}
Corresponding xs: tensor([ -96.8033, -827.3708, -492.5274], device='cuda:0')
Plot saved to /raven/u/dvoss/al_pmssmwithgp/model/plots/Iter8/gp_plot.png
YAML file has been created: /u/dvoss/al_pmssmwithgp/Run3ModelGen/source/Run3ModelGen/data/new_config.yaml
Note: detected 144 virtual cores but NumExpr set to maximum of 64, check "NUMEXPR_MAX_THREADS" environment variable.
Note: NumExpr detected 144 cores but "NUMEXPR_MAX_THREADS" not set, so enforcing safe limit of 8.
NumExpr defaulting to 8 threads.

  ___              ____ __  __          _       _   ___            
 | _ \ _  _  _ _  |__ /|  \/  | ___  __| | ___ | | / __| ___  _ _  
 |   /| || || ' \  |_ \| |\/| |/ _ \/ _` |/ -_)| || (_ |/ -_)| ' \ 
 |_|_\ \_,_||_||_||___/|_|  |_|\___/\__,_|\___||_| \___|\___||_||_|
                                                                   

2024-08-07 18:21:47 [info     ] Initialised ModelGenerator with: [Run3ModelGen.modelgen]
2024-08-07 18:21:47 [info     ] 	config_file = /u/dvoss/al_pmssmwithgp/Run3ModelGen/source/Run3ModelGen/data/new_config.yaml [Run3ModelGen.modelgen]
2024-08-07 18:21:47 [info     ] 	scan_dir = /u/dvoss/al_pmssmwithgp/Run3ModelGen/source/Run3ModelGen/scans/scan_8 [Run3ModelGen.modelgen]
2024-08-07 18:21:47 [info     ] 	rawfilen = /u/dvoss/al_pmssmwithgp/Run3ModelGen/source/Run3ModelGen/data/raw.slha [Run3ModelGen.modelgen]
2024-08-07 18:21:47 [info     ] 	seed = 123                    [Run3ModelGen.modelgen]
2024-08-07 18:21:47 [info     ] 	points = {}                   [Run3ModelGen.modelgen]
2024-08-07 18:21:47 [info     ] 	prior = fixed                 [Run3ModelGen.modelgen]
2024-08-07 18:21:47 [info     ] 	num_models = 3                [Run3ModelGen.modelgen]
2024-08-07 18:21:47 [info     ] 	isGMSB = False                [Run3ModelGen.modelgen]
2024-08-07 18:21:47 [info     ] 	parameters =                  [Run3ModelGen.modelgen]
2024-08-07 18:21:47 [info     ] 		tanb: [60, 60, 60]           [Run3ModelGen.modelgen]
2024-08-07 18:21:47 [info     ] 		M_1: [-96.8, -827.37, -492.53] [Run3ModelGen.modelgen]
2024-08-07 18:21:47 [info     ] 		M_2: [2000, 2000, 2000]      [Run3ModelGen.modelgen]
2024-08-07 18:21:47 [info     ] 		M_3: [4000, 4000, 4000]      [Run3ModelGen.modelgen]
2024-08-07 18:21:47 [info     ] 		AT: [4000, 4000, 4000]       [Run3ModelGen.modelgen]
2024-08-07 18:21:47 [info     ] 		Ab: [2000, 2000, 2000]       [Run3ModelGen.modelgen]
2024-08-07 18:21:47 [info     ] 		Atau: [2000, 2000, 2000]     [Run3ModelGen.modelgen]
2024-08-07 18:21:47 [info     ] 		mu: [2000, 2000, 2000]       [Run3ModelGen.modelgen]
2024-08-07 18:21:47 [info     ] 		mA: [2000, 2000, 2000]       [Run3ModelGen.modelgen]
2024-08-07 18:21:47 [info     ] 		meL: [2000, 2000, 2000]      [Run3ModelGen.modelgen]
2024-08-07 18:21:47 [info     ] 		mtauL: [2000, 2000, 2000]    [Run3ModelGen.modelgen]
2024-08-07 18:21:47 [info     ] 		meR: [2000, 2000, 2000]      [Run3ModelGen.modelgen]
2024-08-07 18:21:47 [info     ] 		mtauR: [2000, 2000, 2000]    [Run3ModelGen.modelgen]
2024-08-07 18:21:47 [info     ] 		mqL1: [4000, 4000, 4000]     [Run3ModelGen.modelgen]
2024-08-07 18:21:47 [info     ] 		mqL3: [4000, 4000, 4000]     [Run3ModelGen.modelgen]
2024-08-07 18:21:47 [info     ] 		muR: [4000, 4000, 4000]      [Run3ModelGen.modelgen]
2024-08-07 18:21:47 [info     ] 		mtR: [4000, 4000, 4000]      [Run3ModelGen.modelgen]
2024-08-07 18:21:47 [info     ] 		mdR: [4000, 4000, 4000]      [Run3ModelGen.modelgen]
2024-08-07 18:21:47 [info     ] 		mbR: [4000, 4000, 4000]      [Run3ModelGen.modelgen]
2024-08-07 18:21:47 [info     ] 	steps =                       [Run3ModelGen.modelgen]
2024-08-07 18:21:47 [info     ] 		{'name': 'prep_input', 'output_dir': 'input', 'prefix': 'IN'} [Run3ModelGen.modelgen]
2024-08-07 18:21:47 [info     ] 		{'name': 'SPheno', 'input_dir': 'input', 'output_dir': 'SPheno', 'log_dir': 'SPheno_log', 'prefix': 'SP'} [Run3ModelGen.modelgen]
2024-08-07 18:21:47 [info     ] 		{'name': 'softsusy', 'input_dir': 'input', 'output_dir': 'softsusy', 'prefix': 'SS'} [Run3ModelGen.modelgen]
2024-08-07 18:21:47 [info     ] 		{'name': 'micromegas', 'input_dir': 'SPheno', 'output_dir': 'micromegas', 'prefix': 'MO'} [Run3ModelGen.modelgen]
2024-08-07 18:21:47 [info     ] 		{'name': 'superiso', 'input_dir': 'SPheno', 'output_dir': 'superiso', 'prefix': 'SI'} [Run3ModelGen.modelgen]
2024-08-07 18:21:47 [info     ] 		{'name': 'gm2calc', 'input_dir': 'SPheno', 'output_dir': 'gm2calc', 'prefix': 'GM2'} [Run3ModelGen.modelgen]
2024-08-07 18:21:47 [info     ] 		{'name': 'evade', 'input_dir': 'SPheno', 'output_dir': 'evade', 'prefix': 'EV'} [Run3ModelGen.modelgen]
2024-08-07 18:21:47 [info     ] Starting Model Generation...   [Run3ModelGen.modelgen]
2024-08-07 18:21:47 [info     ] Setting up output directories for scan [Run3ModelGen.modelgen]
2024-08-07 18:21:48 [info     ] Generating Model: 0.slha (1/3) [Run3ModelGen.modelgen]
2024-08-07 18:21:48 [info     ] 	running step: prep_input      [Run3ModelGen.modelgen]
2024-08-07 18:21:48 [info     ] 	running step: SPheno          [Run3ModelGen.modelgen]
2024-08-07 18:21:48 [info     ] 	running step: softsusy        [Run3ModelGen.modelgen]
2024-08-07 18:21:48 [info     ] 	running step: micromegas      [Run3ModelGen.modelgen]
2024-08-07 18:21:48 [info     ] 	running step: superiso        [Run3ModelGen.modelgen]
2024-08-07 18:21:48 [info     ] 	running step: gm2calc         [Run3ModelGen.modelgen]
2024-08-07 18:21:48 [info     ] 	running step: evade           [Run3ModelGen.modelgen]
2024-08-07 18:21:48 [info     ] Generating Model: 1.slha (2/3) [Run3ModelGen.modelgen]
2024-08-07 18:21:48 [info     ] 	running step: prep_input      [Run3ModelGen.modelgen]
2024-08-07 18:21:48 [info     ] 	running step: SPheno          [Run3ModelGen.modelgen]
2024-08-07 18:21:48 [info     ] 	running step: softsusy        [Run3ModelGen.modelgen]
2024-08-07 18:21:49 [info     ] 	running step: micromegas      [Run3ModelGen.modelgen]
2024-08-07 18:21:49 [info     ] 	running step: superiso        [Run3ModelGen.modelgen]
2024-08-07 18:21:49 [info     ] 	running step: gm2calc         [Run3ModelGen.modelgen]
2024-08-07 18:21:49 [info     ] 	running step: evade           [Run3ModelGen.modelgen]
2024-08-07 18:21:49 [info     ] Generating Model: 2.slha (3/3) [Run3ModelGen.modelgen]
2024-08-07 18:21:49 [info     ] 	running step: prep_input      [Run3ModelGen.modelgen]
2024-08-07 18:21:49 [info     ] 	running step: SPheno          [Run3ModelGen.modelgen]
2024-08-07 18:21:49 [info     ] 	running step: softsusy        [Run3ModelGen.modelgen]
2024-08-07 18:21:49 [info     ] 	running step: micromegas      [Run3ModelGen.modelgen]
2024-08-07 18:21:49 [info     ] 	running step: superiso        [Run3ModelGen.modelgen]
2024-08-07 18:21:50 [info     ] 	running step: gm2calc         [Run3ModelGen.modelgen]
2024-08-07 18:21:50 [info     ] 	running step: evade           [Run3ModelGen.modelgen]
2024-08-07 18:21:50 [info     ] Finished generating models! Stats for successful generations (successful/attempted): [Run3ModelGen.modelgen]
2024-08-07 18:21:50 [info     ] 	prep_input: 3/3.              [Run3ModelGen.modelgen]
2024-08-07 18:21:50 [info     ] 	SPheno: 3/3.                  [Run3ModelGen.modelgen]
2024-08-07 18:21:50 [info     ] 	softsusy: 3/3.                [Run3ModelGen.modelgen]
2024-08-07 18:21:50 [info     ] 	micromegas: 3/3.              [Run3ModelGen.modelgen]
2024-08-07 18:21:50 [info     ] 	superiso: 3/3.                [Run3ModelGen.modelgen]
2024-08-07 18:21:50 [info     ] 	gm2calc: 3/3.                 [Run3ModelGen.modelgen]
2024-08-07 18:21:50 [info     ] 	evade: 0/3.                   [Run3ModelGen.modelgen]
2024-08-07 18:21:50 [info     ] Will make NTuple for: /u/dvoss/al_pmssmwithgp/Run3ModelGen/source/Run3ModelGen/scans/scan_8, with 3 models [Run3ModelGen.ntupling]
2024-08-07 18:21:50 [info     ] 	Filling values for model: 0   [Run3ModelGen.ntupling]
2024-08-07 18:21:50 [info     ] Saving NTuple in /u/dvoss/al_pmssmwithgp/Run3ModelGen/source/Run3ModelGen/scans/scan_8/ntuple.0.0.root ... [Run3ModelGen.ntupling]
Completed iteration 8
Starting iteration 9
Initial Training points:  tensor([1.0000, 0.6070, 0.0000], device='cuda:0') torch.Size([3])
Training points after adding:  tensor([1.0000, 0.6070, 0.0000, 0.0030, 0.5566, 0.9259, 0.0030, 0.6677, 0.0681,
        0.0110, 0.1151, 0.0030, 0.0030, 0.2843, 0.1662, 0.2002, 0.0831, 0.0030,
        0.2002, 0.0030, 0.6136, 0.3383, 0.0030, 0.0551, 0.4024, 0.0030, 0.1642],
       device='cuda:0') torch.Size([27])
points: {894, 174, 190}
Corresponding xs: tensor([1120.8092, -871.6477, -827.3708], device='cuda:0')
Plot saved to /raven/u/dvoss/al_pmssmwithgp/model/plots/Iter9/gp_plot.png
YAML file has been created: /u/dvoss/al_pmssmwithgp/Run3ModelGen/source/Run3ModelGen/data/new_config.yaml
Note: detected 144 virtual cores but NumExpr set to maximum of 64, check "NUMEXPR_MAX_THREADS" environment variable.
Note: NumExpr detected 144 cores but "NUMEXPR_MAX_THREADS" not set, so enforcing safe limit of 8.
NumExpr defaulting to 8 threads.

  ___              ____ __  __          _       _   ___            
 | _ \ _  _  _ _  |__ /|  \/  | ___  __| | ___ | | / __| ___  _ _  
 |   /| || || ' \  |_ \| |\/| |/ _ \/ _` |/ -_)| || (_ |/ -_)| ' \ 
 |_|_\ \_,_||_||_||___/|_|  |_|\___/\__,_|\___||_| \___|\___||_||_|
                                                                   

2024-08-07 18:22:29 [info     ] Initialised ModelGenerator with: [Run3ModelGen.modelgen]
2024-08-07 18:22:29 [info     ] 	config_file = /u/dvoss/al_pmssmwithgp/Run3ModelGen/source/Run3ModelGen/data/new_config.yaml [Run3ModelGen.modelgen]
2024-08-07 18:22:29 [info     ] 	scan_dir = /u/dvoss/al_pmssmwithgp/Run3ModelGen/source/Run3ModelGen/scans/scan_9 [Run3ModelGen.modelgen]
2024-08-07 18:22:29 [info     ] 	rawfilen = /u/dvoss/al_pmssmwithgp/Run3ModelGen/source/Run3ModelGen/data/raw.slha [Run3ModelGen.modelgen]
2024-08-07 18:22:29 [info     ] 	seed = 123                    [Run3ModelGen.modelgen]
2024-08-07 18:22:29 [info     ] 	points = {}                   [Run3ModelGen.modelgen]
2024-08-07 18:22:29 [info     ] 	prior = fixed                 [Run3ModelGen.modelgen]
2024-08-07 18:22:29 [info     ] 	num_models = 3                [Run3ModelGen.modelgen]
2024-08-07 18:22:29 [info     ] 	isGMSB = False                [Run3ModelGen.modelgen]
2024-08-07 18:22:29 [info     ] 	parameters =                  [Run3ModelGen.modelgen]
2024-08-07 18:22:29 [info     ] 		tanb: [60, 60, 60]           [Run3ModelGen.modelgen]
2024-08-07 18:22:29 [info     ] 		M_1: [1120.81, -871.65, -827.37] [Run3ModelGen.modelgen]
2024-08-07 18:22:29 [info     ] 		M_2: [2000, 2000, 2000]      [Run3ModelGen.modelgen]
2024-08-07 18:22:29 [info     ] 		M_3: [4000, 4000, 4000]      [Run3ModelGen.modelgen]
2024-08-07 18:22:29 [info     ] 		AT: [4000, 4000, 4000]       [Run3ModelGen.modelgen]
2024-08-07 18:22:29 [info     ] 		Ab: [2000, 2000, 2000]       [Run3ModelGen.modelgen]
2024-08-07 18:22:29 [info     ] 		Atau: [2000, 2000, 2000]     [Run3ModelGen.modelgen]
2024-08-07 18:22:29 [info     ] 		mu: [2000, 2000, 2000]       [Run3ModelGen.modelgen]
2024-08-07 18:22:29 [info     ] 		mA: [2000, 2000, 2000]       [Run3ModelGen.modelgen]
2024-08-07 18:22:29 [info     ] 		meL: [2000, 2000, 2000]      [Run3ModelGen.modelgen]
2024-08-07 18:22:29 [info     ] 		mtauL: [2000, 2000, 2000]    [Run3ModelGen.modelgen]
2024-08-07 18:22:29 [info     ] 		meR: [2000, 2000, 2000]      [Run3ModelGen.modelgen]
2024-08-07 18:22:29 [info     ] 		mtauR: [2000, 2000, 2000]    [Run3ModelGen.modelgen]
2024-08-07 18:22:29 [info     ] 		mqL1: [4000, 4000, 4000]     [Run3ModelGen.modelgen]
2024-08-07 18:22:29 [info     ] 		mqL3: [4000, 4000, 4000]     [Run3ModelGen.modelgen]
2024-08-07 18:22:29 [info     ] 		muR: [4000, 4000, 4000]      [Run3ModelGen.modelgen]
2024-08-07 18:22:29 [info     ] 		mtR: [4000, 4000, 4000]      [Run3ModelGen.modelgen]
2024-08-07 18:22:29 [info     ] 		mdR: [4000, 4000, 4000]      [Run3ModelGen.modelgen]
2024-08-07 18:22:29 [info     ] 		mbR: [4000, 4000, 4000]      [Run3ModelGen.modelgen]
2024-08-07 18:22:29 [info     ] 	steps =                       [Run3ModelGen.modelgen]
2024-08-07 18:22:29 [info     ] 		{'name': 'prep_input', 'output_dir': 'input', 'prefix': 'IN'} [Run3ModelGen.modelgen]
2024-08-07 18:22:29 [info     ] 		{'name': 'SPheno', 'input_dir': 'input', 'output_dir': 'SPheno', 'log_dir': 'SPheno_log', 'prefix': 'SP'} [Run3ModelGen.modelgen]
2024-08-07 18:22:29 [info     ] 		{'name': 'softsusy', 'input_dir': 'input', 'output_dir': 'softsusy', 'prefix': 'SS'} [Run3ModelGen.modelgen]
2024-08-07 18:22:29 [info     ] 		{'name': 'micromegas', 'input_dir': 'SPheno', 'output_dir': 'micromegas', 'prefix': 'MO'} [Run3ModelGen.modelgen]
2024-08-07 18:22:29 [info     ] 		{'name': 'superiso', 'input_dir': 'SPheno', 'output_dir': 'superiso', 'prefix': 'SI'} [Run3ModelGen.modelgen]
2024-08-07 18:22:29 [info     ] 		{'name': 'gm2calc', 'input_dir': 'SPheno', 'output_dir': 'gm2calc', 'prefix': 'GM2'} [Run3ModelGen.modelgen]
2024-08-07 18:22:29 [info     ] 		{'name': 'evade', 'input_dir': 'SPheno', 'output_dir': 'evade', 'prefix': 'EV'} [Run3ModelGen.modelgen]
2024-08-07 18:22:29 [info     ] Starting Model Generation...   [Run3ModelGen.modelgen]
2024-08-07 18:22:29 [info     ] Setting up output directories for scan [Run3ModelGen.modelgen]
2024-08-07 18:22:29 [info     ] Generating Model: 0.slha (1/3) [Run3ModelGen.modelgen]
2024-08-07 18:22:29 [info     ] 	running step: prep_input      [Run3ModelGen.modelgen]
2024-08-07 18:22:29 [info     ] 	running step: SPheno          [Run3ModelGen.modelgen]
2024-08-07 18:22:29 [info     ] 	running step: softsusy        [Run3ModelGen.modelgen]
2024-08-07 18:22:29 [info     ] 	running step: micromegas      [Run3ModelGen.modelgen]
2024-08-07 18:22:29 [info     ] 	running step: superiso        [Run3ModelGen.modelgen]
2024-08-07 18:22:30 [info     ] 	running step: gm2calc         [Run3ModelGen.modelgen]
2024-08-07 18:22:30 [info     ] 	running step: evade           [Run3ModelGen.modelgen]
2024-08-07 18:22:30 [info     ] Generating Model: 1.slha (2/3) [Run3ModelGen.modelgen]
2024-08-07 18:22:30 [info     ] 	running step: prep_input      [Run3ModelGen.modelgen]
2024-08-07 18:22:30 [info     ] 	running step: SPheno          [Run3ModelGen.modelgen]
2024-08-07 18:22:30 [info     ] 	running step: softsusy        [Run3ModelGen.modelgen]
2024-08-07 18:22:30 [info     ] 	running step: micromegas      [Run3ModelGen.modelgen]
2024-08-07 18:22:30 [info     ] 	running step: superiso        [Run3ModelGen.modelgen]
2024-08-07 18:22:30 [info     ] 	running step: gm2calc         [Run3ModelGen.modelgen]
2024-08-07 18:22:30 [info     ] 	running step: evade           [Run3ModelGen.modelgen]
2024-08-07 18:22:30 [info     ] Generating Model: 2.slha (3/3) [Run3ModelGen.modelgen]
2024-08-07 18:22:30 [info     ] 	running step: prep_input      [Run3ModelGen.modelgen]
2024-08-07 18:22:30 [info     ] 	running step: SPheno          [Run3ModelGen.modelgen]
2024-08-07 18:22:30 [info     ] 	running step: softsusy        [Run3ModelGen.modelgen]
2024-08-07 18:22:31 [info     ] 	running step: micromegas      [Run3ModelGen.modelgen]
2024-08-07 18:22:31 [info     ] 	running step: superiso        [Run3ModelGen.modelgen]
2024-08-07 18:22:31 [info     ] 	running step: gm2calc         [Run3ModelGen.modelgen]
2024-08-07 18:22:31 [info     ] 	running step: evade           [Run3ModelGen.modelgen]
2024-08-07 18:22:31 [info     ] Finished generating models! Stats for successful generations (successful/attempted): [Run3ModelGen.modelgen]
2024-08-07 18:22:31 [info     ] 	prep_input: 3/3.              [Run3ModelGen.modelgen]
2024-08-07 18:22:31 [info     ] 	SPheno: 3/3.                  [Run3ModelGen.modelgen]
2024-08-07 18:22:31 [info     ] 	softsusy: 3/3.                [Run3ModelGen.modelgen]
2024-08-07 18:22:31 [info     ] 	micromegas: 3/3.              [Run3ModelGen.modelgen]
2024-08-07 18:22:31 [info     ] 	superiso: 3/3.                [Run3ModelGen.modelgen]
2024-08-07 18:22:31 [info     ] 	gm2calc: 3/3.                 [Run3ModelGen.modelgen]
2024-08-07 18:22:31 [info     ] 	evade: 0/3.                   [Run3ModelGen.modelgen]
2024-08-07 18:22:31 [info     ] Will make NTuple for: /u/dvoss/al_pmssmwithgp/Run3ModelGen/source/Run3ModelGen/scans/scan_9, with 3 models [Run3ModelGen.ntupling]
2024-08-07 18:22:31 [info     ] 	Filling values for model: 0   [Run3ModelGen.ntupling]
2024-08-07 18:22:31 [info     ] Saving NTuple in /u/dvoss/al_pmssmwithgp/Run3ModelGen/source/Run3ModelGen/scans/scan_9/ntuple.0.0.root ... [Run3ModelGen.ntupling]
Completed iteration 9
Starting iteration 10
Initial Training points:  tensor([1.0000, 0.6070, 0.0000], device='cuda:0') torch.Size([3])
Training points after adding:  tensor([1.0000, 0.6070, 0.0000, 0.0030, 0.5566, 0.9259, 0.0030, 0.6677, 0.0681,
        0.0110, 0.1151, 0.0030, 0.0030, 0.2843, 0.1662, 0.2002, 0.0831, 0.0030,
        0.2002, 0.0030, 0.6136, 0.3383, 0.0030, 0.0551, 0.4024, 0.0030, 0.1642,
        0.1211, 0.0030, 0.9980], device='cuda:0') torch.Size([30])
points: {112, 925, 190}
Corresponding xs: tensor([-1043.2203,  1206.5956,  -827.3708], device='cuda:0')
Plot saved to /raven/u/dvoss/al_pmssmwithgp/model/plots/Iter10/gp_plot.png
YAML file has been created: /u/dvoss/al_pmssmwithgp/Run3ModelGen/source/Run3ModelGen/data/new_config.yaml
Note: detected 144 virtual cores but NumExpr set to maximum of 64, check "NUMEXPR_MAX_THREADS" environment variable.
Note: NumExpr detected 144 cores but "NUMEXPR_MAX_THREADS" not set, so enforcing safe limit of 8.
NumExpr defaulting to 8 threads.

  ___              ____ __  __          _       _   ___            
 | _ \ _  _  _ _  |__ /|  \/  | ___  __| | ___ | | / __| ___  _ _  
 |   /| || || ' \  |_ \| |\/| |/ _ \/ _` |/ -_)| || (_ |/ -_)| ' \ 
 |_|_\ \_,_||_||_||___/|_|  |_|\___/\__,_|\___||_| \___|\___||_||_|
                                                                   

2024-08-07 18:23:10 [info     ] Initialised ModelGenerator with: [Run3ModelGen.modelgen]
2024-08-07 18:23:10 [info     ] 	config_file = /u/dvoss/al_pmssmwithgp/Run3ModelGen/source/Run3ModelGen/data/new_config.yaml [Run3ModelGen.modelgen]
2024-08-07 18:23:10 [info     ] 	scan_dir = /u/dvoss/al_pmssmwithgp/Run3ModelGen/source/Run3ModelGen/scans/scan_10 [Run3ModelGen.modelgen]
2024-08-07 18:23:10 [info     ] 	rawfilen = /u/dvoss/al_pmssmwithgp/Run3ModelGen/source/Run3ModelGen/data/raw.slha [Run3ModelGen.modelgen]
2024-08-07 18:23:10 [info     ] 	seed = 123                    [Run3ModelGen.modelgen]
2024-08-07 18:23:10 [info     ] 	points = {}                   [Run3ModelGen.modelgen]
2024-08-07 18:23:10 [info     ] 	prior = fixed                 [Run3ModelGen.modelgen]
2024-08-07 18:23:10 [info     ] 	num_models = 3                [Run3ModelGen.modelgen]
2024-08-07 18:23:10 [info     ] 	isGMSB = False                [Run3ModelGen.modelgen]
2024-08-07 18:23:10 [info     ] 	parameters =                  [Run3ModelGen.modelgen]
2024-08-07 18:23:10 [info     ] 		tanb: [60, 60, 60]           [Run3ModelGen.modelgen]
2024-08-07 18:23:10 [info     ] 		M_1: [-1043.22, 1206.6, -827.37] [Run3ModelGen.modelgen]
2024-08-07 18:23:10 [info     ] 		M_2: [2000, 2000, 2000]      [Run3ModelGen.modelgen]
2024-08-07 18:23:10 [info     ] 		M_3: [4000, 4000, 4000]      [Run3ModelGen.modelgen]
2024-08-07 18:23:10 [info     ] 		AT: [4000, 4000, 4000]       [Run3ModelGen.modelgen]
2024-08-07 18:23:10 [info     ] 		Ab: [2000, 2000, 2000]       [Run3ModelGen.modelgen]
2024-08-07 18:23:10 [info     ] 		Atau: [2000, 2000, 2000]     [Run3ModelGen.modelgen]
2024-08-07 18:23:10 [info     ] 		mu: [2000, 2000, 2000]       [Run3ModelGen.modelgen]
2024-08-07 18:23:10 [info     ] 		mA: [2000, 2000, 2000]       [Run3ModelGen.modelgen]
2024-08-07 18:23:10 [info     ] 		meL: [2000, 2000, 2000]      [Run3ModelGen.modelgen]
2024-08-07 18:23:10 [info     ] 		mtauL: [2000, 2000, 2000]    [Run3ModelGen.modelgen]
2024-08-07 18:23:10 [info     ] 		meR: [2000, 2000, 2000]      [Run3ModelGen.modelgen]
2024-08-07 18:23:10 [info     ] 		mtauR: [2000, 2000, 2000]    [Run3ModelGen.modelgen]
2024-08-07 18:23:10 [info     ] 		mqL1: [4000, 4000, 4000]     [Run3ModelGen.modelgen]
2024-08-07 18:23:10 [info     ] 		mqL3: [4000, 4000, 4000]     [Run3ModelGen.modelgen]
2024-08-07 18:23:10 [info     ] 		muR: [4000, 4000, 4000]      [Run3ModelGen.modelgen]
2024-08-07 18:23:10 [info     ] 		mtR: [4000, 4000, 4000]      [Run3ModelGen.modelgen]
2024-08-07 18:23:10 [info     ] 		mdR: [4000, 4000, 4000]      [Run3ModelGen.modelgen]
2024-08-07 18:23:10 [info     ] 		mbR: [4000, 4000, 4000]      [Run3ModelGen.modelgen]
2024-08-07 18:23:10 [info     ] 	steps =                       [Run3ModelGen.modelgen]
2024-08-07 18:23:10 [info     ] 		{'name': 'prep_input', 'output_dir': 'input', 'prefix': 'IN'} [Run3ModelGen.modelgen]
2024-08-07 18:23:10 [info     ] 		{'name': 'SPheno', 'input_dir': 'input', 'output_dir': 'SPheno', 'log_dir': 'SPheno_log', 'prefix': 'SP'} [Run3ModelGen.modelgen]
2024-08-07 18:23:10 [info     ] 		{'name': 'softsusy', 'input_dir': 'input', 'output_dir': 'softsusy', 'prefix': 'SS'} [Run3ModelGen.modelgen]
2024-08-07 18:23:10 [info     ] 		{'name': 'micromegas', 'input_dir': 'SPheno', 'output_dir': 'micromegas', 'prefix': 'MO'} [Run3ModelGen.modelgen]
2024-08-07 18:23:10 [info     ] 		{'name': 'superiso', 'input_dir': 'SPheno', 'output_dir': 'superiso', 'prefix': 'SI'} [Run3ModelGen.modelgen]
2024-08-07 18:23:10 [info     ] 		{'name': 'gm2calc', 'input_dir': 'SPheno', 'output_dir': 'gm2calc', 'prefix': 'GM2'} [Run3ModelGen.modelgen]
2024-08-07 18:23:10 [info     ] 		{'name': 'evade', 'input_dir': 'SPheno', 'output_dir': 'evade', 'prefix': 'EV'} [Run3ModelGen.modelgen]
2024-08-07 18:23:10 [info     ] Starting Model Generation...   [Run3ModelGen.modelgen]
2024-08-07 18:23:10 [info     ] Setting up output directories for scan [Run3ModelGen.modelgen]
2024-08-07 18:23:10 [info     ] Generating Model: 0.slha (1/3) [Run3ModelGen.modelgen]
2024-08-07 18:23:10 [info     ] 	running step: prep_input      [Run3ModelGen.modelgen]
2024-08-07 18:23:10 [info     ] 	running step: SPheno          [Run3ModelGen.modelgen]
2024-08-07 18:23:10 [info     ] 	running step: softsusy        [Run3ModelGen.modelgen]
2024-08-07 18:23:10 [info     ] 	running step: micromegas      [Run3ModelGen.modelgen]
2024-08-07 18:23:11 [info     ] 	running step: superiso        [Run3ModelGen.modelgen]
2024-08-07 18:23:11 [info     ] 	running step: gm2calc         [Run3ModelGen.modelgen]
2024-08-07 18:23:11 [info     ] 	running step: evade           [Run3ModelGen.modelgen]
2024-08-07 18:23:11 [info     ] Generating Model: 1.slha (2/3) [Run3ModelGen.modelgen]
2024-08-07 18:23:11 [info     ] 	running step: prep_input      [Run3ModelGen.modelgen]
2024-08-07 18:23:11 [info     ] 	running step: SPheno          [Run3ModelGen.modelgen]
2024-08-07 18:23:11 [info     ] 	running step: softsusy        [Run3ModelGen.modelgen]
2024-08-07 18:23:11 [info     ] 	running step: micromegas      [Run3ModelGen.modelgen]
2024-08-07 18:23:12 [info     ] 	running step: superiso        [Run3ModelGen.modelgen]
2024-08-07 18:23:12 [info     ] 	running step: gm2calc         [Run3ModelGen.modelgen]
2024-08-07 18:23:12 [info     ] 	running step: evade           [Run3ModelGen.modelgen]
2024-08-07 18:23:12 [info     ] Generating Model: 2.slha (3/3) [Run3ModelGen.modelgen]
2024-08-07 18:23:12 [info     ] 	running step: prep_input      [Run3ModelGen.modelgen]
2024-08-07 18:23:12 [info     ] 	running step: SPheno          [Run3ModelGen.modelgen]
2024-08-07 18:23:12 [info     ] 	running step: softsusy        [Run3ModelGen.modelgen]
2024-08-07 18:23:12 [info     ] 	running step: micromegas      [Run3ModelGen.modelgen]
2024-08-07 18:23:12 [info     ] 	running step: superiso        [Run3ModelGen.modelgen]
2024-08-07 18:23:13 [info     ] 	running step: gm2calc         [Run3ModelGen.modelgen]
2024-08-07 18:23:13 [info     ] 	running step: evade           [Run3ModelGen.modelgen]
2024-08-07 18:23:13 [info     ] Finished generating models! Stats for successful generations (successful/attempted): [Run3ModelGen.modelgen]
2024-08-07 18:23:13 [info     ] 	prep_input: 3/3.              [Run3ModelGen.modelgen]
2024-08-07 18:23:13 [info     ] 	SPheno: 3/3.                  [Run3ModelGen.modelgen]
2024-08-07 18:23:13 [info     ] 	softsusy: 3/3.                [Run3ModelGen.modelgen]
2024-08-07 18:23:13 [info     ] 	micromegas: 3/3.              [Run3ModelGen.modelgen]
2024-08-07 18:23:13 [info     ] 	superiso: 3/3.                [Run3ModelGen.modelgen]
2024-08-07 18:23:13 [info     ] 	gm2calc: 3/3.                 [Run3ModelGen.modelgen]
2024-08-07 18:23:13 [info     ] 	evade: 0/3.                   [Run3ModelGen.modelgen]
2024-08-07 18:23:13 [info     ] Will make NTuple for: /u/dvoss/al_pmssmwithgp/Run3ModelGen/source/Run3ModelGen/scans/scan_10, with 3 models [Run3ModelGen.ntupling]
2024-08-07 18:23:13 [info     ] 	Filling values for model: 0   [Run3ModelGen.ntupling]
2024-08-07 18:23:13 [info     ] Saving NTuple in /u/dvoss/al_pmssmwithgp/Run3ModelGen/source/Run3ModelGen/scans/scan_10/ntuple.0.0.root ... [Run3ModelGen.ntupling]
Completed iteration 10
All iterations completed.
                                  
================================= 
Global information about the job: 
================================= 
  
Job owner: dvoss(54815)
Job name:  test
Node list: ravg1083
Job start: Wed Aug  7 18:15:17 CEST 2024
Job end:   Wed Aug  7 18:23:18 CEST 2024
Work dir:  /raven/u/dvoss/al_pmssmwithgp/model
Command:   /raven/u/dvoss/al_pmssmwithgp/model/slurm/single_job.sbatch
  
  
  
==========================================================================================
Information on jobsteps (Note: MaxRSS/AveRSS is the maximum/average over all 
tasks of the per-task memory high-water marks; cf. "man sacct"): 
==========================================================================================
  
JobID            JobName NNodes NTasks  NCPUS       MaxRSS       AveRSS    Elapsed ExitCode
------------- ---------- ------ ------ ------ ------------ ------------ ---------- --------
12280956            test      1             4                             00:08:01      0:0
12280956.0        job.sh      1      1      4     2387.10M     2387.10M   00:07:37      0:0
  
Maximum memory per node: 2.503059 GB (defined as MaxRSS*Ntasks/NNodes)
CPU utilization: 16.5 %
  
