Loading gpytorch/gpu-cuda-11.6/pytorch-1.11.0/1.8.0
  Loading requirement: cudnn/8.4.1 pytorch/gpu-cuda-11.6/1.11.0
/mpcdf/soft/SLE_15/packages/skylake/pytorch/gpu-cuda-11.6/anaconda_3_2021.11-2021.11/1.11.0/lib/python3.9/site-packages/torch/functional.py:568: UserWarning: torch.meshgrid: in an upcoming release, it will be required to pass the indexing argument. (Triggered internally at  /home/abuild/rpmbuild/BUILD/pytorch-1.11.0/aten/src/ATen/native/TensorShape.cpp:2227.)
  return _VF.meshgrid(tensors, **kwargs)  # type: ignore[attr-defined]
/mpcdf/soft/SLE_15/packages/skylake/gpytorch/gpu-cuda-11.6/pytorch-1.11.0/anaconda_3_2021.11-2021.11/1.8.0/lib/python3.9/site-packages/gpytorch/lazy/triangular_lazy_tensor.py:136: UserWarning: torch.triangular_solve is deprecated in favor of torch.linalg.solve_triangularand will be removed in a future PyTorch release.
torch.linalg.solve_triangular has its arguments reversed and does not return a copy of one of the inputs.
X = torch.triangular_solve(B, A).solution
should be replaced with
X = torch.linalg.solve_triangular(A, B). (Triggered internally at  /home/abuild/rpmbuild/BUILD/pytorch-1.11.0/aten/src/ATen/native/BatchLinearAlgebra.cpp:1666.)
  res = torch.triangular_solve(right_tensor, self.evaluate(), upper=self.upper).solution
/mpcdf/soft/SLE_15/packages/skylake/gpytorch/gpu-cuda-11.6/pytorch-1.11.0/anaconda_3_2021.11-2021.11/1.8.0/lib/python3.9/site-packages/gpytorch/utils/linear_cg.py:321: NumericalWarning: CG terminated in 1000 iterations with average residual norm 5.069463441031985e-06 which is larger than the tolerance of 1e-06 specified by gpytorch.settings.cg_tolerance. If performance is affected, consider raising the maximum number of CG iterations by running code in a gpytorch.settings.max_cg_iterations(value) context.
  warnings.warn(
/mpcdf/soft/SLE_15/packages/skylake/gpytorch/gpu-cuda-11.6/pytorch-1.11.0/anaconda_3_2021.11-2021.11/1.8.0/lib/python3.9/site-packages/gpytorch/utils/linear_cg.py:321: NumericalWarning: CG terminated in 1000 iterations with average residual norm 5.107567631057464e-06 which is larger than the tolerance of 1e-06 specified by gpytorch.settings.cg_tolerance. If performance is affected, consider raising the maximum number of CG iterations by running code in a gpytorch.settings.max_cg_iterations(value) context.
  warnings.warn(
/mpcdf/soft/SLE_15/packages/skylake/gpytorch/gpu-cuda-11.6/pytorch-1.11.0/anaconda_3_2021.11-2021.11/1.8.0/lib/python3.9/site-packages/gpytorch/utils/linear_cg.py:321: NumericalWarning: CG terminated in 1000 iterations with average residual norm 4.9848531489260495e-06 which is larger than the tolerance of 1e-06 specified by gpytorch.settings.cg_tolerance. If performance is affected, consider raising the maximum number of CG iterations by running code in a gpytorch.settings.max_cg_iterations(value) context.
  warnings.warn(
/mpcdf/soft/SLE_15/packages/skylake/gpytorch/gpu-cuda-11.6/pytorch-1.11.0/anaconda_3_2021.11-2021.11/1.8.0/lib/python3.9/site-packages/gpytorch/utils/linear_cg.py:321: NumericalWarning: CG terminated in 1000 iterations with average residual norm 5.167024482943816e-06 which is larger than the tolerance of 1e-06 specified by gpytorch.settings.cg_tolerance. If performance is affected, consider raising the maximum number of CG iterations by running code in a gpytorch.settings.max_cg_iterations(value) context.
  warnings.warn(
/mpcdf/soft/SLE_15/packages/skylake/gpytorch/gpu-cuda-11.6/pytorch-1.11.0/anaconda_3_2021.11-2021.11/1.8.0/lib/python3.9/site-packages/gpytorch/utils/linear_cg.py:321: NumericalWarning: CG terminated in 1000 iterations with average residual norm 5.142552254255861e-06 which is larger than the tolerance of 1e-06 specified by gpytorch.settings.cg_tolerance. If performance is affected, consider raising the maximum number of CG iterations by running code in a gpytorch.settings.max_cg_iterations(value) context.
  warnings.warn(
/mpcdf/soft/SLE_15/packages/skylake/gpytorch/gpu-cuda-11.6/pytorch-1.11.0/anaconda_3_2021.11-2021.11/1.8.0/lib/python3.9/site-packages/gpytorch/utils/linear_cg.py:321: NumericalWarning: CG terminated in 1000 iterations with average residual norm 5.062162017566152e-06 which is larger than the tolerance of 1e-06 specified by gpytorch.settings.cg_tolerance. If performance is affected, consider raising the maximum number of CG iterations by running code in a gpytorch.settings.max_cg_iterations(value) context.
  warnings.warn(
/mpcdf/soft/SLE_15/packages/skylake/gpytorch/gpu-cuda-11.6/pytorch-1.11.0/anaconda_3_2021.11-2021.11/1.8.0/lib/python3.9/site-packages/gpytorch/utils/linear_cg.py:321: NumericalWarning: CG terminated in 1000 iterations with average residual norm 5.235388471191982e-06 which is larger than the tolerance of 1e-06 specified by gpytorch.settings.cg_tolerance. If performance is affected, consider raising the maximum number of CG iterations by running code in a gpytorch.settings.max_cg_iterations(value) context.
  warnings.warn(
/mpcdf/soft/SLE_15/packages/skylake/gpytorch/gpu-cuda-11.6/pytorch-1.11.0/anaconda_3_2021.11-2021.11/1.8.0/lib/python3.9/site-packages/gpytorch/utils/linear_cg.py:321: NumericalWarning: CG terminated in 1000 iterations with average residual norm 5.090009835839737e-06 which is larger than the tolerance of 1e-06 specified by gpytorch.settings.cg_tolerance. If performance is affected, consider raising the maximum number of CG iterations by running code in a gpytorch.settings.max_cg_iterations(value) context.
  warnings.warn(
/mpcdf/soft/SLE_15/packages/skylake/gpytorch/gpu-cuda-11.6/pytorch-1.11.0/anaconda_3_2021.11-2021.11/1.8.0/lib/python3.9/site-packages/gpytorch/utils/linear_cg.py:321: NumericalWarning: CG terminated in 1000 iterations with average residual norm 5.280358436721144e-06 which is larger than the tolerance of 1e-06 specified by gpytorch.settings.cg_tolerance. If performance is affected, consider raising the maximum number of CG iterations by running code in a gpytorch.settings.max_cg_iterations(value) context.
  warnings.warn(
/mpcdf/soft/SLE_15/packages/skylake/gpytorch/gpu-cuda-11.6/pytorch-1.11.0/anaconda_3_2021.11-2021.11/1.8.0/lib/python3.9/site-packages/gpytorch/utils/linear_cg.py:321: NumericalWarning: CG terminated in 1000 iterations with average residual norm 5.2695831982418895e-06 which is larger than the tolerance of 1e-06 specified by gpytorch.settings.cg_tolerance. If performance is affected, consider raising the maximum number of CG iterations by running code in a gpytorch.settings.max_cg_iterations(value) context.
  warnings.warn(
/mpcdf/soft/SLE_15/packages/skylake/gpytorch/gpu-cuda-11.6/pytorch-1.11.0/anaconda_3_2021.11-2021.11/1.8.0/lib/python3.9/site-packages/gpytorch/utils/linear_cg.py:321: NumericalWarning: CG terminated in 1000 iterations with average residual norm 5.46066212336882e-06 which is larger than the tolerance of 1e-06 specified by gpytorch.settings.cg_tolerance. If performance is affected, consider raising the maximum number of CG iterations by running code in a gpytorch.settings.max_cg_iterations(value) context.
  warnings.warn(
/mpcdf/soft/SLE_15/packages/skylake/gpytorch/gpu-cuda-11.6/pytorch-1.11.0/anaconda_3_2021.11-2021.11/1.8.0/lib/python3.9/site-packages/gpytorch/utils/linear_cg.py:321: NumericalWarning: CG terminated in 1000 iterations with average residual norm 5.531645456358092e-06 which is larger than the tolerance of 1e-06 specified by gpytorch.settings.cg_tolerance. If performance is affected, consider raising the maximum number of CG iterations by running code in a gpytorch.settings.max_cg_iterations(value) context.
  warnings.warn(
/mpcdf/soft/SLE_15/packages/skylake/gpytorch/gpu-cuda-11.6/pytorch-1.11.0/anaconda_3_2021.11-2021.11/1.8.0/lib/python3.9/site-packages/gpytorch/utils/linear_cg.py:321: NumericalWarning: CG terminated in 1000 iterations with average residual norm 5.608811534330016e-06 which is larger than the tolerance of 1e-06 specified by gpytorch.settings.cg_tolerance. If performance is affected, consider raising the maximum number of CG iterations by running code in a gpytorch.settings.max_cg_iterations(value) context.
  warnings.warn(
/mpcdf/soft/SLE_15/packages/skylake/gpytorch/gpu-cuda-11.6/pytorch-1.11.0/anaconda_3_2021.11-2021.11/1.8.0/lib/python3.9/site-packages/gpytorch/utils/linear_cg.py:321: NumericalWarning: CG terminated in 1000 iterations with average residual norm 5.563324521062896e-06 which is larger than the tolerance of 1e-06 specified by gpytorch.settings.cg_tolerance. If performance is affected, consider raising the maximum number of CG iterations by running code in a gpytorch.settings.max_cg_iterations(value) context.
  warnings.warn(
/mpcdf/soft/SLE_15/packages/skylake/gpytorch/gpu-cuda-11.6/pytorch-1.11.0/anaconda_3_2021.11-2021.11/1.8.0/lib/python3.9/site-packages/gpytorch/utils/linear_cg.py:321: NumericalWarning: CG terminated in 1000 iterations with average residual norm 5.436589617602294e-06 which is larger than the tolerance of 1e-06 specified by gpytorch.settings.cg_tolerance. If performance is affected, consider raising the maximum number of CG iterations by running code in a gpytorch.settings.max_cg_iterations(value) context.
  warnings.warn(
/mpcdf/soft/SLE_15/packages/skylake/gpytorch/gpu-cuda-11.6/pytorch-1.11.0/anaconda_3_2021.11-2021.11/1.8.0/lib/python3.9/site-packages/gpytorch/utils/linear_cg.py:321: NumericalWarning: CG terminated in 1000 iterations with average residual norm 5.69539088246529e-06 which is larger than the tolerance of 1e-06 specified by gpytorch.settings.cg_tolerance. If performance is affected, consider raising the maximum number of CG iterations by running code in a gpytorch.settings.max_cg_iterations(value) context.
  warnings.warn(
/mpcdf/soft/SLE_15/packages/skylake/gpytorch/gpu-cuda-11.6/pytorch-1.11.0/anaconda_3_2021.11-2021.11/1.8.0/lib/python3.9/site-packages/gpytorch/utils/linear_cg.py:321: NumericalWarning: CG terminated in 1000 iterations with average residual norm 5.797173798782751e-06 which is larger than the tolerance of 1e-06 specified by gpytorch.settings.cg_tolerance. If performance is affected, consider raising the maximum number of CG iterations by running code in a gpytorch.settings.max_cg_iterations(value) context.
  warnings.warn(
/mpcdf/soft/SLE_15/packages/skylake/gpytorch/gpu-cuda-11.6/pytorch-1.11.0/anaconda_3_2021.11-2021.11/1.8.0/lib/python3.9/site-packages/gpytorch/utils/linear_cg.py:321: NumericalWarning: CG terminated in 1000 iterations with average residual norm 5.819964371767128e-06 which is larger than the tolerance of 1e-06 specified by gpytorch.settings.cg_tolerance. If performance is affected, consider raising the maximum number of CG iterations by running code in a gpytorch.settings.max_cg_iterations(value) context.
  warnings.warn(
/mpcdf/soft/SLE_15/packages/skylake/gpytorch/gpu-cuda-11.6/pytorch-1.11.0/anaconda_3_2021.11-2021.11/1.8.0/lib/python3.9/site-packages/gpytorch/utils/linear_cg.py:321: NumericalWarning: CG terminated in 1000 iterations with average residual norm 4.807813184015686e-06 which is larger than the tolerance of 1e-06 specified by gpytorch.settings.cg_tolerance. If performance is affected, consider raising the maximum number of CG iterations by running code in a gpytorch.settings.max_cg_iterations(value) context.
  warnings.warn(
/mpcdf/soft/SLE_15/packages/skylake/gpytorch/gpu-cuda-11.6/pytorch-1.11.0/anaconda_3_2021.11-2021.11/1.8.0/lib/python3.9/site-packages/gpytorch/utils/linear_cg.py:321: NumericalWarning: CG terminated in 1000 iterations with average residual norm 5.2573668654076755e-06 which is larger than the tolerance of 1e-06 specified by gpytorch.settings.cg_tolerance. If performance is affected, consider raising the maximum number of CG iterations by running code in a gpytorch.settings.max_cg_iterations(value) context.
  warnings.warn(
/mpcdf/soft/SLE_15/packages/skylake/gpytorch/gpu-cuda-11.6/pytorch-1.11.0/anaconda_3_2021.11-2021.11/1.8.0/lib/python3.9/site-packages/gpytorch/utils/linear_cg.py:321: NumericalWarning: CG terminated in 1000 iterations with average residual norm 4.547489425021922e-06 which is larger than the tolerance of 1e-06 specified by gpytorch.settings.cg_tolerance. If performance is affected, consider raising the maximum number of CG iterations by running code in a gpytorch.settings.max_cg_iterations(value) context.
  warnings.warn(
/mpcdf/soft/SLE_15/packages/skylake/gpytorch/gpu-cuda-11.6/pytorch-1.11.0/anaconda_3_2021.11-2021.11/1.8.0/lib/python3.9/site-packages/gpytorch/utils/linear_cg.py:321: NumericalWarning: CG terminated in 1000 iterations with average residual norm 4.499420811043819e-06 which is larger than the tolerance of 1e-06 specified by gpytorch.settings.cg_tolerance. If performance is affected, consider raising the maximum number of CG iterations by running code in a gpytorch.settings.max_cg_iterations(value) context.
  warnings.warn(
/mpcdf/soft/SLE_15/packages/skylake/gpytorch/gpu-cuda-11.6/pytorch-1.11.0/anaconda_3_2021.11-2021.11/1.8.0/lib/python3.9/site-packages/gpytorch/utils/linear_cg.py:321: NumericalWarning: CG terminated in 1000 iterations with average residual norm 4.082224222656805e-06 which is larger than the tolerance of 1e-06 specified by gpytorch.settings.cg_tolerance. If performance is affected, consider raising the maximum number of CG iterations by running code in a gpytorch.settings.max_cg_iterations(value) context.
  warnings.warn(
/mpcdf/soft/SLE_15/packages/skylake/gpytorch/gpu-cuda-11.6/pytorch-1.11.0/anaconda_3_2021.11-2021.11/1.8.0/lib/python3.9/site-packages/gpytorch/utils/linear_cg.py:321: NumericalWarning: CG terminated in 1000 iterations with average residual norm 3.776104449570994e-06 which is larger than the tolerance of 1e-06 specified by gpytorch.settings.cg_tolerance. If performance is affected, consider raising the maximum number of CG iterations by running code in a gpytorch.settings.max_cg_iterations(value) context.
  warnings.warn(
/mpcdf/soft/SLE_15/packages/skylake/gpytorch/gpu-cuda-11.6/pytorch-1.11.0/anaconda_3_2021.11-2021.11/1.8.0/lib/python3.9/site-packages/gpytorch/utils/linear_cg.py:321: NumericalWarning: CG terminated in 1000 iterations with average residual norm 3.644135631475365e-06 which is larger than the tolerance of 1e-06 specified by gpytorch.settings.cg_tolerance. If performance is affected, consider raising the maximum number of CG iterations by running code in a gpytorch.settings.max_cg_iterations(value) context.
  warnings.warn(
/mpcdf/soft/SLE_15/packages/skylake/gpytorch/gpu-cuda-11.6/pytorch-1.11.0/anaconda_3_2021.11-2021.11/1.8.0/lib/python3.9/site-packages/gpytorch/utils/linear_cg.py:321: NumericalWarning: CG terminated in 1000 iterations with average residual norm 3.382275281182956e-06 which is larger than the tolerance of 1e-06 specified by gpytorch.settings.cg_tolerance. If performance is affected, consider raising the maximum number of CG iterations by running code in a gpytorch.settings.max_cg_iterations(value) context.
  warnings.warn(
/mpcdf/soft/SLE_15/packages/skylake/gpytorch/gpu-cuda-11.6/pytorch-1.11.0/anaconda_3_2021.11-2021.11/1.8.0/lib/python3.9/site-packages/gpytorch/utils/linear_cg.py:321: NumericalWarning: CG terminated in 1000 iterations with average residual norm 3.5981900055048754e-06 which is larger than the tolerance of 1e-06 specified by gpytorch.settings.cg_tolerance. If performance is affected, consider raising the maximum number of CG iterations by running code in a gpytorch.settings.max_cg_iterations(value) context.
  warnings.warn(
/mpcdf/soft/SLE_15/packages/skylake/gpytorch/gpu-cuda-11.6/pytorch-1.11.0/anaconda_3_2021.11-2021.11/1.8.0/lib/python3.9/site-packages/gpytorch/utils/linear_cg.py:321: NumericalWarning: CG terminated in 1000 iterations with average residual norm 3.6621515846491093e-06 which is larger than the tolerance of 1e-06 specified by gpytorch.settings.cg_tolerance. If performance is affected, consider raising the maximum number of CG iterations by running code in a gpytorch.settings.max_cg_iterations(value) context.
  warnings.warn(
/mpcdf/soft/SLE_15/packages/skylake/gpytorch/gpu-cuda-11.6/pytorch-1.11.0/anaconda_3_2021.11-2021.11/1.8.0/lib/python3.9/site-packages/gpytorch/utils/linear_cg.py:321: NumericalWarning: CG terminated in 1000 iterations with average residual norm 3.7781157971039647e-06 which is larger than the tolerance of 1e-06 specified by gpytorch.settings.cg_tolerance. If performance is affected, consider raising the maximum number of CG iterations by running code in a gpytorch.settings.max_cg_iterations(value) context.
  warnings.warn(
/mpcdf/soft/SLE_15/packages/skylake/gpytorch/gpu-cuda-11.6/pytorch-1.11.0/anaconda_3_2021.11-2021.11/1.8.0/lib/python3.9/site-packages/gpytorch/utils/linear_cg.py:321: NumericalWarning: CG terminated in 1000 iterations with average residual norm 3.815978288912447e-06 which is larger than the tolerance of 1e-06 specified by gpytorch.settings.cg_tolerance. If performance is affected, consider raising the maximum number of CG iterations by running code in a gpytorch.settings.max_cg_iterations(value) context.
  warnings.warn(
/mpcdf/soft/SLE_15/packages/skylake/gpytorch/gpu-cuda-11.6/pytorch-1.11.0/anaconda_3_2021.11-2021.11/1.8.0/lib/python3.9/site-packages/gpytorch/utils/linear_cg.py:321: NumericalWarning: CG terminated in 1000 iterations with average residual norm 3.962988557759672e-06 which is larger than the tolerance of 1e-06 specified by gpytorch.settings.cg_tolerance. If performance is affected, consider raising the maximum number of CG iterations by running code in a gpytorch.settings.max_cg_iterations(value) context.
  warnings.warn(
/mpcdf/soft/SLE_15/packages/skylake/gpytorch/gpu-cuda-11.6/pytorch-1.11.0/anaconda_3_2021.11-2021.11/1.8.0/lib/python3.9/site-packages/gpytorch/utils/linear_cg.py:321: NumericalWarning: CG terminated in 1000 iterations with average residual norm 3.908243797923205e-06 which is larger than the tolerance of 1e-06 specified by gpytorch.settings.cg_tolerance. If performance is affected, consider raising the maximum number of CG iterations by running code in a gpytorch.settings.max_cg_iterations(value) context.
  warnings.warn(
/mpcdf/soft/SLE_15/packages/skylake/gpytorch/gpu-cuda-11.6/pytorch-1.11.0/anaconda_3_2021.11-2021.11/1.8.0/lib/python3.9/site-packages/gpytorch/utils/linear_cg.py:321: NumericalWarning: CG terminated in 1000 iterations with average residual norm 4.204129254503641e-06 which is larger than the tolerance of 1e-06 specified by gpytorch.settings.cg_tolerance. If performance is affected, consider raising the maximum number of CG iterations by running code in a gpytorch.settings.max_cg_iterations(value) context.
  warnings.warn(
/mpcdf/soft/SLE_15/packages/skylake/gpytorch/gpu-cuda-11.6/pytorch-1.11.0/anaconda_3_2021.11-2021.11/1.8.0/lib/python3.9/site-packages/gpytorch/utils/linear_cg.py:321: NumericalWarning: CG terminated in 1000 iterations with average residual norm 4.4233233893464785e-06 which is larger than the tolerance of 1e-06 specified by gpytorch.settings.cg_tolerance. If performance is affected, consider raising the maximum number of CG iterations by running code in a gpytorch.settings.max_cg_iterations(value) context.
  warnings.warn(
/mpcdf/soft/SLE_15/packages/skylake/gpytorch/gpu-cuda-11.6/pytorch-1.11.0/anaconda_3_2021.11-2021.11/1.8.0/lib/python3.9/site-packages/gpytorch/utils/linear_cg.py:321: NumericalWarning: CG terminated in 1000 iterations with average residual norm 4.7859489313850645e-06 which is larger than the tolerance of 1e-06 specified by gpytorch.settings.cg_tolerance. If performance is affected, consider raising the maximum number of CG iterations by running code in a gpytorch.settings.max_cg_iterations(value) context.
  warnings.warn(
/mpcdf/soft/SLE_15/packages/skylake/gpytorch/gpu-cuda-11.6/pytorch-1.11.0/anaconda_3_2021.11-2021.11/1.8.0/lib/python3.9/site-packages/gpytorch/utils/linear_cg.py:321: NumericalWarning: CG terminated in 1000 iterations with average residual norm 4.980914127372671e-06 which is larger than the tolerance of 1e-06 specified by gpytorch.settings.cg_tolerance. If performance is affected, consider raising the maximum number of CG iterations by running code in a gpytorch.settings.max_cg_iterations(value) context.
  warnings.warn(
/mpcdf/soft/SLE_15/packages/skylake/gpytorch/gpu-cuda-11.6/pytorch-1.11.0/anaconda_3_2021.11-2021.11/1.8.0/lib/python3.9/site-packages/gpytorch/utils/linear_cg.py:321: NumericalWarning: CG terminated in 1000 iterations with average residual norm 5.130325462232577e-06 which is larger than the tolerance of 1e-06 specified by gpytorch.settings.cg_tolerance. If performance is affected, consider raising the maximum number of CG iterations by running code in a gpytorch.settings.max_cg_iterations(value) context.
  warnings.warn(
/mpcdf/soft/SLE_15/packages/skylake/gpytorch/gpu-cuda-11.6/pytorch-1.11.0/anaconda_3_2021.11-2021.11/1.8.0/lib/python3.9/site-packages/gpytorch/utils/linear_cg.py:321: NumericalWarning: CG terminated in 1000 iterations with average residual norm 5.604589659924386e-06 which is larger than the tolerance of 1e-06 specified by gpytorch.settings.cg_tolerance. If performance is affected, consider raising the maximum number of CG iterations by running code in a gpytorch.settings.max_cg_iterations(value) context.
  warnings.warn(
/mpcdf/soft/SLE_15/packages/skylake/gpytorch/gpu-cuda-11.6/pytorch-1.11.0/anaconda_3_2021.11-2021.11/1.8.0/lib/python3.9/site-packages/gpytorch/utils/linear_cg.py:321: NumericalWarning: CG terminated in 1000 iterations with average residual norm 5.910763320571277e-06 which is larger than the tolerance of 1e-06 specified by gpytorch.settings.cg_tolerance. If performance is affected, consider raising the maximum number of CG iterations by running code in a gpytorch.settings.max_cg_iterations(value) context.
  warnings.warn(
/mpcdf/soft/SLE_15/packages/skylake/gpytorch/gpu-cuda-11.6/pytorch-1.11.0/anaconda_3_2021.11-2021.11/1.8.0/lib/python3.9/site-packages/gpytorch/utils/linear_cg.py:321: NumericalWarning: CG terminated in 1000 iterations with average residual norm 5.4377023843699135e-06 which is larger than the tolerance of 1e-06 specified by gpytorch.settings.cg_tolerance. If performance is affected, consider raising the maximum number of CG iterations by running code in a gpytorch.settings.max_cg_iterations(value) context.
  warnings.warn(
/mpcdf/soft/SLE_15/packages/skylake/gpytorch/gpu-cuda-11.6/pytorch-1.11.0/anaconda_3_2021.11-2021.11/1.8.0/lib/python3.9/site-packages/gpytorch/utils/linear_cg.py:321: NumericalWarning: CG terminated in 1000 iterations with average residual norm 4.155527221882949e-06 which is larger than the tolerance of 1e-06 specified by gpytorch.settings.cg_tolerance. If performance is affected, consider raising the maximum number of CG iterations by running code in a gpytorch.settings.max_cg_iterations(value) context.
  warnings.warn(
/mpcdf/soft/SLE_15/packages/skylake/gpytorch/gpu-cuda-11.6/pytorch-1.11.0/anaconda_3_2021.11-2021.11/1.8.0/lib/python3.9/site-packages/gpytorch/utils/linear_cg.py:321: NumericalWarning: CG terminated in 1000 iterations with average residual norm 3.6181334053253522e-06 which is larger than the tolerance of 1e-06 specified by gpytorch.settings.cg_tolerance. If performance is affected, consider raising the maximum number of CG iterations by running code in a gpytorch.settings.max_cg_iterations(value) context.
  warnings.warn(
/mpcdf/soft/SLE_15/packages/skylake/gpytorch/gpu-cuda-11.6/pytorch-1.11.0/anaconda_3_2021.11-2021.11/1.8.0/lib/python3.9/site-packages/gpytorch/utils/linear_cg.py:321: NumericalWarning: CG terminated in 1000 iterations with average residual norm 3.6952055779693183e-06 which is larger than the tolerance of 1e-06 specified by gpytorch.settings.cg_tolerance. If performance is affected, consider raising the maximum number of CG iterations by running code in a gpytorch.settings.max_cg_iterations(value) context.
  warnings.warn(
/mpcdf/soft/SLE_15/packages/skylake/gpytorch/gpu-cuda-11.6/pytorch-1.11.0/anaconda_3_2021.11-2021.11/1.8.0/lib/python3.9/site-packages/gpytorch/utils/linear_cg.py:321: NumericalWarning: CG terminated in 1000 iterations with average residual norm 3.880589247273747e-06 which is larger than the tolerance of 1e-06 specified by gpytorch.settings.cg_tolerance. If performance is affected, consider raising the maximum number of CG iterations by running code in a gpytorch.settings.max_cg_iterations(value) context.
  warnings.warn(
/mpcdf/soft/SLE_15/packages/skylake/gpytorch/gpu-cuda-11.6/pytorch-1.11.0/anaconda_3_2021.11-2021.11/1.8.0/lib/python3.9/site-packages/gpytorch/utils/linear_cg.py:321: NumericalWarning: CG terminated in 1000 iterations with average residual norm 4.25359121436486e-06 which is larger than the tolerance of 1e-06 specified by gpytorch.settings.cg_tolerance. If performance is affected, consider raising the maximum number of CG iterations by running code in a gpytorch.settings.max_cg_iterations(value) context.
  warnings.warn(
/mpcdf/soft/SLE_15/packages/skylake/gpytorch/gpu-cuda-11.6/pytorch-1.11.0/anaconda_3_2021.11-2021.11/1.8.0/lib/python3.9/site-packages/gpytorch/utils/linear_cg.py:321: NumericalWarning: CG terminated in 1000 iterations with average residual norm 4.472605724004097e-06 which is larger than the tolerance of 1e-06 specified by gpytorch.settings.cg_tolerance. If performance is affected, consider raising the maximum number of CG iterations by running code in a gpytorch.settings.max_cg_iterations(value) context.
  warnings.warn(
/mpcdf/soft/SLE_15/packages/skylake/gpytorch/gpu-cuda-11.6/pytorch-1.11.0/anaconda_3_2021.11-2021.11/1.8.0/lib/python3.9/site-packages/gpytorch/utils/linear_cg.py:321: NumericalWarning: CG terminated in 1000 iterations with average residual norm 4.767852260556538e-06 which is larger than the tolerance of 1e-06 specified by gpytorch.settings.cg_tolerance. If performance is affected, consider raising the maximum number of CG iterations by running code in a gpytorch.settings.max_cg_iterations(value) context.
  warnings.warn(
/mpcdf/soft/SLE_15/packages/skylake/gpytorch/gpu-cuda-11.6/pytorch-1.11.0/anaconda_3_2021.11-2021.11/1.8.0/lib/python3.9/site-packages/gpytorch/utils/linear_cg.py:321: NumericalWarning: CG terminated in 1000 iterations with average residual norm 5.333511126082158e-06 which is larger than the tolerance of 1e-06 specified by gpytorch.settings.cg_tolerance. If performance is affected, consider raising the maximum number of CG iterations by running code in a gpytorch.settings.max_cg_iterations(value) context.
  warnings.warn(
/mpcdf/soft/SLE_15/packages/skylake/gpytorch/gpu-cuda-11.6/pytorch-1.11.0/anaconda_3_2021.11-2021.11/1.8.0/lib/python3.9/site-packages/gpytorch/utils/linear_cg.py:321: NumericalWarning: CG terminated in 1000 iterations with average residual norm 5.785563644167269e-06 which is larger than the tolerance of 1e-06 specified by gpytorch.settings.cg_tolerance. If performance is affected, consider raising the maximum number of CG iterations by running code in a gpytorch.settings.max_cg_iterations(value) context.
  warnings.warn(
/mpcdf/soft/SLE_15/packages/skylake/gpytorch/gpu-cuda-11.6/pytorch-1.11.0/anaconda_3_2021.11-2021.11/1.8.0/lib/python3.9/site-packages/gpytorch/utils/linear_cg.py:321: NumericalWarning: CG terminated in 1000 iterations with average residual norm 5.6270537243108265e-06 which is larger than the tolerance of 1e-06 specified by gpytorch.settings.cg_tolerance. If performance is affected, consider raising the maximum number of CG iterations by running code in a gpytorch.settings.max_cg_iterations(value) context.
  warnings.warn(
/mpcdf/soft/SLE_15/packages/skylake/gpytorch/gpu-cuda-11.6/pytorch-1.11.0/anaconda_3_2021.11-2021.11/1.8.0/lib/python3.9/site-packages/gpytorch/utils/linear_cg.py:321: NumericalWarning: CG terminated in 1000 iterations with average residual norm 4.417046056914842e-06 which is larger than the tolerance of 1e-06 specified by gpytorch.settings.cg_tolerance. If performance is affected, consider raising the maximum number of CG iterations by running code in a gpytorch.settings.max_cg_iterations(value) context.
  warnings.warn(
/mpcdf/soft/SLE_15/packages/skylake/gpytorch/gpu-cuda-11.6/pytorch-1.11.0/anaconda_3_2021.11-2021.11/1.8.0/lib/python3.9/site-packages/gpytorch/utils/linear_cg.py:321: NumericalWarning: CG terminated in 1000 iterations with average residual norm 3.7326569781725993e-06 which is larger than the tolerance of 1e-06 specified by gpytorch.settings.cg_tolerance. If performance is affected, consider raising the maximum number of CG iterations by running code in a gpytorch.settings.max_cg_iterations(value) context.
  warnings.warn(
/mpcdf/soft/SLE_15/packages/skylake/gpytorch/gpu-cuda-11.6/pytorch-1.11.0/anaconda_3_2021.11-2021.11/1.8.0/lib/python3.9/site-packages/gpytorch/utils/linear_cg.py:321: NumericalWarning: CG terminated in 1000 iterations with average residual norm 3.904260665876791e-06 which is larger than the tolerance of 1e-06 specified by gpytorch.settings.cg_tolerance. If performance is affected, consider raising the maximum number of CG iterations by running code in a gpytorch.settings.max_cg_iterations(value) context.
  warnings.warn(
/mpcdf/soft/SLE_15/packages/skylake/gpytorch/gpu-cuda-11.6/pytorch-1.11.0/anaconda_3_2021.11-2021.11/1.8.0/lib/python3.9/site-packages/gpytorch/utils/linear_cg.py:321: NumericalWarning: CG terminated in 1000 iterations with average residual norm 4.113584509468637e-06 which is larger than the tolerance of 1e-06 specified by gpytorch.settings.cg_tolerance. If performance is affected, consider raising the maximum number of CG iterations by running code in a gpytorch.settings.max_cg_iterations(value) context.
  warnings.warn(
/mpcdf/soft/SLE_15/packages/skylake/gpytorch/gpu-cuda-11.6/pytorch-1.11.0/anaconda_3_2021.11-2021.11/1.8.0/lib/python3.9/site-packages/gpytorch/utils/linear_cg.py:321: NumericalWarning: CG terminated in 1000 iterations with average residual norm 4.496834208111977e-06 which is larger than the tolerance of 1e-06 specified by gpytorch.settings.cg_tolerance. If performance is affected, consider raising the maximum number of CG iterations by running code in a gpytorch.settings.max_cg_iterations(value) context.
  warnings.warn(
/mpcdf/soft/SLE_15/packages/skylake/gpytorch/gpu-cuda-11.6/pytorch-1.11.0/anaconda_3_2021.11-2021.11/1.8.0/lib/python3.9/site-packages/gpytorch/utils/linear_cg.py:321: NumericalWarning: CG terminated in 1000 iterations with average residual norm 4.8502706704312e-06 which is larger than the tolerance of 1e-06 specified by gpytorch.settings.cg_tolerance. If performance is affected, consider raising the maximum number of CG iterations by running code in a gpytorch.settings.max_cg_iterations(value) context.
  warnings.warn(
/mpcdf/soft/SLE_15/packages/skylake/gpytorch/gpu-cuda-11.6/pytorch-1.11.0/anaconda_3_2021.11-2021.11/1.8.0/lib/python3.9/site-packages/gpytorch/utils/linear_cg.py:321: NumericalWarning: CG terminated in 1000 iterations with average residual norm 5.400062036642339e-06 which is larger than the tolerance of 1e-06 specified by gpytorch.settings.cg_tolerance. If performance is affected, consider raising the maximum number of CG iterations by running code in a gpytorch.settings.max_cg_iterations(value) context.
  warnings.warn(
/mpcdf/soft/SLE_15/packages/skylake/gpytorch/gpu-cuda-11.6/pytorch-1.11.0/anaconda_3_2021.11-2021.11/1.8.0/lib/python3.9/site-packages/gpytorch/utils/linear_cg.py:321: NumericalWarning: CG terminated in 1000 iterations with average residual norm 5.7275346989627e-06 which is larger than the tolerance of 1e-06 specified by gpytorch.settings.cg_tolerance. If performance is affected, consider raising the maximum number of CG iterations by running code in a gpytorch.settings.max_cg_iterations(value) context.
  warnings.warn(
/mpcdf/soft/SLE_15/packages/skylake/gpytorch/gpu-cuda-11.6/pytorch-1.11.0/anaconda_3_2021.11-2021.11/1.8.0/lib/python3.9/site-packages/gpytorch/utils/linear_cg.py:321: NumericalWarning: CG terminated in 1000 iterations with average residual norm 4.356997123977635e-06 which is larger than the tolerance of 1e-06 specified by gpytorch.settings.cg_tolerance. If performance is affected, consider raising the maximum number of CG iterations by running code in a gpytorch.settings.max_cg_iterations(value) context.
  warnings.warn(
/mpcdf/soft/SLE_15/packages/skylake/gpytorch/gpu-cuda-11.6/pytorch-1.11.0/anaconda_3_2021.11-2021.11/1.8.0/lib/python3.9/site-packages/gpytorch/utils/linear_cg.py:321: NumericalWarning: CG terminated in 1000 iterations with average residual norm 3.969001227233093e-06 which is larger than the tolerance of 1e-06 specified by gpytorch.settings.cg_tolerance. If performance is affected, consider raising the maximum number of CG iterations by running code in a gpytorch.settings.max_cg_iterations(value) context.
  warnings.warn(
/mpcdf/soft/SLE_15/packages/skylake/gpytorch/gpu-cuda-11.6/pytorch-1.11.0/anaconda_3_2021.11-2021.11/1.8.0/lib/python3.9/site-packages/gpytorch/utils/linear_cg.py:321: NumericalWarning: CG terminated in 1000 iterations with average residual norm 3.9883416320662946e-06 which is larger than the tolerance of 1e-06 specified by gpytorch.settings.cg_tolerance. If performance is affected, consider raising the maximum number of CG iterations by running code in a gpytorch.settings.max_cg_iterations(value) context.
  warnings.warn(
/mpcdf/soft/SLE_15/packages/skylake/gpytorch/gpu-cuda-11.6/pytorch-1.11.0/anaconda_3_2021.11-2021.11/1.8.0/lib/python3.9/site-packages/gpytorch/utils/linear_cg.py:321: NumericalWarning: CG terminated in 1000 iterations with average residual norm 4.23111168856849e-06 which is larger than the tolerance of 1e-06 specified by gpytorch.settings.cg_tolerance. If performance is affected, consider raising the maximum number of CG iterations by running code in a gpytorch.settings.max_cg_iterations(value) context.
  warnings.warn(
/mpcdf/soft/SLE_15/packages/skylake/gpytorch/gpu-cuda-11.6/pytorch-1.11.0/anaconda_3_2021.11-2021.11/1.8.0/lib/python3.9/site-packages/gpytorch/utils/linear_cg.py:321: NumericalWarning: CG terminated in 1000 iterations with average residual norm 4.630326657206751e-06 which is larger than the tolerance of 1e-06 specified by gpytorch.settings.cg_tolerance. If performance is affected, consider raising the maximum number of CG iterations by running code in a gpytorch.settings.max_cg_iterations(value) context.
  warnings.warn(
/mpcdf/soft/SLE_15/packages/skylake/gpytorch/gpu-cuda-11.6/pytorch-1.11.0/anaconda_3_2021.11-2021.11/1.8.0/lib/python3.9/site-packages/gpytorch/utils/linear_cg.py:321: NumericalWarning: CG terminated in 1000 iterations with average residual norm 5.161777153261937e-06 which is larger than the tolerance of 1e-06 specified by gpytorch.settings.cg_tolerance. If performance is affected, consider raising the maximum number of CG iterations by running code in a gpytorch.settings.max_cg_iterations(value) context.
  warnings.warn(
/mpcdf/soft/SLE_15/packages/skylake/gpytorch/gpu-cuda-11.6/pytorch-1.11.0/anaconda_3_2021.11-2021.11/1.8.0/lib/python3.9/site-packages/gpytorch/utils/linear_cg.py:321: NumericalWarning: CG terminated in 1000 iterations with average residual norm 5.622858225251548e-06 which is larger than the tolerance of 1e-06 specified by gpytorch.settings.cg_tolerance. If performance is affected, consider raising the maximum number of CG iterations by running code in a gpytorch.settings.max_cg_iterations(value) context.
  warnings.warn(
/mpcdf/soft/SLE_15/packages/skylake/gpytorch/gpu-cuda-11.6/pytorch-1.11.0/anaconda_3_2021.11-2021.11/1.8.0/lib/python3.9/site-packages/gpytorch/utils/linear_cg.py:321: NumericalWarning: CG terminated in 1000 iterations with average residual norm 4.477059519558679e-06 which is larger than the tolerance of 1e-06 specified by gpytorch.settings.cg_tolerance. If performance is affected, consider raising the maximum number of CG iterations by running code in a gpytorch.settings.max_cg_iterations(value) context.
  warnings.warn(
/mpcdf/soft/SLE_15/packages/skylake/gpytorch/gpu-cuda-11.6/pytorch-1.11.0/anaconda_3_2021.11-2021.11/1.8.0/lib/python3.9/site-packages/gpytorch/utils/linear_cg.py:321: NumericalWarning: CG terminated in 1000 iterations with average residual norm 3.9462379390897695e-06 which is larger than the tolerance of 1e-06 specified by gpytorch.settings.cg_tolerance. If performance is affected, consider raising the maximum number of CG iterations by running code in a gpytorch.settings.max_cg_iterations(value) context.
  warnings.warn(
/mpcdf/soft/SLE_15/packages/skylake/gpytorch/gpu-cuda-11.6/pytorch-1.11.0/anaconda_3_2021.11-2021.11/1.8.0/lib/python3.9/site-packages/gpytorch/utils/linear_cg.py:321: NumericalWarning: CG terminated in 1000 iterations with average residual norm 4.3504223867785186e-06 which is larger than the tolerance of 1e-06 specified by gpytorch.settings.cg_tolerance. If performance is affected, consider raising the maximum number of CG iterations by running code in a gpytorch.settings.max_cg_iterations(value) context.
  warnings.warn(
/mpcdf/soft/SLE_15/packages/skylake/gpytorch/gpu-cuda-11.6/pytorch-1.11.0/anaconda_3_2021.11-2021.11/1.8.0/lib/python3.9/site-packages/gpytorch/utils/linear_cg.py:321: NumericalWarning: CG terminated in 1000 iterations with average residual norm 4.336170150054386e-06 which is larger than the tolerance of 1e-06 specified by gpytorch.settings.cg_tolerance. If performance is affected, consider raising the maximum number of CG iterations by running code in a gpytorch.settings.max_cg_iterations(value) context.
  warnings.warn(
/mpcdf/soft/SLE_15/packages/skylake/gpytorch/gpu-cuda-11.6/pytorch-1.11.0/anaconda_3_2021.11-2021.11/1.8.0/lib/python3.9/site-packages/gpytorch/utils/linear_cg.py:321: NumericalWarning: CG terminated in 1000 iterations with average residual norm 4.637934125639731e-06 which is larger than the tolerance of 1e-06 specified by gpytorch.settings.cg_tolerance. If performance is affected, consider raising the maximum number of CG iterations by running code in a gpytorch.settings.max_cg_iterations(value) context.
  warnings.warn(
/mpcdf/soft/SLE_15/packages/skylake/gpytorch/gpu-cuda-11.6/pytorch-1.11.0/anaconda_3_2021.11-2021.11/1.8.0/lib/python3.9/site-packages/gpytorch/utils/linear_cg.py:321: NumericalWarning: CG terminated in 1000 iterations with average residual norm 5.193888227950083e-06 which is larger than the tolerance of 1e-06 specified by gpytorch.settings.cg_tolerance. If performance is affected, consider raising the maximum number of CG iterations by running code in a gpytorch.settings.max_cg_iterations(value) context.
  warnings.warn(
/mpcdf/soft/SLE_15/packages/skylake/gpytorch/gpu-cuda-11.6/pytorch-1.11.0/anaconda_3_2021.11-2021.11/1.8.0/lib/python3.9/site-packages/gpytorch/utils/linear_cg.py:321: NumericalWarning: CG terminated in 1000 iterations with average residual norm 5.24237975696451e-06 which is larger than the tolerance of 1e-06 specified by gpytorch.settings.cg_tolerance. If performance is affected, consider raising the maximum number of CG iterations by running code in a gpytorch.settings.max_cg_iterations(value) context.
  warnings.warn(
/mpcdf/soft/SLE_15/packages/skylake/gpytorch/gpu-cuda-11.6/pytorch-1.11.0/anaconda_3_2021.11-2021.11/1.8.0/lib/python3.9/site-packages/gpytorch/utils/linear_cg.py:321: NumericalWarning: CG terminated in 1000 iterations with average residual norm 3.7334157241275534e-06 which is larger than the tolerance of 1e-06 specified by gpytorch.settings.cg_tolerance. If performance is affected, consider raising the maximum number of CG iterations by running code in a gpytorch.settings.max_cg_iterations(value) context.
  warnings.warn(
/mpcdf/soft/SLE_15/packages/skylake/gpytorch/gpu-cuda-11.6/pytorch-1.11.0/anaconda_3_2021.11-2021.11/1.8.0/lib/python3.9/site-packages/gpytorch/utils/linear_cg.py:321: NumericalWarning: CG terminated in 1000 iterations with average residual norm 4.122030077269301e-06 which is larger than the tolerance of 1e-06 specified by gpytorch.settings.cg_tolerance. If performance is affected, consider raising the maximum number of CG iterations by running code in a gpytorch.settings.max_cg_iterations(value) context.
  warnings.warn(
/mpcdf/soft/SLE_15/packages/skylake/gpytorch/gpu-cuda-11.6/pytorch-1.11.0/anaconda_3_2021.11-2021.11/1.8.0/lib/python3.9/site-packages/gpytorch/utils/linear_cg.py:321: NumericalWarning: CG terminated in 1000 iterations with average residual norm 4.625579549610848e-06 which is larger than the tolerance of 1e-06 specified by gpytorch.settings.cg_tolerance. If performance is affected, consider raising the maximum number of CG iterations by running code in a gpytorch.settings.max_cg_iterations(value) context.
  warnings.warn(
/mpcdf/soft/SLE_15/packages/skylake/gpytorch/gpu-cuda-11.6/pytorch-1.11.0/anaconda_3_2021.11-2021.11/1.8.0/lib/python3.9/site-packages/gpytorch/utils/linear_cg.py:321: NumericalWarning: CG terminated in 1000 iterations with average residual norm 4.85201462652185e-06 which is larger than the tolerance of 1e-06 specified by gpytorch.settings.cg_tolerance. If performance is affected, consider raising the maximum number of CG iterations by running code in a gpytorch.settings.max_cg_iterations(value) context.
  warnings.warn(
/mpcdf/soft/SLE_15/packages/skylake/gpytorch/gpu-cuda-11.6/pytorch-1.11.0/anaconda_3_2021.11-2021.11/1.8.0/lib/python3.9/site-packages/gpytorch/utils/linear_cg.py:321: NumericalWarning: CG terminated in 1000 iterations with average residual norm 5.481866537593305e-06 which is larger than the tolerance of 1e-06 specified by gpytorch.settings.cg_tolerance. If performance is affected, consider raising the maximum number of CG iterations by running code in a gpytorch.settings.max_cg_iterations(value) context.
  warnings.warn(
/mpcdf/soft/SLE_15/packages/skylake/gpytorch/gpu-cuda-11.6/pytorch-1.11.0/anaconda_3_2021.11-2021.11/1.8.0/lib/python3.9/site-packages/gpytorch/utils/linear_cg.py:321: NumericalWarning: CG terminated in 1000 iterations with average residual norm 3.7007844184699934e-06 which is larger than the tolerance of 1e-06 specified by gpytorch.settings.cg_tolerance. If performance is affected, consider raising the maximum number of CG iterations by running code in a gpytorch.settings.max_cg_iterations(value) context.
  warnings.warn(
/mpcdf/soft/SLE_15/packages/skylake/gpytorch/gpu-cuda-11.6/pytorch-1.11.0/anaconda_3_2021.11-2021.11/1.8.0/lib/python3.9/site-packages/gpytorch/utils/linear_cg.py:321: NumericalWarning: CG terminated in 1000 iterations with average residual norm 4.106443157070316e-06 which is larger than the tolerance of 1e-06 specified by gpytorch.settings.cg_tolerance. If performance is affected, consider raising the maximum number of CG iterations by running code in a gpytorch.settings.max_cg_iterations(value) context.
  warnings.warn(
/mpcdf/soft/SLE_15/packages/skylake/gpytorch/gpu-cuda-11.6/pytorch-1.11.0/anaconda_3_2021.11-2021.11/1.8.0/lib/python3.9/site-packages/gpytorch/utils/linear_cg.py:321: NumericalWarning: CG terminated in 1000 iterations with average residual norm 4.598628947860561e-06 which is larger than the tolerance of 1e-06 specified by gpytorch.settings.cg_tolerance. If performance is affected, consider raising the maximum number of CG iterations by running code in a gpytorch.settings.max_cg_iterations(value) context.
  warnings.warn(
/mpcdf/soft/SLE_15/packages/skylake/gpytorch/gpu-cuda-11.6/pytorch-1.11.0/anaconda_3_2021.11-2021.11/1.8.0/lib/python3.9/site-packages/gpytorch/utils/linear_cg.py:321: NumericalWarning: CG terminated in 1000 iterations with average residual norm 5.059756858827313e-06 which is larger than the tolerance of 1e-06 specified by gpytorch.settings.cg_tolerance. If performance is affected, consider raising the maximum number of CG iterations by running code in a gpytorch.settings.max_cg_iterations(value) context.
  warnings.warn(
/mpcdf/soft/SLE_15/packages/skylake/gpytorch/gpu-cuda-11.6/pytorch-1.11.0/anaconda_3_2021.11-2021.11/1.8.0/lib/python3.9/site-packages/gpytorch/utils/linear_cg.py:321: NumericalWarning: CG terminated in 1000 iterations with average residual norm 4.954354153596796e-06 which is larger than the tolerance of 1e-06 specified by gpytorch.settings.cg_tolerance. If performance is affected, consider raising the maximum number of CG iterations by running code in a gpytorch.settings.max_cg_iterations(value) context.
  warnings.warn(
/mpcdf/soft/SLE_15/packages/skylake/gpytorch/gpu-cuda-11.6/pytorch-1.11.0/anaconda_3_2021.11-2021.11/1.8.0/lib/python3.9/site-packages/gpytorch/utils/linear_cg.py:321: NumericalWarning: CG terminated in 1000 iterations with average residual norm 4.2653055061236955e-06 which is larger than the tolerance of 1e-06 specified by gpytorch.settings.cg_tolerance. If performance is affected, consider raising the maximum number of CG iterations by running code in a gpytorch.settings.max_cg_iterations(value) context.
  warnings.warn(
/mpcdf/soft/SLE_15/packages/skylake/gpytorch/gpu-cuda-11.6/pytorch-1.11.0/anaconda_3_2021.11-2021.11/1.8.0/lib/python3.9/site-packages/gpytorch/utils/linear_cg.py:321: NumericalWarning: CG terminated in 1000 iterations with average residual norm 4.124007773498306e-06 which is larger than the tolerance of 1e-06 specified by gpytorch.settings.cg_tolerance. If performance is affected, consider raising the maximum number of CG iterations by running code in a gpytorch.settings.max_cg_iterations(value) context.
  warnings.warn(
/mpcdf/soft/SLE_15/packages/skylake/gpytorch/gpu-cuda-11.6/pytorch-1.11.0/anaconda_3_2021.11-2021.11/1.8.0/lib/python3.9/site-packages/gpytorch/utils/linear_cg.py:321: NumericalWarning: CG terminated in 1000 iterations with average residual norm 4.5825991037418135e-06 which is larger than the tolerance of 1e-06 specified by gpytorch.settings.cg_tolerance. If performance is affected, consider raising the maximum number of CG iterations by running code in a gpytorch.settings.max_cg_iterations(value) context.
  warnings.warn(
/mpcdf/soft/SLE_15/packages/skylake/gpytorch/gpu-cuda-11.6/pytorch-1.11.0/anaconda_3_2021.11-2021.11/1.8.0/lib/python3.9/site-packages/gpytorch/utils/linear_cg.py:321: NumericalWarning: CG terminated in 1000 iterations with average residual norm 5.125280495121842e-06 which is larger than the tolerance of 1e-06 specified by gpytorch.settings.cg_tolerance. If performance is affected, consider raising the maximum number of CG iterations by running code in a gpytorch.settings.max_cg_iterations(value) context.
  warnings.warn(
/mpcdf/soft/SLE_15/packages/skylake/gpytorch/gpu-cuda-11.6/pytorch-1.11.0/anaconda_3_2021.11-2021.11/1.8.0/lib/python3.9/site-packages/gpytorch/utils/linear_cg.py:321: NumericalWarning: CG terminated in 1000 iterations with average residual norm 3.872919023706345e-06 which is larger than the tolerance of 1e-06 specified by gpytorch.settings.cg_tolerance. If performance is affected, consider raising the maximum number of CG iterations by running code in a gpytorch.settings.max_cg_iterations(value) context.
  warnings.warn(
/mpcdf/soft/SLE_15/packages/skylake/gpytorch/gpu-cuda-11.6/pytorch-1.11.0/anaconda_3_2021.11-2021.11/1.8.0/lib/python3.9/site-packages/gpytorch/utils/linear_cg.py:321: NumericalWarning: CG terminated in 1000 iterations with average residual norm 3.9629881030123215e-06 which is larger than the tolerance of 1e-06 specified by gpytorch.settings.cg_tolerance. If performance is affected, consider raising the maximum number of CG iterations by running code in a gpytorch.settings.max_cg_iterations(value) context.
  warnings.warn(
/mpcdf/soft/SLE_15/packages/skylake/gpytorch/gpu-cuda-11.6/pytorch-1.11.0/anaconda_3_2021.11-2021.11/1.8.0/lib/python3.9/site-packages/gpytorch/utils/linear_cg.py:321: NumericalWarning: CG terminated in 1000 iterations with average residual norm 4.2283122638764326e-06 which is larger than the tolerance of 1e-06 specified by gpytorch.settings.cg_tolerance. If performance is affected, consider raising the maximum number of CG iterations by running code in a gpytorch.settings.max_cg_iterations(value) context.
  warnings.warn(
/mpcdf/soft/SLE_15/packages/skylake/gpytorch/gpu-cuda-11.6/pytorch-1.11.0/anaconda_3_2021.11-2021.11/1.8.0/lib/python3.9/site-packages/gpytorch/utils/linear_cg.py:321: NumericalWarning: CG terminated in 1000 iterations with average residual norm 4.6413647396548185e-06 which is larger than the tolerance of 1e-06 specified by gpytorch.settings.cg_tolerance. If performance is affected, consider raising the maximum number of CG iterations by running code in a gpytorch.settings.max_cg_iterations(value) context.
  warnings.warn(
/mpcdf/soft/SLE_15/packages/skylake/gpytorch/gpu-cuda-11.6/pytorch-1.11.0/anaconda_3_2021.11-2021.11/1.8.0/lib/python3.9/site-packages/gpytorch/utils/linear_cg.py:321: NumericalWarning: CG terminated in 1000 iterations with average residual norm 4.94059759148513e-06 which is larger than the tolerance of 1e-06 specified by gpytorch.settings.cg_tolerance. If performance is affected, consider raising the maximum number of CG iterations by running code in a gpytorch.settings.max_cg_iterations(value) context.
  warnings.warn(
/mpcdf/soft/SLE_15/packages/skylake/gpytorch/gpu-cuda-11.6/pytorch-1.11.0/anaconda_3_2021.11-2021.11/1.8.0/lib/python3.9/site-packages/gpytorch/utils/linear_cg.py:321: NumericalWarning: CG terminated in 1000 iterations with average residual norm 3.7430738757393556e-06 which is larger than the tolerance of 1e-06 specified by gpytorch.settings.cg_tolerance. If performance is affected, consider raising the maximum number of CG iterations by running code in a gpytorch.settings.max_cg_iterations(value) context.
  warnings.warn(
/mpcdf/soft/SLE_15/packages/skylake/gpytorch/gpu-cuda-11.6/pytorch-1.11.0/anaconda_3_2021.11-2021.11/1.8.0/lib/python3.9/site-packages/gpytorch/utils/linear_cg.py:321: NumericalWarning: CG terminated in 1000 iterations with average residual norm 3.911276508006267e-06 which is larger than the tolerance of 1e-06 specified by gpytorch.settings.cg_tolerance. If performance is affected, consider raising the maximum number of CG iterations by running code in a gpytorch.settings.max_cg_iterations(value) context.
  warnings.warn(
/mpcdf/soft/SLE_15/packages/skylake/gpytorch/gpu-cuda-11.6/pytorch-1.11.0/anaconda_3_2021.11-2021.11/1.8.0/lib/python3.9/site-packages/gpytorch/utils/linear_cg.py:321: NumericalWarning: CG terminated in 1000 iterations with average residual norm 4.39382210970507e-06 which is larger than the tolerance of 1e-06 specified by gpytorch.settings.cg_tolerance. If performance is affected, consider raising the maximum number of CG iterations by running code in a gpytorch.settings.max_cg_iterations(value) context.
  warnings.warn(
/mpcdf/soft/SLE_15/packages/skylake/gpytorch/gpu-cuda-11.6/pytorch-1.11.0/anaconda_3_2021.11-2021.11/1.8.0/lib/python3.9/site-packages/gpytorch/utils/linear_cg.py:321: NumericalWarning: CG terminated in 1000 iterations with average residual norm 4.820670255867299e-06 which is larger than the tolerance of 1e-06 specified by gpytorch.settings.cg_tolerance. If performance is affected, consider raising the maximum number of CG iterations by running code in a gpytorch.settings.max_cg_iterations(value) context.
  warnings.warn(
/mpcdf/soft/SLE_15/packages/skylake/gpytorch/gpu-cuda-11.6/pytorch-1.11.0/anaconda_3_2021.11-2021.11/1.8.0/lib/python3.9/site-packages/gpytorch/utils/linear_cg.py:321: NumericalWarning: CG terminated in 1000 iterations with average residual norm 4.411194368003635e-06 which is larger than the tolerance of 1e-06 specified by gpytorch.settings.cg_tolerance. If performance is affected, consider raising the maximum number of CG iterations by running code in a gpytorch.settings.max_cg_iterations(value) context.
  warnings.warn(
/mpcdf/soft/SLE_15/packages/skylake/gpytorch/gpu-cuda-11.6/pytorch-1.11.0/anaconda_3_2021.11-2021.11/1.8.0/lib/python3.9/site-packages/gpytorch/utils/linear_cg.py:321: NumericalWarning: CG terminated in 1000 iterations with average residual norm 4.366087978269206e-06 which is larger than the tolerance of 1e-06 specified by gpytorch.settings.cg_tolerance. If performance is affected, consider raising the maximum number of CG iterations by running code in a gpytorch.settings.max_cg_iterations(value) context.
  warnings.warn(
/mpcdf/soft/SLE_15/packages/skylake/gpytorch/gpu-cuda-11.6/pytorch-1.11.0/anaconda_3_2021.11-2021.11/1.8.0/lib/python3.9/site-packages/gpytorch/utils/linear_cg.py:321: NumericalWarning: CG terminated in 1000 iterations with average residual norm 4.434408310771687e-06 which is larger than the tolerance of 1e-06 specified by gpytorch.settings.cg_tolerance. If performance is affected, consider raising the maximum number of CG iterations by running code in a gpytorch.settings.max_cg_iterations(value) context.
  warnings.warn(
/mpcdf/soft/SLE_15/packages/skylake/gpytorch/gpu-cuda-11.6/pytorch-1.11.0/anaconda_3_2021.11-2021.11/1.8.0/lib/python3.9/site-packages/gpytorch/utils/linear_cg.py:321: NumericalWarning: CG terminated in 1000 iterations with average residual norm 4.42663304056623e-06 which is larger than the tolerance of 1e-06 specified by gpytorch.settings.cg_tolerance. If performance is affected, consider raising the maximum number of CG iterations by running code in a gpytorch.settings.max_cg_iterations(value) context.
  warnings.warn(
/mpcdf/soft/SLE_15/packages/skylake/gpytorch/gpu-cuda-11.6/pytorch-1.11.0/anaconda_3_2021.11-2021.11/1.8.0/lib/python3.9/site-packages/gpytorch/utils/linear_cg.py:321: NumericalWarning: CG terminated in 1000 iterations with average residual norm 4.263920345692895e-06 which is larger than the tolerance of 1e-06 specified by gpytorch.settings.cg_tolerance. If performance is affected, consider raising the maximum number of CG iterations by running code in a gpytorch.settings.max_cg_iterations(value) context.
  warnings.warn(
/mpcdf/soft/SLE_15/packages/skylake/gpytorch/gpu-cuda-11.6/pytorch-1.11.0/anaconda_3_2021.11-2021.11/1.8.0/lib/python3.9/site-packages/gpytorch/utils/linear_cg.py:321: NumericalWarning: CG terminated in 1000 iterations with average residual norm 4.393966264615301e-06 which is larger than the tolerance of 1e-06 specified by gpytorch.settings.cg_tolerance. If performance is affected, consider raising the maximum number of CG iterations by running code in a gpytorch.settings.max_cg_iterations(value) context.
  warnings.warn(
/mpcdf/soft/SLE_15/packages/skylake/gpytorch/gpu-cuda-11.6/pytorch-1.11.0/anaconda_3_2021.11-2021.11/1.8.0/lib/python3.9/site-packages/gpytorch/utils/linear_cg.py:321: NumericalWarning: CG terminated in 1000 iterations with average residual norm 4.416605406731833e-06 which is larger than the tolerance of 1e-06 specified by gpytorch.settings.cg_tolerance. If performance is affected, consider raising the maximum number of CG iterations by running code in a gpytorch.settings.max_cg_iterations(value) context.
  warnings.warn(
/mpcdf/soft/SLE_15/packages/skylake/gpytorch/gpu-cuda-11.6/pytorch-1.11.0/anaconda_3_2021.11-2021.11/1.8.0/lib/python3.9/site-packages/gpytorch/utils/linear_cg.py:321: NumericalWarning: CG terminated in 1000 iterations with average residual norm 4.16253533330746e-06 which is larger than the tolerance of 1e-06 specified by gpytorch.settings.cg_tolerance. If performance is affected, consider raising the maximum number of CG iterations by running code in a gpytorch.settings.max_cg_iterations(value) context.
  warnings.warn(
/mpcdf/soft/SLE_15/packages/skylake/gpytorch/gpu-cuda-11.6/pytorch-1.11.0/anaconda_3_2021.11-2021.11/1.8.0/lib/python3.9/site-packages/gpytorch/utils/linear_cg.py:321: NumericalWarning: CG terminated in 1000 iterations with average residual norm 4.390173671708908e-06 which is larger than the tolerance of 1e-06 specified by gpytorch.settings.cg_tolerance. If performance is affected, consider raising the maximum number of CG iterations by running code in a gpytorch.settings.max_cg_iterations(value) context.
  warnings.warn(
/mpcdf/soft/SLE_15/packages/skylake/gpytorch/gpu-cuda-11.6/pytorch-1.11.0/anaconda_3_2021.11-2021.11/1.8.0/lib/python3.9/site-packages/gpytorch/utils/linear_cg.py:321: NumericalWarning: CG terminated in 1000 iterations with average residual norm 4.326705493440386e-06 which is larger than the tolerance of 1e-06 specified by gpytorch.settings.cg_tolerance. If performance is affected, consider raising the maximum number of CG iterations by running code in a gpytorch.settings.max_cg_iterations(value) context.
  warnings.warn(
/mpcdf/soft/SLE_15/packages/skylake/gpytorch/gpu-cuda-11.6/pytorch-1.11.0/anaconda_3_2021.11-2021.11/1.8.0/lib/python3.9/site-packages/gpytorch/utils/linear_cg.py:321: NumericalWarning: CG terminated in 1000 iterations with average residual norm 4.280151188140735e-06 which is larger than the tolerance of 1e-06 specified by gpytorch.settings.cg_tolerance. If performance is affected, consider raising the maximum number of CG iterations by running code in a gpytorch.settings.max_cg_iterations(value) context.
  warnings.warn(
/mpcdf/soft/SLE_15/packages/skylake/gpytorch/gpu-cuda-11.6/pytorch-1.11.0/anaconda_3_2021.11-2021.11/1.8.0/lib/python3.9/site-packages/gpytorch/utils/linear_cg.py:321: NumericalWarning: CG terminated in 1000 iterations with average residual norm 4.203521712042857e-06 which is larger than the tolerance of 1e-06 specified by gpytorch.settings.cg_tolerance. If performance is affected, consider raising the maximum number of CG iterations by running code in a gpytorch.settings.max_cg_iterations(value) context.
  warnings.warn(
/mpcdf/soft/SLE_15/packages/skylake/gpytorch/gpu-cuda-11.6/pytorch-1.11.0/anaconda_3_2021.11-2021.11/1.8.0/lib/python3.9/site-packages/gpytorch/utils/linear_cg.py:321: NumericalWarning: CG terminated in 1000 iterations with average residual norm 4.303974947106326e-06 which is larger than the tolerance of 1e-06 specified by gpytorch.settings.cg_tolerance. If performance is affected, consider raising the maximum number of CG iterations by running code in a gpytorch.settings.max_cg_iterations(value) context.
  warnings.warn(
/mpcdf/soft/SLE_15/packages/skylake/gpytorch/gpu-cuda-11.6/pytorch-1.11.0/anaconda_3_2021.11-2021.11/1.8.0/lib/python3.9/site-packages/gpytorch/utils/linear_cg.py:321: NumericalWarning: CG terminated in 1000 iterations with average residual norm 4.0656163946550805e-06 which is larger than the tolerance of 1e-06 specified by gpytorch.settings.cg_tolerance. If performance is affected, consider raising the maximum number of CG iterations by running code in a gpytorch.settings.max_cg_iterations(value) context.
  warnings.warn(
/mpcdf/soft/SLE_15/packages/skylake/gpytorch/gpu-cuda-11.6/pytorch-1.11.0/anaconda_3_2021.11-2021.11/1.8.0/lib/python3.9/site-packages/gpytorch/utils/linear_cg.py:321: NumericalWarning: CG terminated in 1000 iterations with average residual norm 4.1651687752164435e-06 which is larger than the tolerance of 1e-06 specified by gpytorch.settings.cg_tolerance. If performance is affected, consider raising the maximum number of CG iterations by running code in a gpytorch.settings.max_cg_iterations(value) context.
  warnings.warn(
/mpcdf/soft/SLE_15/packages/skylake/gpytorch/gpu-cuda-11.6/pytorch-1.11.0/anaconda_3_2021.11-2021.11/1.8.0/lib/python3.9/site-packages/gpytorch/utils/linear_cg.py:321: NumericalWarning: CG terminated in 1000 iterations with average residual norm 4.048524715472013e-06 which is larger than the tolerance of 1e-06 specified by gpytorch.settings.cg_tolerance. If performance is affected, consider raising the maximum number of CG iterations by running code in a gpytorch.settings.max_cg_iterations(value) context.
  warnings.warn(
/mpcdf/soft/SLE_15/packages/skylake/gpytorch/gpu-cuda-11.6/pytorch-1.11.0/anaconda_3_2021.11-2021.11/1.8.0/lib/python3.9/site-packages/gpytorch/utils/linear_cg.py:321: NumericalWarning: CG terminated in 1000 iterations with average residual norm 4.046617959829746e-06 which is larger than the tolerance of 1e-06 specified by gpytorch.settings.cg_tolerance. If performance is affected, consider raising the maximum number of CG iterations by running code in a gpytorch.settings.max_cg_iterations(value) context.
  warnings.warn(
/mpcdf/soft/SLE_15/packages/skylake/gpytorch/gpu-cuda-11.6/pytorch-1.11.0/anaconda_3_2021.11-2021.11/1.8.0/lib/python3.9/site-packages/gpytorch/utils/linear_cg.py:321: NumericalWarning: CG terminated in 1000 iterations with average residual norm 4.040783096570522e-06 which is larger than the tolerance of 1e-06 specified by gpytorch.settings.cg_tolerance. If performance is affected, consider raising the maximum number of CG iterations by running code in a gpytorch.settings.max_cg_iterations(value) context.
  warnings.warn(
/mpcdf/soft/SLE_15/packages/skylake/gpytorch/gpu-cuda-11.6/pytorch-1.11.0/anaconda_3_2021.11-2021.11/1.8.0/lib/python3.9/site-packages/gpytorch/utils/linear_cg.py:321: NumericalWarning: CG terminated in 1000 iterations with average residual norm 3.981891495641321e-06 which is larger than the tolerance of 1e-06 specified by gpytorch.settings.cg_tolerance. If performance is affected, consider raising the maximum number of CG iterations by running code in a gpytorch.settings.max_cg_iterations(value) context.
  warnings.warn(
/mpcdf/soft/SLE_15/packages/skylake/gpytorch/gpu-cuda-11.6/pytorch-1.11.0/anaconda_3_2021.11-2021.11/1.8.0/lib/python3.9/site-packages/gpytorch/utils/linear_cg.py:321: NumericalWarning: CG terminated in 1000 iterations with average residual norm 4.107961103727575e-06 which is larger than the tolerance of 1e-06 specified by gpytorch.settings.cg_tolerance. If performance is affected, consider raising the maximum number of CG iterations by running code in a gpytorch.settings.max_cg_iterations(value) context.
  warnings.warn(
/mpcdf/soft/SLE_15/packages/skylake/gpytorch/gpu-cuda-11.6/pytorch-1.11.0/anaconda_3_2021.11-2021.11/1.8.0/lib/python3.9/site-packages/gpytorch/utils/linear_cg.py:321: NumericalWarning: CG terminated in 1000 iterations with average residual norm 4.157701823714888e-06 which is larger than the tolerance of 1e-06 specified by gpytorch.settings.cg_tolerance. If performance is affected, consider raising the maximum number of CG iterations by running code in a gpytorch.settings.max_cg_iterations(value) context.
  warnings.warn(
/mpcdf/soft/SLE_15/packages/skylake/gpytorch/gpu-cuda-11.6/pytorch-1.11.0/anaconda_3_2021.11-2021.11/1.8.0/lib/python3.9/site-packages/gpytorch/utils/linear_cg.py:321: NumericalWarning: CG terminated in 1000 iterations with average residual norm 4.107958829990821e-06 which is larger than the tolerance of 1e-06 specified by gpytorch.settings.cg_tolerance. If performance is affected, consider raising the maximum number of CG iterations by running code in a gpytorch.settings.max_cg_iterations(value) context.
  warnings.warn(
/mpcdf/soft/SLE_15/packages/skylake/gpytorch/gpu-cuda-11.6/pytorch-1.11.0/anaconda_3_2021.11-2021.11/1.8.0/lib/python3.9/site-packages/gpytorch/utils/linear_cg.py:321: NumericalWarning: CG terminated in 1000 iterations with average residual norm 3.957546141464263e-06 which is larger than the tolerance of 1e-06 specified by gpytorch.settings.cg_tolerance. If performance is affected, consider raising the maximum number of CG iterations by running code in a gpytorch.settings.max_cg_iterations(value) context.
  warnings.warn(
/mpcdf/soft/SLE_15/packages/skylake/gpytorch/gpu-cuda-11.6/pytorch-1.11.0/anaconda_3_2021.11-2021.11/1.8.0/lib/python3.9/site-packages/gpytorch/utils/linear_cg.py:321: NumericalWarning: CG terminated in 1000 iterations with average residual norm 3.7866852835577447e-06 which is larger than the tolerance of 1e-06 specified by gpytorch.settings.cg_tolerance. If performance is affected, consider raising the maximum number of CG iterations by running code in a gpytorch.settings.max_cg_iterations(value) context.
  warnings.warn(
/mpcdf/soft/SLE_15/packages/skylake/gpytorch/gpu-cuda-11.6/pytorch-1.11.0/anaconda_3_2021.11-2021.11/1.8.0/lib/python3.9/site-packages/gpytorch/utils/linear_cg.py:321: NumericalWarning: CG terminated in 1000 iterations with average residual norm 3.842354090011213e-06 which is larger than the tolerance of 1e-06 specified by gpytorch.settings.cg_tolerance. If performance is affected, consider raising the maximum number of CG iterations by running code in a gpytorch.settings.max_cg_iterations(value) context.
  warnings.warn(
/mpcdf/soft/SLE_15/packages/skylake/gpytorch/gpu-cuda-11.6/pytorch-1.11.0/anaconda_3_2021.11-2021.11/1.8.0/lib/python3.9/site-packages/gpytorch/utils/linear_cg.py:321: NumericalWarning: CG terminated in 1000 iterations with average residual norm 3.811254146057763e-06 which is larger than the tolerance of 1e-06 specified by gpytorch.settings.cg_tolerance. If performance is affected, consider raising the maximum number of CG iterations by running code in a gpytorch.settings.max_cg_iterations(value) context.
  warnings.warn(
/mpcdf/soft/SLE_15/packages/skylake/gpytorch/gpu-cuda-11.6/pytorch-1.11.0/anaconda_3_2021.11-2021.11/1.8.0/lib/python3.9/site-packages/gpytorch/utils/linear_cg.py:321: NumericalWarning: CG terminated in 1000 iterations with average residual norm 3.7873278415645473e-06 which is larger than the tolerance of 1e-06 specified by gpytorch.settings.cg_tolerance. If performance is affected, consider raising the maximum number of CG iterations by running code in a gpytorch.settings.max_cg_iterations(value) context.
  warnings.warn(
srun: got SIGCONT
slurmstepd: error: *** STEP 13072467.0 ON ravg1126 CANCELLED AT 2024-10-01T17:16:47 ***
slurmstepd: error: *** JOB 13072467 ON ravg1126 CANCELLED AT 2024-10-01T17:16:47 ***
srun: forcing job termination
srun: Job step aborted: Waiting up to 32 seconds for job step to finish.
